[0.906s] Invoking command in '/home/.engr-ece/rgz834/lab_05/build/lab05_py': PYTHONPATH=/home/.engr-ece/rgz834/lab_05/build/lab05_py/prefix_override:/home/.engr-ece/rgz834/lab_05/install/lab05_py/lib/python3.10/site-packages:${PYTHONPATH} /usr/bin/python3 setup.py develop --editable --build-directory /home/.engr-ece/rgz834/lab_05/build/lab05_py/build --no-deps install_data
[1.199s] running develop
[1.206s] /usr/lib/python3/dist-packages/setuptools/command/easy_install.py:158: EasyInstallDeprecationWarning: easy_install command is deprecated. Use build and pip and other standards-based tools.
[1.206s]   warnings.warn(
[1.208s] /usr/lib/python3/dist-packages/setuptools/command/install.py:34: SetuptoolsDeprecationWarning: setup.py install is deprecated. Use build and pip and other standards-based tools.
[1.208s]   warnings.warn(
[1.471s] running egg_info
[1.472s] writing lab05_py.egg-info/PKG-INFO
[1.476s] writing dependency_links to lab05_py.egg-info/dependency_links.txt
[1.480s] writing entry points to lab05_py.egg-info/entry_points.txt
[1.484s] writing requirements to lab05_py.egg-info/requires.txt
[1.487s] writing top-level names to lab05_py.egg-info/top_level.txt
[1.505s] reading manifest file 'lab05_py.egg-info/SOURCES.txt'
[1.509s] writing manifest file 'lab05_py.egg-info/SOURCES.txt'
[1.513s] running build_ext
[1.513s] Creating /home/.engr-ece/rgz834/lab_05/install/lab05_py/lib/python3.10/site-packages/lab05-py.egg-link (link to .)
[1.521s] Installing depth_camera script to /home/.engr-ece/rgz834/lab_05/install/lab05_py/lib/lab05_py
[1.527s] Installing keyboard_control script to /home/.engr-ece/rgz834/lab_05/install/lab05_py/lib/lab05_py
[1.532s] 
[1.532s] Installed /home/.engr-ece/rgz834/lab_05/build/lab05_py
[1.532s] running install_data
[1.575s] Invoked command in '/home/.engr-ece/rgz834/lab_05/build/lab05_py' returned '0': PYTHONPATH=/home/.engr-ece/rgz834/lab_05/build/lab05_py/prefix_override:/home/.engr-ece/rgz834/lab_05/install/lab05_py/lib/python3.10/site-packages:${PYTHONPATH} /usr/bin/python3 setup.py develop --editable --build-directory /home/.engr-ece/rgz834/lab_05/build/lab05_py/build --no-deps install_data
