running develop
running egg_info
writing labs_pkg.egg-info/PKG-INFO
writing dependency_links to labs_pkg.egg-info/dependency_links.txt
writing entry points to labs_pkg.egg-info/entry_points.txt
writing requirements to labs_pkg.egg-info/requires.txt
writing top-level names to labs_pkg.egg-info/top_level.txt
reading manifest file 'labs_pkg.egg-info/SOURCES.txt'
writing manifest file 'labs_pkg.egg-info/SOURCES.txt'
running build_ext
Creating /home/teehee/ros2_ws/install/labs_pkg/lib/python3.10/site-packages/labs-pkg.egg-link (link to .)
Installing add2ints_client script to /home/teehee/ros2_ws/install/labs_pkg/lib/labs_pkg
Installing add2ints_client_no_oop script to /home/teehee/ros2_ws/install/labs_pkg/lib/labs_pkg
Installing add2ints_server script to /home/teehee/ros2_ws/install/labs_pkg/lib/labs_pkg
Installing array_adder script to /home/teehee/ros2_ws/install/labs_pkg/lib/labs_pkg
Installing control_turtle script to /home/teehee/ros2_ws/install/labs_pkg/lib/labs_pkg
Installing cumulative_adder script to /home/teehee/ros2_ws/install/labs_pkg/lib/labs_pkg
Installing integer_array_publisher script to /home/teehee/ros2_ws/install/labs_pkg/lib/labs_pkg
Installing integer_publisher script to /home/teehee/ros2_ws/install/labs_pkg/lib/labs_pkg
Installing my_listener script to /home/teehee/ros2_ws/install/labs_pkg/lib/labs_pkg
Installing my_talker script to /home/teehee/ros2_ws/install/labs_pkg/lib/labs_pkg
Installing spawn_turtles script to /home/teehee/ros2_ws/install/labs_pkg/lib/labs_pkg
Installing tb4_circles script to /home/teehee/ros2_ws/install/labs_pkg/lib/labs_pkg
Installing tb4_stop_at_wall script to /home/teehee/ros2_ws/install/labs_pkg/lib/labs_pkg
Installing turtle_monitor script to /home/teehee/ros2_ws/install/labs_pkg/lib/labs_pkg
Installing turtlesim_circles script to /home/teehee/ros2_ws/install/labs_pkg/lib/labs_pkg
Installing turtlesim_move script to /home/teehee/ros2_ws/install/labs_pkg/lib/labs_pkg
Installing turtlesim_scan script to /home/teehee/ros2_ws/install/labs_pkg/lib/labs_pkg
Installing turtlesim_stop_at_wall script to /home/teehee/ros2_ws/install/labs_pkg/lib/labs_pkg
Installing wall_dist_measurement script to /home/teehee/ros2_ws/install/labs_pkg/lib/labs_pkg
Installing wall_dist_measurement_server script to /home/teehee/ros2_ws/install/labs_pkg/lib/labs_pkg
Installing wall_dist_statistics script to /home/teehee/ros2_ws/install/labs_pkg/lib/labs_pkg
Installing wall_dist_statistics_client script to /home/teehee/ros2_ws/install/labs_pkg/lib/labs_pkg

Installed /home/teehee/ros2_ws/build/labs_pkg
running install_data
