[0.121s] Invoking command in '/home/.engr-ece/rgz834/lab_05/build/lab_05': CMAKE_PREFIX_PATH=${CMAKE_PREFIX_PATH}:/home/rgz834/engr-ece/ros2_ws/install/tf2_pkg:/home/rgz834/engr-ece/ros2_ws/install/labs_pkg:/home/rgz834/engr-ece/ros2_ws/install/labex6:/home/rgz834/engr-ece/ros2_ws/install/labex13_pkg:/home/rgz834/engr-ece/ros2_ws/install/lab_exam3_pkg:/home/rgz834/engr-ece/ros2_ws/install/lab_exam2_pkg:/home/rgz834/engr-ece/ros2_ws/install/lab_4_pkg:/opt/ros/humble /usr/bin/cmake --build /home/.engr-ece/rgz834/lab_05/build/lab_05 -- -j16 -l16
[0.194s] Invoked command in '/home/.engr-ece/rgz834/lab_05/build/lab_05' returned '0': CMAKE_PREFIX_PATH=${CMAKE_PREFIX_PATH}:/home/rgz834/engr-ece/ros2_ws/install/tf2_pkg:/home/rgz834/engr-ece/ros2_ws/install/labs_pkg:/home/rgz834/engr-ece/ros2_ws/install/labex6:/home/rgz834/engr-ece/ros2_ws/install/labex13_pkg:/home/rgz834/engr-ece/ros2_ws/install/lab_exam3_pkg:/home/rgz834/engr-ece/ros2_ws/install/lab_exam2_pkg:/home/rgz834/engr-ece/ros2_ws/install/lab_4_pkg:/opt/ros/humble /usr/bin/cmake --build /home/.engr-ece/rgz834/lab_05/build/lab_05 -- -j16 -l16
[0.226s] Invoking command in '/home/.engr-ece/rgz834/lab_05/build/lab_05': CMAKE_PREFIX_PATH=${CMAKE_PREFIX_PATH}:/home/rgz834/engr-ece/ros2_ws/install/tf2_pkg:/home/rgz834/engr-ece/ros2_ws/install/labs_pkg:/home/rgz834/engr-ece/ros2_ws/install/labex6:/home/rgz834/engr-ece/ros2_ws/install/labex13_pkg:/home/rgz834/engr-ece/ros2_ws/install/lab_exam3_pkg:/home/rgz834/engr-ece/ros2_ws/install/lab_exam2_pkg:/home/rgz834/engr-ece/ros2_ws/install/lab_4_pkg:/opt/ros/humble /usr/bin/cmake --install /home/.engr-ece/rgz834/lab_05/build/lab_05
[0.235s] -- Install configuration: ""
[0.239s] -- Execute custom install script
[0.254s] -- Up-to-date symlink: /home/.engr-ece/rgz834/lab_05/install/lab_05/share/lab_05/description/camera.xacro
[0.257s] -- Up-to-date symlink: /home/.engr-ece/rgz834/lab_05/install/lab_05/share/lab_05/description/colours.xacro
[0.259s] -- Up-to-date symlink: /home/.engr-ece/rgz834/lab_05/install/lab_05/share/lab_05/description/depth_camera.xacro
[0.262s] -- Up-to-date symlink: /home/.engr-ece/rgz834/lab_05/install/lab_05/share/lab_05/description/gazebo.xacro
[0.265s] -- Up-to-date symlink: /home/.engr-ece/rgz834/lab_05/install/lab_05/share/lab_05/description/inertial.xacro
[0.269s] -- Up-to-date symlink: /home/.engr-ece/rgz834/lab_05/install/lab_05/share/lab_05/description/lidar.xacro
[0.271s] -- Up-to-date symlink: /home/.engr-ece/rgz834/lab_05/install/lab_05/share/lab_05/description/robot.sdf
[0.274s] -- Up-to-date symlink: /home/.engr-ece/rgz834/lab_05/install/lab_05/share/lab_05/description/robot.urdf
[0.277s] -- Up-to-date symlink: /home/.engr-ece/rgz834/lab_05/install/lab_05/share/lab_05/description/robot.urdf.xacro
[0.281s] -- Up-to-date symlink: /home/.engr-ece/rgz834/lab_05/install/lab_05/share/lab_05/description/robot_core.xacro
[0.284s] -- Symlinking: /home/.engr-ece/rgz834/lab_05/install/lab_05/share/lab_05/description/scene.sdf
[0.293s] -- Symlinking: /home/.engr-ece/rgz834/lab_05/install/lab_05/share/lab_05/description/scene.urdf
[0.303s] -- Symlinking: /home/.engr-ece/rgz834/lab_05/install/lab_05/share/lab_05/description/scene.urdf.xacro
[0.313s] -- Symlinking: /home/.engr-ece/rgz834/lab_05/install/lab_05/share/lab_05/description/scene_core.xacro
[0.326s] -- Up-to-date symlink: /home/.engr-ece/rgz834/lab_05/install/lab_05/share/lab_05/launch/rsp.launch.py
[0.335s] -- Symlinking: /home/.engr-ece/rgz834/lab_05/install/lab_05/share/lab_05/worlds/bridges.yaml
[0.349s] -- Symlinking: /home/.engr-ece/rgz834/lab_05/install/lab_05/share/lab_05/worlds/cleanup.sh
[0.361s] -- Up-to-date symlink: /home/.engr-ece/rgz834/lab_05/install/lab_05/share/lab_05/worlds/ex_4_5.sdf
[0.364s] -- Symlinking: /home/.engr-ece/rgz834/lab_05/install/lab_05/share/lab_05/worlds/ex_5_1.sdf
[0.375s] -- Symlinking: /home/.engr-ece/rgz834/lab_05/install/lab_05/share/lab_05/worlds/ex_5_1.sh
[0.387s] -- Symlinking: /home/.engr-ece/rgz834/lab_05/install/lab_05/share/lab_05/worlds/ex_5_2.sdf
[0.398s] -- Symlinking: /home/.engr-ece/rgz834/lab_05/install/lab_05/share/lab_05/worlds/ex_5_2.sh
[0.407s] -- Symlinking: /home/.engr-ece/rgz834/lab_05/install/lab_05/share/lab_05/worlds/ex_5_3.sdf
[0.424s] -- Up-to-date symlink: /home/.engr-ece/rgz834/lab_05/install/lab_05/share/ament_index/resource_index/package_run_dependencies/lab_05
[0.428s] -- Up-to-date symlink: /home/.engr-ece/rgz834/lab_05/install/lab_05/share/ament_index/resource_index/parent_prefix_path/lab_05
[0.432s] -- Up-to-date symlink: /home/.engr-ece/rgz834/lab_05/install/lab_05/share/lab_05/environment/ament_prefix_path.sh
[0.435s] -- Up-to-date symlink: /home/.engr-ece/rgz834/lab_05/install/lab_05/share/lab_05/environment/ament_prefix_path.dsv
[0.438s] -- Up-to-date symlink: /home/.engr-ece/rgz834/lab_05/install/lab_05/share/lab_05/environment/path.sh
[0.441s] -- Up-to-date symlink: /home/.engr-ece/rgz834/lab_05/install/lab_05/share/lab_05/environment/path.dsv
[0.444s] -- Up-to-date symlink: /home/.engr-ece/rgz834/lab_05/install/lab_05/share/lab_05/local_setup.bash
[0.447s] -- Up-to-date symlink: /home/.engr-ece/rgz834/lab_05/install/lab_05/share/lab_05/local_setup.sh
[0.451s] -- Up-to-date symlink: /home/.engr-ece/rgz834/lab_05/install/lab_05/share/lab_05/local_setup.zsh
[0.454s] -- Up-to-date symlink: /home/.engr-ece/rgz834/lab_05/install/lab_05/share/lab_05/local_setup.dsv
[0.460s] -- Symlinking: /home/.engr-ece/rgz834/lab_05/install/lab_05/share/lab_05/package.dsv
[0.477s] -- Up-to-date symlink: /home/.engr-ece/rgz834/lab_05/install/lab_05/share/ament_index/resource_index/packages/lab_05
[0.481s] -- Up-to-date symlink: /home/.engr-ece/rgz834/lab_05/install/lab_05/share/lab_05/cmake/lab_05Config.cmake
[0.483s] -- Up-to-date symlink: /home/.engr-ece/rgz834/lab_05/install/lab_05/share/lab_05/cmake/lab_05Config-version.cmake
[0.487s] -- Up-to-date symlink: /home/.engr-ece/rgz834/lab_05/install/lab_05/share/lab_05/package.xml
[0.490s] Invoked command in '/home/.engr-ece/rgz834/lab_05/build/lab_05' returned '0': CMAKE_PREFIX_PATH=${CMAKE_PREFIX_PATH}:/home/rgz834/engr-ece/ros2_ws/install/tf2_pkg:/home/rgz834/engr-ece/ros2_ws/install/labs_pkg:/home/rgz834/engr-ece/ros2_ws/install/labex6:/home/rgz834/engr-ece/ros2_ws/install/labex13_pkg:/home/rgz834/engr-ece/ros2_ws/install/lab_exam3_pkg:/home/rgz834/engr-ece/ros2_ws/install/lab_exam2_pkg:/home/rgz834/engr-ece/ros2_ws/install/lab_4_pkg:/opt/ros/humble /usr/bin/cmake --install /home/.engr-ece/rgz834/lab_05/build/lab_05
