[1.463s] Invoking command in '/home/teehee/ros2_ws/src/labex6': CMAKE_PREFIX_PATH=/home/teehee/ros2_ws/install/lab_interfaces:/home/teehee/ros2_ws/install/labs_bringup PYTHONPATH=/home/teehee/ros2_ws/build/labex6/prefix_override:/home/teehee/ros2_ws/install/labex6/lib/python3.10/site-packages:${PYTHONPATH} /usr/bin/python3 setup.py egg_info --egg-base ../../build/labex6 build --build-base /home/teehee/ros2_ws/build/labex6/build install --record /home/teehee/ros2_ws/build/labex6/install.log --single-version-externally-managed
[1.700s] running egg_info
[1.711s] creating ../../build/labex6/labex6.egg-info
[1.711s] writing ../../build/labex6/labex6.egg-info/PKG-INFO
[1.732s] writing dependency_links to ../../build/labex6/labex6.egg-info/dependency_links.txt
[1.732s] writing entry points to ../../build/labex6/labex6.egg-info/entry_points.txt
[1.732s] writing requirements to ../../build/labex6/labex6.egg-info/requires.txt
[1.732s] writing top-level names to ../../build/labex6/labex6.egg-info/top_level.txt
[1.732s] writing manifest file '../../build/labex6/labex6.egg-info/SOURCES.txt'
[1.734s] reading manifest file '../../build/labex6/labex6.egg-info/SOURCES.txt'
[1.734s] writing manifest file '../../build/labex6/labex6.egg-info/SOURCES.txt'
[1.734s] running build
[1.734s] running build_py
[1.734s] creating /home/teehee/ros2_ws/build/labex6/build
[1.734s] creating /home/teehee/ros2_ws/build/labex6/build/lib
[1.734s] creating /home/teehee/ros2_ws/build/labex6/build/lib/labex6
[1.734s] copying labex6/__init__.py -> /home/teehee/ros2_ws/build/labex6/build/lib/labex6
[1.735s] copying labex6/tb4_drivesquare.py -> /home/teehee/ros2_ws/build/labex6/build/lib/labex6
[1.735s] running install
[1.735s] /usr/lib/python3/dist-packages/setuptools/command/install.py:34: SetuptoolsDeprecationWarning: setup.py install is deprecated. Use build and pip and other standards-based tools.
[1.735s]   warnings.warn(
[1.735s] running install_lib
[1.735s] creating /home/teehee/ros2_ws/install/labex6/lib/python3.10/site-packages/labex6
[1.735s] copying /home/teehee/ros2_ws/build/labex6/build/lib/labex6/__init__.py -> /home/teehee/ros2_ws/install/labex6/lib/python3.10/site-packages/labex6
[1.735s] copying /home/teehee/ros2_ws/build/labex6/build/lib/labex6/tb4_drivesquare.py -> /home/teehee/ros2_ws/install/labex6/lib/python3.10/site-packages/labex6
[1.735s] byte-compiling /home/teehee/ros2_ws/install/labex6/lib/python3.10/site-packages/labex6/__init__.py to __init__.cpython-310.pyc
[1.735s] byte-compiling /home/teehee/ros2_ws/install/labex6/lib/python3.10/site-packages/labex6/tb4_drivesquare.py to tb4_drivesquare.cpython-310.pyc
[1.736s] running install_data
[1.737s] creating /home/teehee/ros2_ws/install/labex6/share/ament_index
[1.737s] creating /home/teehee/ros2_ws/install/labex6/share/ament_index/resource_index
[1.737s] creating /home/teehee/ros2_ws/install/labex6/share/ament_index/resource_index/packages
[1.737s] copying resource/labex6 -> /home/teehee/ros2_ws/install/labex6/share/ament_index/resource_index/packages
[1.737s] copying package.xml -> /home/teehee/ros2_ws/install/labex6/share/labex6
[1.737s] running install_egg_info
[1.739s] Copying ../../build/labex6/labex6.egg-info to /home/teehee/ros2_ws/install/labex6/lib/python3.10/site-packages/labex6-0.0.0-py3.10.egg-info
[1.779s] running install_scripts
[1.819s] Installing tb4_drivesquare script to /home/teehee/ros2_ws/install/labex6/lib/labex6
[1.819s] writing list of installed files to '/home/teehee/ros2_ws/build/labex6/install.log'
[1.976s] Invoked command in '/home/teehee/ros2_ws/src/labex6' returned '0': CMAKE_PREFIX_PATH=/home/teehee/ros2_ws/install/lab_interfaces:/home/teehee/ros2_ws/install/labs_bringup PYTHONPATH=/home/teehee/ros2_ws/build/labex6/prefix_override:/home/teehee/ros2_ws/install/labex6/lib/python3.10/site-packages:${PYTHONPATH} /usr/bin/python3 setup.py egg_info --egg-base ../../build/labex6 build --build-base /home/teehee/ros2_ws/build/labex6/build install --record /home/teehee/ros2_ws/build/labex6/install.log --single-version-externally-managed
