[0.037s] Invoking command in '/home/teehee/ros2_ws/src/lab6/build/action_interfaces': CMAKE_PREFIX_PATH=${CMAKE_PREFIX_PATH}:/home/teehee/ros2_ws/install/tf2_pkg:/home/teehee/ros2_ws/install/pylab_exam1:/home/teehee/ros2_ws/install/pylab05:/home/teehee/ros2_ws/install/pylab04:/home/teehee/ros2_ws/install/labs_pkg:/home/teehee/ros2_ws/install/labex6:/home/teehee/ros2_ws/install/lab_exam2_pkg:/home/teehee/ros2_ws/install/example_pkg:/opt/ros/humble /usr/bin/cmake --build /home/teehee/ros2_ws/src/lab6/build/action_interfaces -- -j8 -l8
[0.103s] -- Found ament_cmake: 1.3.8 (/opt/ros/humble/share/ament_cmake/cmake)
[0.220s] -- Found ament_lint_auto: 0.12.10 (/opt/ros/humble/share/ament_lint_auto/cmake)
[0.268s] -- Found rosidl_default_generators: 1.2.0 (/opt/ros/humble/share/rosidl_default_generators/cmake)
[0.272s] -- Using all available rosidl_typesupport_c: rosidl_typesupport_fastrtps_c;rosidl_typesupport_introspection_c
[0.276s] -- Found rosidl_adapter: 3.1.5 (/opt/ros/humble/share/rosidl_adapter/cmake)
[0.314s] -- Using all available rosidl_typesupport_cpp: rosidl_typesupport_fastrtps_cpp;rosidl_typesupport_introspection_cpp
[0.608s] -- Found ament_cmake_ros: 0.10.0 (/opt/ros/humble/share/ament_cmake_ros/cmake)
[0.730s] -- Using all available rosidl_typesupport_c: rosidl_typesupport_fastrtps_c;rosidl_typesupport_introspection_c
[0.887s] -- Using all available rosidl_typesupport_cpp: rosidl_typesupport_fastrtps_cpp;rosidl_typesupport_introspection_cpp
[0.902s] -- Found python_cmake_module: 0.10.0 (/opt/ros/humble/share/python_cmake_module/cmake)
[0.918s] -- Using PYTHON_EXECUTABLE: /usr/bin/python3
[0.919s] -- Using PYTHON_INCLUDE_DIRS: /usr/include/python3.10
[0.919s] -- Using PYTHON_LIBRARIES: /usr/lib/x86_64-linux-gnu/libpython3.10.so
[0.943s] -- Added test 'lint_cmake' to check CMake code style
[0.944s] -- Added test 'xmllint' to check XML markup files
[0.961s] -- Configuring done
[1.024s] -- Generating done
[1.026s] -- Build files have been written to: /home/teehee/ros2_ws/src/lab6/build/action_interfaces
[1.044s] [  2%] [34m[1mGenerating C code for ROS interfaces[0m
[1.053s] [  4%] [34m[1mGenerating C++ code for ROS interfaces[0m
[1.070s] [  4%] Built target ament_cmake_python_copy_action_interfaces
[1.193s] running egg_info
[1.193s] writing action_interfaces.egg-info/PKG-INFO
[1.194s] writing dependency_links to action_interfaces.egg-info/dependency_links.txt
[1.195s] writing top-level names to action_interfaces.egg-info/top_level.txt
[1.197s] reading manifest file 'action_interfaces.egg-info/SOURCES.txt'
[1.198s] writing manifest file 'action_interfaces.egg-info/SOURCES.txt'
[1.215s] [  4%] Built target ament_cmake_python_build_action_interfaces_egg
[1.507s] [  4%] Built target action_interfaces__cpp
[1.515s] [  6%] [34m[1mGenerating C++ type support dispatch for ROS interfaces[0m
[1.515s] [  8%] [34m[1mGenerating C++ type support for eProsima Fast-RTPS[0m
[1.516s] [ 10%] [34m[1mGenerating C++ introspection for ROS interfaces[0m
[1.521s] [35m[1mConsolidate compiler generated dependencies of target action_interfaces__rosidl_generator_c[0m
[1.551s] [ 14%] [32mBuilding C object CMakeFiles/action_interfaces__rosidl_generator_c.dir/rosidl_generator_c/action_interfaces/action/detail/maze__functions.c.o[0m
[1.554s] [ 14%] [32mBuilding C object CMakeFiles/action_interfaces__rosidl_generator_c.dir/rosidl_generator_c/action_interfaces/action/detail/bubblesort__functions.c.o[0m
[1.554s] [ 17%] [32mBuilding C object CMakeFiles/action_interfaces__rosidl_generator_c.dir/rosidl_generator_c/action_interfaces/action/detail/fibonacci__functions.c.o[0m
[1.727s] [ 19%] [32m[1mLinking C shared library libaction_interfaces__rosidl_generator_c.so[0m
[1.769s] [ 19%] Built target action_interfaces__rosidl_generator_c
[1.773s] [35m[1mConsolidate compiler generated dependencies of target action_interfaces__rosidl_typesupport_cpp[0m
[1.776s] [ 21%] [34m[1mGenerating C type support for eProsima Fast-RTPS[0m
[1.779s] [ 23%] [34m[1mGenerating C introspection for ROS interfaces[0m
[1.779s] [ 25%] [34m[1mGenerating C type support dispatch for ROS interfaces[0m
[1.793s] [ 27%] [32mBuilding CXX object CMakeFiles/action_interfaces__rosidl_typesupport_cpp.dir/rosidl_typesupport_cpp/action_interfaces/action/fibonacci__type_support.cpp.o[0m
[1.794s] [ 29%] [32mBuilding CXX object CMakeFiles/action_interfaces__rosidl_typesupport_cpp.dir/rosidl_typesupport_cpp/action_interfaces/action/maze__type_support.cpp.o[0m
[1.797s] [ 31%] [32mBuilding CXX object CMakeFiles/action_interfaces__rosidl_typesupport_cpp.dir/rosidl_typesupport_cpp/action_interfaces/action/bubblesort__type_support.cpp.o[0m
[1.898s] [35m[1mConsolidate compiler generated dependencies of target action_interfaces__rosidl_typesupport_introspection_cpp[0m
[1.933s] [ 34%] [32mBuilding CXX object CMakeFiles/action_interfaces__rosidl_typesupport_introspection_cpp.dir/rosidl_typesupport_introspection_cpp/action_interfaces/action/detail/fibonacci__type_support.cpp.o[0m
[1.988s] [35m[1mConsolidate compiler generated dependencies of target action_interfaces__rosidl_typesupport_fastrtps_cpp[0m
[2.006s] [ 36%] [32mBuilding CXX object CMakeFiles/action_interfaces__rosidl_typesupport_fastrtps_cpp.dir/rosidl_typesupport_fastrtps_cpp/action_interfaces/action/detail/dds_fastrtps/fibonacci__type_support.cpp.o[0m
[2.091s] [35m[1mConsolidate compiler generated dependencies of target action_interfaces__rosidl_typesupport_c[0m
[2.100s] [ 38%] [32mBuilding CXX object CMakeFiles/action_interfaces__rosidl_typesupport_c.dir/rosidl_typesupport_c/action_interfaces/action/fibonacci__type_support.cpp.o[0m
[2.158s] [ 40%] [32mBuilding CXX object CMakeFiles/action_interfaces__rosidl_typesupport_c.dir/rosidl_typesupport_c/action_interfaces/action/bubblesort__type_support.cpp.o[0m
[2.194s] [ 42%] [32mBuilding CXX object CMakeFiles/action_interfaces__rosidl_typesupport_c.dir/rosidl_typesupport_c/action_interfaces/action/maze__type_support.cpp.o[0m
[2.201s] [35m[1mConsolidate compiler generated dependencies of target action_interfaces__rosidl_typesupport_introspection_c[0m
[2.211s] [ 44%] [32mBuilding C object CMakeFiles/action_interfaces__rosidl_typesupport_introspection_c.dir/rosidl_typesupport_introspection_c/action_interfaces/action/detail/fibonacci__type_support.c.o[0m
[2.230s] [ 46%] [32m[1mLinking CXX shared library libaction_interfaces__rosidl_typesupport_c.so[0m
[2.237s] [35m[1mConsolidate compiler generated dependencies of target action_interfaces__rosidl_typesupport_fastrtps_c[0m
[2.258s] [ 48%] [32mBuilding CXX object CMakeFiles/action_interfaces__rosidl_typesupport_fastrtps_c.dir/rosidl_typesupport_fastrtps_c/action_interfaces/action/detail/fibonacci__type_support_c.cpp.o[0m
[2.265s] [ 51%] [32mBuilding C object CMakeFiles/action_interfaces__rosidl_typesupport_introspection_c.dir/rosidl_typesupport_introspection_c/action_interfaces/action/detail/bubblesort__type_support.c.o[0m
[2.275s] [ 51%] Built target action_interfaces__rosidl_typesupport_c
[2.282s] [ 53%] [32mBuilding CXX object CMakeFiles/action_interfaces__rosidl_typesupport_fastrtps_c.dir/rosidl_typesupport_fastrtps_c/action_interfaces/action/detail/bubblesort__type_support_c.cpp.o[0m
[2.289s] [ 55%] [32mBuilding CXX object CMakeFiles/action_interfaces__rosidl_typesupport_fastrtps_cpp.dir/rosidl_typesupport_fastrtps_cpp/action_interfaces/action/detail/dds_fastrtps/bubblesort__type_support.cpp.o[0m
[2.296s] [ 57%] [32m[1mLinking CXX shared library libaction_interfaces__rosidl_typesupport_cpp.so[0m
[2.301s] [ 59%] [32mBuilding C object CMakeFiles/action_interfaces__rosidl_typesupport_introspection_c.dir/rosidl_typesupport_introspection_c/action_interfaces/action/detail/maze__type_support.c.o[0m
[2.309s] [ 61%] [32mBuilding CXX object CMakeFiles/action_interfaces__rosidl_typesupport_fastrtps_c.dir/rosidl_typesupport_fastrtps_c/action_interfaces/action/detail/maze__type_support_c.cpp.o[0m
[2.337s] [ 63%] [32m[1mLinking C shared library libaction_interfaces__rosidl_typesupport_introspection_c.so[0m
[2.342s] [ 63%] Built target action_interfaces__rosidl_typesupport_cpp
[2.352s] [ 65%] [32mBuilding CXX object CMakeFiles/action_interfaces__rosidl_typesupport_fastrtps_cpp.dir/rosidl_typesupport_fastrtps_cpp/action_interfaces/action/detail/dds_fastrtps/maze__type_support.cpp.o[0m
[2.363s] [ 65%] Built target action_interfaces__rosidl_typesupport_introspection_c
[2.369s] [ 68%] [32mBuilding CXX object CMakeFiles/action_interfaces__rosidl_typesupport_introspection_cpp.dir/rosidl_typesupport_introspection_cpp/action_interfaces/action/detail/bubblesort__type_support.cpp.o[0m
[2.387s] [ 70%] [32mBuilding CXX object CMakeFiles/action_interfaces__rosidl_typesupport_introspection_cpp.dir/rosidl_typesupport_introspection_cpp/action_interfaces/action/detail/maze__type_support.cpp.o[0m
[2.537s] [ 72%] [32m[1mLinking CXX shared library libaction_interfaces__rosidl_typesupport_fastrtps_c.so[0m
[2.602s] [ 72%] Built target action_interfaces__rosidl_typesupport_fastrtps_c
[2.677s] [ 74%] [32m[1mLinking CXX shared library libaction_interfaces__rosidl_typesupport_fastrtps_cpp.so[0m
[2.730s] [ 74%] Built target action_interfaces__rosidl_typesupport_fastrtps_cpp
[2.734s] [ 76%] [32m[1mLinking CXX shared library libaction_interfaces__rosidl_typesupport_introspection_cpp.so[0m
[2.788s] [ 76%] Built target action_interfaces__rosidl_typesupport_introspection_cpp
[2.803s] [ 76%] Built target action_interfaces
[2.826s] [ 78%] [34m[1mGenerating Python code for ROS interfaces[0m
[3.622s] [ 78%] Built target action_interfaces__py
[3.632s] [35m[1mConsolidate compiler generated dependencies of target action_interfaces__rosidl_generator_py[0m
[3.647s] [ 80%] [32mBuilding C object CMakeFiles/action_interfaces__rosidl_generator_py.dir/rosidl_generator_py/action_interfaces/action/_fibonacci_s.c.o[0m
[3.648s] [ 82%] [32mBuilding C object CMakeFiles/action_interfaces__rosidl_generator_py.dir/rosidl_generator_py/action_interfaces/action/_bubblesort_s.c.o[0m
[3.648s] [ 85%] [32mBuilding C object CMakeFiles/action_interfaces__rosidl_generator_py.dir/rosidl_generator_py/action_interfaces/action/_maze_s.c.o[0m
[3.791s] [ 87%] [32m[1mLinking C shared library rosidl_generator_py/action_interfaces/libaction_interfaces__rosidl_generator_py.so[0m
[3.821s] [ 87%] Built target action_interfaces__rosidl_generator_py
[3.832s] [35m[1mConsolidate compiler generated dependencies of target action_interfaces__rosidl_typesupport_fastrtps_c__pyext[0m
[3.832s] [35m[1mConsolidate compiler generated dependencies of target action_interfaces__rosidl_typesupport_introspection_c__pyext[0m
[3.832s] [35m[1mConsolidate compiler generated dependencies of target action_interfaces__rosidl_typesupport_c__pyext[0m
[3.841s] [ 91%] [32mBuilding C object CMakeFiles/action_interfaces__rosidl_typesupport_fastrtps_c__pyext.dir/rosidl_generator_py/action_interfaces/_action_interfaces_s.ep.rosidl_typesupport_fastrtps_c.c.o[0m
[3.841s] [ 91%] [32mBuilding C object CMakeFiles/action_interfaces__rosidl_typesupport_introspection_c__pyext.dir/rosidl_generator_py/action_interfaces/_action_interfaces_s.ep.rosidl_typesupport_introspection_c.c.o[0m
[3.842s] [ 93%] [32mBuilding C object CMakeFiles/action_interfaces__rosidl_typesupport_c__pyext.dir/rosidl_generator_py/action_interfaces/_action_interfaces_s.ep.rosidl_typesupport_c.c.o[0m
[3.933s] [ 95%] [32m[1mLinking C shared library rosidl_generator_py/action_interfaces/action_interfaces_s__rosidl_typesupport_fastrtps_c.cpython-310-x86_64-linux-gnu.so[0m
[3.933s] [100%] [32m[1mLinking C shared library rosidl_generator_py/action_interfaces/action_interfaces_s__rosidl_typesupport_introspection_c.cpython-310-x86_64-linux-gnu.so[0m
[3.933s] [100%] [32m[1mLinking C shared library rosidl_generator_py/action_interfaces/action_interfaces_s__rosidl_typesupport_c.cpython-310-x86_64-linux-gnu.so[0m
[3.961s] [100%] Built target action_interfaces__rosidl_typesupport_fastrtps_c__pyext
[3.961s] [100%] Built target action_interfaces__rosidl_typesupport_c__pyext
[3.961s] [100%] Built target action_interfaces__rosidl_typesupport_introspection_c__pyext
[3.969s] Invoked command in '/home/teehee/ros2_ws/src/lab6/build/action_interfaces' returned '0': CMAKE_PREFIX_PATH=${CMAKE_PREFIX_PATH}:/home/teehee/ros2_ws/install/tf2_pkg:/home/teehee/ros2_ws/install/pylab_exam1:/home/teehee/ros2_ws/install/pylab05:/home/teehee/ros2_ws/install/pylab04:/home/teehee/ros2_ws/install/labs_pkg:/home/teehee/ros2_ws/install/labex6:/home/teehee/ros2_ws/install/lab_exam2_pkg:/home/teehee/ros2_ws/install/example_pkg:/opt/ros/humble /usr/bin/cmake --build /home/teehee/ros2_ws/src/lab6/build/action_interfaces -- -j8 -l8
[4.130s] Invoking command in '/home/teehee/ros2_ws/src/lab6/build/action_interfaces': CMAKE_PREFIX_PATH=${CMAKE_PREFIX_PATH}:/home/teehee/ros2_ws/install/tf2_pkg:/home/teehee/ros2_ws/install/pylab_exam1:/home/teehee/ros2_ws/install/pylab05:/home/teehee/ros2_ws/install/pylab04:/home/teehee/ros2_ws/install/labs_pkg:/home/teehee/ros2_ws/install/labex6:/home/teehee/ros2_ws/install/lab_exam2_pkg:/home/teehee/ros2_ws/install/example_pkg:/opt/ros/humble /usr/bin/cmake --install /home/teehee/ros2_ws/src/lab6/build/action_interfaces
[4.133s] -- Install configuration: ""
[4.133s] -- Up-to-date: /home/teehee/ros2_ws/src/lab6/install/action_interfaces/share/ament_index/resource_index/rosidl_interfaces/action_interfaces
[4.134s] -- Up-to-date: /home/teehee/ros2_ws/src/lab6/install/action_interfaces/include/action_interfaces/action_interfaces
[4.134s] -- Up-to-date: /home/teehee/ros2_ws/src/lab6/install/action_interfaces/include/action_interfaces/action_interfaces/action
[4.134s] -- Up-to-date: /home/teehee/ros2_ws/src/lab6/install/action_interfaces/include/action_interfaces/action_interfaces/action/detail
[4.134s] -- Installing: /home/teehee/ros2_ws/src/lab6/install/action_interfaces/include/action_interfaces/action_interfaces/action/detail/maze__functions.c
[4.134s] -- Installing: /home/teehee/ros2_ws/src/lab6/install/action_interfaces/include/action_interfaces/action_interfaces/action/detail/fibonacci__functions.h
[4.134s] -- Installing: /home/teehee/ros2_ws/src/lab6/install/action_interfaces/include/action_interfaces/action_interfaces/action/detail/bubblesort__type_support.h
[4.134s] -- Installing: /home/teehee/ros2_ws/src/lab6/install/action_interfaces/include/action_interfaces/action_interfaces/action/detail/maze__functions.h
[4.134s] -- Installing: /home/teehee/ros2_ws/src/lab6/install/action_interfaces/include/action_interfaces/action_interfaces/action/detail/fibonacci__functions.c
[4.134s] -- Installing: /home/teehee/ros2_ws/src/lab6/install/action_interfaces/include/action_interfaces/action_interfaces/action/detail/bubblesort__functions.c
[4.134s] -- Installing: /home/teehee/ros2_ws/src/lab6/install/action_interfaces/include/action_interfaces/action_interfaces/action/detail/bubblesort__struct.h
[4.135s] -- Installing: /home/teehee/ros2_ws/src/lab6/install/action_interfaces/include/action_interfaces/action_interfaces/action/detail/maze__type_support.h
[4.135s] -- Installing: /home/teehee/ros2_ws/src/lab6/install/action_interfaces/include/action_interfaces/action_interfaces/action/detail/fibonacci__struct.h
[4.135s] -- Installing: /home/teehee/ros2_ws/src/lab6/install/action_interfaces/include/action_interfaces/action_interfaces/action/detail/maze__struct.h
[4.135s] -- Installing: /home/teehee/ros2_ws/src/lab6/install/action_interfaces/include/action_interfaces/action_interfaces/action/detail/bubblesort__functions.h
[4.135s] -- Installing: /home/teehee/ros2_ws/src/lab6/install/action_interfaces/include/action_interfaces/action_interfaces/action/detail/fibonacci__type_support.h
[4.135s] -- Installing: /home/teehee/ros2_ws/src/lab6/install/action_interfaces/include/action_interfaces/action_interfaces/action/maze.h
[4.135s] -- Installing: /home/teehee/ros2_ws/src/lab6/install/action_interfaces/include/action_interfaces/action_interfaces/action/fibonacci.h
[4.135s] -- Installing: /home/teehee/ros2_ws/src/lab6/install/action_interfaces/include/action_interfaces/action_interfaces/action/bubblesort.h
[4.135s] -- Up-to-date: /home/teehee/ros2_ws/src/lab6/install/action_interfaces/include/action_interfaces/action_interfaces/msg
[4.135s] -- Up-to-date: /home/teehee/ros2_ws/src/lab6/install/action_interfaces/include/action_interfaces/action_interfaces/msg/rosidl_generator_c__visibility_control.h
[4.135s] -- Up-to-date: /home/teehee/ros2_ws/src/lab6/install/action_interfaces/share/action_interfaces/environment/library_path.sh
[4.135s] -- Installing: /home/teehee/ros2_ws/src/lab6/install/action_interfaces/share/action_interfaces/environment/library_path.dsv
[4.135s] -- Installing: /home/teehee/ros2_ws/src/lab6/install/action_interfaces/lib/libaction_interfaces__rosidl_generator_c.so
[4.135s] -- Set runtime path of "/home/teehee/ros2_ws/src/lab6/install/action_interfaces/lib/libaction_interfaces__rosidl_generator_c.so" to ""
[4.136s] -- Up-to-date: /home/teehee/ros2_ws/src/lab6/install/action_interfaces/include/action_interfaces/action_interfaces
[4.136s] -- Up-to-date: /home/teehee/ros2_ws/src/lab6/install/action_interfaces/include/action_interfaces/action_interfaces/action
[4.136s] -- Up-to-date: /home/teehee/ros2_ws/src/lab6/install/action_interfaces/include/action_interfaces/action_interfaces/action/detail
[4.136s] -- Installing: /home/teehee/ros2_ws/src/lab6/install/action_interfaces/include/action_interfaces/action_interfaces/action/detail/maze__rosidl_typesupport_fastrtps_c.h
[4.136s] -- Installing: /home/teehee/ros2_ws/src/lab6/install/action_interfaces/include/action_interfaces/action_interfaces/action/detail/bubblesort__rosidl_typesupport_fastrtps_c.h
[4.136s] -- Installing: /home/teehee/ros2_ws/src/lab6/install/action_interfaces/include/action_interfaces/action_interfaces/action/detail/fibonacci__rosidl_typesupport_fastrtps_c.h
[4.136s] -- Up-to-date: /home/teehee/ros2_ws/src/lab6/install/action_interfaces/include/action_interfaces/action_interfaces/msg
[4.136s] -- Up-to-date: /home/teehee/ros2_ws/src/lab6/install/action_interfaces/include/action_interfaces/action_interfaces/msg/rosidl_typesupport_fastrtps_c__visibility_control.h
[4.136s] -- Installing: /home/teehee/ros2_ws/src/lab6/install/action_interfaces/lib/libaction_interfaces__rosidl_typesupport_fastrtps_c.so
[4.136s] -- Set runtime path of "/home/teehee/ros2_ws/src/lab6/install/action_interfaces/lib/libaction_interfaces__rosidl_typesupport_fastrtps_c.so" to ""
[4.136s] -- Up-to-date: /home/teehee/ros2_ws/src/lab6/install/action_interfaces/include/action_interfaces/action_interfaces
[4.137s] -- Up-to-date: /home/teehee/ros2_ws/src/lab6/install/action_interfaces/include/action_interfaces/action_interfaces/action
[4.137s] -- Up-to-date: /home/teehee/ros2_ws/src/lab6/install/action_interfaces/include/action_interfaces/action_interfaces/action/detail
[4.137s] -- Installing: /home/teehee/ros2_ws/src/lab6/install/action_interfaces/include/action_interfaces/action_interfaces/action/detail/fibonacci__rosidl_typesupport_introspection_c.h
[4.137s] -- Installing: /home/teehee/ros2_ws/src/lab6/install/action_interfaces/include/action_interfaces/action_interfaces/action/detail/maze__rosidl_typesupport_introspection_c.h
[4.137s] -- Installing: /home/teehee/ros2_ws/src/lab6/install/action_interfaces/include/action_interfaces/action_interfaces/action/detail/bubblesort__rosidl_typesupport_introspection_c.h
[4.137s] -- Installing: /home/teehee/ros2_ws/src/lab6/install/action_interfaces/include/action_interfaces/action_interfaces/action/detail/maze__type_support.c
[4.137s] -- Installing: /home/teehee/ros2_ws/src/lab6/install/action_interfaces/include/action_interfaces/action_interfaces/action/detail/bubblesort__type_support.c
[4.137s] -- Installing: /home/teehee/ros2_ws/src/lab6/install/action_interfaces/include/action_interfaces/action_interfaces/action/detail/fibonacci__type_support.c
[4.137s] -- Up-to-date: /home/teehee/ros2_ws/src/lab6/install/action_interfaces/include/action_interfaces/action_interfaces/msg
[4.137s] -- Up-to-date: /home/teehee/ros2_ws/src/lab6/install/action_interfaces/include/action_interfaces/action_interfaces/msg/rosidl_typesupport_introspection_c__visibility_control.h
[4.137s] -- Installing: /home/teehee/ros2_ws/src/lab6/install/action_interfaces/lib/libaction_interfaces__rosidl_typesupport_introspection_c.so
[4.137s] -- Set runtime path of "/home/teehee/ros2_ws/src/lab6/install/action_interfaces/lib/libaction_interfaces__rosidl_typesupport_introspection_c.so" to ""
[4.137s] -- Installing: /home/teehee/ros2_ws/src/lab6/install/action_interfaces/lib/libaction_interfaces__rosidl_typesupport_c.so
[4.138s] -- Set runtime path of "/home/teehee/ros2_ws/src/lab6/install/action_interfaces/lib/libaction_interfaces__rosidl_typesupport_c.so" to ""
[4.138s] -- Up-to-date: /home/teehee/ros2_ws/src/lab6/install/action_interfaces/include/action_interfaces/action_interfaces
[4.138s] -- Up-to-date: /home/teehee/ros2_ws/src/lab6/install/action_interfaces/include/action_interfaces/action_interfaces/action
[4.138s] -- Installing: /home/teehee/ros2_ws/src/lab6/install/action_interfaces/include/action_interfaces/action_interfaces/action/maze.hpp
[4.138s] -- Installing: /home/teehee/ros2_ws/src/lab6/install/action_interfaces/include/action_interfaces/action_interfaces/action/fibonacci.hpp
[4.138s] -- Up-to-date: /home/teehee/ros2_ws/src/lab6/install/action_interfaces/include/action_interfaces/action_interfaces/action/detail
[4.138s] -- Installing: /home/teehee/ros2_ws/src/lab6/install/action_interfaces/include/action_interfaces/action_interfaces/action/detail/maze__builder.hpp
[4.138s] -- Installing: /home/teehee/ros2_ws/src/lab6/install/action_interfaces/include/action_interfaces/action_interfaces/action/detail/fibonacci__builder.hpp
[4.138s] -- Installing: /home/teehee/ros2_ws/src/lab6/install/action_interfaces/include/action_interfaces/action_interfaces/action/detail/bubblesort__builder.hpp
[4.138s] -- Installing: /home/teehee/ros2_ws/src/lab6/install/action_interfaces/include/action_interfaces/action_interfaces/action/detail/maze__traits.hpp
[4.138s] -- Installing: /home/teehee/ros2_ws/src/lab6/install/action_interfaces/include/action_interfaces/action_interfaces/action/detail/fibonacci__traits.hpp
[4.138s] -- Installing: /home/teehee/ros2_ws/src/lab6/install/action_interfaces/include/action_interfaces/action_interfaces/action/detail/bubblesort__struct.hpp
[4.138s] -- Installing: /home/teehee/ros2_ws/src/lab6/install/action_interfaces/include/action_interfaces/action_interfaces/action/detail/maze__struct.hpp
[4.138s] -- Installing: /home/teehee/ros2_ws/src/lab6/install/action_interfaces/include/action_interfaces/action_interfaces/action/detail/bubblesort__traits.hpp
[4.139s] -- Installing: /home/teehee/ros2_ws/src/lab6/install/action_interfaces/include/action_interfaces/action_interfaces/action/detail/fibonacci__struct.hpp
[4.139s] -- Installing: /home/teehee/ros2_ws/src/lab6/install/action_interfaces/include/action_interfaces/action_interfaces/action/bubblesort.hpp
[4.139s] -- Up-to-date: /home/teehee/ros2_ws/src/lab6/install/action_interfaces/include/action_interfaces/action_interfaces
[4.139s] -- Up-to-date: /home/teehee/ros2_ws/src/lab6/install/action_interfaces/include/action_interfaces/action_interfaces/action
[4.139s] -- Up-to-date: /home/teehee/ros2_ws/src/lab6/install/action_interfaces/include/action_interfaces/action_interfaces/action/detail
[4.139s] -- Installing: /home/teehee/ros2_ws/src/lab6/install/action_interfaces/include/action_interfaces/action_interfaces/action/detail/maze__rosidl_typesupport_fastrtps_cpp.hpp
[4.139s] -- Up-to-date: /home/teehee/ros2_ws/src/lab6/install/action_interfaces/include/action_interfaces/action_interfaces/action/detail/dds_fastrtps
[4.139s] -- Installing: /home/teehee/ros2_ws/src/lab6/install/action_interfaces/include/action_interfaces/action_interfaces/action/detail/bubblesort__rosidl_typesupport_fastrtps_cpp.hpp
[4.139s] -- Installing: /home/teehee/ros2_ws/src/lab6/install/action_interfaces/include/action_interfaces/action_interfaces/action/detail/fibonacci__rosidl_typesupport_fastrtps_cpp.hpp
[4.139s] -- Up-to-date: /home/teehee/ros2_ws/src/lab6/install/action_interfaces/include/action_interfaces/action_interfaces/msg
[4.139s] -- Up-to-date: /home/teehee/ros2_ws/src/lab6/install/action_interfaces/include/action_interfaces/action_interfaces/msg/rosidl_typesupport_fastrtps_cpp__visibility_control.h
[4.140s] -- Installing: /home/teehee/ros2_ws/src/lab6/install/action_interfaces/lib/libaction_interfaces__rosidl_typesupport_fastrtps_cpp.so
[4.141s] -- Set runtime path of "/home/teehee/ros2_ws/src/lab6/install/action_interfaces/lib/libaction_interfaces__rosidl_typesupport_fastrtps_cpp.so" to ""
[4.141s] -- Up-to-date: /home/teehee/ros2_ws/src/lab6/install/action_interfaces/include/action_interfaces/action_interfaces
[4.141s] -- Up-to-date: /home/teehee/ros2_ws/src/lab6/install/action_interfaces/include/action_interfaces/action_interfaces/action
[4.141s] -- Up-to-date: /home/teehee/ros2_ws/src/lab6/install/action_interfaces/include/action_interfaces/action_interfaces/action/detail
[4.141s] -- Installing: /home/teehee/ros2_ws/src/lab6/install/action_interfaces/include/action_interfaces/action_interfaces/action/detail/fibonacci__rosidl_typesupport_introspection_cpp.hpp
[4.141s] -- Installing: /home/teehee/ros2_ws/src/lab6/install/action_interfaces/include/action_interfaces/action_interfaces/action/detail/bubblesort__type_support.cpp
[4.141s] -- Installing: /home/teehee/ros2_ws/src/lab6/install/action_interfaces/include/action_interfaces/action_interfaces/action/detail/bubblesort__rosidl_typesupport_introspection_cpp.hpp
[4.141s] -- Installing: /home/teehee/ros2_ws/src/lab6/install/action_interfaces/include/action_interfaces/action_interfaces/action/detail/maze__type_support.cpp
[4.141s] -- Installing: /home/teehee/ros2_ws/src/lab6/install/action_interfaces/include/action_interfaces/action_interfaces/action/detail/fibonacci__type_support.cpp
[4.142s] -- Installing: /home/teehee/ros2_ws/src/lab6/install/action_interfaces/include/action_interfaces/action_interfaces/action/detail/maze__rosidl_typesupport_introspection_cpp.hpp
[4.142s] -- Installing: /home/teehee/ros2_ws/src/lab6/install/action_interfaces/lib/libaction_interfaces__rosidl_typesupport_introspection_cpp.so
[4.143s] -- Set runtime path of "/home/teehee/ros2_ws/src/lab6/install/action_interfaces/lib/libaction_interfaces__rosidl_typesupport_introspection_cpp.so" to ""
[4.144s] -- Installing: /home/teehee/ros2_ws/src/lab6/install/action_interfaces/lib/libaction_interfaces__rosidl_typesupport_cpp.so
[4.144s] -- Set runtime path of "/home/teehee/ros2_ws/src/lab6/install/action_interfaces/lib/libaction_interfaces__rosidl_typesupport_cpp.so" to ""
[4.144s] -- Up-to-date: /home/teehee/ros2_ws/src/lab6/install/action_interfaces/share/action_interfaces/environment/pythonpath.sh
[4.144s] -- Installing: /home/teehee/ros2_ws/src/lab6/install/action_interfaces/share/action_interfaces/environment/pythonpath.dsv
[4.144s] -- Up-to-date: /home/teehee/ros2_ws/src/lab6/install/action_interfaces/local/lib/python3.10/dist-packages/action_interfaces-0.0.0-py3.10.egg-info
[4.144s] -- Installing: /home/teehee/ros2_ws/src/lab6/install/action_interfaces/local/lib/python3.10/dist-packages/action_interfaces-0.0.0-py3.10.egg-info/SOURCES.txt
[4.144s] -- Installing: /home/teehee/ros2_ws/src/lab6/install/action_interfaces/local/lib/python3.10/dist-packages/action_interfaces-0.0.0-py3.10.egg-info/dependency_links.txt
[4.144s] -- Installing: /home/teehee/ros2_ws/src/lab6/install/action_interfaces/local/lib/python3.10/dist-packages/action_interfaces-0.0.0-py3.10.egg-info/PKG-INFO
[4.145s] -- Installing: /home/teehee/ros2_ws/src/lab6/install/action_interfaces/local/lib/python3.10/dist-packages/action_interfaces-0.0.0-py3.10.egg-info/top_level.txt
[4.145s] -- Up-to-date: /home/teehee/ros2_ws/src/lab6/install/action_interfaces/local/lib/python3.10/dist-packages/action_interfaces
[4.145s] -- Installing: /home/teehee/ros2_ws/src/lab6/install/action_interfaces/local/lib/python3.10/dist-packages/action_interfaces/_action_interfaces_s.ep.rosidl_typesupport_c.c
[4.145s] -- Installing: /home/teehee/ros2_ws/src/lab6/install/action_interfaces/local/lib/python3.10/dist-packages/action_interfaces/_action_interfaces_s.ep.rosidl_typesupport_introspection_c.c
[4.145s] -- Installing: /home/teehee/ros2_ws/src/lab6/install/action_interfaces/local/lib/python3.10/dist-packages/action_interfaces/__init__.py
[4.145s] -- Installing: /home/teehee/ros2_ws/src/lab6/install/action_interfaces/local/lib/python3.10/dist-packages/action_interfaces/action_interfaces_s__rosidl_typesupport_fastrtps_c.cpython-310-x86_64-linux-gnu.so
[4.145s] -- Installing: /home/teehee/ros2_ws/src/lab6/install/action_interfaces/local/lib/python3.10/dist-packages/action_interfaces/_action_interfaces_s.ep.rosidl_typesupport_fastrtps_c.c
[4.145s] -- Installing: /home/teehee/ros2_ws/src/lab6/install/action_interfaces/local/lib/python3.10/dist-packages/action_interfaces/libaction_interfaces__rosidl_generator_py.so
[4.145s] -- Installing: /home/teehee/ros2_ws/src/lab6/install/action_interfaces/local/lib/python3.10/dist-packages/action_interfaces/action_interfaces_s__rosidl_typesupport_introspection_c.cpython-310-x86_64-linux-gnu.so
[4.145s] -- Installing: /home/teehee/ros2_ws/src/lab6/install/action_interfaces/local/lib/python3.10/dist-packages/action_interfaces/action_interfaces_s__rosidl_typesupport_c.cpython-310-x86_64-linux-gnu.so
[4.145s] -- Up-to-date: /home/teehee/ros2_ws/src/lab6/install/action_interfaces/local/lib/python3.10/dist-packages/action_interfaces/action
[4.145s] -- Installing: /home/teehee/ros2_ws/src/lab6/install/action_interfaces/local/lib/python3.10/dist-packages/action_interfaces/action/_maze_s.c
[4.146s] -- Installing: /home/teehee/ros2_ws/src/lab6/install/action_interfaces/local/lib/python3.10/dist-packages/action_interfaces/action/__init__.py
[4.146s] -- Installing: /home/teehee/ros2_ws/src/lab6/install/action_interfaces/local/lib/python3.10/dist-packages/action_interfaces/action/_fibonacci.py
[4.146s] -- Installing: /home/teehee/ros2_ws/src/lab6/install/action_interfaces/local/lib/python3.10/dist-packages/action_interfaces/action/_fibonacci_s.c
[4.146s] -- Installing: /home/teehee/ros2_ws/src/lab6/install/action_interfaces/local/lib/python3.10/dist-packages/action_interfaces/action/_maze.py
[4.146s] -- Installing: /home/teehee/ros2_ws/src/lab6/install/action_interfaces/local/lib/python3.10/dist-packages/action_interfaces/action/_bubblesort_s.c
[4.146s] -- Installing: /home/teehee/ros2_ws/src/lab6/install/action_interfaces/local/lib/python3.10/dist-packages/action_interfaces/action/_bubblesort.py
[4.179s] Listing '/home/teehee/ros2_ws/src/lab6/install/action_interfaces/local/lib/python3.10/dist-packages/action_interfaces'...
[4.179s] Compiling '/home/teehee/ros2_ws/src/lab6/install/action_interfaces/local/lib/python3.10/dist-packages/action_interfaces/__init__.py'...
[4.179s] Listing '/home/teehee/ros2_ws/src/lab6/install/action_interfaces/local/lib/python3.10/dist-packages/action_interfaces/action'...
[4.179s] Compiling '/home/teehee/ros2_ws/src/lab6/install/action_interfaces/local/lib/python3.10/dist-packages/action_interfaces/action/__init__.py'...
[4.179s] Compiling '/home/teehee/ros2_ws/src/lab6/install/action_interfaces/local/lib/python3.10/dist-packages/action_interfaces/action/_bubblesort.py'...
[4.179s] Compiling '/home/teehee/ros2_ws/src/lab6/install/action_interfaces/local/lib/python3.10/dist-packages/action_interfaces/action/_fibonacci.py'...
[4.179s] Compiling '/home/teehee/ros2_ws/src/lab6/install/action_interfaces/local/lib/python3.10/dist-packages/action_interfaces/action/_maze.py'...
[4.181s] -- Installing: /home/teehee/ros2_ws/src/lab6/install/action_interfaces/local/lib/python3.10/dist-packages/action_interfaces/action_interfaces_s__rosidl_typesupport_fastrtps_c.cpython-310-x86_64-linux-gnu.so
[4.182s] -- Set runtime path of "/home/teehee/ros2_ws/src/lab6/install/action_interfaces/local/lib/python3.10/dist-packages/action_interfaces/action_interfaces_s__rosidl_typesupport_fastrtps_c.cpython-310-x86_64-linux-gnu.so" to ""
[4.182s] -- Installing: /home/teehee/ros2_ws/src/lab6/install/action_interfaces/local/lib/python3.10/dist-packages/action_interfaces/action_interfaces_s__rosidl_typesupport_introspection_c.cpython-310-x86_64-linux-gnu.so
[4.182s] -- Set runtime path of "/home/teehee/ros2_ws/src/lab6/install/action_interfaces/local/lib/python3.10/dist-packages/action_interfaces/action_interfaces_s__rosidl_typesupport_introspection_c.cpython-310-x86_64-linux-gnu.so" to ""
[4.182s] -- Installing: /home/teehee/ros2_ws/src/lab6/install/action_interfaces/local/lib/python3.10/dist-packages/action_interfaces/action_interfaces_s__rosidl_typesupport_c.cpython-310-x86_64-linux-gnu.so
[4.182s] -- Set runtime path of "/home/teehee/ros2_ws/src/lab6/install/action_interfaces/local/lib/python3.10/dist-packages/action_interfaces/action_interfaces_s__rosidl_typesupport_c.cpython-310-x86_64-linux-gnu.so" to ""
[4.182s] -- Installing: /home/teehee/ros2_ws/src/lab6/install/action_interfaces/lib/libaction_interfaces__rosidl_generator_py.so
[4.182s] -- Set runtime path of "/home/teehee/ros2_ws/src/lab6/install/action_interfaces/lib/libaction_interfaces__rosidl_generator_py.so" to ""
[4.183s] -- Up-to-date: /home/teehee/ros2_ws/src/lab6/install/action_interfaces/share/action_interfaces/action/Fibonacci.idl
[4.183s] -- Up-to-date: /home/teehee/ros2_ws/src/lab6/install/action_interfaces/share/action_interfaces/action/Bubblesort.idl
[4.183s] -- Installing: /home/teehee/ros2_ws/src/lab6/install/action_interfaces/share/action_interfaces/action/Maze.idl
[4.183s] -- Up-to-date: /home/teehee/ros2_ws/src/lab6/install/action_interfaces/share/action_interfaces/action/Fibonacci.action
[4.183s] -- Up-to-date: /home/teehee/ros2_ws/src/lab6/install/action_interfaces/share/action_interfaces/action/Bubblesort.action
[4.183s] -- Installing: /home/teehee/ros2_ws/src/lab6/install/action_interfaces/share/action_interfaces/action/Maze.action
[4.183s] -- Up-to-date: /home/teehee/ros2_ws/src/lab6/install/action_interfaces/share/ament_index/resource_index/package_run_dependencies/action_interfaces
[4.183s] -- Installing: /home/teehee/ros2_ws/src/lab6/install/action_interfaces/share/ament_index/resource_index/parent_prefix_path/action_interfaces
[4.183s] -- Up-to-date: /home/teehee/ros2_ws/src/lab6/install/action_interfaces/share/action_interfaces/environment/ament_prefix_path.sh
[4.183s] -- Installing: /home/teehee/ros2_ws/src/lab6/install/action_interfaces/share/action_interfaces/environment/ament_prefix_path.dsv
[4.183s] -- Up-to-date: /home/teehee/ros2_ws/src/lab6/install/action_interfaces/share/action_interfaces/environment/path.sh
[4.183s] -- Installing: /home/teehee/ros2_ws/src/lab6/install/action_interfaces/share/action_interfaces/environment/path.dsv
[4.183s] -- Up-to-date: /home/teehee/ros2_ws/src/lab6/install/action_interfaces/share/action_interfaces/local_setup.bash
[4.184s] -- Up-to-date: /home/teehee/ros2_ws/src/lab6/install/action_interfaces/share/action_interfaces/local_setup.sh
[4.184s] -- Up-to-date: /home/teehee/ros2_ws/src/lab6/install/action_interfaces/share/action_interfaces/local_setup.zsh
[4.184s] -- Installing: /home/teehee/ros2_ws/src/lab6/install/action_interfaces/share/action_interfaces/local_setup.dsv
[4.184s] -- Installing: /home/teehee/ros2_ws/src/lab6/install/action_interfaces/share/action_interfaces/package.dsv
[4.184s] -- Up-to-date: /home/teehee/ros2_ws/src/lab6/install/action_interfaces/share/ament_index/resource_index/packages/action_interfaces
[4.184s] -- Up-to-date: /home/teehee/ros2_ws/src/lab6/install/action_interfaces/share/action_interfaces/cmake/export_action_interfaces__rosidl_generator_cExport.cmake
[4.184s] -- Up-to-date: /home/teehee/ros2_ws/src/lab6/install/action_interfaces/share/action_interfaces/cmake/export_action_interfaces__rosidl_generator_cExport-noconfig.cmake
[4.185s] -- Up-to-date: /home/teehee/ros2_ws/src/lab6/install/action_interfaces/share/action_interfaces/cmake/export_action_interfaces__rosidl_typesupport_fastrtps_cExport.cmake
[4.185s] -- Up-to-date: /home/teehee/ros2_ws/src/lab6/install/action_interfaces/share/action_interfaces/cmake/export_action_interfaces__rosidl_typesupport_fastrtps_cExport-noconfig.cmake
[4.185s] -- Up-to-date: /home/teehee/ros2_ws/src/lab6/install/action_interfaces/share/action_interfaces/cmake/action_interfaces__rosidl_typesupport_introspection_cExport.cmake
[4.185s] -- Up-to-date: /home/teehee/ros2_ws/src/lab6/install/action_interfaces/share/action_interfaces/cmake/action_interfaces__rosidl_typesupport_introspection_cExport-noconfig.cmake
[4.186s] -- Up-to-date: /home/teehee/ros2_ws/src/lab6/install/action_interfaces/share/action_interfaces/cmake/action_interfaces__rosidl_typesupport_cExport.cmake
[4.186s] -- Up-to-date: /home/teehee/ros2_ws/src/lab6/install/action_interfaces/share/action_interfaces/cmake/action_interfaces__rosidl_typesupport_cExport-noconfig.cmake
[4.186s] -- Up-to-date: /home/teehee/ros2_ws/src/lab6/install/action_interfaces/share/action_interfaces/cmake/export_action_interfaces__rosidl_generator_cppExport.cmake
[4.186s] -- Up-to-date: /home/teehee/ros2_ws/src/lab6/install/action_interfaces/share/action_interfaces/cmake/export_action_interfaces__rosidl_typesupport_fastrtps_cppExport.cmake
[4.187s] -- Up-to-date: /home/teehee/ros2_ws/src/lab6/install/action_interfaces/share/action_interfaces/cmake/export_action_interfaces__rosidl_typesupport_fastrtps_cppExport-noconfig.cmake
[4.187s] -- Up-to-date: /home/teehee/ros2_ws/src/lab6/install/action_interfaces/share/action_interfaces/cmake/action_interfaces__rosidl_typesupport_introspection_cppExport.cmake
[4.187s] -- Up-to-date: /home/teehee/ros2_ws/src/lab6/install/action_interfaces/share/action_interfaces/cmake/action_interfaces__rosidl_typesupport_introspection_cppExport-noconfig.cmake
[4.187s] -- Up-to-date: /home/teehee/ros2_ws/src/lab6/install/action_interfaces/share/action_interfaces/cmake/action_interfaces__rosidl_typesupport_cppExport.cmake
[4.187s] -- Up-to-date: /home/teehee/ros2_ws/src/lab6/install/action_interfaces/share/action_interfaces/cmake/action_interfaces__rosidl_typesupport_cppExport-noconfig.cmake
[4.188s] -- Up-to-date: /home/teehee/ros2_ws/src/lab6/install/action_interfaces/share/action_interfaces/cmake/export_action_interfaces__rosidl_generator_pyExport.cmake
[4.189s] -- Up-to-date: /home/teehee/ros2_ws/src/lab6/install/action_interfaces/share/action_interfaces/cmake/export_action_interfaces__rosidl_generator_pyExport-noconfig.cmake
[4.190s] -- Up-to-date: /home/teehee/ros2_ws/src/lab6/install/action_interfaces/share/action_interfaces/cmake/rosidl_cmake-extras.cmake
[4.190s] -- Up-to-date: /home/teehee/ros2_ws/src/lab6/install/action_interfaces/share/action_interfaces/cmake/ament_cmake_export_dependencies-extras.cmake
[4.196s] -- Up-to-date: /home/teehee/ros2_ws/src/lab6/install/action_interfaces/share/action_interfaces/cmake/ament_cmake_export_include_directories-extras.cmake
[4.197s] -- Up-to-date: /home/teehee/ros2_ws/src/lab6/install/action_interfaces/share/action_interfaces/cmake/ament_cmake_export_libraries-extras.cmake
[4.197s] -- Up-to-date: /home/teehee/ros2_ws/src/lab6/install/action_interfaces/share/action_interfaces/cmake/ament_cmake_export_targets-extras.cmake
[4.197s] -- Up-to-date: /home/teehee/ros2_ws/src/lab6/install/action_interfaces/share/action_interfaces/cmake/rosidl_cmake_export_typesupport_targets-extras.cmake
[4.197s] -- Up-to-date: /home/teehee/ros2_ws/src/lab6/install/action_interfaces/share/action_interfaces/cmake/rosidl_cmake_export_typesupport_libraries-extras.cmake
[4.197s] -- Up-to-date: /home/teehee/ros2_ws/src/lab6/install/action_interfaces/share/action_interfaces/cmake/action_interfacesConfig.cmake
[4.198s] -- Up-to-date: /home/teehee/ros2_ws/src/lab6/install/action_interfaces/share/action_interfaces/cmake/action_interfacesConfig-version.cmake
[4.198s] -- Up-to-date: /home/teehee/ros2_ws/src/lab6/install/action_interfaces/share/action_interfaces/package.xml
[4.198s] Invoked command in '/home/teehee/ros2_ws/src/lab6/build/action_interfaces' returned '0': CMAKE_PREFIX_PATH=${CMAKE_PREFIX_PATH}:/home/teehee/ros2_ws/install/tf2_pkg:/home/teehee/ros2_ws/install/pylab_exam1:/home/teehee/ros2_ws/install/pylab05:/home/teehee/ros2_ws/install/pylab04:/home/teehee/ros2_ws/install/labs_pkg:/home/teehee/ros2_ws/install/labex6:/home/teehee/ros2_ws/install/lab_exam2_pkg:/home/teehee/ros2_ws/install/example_pkg:/opt/ros/humble /usr/bin/cmake --install /home/teehee/ros2_ws/src/lab6/build/action_interfaces
