[0.063s] Invoking command in '/home/teehee/ros2_ws/build/lab_interfaces': CMAKE_PREFIX_PATH=${CMAKE_PREFIX_PATH}:/home/teehee/ros2_ws/install/labs_pkg:/home/teehee/ros2_ws/install/example_pkg:/opt/ros/humble /usr/bin/cmake --build /home/teehee/ros2_ws/build/lab_interfaces -- -j4 -l4
[0.111s] -- Found ament_cmake: 1.3.5 (/opt/ros/humble/share/ament_cmake/cmake)
[0.326s] -- Found rosidl_default_generators: 1.2.0 (/opt/ros/humble/share/rosidl_default_generators/cmake)
[0.349s] -- Using all available rosidl_typesupport_c: rosidl_typesupport_fastrtps_c;rosidl_typesupport_introspection_c
[0.357s] -- Found rosidl_adapter: 3.1.5 (/opt/ros/humble/share/rosidl_adapter/cmake)
[0.459s] -- Using all available rosidl_typesupport_cpp: rosidl_typesupport_fastrtps_cpp;rosidl_typesupport_introspection_cpp
[0.797s] -- Found ament_cmake_ros: 0.10.0 (/opt/ros/humble/share/ament_cmake_ros/cmake)
[0.991s] -- Using all available rosidl_typesupport_c: rosidl_typesupport_fastrtps_c;rosidl_typesupport_introspection_c
[1.223s] -- Using all available rosidl_typesupport_cpp: rosidl_typesupport_fastrtps_cpp;rosidl_typesupport_introspection_cpp
[1.252s] -- Found python_cmake_module: 0.10.0 (/opt/ros/humble/share/python_cmake_module/cmake)
[1.276s] -- Using PYTHON_EXECUTABLE: /usr/bin/python3
[1.276s] -- Using PYTHON_INCLUDE_DIRS: /usr/include/python3.10
[1.276s] -- Using PYTHON_LIBRARIES: /usr/lib/x86_64-linux-gnu/libpython3.10.so
[1.317s] -- Configuring done
[1.393s] -- Generating done
[1.396s] -- Build files have been written to: /home/teehee/ros2_ws/build/lab_interfaces
[1.427s] [  1%] [34m[1mGenerating C code for ROS interfaces[0m
[1.440s] [  3%] [34m[1mGenerating C++ code for ROS interfaces[0m
[1.454s] [  3%] Built target ament_cmake_python_copy_lab_interfaces
[1.681s] running egg_info
[1.682s] writing lab_interfaces.egg-info/PKG-INFO
[1.683s] writing dependency_links to lab_interfaces.egg-info/dependency_links.txt
[1.683s] writing top-level names to lab_interfaces.egg-info/top_level.txt
[1.685s] reading manifest file 'lab_interfaces.egg-info/SOURCES.txt'
[1.685s] writing manifest file 'lab_interfaces.egg-info/SOURCES.txt'
[1.715s] [  3%] Built target ament_cmake_python_build_lab_interfaces_egg
[1.841s] [  3%] Built target lab_interfaces__cpp
[1.854s] [  5%] [34m[1mGenerating C++ type support dispatch for ROS interfaces[0m
[1.868s] [  7%] [34m[1mGenerating C++ type support for eProsima Fast-RTPS[0m
[1.868s] [  9%] [34m[1mGenerating C++ introspection for ROS interfaces[0m
[1.871s] [35m[1mConsolidate compiler generated dependencies of target lab_interfaces__rosidl_generator_c[0m
[1.896s] [ 10%] [32mBuilding C object CMakeFiles/lab_interfaces__rosidl_generator_c.dir/rosidl_generator_c/lab_interfaces/srv/detail/measure_wall_dist__functions.c.o[0m
[2.038s] [ 12%] [32mBuilding C object CMakeFiles/lab_interfaces__rosidl_generator_c.dir/rosidl_generator_c/lab_interfaces/msg/detail/wall_distance_measurement__functions.c.o[0m
[2.102s] [ 14%] [32mBuilding C object CMakeFiles/lab_interfaces__rosidl_generator_c.dir/rosidl_generator_c/lab_interfaces/msg/detail/wall_distance_array__functions.c.o[0m
[2.163s] [ 16%] [32mBuilding C object CMakeFiles/lab_interfaces__rosidl_generator_c.dir/rosidl_generator_c/lab_interfaces/msg/detail/wall_distance_statistics__functions.c.o[0m
[2.214s] [35m[1mConsolidate compiler generated dependencies of target lab_interfaces__rosidl_typesupport_introspection_cpp[0m
[2.215s] [ 18%] [32m[1mLinking C shared library liblab_interfaces__rosidl_generator_c.so[0m
[2.224s] [35m[1mConsolidate compiler generated dependencies of target lab_interfaces__rosidl_typesupport_cpp[0m
[2.234s] [ 20%] [32mBuilding CXX object CMakeFiles/lab_interfaces__rosidl_typesupport_introspection_cpp.dir/rosidl_typesupport_introspection_cpp/lab_interfaces/srv/detail/measure_wall_dist__type_support.cpp.o[0m
[2.251s] [ 21%] [32mBuilding CXX object CMakeFiles/lab_interfaces__rosidl_typesupport_cpp.dir/rosidl_typesupport_cpp/lab_interfaces/srv/measure_wall_dist__type_support.cpp.o[0m
[2.254s] [35m[1mConsolidate compiler generated dependencies of target lab_interfaces__rosidl_typesupport_fastrtps_cpp[0m
[2.294s] [ 23%] [32mBuilding CXX object CMakeFiles/lab_interfaces__rosidl_typesupport_fastrtps_cpp.dir/rosidl_typesupport_fastrtps_cpp/lab_interfaces/srv/detail/dds_fastrtps/measure_wall_dist__type_support.cpp.o[0m
[2.305s] [ 23%] Built target lab_interfaces__rosidl_generator_c
[2.321s] [ 25%] [34m[1mGenerating C type support for eProsima Fast-RTPS[0m
[2.697s] [35m[1mConsolidate compiler generated dependencies of target lab_interfaces__rosidl_typesupport_fastrtps_c[0m
[2.720s] [ 29%] [32mBuilding CXX object CMakeFiles/lab_interfaces__rosidl_typesupport_fastrtps_c.dir/rosidl_typesupport_fastrtps_c/lab_interfaces/srv/detail/measure_wall_dist__type_support_c.cpp.o[0m
[2.720s] [ 29%] [32mBuilding CXX object CMakeFiles/lab_interfaces__rosidl_typesupport_cpp.dir/rosidl_typesupport_cpp/lab_interfaces/msg/wall_distance_measurement__type_support.cpp.o[0m
[2.835s] [ 30%] [32mBuilding CXX object CMakeFiles/lab_interfaces__rosidl_typesupport_introspection_cpp.dir/rosidl_typesupport_introspection_cpp/lab_interfaces/msg/detail/wall_distance_measurement__type_support.cpp.o[0m
[2.865s] [ 32%] [32mBuilding CXX object CMakeFiles/lab_interfaces__rosidl_typesupport_fastrtps_cpp.dir/rosidl_typesupport_fastrtps_cpp/lab_interfaces/msg/detail/dds_fastrtps/wall_distance_measurement__type_support.cpp.o[0m
[2.965s] [ 34%] [32mBuilding CXX object CMakeFiles/lab_interfaces__rosidl_typesupport_cpp.dir/rosidl_typesupport_cpp/lab_interfaces/msg/wall_distance_array__type_support.cpp.o[0m
[3.070s] [ 36%] [32mBuilding CXX object CMakeFiles/lab_interfaces__rosidl_typesupport_fastrtps_c.dir/rosidl_typesupport_fastrtps_c/lab_interfaces/msg/detail/wall_distance_measurement__type_support_c.cpp.o[0m
[3.196s] [ 38%] [32mBuilding CXX object CMakeFiles/lab_interfaces__rosidl_typesupport_introspection_cpp.dir/rosidl_typesupport_introspection_cpp/lab_interfaces/msg/detail/wall_distance_array__type_support.cpp.o[0m
[3.203s] [ 40%] [32mBuilding CXX object CMakeFiles/lab_interfaces__rosidl_typesupport_cpp.dir/rosidl_typesupport_cpp/lab_interfaces/msg/wall_distance_statistics__type_support.cpp.o[0m
[3.250s] [ 41%] [32mBuilding CXX object CMakeFiles/lab_interfaces__rosidl_typesupport_fastrtps_cpp.dir/rosidl_typesupport_fastrtps_cpp/lab_interfaces/msg/detail/dds_fastrtps/wall_distance_array__type_support.cpp.o[0m
[3.447s] [ 43%] [32mBuilding CXX object CMakeFiles/lab_interfaces__rosidl_typesupport_fastrtps_c.dir/rosidl_typesupport_fastrtps_c/lab_interfaces/msg/detail/wall_distance_array__type_support_c.cpp.o[0m
[3.501s] [ 45%] [32m[1mLinking CXX shared library liblab_interfaces__rosidl_typesupport_cpp.so[0m
[3.557s] [ 45%] Built target lab_interfaces__rosidl_typesupport_cpp
[3.577s] [ 47%] [34m[1mGenerating C introspection for ROS interfaces[0m
[3.590s] [ 49%] [32mBuilding CXX object CMakeFiles/lab_interfaces__rosidl_typesupport_introspection_cpp.dir/rosidl_typesupport_introspection_cpp/lab_interfaces/msg/detail/wall_distance_statistics__type_support.cpp.o[0m
[3.670s] [ 50%] [32mBuilding CXX object CMakeFiles/lab_interfaces__rosidl_typesupport_fastrtps_cpp.dir/rosidl_typesupport_fastrtps_cpp/lab_interfaces/msg/detail/dds_fastrtps/wall_distance_statistics__type_support.cpp.o[0m
[3.784s] [ 52%] [32mBuilding CXX object CMakeFiles/lab_interfaces__rosidl_typesupport_fastrtps_c.dir/rosidl_typesupport_fastrtps_c/lab_interfaces/msg/detail/wall_distance_statistics__type_support_c.cpp.o[0m
[3.915s] [ 54%] [32m[1mLinking CXX shared library liblab_interfaces__rosidl_typesupport_introspection_cpp.so[0m
[3.987s] [35m[1mConsolidate compiler generated dependencies of target lab_interfaces__rosidl_typesupport_introspection_c[0m
[4.006s] [ 56%] [32mBuilding C object CMakeFiles/lab_interfaces__rosidl_typesupport_introspection_c.dir/rosidl_typesupport_introspection_c/lab_interfaces/srv/detail/measure_wall_dist__type_support.c.o[0m
[4.030s] [ 56%] Built target lab_interfaces__rosidl_typesupport_introspection_cpp
[4.037s] [ 58%] [32m[1mLinking CXX shared library liblab_interfaces__rosidl_typesupport_fastrtps_cpp.so[0m
[4.046s] [ 60%] [34m[1mGenerating C type support dispatch for ROS interfaces[0m
[4.062s] [ 61%] [32mBuilding C object CMakeFiles/lab_interfaces__rosidl_typesupport_introspection_c.dir/rosidl_typesupport_introspection_c/lab_interfaces/msg/detail/wall_distance_measurement__type_support.c.o[0m
[4.114s] [ 63%] [32mBuilding C object CMakeFiles/lab_interfaces__rosidl_typesupport_introspection_c.dir/rosidl_typesupport_introspection_c/lab_interfaces/msg/detail/wall_distance_array__type_support.c.o[0m
[4.136s] [ 65%] [32m[1mLinking CXX shared library liblab_interfaces__rosidl_typesupport_fastrtps_c.so[0m
[4.150s] [ 65%] Built target lab_interfaces__rosidl_typesupport_fastrtps_cpp
[4.165s] [ 67%] [32mBuilding C object CMakeFiles/lab_interfaces__rosidl_typesupport_introspection_c.dir/rosidl_typesupport_introspection_c/lab_interfaces/msg/detail/wall_distance_statistics__type_support.c.o[0m
[4.213s] [ 69%] [32m[1mLinking C shared library liblab_interfaces__rosidl_typesupport_introspection_c.so[0m
[4.245s] [ 69%] Built target lab_interfaces__rosidl_typesupport_fastrtps_c
[4.261s] [ 69%] Built target lab_interfaces__rosidl_typesupport_introspection_c
[4.317s] [35m[1mConsolidate compiler generated dependencies of target lab_interfaces__rosidl_typesupport_c[0m
[4.333s] [ 72%] [32mBuilding CXX object CMakeFiles/lab_interfaces__rosidl_typesupport_c.dir/rosidl_typesupport_c/lab_interfaces/srv/measure_wall_dist__type_support.cpp.o[0m
[4.333s] [ 72%] [32mBuilding CXX object CMakeFiles/lab_interfaces__rosidl_typesupport_c.dir/rosidl_typesupport_c/lab_interfaces/msg/wall_distance_array__type_support.cpp.o[0m
[4.334s] [ 76%] [32mBuilding CXX object CMakeFiles/lab_interfaces__rosidl_typesupport_c.dir/rosidl_typesupport_c/lab_interfaces/msg/wall_distance_measurement__type_support.cpp.o[0m
[4.334s] [ 76%] [32mBuilding CXX object CMakeFiles/lab_interfaces__rosidl_typesupport_c.dir/rosidl_typesupport_c/lab_interfaces/msg/wall_distance_statistics__type_support.cpp.o[0m
[4.387s] [ 78%] [32m[1mLinking CXX shared library liblab_interfaces__rosidl_typesupport_c.so[0m
[4.447s] [ 78%] Built target lab_interfaces__rosidl_typesupport_c
[4.479s] [ 78%] Built target lab_interfaces
[4.509s] [ 80%] [34m[1mGenerating Python code for ROS interfaces[0m
[5.039s] [ 80%] Built target lab_interfaces__py
[5.055s] [35m[1mConsolidate compiler generated dependencies of target lab_interfaces__rosidl_generator_py[0m
[5.081s] [ 81%] [32mBuilding C object CMakeFiles/lab_interfaces__rosidl_generator_py.dir/rosidl_generator_py/lab_interfaces/srv/_measure_wall_dist_s.c.o[0m
[5.081s] [ 83%] [32mBuilding C object CMakeFiles/lab_interfaces__rosidl_generator_py.dir/rosidl_generator_py/lab_interfaces/msg/_wall_distance_measurement_s.c.o[0m
[5.082s] [ 85%] [32mBuilding C object CMakeFiles/lab_interfaces__rosidl_generator_py.dir/rosidl_generator_py/lab_interfaces/msg/_wall_distance_statistics_s.c.o[0m
[5.092s] [ 87%] [32mBuilding C object CMakeFiles/lab_interfaces__rosidl_generator_py.dir/rosidl_generator_py/lab_interfaces/msg/_wall_distance_array_s.c.o[0m
[5.300s] [ 89%] [32m[1mLinking C shared library rosidl_generator_py/lab_interfaces/liblab_interfaces__rosidl_generator_py.so[0m
[5.353s] [ 89%] Built target lab_interfaces__rosidl_generator_py
[5.368s] [35m[1mConsolidate compiler generated dependencies of target lab_interfaces__rosidl_typesupport_c__pyext[0m
[5.372s] [35m[1mConsolidate compiler generated dependencies of target lab_interfaces__rosidl_typesupport_fastrtps_c__pyext[0m
[5.374s] [35m[1mConsolidate compiler generated dependencies of target lab_interfaces__rosidl_typesupport_introspection_c__pyext[0m
[5.389s] [ 90%] [32mBuilding C object CMakeFiles/lab_interfaces__rosidl_typesupport_fastrtps_c__pyext.dir/rosidl_generator_py/lab_interfaces/_lab_interfaces_s.ep.rosidl_typesupport_fastrtps_c.c.o[0m
[5.392s] [ 92%] [32mBuilding C object CMakeFiles/lab_interfaces__rosidl_typesupport_c__pyext.dir/rosidl_generator_py/lab_interfaces/_lab_interfaces_s.ep.rosidl_typesupport_c.c.o[0m
[5.395s] [ 94%] [32mBuilding C object CMakeFiles/lab_interfaces__rosidl_typesupport_introspection_c__pyext.dir/rosidl_generator_py/lab_interfaces/_lab_interfaces_s.ep.rosidl_typesupport_introspection_c.c.o[0m
[5.504s] [100%] [32m[1mLinking C shared library rosidl_generator_py/lab_interfaces/lab_interfaces_s__rosidl_typesupport_fastrtps_c.cpython-310-x86_64-linux-gnu.so[0m
[5.504s] [100%] [32m[1mLinking C shared library rosidl_generator_py/lab_interfaces/lab_interfaces_s__rosidl_typesupport_c.cpython-310-x86_64-linux-gnu.so[0m
[5.504s] [100%] [32m[1mLinking C shared library rosidl_generator_py/lab_interfaces/lab_interfaces_s__rosidl_typesupport_introspection_c.cpython-310-x86_64-linux-gnu.so[0m
[5.548s] [100%] Built target lab_interfaces__rosidl_typesupport_fastrtps_c__pyext
[5.549s] [100%] Built target lab_interfaces__rosidl_typesupport_introspection_c__pyext
[5.549s] [100%] Built target lab_interfaces__rosidl_typesupport_c__pyext
[5.566s] Invoked command in '/home/teehee/ros2_ws/build/lab_interfaces' returned '0': CMAKE_PREFIX_PATH=${CMAKE_PREFIX_PATH}:/home/teehee/ros2_ws/install/labs_pkg:/home/teehee/ros2_ws/install/example_pkg:/opt/ros/humble /usr/bin/cmake --build /home/teehee/ros2_ws/build/lab_interfaces -- -j4 -l4
[5.845s] Invoking command in '/home/teehee/ros2_ws/build/lab_interfaces': CMAKE_PREFIX_PATH=${CMAKE_PREFIX_PATH}:/home/teehee/ros2_ws/install/labs_pkg:/home/teehee/ros2_ws/install/example_pkg:/opt/ros/humble /usr/bin/cmake --install /home/teehee/ros2_ws/build/lab_interfaces
[5.854s] -- Install configuration: ""
[5.854s] -- Installing: /home/teehee/ros2_ws/install/lab_interfaces/share/ament_index/resource_index/rosidl_interfaces/lab_interfaces
[5.855s] -- Up-to-date: /home/teehee/ros2_ws/install/lab_interfaces/include/lab_interfaces/lab_interfaces
[5.855s] -- Installing: /home/teehee/ros2_ws/install/lab_interfaces/include/lab_interfaces/lab_interfaces/srv
[5.855s] -- Installing: /home/teehee/ros2_ws/install/lab_interfaces/include/lab_interfaces/lab_interfaces/srv/detail
[5.855s] -- Installing: /home/teehee/ros2_ws/install/lab_interfaces/include/lab_interfaces/lab_interfaces/srv/detail/measure_wall_dist__struct.h
[5.855s] -- Installing: /home/teehee/ros2_ws/install/lab_interfaces/include/lab_interfaces/lab_interfaces/srv/detail/measure_wall_dist__type_support.h
[5.856s] -- Installing: /home/teehee/ros2_ws/install/lab_interfaces/include/lab_interfaces/lab_interfaces/srv/detail/measure_wall_dist__functions.h
[5.856s] -- Installing: /home/teehee/ros2_ws/install/lab_interfaces/include/lab_interfaces/lab_interfaces/srv/detail/measure_wall_dist__functions.c
[5.856s] -- Installing: /home/teehee/ros2_ws/install/lab_interfaces/include/lab_interfaces/lab_interfaces/srv/measure_wall_dist.h
[5.856s] -- Up-to-date: /home/teehee/ros2_ws/install/lab_interfaces/include/lab_interfaces/lab_interfaces/msg
[5.856s] -- Installing: /home/teehee/ros2_ws/install/lab_interfaces/include/lab_interfaces/lab_interfaces/msg/wall_distance_array.h
[5.857s] -- Up-to-date: /home/teehee/ros2_ws/install/lab_interfaces/include/lab_interfaces/lab_interfaces/msg/rosidl_generator_c__visibility_control.h
[5.857s] -- Up-to-date: /home/teehee/ros2_ws/install/lab_interfaces/include/lab_interfaces/lab_interfaces/msg/detail
[5.857s] -- Installing: /home/teehee/ros2_ws/install/lab_interfaces/include/lab_interfaces/lab_interfaces/msg/detail/wall_distance_measurement__functions.c
[5.857s] -- Installing: /home/teehee/ros2_ws/install/lab_interfaces/include/lab_interfaces/lab_interfaces/msg/detail/wall_distance_statistics__functions.c
[5.857s] -- Installing: /home/teehee/ros2_ws/install/lab_interfaces/include/lab_interfaces/lab_interfaces/msg/detail/wall_distance_measurement__struct.h
[5.857s] -- Installing: /home/teehee/ros2_ws/install/lab_interfaces/include/lab_interfaces/lab_interfaces/msg/detail/wall_distance_measurement__type_support.h
[5.857s] -- Installing: /home/teehee/ros2_ws/install/lab_interfaces/include/lab_interfaces/lab_interfaces/msg/detail/wall_distance_array__type_support.h
[5.858s] -- Installing: /home/teehee/ros2_ws/install/lab_interfaces/include/lab_interfaces/lab_interfaces/msg/detail/wall_distance_statistics__type_support.h
[5.858s] -- Installing: /home/teehee/ros2_ws/install/lab_interfaces/include/lab_interfaces/lab_interfaces/msg/detail/wall_distance_statistics__struct.h
[5.858s] -- Installing: /home/teehee/ros2_ws/install/lab_interfaces/include/lab_interfaces/lab_interfaces/msg/detail/wall_distance_statistics__functions.h
[5.858s] -- Installing: /home/teehee/ros2_ws/install/lab_interfaces/include/lab_interfaces/lab_interfaces/msg/detail/wall_distance_array__struct.h
[5.859s] -- Installing: /home/teehee/ros2_ws/install/lab_interfaces/include/lab_interfaces/lab_interfaces/msg/detail/wall_distance_array__functions.c
[5.859s] -- Installing: /home/teehee/ros2_ws/install/lab_interfaces/include/lab_interfaces/lab_interfaces/msg/detail/wall_distance_measurement__functions.h
[5.859s] -- Installing: /home/teehee/ros2_ws/install/lab_interfaces/include/lab_interfaces/lab_interfaces/msg/detail/wall_distance_array__functions.h
[5.859s] -- Installing: /home/teehee/ros2_ws/install/lab_interfaces/include/lab_interfaces/lab_interfaces/msg/wall_distance_measurement.h
[5.859s] -- Installing: /home/teehee/ros2_ws/install/lab_interfaces/include/lab_interfaces/lab_interfaces/msg/wall_distance_statistics.h
[5.860s] -- Up-to-date: /home/teehee/ros2_ws/install/lab_interfaces/share/lab_interfaces/environment/library_path.sh
[5.860s] -- Installing: /home/teehee/ros2_ws/install/lab_interfaces/share/lab_interfaces/environment/library_path.dsv
[5.860s] -- Installing: /home/teehee/ros2_ws/install/lab_interfaces/lib/liblab_interfaces__rosidl_generator_c.so
[5.861s] -- Set runtime path of "/home/teehee/ros2_ws/install/lab_interfaces/lib/liblab_interfaces__rosidl_generator_c.so" to ""
[5.861s] -- Up-to-date: /home/teehee/ros2_ws/install/lab_interfaces/include/lab_interfaces/lab_interfaces
[5.861s] -- Up-to-date: /home/teehee/ros2_ws/install/lab_interfaces/include/lab_interfaces/lab_interfaces/srv
[5.861s] -- Up-to-date: /home/teehee/ros2_ws/install/lab_interfaces/include/lab_interfaces/lab_interfaces/srv/detail
[5.861s] -- Installing: /home/teehee/ros2_ws/install/lab_interfaces/include/lab_interfaces/lab_interfaces/srv/detail/measure_wall_dist__rosidl_typesupport_fastrtps_c.h
[5.862s] -- Up-to-date: /home/teehee/ros2_ws/install/lab_interfaces/include/lab_interfaces/lab_interfaces/msg
[5.862s] -- Up-to-date: /home/teehee/ros2_ws/install/lab_interfaces/include/lab_interfaces/lab_interfaces/msg/detail
[5.862s] -- Installing: /home/teehee/ros2_ws/install/lab_interfaces/include/lab_interfaces/lab_interfaces/msg/detail/wall_distance_statistics__rosidl_typesupport_fastrtps_c.h
[5.862s] -- Installing: /home/teehee/ros2_ws/install/lab_interfaces/include/lab_interfaces/lab_interfaces/msg/detail/wall_distance_measurement__rosidl_typesupport_fastrtps_c.h
[5.862s] -- Installing: /home/teehee/ros2_ws/install/lab_interfaces/include/lab_interfaces/lab_interfaces/msg/detail/wall_distance_array__rosidl_typesupport_fastrtps_c.h
[5.863s] -- Up-to-date: /home/teehee/ros2_ws/install/lab_interfaces/include/lab_interfaces/lab_interfaces/msg/rosidl_typesupport_fastrtps_c__visibility_control.h
[5.863s] -- Installing: /home/teehee/ros2_ws/install/lab_interfaces/lib/liblab_interfaces__rosidl_typesupport_fastrtps_c.so
[5.863s] -- Set runtime path of "/home/teehee/ros2_ws/install/lab_interfaces/lib/liblab_interfaces__rosidl_typesupport_fastrtps_c.so" to ""
[5.863s] -- Up-to-date: /home/teehee/ros2_ws/install/lab_interfaces/include/lab_interfaces/lab_interfaces
[5.863s] -- Up-to-date: /home/teehee/ros2_ws/install/lab_interfaces/include/lab_interfaces/lab_interfaces/srv
[5.864s] -- Up-to-date: /home/teehee/ros2_ws/install/lab_interfaces/include/lab_interfaces/lab_interfaces/srv/detail
[5.864s] -- Installing: /home/teehee/ros2_ws/install/lab_interfaces/include/lab_interfaces/lab_interfaces/srv/detail/measure_wall_dist__type_support.c
[5.864s] -- Installing: /home/teehee/ros2_ws/install/lab_interfaces/include/lab_interfaces/lab_interfaces/srv/detail/measure_wall_dist__rosidl_typesupport_introspection_c.h
[5.864s] -- Up-to-date: /home/teehee/ros2_ws/install/lab_interfaces/include/lab_interfaces/lab_interfaces/msg
[5.864s] -- Up-to-date: /home/teehee/ros2_ws/install/lab_interfaces/include/lab_interfaces/lab_interfaces/msg/detail
[5.865s] -- Installing: /home/teehee/ros2_ws/install/lab_interfaces/include/lab_interfaces/lab_interfaces/msg/detail/wall_distance_measurement__type_support.c
[5.865s] -- Installing: /home/teehee/ros2_ws/install/lab_interfaces/include/lab_interfaces/lab_interfaces/msg/detail/wall_distance_array__type_support.c
[5.865s] -- Installing: /home/teehee/ros2_ws/install/lab_interfaces/include/lab_interfaces/lab_interfaces/msg/detail/wall_distance_statistics__rosidl_typesupport_introspection_c.h
[5.865s] -- Installing: /home/teehee/ros2_ws/install/lab_interfaces/include/lab_interfaces/lab_interfaces/msg/detail/wall_distance_array__rosidl_typesupport_introspection_c.h
[5.865s] -- Installing: /home/teehee/ros2_ws/install/lab_interfaces/include/lab_interfaces/lab_interfaces/msg/detail/wall_distance_measurement__rosidl_typesupport_introspection_c.h
[5.865s] -- Installing: /home/teehee/ros2_ws/install/lab_interfaces/include/lab_interfaces/lab_interfaces/msg/detail/wall_distance_statistics__type_support.c
[5.865s] -- Up-to-date: /home/teehee/ros2_ws/install/lab_interfaces/include/lab_interfaces/lab_interfaces/msg/rosidl_typesupport_introspection_c__visibility_control.h
[5.866s] -- Installing: /home/teehee/ros2_ws/install/lab_interfaces/lib/liblab_interfaces__rosidl_typesupport_introspection_c.so
[5.866s] -- Set runtime path of "/home/teehee/ros2_ws/install/lab_interfaces/lib/liblab_interfaces__rosidl_typesupport_introspection_c.so" to ""
[5.867s] -- Installing: /home/teehee/ros2_ws/install/lab_interfaces/lib/liblab_interfaces__rosidl_typesupport_c.so
[5.867s] -- Set runtime path of "/home/teehee/ros2_ws/install/lab_interfaces/lib/liblab_interfaces__rosidl_typesupport_c.so" to ""
[5.868s] -- Up-to-date: /home/teehee/ros2_ws/install/lab_interfaces/include/lab_interfaces/lab_interfaces
[5.868s] -- Up-to-date: /home/teehee/ros2_ws/install/lab_interfaces/include/lab_interfaces/lab_interfaces/srv
[5.868s] -- Up-to-date: /home/teehee/ros2_ws/install/lab_interfaces/include/lab_interfaces/lab_interfaces/srv/detail
[5.868s] -- Installing: /home/teehee/ros2_ws/install/lab_interfaces/include/lab_interfaces/lab_interfaces/srv/detail/measure_wall_dist__traits.hpp
[5.868s] -- Installing: /home/teehee/ros2_ws/install/lab_interfaces/include/lab_interfaces/lab_interfaces/srv/detail/measure_wall_dist__struct.hpp
[5.868s] -- Installing: /home/teehee/ros2_ws/install/lab_interfaces/include/lab_interfaces/lab_interfaces/srv/detail/measure_wall_dist__builder.hpp
[5.868s] -- Installing: /home/teehee/ros2_ws/install/lab_interfaces/include/lab_interfaces/lab_interfaces/srv/measure_wall_dist.hpp
[5.868s] -- Up-to-date: /home/teehee/ros2_ws/install/lab_interfaces/include/lab_interfaces/lab_interfaces/msg
[5.868s] -- Installing: /home/teehee/ros2_ws/install/lab_interfaces/include/lab_interfaces/lab_interfaces/msg/wall_distance_measurement.hpp
[5.869s] -- Installing: /home/teehee/ros2_ws/install/lab_interfaces/include/lab_interfaces/lab_interfaces/msg/wall_distance_statistics.hpp
[5.869s] -- Up-to-date: /home/teehee/ros2_ws/install/lab_interfaces/include/lab_interfaces/lab_interfaces/msg/detail
[5.869s] -- Installing: /home/teehee/ros2_ws/install/lab_interfaces/include/lab_interfaces/lab_interfaces/msg/detail/wall_distance_statistics__traits.hpp
[5.869s] -- Installing: /home/teehee/ros2_ws/install/lab_interfaces/include/lab_interfaces/lab_interfaces/msg/detail/wall_distance_array__traits.hpp
[5.869s] -- Installing: /home/teehee/ros2_ws/install/lab_interfaces/include/lab_interfaces/lab_interfaces/msg/detail/wall_distance_statistics__struct.hpp
[5.869s] -- Installing: /home/teehee/ros2_ws/install/lab_interfaces/include/lab_interfaces/lab_interfaces/msg/detail/wall_distance_statistics__builder.hpp
[5.870s] -- Installing: /home/teehee/ros2_ws/install/lab_interfaces/include/lab_interfaces/lab_interfaces/msg/detail/wall_distance_array__struct.hpp
[5.870s] -- Installing: /home/teehee/ros2_ws/install/lab_interfaces/include/lab_interfaces/lab_interfaces/msg/detail/wall_distance_measurement__builder.hpp
[5.873s] -- Installing: /home/teehee/ros2_ws/install/lab_interfaces/include/lab_interfaces/lab_interfaces/msg/detail/wall_distance_array__builder.hpp
[5.873s] -- Installing: /home/teehee/ros2_ws/install/lab_interfaces/include/lab_interfaces/lab_interfaces/msg/detail/wall_distance_measurement__struct.hpp
[5.876s] -- Installing: /home/teehee/ros2_ws/install/lab_interfaces/include/lab_interfaces/lab_interfaces/msg/detail/wall_distance_measurement__traits.hpp
[5.877s] -- Installing: /home/teehee/ros2_ws/install/lab_interfaces/include/lab_interfaces/lab_interfaces/msg/wall_distance_array.hpp
[5.877s] -- Up-to-date: /home/teehee/ros2_ws/install/lab_interfaces/include/lab_interfaces/lab_interfaces
[5.877s] -- Up-to-date: /home/teehee/ros2_ws/install/lab_interfaces/include/lab_interfaces/lab_interfaces/srv
[5.877s] -- Up-to-date: /home/teehee/ros2_ws/install/lab_interfaces/include/lab_interfaces/lab_interfaces/srv/detail
[5.877s] -- Installing: /home/teehee/ros2_ws/install/lab_interfaces/include/lab_interfaces/lab_interfaces/srv/detail/measure_wall_dist__rosidl_typesupport_fastrtps_cpp.hpp
[5.878s] -- Installing: /home/teehee/ros2_ws/install/lab_interfaces/include/lab_interfaces/lab_interfaces/srv/detail/dds_fastrtps
[5.878s] -- Up-to-date: /home/teehee/ros2_ws/install/lab_interfaces/include/lab_interfaces/lab_interfaces/msg
[5.878s] -- Up-to-date: /home/teehee/ros2_ws/install/lab_interfaces/include/lab_interfaces/lab_interfaces/msg/detail
[5.878s] -- Installing: /home/teehee/ros2_ws/install/lab_interfaces/include/lab_interfaces/lab_interfaces/msg/detail/wall_distance_statistics__rosidl_typesupport_fastrtps_cpp.hpp
[5.878s] -- Installing: /home/teehee/ros2_ws/install/lab_interfaces/include/lab_interfaces/lab_interfaces/msg/detail/wall_distance_array__rosidl_typesupport_fastrtps_cpp.hpp
[5.878s] -- Up-to-date: /home/teehee/ros2_ws/install/lab_interfaces/include/lab_interfaces/lab_interfaces/msg/detail/dds_fastrtps
[5.878s] -- Installing: /home/teehee/ros2_ws/install/lab_interfaces/include/lab_interfaces/lab_interfaces/msg/detail/wall_distance_measurement__rosidl_typesupport_fastrtps_cpp.hpp
[5.878s] -- Up-to-date: /home/teehee/ros2_ws/install/lab_interfaces/include/lab_interfaces/lab_interfaces/msg/rosidl_typesupport_fastrtps_cpp__visibility_control.h
[5.878s] -- Installing: /home/teehee/ros2_ws/install/lab_interfaces/lib/liblab_interfaces__rosidl_typesupport_fastrtps_cpp.so
[5.878s] -- Set runtime path of "/home/teehee/ros2_ws/install/lab_interfaces/lib/liblab_interfaces__rosidl_typesupport_fastrtps_cpp.so" to ""
[5.878s] -- Up-to-date: /home/teehee/ros2_ws/install/lab_interfaces/include/lab_interfaces/lab_interfaces
[5.878s] -- Up-to-date: /home/teehee/ros2_ws/install/lab_interfaces/include/lab_interfaces/lab_interfaces/srv
[5.878s] -- Up-to-date: /home/teehee/ros2_ws/install/lab_interfaces/include/lab_interfaces/lab_interfaces/srv/detail
[5.878s] -- Installing: /home/teehee/ros2_ws/install/lab_interfaces/include/lab_interfaces/lab_interfaces/srv/detail/measure_wall_dist__rosidl_typesupport_introspection_cpp.hpp
[5.880s] -- Installing: /home/teehee/ros2_ws/install/lab_interfaces/include/lab_interfaces/lab_interfaces/srv/detail/measure_wall_dist__type_support.cpp
[5.880s] -- Up-to-date: /home/teehee/ros2_ws/install/lab_interfaces/include/lab_interfaces/lab_interfaces/msg
[5.880s] -- Up-to-date: /home/teehee/ros2_ws/install/lab_interfaces/include/lab_interfaces/lab_interfaces/msg/detail
[5.880s] -- Installing: /home/teehee/ros2_ws/install/lab_interfaces/include/lab_interfaces/lab_interfaces/msg/detail/wall_distance_array__type_support.cpp
[5.880s] -- Installing: /home/teehee/ros2_ws/install/lab_interfaces/include/lab_interfaces/lab_interfaces/msg/detail/wall_distance_measurement__rosidl_typesupport_introspection_cpp.hpp
[5.880s] -- Installing: /home/teehee/ros2_ws/install/lab_interfaces/include/lab_interfaces/lab_interfaces/msg/detail/wall_distance_array__rosidl_typesupport_introspection_cpp.hpp
[5.880s] -- Installing: /home/teehee/ros2_ws/install/lab_interfaces/include/lab_interfaces/lab_interfaces/msg/detail/wall_distance_measurement__type_support.cpp
[5.880s] -- Installing: /home/teehee/ros2_ws/install/lab_interfaces/include/lab_interfaces/lab_interfaces/msg/detail/wall_distance_statistics__type_support.cpp
[5.880s] -- Installing: /home/teehee/ros2_ws/install/lab_interfaces/include/lab_interfaces/lab_interfaces/msg/detail/wall_distance_statistics__rosidl_typesupport_introspection_cpp.hpp
[5.887s] -- Installing: /home/teehee/ros2_ws/install/lab_interfaces/lib/liblab_interfaces__rosidl_typesupport_introspection_cpp.so
[5.887s] -- Set runtime path of "/home/teehee/ros2_ws/install/lab_interfaces/lib/liblab_interfaces__rosidl_typesupport_introspection_cpp.so" to ""
[5.887s] -- Installing: /home/teehee/ros2_ws/install/lab_interfaces/lib/liblab_interfaces__rosidl_typesupport_cpp.so
[5.887s] -- Set runtime path of "/home/teehee/ros2_ws/install/lab_interfaces/lib/liblab_interfaces__rosidl_typesupport_cpp.so" to ""
[5.888s] -- Up-to-date: /home/teehee/ros2_ws/install/lab_interfaces/share/lab_interfaces/environment/pythonpath.sh
[5.888s] -- Installing: /home/teehee/ros2_ws/install/lab_interfaces/share/lab_interfaces/environment/pythonpath.dsv
[5.888s] -- Up-to-date: /home/teehee/ros2_ws/install/lab_interfaces/local/lib/python3.10/dist-packages/lab_interfaces-0.0.0-py3.10.egg-info
[5.888s] -- Installing: /home/teehee/ros2_ws/install/lab_interfaces/local/lib/python3.10/dist-packages/lab_interfaces-0.0.0-py3.10.egg-info/SOURCES.txt
[5.888s] -- Installing: /home/teehee/ros2_ws/install/lab_interfaces/local/lib/python3.10/dist-packages/lab_interfaces-0.0.0-py3.10.egg-info/dependency_links.txt
[5.888s] -- Installing: /home/teehee/ros2_ws/install/lab_interfaces/local/lib/python3.10/dist-packages/lab_interfaces-0.0.0-py3.10.egg-info/PKG-INFO
[5.888s] -- Installing: /home/teehee/ros2_ws/install/lab_interfaces/local/lib/python3.10/dist-packages/lab_interfaces-0.0.0-py3.10.egg-info/top_level.txt
[5.888s] -- Up-to-date: /home/teehee/ros2_ws/install/lab_interfaces/local/lib/python3.10/dist-packages/lab_interfaces
[5.888s] -- Installing: /home/teehee/ros2_ws/install/lab_interfaces/local/lib/python3.10/dist-packages/lab_interfaces/_lab_interfaces_s.ep.rosidl_typesupport_introspection_c.c
[5.888s] -- Installing: /home/teehee/ros2_ws/install/lab_interfaces/local/lib/python3.10/dist-packages/lab_interfaces/lab_interfaces_s__rosidl_typesupport_c.cpython-310-x86_64-linux-gnu.so
[5.888s] -- Installing: /home/teehee/ros2_ws/install/lab_interfaces/local/lib/python3.10/dist-packages/lab_interfaces/__init__.py
[5.888s] -- Installing: /home/teehee/ros2_ws/install/lab_interfaces/local/lib/python3.10/dist-packages/lab_interfaces/_lab_interfaces_s.ep.rosidl_typesupport_c.c
[5.888s] -- Installing: /home/teehee/ros2_ws/install/lab_interfaces/local/lib/python3.10/dist-packages/lab_interfaces/lab_interfaces_s__rosidl_typesupport_introspection_c.cpython-310-x86_64-linux-gnu.so
[5.888s] -- Installing: /home/teehee/ros2_ws/install/lab_interfaces/local/lib/python3.10/dist-packages/lab_interfaces/_lab_interfaces_s.ep.rosidl_typesupport_fastrtps_c.c
[5.888s] -- Installing: /home/teehee/ros2_ws/install/lab_interfaces/local/lib/python3.10/dist-packages/lab_interfaces/srv
[5.888s] -- Installing: /home/teehee/ros2_ws/install/lab_interfaces/local/lib/python3.10/dist-packages/lab_interfaces/srv/_measure_wall_dist_s.c
[5.888s] -- Installing: /home/teehee/ros2_ws/install/lab_interfaces/local/lib/python3.10/dist-packages/lab_interfaces/srv/__init__.py
[5.888s] -- Installing: /home/teehee/ros2_ws/install/lab_interfaces/local/lib/python3.10/dist-packages/lab_interfaces/srv/_measure_wall_dist.py
[5.888s] -- Installing: /home/teehee/ros2_ws/install/lab_interfaces/local/lib/python3.10/dist-packages/lab_interfaces/liblab_interfaces__rosidl_generator_py.so
[5.888s] -- Installing: /home/teehee/ros2_ws/install/lab_interfaces/local/lib/python3.10/dist-packages/lab_interfaces/lab_interfaces_s__rosidl_typesupport_fastrtps_c.cpython-310-x86_64-linux-gnu.so
[5.888s] -- Up-to-date: /home/teehee/ros2_ws/install/lab_interfaces/local/lib/python3.10/dist-packages/lab_interfaces/msg
[5.889s] -- Installing: /home/teehee/ros2_ws/install/lab_interfaces/local/lib/python3.10/dist-packages/lab_interfaces/msg/__init__.py
[5.889s] -- Installing: /home/teehee/ros2_ws/install/lab_interfaces/local/lib/python3.10/dist-packages/lab_interfaces/msg/_wall_distance_measurement_s.c
[5.889s] -- Installing: /home/teehee/ros2_ws/install/lab_interfaces/local/lib/python3.10/dist-packages/lab_interfaces/msg/_wall_distance_array.py
[5.889s] -- Installing: /home/teehee/ros2_ws/install/lab_interfaces/local/lib/python3.10/dist-packages/lab_interfaces/msg/_wall_distance_statistics.py
[5.889s] -- Installing: /home/teehee/ros2_ws/install/lab_interfaces/local/lib/python3.10/dist-packages/lab_interfaces/msg/_wall_distance_statistics_s.c
[5.889s] -- Installing: /home/teehee/ros2_ws/install/lab_interfaces/local/lib/python3.10/dist-packages/lab_interfaces/msg/_wall_distance_measurement.py
[5.889s] -- Installing: /home/teehee/ros2_ws/install/lab_interfaces/local/lib/python3.10/dist-packages/lab_interfaces/msg/_wall_distance_array_s.c
[5.923s] Listing '/home/teehee/ros2_ws/install/lab_interfaces/local/lib/python3.10/dist-packages/lab_interfaces'...
[5.923s] Compiling '/home/teehee/ros2_ws/install/lab_interfaces/local/lib/python3.10/dist-packages/lab_interfaces/__init__.py'...
[5.923s] Listing '/home/teehee/ros2_ws/install/lab_interfaces/local/lib/python3.10/dist-packages/lab_interfaces/msg'...
[5.923s] Compiling '/home/teehee/ros2_ws/install/lab_interfaces/local/lib/python3.10/dist-packages/lab_interfaces/msg/__init__.py'...
[5.923s] Compiling '/home/teehee/ros2_ws/install/lab_interfaces/local/lib/python3.10/dist-packages/lab_interfaces/msg/_wall_distance_array.py'...
[5.923s] Compiling '/home/teehee/ros2_ws/install/lab_interfaces/local/lib/python3.10/dist-packages/lab_interfaces/msg/_wall_distance_measurement.py'...
[5.923s] Compiling '/home/teehee/ros2_ws/install/lab_interfaces/local/lib/python3.10/dist-packages/lab_interfaces/msg/_wall_distance_statistics.py'...
[5.924s] Listing '/home/teehee/ros2_ws/install/lab_interfaces/local/lib/python3.10/dist-packages/lab_interfaces/srv'...
[5.924s] Compiling '/home/teehee/ros2_ws/install/lab_interfaces/local/lib/python3.10/dist-packages/lab_interfaces/srv/__init__.py'...
[5.924s] Compiling '/home/teehee/ros2_ws/install/lab_interfaces/local/lib/python3.10/dist-packages/lab_interfaces/srv/_measure_wall_dist.py'...
[5.927s] -- Installing: /home/teehee/ros2_ws/install/lab_interfaces/local/lib/python3.10/dist-packages/lab_interfaces/lab_interfaces_s__rosidl_typesupport_fastrtps_c.cpython-310-x86_64-linux-gnu.so
[5.928s] -- Set runtime path of "/home/teehee/ros2_ws/install/lab_interfaces/local/lib/python3.10/dist-packages/lab_interfaces/lab_interfaces_s__rosidl_typesupport_fastrtps_c.cpython-310-x86_64-linux-gnu.so" to ""
[5.928s] -- Installing: /home/teehee/ros2_ws/install/lab_interfaces/local/lib/python3.10/dist-packages/lab_interfaces/lab_interfaces_s__rosidl_typesupport_introspection_c.cpython-310-x86_64-linux-gnu.so
[5.928s] -- Set runtime path of "/home/teehee/ros2_ws/install/lab_interfaces/local/lib/python3.10/dist-packages/lab_interfaces/lab_interfaces_s__rosidl_typesupport_introspection_c.cpython-310-x86_64-linux-gnu.so" to ""
[5.929s] -- Installing: /home/teehee/ros2_ws/install/lab_interfaces/local/lib/python3.10/dist-packages/lab_interfaces/lab_interfaces_s__rosidl_typesupport_c.cpython-310-x86_64-linux-gnu.so
[5.929s] -- Set runtime path of "/home/teehee/ros2_ws/install/lab_interfaces/local/lib/python3.10/dist-packages/lab_interfaces/lab_interfaces_s__rosidl_typesupport_c.cpython-310-x86_64-linux-gnu.so" to ""
[5.929s] -- Installing: /home/teehee/ros2_ws/install/lab_interfaces/lib/liblab_interfaces__rosidl_generator_py.so
[5.930s] -- Set runtime path of "/home/teehee/ros2_ws/install/lab_interfaces/lib/liblab_interfaces__rosidl_generator_py.so" to ""
[5.930s] -- Installing: /home/teehee/ros2_ws/install/lab_interfaces/share/lab_interfaces/srv/MeasureWallDist.idl
[5.930s] -- Up-to-date: /home/teehee/ros2_ws/install/lab_interfaces/share/lab_interfaces/msg/WallDistanceMeasurement.idl
[5.930s] -- Up-to-date: /home/teehee/ros2_ws/install/lab_interfaces/share/lab_interfaces/msg/WallDistanceArray.idl
[5.930s] -- Up-to-date: /home/teehee/ros2_ws/install/lab_interfaces/share/lab_interfaces/msg/WallDistanceStatistics.idl
[5.931s] -- Installing: /home/teehee/ros2_ws/install/lab_interfaces/share/lab_interfaces/srv/MeasureWallDist.srv
[5.931s] -- Installing: /home/teehee/ros2_ws/install/lab_interfaces/share/lab_interfaces/srv/MeasureWallDist_Request.msg
[5.932s] -- Installing: /home/teehee/ros2_ws/install/lab_interfaces/share/lab_interfaces/srv/MeasureWallDist_Response.msg
[5.932s] -- Up-to-date: /home/teehee/ros2_ws/install/lab_interfaces/share/lab_interfaces/msg/WallDistanceMeasurement.msg
[5.932s] -- Up-to-date: /home/teehee/ros2_ws/install/lab_interfaces/share/lab_interfaces/msg/WallDistanceArray.msg
[5.932s] -- Up-to-date: /home/teehee/ros2_ws/install/lab_interfaces/share/lab_interfaces/msg/WallDistanceStatistics.msg
[5.932s] -- Up-to-date: /home/teehee/ros2_ws/install/lab_interfaces/share/ament_index/resource_index/package_run_dependencies/lab_interfaces
[5.932s] -- Installing: /home/teehee/ros2_ws/install/lab_interfaces/share/ament_index/resource_index/parent_prefix_path/lab_interfaces
[5.933s] -- Up-to-date: /home/teehee/ros2_ws/install/lab_interfaces/share/lab_interfaces/environment/ament_prefix_path.sh
[5.933s] -- Installing: /home/teehee/ros2_ws/install/lab_interfaces/share/lab_interfaces/environment/ament_prefix_path.dsv
[5.933s] -- Up-to-date: /home/teehee/ros2_ws/install/lab_interfaces/share/lab_interfaces/environment/path.sh
[5.933s] -- Installing: /home/teehee/ros2_ws/install/lab_interfaces/share/lab_interfaces/environment/path.dsv
[5.933s] -- Up-to-date: /home/teehee/ros2_ws/install/lab_interfaces/share/lab_interfaces/local_setup.bash
[5.933s] -- Up-to-date: /home/teehee/ros2_ws/install/lab_interfaces/share/lab_interfaces/local_setup.sh
[5.933s] -- Up-to-date: /home/teehee/ros2_ws/install/lab_interfaces/share/lab_interfaces/local_setup.zsh
[5.933s] -- Installing: /home/teehee/ros2_ws/install/lab_interfaces/share/lab_interfaces/local_setup.dsv
[5.933s] -- Installing: /home/teehee/ros2_ws/install/lab_interfaces/share/lab_interfaces/package.dsv
[5.934s] -- Up-to-date: /home/teehee/ros2_ws/install/lab_interfaces/share/ament_index/resource_index/packages/lab_interfaces
[5.934s] -- Up-to-date: /home/teehee/ros2_ws/install/lab_interfaces/share/lab_interfaces/cmake/export_lab_interfaces__rosidl_generator_cExport.cmake
[5.934s] -- Up-to-date: /home/teehee/ros2_ws/install/lab_interfaces/share/lab_interfaces/cmake/export_lab_interfaces__rosidl_generator_cExport-noconfig.cmake
[5.934s] -- Up-to-date: /home/teehee/ros2_ws/install/lab_interfaces/share/lab_interfaces/cmake/export_lab_interfaces__rosidl_typesupport_fastrtps_cExport.cmake
[5.935s] -- Up-to-date: /home/teehee/ros2_ws/install/lab_interfaces/share/lab_interfaces/cmake/export_lab_interfaces__rosidl_typesupport_fastrtps_cExport-noconfig.cmake
[5.935s] -- Up-to-date: /home/teehee/ros2_ws/install/lab_interfaces/share/lab_interfaces/cmake/lab_interfaces__rosidl_typesupport_introspection_cExport.cmake
[5.935s] -- Up-to-date: /home/teehee/ros2_ws/install/lab_interfaces/share/lab_interfaces/cmake/lab_interfaces__rosidl_typesupport_introspection_cExport-noconfig.cmake
[5.935s] -- Up-to-date: /home/teehee/ros2_ws/install/lab_interfaces/share/lab_interfaces/cmake/lab_interfaces__rosidl_typesupport_cExport.cmake
[5.936s] -- Up-to-date: /home/teehee/ros2_ws/install/lab_interfaces/share/lab_interfaces/cmake/lab_interfaces__rosidl_typesupport_cExport-noconfig.cmake
[5.936s] -- Up-to-date: /home/teehee/ros2_ws/install/lab_interfaces/share/lab_interfaces/cmake/export_lab_interfaces__rosidl_generator_cppExport.cmake
[5.936s] -- Up-to-date: /home/teehee/ros2_ws/install/lab_interfaces/share/lab_interfaces/cmake/export_lab_interfaces__rosidl_typesupport_fastrtps_cppExport.cmake
[5.936s] -- Up-to-date: /home/teehee/ros2_ws/install/lab_interfaces/share/lab_interfaces/cmake/export_lab_interfaces__rosidl_typesupport_fastrtps_cppExport-noconfig.cmake
[5.936s] -- Up-to-date: /home/teehee/ros2_ws/install/lab_interfaces/share/lab_interfaces/cmake/lab_interfaces__rosidl_typesupport_introspection_cppExport.cmake
[5.936s] -- Up-to-date: /home/teehee/ros2_ws/install/lab_interfaces/share/lab_interfaces/cmake/lab_interfaces__rosidl_typesupport_introspection_cppExport-noconfig.cmake
[5.937s] -- Up-to-date: /home/teehee/ros2_ws/install/lab_interfaces/share/lab_interfaces/cmake/lab_interfaces__rosidl_typesupport_cppExport.cmake
[5.937s] -- Up-to-date: /home/teehee/ros2_ws/install/lab_interfaces/share/lab_interfaces/cmake/lab_interfaces__rosidl_typesupport_cppExport-noconfig.cmake
[5.937s] -- Up-to-date: /home/teehee/ros2_ws/install/lab_interfaces/share/lab_interfaces/cmake/export_lab_interfaces__rosidl_generator_pyExport.cmake
[5.937s] -- Up-to-date: /home/teehee/ros2_ws/install/lab_interfaces/share/lab_interfaces/cmake/export_lab_interfaces__rosidl_generator_pyExport-noconfig.cmake
[5.937s] -- Installing: /home/teehee/ros2_ws/install/lab_interfaces/share/lab_interfaces/cmake/rosidl_cmake-extras.cmake
[5.937s] -- Up-to-date: /home/teehee/ros2_ws/install/lab_interfaces/share/lab_interfaces/cmake/ament_cmake_export_include_directories-extras.cmake
[5.937s] -- Up-to-date: /home/teehee/ros2_ws/install/lab_interfaces/share/lab_interfaces/cmake/ament_cmake_export_libraries-extras.cmake
[5.937s] -- Up-to-date: /home/teehee/ros2_ws/install/lab_interfaces/share/lab_interfaces/cmake/ament_cmake_export_targets-extras.cmake
[5.937s] -- Up-to-date: /home/teehee/ros2_ws/install/lab_interfaces/share/lab_interfaces/cmake/rosidl_cmake_export_typesupport_targets-extras.cmake
[5.938s] -- Up-to-date: /home/teehee/ros2_ws/install/lab_interfaces/share/lab_interfaces/cmake/ament_cmake_export_dependencies-extras.cmake
[5.938s] -- Up-to-date: /home/teehee/ros2_ws/install/lab_interfaces/share/lab_interfaces/cmake/rosidl_cmake_export_typesupport_libraries-extras.cmake
[5.938s] -- Up-to-date: /home/teehee/ros2_ws/install/lab_interfaces/share/lab_interfaces/cmake/lab_interfacesConfig.cmake
[5.938s] -- Up-to-date: /home/teehee/ros2_ws/install/lab_interfaces/share/lab_interfaces/cmake/lab_interfacesConfig-version.cmake
[5.938s] -- Up-to-date: /home/teehee/ros2_ws/install/lab_interfaces/share/lab_interfaces/package.xml
[5.941s] Invoked command in '/home/teehee/ros2_ws/build/lab_interfaces' returned '0': CMAKE_PREFIX_PATH=${CMAKE_PREFIX_PATH}:/home/teehee/ros2_ws/install/labs_pkg:/home/teehee/ros2_ws/install/example_pkg:/opt/ros/humble /usr/bin/cmake --install /home/teehee/ros2_ws/build/lab_interfaces
