[0.671s] Invoking command in '/home/teehee/ros2_ws/src/labex6': CMAKE_PREFIX_PATH=/home/teehee/ros2_ws/install/lab_interfaces:/home/teehee/ros2_ws/install/exersice_2_1:/home/teehee/ros2_ws/install/urdf_example:/home/teehee/ros2_ws/install/labs_bringup PYTHONPATH=/home/teehee/ros2_ws/build/labex6/prefix_override:/home/teehee/ros2_ws/install/labex6/lib/python3.10/site-packages:${PYTHONPATH} /usr/bin/python3 setup.py egg_info --egg-base ../../build/labex6 build --build-base /home/teehee/ros2_ws/build/labex6/build install --record /home/teehee/ros2_ws/build/labex6/install.log --single-version-externally-managed
[0.778s] running egg_info
[0.778s] writing ../../build/labex6/labex6.egg-info/PKG-INFO
[0.778s] writing dependency_links to ../../build/labex6/labex6.egg-info/dependency_links.txt
[0.778s] writing entry points to ../../build/labex6/labex6.egg-info/entry_points.txt
[0.779s] writing requirements to ../../build/labex6/labex6.egg-info/requires.txt
[0.779s] writing top-level names to ../../build/labex6/labex6.egg-info/top_level.txt
[0.785s] reading manifest file '../../build/labex6/labex6.egg-info/SOURCES.txt'
[0.786s] writing manifest file '../../build/labex6/labex6.egg-info/SOURCES.txt'
[0.786s] running build
[0.786s] running build_py
[0.786s] running install
[0.794s] running install_lib
[0.794s] running install_data
[0.795s] running install_egg_info
[0.796s] /usr/lib/python3/dist-packages/setuptools/command/install.py:34: SetuptoolsDeprecationWarning: setup.py install is deprecated. Use build and pip and other standards-based tools.
[0.796s]   warnings.warn(
[0.796s] removing '/home/teehee/ros2_ws/install/labex6/lib/python3.10/site-packages/labex6-0.0.0-py3.10.egg-info' (and everything under it)
[0.802s] Copying ../../build/labex6/labex6.egg-info to /home/teehee/ros2_ws/install/labex6/lib/python3.10/site-packages/labex6-0.0.0-py3.10.egg-info
[0.803s] running install_scripts
[0.832s] Installing tb4_drivesquare script to /home/teehee/ros2_ws/install/labex6/lib/labex6
[0.834s] writing list of installed files to '/home/teehee/ros2_ws/build/labex6/install.log'
[0.858s] Invoked command in '/home/teehee/ros2_ws/src/labex6' returned '0': CMAKE_PREFIX_PATH=/home/teehee/ros2_ws/install/lab_interfaces:/home/teehee/ros2_ws/install/exersice_2_1:/home/teehee/ros2_ws/install/urdf_example:/home/teehee/ros2_ws/install/labs_bringup PYTHONPATH=/home/teehee/ros2_ws/build/labex6/prefix_override:/home/teehee/ros2_ws/install/labex6/lib/python3.10/site-packages:${PYTHONPATH} /usr/bin/python3 setup.py egg_info --egg-base ../../build/labex6 build --build-base /home/teehee/ros2_ws/build/labex6/build install --record /home/teehee/ros2_ws/build/labex6/install.log --single-version-externally-managed
