[0.358s] Invoking command in '/home/teehee/ros2_ws/build/pylab05': PYTHONPATH=/home/teehee/ros2_ws/build/pylab05/prefix_override:/home/teehee/ros2_ws/install/pylab05/lib/python3.10/site-packages:${PYTHONPATH} /usr/bin/python3 setup.py develop --editable --build-directory /home/teehee/ros2_ws/build/pylab05/build --no-deps install_data
[0.491s] /usr/lib/python3/dist-packages/setuptools/command/easy_install.py:158: EasyInstallDeprecationWarning: easy_install command is deprecated. Use build and pip and other standards-based tools.
[0.491s]   warnings.warn(
[0.492s] /usr/lib/python3/dist-packages/setuptools/command/install.py:34: SetuptoolsDeprecationWarning: setup.py install is deprecated. Use build and pip and other standards-based tools.
[0.492s]   warnings.warn(
[0.495s] running develop
[0.561s] running egg_info
[0.561s] writing pylab05.egg-info/PKG-INFO
[0.561s] writing dependency_links to pylab05.egg-info/dependency_links.txt
[0.561s] writing entry points to pylab05.egg-info/entry_points.txt
[0.561s] writing requirements to pylab05.egg-info/requires.txt
[0.561s] writing top-level names to pylab05.egg-info/top_level.txt
[0.562s] reading manifest file 'pylab05.egg-info/SOURCES.txt'
[0.562s] writing manifest file 'pylab05.egg-info/SOURCES.txt'
[0.563s] running build_ext
[0.563s] Creating /home/teehee/ros2_ws/install/pylab05/lib/python3.10/site-packages/pylab05.egg-link (link to .)
[0.564s] Installing around_wall script to /home/teehee/ros2_ws/install/pylab05/lib/pylab05
[0.564s] Installing ex52_control script to /home/teehee/ros2_ws/install/pylab05/lib/pylab05
[0.565s] Installing go_to_red script to /home/teehee/ros2_ws/install/pylab05/lib/pylab05
[0.565s] Installing point_cloud2 script to /home/teehee/ros2_ws/install/pylab05/lib/pylab05
[0.565s] Installing stop_at_wall script to /home/teehee/ros2_ws/install/pylab05/lib/pylab05
[0.565s] 
[0.565s] Installed /home/teehee/ros2_ws/build/pylab05
[0.565s] running install_data
[0.578s] Invoked command in '/home/teehee/ros2_ws/build/pylab05' returned '0': PYTHONPATH=/home/teehee/ros2_ws/build/pylab05/prefix_override:/home/teehee/ros2_ws/install/pylab05/lib/python3.10/site-packages:${PYTHONPATH} /usr/bin/python3 setup.py develop --editable --build-directory /home/teehee/ros2_ws/build/pylab05/build --no-deps install_data
