[0.626s] Invoking command in '/home/teehee/ros2_ws/build/labs_pkg': PYTHONPATH=/home/teehee/ros2_ws/build/labs_pkg/prefix_override:/home/teehee/ros2_ws/install/labs_pkg/lib/python3.10/site-packages:${PYTHONPATH} /usr/bin/python3 setup.py develop --editable --build-directory /home/teehee/ros2_ws/build/labs_pkg/build --no-deps install_data
[0.932s] running develop
[0.935s] /usr/lib/python3/dist-packages/setuptools/command/easy_install.py:158: EasyInstallDeprecationWarning: easy_install command is deprecated. Use build and pip and other standards-based tools.
[0.935s]   warnings.warn(
[0.937s] /usr/lib/python3/dist-packages/setuptools/command/install.py:34: SetuptoolsDeprecationWarning: setup.py install is deprecated. Use build and pip and other standards-based tools.
[0.937s]   warnings.warn(
[1.065s] running egg_info
[1.066s] writing labs_pkg.egg-info/PKG-INFO
[1.067s] writing dependency_links to labs_pkg.egg-info/dependency_links.txt
[1.067s] writing entry points to labs_pkg.egg-info/entry_points.txt
[1.067s] writing requirements to labs_pkg.egg-info/requires.txt
[1.067s] writing top-level names to labs_pkg.egg-info/top_level.txt
[1.068s] reading manifest file 'labs_pkg.egg-info/SOURCES.txt'
[1.069s] writing manifest file 'labs_pkg.egg-info/SOURCES.txt'
[1.070s] running build_ext
[1.071s] Creating /home/teehee/ros2_ws/install/labs_pkg/lib/python3.10/site-packages/labs-pkg.egg-link (link to .)
[1.072s] Installing cumulative_adder = labs_pkg.cumulative_adder:mainturtlesim_move script to /home/teehee/ros2_ws/install/labs_pkg/lib/labs_pkg
[1.072s] Installing integer_publisher script to /home/teehee/ros2_ws/install/labs_pkg/lib/labs_pkg
[1.073s] Installing my_listener script to /home/teehee/ros2_ws/install/labs_pkg/lib/labs_pkg
[1.073s] Installing my_talker script to /home/teehee/ros2_ws/install/labs_pkg/lib/labs_pkg
[1.073s] 
[1.073s] Installed /home/teehee/ros2_ws/build/labs_pkg
[1.073s] running install_data
[1.075s] copying package.xml -> /home/teehee/ros2_ws/install/labs_pkg/share/labs_pkg
[1.101s] Invoked command in '/home/teehee/ros2_ws/build/labs_pkg' returned '0': PYTHONPATH=/home/teehee/ros2_ws/build/labs_pkg/prefix_override:/home/teehee/ros2_ws/install/labs_pkg/lib/python3.10/site-packages:${PYTHONPATH} /usr/bin/python3 setup.py develop --editable --build-directory /home/teehee/ros2_ws/build/labs_pkg/build --no-deps install_data
