[0.946s] DEBUG:colcon:Command line arguments: ['/usr/bin/colcon', 'build', '--packages-select', 'robot1', '--symlink-install']
[0.946s] DEBUG:colcon:Parsed command line arguments: Namespace(log_base=None, log_level=None, verb_name='build', build_base='build', install_base='install', merge_install=False, symlink_install=True, test_result_base=None, continue_on_error=False, executor='parallel', parallel_workers=4, event_handlers=None, ignore_user_meta=False, metas=['./colcon.meta'], base_paths=['.'], packages_ignore=None, packages_ignore_regex=None, paths=None, packages_up_to=None, packages_up_to_regex=None, packages_above=None, packages_above_and_dependencies=None, packages_above_depth=None, packages_select_by_dep=None, packages_skip_by_dep=None, packages_skip_up_to=None, packages_select_build_failed=False, packages_skip_build_finished=False, packages_select_test_failures=False, packages_skip_test_passed=False, packages_select=['robot1'], packages_skip=None, packages_select_regex=None, packages_skip_regex=None, packages_start=None, packages_end=None, allow_overriding=[], cmake_args=None, cmake_target=None, cmake_target_skip_unavailable=False, cmake_clean_cache=False, cmake_clean_first=False, cmake_force_configure=False, ament_cmake_args=None, catkin_cmake_args=None, catkin_skip_building_tests=False, verb_parser=<colcon_defaults.argument_parser.defaults.DefaultArgumentsDecorator object at 0x7fae2fbeefe0>, verb_extension=<colcon_core.verb.build.BuildVerb object at 0x7fae2ffcfd60>, main=<bound method BuildVerb.main of <colcon_core.verb.build.BuildVerb object at 0x7fae2ffcfd60>>)
[0.994s] Level 1:colcon.colcon_core.package_discovery:discover_packages(colcon_meta) check parameters
[0.994s] Level 1:colcon.colcon_core.package_discovery:discover_packages(recursive) check parameters
[0.994s] Level 1:colcon.colcon_core.package_discovery:discover_packages(ignore) check parameters
[0.994s] Level 1:colcon.colcon_core.package_discovery:discover_packages(path) check parameters
[0.994s] Level 1:colcon.colcon_core.package_discovery:discover_packages(colcon_meta) discover
[0.994s] Level 1:colcon.colcon_core.package_discovery:discover_packages(recursive) discover
[0.994s] INFO:colcon.colcon_core.package_discovery:Crawling recursively for packages in '/home/teehee/ros2_ws'
[0.994s] Level 1:colcon.colcon_core.package_identification:_identify(.) by extensions ['ignore', 'ignore_ament_install']
[0.994s] Level 1:colcon.colcon_core.package_identification:_identify(.) by extension 'ignore'
[0.994s] Level 1:colcon.colcon_core.package_identification:_identify(.) by extension 'ignore_ament_install'
[0.995s] Level 1:colcon.colcon_core.package_identification:_identify(.) by extensions ['colcon_pkg']
[0.995s] Level 1:colcon.colcon_core.package_identification:_identify(.) by extension 'colcon_pkg'
[0.995s] Level 1:colcon.colcon_core.package_identification:_identify(.) by extensions ['colcon_meta']
[0.995s] Level 1:colcon.colcon_core.package_identification:_identify(.) by extension 'colcon_meta'
[0.995s] Level 1:colcon.colcon_core.package_identification:_identify(.) by extensions ['ros']
[0.995s] Level 1:colcon.colcon_core.package_identification:_identify(.) by extension 'ros'
[1.006s] Level 1:colcon.colcon_core.package_identification:_identify(.) by extensions ['cmake', 'python']
[1.006s] Level 1:colcon.colcon_core.package_identification:_identify(.) by extension 'cmake'
[1.007s] Level 1:colcon.colcon_core.package_identification:_identify(.) by extension 'python'
[1.007s] Level 1:colcon.colcon_core.package_identification:_identify(.) by extensions ['python_setup_py']
[1.007s] Level 1:colcon.colcon_core.package_identification:_identify(.) by extension 'python_setup_py'
[1.007s] Level 1:colcon.colcon_core.package_identification:_identify(build) by extensions ['ignore', 'ignore_ament_install']
[1.007s] Level 1:colcon.colcon_core.package_identification:_identify(build) by extension 'ignore'
[1.007s] Level 1:colcon.colcon_core.package_identification:_identify(build) ignored
[1.007s] Level 1:colcon.colcon_core.package_identification:_identify(install) by extensions ['ignore', 'ignore_ament_install']
[1.007s] Level 1:colcon.colcon_core.package_identification:_identify(install) by extension 'ignore'
[1.007s] Level 1:colcon.colcon_core.package_identification:_identify(install) ignored
[1.007s] Level 1:colcon.colcon_core.package_identification:_identify(log) by extensions ['ignore', 'ignore_ament_install']
[1.007s] Level 1:colcon.colcon_core.package_identification:_identify(log) by extension 'ignore'
[1.007s] Level 1:colcon.colcon_core.package_identification:_identify(log) ignored
[1.008s] Level 1:colcon.colcon_core.package_identification:_identify(src) by extensions ['ignore', 'ignore_ament_install']
[1.008s] Level 1:colcon.colcon_core.package_identification:_identify(src) by extension 'ignore'
[1.008s] Level 1:colcon.colcon_core.package_identification:_identify(src) by extension 'ignore_ament_install'
[1.008s] Level 1:colcon.colcon_core.package_identification:_identify(src) by extensions ['colcon_pkg']
[1.008s] Level 1:colcon.colcon_core.package_identification:_identify(src) by extension 'colcon_pkg'
[1.008s] Level 1:colcon.colcon_core.package_identification:_identify(src) by extensions ['colcon_meta']
[1.008s] Level 1:colcon.colcon_core.package_identification:_identify(src) by extension 'colcon_meta'
[1.008s] Level 1:colcon.colcon_core.package_identification:_identify(src) by extensions ['ros']
[1.008s] Level 1:colcon.colcon_core.package_identification:_identify(src) by extension 'ros'
[1.008s] Level 1:colcon.colcon_core.package_identification:_identify(src) by extensions ['cmake', 'python']
[1.008s] Level 1:colcon.colcon_core.package_identification:_identify(src) by extension 'cmake'
[1.008s] Level 1:colcon.colcon_core.package_identification:_identify(src) by extension 'python'
[1.008s] Level 1:colcon.colcon_core.package_identification:_identify(src) by extensions ['python_setup_py']
[1.008s] Level 1:colcon.colcon_core.package_identification:_identify(src) by extension 'python_setup_py'
[1.008s] Level 1:colcon.colcon_core.package_identification:_identify(src/example_pkg) by extensions ['ignore', 'ignore_ament_install']
[1.008s] Level 1:colcon.colcon_core.package_identification:_identify(src/example_pkg) by extension 'ignore'
[1.008s] Level 1:colcon.colcon_core.package_identification:_identify(src/example_pkg) by extension 'ignore_ament_install'
[1.008s] Level 1:colcon.colcon_core.package_identification:_identify(src/example_pkg) by extensions ['colcon_pkg']
[1.008s] Level 1:colcon.colcon_core.package_identification:_identify(src/example_pkg) by extension 'colcon_pkg'
[1.008s] Level 1:colcon.colcon_core.package_identification:_identify(src/example_pkg) by extensions ['colcon_meta']
[1.008s] Level 1:colcon.colcon_core.package_identification:_identify(src/example_pkg) by extension 'colcon_meta'
[1.008s] Level 1:colcon.colcon_core.package_identification:_identify(src/example_pkg) by extensions ['ros']
[1.008s] Level 1:colcon.colcon_core.package_identification:_identify(src/example_pkg) by extension 'ros'
[1.010s] DEBUG:colcon.colcon_core.package_identification:Package 'src/example_pkg' with type 'ros.ament_python' and name 'example_pkg'
[1.011s] Level 1:colcon.colcon_core.package_identification:_identify(src/exercise_3_4) by extensions ['ignore', 'ignore_ament_install']
[1.011s] Level 1:colcon.colcon_core.package_identification:_identify(src/exercise_3_4) by extension 'ignore'
[1.011s] Level 1:colcon.colcon_core.package_identification:_identify(src/exercise_3_4) by extension 'ignore_ament_install'
[1.011s] Level 1:colcon.colcon_core.package_identification:_identify(src/exercise_3_4) by extensions ['colcon_pkg']
[1.011s] Level 1:colcon.colcon_core.package_identification:_identify(src/exercise_3_4) by extension 'colcon_pkg'
[1.011s] Level 1:colcon.colcon_core.package_identification:_identify(src/exercise_3_4) by extensions ['colcon_meta']
[1.011s] Level 1:colcon.colcon_core.package_identification:_identify(src/exercise_3_4) by extension 'colcon_meta'
[1.011s] Level 1:colcon.colcon_core.package_identification:_identify(src/exercise_3_4) by extensions ['ros']
[1.011s] Level 1:colcon.colcon_core.package_identification:_identify(src/exercise_3_4) by extension 'ros'
[1.011s] DEBUG:colcon.colcon_core.package_identification:Package 'src/exercise_3_4' with type 'ros.ament_cmake' and name 'exercise_3_4'
[1.011s] Level 1:colcon.colcon_core.package_identification:_identify(src/exersice_2_1) by extensions ['ignore', 'ignore_ament_install']
[1.011s] Level 1:colcon.colcon_core.package_identification:_identify(src/exersice_2_1) by extension 'ignore'
[1.011s] Level 1:colcon.colcon_core.package_identification:_identify(src/exersice_2_1) by extension 'ignore_ament_install'
[1.011s] Level 1:colcon.colcon_core.package_identification:_identify(src/exersice_2_1) by extensions ['colcon_pkg']
[1.011s] Level 1:colcon.colcon_core.package_identification:_identify(src/exersice_2_1) by extension 'colcon_pkg'
[1.012s] Level 1:colcon.colcon_core.package_identification:_identify(src/exersice_2_1) by extensions ['colcon_meta']
[1.012s] Level 1:colcon.colcon_core.package_identification:_identify(src/exersice_2_1) by extension 'colcon_meta'
[1.012s] Level 1:colcon.colcon_core.package_identification:_identify(src/exersice_2_1) by extensions ['ros']
[1.012s] Level 1:colcon.colcon_core.package_identification:_identify(src/exersice_2_1) by extension 'ros'
[1.012s] DEBUG:colcon.colcon_core.package_identification:Package 'src/exersice_2_1' with type 'ros.ament_cmake' and name 'exersice_2_1'
[1.012s] Level 1:colcon.colcon_core.package_identification:_identify(src/exersice_2_2) by extensions ['ignore', 'ignore_ament_install']
[1.012s] Level 1:colcon.colcon_core.package_identification:_identify(src/exersice_2_2) by extension 'ignore'
[1.012s] Level 1:colcon.colcon_core.package_identification:_identify(src/exersice_2_2) by extension 'ignore_ament_install'
[1.012s] Level 1:colcon.colcon_core.package_identification:_identify(src/exersice_2_2) by extensions ['colcon_pkg']
[1.012s] Level 1:colcon.colcon_core.package_identification:_identify(src/exersice_2_2) by extension 'colcon_pkg'
[1.012s] Level 1:colcon.colcon_core.package_identification:_identify(src/exersice_2_2) by extensions ['colcon_meta']
[1.012s] Level 1:colcon.colcon_core.package_identification:_identify(src/exersice_2_2) by extension 'colcon_meta'
[1.012s] Level 1:colcon.colcon_core.package_identification:_identify(src/exersice_2_2) by extensions ['ros']
[1.012s] Level 1:colcon.colcon_core.package_identification:_identify(src/exersice_2_2) by extension 'ros'
[1.013s] DEBUG:colcon.colcon_core.package_identification:Package 'src/exersice_2_2' with type 'ros.ament_cmake' and name 'exersice_2_2'
[1.013s] Level 1:colcon.colcon_core.package_identification:_identify(src/lab2urdf) by extensions ['ignore', 'ignore_ament_install']
[1.013s] Level 1:colcon.colcon_core.package_identification:_identify(src/lab2urdf) by extension 'ignore'
[1.013s] Level 1:colcon.colcon_core.package_identification:_identify(src/lab2urdf) by extension 'ignore_ament_install'
[1.013s] Level 1:colcon.colcon_core.package_identification:_identify(src/lab2urdf) by extensions ['colcon_pkg']
[1.013s] Level 1:colcon.colcon_core.package_identification:_identify(src/lab2urdf) by extension 'colcon_pkg'
[1.013s] Level 1:colcon.colcon_core.package_identification:_identify(src/lab2urdf) by extensions ['colcon_meta']
[1.013s] Level 1:colcon.colcon_core.package_identification:_identify(src/lab2urdf) by extension 'colcon_meta'
[1.013s] Level 1:colcon.colcon_core.package_identification:_identify(src/lab2urdf) by extensions ['ros']
[1.013s] Level 1:colcon.colcon_core.package_identification:_identify(src/lab2urdf) by extension 'ros'
[1.013s] DEBUG:colcon.colcon_core.package_identification:Package 'src/lab2urdf' with type 'ros.ament_cmake' and name 'lab2urdf'
[1.013s] Level 1:colcon.colcon_core.package_identification:_identify(src/lab_exam2_pkg) by extensions ['ignore', 'ignore_ament_install']
[1.014s] Level 1:colcon.colcon_core.package_identification:_identify(src/lab_exam2_pkg) by extension 'ignore'
[1.014s] Level 1:colcon.colcon_core.package_identification:_identify(src/lab_exam2_pkg) by extension 'ignore_ament_install'
[1.014s] Level 1:colcon.colcon_core.package_identification:_identify(src/lab_exam2_pkg) by extensions ['colcon_pkg']
[1.014s] Level 1:colcon.colcon_core.package_identification:_identify(src/lab_exam2_pkg) by extension 'colcon_pkg'
[1.014s] Level 1:colcon.colcon_core.package_identification:_identify(src/lab_exam2_pkg) by extensions ['colcon_meta']
[1.014s] Level 1:colcon.colcon_core.package_identification:_identify(src/lab_exam2_pkg) by extension 'colcon_meta'
[1.014s] Level 1:colcon.colcon_core.package_identification:_identify(src/lab_exam2_pkg) by extensions ['ros']
[1.014s] Level 1:colcon.colcon_core.package_identification:_identify(src/lab_exam2_pkg) by extension 'ros'
[1.015s] DEBUG:colcon.colcon_core.package_identification:Package 'src/lab_exam2_pkg' with type 'ros.ament_python' and name 'lab_exam2_pkg'
[1.015s] Level 1:colcon.colcon_core.package_identification:_identify(src/lab_interfaces) by extensions ['ignore', 'ignore_ament_install']
[1.015s] Level 1:colcon.colcon_core.package_identification:_identify(src/lab_interfaces) by extension 'ignore'
[1.015s] Level 1:colcon.colcon_core.package_identification:_identify(src/lab_interfaces) by extension 'ignore_ament_install'
[1.015s] Level 1:colcon.colcon_core.package_identification:_identify(src/lab_interfaces) by extensions ['colcon_pkg']
[1.015s] Level 1:colcon.colcon_core.package_identification:_identify(src/lab_interfaces) by extension 'colcon_pkg'
[1.015s] Level 1:colcon.colcon_core.package_identification:_identify(src/lab_interfaces) by extensions ['colcon_meta']
[1.015s] Level 1:colcon.colcon_core.package_identification:_identify(src/lab_interfaces) by extension 'colcon_meta'
[1.015s] Level 1:colcon.colcon_core.package_identification:_identify(src/lab_interfaces) by extensions ['ros']
[1.015s] Level 1:colcon.colcon_core.package_identification:_identify(src/lab_interfaces) by extension 'ros'
[1.016s] DEBUG:colcon.colcon_core.package_identification:Package 'src/lab_interfaces' with type 'ros.ament_cmake' and name 'lab_interfaces'
[1.016s] Level 1:colcon.colcon_core.package_identification:_identify(src/labex6) by extensions ['ignore', 'ignore_ament_install']
[1.016s] Level 1:colcon.colcon_core.package_identification:_identify(src/labex6) by extension 'ignore'
[1.016s] Level 1:colcon.colcon_core.package_identification:_identify(src/labex6) by extension 'ignore_ament_install'
[1.016s] Level 1:colcon.colcon_core.package_identification:_identify(src/labex6) by extensions ['colcon_pkg']
[1.016s] Level 1:colcon.colcon_core.package_identification:_identify(src/labex6) by extension 'colcon_pkg'
[1.016s] Level 1:colcon.colcon_core.package_identification:_identify(src/labex6) by extensions ['colcon_meta']
[1.016s] Level 1:colcon.colcon_core.package_identification:_identify(src/labex6) by extension 'colcon_meta'
[1.016s] Level 1:colcon.colcon_core.package_identification:_identify(src/labex6) by extensions ['ros']
[1.016s] Level 1:colcon.colcon_core.package_identification:_identify(src/labex6) by extension 'ros'
[1.017s] DEBUG:colcon.colcon_core.package_identification:Package 'src/labex6' with type 'ros.ament_python' and name 'labex6'
[1.017s] Level 1:colcon.colcon_core.package_identification:_identify(src/labs_bringup) by extensions ['ignore', 'ignore_ament_install']
[1.017s] Level 1:colcon.colcon_core.package_identification:_identify(src/labs_bringup) by extension 'ignore'
[1.017s] Level 1:colcon.colcon_core.package_identification:_identify(src/labs_bringup) by extension 'ignore_ament_install'
[1.017s] Level 1:colcon.colcon_core.package_identification:_identify(src/labs_bringup) by extensions ['colcon_pkg']
[1.017s] Level 1:colcon.colcon_core.package_identification:_identify(src/labs_bringup) by extension 'colcon_pkg'
[1.017s] Level 1:colcon.colcon_core.package_identification:_identify(src/labs_bringup) by extensions ['colcon_meta']
[1.017s] Level 1:colcon.colcon_core.package_identification:_identify(src/labs_bringup) by extension 'colcon_meta'
[1.017s] Level 1:colcon.colcon_core.package_identification:_identify(src/labs_bringup) by extensions ['ros']
[1.017s] Level 1:colcon.colcon_core.package_identification:_identify(src/labs_bringup) by extension 'ros'
[1.018s] DEBUG:colcon.colcon_core.package_identification:Package 'src/labs_bringup' with type 'ros.ament_cmake' and name 'labs_bringup'
[1.018s] Level 1:colcon.colcon_core.package_identification:_identify(src/labs_pkg) by extensions ['ignore', 'ignore_ament_install']
[1.018s] Level 1:colcon.colcon_core.package_identification:_identify(src/labs_pkg) by extension 'ignore'
[1.018s] Level 1:colcon.colcon_core.package_identification:_identify(src/labs_pkg) by extension 'ignore_ament_install'
[1.018s] Level 1:colcon.colcon_core.package_identification:_identify(src/labs_pkg) by extensions ['colcon_pkg']
[1.018s] Level 1:colcon.colcon_core.package_identification:_identify(src/labs_pkg) by extension 'colcon_pkg'
[1.018s] Level 1:colcon.colcon_core.package_identification:_identify(src/labs_pkg) by extensions ['colcon_meta']
[1.018s] Level 1:colcon.colcon_core.package_identification:_identify(src/labs_pkg) by extension 'colcon_meta'
[1.018s] Level 1:colcon.colcon_core.package_identification:_identify(src/labs_pkg) by extensions ['ros']
[1.018s] Level 1:colcon.colcon_core.package_identification:_identify(src/labs_pkg) by extension 'ros'
[1.019s] DEBUG:colcon.colcon_core.package_identification:Package 'src/labs_pkg' with type 'ros.ament_python' and name 'labs_pkg'
[1.019s] Level 1:colcon.colcon_core.package_identification:_identify(src/robot1) by extensions ['ignore', 'ignore_ament_install']
[1.019s] Level 1:colcon.colcon_core.package_identification:_identify(src/robot1) by extension 'ignore'
[1.019s] Level 1:colcon.colcon_core.package_identification:_identify(src/robot1) by extension 'ignore_ament_install'
[1.019s] Level 1:colcon.colcon_core.package_identification:_identify(src/robot1) by extensions ['colcon_pkg']
[1.019s] Level 1:colcon.colcon_core.package_identification:_identify(src/robot1) by extension 'colcon_pkg'
[1.019s] Level 1:colcon.colcon_core.package_identification:_identify(src/robot1) by extensions ['colcon_meta']
[1.019s] Level 1:colcon.colcon_core.package_identification:_identify(src/robot1) by extension 'colcon_meta'
[1.019s] Level 1:colcon.colcon_core.package_identification:_identify(src/robot1) by extensions ['ros']
[1.019s] Level 1:colcon.colcon_core.package_identification:_identify(src/robot1) by extension 'ros'
[1.020s] DEBUG:colcon.colcon_core.package_identification:Package 'src/robot1' with type 'ros.ament_cmake' and name 'robot1'
[1.020s] Level 1:colcon.colcon_core.package_identification:_identify(src/tf2_pkg) by extensions ['ignore', 'ignore_ament_install']
[1.020s] Level 1:colcon.colcon_core.package_identification:_identify(src/tf2_pkg) by extension 'ignore'
[1.020s] Level 1:colcon.colcon_core.package_identification:_identify(src/tf2_pkg) by extension 'ignore_ament_install'
[1.020s] Level 1:colcon.colcon_core.package_identification:_identify(src/tf2_pkg) by extensions ['colcon_pkg']
[1.020s] Level 1:colcon.colcon_core.package_identification:_identify(src/tf2_pkg) by extension 'colcon_pkg'
[1.020s] Level 1:colcon.colcon_core.package_identification:_identify(src/tf2_pkg) by extensions ['colcon_meta']
[1.020s] Level 1:colcon.colcon_core.package_identification:_identify(src/tf2_pkg) by extension 'colcon_meta'
[1.020s] Level 1:colcon.colcon_core.package_identification:_identify(src/tf2_pkg) by extensions ['ros']
[1.020s] Level 1:colcon.colcon_core.package_identification:_identify(src/tf2_pkg) by extension 'ros'
[1.021s] DEBUG:colcon.colcon_core.package_identification:Package 'src/tf2_pkg' with type 'ros.ament_python' and name 'tf2_pkg'
[1.021s] Level 1:colcon.colcon_core.package_identification:_identify(src/urdf_example) by extensions ['ignore', 'ignore_ament_install']
[1.021s] Level 1:colcon.colcon_core.package_identification:_identify(src/urdf_example) by extension 'ignore'
[1.021s] Level 1:colcon.colcon_core.package_identification:_identify(src/urdf_example) by extension 'ignore_ament_install'
[1.021s] Level 1:colcon.colcon_core.package_identification:_identify(src/urdf_example) by extensions ['colcon_pkg']
[1.021s] Level 1:colcon.colcon_core.package_identification:_identify(src/urdf_example) by extension 'colcon_pkg'
[1.021s] Level 1:colcon.colcon_core.package_identification:_identify(src/urdf_example) by extensions ['colcon_meta']
[1.021s] Level 1:colcon.colcon_core.package_identification:_identify(src/urdf_example) by extension 'colcon_meta'
[1.021s] Level 1:colcon.colcon_core.package_identification:_identify(src/urdf_example) by extensions ['ros']
[1.021s] Level 1:colcon.colcon_core.package_identification:_identify(src/urdf_example) by extension 'ros'
[1.022s] DEBUG:colcon.colcon_core.package_identification:Package 'src/urdf_example' with type 'ros.ament_cmake' and name 'urdf_example'
[1.022s] Level 1:colcon.colcon_core.package_discovery:discover_packages(recursive) using defaults
[1.022s] Level 1:colcon.colcon_core.package_discovery:discover_packages(ignore) discover
[1.022s] Level 1:colcon.colcon_core.package_discovery:discover_packages(ignore) using defaults
[1.022s] Level 1:colcon.colcon_core.package_discovery:discover_packages(path) discover
[1.022s] Level 1:colcon.colcon_core.package_discovery:discover_packages(path) using defaults
[1.081s] INFO:colcon.colcon_core.package_selection:Skipping not selected package 'example_pkg' in 'src/example_pkg'
[1.081s] INFO:colcon.colcon_core.package_selection:Skipping not selected package 'exercise_3_4' in 'src/exercise_3_4'
[1.081s] INFO:colcon.colcon_core.package_selection:Skipping not selected package 'exersice_2_1' in 'src/exersice_2_1'
[1.081s] INFO:colcon.colcon_core.package_selection:Skipping not selected package 'exersice_2_2' in 'src/exersice_2_2'
[1.081s] INFO:colcon.colcon_core.package_selection:Skipping not selected package 'lab2urdf' in 'src/lab2urdf'
[1.081s] INFO:colcon.colcon_core.package_selection:Skipping not selected package 'lab_interfaces' in 'src/lab_interfaces'
[1.081s] INFO:colcon.colcon_core.package_selection:Skipping not selected package 'tf2_pkg' in 'src/tf2_pkg'
[1.081s] INFO:colcon.colcon_core.package_selection:Skipping not selected package 'urdf_example' in 'src/urdf_example'
[1.081s] INFO:colcon.colcon_core.package_selection:Skipping not selected package 'lab_exam2_pkg' in 'src/lab_exam2_pkg'
[1.082s] INFO:colcon.colcon_core.package_selection:Skipping not selected package 'labex6' in 'src/labex6'
[1.082s] INFO:colcon.colcon_core.package_selection:Skipping not selected package 'labs_bringup' in 'src/labs_bringup'
[1.082s] INFO:colcon.colcon_core.package_selection:Skipping not selected package 'labs_pkg' in 'src/labs_pkg'
[1.110s] Level 1:colcon.colcon_core.package_discovery:discover_packages(prefix_path) check parameters
[1.110s] Level 1:colcon.colcon_core.package_discovery:discover_packages(prefix_path) discover
[1.141s] DEBUG:colcon.colcon_installed_package_information.package_discovery:Found 12 installed packages in /home/teehee/ros2_ws/install
[1.157s] DEBUG:colcon.colcon_installed_package_information.package_discovery:Found 279 installed packages in /opt/ros/humble
[1.159s] Level 1:colcon.colcon_core.package_discovery:discover_packages(prefix_path) using defaults
[1.247s] Level 5:colcon.colcon_core.verb:set package 'robot1' build argument 'cmake_args' from command line to 'None'
[1.248s] Level 5:colcon.colcon_core.verb:set package 'robot1' build argument 'cmake_target' from command line to 'None'
[1.248s] Level 5:colcon.colcon_core.verb:set package 'robot1' build argument 'cmake_target_skip_unavailable' from command line to 'False'
[1.248s] Level 5:colcon.colcon_core.verb:set package 'robot1' build argument 'cmake_clean_cache' from command line to 'False'
[1.248s] Level 5:colcon.colcon_core.verb:set package 'robot1' build argument 'cmake_clean_first' from command line to 'False'
[1.248s] Level 5:colcon.colcon_core.verb:set package 'robot1' build argument 'cmake_force_configure' from command line to 'False'
[1.248s] Level 5:colcon.colcon_core.verb:set package 'robot1' build argument 'ament_cmake_args' from command line to 'None'
[1.248s] Level 5:colcon.colcon_core.verb:set package 'robot1' build argument 'catkin_cmake_args' from command line to 'None'
[1.248s] Level 5:colcon.colcon_core.verb:set package 'robot1' build argument 'catkin_skip_building_tests' from command line to 'False'
[1.248s] DEBUG:colcon.colcon_core.verb:Building package 'robot1' with the following arguments: {'ament_cmake_args': None, 'build_base': '/home/teehee/ros2_ws/build/robot1', 'catkin_cmake_args': None, 'catkin_skip_building_tests': False, 'cmake_args': None, 'cmake_clean_cache': False, 'cmake_clean_first': False, 'cmake_force_configure': False, 'cmake_target': None, 'cmake_target_skip_unavailable': False, 'install_base': '/home/teehee/ros2_ws/install/robot1', 'merge_install': False, 'path': '/home/teehee/ros2_ws/src/robot1', 'symlink_install': True, 'test_result_base': None}
[1.263s] INFO:colcon.colcon_core.executor:Executing jobs using 'parallel' executor
[1.278s] DEBUG:colcon.colcon_parallel_executor.executor.parallel:run_until_complete
[1.279s] INFO:colcon.colcon_ros.task.ament_cmake.build:Building ROS package in '/home/teehee/ros2_ws/src/robot1' with build type 'ament_cmake'
[1.279s] INFO:colcon.colcon_cmake.task.cmake.build:Building CMake package in '/home/teehee/ros2_ws/src/robot1'
[1.299s] INFO:colcon.colcon_core.plugin_system:Skipping extension 'colcon_core.shell.bat': Not used on non-Windows systems
[1.300s] INFO:colcon.colcon_core.shell:Skip shell extension 'powershell' for command environment: Not usable outside of PowerShell
[1.300s] DEBUG:colcon.colcon_core.shell:Skip shell extension 'dsv' for command environment
[1.358s] DEBUG:colcon.colcon_core.event_handler.log_command:Invoking command in '/home/teehee/ros2_ws/build/robot1': CMAKE_PREFIX_PATH=${CMAKE_PREFIX_PATH}:/home/teehee/ros2_ws/install/tf2_pkg:/home/teehee/ros2_ws/install/labs_pkg:/home/teehee/ros2_ws/install/labex6:/home/teehee/ros2_ws/install/lab_exam2_pkg:/home/teehee/ros2_ws/install/example_pkg:/opt/ros/humble /usr/bin/cmake --build /home/teehee/ros2_ws/build/robot1 -- -j4 -l4
[1.427s] DEBUG:colcon.colcon_core.event_handler.log_command:Invoked command in '/home/teehee/ros2_ws/build/robot1' returned '0': CMAKE_PREFIX_PATH=${CMAKE_PREFIX_PATH}:/home/teehee/ros2_ws/install/tf2_pkg:/home/teehee/ros2_ws/install/labs_pkg:/home/teehee/ros2_ws/install/labex6:/home/teehee/ros2_ws/install/lab_exam2_pkg:/home/teehee/ros2_ws/install/example_pkg:/opt/ros/humble /usr/bin/cmake --build /home/teehee/ros2_ws/build/robot1 -- -j4 -l4
[1.492s] DEBUG:colcon.colcon_core.event_handler.log_command:Invoking command in '/home/teehee/ros2_ws/build/robot1': CMAKE_PREFIX_PATH=${CMAKE_PREFIX_PATH}:/home/teehee/ros2_ws/install/tf2_pkg:/home/teehee/ros2_ws/install/labs_pkg:/home/teehee/ros2_ws/install/labex6:/home/teehee/ros2_ws/install/lab_exam2_pkg:/home/teehee/ros2_ws/install/example_pkg:/opt/ros/humble /usr/bin/cmake --install /home/teehee/ros2_ws/build/robot1
[1.521s] Level 1:colcon.colcon_core.environment:create_environment_scripts_only(robot1)
[1.535s] DEBUG:colcon.colcon_core.event_handler.log_command:Invoked command in '/home/teehee/ros2_ws/build/robot1' returned '0': CMAKE_PREFIX_PATH=${CMAKE_PREFIX_PATH}:/home/teehee/ros2_ws/install/tf2_pkg:/home/teehee/ros2_ws/install/labs_pkg:/home/teehee/ros2_ws/install/labex6:/home/teehee/ros2_ws/install/lab_exam2_pkg:/home/teehee/ros2_ws/install/example_pkg:/opt/ros/humble /usr/bin/cmake --install /home/teehee/ros2_ws/build/robot1
[1.537s] Level 1:colcon.colcon_core.environment:checking '/home/teehee/ros2_ws/install/robot1' for CMake module files
[1.537s] Level 1:colcon.colcon_core.environment:checking '/home/teehee/ros2_ws/install/robot1' for CMake config files
[1.539s] Level 1:colcon.colcon_core.shell:create_environment_hook('robot1', 'cmake_prefix_path')
[1.553s] INFO:colcon.colcon_core.shell:Creating environment hook '/home/teehee/ros2_ws/install/robot1/share/robot1/hook/cmake_prefix_path.ps1'
[1.554s] INFO:colcon.colcon_core.shell:Creating environment descriptor '/home/teehee/ros2_ws/install/robot1/share/robot1/hook/cmake_prefix_path.dsv'
[1.554s] INFO:colcon.colcon_core.shell:Creating environment hook '/home/teehee/ros2_ws/install/robot1/share/robot1/hook/cmake_prefix_path.sh'
[1.556s] Level 1:colcon.colcon_core.environment:checking '/home/teehee/ros2_ws/install/robot1/bin'
[1.556s] Level 1:colcon.colcon_core.environment:checking '/home/teehee/ros2_ws/install/robot1/lib/pkgconfig/robot1.pc'
[1.556s] Level 1:colcon.colcon_core.environment:checking '/home/teehee/ros2_ws/install/robot1/lib/python3.10/site-packages'
[1.556s] Level 1:colcon.colcon_core.environment:checking '/home/teehee/ros2_ws/install/robot1/bin'
[1.570s] INFO:colcon.colcon_core.shell:Creating package script '/home/teehee/ros2_ws/install/robot1/share/robot1/package.ps1'
[1.571s] INFO:colcon.colcon_core.shell:Creating package descriptor '/home/teehee/ros2_ws/install/robot1/share/robot1/package.dsv'
[1.571s] INFO:colcon.colcon_core.shell:Creating package script '/home/teehee/ros2_ws/install/robot1/share/robot1/package.sh'
[1.572s] INFO:colcon.colcon_core.shell:Creating package script '/home/teehee/ros2_ws/install/robot1/share/robot1/package.bash'
[1.573s] INFO:colcon.colcon_core.shell:Creating package script '/home/teehee/ros2_ws/install/robot1/share/robot1/package.zsh'
[1.574s] Level 1:colcon.colcon_core.environment:create_file_with_runtime_dependencies(/home/teehee/ros2_ws/install/robot1/share/colcon-core/packages/robot1)
[1.636s] Level 1:colcon.colcon_core.environment:create_environment_scripts_only(robot1)
[1.649s] Level 1:colcon.colcon_core.environment:checking '/home/teehee/ros2_ws/install/robot1' for CMake module files
[1.650s] Level 1:colcon.colcon_core.environment:checking '/home/teehee/ros2_ws/install/robot1' for CMake config files
[1.650s] Level 1:colcon.colcon_core.shell:create_environment_hook('robot1', 'cmake_prefix_path')
[1.664s] INFO:colcon.colcon_core.shell:Creating environment hook '/home/teehee/ros2_ws/install/robot1/share/robot1/hook/cmake_prefix_path.ps1'
[1.665s] INFO:colcon.colcon_core.shell:Creating environment descriptor '/home/teehee/ros2_ws/install/robot1/share/robot1/hook/cmake_prefix_path.dsv'
[1.665s] INFO:colcon.colcon_core.shell:Creating environment hook '/home/teehee/ros2_ws/install/robot1/share/robot1/hook/cmake_prefix_path.sh'
[1.666s] Level 1:colcon.colcon_core.environment:checking '/home/teehee/ros2_ws/install/robot1/bin'
[1.667s] Level 1:colcon.colcon_core.environment:checking '/home/teehee/ros2_ws/install/robot1/lib/pkgconfig/robot1.pc'
[1.668s] Level 1:colcon.colcon_core.environment:checking '/home/teehee/ros2_ws/install/robot1/lib/python3.10/site-packages'
[1.668s] Level 1:colcon.colcon_core.environment:checking '/home/teehee/ros2_ws/install/robot1/bin'
[1.681s] INFO:colcon.colcon_core.shell:Creating package script '/home/teehee/ros2_ws/install/robot1/share/robot1/package.ps1'
[1.682s] INFO:colcon.colcon_core.shell:Creating package descriptor '/home/teehee/ros2_ws/install/robot1/share/robot1/package.dsv'
[1.683s] INFO:colcon.colcon_core.shell:Creating package script '/home/teehee/ros2_ws/install/robot1/share/robot1/package.sh'
[1.684s] INFO:colcon.colcon_core.shell:Creating package script '/home/teehee/ros2_ws/install/robot1/share/robot1/package.bash'
[1.684s] INFO:colcon.colcon_core.shell:Creating package script '/home/teehee/ros2_ws/install/robot1/share/robot1/package.zsh'
[1.685s] Level 1:colcon.colcon_core.environment:create_file_with_runtime_dependencies(/home/teehee/ros2_ws/install/robot1/share/colcon-core/packages/robot1)
[1.685s] DEBUG:colcon.colcon_parallel_executor.executor.parallel:closing loop
[1.686s] DEBUG:colcon.colcon_parallel_executor.executor.parallel:loop closed
[1.686s] DEBUG:colcon.colcon_parallel_executor.executor.parallel:run_until_complete finished with '0'
[1.686s] DEBUG:colcon.colcon_core.event_reactor:joining thread
[1.717s] INFO:colcon.colcon_core.plugin_system:Skipping extension 'colcon_notification.desktop_notification.terminal_notifier': Not used on non-Darwin systems
[1.717s] INFO:colcon.colcon_core.plugin_system:Skipping extension 'colcon_notification.desktop_notification.win32': Not used on non-Windows systems
[1.717s] INFO:colcon.colcon_notification.desktop_notification:Sending desktop notification using 'notify2'
[1.749s] DEBUG:colcon.colcon_core.event_reactor:joined thread
[1.763s] INFO:colcon.colcon_core.shell:Creating prefix script '/home/teehee/ros2_ws/install/local_setup.ps1'
[1.764s] INFO:colcon.colcon_core.shell:Creating prefix util module '/home/teehee/ros2_ws/install/_local_setup_util_ps1.py'
[1.765s] INFO:colcon.colcon_core.shell:Creating prefix chain script '/home/teehee/ros2_ws/install/setup.ps1'
[1.779s] INFO:colcon.colcon_core.shell:Creating prefix script '/home/teehee/ros2_ws/install/local_setup.sh'
[1.779s] INFO:colcon.colcon_core.shell:Creating prefix util module '/home/teehee/ros2_ws/install/_local_setup_util_sh.py'
[1.780s] INFO:colcon.colcon_core.shell:Creating prefix chain script '/home/teehee/ros2_ws/install/setup.sh'
[1.794s] INFO:colcon.colcon_core.shell:Creating prefix script '/home/teehee/ros2_ws/install/local_setup.bash'
[1.795s] INFO:colcon.colcon_core.shell:Creating prefix chain script '/home/teehee/ros2_ws/install/setup.bash'
[1.811s] INFO:colcon.colcon_core.shell:Creating prefix script '/home/teehee/ros2_ws/install/local_setup.zsh'
[1.811s] INFO:colcon.colcon_core.shell:Creating prefix chain script '/home/teehee/ros2_ws/install/setup.zsh'
