[0.420s] DEBUG:colcon:Command line arguments: ['/usr/bin/colcon', 'build']
[0.420s] DEBUG:colcon:Parsed command line arguments: Namespace(log_base=None, log_level=None, verb_name='build', build_base='build', install_base='install', merge_install=False, symlink_install=False, test_result_base=None, continue_on_error=False, executor='parallel', parallel_workers=8, event_handlers=None, ignore_user_meta=False, metas=['./colcon.meta'], base_paths=['.'], packages_ignore=None, packages_ignore_regex=None, paths=None, packages_up_to=None, packages_up_to_regex=None, packages_above=None, packages_above_and_dependencies=None, packages_above_depth=None, packages_select_by_dep=None, packages_skip_by_dep=None, packages_skip_up_to=None, packages_select_build_failed=False, packages_skip_build_finished=False, packages_select_test_failures=False, packages_skip_test_passed=False, packages_select=None, packages_skip=None, packages_select_regex=None, packages_skip_regex=None, packages_start=None, packages_end=None, allow_overriding=[], cmake_args=None, cmake_target=None, cmake_target_skip_unavailable=False, cmake_clean_cache=False, cmake_clean_first=False, cmake_force_configure=False, ament_cmake_args=None, catkin_cmake_args=None, catkin_skip_building_tests=False, verb_parser=<colcon_defaults.argument_parser.defaults.DefaultArgumentsDecorator object at 0x73e875d7bfd0>, verb_extension=<colcon_core.verb.build.BuildVerb object at 0x73e875d781c0>, main=<bound method BuildVerb.main of <colcon_core.verb.build.BuildVerb object at 0x73e875d781c0>>)
[0.442s] Level 1:colcon.colcon_core.package_discovery:discover_packages(colcon_meta) check parameters
[0.442s] Level 1:colcon.colcon_core.package_discovery:discover_packages(recursive) check parameters
[0.442s] Level 1:colcon.colcon_core.package_discovery:discover_packages(ignore) check parameters
[0.442s] Level 1:colcon.colcon_core.package_discovery:discover_packages(path) check parameters
[0.442s] Level 1:colcon.colcon_core.package_discovery:discover_packages(colcon_meta) discover
[0.442s] Level 1:colcon.colcon_core.package_discovery:discover_packages(recursive) discover
[0.442s] INFO:colcon.colcon_core.package_discovery:Crawling recursively for packages in '/home/teehee/ros2_ws/src/lab6'
[0.442s] Level 1:colcon.colcon_core.package_identification:_identify(.) by extensions ['ignore', 'ignore_ament_install']
[0.442s] Level 1:colcon.colcon_core.package_identification:_identify(.) by extension 'ignore'
[0.442s] Level 1:colcon.colcon_core.package_identification:_identify(.) by extension 'ignore_ament_install'
[0.442s] Level 1:colcon.colcon_core.package_identification:_identify(.) by extensions ['colcon_pkg']
[0.442s] Level 1:colcon.colcon_core.package_identification:_identify(.) by extension 'colcon_pkg'
[0.442s] Level 1:colcon.colcon_core.package_identification:_identify(.) by extensions ['colcon_meta']
[0.442s] Level 1:colcon.colcon_core.package_identification:_identify(.) by extension 'colcon_meta'
[0.442s] Level 1:colcon.colcon_core.package_identification:_identify(.) by extensions ['ros']
[0.442s] Level 1:colcon.colcon_core.package_identification:_identify(.) by extension 'ros'
[0.448s] Level 1:colcon.colcon_core.package_identification:_identify(.) by extensions ['cmake', 'python']
[0.448s] Level 1:colcon.colcon_core.package_identification:_identify(.) by extension 'cmake'
[0.448s] Level 1:colcon.colcon_core.package_identification:_identify(.) by extension 'python'
[0.448s] Level 1:colcon.colcon_core.package_identification:_identify(.) by extensions ['python_setup_py']
[0.448s] Level 1:colcon.colcon_core.package_identification:_identify(.) by extension 'python_setup_py'
[0.448s] Level 1:colcon.colcon_core.package_identification:_identify(build) by extensions ['ignore', 'ignore_ament_install']
[0.448s] Level 1:colcon.colcon_core.package_identification:_identify(build) by extension 'ignore'
[0.448s] Level 1:colcon.colcon_core.package_identification:_identify(build) ignored
[0.448s] Level 1:colcon.colcon_core.package_identification:_identify(install) by extensions ['ignore', 'ignore_ament_install']
[0.449s] Level 1:colcon.colcon_core.package_identification:_identify(install) by extension 'ignore'
[0.449s] Level 1:colcon.colcon_core.package_identification:_identify(install) ignored
[0.449s] Level 1:colcon.colcon_core.package_identification:_identify(log) by extensions ['ignore', 'ignore_ament_install']
[0.449s] Level 1:colcon.colcon_core.package_identification:_identify(log) by extension 'ignore'
[0.449s] Level 1:colcon.colcon_core.package_identification:_identify(log) ignored
[0.449s] Level 1:colcon.colcon_core.package_identification:_identify(src) by extensions ['ignore', 'ignore_ament_install']
[0.449s] Level 1:colcon.colcon_core.package_identification:_identify(src) by extension 'ignore'
[0.449s] Level 1:colcon.colcon_core.package_identification:_identify(src) by extension 'ignore_ament_install'
[0.449s] Level 1:colcon.colcon_core.package_identification:_identify(src) by extensions ['colcon_pkg']
[0.449s] Level 1:colcon.colcon_core.package_identification:_identify(src) by extension 'colcon_pkg'
[0.449s] Level 1:colcon.colcon_core.package_identification:_identify(src) by extensions ['colcon_meta']
[0.449s] Level 1:colcon.colcon_core.package_identification:_identify(src) by extension 'colcon_meta'
[0.449s] Level 1:colcon.colcon_core.package_identification:_identify(src) by extensions ['ros']
[0.449s] Level 1:colcon.colcon_core.package_identification:_identify(src) by extension 'ros'
[0.449s] Level 1:colcon.colcon_core.package_identification:_identify(src) by extensions ['cmake', 'python']
[0.449s] Level 1:colcon.colcon_core.package_identification:_identify(src) by extension 'cmake'
[0.449s] Level 1:colcon.colcon_core.package_identification:_identify(src) by extension 'python'
[0.449s] Level 1:colcon.colcon_core.package_identification:_identify(src) by extensions ['python_setup_py']
[0.449s] Level 1:colcon.colcon_core.package_identification:_identify(src) by extension 'python_setup_py'
[0.449s] Level 1:colcon.colcon_core.package_identification:_identify(src/action_interfaces) by extensions ['ignore', 'ignore_ament_install']
[0.449s] Level 1:colcon.colcon_core.package_identification:_identify(src/action_interfaces) by extension 'ignore'
[0.449s] Level 1:colcon.colcon_core.package_identification:_identify(src/action_interfaces) by extension 'ignore_ament_install'
[0.449s] Level 1:colcon.colcon_core.package_identification:_identify(src/action_interfaces) by extensions ['colcon_pkg']
[0.449s] Level 1:colcon.colcon_core.package_identification:_identify(src/action_interfaces) by extension 'colcon_pkg'
[0.449s] Level 1:colcon.colcon_core.package_identification:_identify(src/action_interfaces) by extensions ['colcon_meta']
[0.449s] Level 1:colcon.colcon_core.package_identification:_identify(src/action_interfaces) by extension 'colcon_meta'
[0.449s] Level 1:colcon.colcon_core.package_identification:_identify(src/action_interfaces) by extensions ['ros']
[0.449s] Level 1:colcon.colcon_core.package_identification:_identify(src/action_interfaces) by extension 'ros'
[0.451s] DEBUG:colcon.colcon_core.package_identification:Package 'src/action_interfaces' with type 'ros.ament_cmake' and name 'action_interfaces'
[0.451s] Level 1:colcon.colcon_core.package_discovery:discover_packages(recursive) using defaults
[0.451s] Level 1:colcon.colcon_core.package_discovery:discover_packages(ignore) discover
[0.451s] Level 1:colcon.colcon_core.package_discovery:discover_packages(ignore) using defaults
[0.451s] Level 1:colcon.colcon_core.package_discovery:discover_packages(path) discover
[0.451s] Level 1:colcon.colcon_core.package_discovery:discover_packages(path) using defaults
[0.491s] Level 1:colcon.colcon_core.package_discovery:discover_packages(prefix_path) check parameters
[0.491s] Level 1:colcon.colcon_core.package_discovery:discover_packages(prefix_path) discover
[0.504s] DEBUG:colcon.colcon_installed_package_information.package_discovery:Found 1 installed packages in /home/teehee/ros2_ws/src/lab6/install
[0.510s] DEBUG:colcon.colcon_installed_package_information.package_discovery:Found 18 installed packages in /home/teehee/ros2_ws/install
[0.517s] DEBUG:colcon.colcon_installed_package_information.package_discovery:Found 288 installed packages in /opt/ros/humble
[0.517s] Level 1:colcon.colcon_core.package_discovery:discover_packages(prefix_path) using defaults
[0.564s] Level 5:colcon.colcon_core.verb:set package 'action_interfaces' build argument 'cmake_args' from command line to 'None'
[0.565s] Level 5:colcon.colcon_core.verb:set package 'action_interfaces' build argument 'cmake_target' from command line to 'None'
[0.565s] Level 5:colcon.colcon_core.verb:set package 'action_interfaces' build argument 'cmake_target_skip_unavailable' from command line to 'False'
[0.565s] Level 5:colcon.colcon_core.verb:set package 'action_interfaces' build argument 'cmake_clean_cache' from command line to 'False'
[0.565s] Level 5:colcon.colcon_core.verb:set package 'action_interfaces' build argument 'cmake_clean_first' from command line to 'False'
[0.565s] Level 5:colcon.colcon_core.verb:set package 'action_interfaces' build argument 'cmake_force_configure' from command line to 'False'
[0.565s] Level 5:colcon.colcon_core.verb:set package 'action_interfaces' build argument 'ament_cmake_args' from command line to 'None'
[0.565s] Level 5:colcon.colcon_core.verb:set package 'action_interfaces' build argument 'catkin_cmake_args' from command line to 'None'
[0.565s] Level 5:colcon.colcon_core.verb:set package 'action_interfaces' build argument 'catkin_skip_building_tests' from command line to 'False'
[0.565s] DEBUG:colcon.colcon_core.verb:Building package 'action_interfaces' with the following arguments: {'ament_cmake_args': None, 'build_base': '/home/teehee/ros2_ws/src/lab6/build/action_interfaces', 'catkin_cmake_args': None, 'catkin_skip_building_tests': False, 'cmake_args': None, 'cmake_clean_cache': False, 'cmake_clean_first': False, 'cmake_force_configure': False, 'cmake_target': None, 'cmake_target_skip_unavailable': False, 'install_base': '/home/teehee/ros2_ws/src/lab6/install/action_interfaces', 'merge_install': False, 'path': '/home/teehee/ros2_ws/src/lab6/src/action_interfaces', 'symlink_install': False, 'test_result_base': None}
[0.573s] INFO:colcon.colcon_core.executor:Executing jobs using 'parallel' executor
[0.580s] DEBUG:colcon.colcon_parallel_executor.executor.parallel:run_until_complete
[0.581s] INFO:colcon.colcon_ros.task.ament_cmake.build:Building ROS package in '/home/teehee/ros2_ws/src/lab6/src/action_interfaces' with build type 'ament_cmake'
[0.581s] INFO:colcon.colcon_cmake.task.cmake.build:Building CMake package in '/home/teehee/ros2_ws/src/lab6/src/action_interfaces'
[0.588s] INFO:colcon.colcon_core.plugin_system:Skipping extension 'colcon_core.shell.bat': Not used on non-Windows systems
[0.588s] INFO:colcon.colcon_core.shell:Skip shell extension 'powershell' for command environment: Not usable outside of PowerShell
[0.588s] DEBUG:colcon.colcon_core.shell:Skip shell extension 'dsv' for command environment
[0.625s] DEBUG:colcon.colcon_core.event_handler.log_command:Invoking command in '/home/teehee/ros2_ws/src/lab6/build/action_interfaces': CMAKE_PREFIX_PATH=${CMAKE_PREFIX_PATH}:/home/teehee/ros2_ws/install/tf2_pkg:/home/teehee/ros2_ws/install/pylab_exam1:/home/teehee/ros2_ws/install/pylab05:/home/teehee/ros2_ws/install/pylab04:/home/teehee/ros2_ws/install/labs_pkg:/home/teehee/ros2_ws/install/labex6:/home/teehee/ros2_ws/install/lab_exam2_pkg:/home/teehee/ros2_ws/install/example_pkg:/opt/ros/humble /usr/bin/cmake --build /home/teehee/ros2_ws/src/lab6/build/action_interfaces -- -j8 -l8
[0.827s] DEBUG:colcon.colcon_core.event_handler.log_command:Invoked command in '/home/teehee/ros2_ws/src/lab6/build/action_interfaces' returned '0': CMAKE_PREFIX_PATH=${CMAKE_PREFIX_PATH}:/home/teehee/ros2_ws/install/tf2_pkg:/home/teehee/ros2_ws/install/pylab_exam1:/home/teehee/ros2_ws/install/pylab05:/home/teehee/ros2_ws/install/pylab04:/home/teehee/ros2_ws/install/labs_pkg:/home/teehee/ros2_ws/install/labex6:/home/teehee/ros2_ws/install/lab_exam2_pkg:/home/teehee/ros2_ws/install/example_pkg:/opt/ros/humble /usr/bin/cmake --build /home/teehee/ros2_ws/src/lab6/build/action_interfaces -- -j8 -l8
[0.934s] DEBUG:colcon.colcon_core.event_handler.log_command:Invoking command in '/home/teehee/ros2_ws/src/lab6/build/action_interfaces': CMAKE_PREFIX_PATH=${CMAKE_PREFIX_PATH}:/home/teehee/ros2_ws/install/tf2_pkg:/home/teehee/ros2_ws/install/pylab_exam1:/home/teehee/ros2_ws/install/pylab05:/home/teehee/ros2_ws/install/pylab04:/home/teehee/ros2_ws/install/labs_pkg:/home/teehee/ros2_ws/install/labex6:/home/teehee/ros2_ws/install/lab_exam2_pkg:/home/teehee/ros2_ws/install/example_pkg:/opt/ros/humble /usr/bin/cmake --install /home/teehee/ros2_ws/src/lab6/build/action_interfaces
[0.975s] Level 1:colcon.colcon_core.environment:create_environment_scripts_only(action_interfaces)
[0.976s] DEBUG:colcon.colcon_core.event_handler.log_command:Invoked command in '/home/teehee/ros2_ws/src/lab6/build/action_interfaces' returned '0': CMAKE_PREFIX_PATH=${CMAKE_PREFIX_PATH}:/home/teehee/ros2_ws/install/tf2_pkg:/home/teehee/ros2_ws/install/pylab_exam1:/home/teehee/ros2_ws/install/pylab05:/home/teehee/ros2_ws/install/pylab04:/home/teehee/ros2_ws/install/labs_pkg:/home/teehee/ros2_ws/install/labex6:/home/teehee/ros2_ws/install/lab_exam2_pkg:/home/teehee/ros2_ws/install/example_pkg:/opt/ros/humble /usr/bin/cmake --install /home/teehee/ros2_ws/src/lab6/build/action_interfaces
[0.983s] Level 1:colcon.colcon_core.environment:checking '/home/teehee/ros2_ws/src/lab6/install/action_interfaces' for CMake module files
[0.983s] Level 1:colcon.colcon_core.environment:checking '/home/teehee/ros2_ws/src/lab6/install/action_interfaces' for CMake config files
[0.983s] Level 1:colcon.colcon_core.shell:create_environment_hook('action_interfaces', 'cmake_prefix_path')
[0.989s] INFO:colcon.colcon_core.shell:Creating environment hook '/home/teehee/ros2_ws/src/lab6/install/action_interfaces/share/action_interfaces/hook/cmake_prefix_path.ps1'
[0.989s] INFO:colcon.colcon_core.shell:Creating environment descriptor '/home/teehee/ros2_ws/src/lab6/install/action_interfaces/share/action_interfaces/hook/cmake_prefix_path.dsv'
[0.990s] INFO:colcon.colcon_core.shell:Creating environment hook '/home/teehee/ros2_ws/src/lab6/install/action_interfaces/share/action_interfaces/hook/cmake_prefix_path.sh'
[0.990s] Level 1:colcon.colcon_core.environment:checking '/home/teehee/ros2_ws/src/lab6/install/action_interfaces/lib'
[0.991s] Level 1:colcon.colcon_core.shell:create_environment_hook('action_interfaces', 'ld_library_path_lib')
[0.996s] INFO:colcon.colcon_core.shell:Creating environment hook '/home/teehee/ros2_ws/src/lab6/install/action_interfaces/share/action_interfaces/hook/ld_library_path_lib.ps1'
[0.996s] INFO:colcon.colcon_core.shell:Creating environment descriptor '/home/teehee/ros2_ws/src/lab6/install/action_interfaces/share/action_interfaces/hook/ld_library_path_lib.dsv'
[0.997s] INFO:colcon.colcon_core.shell:Creating environment hook '/home/teehee/ros2_ws/src/lab6/install/action_interfaces/share/action_interfaces/hook/ld_library_path_lib.sh'
[0.997s] Level 1:colcon.colcon_core.environment:checking '/home/teehee/ros2_ws/src/lab6/install/action_interfaces/bin'
[0.997s] Level 1:colcon.colcon_core.environment:checking '/home/teehee/ros2_ws/src/lab6/install/action_interfaces/lib/pkgconfig/action_interfaces.pc'
[0.997s] Level 1:colcon.colcon_core.environment:checking '/home/teehee/ros2_ws/src/lab6/install/action_interfaces/lib/python3.10/site-packages'
[0.998s] Level 1:colcon.colcon_core.environment:checking '/home/teehee/ros2_ws/src/lab6/install/action_interfaces/bin'
[1.005s] INFO:colcon.colcon_core.shell:Creating package script '/home/teehee/ros2_ws/src/lab6/install/action_interfaces/share/action_interfaces/package.ps1'
[1.006s] INFO:colcon.colcon_core.shell:Creating package descriptor '/home/teehee/ros2_ws/src/lab6/install/action_interfaces/share/action_interfaces/package.dsv'
[1.007s] INFO:colcon.colcon_core.shell:Creating package script '/home/teehee/ros2_ws/src/lab6/install/action_interfaces/share/action_interfaces/package.sh'
[1.007s] INFO:colcon.colcon_core.shell:Creating package script '/home/teehee/ros2_ws/src/lab6/install/action_interfaces/share/action_interfaces/package.bash'
[1.008s] INFO:colcon.colcon_core.shell:Creating package script '/home/teehee/ros2_ws/src/lab6/install/action_interfaces/share/action_interfaces/package.zsh'
[1.008s] Level 1:colcon.colcon_core.environment:create_file_with_runtime_dependencies(/home/teehee/ros2_ws/src/lab6/install/action_interfaces/share/colcon-core/packages/action_interfaces)
[1.104s] Level 1:colcon.colcon_core.environment:create_environment_scripts_only(action_interfaces)
[1.110s] Level 1:colcon.colcon_core.environment:checking '/home/teehee/ros2_ws/src/lab6/install/action_interfaces' for CMake module files
[1.110s] Level 1:colcon.colcon_core.environment:checking '/home/teehee/ros2_ws/src/lab6/install/action_interfaces' for CMake config files
[1.111s] Level 1:colcon.colcon_core.shell:create_environment_hook('action_interfaces', 'cmake_prefix_path')
[1.117s] INFO:colcon.colcon_core.shell:Creating environment hook '/home/teehee/ros2_ws/src/lab6/install/action_interfaces/share/action_interfaces/hook/cmake_prefix_path.ps1'
[1.117s] INFO:colcon.colcon_core.shell:Creating environment descriptor '/home/teehee/ros2_ws/src/lab6/install/action_interfaces/share/action_interfaces/hook/cmake_prefix_path.dsv'
[1.117s] INFO:colcon.colcon_core.shell:Creating environment hook '/home/teehee/ros2_ws/src/lab6/install/action_interfaces/share/action_interfaces/hook/cmake_prefix_path.sh'
[1.118s] Level 1:colcon.colcon_core.environment:checking '/home/teehee/ros2_ws/src/lab6/install/action_interfaces/lib'
[1.118s] Level 1:colcon.colcon_core.shell:create_environment_hook('action_interfaces', 'ld_library_path_lib')
[1.124s] INFO:colcon.colcon_core.shell:Creating environment hook '/home/teehee/ros2_ws/src/lab6/install/action_interfaces/share/action_interfaces/hook/ld_library_path_lib.ps1'
[1.124s] INFO:colcon.colcon_core.shell:Creating environment descriptor '/home/teehee/ros2_ws/src/lab6/install/action_interfaces/share/action_interfaces/hook/ld_library_path_lib.dsv'
[1.124s] INFO:colcon.colcon_core.shell:Creating environment hook '/home/teehee/ros2_ws/src/lab6/install/action_interfaces/share/action_interfaces/hook/ld_library_path_lib.sh'
[1.125s] Level 1:colcon.colcon_core.environment:checking '/home/teehee/ros2_ws/src/lab6/install/action_interfaces/bin'
[1.125s] Level 1:colcon.colcon_core.environment:checking '/home/teehee/ros2_ws/src/lab6/install/action_interfaces/lib/pkgconfig/action_interfaces.pc'
[1.125s] Level 1:colcon.colcon_core.environment:checking '/home/teehee/ros2_ws/src/lab6/install/action_interfaces/lib/python3.10/site-packages'
[1.125s] Level 1:colcon.colcon_core.environment:checking '/home/teehee/ros2_ws/src/lab6/install/action_interfaces/bin'
[1.131s] INFO:colcon.colcon_core.shell:Creating package script '/home/teehee/ros2_ws/src/lab6/install/action_interfaces/share/action_interfaces/package.ps1'
[1.132s] INFO:colcon.colcon_core.shell:Creating package descriptor '/home/teehee/ros2_ws/src/lab6/install/action_interfaces/share/action_interfaces/package.dsv'
[1.132s] INFO:colcon.colcon_core.shell:Creating package script '/home/teehee/ros2_ws/src/lab6/install/action_interfaces/share/action_interfaces/package.sh'
[1.132s] INFO:colcon.colcon_core.shell:Creating package script '/home/teehee/ros2_ws/src/lab6/install/action_interfaces/share/action_interfaces/package.bash'
[1.133s] INFO:colcon.colcon_core.shell:Creating package script '/home/teehee/ros2_ws/src/lab6/install/action_interfaces/share/action_interfaces/package.zsh'
[1.133s] Level 1:colcon.colcon_core.environment:create_file_with_runtime_dependencies(/home/teehee/ros2_ws/src/lab6/install/action_interfaces/share/colcon-core/packages/action_interfaces)
[1.134s] DEBUG:colcon.colcon_parallel_executor.executor.parallel:closing loop
[1.134s] DEBUG:colcon.colcon_parallel_executor.executor.parallel:loop closed
[1.134s] DEBUG:colcon.colcon_parallel_executor.executor.parallel:run_until_complete finished with '0'
[1.134s] DEBUG:colcon.colcon_core.event_reactor:joining thread
[1.143s] INFO:colcon.colcon_core.plugin_system:Skipping extension 'colcon_notification.desktop_notification.terminal_notifier': Not used on non-Darwin systems
[1.143s] INFO:colcon.colcon_core.plugin_system:Skipping extension 'colcon_notification.desktop_notification.win32': Not used on non-Windows systems
[1.143s] INFO:colcon.colcon_notification.desktop_notification:Sending desktop notification using 'notify2'
[1.152s] DEBUG:colcon.colcon_core.event_reactor:joined thread
[1.158s] INFO:colcon.colcon_core.shell:Creating prefix script '/home/teehee/ros2_ws/src/lab6/install/local_setup.ps1'
[1.158s] INFO:colcon.colcon_core.shell:Creating prefix util module '/home/teehee/ros2_ws/src/lab6/install/_local_setup_util_ps1.py'
[1.161s] INFO:colcon.colcon_core.shell:Creating prefix chain script '/home/teehee/ros2_ws/src/lab6/install/setup.ps1'
[1.194s] INFO:colcon.colcon_core.shell:Creating prefix script '/home/teehee/ros2_ws/src/lab6/install/local_setup.sh'
[1.194s] INFO:colcon.colcon_core.shell:Creating prefix util module '/home/teehee/ros2_ws/src/lab6/install/_local_setup_util_sh.py'
[1.194s] INFO:colcon.colcon_core.shell:Creating prefix chain script '/home/teehee/ros2_ws/src/lab6/install/setup.sh'
[1.202s] INFO:colcon.colcon_core.shell:Creating prefix script '/home/teehee/ros2_ws/src/lab6/install/local_setup.bash'
[1.202s] INFO:colcon.colcon_core.shell:Creating prefix chain script '/home/teehee/ros2_ws/src/lab6/install/setup.bash'
[1.210s] INFO:colcon.colcon_core.shell:Creating prefix script '/home/teehee/ros2_ws/src/lab6/install/local_setup.zsh'
[1.212s] INFO:colcon.colcon_core.shell:Creating prefix chain script '/home/teehee/ros2_ws/src/lab6/install/setup.zsh'
