[1.013s] Invoking command in '/home/teehee/ros2_ws/src/example_pkg': PYTHONPATH=/home/teehee/ros2_ws/build/example_pkg/prefix_override:/home/teehee/ros2_ws/install/example_pkg/lib/python3.10/site-packages:${PYTHONPATH} /usr/bin/python3 setup.py egg_info --egg-base ../../build/example_pkg build --build-base /home/teehee/ros2_ws/build/example_pkg/build install --record /home/teehee/ros2_ws/build/example_pkg/install.log --single-version-externally-managed
[1.209s] running egg_info
[1.209s] creating ../../build/example_pkg/example_pkg.egg-info
[1.209s] writing ../../build/example_pkg/example_pkg.egg-info/PKG-INFO
[1.209s] writing dependency_links to ../../build/example_pkg/example_pkg.egg-info/dependency_links.txt
[1.209s] writing entry points to ../../build/example_pkg/example_pkg.egg-info/entry_points.txt
[1.209s] writing requirements to ../../build/example_pkg/example_pkg.egg-info/requires.txt
[1.210s] writing top-level names to ../../build/example_pkg/example_pkg.egg-info/top_level.txt
[1.210s] writing manifest file '../../build/example_pkg/example_pkg.egg-info/SOURCES.txt'
[1.210s] reading manifest file '../../build/example_pkg/example_pkg.egg-info/SOURCES.txt'
[1.210s] writing manifest file '../../build/example_pkg/example_pkg.egg-info/SOURCES.txt'
[1.210s] running build
[1.210s] running build_py
[1.210s] creating /home/teehee/ros2_ws/build/example_pkg/build
[1.210s] creating /home/teehee/ros2_ws/build/example_pkg/build/lib
[1.210s] creating /home/teehee/ros2_ws/build/example_pkg/build/lib/example_pkg
[1.210s] copying example_pkg/__init__.py -> /home/teehee/ros2_ws/build/example_pkg/build/lib/example_pkg
[1.210s] copying example_pkg/example_node.py -> /home/teehee/ros2_ws/build/example_pkg/build/lib/example_pkg
[1.210s] running install
[1.210s] running install_lib
[1.210s] /usr/lib/python3/dist-packages/setuptools/command/install.py:34: SetuptoolsDeprecationWarning: setup.py install is deprecated. Use build and pip and other standards-based tools.
[1.210s]   warnings.warn(
[1.211s] creating /home/teehee/ros2_ws/install/example_pkg/lib/python3.10/site-packages/example_pkg
[1.211s] copying /home/teehee/ros2_ws/build/example_pkg/build/lib/example_pkg/__init__.py -> /home/teehee/ros2_ws/install/example_pkg/lib/python3.10/site-packages/example_pkg
[1.211s] copying /home/teehee/ros2_ws/build/example_pkg/build/lib/example_pkg/example_node.py -> /home/teehee/ros2_ws/install/example_pkg/lib/python3.10/site-packages/example_pkg
[1.214s] byte-compiling /home/teehee/ros2_ws/install/example_pkg/lib/python3.10/site-packages/example_pkg/__init__.py to __init__.cpython-310.pyc
[1.214s] byte-compiling /home/teehee/ros2_ws/install/example_pkg/lib/python3.10/site-packages/example_pkg/example_node.py to example_node.cpython-310.pyc
[1.216s] running install_data
[1.217s] creating /home/teehee/ros2_ws/install/example_pkg/share/ament_index
[1.217s] creating /home/teehee/ros2_ws/install/example_pkg/share/ament_index/resource_index
[1.217s] creating /home/teehee/ros2_ws/install/example_pkg/share/ament_index/resource_index/packages
[1.217s] copying resource/example_pkg -> /home/teehee/ros2_ws/install/example_pkg/share/ament_index/resource_index/packages
[1.218s] copying package.xml -> /home/teehee/ros2_ws/install/example_pkg/share/example_pkg
[1.218s] running install_egg_info
[1.221s] Copying ../../build/example_pkg/example_pkg.egg-info to /home/teehee/ros2_ws/install/example_pkg/lib/python3.10/site-packages/example_pkg-0.0.0-py3.10.egg-info
[1.225s] running install_scripts
[1.241s] Installing ex_node script to /home/teehee/ros2_ws/install/example_pkg/lib/example_pkg
[1.243s] writing list of installed files to '/home/teehee/ros2_ws/build/example_pkg/install.log'
[1.267s] Invoked command in '/home/teehee/ros2_ws/src/example_pkg' returned '0': PYTHONPATH=/home/teehee/ros2_ws/build/example_pkg/prefix_override:/home/teehee/ros2_ws/install/example_pkg/lib/python3.10/site-packages:${PYTHONPATH} /usr/bin/python3 setup.py egg_info --egg-base ../../build/example_pkg build --build-base /home/teehee/ros2_ws/build/example_pkg/build install --record /home/teehee/ros2_ws/build/example_pkg/install.log --single-version-externally-managed
