[0.769s] Invoking command in '/home/teehee/ros2_ws/build/tf2_pkg': PYTHONPATH=/home/teehee/ros2_ws/build/tf2_pkg/prefix_override:/home/teehee/ros2_ws/install/tf2_pkg/lib/python3.10/site-packages:${PYTHONPATH} /usr/bin/python3 setup.py develop --editable --build-directory /home/teehee/ros2_ws/build/tf2_pkg/build --no-deps install_data
[0.987s] running develop
[0.990s] /usr/lib/python3/dist-packages/setuptools/command/easy_install.py:158: EasyInstallDeprecationWarning: easy_install command is deprecated. Use build and pip and other standards-based tools.
[0.990s]   warnings.warn(
[0.993s] /usr/lib/python3/dist-packages/setuptools/command/install.py:34: SetuptoolsDeprecationWarning: setup.py install is deprecated. Use build and pip and other standards-based tools.
[0.993s]   warnings.warn(
[1.130s] running egg_info
[1.130s] creating tf2_pkg.egg-info
[1.130s] writing tf2_pkg.egg-info/PKG-INFO
[1.130s] writing dependency_links to tf2_pkg.egg-info/dependency_links.txt
[1.131s] writing entry points to tf2_pkg.egg-info/entry_points.txt
[1.131s] writing requirements to tf2_pkg.egg-info/requires.txt
[1.131s] writing top-level names to tf2_pkg.egg-info/top_level.txt
[1.132s] writing manifest file 'tf2_pkg.egg-info/SOURCES.txt'
[1.133s] reading manifest file 'tf2_pkg.egg-info/SOURCES.txt'
[1.134s] writing manifest file 'tf2_pkg.egg-info/SOURCES.txt'
[1.135s] running build_ext
[1.135s] Creating /home/teehee/ros2_ws/install/tf2_pkg/lib/python3.10/site-packages/tf2-pkg.egg-link (link to .)
[1.136s] Installing tf_broadcaster1 script to /home/teehee/ros2_ws/install/tf2_pkg/lib/tf2_pkg
[1.136s] 
[1.136s] Installed /home/teehee/ros2_ws/build/tf2_pkg
[1.137s] running install_data
[1.137s] creating /home/teehee/ros2_ws/install/tf2_pkg/share/ament_index
[1.137s] creating /home/teehee/ros2_ws/install/tf2_pkg/share/ament_index/resource_index
[1.137s] creating /home/teehee/ros2_ws/install/tf2_pkg/share/ament_index/resource_index/packages
[1.137s] copying resource/tf2_pkg -> /home/teehee/ros2_ws/install/tf2_pkg/share/ament_index/resource_index/packages
[1.137s] copying package.xml -> /home/teehee/ros2_ws/install/tf2_pkg/share/tf2_pkg
[1.168s] Invoked command in '/home/teehee/ros2_ws/build/tf2_pkg' returned '0': PYTHONPATH=/home/teehee/ros2_ws/build/tf2_pkg/prefix_override:/home/teehee/ros2_ws/install/tf2_pkg/lib/python3.10/site-packages:${PYTHONPATH} /usr/bin/python3 setup.py develop --editable --build-directory /home/teehee/ros2_ws/build/tf2_pkg/build --no-deps install_data
