[0.074s] Invoking command in '/home/teehee/ros2_ws/src/lab6/build/action_interfaces': CMAKE_PREFIX_PATH=${CMAKE_PREFIX_PATH}:/home/teehee/ros2_ws/install/tf2_pkg:/home/teehee/ros2_ws/install/pylab_exam1:/home/teehee/ros2_ws/install/pylab05:/home/teehee/ros2_ws/install/pylab04:/home/teehee/ros2_ws/install/labs_pkg:/home/teehee/ros2_ws/install/labex6:/home/teehee/ros2_ws/install/lab_exam2_pkg:/home/teehee/ros2_ws/install/example_pkg:/opt/ros/humble /usr/bin/cmake --build /home/teehee/ros2_ws/src/lab6/build/action_interfaces -- -j8 -l8
[0.171s] [35m[1mConsolidate compiler generated dependencies of target action_interfaces__rosidl_generator_c[0m
[0.189s] [  2%] Built target action_interfaces__cpp
[0.228s] [35m[1mConsolidate compiler generated dependencies of target action_interfaces__rosidl_typesupport_cpp[0m
[0.229s] [ 12%] Built target action_interfaces__rosidl_generator_c
[0.237s] [ 12%] Built target ament_cmake_python_copy_action_interfaces
[0.241s] [35m[1mConsolidate compiler generated dependencies of target action_interfaces__rosidl_typesupport_fastrtps_cpp[0m
[0.268s] [35m[1mConsolidate compiler generated dependencies of target action_interfaces__rosidl_typesupport_introspection_cpp[0m
[0.274s] [35m[1mConsolidate compiler generated dependencies of target action_interfaces__rosidl_typesupport_fastrtps_c[0m
[0.275s] [35m[1mConsolidate compiler generated dependencies of target action_interfaces__rosidl_typesupport_introspection_c[0m
[0.276s] [35m[1mConsolidate compiler generated dependencies of target action_interfaces__rosidl_typesupport_c[0m
[0.279s] [ 23%] Built target action_interfaces__rosidl_typesupport_fastrtps_cpp
[0.280s] [ 34%] Built target action_interfaces__rosidl_typesupport_cpp
[0.283s] [ 44%] Built target action_interfaces__rosidl_typesupport_introspection_cpp
[0.300s] [ 55%] Built target action_interfaces__rosidl_typesupport_fastrtps_c
[0.307s] [ 65%] Built target action_interfaces__rosidl_typesupport_introspection_c
[0.308s] [ 76%] Built target action_interfaces__rosidl_typesupport_c
[0.325s] [ 76%] Built target action_interfaces
[0.389s] [ 78%] Built target action_interfaces__py
[0.406s] [35m[1mConsolidate compiler generated dependencies of target action_interfaces__rosidl_generator_py[0m
[0.428s] [ 87%] Built target action_interfaces__rosidl_generator_py
[0.431s] running egg_info
[0.432s] writing action_interfaces.egg-info/PKG-INFO
[0.432s] writing dependency_links to action_interfaces.egg-info/dependency_links.txt
[0.437s] writing top-level names to action_interfaces.egg-info/top_level.txt
[0.442s] reading manifest file 'action_interfaces.egg-info/SOURCES.txt'
[0.442s] writing manifest file 'action_interfaces.egg-info/SOURCES.txt'
[0.444s] [35m[1mConsolidate compiler generated dependencies of target action_interfaces__rosidl_typesupport_c__pyext[0m
[0.444s] [35m[1mConsolidate compiler generated dependencies of target action_interfaces__rosidl_typesupport_fastrtps_c__pyext[0m
[0.449s] [35m[1mConsolidate compiler generated dependencies of target action_interfaces__rosidl_typesupport_introspection_c__pyext[0m
[0.459s] [ 87%] Built target ament_cmake_python_build_action_interfaces_egg
[0.459s] [ 91%] Built target action_interfaces__rosidl_typesupport_fastrtps_c__pyext
[0.461s] [ 95%] Built target action_interfaces__rosidl_typesupport_introspection_c__pyext
[0.468s] [100%] Built target action_interfaces__rosidl_typesupport_c__pyext
[0.528s] Invoked command in '/home/teehee/ros2_ws/src/lab6/build/action_interfaces' returned '0': CMAKE_PREFIX_PATH=${CMAKE_PREFIX_PATH}:/home/teehee/ros2_ws/install/tf2_pkg:/home/teehee/ros2_ws/install/pylab_exam1:/home/teehee/ros2_ws/install/pylab05:/home/teehee/ros2_ws/install/pylab04:/home/teehee/ros2_ws/install/labs_pkg:/home/teehee/ros2_ws/install/labex6:/home/teehee/ros2_ws/install/lab_exam2_pkg:/home/teehee/ros2_ws/install/example_pkg:/opt/ros/humble /usr/bin/cmake --build /home/teehee/ros2_ws/src/lab6/build/action_interfaces -- -j8 -l8
[0.999s] Invoking command in '/home/teehee/ros2_ws/src/lab6/build/action_interfaces': CMAKE_PREFIX_PATH=${CMAKE_PREFIX_PATH}:/home/teehee/ros2_ws/install/tf2_pkg:/home/teehee/ros2_ws/install/pylab_exam1:/home/teehee/ros2_ws/install/pylab05:/home/teehee/ros2_ws/install/pylab04:/home/teehee/ros2_ws/install/labs_pkg:/home/teehee/ros2_ws/install/labex6:/home/teehee/ros2_ws/install/lab_exam2_pkg:/home/teehee/ros2_ws/install/example_pkg:/opt/ros/humble /usr/bin/cmake --install /home/teehee/ros2_ws/src/lab6/build/action_interfaces
[1.004s] -- Install configuration: ""
[1.004s] -- Up-to-date: /home/teehee/ros2_ws/src/lab6/install/action_interfaces/share/ament_index/resource_index/rosidl_interfaces/action_interfaces
[1.004s] -- Up-to-date: /home/teehee/ros2_ws/src/lab6/install/action_interfaces/include/action_interfaces/action_interfaces
[1.005s] -- Up-to-date: /home/teehee/ros2_ws/src/lab6/install/action_interfaces/include/action_interfaces/action_interfaces/action
[1.005s] -- Up-to-date: /home/teehee/ros2_ws/src/lab6/install/action_interfaces/include/action_interfaces/action_interfaces/action/detail
[1.005s] -- Up-to-date: /home/teehee/ros2_ws/src/lab6/install/action_interfaces/include/action_interfaces/action_interfaces/action/detail/maze__functions.c
[1.005s] -- Up-to-date: /home/teehee/ros2_ws/src/lab6/install/action_interfaces/include/action_interfaces/action_interfaces/action/detail/fibonacci__functions.h
[1.005s] -- Up-to-date: /home/teehee/ros2_ws/src/lab6/install/action_interfaces/include/action_interfaces/action_interfaces/action/detail/bubblesort__type_support.h
[1.005s] -- Up-to-date: /home/teehee/ros2_ws/src/lab6/install/action_interfaces/include/action_interfaces/action_interfaces/action/detail/maze__functions.h
[1.005s] -- Up-to-date: /home/teehee/ros2_ws/src/lab6/install/action_interfaces/include/action_interfaces/action_interfaces/action/detail/fibonacci__functions.c
[1.005s] -- Up-to-date: /home/teehee/ros2_ws/src/lab6/install/action_interfaces/include/action_interfaces/action_interfaces/action/detail/bubblesort__functions.c
[1.005s] -- Up-to-date: /home/teehee/ros2_ws/src/lab6/install/action_interfaces/include/action_interfaces/action_interfaces/action/detail/bubblesort__struct.h
[1.005s] -- Up-to-date: /home/teehee/ros2_ws/src/lab6/install/action_interfaces/include/action_interfaces/action_interfaces/action/detail/maze__type_support.h
[1.005s] -- Up-to-date: /home/teehee/ros2_ws/src/lab6/install/action_interfaces/include/action_interfaces/action_interfaces/action/detail/fibonacci__struct.h
[1.005s] -- Up-to-date: /home/teehee/ros2_ws/src/lab6/install/action_interfaces/include/action_interfaces/action_interfaces/action/detail/maze__struct.h
[1.005s] -- Up-to-date: /home/teehee/ros2_ws/src/lab6/install/action_interfaces/include/action_interfaces/action_interfaces/action/detail/bubblesort__functions.h
[1.005s] -- Up-to-date: /home/teehee/ros2_ws/src/lab6/install/action_interfaces/include/action_interfaces/action_interfaces/action/detail/fibonacci__type_support.h
[1.005s] -- Up-to-date: /home/teehee/ros2_ws/src/lab6/install/action_interfaces/include/action_interfaces/action_interfaces/action/maze.h
[1.005s] -- Up-to-date: /home/teehee/ros2_ws/src/lab6/install/action_interfaces/include/action_interfaces/action_interfaces/action/fibonacci.h
[1.005s] -- Up-to-date: /home/teehee/ros2_ws/src/lab6/install/action_interfaces/include/action_interfaces/action_interfaces/action/bubblesort.h
[1.006s] -- Up-to-date: /home/teehee/ros2_ws/src/lab6/install/action_interfaces/include/action_interfaces/action_interfaces/msg
[1.006s] -- Up-to-date: /home/teehee/ros2_ws/src/lab6/install/action_interfaces/include/action_interfaces/action_interfaces/msg/rosidl_generator_c__visibility_control.h
[1.006s] -- Up-to-date: /home/teehee/ros2_ws/src/lab6/install/action_interfaces/share/action_interfaces/environment/library_path.sh
[1.006s] -- Up-to-date: /home/teehee/ros2_ws/src/lab6/install/action_interfaces/share/action_interfaces/environment/library_path.dsv
[1.006s] -- Up-to-date: /home/teehee/ros2_ws/src/lab6/install/action_interfaces/lib/libaction_interfaces__rosidl_generator_c.so
[1.006s] -- Up-to-date: /home/teehee/ros2_ws/src/lab6/install/action_interfaces/include/action_interfaces/action_interfaces
[1.006s] -- Up-to-date: /home/teehee/ros2_ws/src/lab6/install/action_interfaces/include/action_interfaces/action_interfaces/action
[1.007s] -- Up-to-date: /home/teehee/ros2_ws/src/lab6/install/action_interfaces/include/action_interfaces/action_interfaces/action/detail
[1.007s] -- Up-to-date: /home/teehee/ros2_ws/src/lab6/install/action_interfaces/include/action_interfaces/action_interfaces/action/detail/maze__rosidl_typesupport_fastrtps_c.h
[1.007s] -- Up-to-date: /home/teehee/ros2_ws/src/lab6/install/action_interfaces/include/action_interfaces/action_interfaces/action/detail/bubblesort__rosidl_typesupport_fastrtps_c.h
[1.007s] -- Up-to-date: /home/teehee/ros2_ws/src/lab6/install/action_interfaces/include/action_interfaces/action_interfaces/action/detail/fibonacci__rosidl_typesupport_fastrtps_c.h
[1.007s] -- Up-to-date: /home/teehee/ros2_ws/src/lab6/install/action_interfaces/include/action_interfaces/action_interfaces/msg
[1.007s] -- Up-to-date: /home/teehee/ros2_ws/src/lab6/install/action_interfaces/include/action_interfaces/action_interfaces/msg/rosidl_typesupport_fastrtps_c__visibility_control.h
[1.007s] -- Up-to-date: /home/teehee/ros2_ws/src/lab6/install/action_interfaces/lib/libaction_interfaces__rosidl_typesupport_fastrtps_c.so
[1.007s] -- Up-to-date: /home/teehee/ros2_ws/src/lab6/install/action_interfaces/include/action_interfaces/action_interfaces
[1.007s] -- Up-to-date: /home/teehee/ros2_ws/src/lab6/install/action_interfaces/include/action_interfaces/action_interfaces/action
[1.007s] -- Up-to-date: /home/teehee/ros2_ws/src/lab6/install/action_interfaces/include/action_interfaces/action_interfaces/action/detail
[1.007s] -- Up-to-date: /home/teehee/ros2_ws/src/lab6/install/action_interfaces/include/action_interfaces/action_interfaces/action/detail/fibonacci__rosidl_typesupport_introspection_c.h
[1.008s] -- Up-to-date: /home/teehee/ros2_ws/src/lab6/install/action_interfaces/include/action_interfaces/action_interfaces/action/detail/maze__rosidl_typesupport_introspection_c.h
[1.008s] -- Up-to-date: /home/teehee/ros2_ws/src/lab6/install/action_interfaces/include/action_interfaces/action_interfaces/action/detail/bubblesort__rosidl_typesupport_introspection_c.h
[1.008s] -- Up-to-date: /home/teehee/ros2_ws/src/lab6/install/action_interfaces/include/action_interfaces/action_interfaces/action/detail/maze__type_support.c
[1.008s] -- Up-to-date: /home/teehee/ros2_ws/src/lab6/install/action_interfaces/include/action_interfaces/action_interfaces/action/detail/bubblesort__type_support.c
[1.008s] -- Up-to-date: /home/teehee/ros2_ws/src/lab6/install/action_interfaces/include/action_interfaces/action_interfaces/action/detail/fibonacci__type_support.c
[1.008s] -- Up-to-date: /home/teehee/ros2_ws/src/lab6/install/action_interfaces/include/action_interfaces/action_interfaces/msg
[1.008s] -- Up-to-date: /home/teehee/ros2_ws/src/lab6/install/action_interfaces/include/action_interfaces/action_interfaces/msg/rosidl_typesupport_introspection_c__visibility_control.h
[1.008s] -- Up-to-date: /home/teehee/ros2_ws/src/lab6/install/action_interfaces/lib/libaction_interfaces__rosidl_typesupport_introspection_c.so
[1.008s] -- Up-to-date: /home/teehee/ros2_ws/src/lab6/install/action_interfaces/lib/libaction_interfaces__rosidl_typesupport_c.so
[1.011s] -- Up-to-date: /home/teehee/ros2_ws/src/lab6/install/action_interfaces/include/action_interfaces/action_interfaces
[1.011s] -- Up-to-date: /home/teehee/ros2_ws/src/lab6/install/action_interfaces/include/action_interfaces/action_interfaces/action
[1.011s] -- Up-to-date: /home/teehee/ros2_ws/src/lab6/install/action_interfaces/include/action_interfaces/action_interfaces/action/maze.hpp
[1.028s] -- Up-to-date: /home/teehee/ros2_ws/src/lab6/install/action_interfaces/include/action_interfaces/action_interfaces/action/fibonacci.hpp
[1.028s] -- Up-to-date: /home/teehee/ros2_ws/src/lab6/install/action_interfaces/include/action_interfaces/action_interfaces/action/detail
[1.028s] -- Up-to-date: /home/teehee/ros2_ws/src/lab6/install/action_interfaces/include/action_interfaces/action_interfaces/action/detail/maze__builder.hpp
[1.030s] -- Up-to-date: /home/teehee/ros2_ws/src/lab6/install/action_interfaces/include/action_interfaces/action_interfaces/action/detail/fibonacci__builder.hpp
[1.030s] -- Up-to-date: /home/teehee/ros2_ws/src/lab6/install/action_interfaces/include/action_interfaces/action_interfaces/action/detail/bubblesort__builder.hpp
[1.031s] -- Up-to-date: /home/teehee/ros2_ws/src/lab6/install/action_interfaces/include/action_interfaces/action_interfaces/action/detail/maze__traits.hpp
[1.031s] -- Up-to-date: /home/teehee/ros2_ws/src/lab6/install/action_interfaces/include/action_interfaces/action_interfaces/action/detail/fibonacci__traits.hpp
[1.031s] -- Up-to-date: /home/teehee/ros2_ws/src/lab6/install/action_interfaces/include/action_interfaces/action_interfaces/action/detail/bubblesort__struct.hpp
[1.031s] -- Up-to-date: /home/teehee/ros2_ws/src/lab6/install/action_interfaces/include/action_interfaces/action_interfaces/action/detail/maze__struct.hpp
[1.032s] -- Up-to-date: /home/teehee/ros2_ws/src/lab6/install/action_interfaces/include/action_interfaces/action_interfaces/action/detail/bubblesort__traits.hpp
[1.032s] -- Up-to-date: /home/teehee/ros2_ws/src/lab6/install/action_interfaces/include/action_interfaces/action_interfaces/action/detail/fibonacci__struct.hpp
[1.034s] -- Up-to-date: /home/teehee/ros2_ws/src/lab6/install/action_interfaces/include/action_interfaces/action_interfaces/action/bubblesort.hpp
[1.034s] -- Up-to-date: /home/teehee/ros2_ws/src/lab6/install/action_interfaces/include/action_interfaces/action_interfaces
[1.034s] -- Up-to-date: /home/teehee/ros2_ws/src/lab6/install/action_interfaces/include/action_interfaces/action_interfaces/action
[1.034s] -- Up-to-date: /home/teehee/ros2_ws/src/lab6/install/action_interfaces/include/action_interfaces/action_interfaces/action/detail
[1.034s] -- Up-to-date: /home/teehee/ros2_ws/src/lab6/install/action_interfaces/include/action_interfaces/action_interfaces/action/detail/maze__rosidl_typesupport_fastrtps_cpp.hpp
[1.034s] -- Up-to-date: /home/teehee/ros2_ws/src/lab6/install/action_interfaces/include/action_interfaces/action_interfaces/action/detail/dds_fastrtps
[1.034s] -- Up-to-date: /home/teehee/ros2_ws/src/lab6/install/action_interfaces/include/action_interfaces/action_interfaces/action/detail/bubblesort__rosidl_typesupport_fastrtps_cpp.hpp
[1.034s] -- Up-to-date: /home/teehee/ros2_ws/src/lab6/install/action_interfaces/include/action_interfaces/action_interfaces/action/detail/fibonacci__rosidl_typesupport_fastrtps_cpp.hpp
[1.034s] -- Up-to-date: /home/teehee/ros2_ws/src/lab6/install/action_interfaces/include/action_interfaces/action_interfaces/msg
[1.034s] -- Up-to-date: /home/teehee/ros2_ws/src/lab6/install/action_interfaces/include/action_interfaces/action_interfaces/msg/rosidl_typesupport_fastrtps_cpp__visibility_control.h
[1.034s] -- Up-to-date: /home/teehee/ros2_ws/src/lab6/install/action_interfaces/lib/libaction_interfaces__rosidl_typesupport_fastrtps_cpp.so
[1.034s] -- Up-to-date: /home/teehee/ros2_ws/src/lab6/install/action_interfaces/include/action_interfaces/action_interfaces
[1.034s] -- Up-to-date: /home/teehee/ros2_ws/src/lab6/install/action_interfaces/include/action_interfaces/action_interfaces/action
[1.034s] -- Up-to-date: /home/teehee/ros2_ws/src/lab6/install/action_interfaces/include/action_interfaces/action_interfaces/action/detail
[1.034s] -- Up-to-date: /home/teehee/ros2_ws/src/lab6/install/action_interfaces/include/action_interfaces/action_interfaces/action/detail/fibonacci__rosidl_typesupport_introspection_cpp.hpp
[1.034s] -- Up-to-date: /home/teehee/ros2_ws/src/lab6/install/action_interfaces/include/action_interfaces/action_interfaces/action/detail/bubblesort__type_support.cpp
[1.034s] -- Up-to-date: /home/teehee/ros2_ws/src/lab6/install/action_interfaces/include/action_interfaces/action_interfaces/action/detail/bubblesort__rosidl_typesupport_introspection_cpp.hpp
[1.034s] -- Up-to-date: /home/teehee/ros2_ws/src/lab6/install/action_interfaces/include/action_interfaces/action_interfaces/action/detail/maze__type_support.cpp
[1.034s] -- Up-to-date: /home/teehee/ros2_ws/src/lab6/install/action_interfaces/include/action_interfaces/action_interfaces/action/detail/fibonacci__type_support.cpp
[1.034s] -- Up-to-date: /home/teehee/ros2_ws/src/lab6/install/action_interfaces/include/action_interfaces/action_interfaces/action/detail/maze__rosidl_typesupport_introspection_cpp.hpp
[1.034s] -- Up-to-date: /home/teehee/ros2_ws/src/lab6/install/action_interfaces/lib/libaction_interfaces__rosidl_typesupport_introspection_cpp.so
[1.034s] -- Up-to-date: /home/teehee/ros2_ws/src/lab6/install/action_interfaces/lib/libaction_interfaces__rosidl_typesupport_cpp.so
[1.034s] -- Up-to-date: /home/teehee/ros2_ws/src/lab6/install/action_interfaces/share/action_interfaces/environment/pythonpath.sh
[1.034s] -- Up-to-date: /home/teehee/ros2_ws/src/lab6/install/action_interfaces/share/action_interfaces/environment/pythonpath.dsv
[1.034s] -- Up-to-date: /home/teehee/ros2_ws/src/lab6/install/action_interfaces/local/lib/python3.10/dist-packages/action_interfaces-0.0.0-py3.10.egg-info
[1.036s] -- Installing: /home/teehee/ros2_ws/src/lab6/install/action_interfaces/local/lib/python3.10/dist-packages/action_interfaces-0.0.0-py3.10.egg-info/SOURCES.txt
[1.036s] -- Installing: /home/teehee/ros2_ws/src/lab6/install/action_interfaces/local/lib/python3.10/dist-packages/action_interfaces-0.0.0-py3.10.egg-info/dependency_links.txt
[1.036s] -- Installing: /home/teehee/ros2_ws/src/lab6/install/action_interfaces/local/lib/python3.10/dist-packages/action_interfaces-0.0.0-py3.10.egg-info/PKG-INFO
[1.036s] -- Installing: /home/teehee/ros2_ws/src/lab6/install/action_interfaces/local/lib/python3.10/dist-packages/action_interfaces-0.0.0-py3.10.egg-info/top_level.txt
[1.036s] -- Up-to-date: /home/teehee/ros2_ws/src/lab6/install/action_interfaces/local/lib/python3.10/dist-packages/action_interfaces
[1.036s] -- Up-to-date: /home/teehee/ros2_ws/src/lab6/install/action_interfaces/local/lib/python3.10/dist-packages/action_interfaces/_action_interfaces_s.ep.rosidl_typesupport_c.c
[1.036s] -- Up-to-date: /home/teehee/ros2_ws/src/lab6/install/action_interfaces/local/lib/python3.10/dist-packages/action_interfaces/_action_interfaces_s.ep.rosidl_typesupport_introspection_c.c
[1.036s] -- Up-to-date: /home/teehee/ros2_ws/src/lab6/install/action_interfaces/local/lib/python3.10/dist-packages/action_interfaces/__init__.py
[1.036s] -- Up-to-date: /home/teehee/ros2_ws/src/lab6/install/action_interfaces/local/lib/python3.10/dist-packages/action_interfaces/action_interfaces_s__rosidl_typesupport_fastrtps_c.cpython-310-x86_64-linux-gnu.so
[1.036s] -- Up-to-date: /home/teehee/ros2_ws/src/lab6/install/action_interfaces/local/lib/python3.10/dist-packages/action_interfaces/_action_interfaces_s.ep.rosidl_typesupport_fastrtps_c.c
[1.036s] -- Up-to-date: /home/teehee/ros2_ws/src/lab6/install/action_interfaces/local/lib/python3.10/dist-packages/action_interfaces/libaction_interfaces__rosidl_generator_py.so
[1.036s] -- Up-to-date: /home/teehee/ros2_ws/src/lab6/install/action_interfaces/local/lib/python3.10/dist-packages/action_interfaces/action_interfaces_s__rosidl_typesupport_introspection_c.cpython-310-x86_64-linux-gnu.so
[1.036s] -- Up-to-date: /home/teehee/ros2_ws/src/lab6/install/action_interfaces/local/lib/python3.10/dist-packages/action_interfaces/action_interfaces_s__rosidl_typesupport_c.cpython-310-x86_64-linux-gnu.so
[1.036s] -- Up-to-date: /home/teehee/ros2_ws/src/lab6/install/action_interfaces/local/lib/python3.10/dist-packages/action_interfaces/action
[1.036s] -- Up-to-date: /home/teehee/ros2_ws/src/lab6/install/action_interfaces/local/lib/python3.10/dist-packages/action_interfaces/action/_maze_s.c
[1.037s] -- Up-to-date: /home/teehee/ros2_ws/src/lab6/install/action_interfaces/local/lib/python3.10/dist-packages/action_interfaces/action/__init__.py
[1.037s] -- Up-to-date: /home/teehee/ros2_ws/src/lab6/install/action_interfaces/local/lib/python3.10/dist-packages/action_interfaces/action/_fibonacci.py
[1.037s] -- Up-to-date: /home/teehee/ros2_ws/src/lab6/install/action_interfaces/local/lib/python3.10/dist-packages/action_interfaces/action/_fibonacci_s.c
[1.037s] -- Up-to-date: /home/teehee/ros2_ws/src/lab6/install/action_interfaces/local/lib/python3.10/dist-packages/action_interfaces/action/_maze.py
[1.037s] -- Up-to-date: /home/teehee/ros2_ws/src/lab6/install/action_interfaces/local/lib/python3.10/dist-packages/action_interfaces/action/_bubblesort_s.c
[1.037s] -- Up-to-date: /home/teehee/ros2_ws/src/lab6/install/action_interfaces/local/lib/python3.10/dist-packages/action_interfaces/action/_bubblesort.py
[1.072s] Listing '/home/teehee/ros2_ws/src/lab6/install/action_interfaces/local/lib/python3.10/dist-packages/action_interfaces'...
[1.072s] Listing '/home/teehee/ros2_ws/src/lab6/install/action_interfaces/local/lib/python3.10/dist-packages/action_interfaces/action'...
[1.077s] -- Up-to-date: /home/teehee/ros2_ws/src/lab6/install/action_interfaces/local/lib/python3.10/dist-packages/action_interfaces/action_interfaces_s__rosidl_typesupport_fastrtps_c.cpython-310-x86_64-linux-gnu.so
[1.077s] -- Up-to-date: /home/teehee/ros2_ws/src/lab6/install/action_interfaces/local/lib/python3.10/dist-packages/action_interfaces/action_interfaces_s__rosidl_typesupport_introspection_c.cpython-310-x86_64-linux-gnu.so
[1.077s] -- Up-to-date: /home/teehee/ros2_ws/src/lab6/install/action_interfaces/local/lib/python3.10/dist-packages/action_interfaces/action_interfaces_s__rosidl_typesupport_c.cpython-310-x86_64-linux-gnu.so
[1.077s] -- Up-to-date: /home/teehee/ros2_ws/src/lab6/install/action_interfaces/lib/libaction_interfaces__rosidl_generator_py.so
[1.077s] -- Up-to-date: /home/teehee/ros2_ws/src/lab6/install/action_interfaces/share/action_interfaces/action/Fibonacci.idl
[1.077s] -- Up-to-date: /home/teehee/ros2_ws/src/lab6/install/action_interfaces/share/action_interfaces/action/Bubblesort.idl
[1.077s] -- Up-to-date: /home/teehee/ros2_ws/src/lab6/install/action_interfaces/share/action_interfaces/action/Maze.idl
[1.077s] -- Up-to-date: /home/teehee/ros2_ws/src/lab6/install/action_interfaces/share/action_interfaces/action/Fibonacci.action
[1.077s] -- Up-to-date: /home/teehee/ros2_ws/src/lab6/install/action_interfaces/share/action_interfaces/action/Bubblesort.action
[1.084s] -- Up-to-date: /home/teehee/ros2_ws/src/lab6/install/action_interfaces/share/action_interfaces/action/Maze.action
[1.084s] -- Up-to-date: /home/teehee/ros2_ws/src/lab6/install/action_interfaces/share/ament_index/resource_index/package_run_dependencies/action_interfaces
[1.084s] -- Up-to-date: /home/teehee/ros2_ws/src/lab6/install/action_interfaces/share/ament_index/resource_index/parent_prefix_path/action_interfaces
[1.084s] -- Up-to-date: /home/teehee/ros2_ws/src/lab6/install/action_interfaces/share/action_interfaces/environment/ament_prefix_path.sh
[1.084s] -- Up-to-date: /home/teehee/ros2_ws/src/lab6/install/action_interfaces/share/action_interfaces/environment/ament_prefix_path.dsv
[1.085s] -- Up-to-date: /home/teehee/ros2_ws/src/lab6/install/action_interfaces/share/action_interfaces/environment/path.sh
[1.085s] -- Up-to-date: /home/teehee/ros2_ws/src/lab6/install/action_interfaces/share/action_interfaces/environment/path.dsv
[1.085s] -- Up-to-date: /home/teehee/ros2_ws/src/lab6/install/action_interfaces/share/action_interfaces/local_setup.bash
[1.085s] -- Up-to-date: /home/teehee/ros2_ws/src/lab6/install/action_interfaces/share/action_interfaces/local_setup.sh
[1.085s] -- Up-to-date: /home/teehee/ros2_ws/src/lab6/install/action_interfaces/share/action_interfaces/local_setup.zsh
[1.085s] -- Up-to-date: /home/teehee/ros2_ws/src/lab6/install/action_interfaces/share/action_interfaces/local_setup.dsv
[1.085s] -- Installing: /home/teehee/ros2_ws/src/lab6/install/action_interfaces/share/action_interfaces/package.dsv
[1.085s] -- Up-to-date: /home/teehee/ros2_ws/src/lab6/install/action_interfaces/share/ament_index/resource_index/packages/action_interfaces
[1.085s] -- Up-to-date: /home/teehee/ros2_ws/src/lab6/install/action_interfaces/share/action_interfaces/cmake/export_action_interfaces__rosidl_generator_cExport.cmake
[1.085s] -- Up-to-date: /home/teehee/ros2_ws/src/lab6/install/action_interfaces/share/action_interfaces/cmake/export_action_interfaces__rosidl_generator_cExport-noconfig.cmake
[1.085s] -- Up-to-date: /home/teehee/ros2_ws/src/lab6/install/action_interfaces/share/action_interfaces/cmake/export_action_interfaces__rosidl_typesupport_fastrtps_cExport.cmake
[1.085s] -- Up-to-date: /home/teehee/ros2_ws/src/lab6/install/action_interfaces/share/action_interfaces/cmake/export_action_interfaces__rosidl_typesupport_fastrtps_cExport-noconfig.cmake
[1.085s] -- Up-to-date: /home/teehee/ros2_ws/src/lab6/install/action_interfaces/share/action_interfaces/cmake/action_interfaces__rosidl_typesupport_introspection_cExport.cmake
[1.085s] -- Up-to-date: /home/teehee/ros2_ws/src/lab6/install/action_interfaces/share/action_interfaces/cmake/action_interfaces__rosidl_typesupport_introspection_cExport-noconfig.cmake
[1.085s] -- Up-to-date: /home/teehee/ros2_ws/src/lab6/install/action_interfaces/share/action_interfaces/cmake/action_interfaces__rosidl_typesupport_cExport.cmake
[1.085s] -- Up-to-date: /home/teehee/ros2_ws/src/lab6/install/action_interfaces/share/action_interfaces/cmake/action_interfaces__rosidl_typesupport_cExport-noconfig.cmake
[1.085s] -- Up-to-date: /home/teehee/ros2_ws/src/lab6/install/action_interfaces/share/action_interfaces/cmake/export_action_interfaces__rosidl_generator_cppExport.cmake
[1.085s] -- Up-to-date: /home/teehee/ros2_ws/src/lab6/install/action_interfaces/share/action_interfaces/cmake/export_action_interfaces__rosidl_typesupport_fastrtps_cppExport.cmake
[1.085s] -- Up-to-date: /home/teehee/ros2_ws/src/lab6/install/action_interfaces/share/action_interfaces/cmake/export_action_interfaces__rosidl_typesupport_fastrtps_cppExport-noconfig.cmake
[1.085s] -- Up-to-date: /home/teehee/ros2_ws/src/lab6/install/action_interfaces/share/action_interfaces/cmake/action_interfaces__rosidl_typesupport_introspection_cppExport.cmake
[1.085s] -- Up-to-date: /home/teehee/ros2_ws/src/lab6/install/action_interfaces/share/action_interfaces/cmake/action_interfaces__rosidl_typesupport_introspection_cppExport-noconfig.cmake
[1.085s] -- Up-to-date: /home/teehee/ros2_ws/src/lab6/install/action_interfaces/share/action_interfaces/cmake/action_interfaces__rosidl_typesupport_cppExport.cmake
[1.103s] -- Up-to-date: /home/teehee/ros2_ws/src/lab6/install/action_interfaces/share/action_interfaces/cmake/action_interfaces__rosidl_typesupport_cppExport-noconfig.cmake
[1.103s] -- Up-to-date: /home/teehee/ros2_ws/src/lab6/install/action_interfaces/share/action_interfaces/cmake/export_action_interfaces__rosidl_generator_pyExport.cmake
[1.103s] -- Up-to-date: /home/teehee/ros2_ws/src/lab6/install/action_interfaces/share/action_interfaces/cmake/export_action_interfaces__rosidl_generator_pyExport-noconfig.cmake
[1.103s] -- Up-to-date: /home/teehee/ros2_ws/src/lab6/install/action_interfaces/share/action_interfaces/cmake/rosidl_cmake-extras.cmake
[1.103s] -- Up-to-date: /home/teehee/ros2_ws/src/lab6/install/action_interfaces/share/action_interfaces/cmake/ament_cmake_export_dependencies-extras.cmake
[1.103s] -- Up-to-date: /home/teehee/ros2_ws/src/lab6/install/action_interfaces/share/action_interfaces/cmake/ament_cmake_export_include_directories-extras.cmake
[1.103s] -- Up-to-date: /home/teehee/ros2_ws/src/lab6/install/action_interfaces/share/action_interfaces/cmake/ament_cmake_export_libraries-extras.cmake
[1.103s] -- Up-to-date: /home/teehee/ros2_ws/src/lab6/install/action_interfaces/share/action_interfaces/cmake/ament_cmake_export_targets-extras.cmake
[1.103s] -- Up-to-date: /home/teehee/ros2_ws/src/lab6/install/action_interfaces/share/action_interfaces/cmake/rosidl_cmake_export_typesupport_targets-extras.cmake
[1.103s] -- Up-to-date: /home/teehee/ros2_ws/src/lab6/install/action_interfaces/share/action_interfaces/cmake/rosidl_cmake_export_typesupport_libraries-extras.cmake
[1.103s] -- Up-to-date: /home/teehee/ros2_ws/src/lab6/install/action_interfaces/share/action_interfaces/cmake/action_interfacesConfig.cmake
[1.103s] -- Up-to-date: /home/teehee/ros2_ws/src/lab6/install/action_interfaces/share/action_interfaces/cmake/action_interfacesConfig-version.cmake
[1.103s] -- Up-to-date: /home/teehee/ros2_ws/src/lab6/install/action_interfaces/share/action_interfaces/package.xml
[1.103s] Invoked command in '/home/teehee/ros2_ws/src/lab6/build/action_interfaces' returned '0': CMAKE_PREFIX_PATH=${CMAKE_PREFIX_PATH}:/home/teehee/ros2_ws/install/tf2_pkg:/home/teehee/ros2_ws/install/pylab_exam1:/home/teehee/ros2_ws/install/pylab05:/home/teehee/ros2_ws/install/pylab04:/home/teehee/ros2_ws/install/labs_pkg:/home/teehee/ros2_ws/install/labex6:/home/teehee/ros2_ws/install/lab_exam2_pkg:/home/teehee/ros2_ws/install/example_pkg:/opt/ros/humble /usr/bin/cmake --install /home/teehee/ros2_ws/src/lab6/build/action_interfaces
