[0.494s] Invoking command in '/home/teehee/ros2_ws/build/labs_pkg': PYTHONPATH=/home/teehee/ros2_ws/build/labs_pkg/prefix_override:/home/teehee/ros2_ws/install/labs_pkg/lib/python3.10/site-packages:${PYTHONPATH} /usr/bin/python3 setup.py develop --editable --build-directory /home/teehee/ros2_ws/build/labs_pkg/build --no-deps install_data
[0.692s] running develop
[0.692s] /usr/lib/python3/dist-packages/setuptools/command/easy_install.py:158: EasyInstallDeprecationWarning: easy_install command is deprecated. Use build and pip and other standards-based tools.
[0.692s]   warnings.warn(
[0.693s] /usr/lib/python3/dist-packages/setuptools/command/install.py:34: SetuptoolsDeprecationWarning: setup.py install is deprecated. Use build and pip and other standards-based tools.
[0.693s]   warnings.warn(
[0.822s] running egg_info
[0.822s] writing labs_pkg.egg-info/PKG-INFO
[0.823s] writing dependency_links to labs_pkg.egg-info/dependency_links.txt
[0.823s] writing entry points to labs_pkg.egg-info/entry_points.txt
[0.823s] writing requirements to labs_pkg.egg-info/requires.txt
[0.823s] writing top-level names to labs_pkg.egg-info/top_level.txt
[0.829s] reading manifest file 'labs_pkg.egg-info/SOURCES.txt'
[0.829s] writing manifest file 'labs_pkg.egg-info/SOURCES.txt'
[0.829s] running build_ext
[0.829s] Creating /home/teehee/ros2_ws/install/labs_pkg/lib/python3.10/site-packages/labs-pkg.egg-link (link to .)
[0.830s] Installing cumulative_adder script to /home/teehee/ros2_ws/install/labs_pkg/lib/labs_pkg
[0.830s] Installing integer_publisher script to /home/teehee/ros2_ws/install/labs_pkg/lib/labs_pkg
[0.830s] Installing my_listener script to /home/teehee/ros2_ws/install/labs_pkg/lib/labs_pkg
[0.831s] Installing turtlesim_move = labs_pkg.turtlesim_move:mainmy_talker script to /home/teehee/ros2_ws/install/labs_pkg/lib/labs_pkg
[0.831s] 
[0.831s] Installed /home/teehee/ros2_ws/build/labs_pkg
[0.831s] running install_data
[0.877s] Invoked command in '/home/teehee/ros2_ws/build/labs_pkg' returned '0': PYTHONPATH=/home/teehee/ros2_ws/build/labs_pkg/prefix_override:/home/teehee/ros2_ws/install/labs_pkg/lib/python3.10/site-packages:${PYTHONPATH} /usr/bin/python3 setup.py develop --editable --build-directory /home/teehee/ros2_ws/build/labs_pkg/build --no-deps install_data
