running develop
/usr/lib/python3/dist-packages/setuptools/command/easy_install.py:158: EasyInstallDeprecationWarning: easy_install command is deprecated. Use build and pip and other standards-based tools.
  warnings.warn(
/usr/lib/python3/dist-packages/setuptools/command/install.py:34: SetuptoolsDeprecationWarning: setup.py install is deprecated. Use build and pip and other standards-based tools.
  warnings.warn(
running egg_info
writing tf2_pkg.egg-info/PKG-INFO
writing dependency_links to tf2_pkg.egg-info/dependency_links.txt
writing entry points to tf2_pkg.egg-info/entry_points.txt
writing requirements to tf2_pkg.egg-info/requires.txt
writing top-level names to tf2_pkg.egg-info/top_level.txt
reading manifest file 'tf2_pkg.egg-info/SOURCES.txt'
writing manifest file 'tf2_pkg.egg-info/SOURCES.txt'
running build_ext
Creating /home/teehee/ros2_ws/install/tf2_pkg/lib/python3.10/site-packages/tf2-pkg.egg-link (link to .)
Installing control_turtle script to /home/teehee/ros2_ws/install/tf2_pkg/lib/tf2_pkg
Installing spawn_turtles script to /home/teehee/ros2_ws/install/tf2_pkg/lib/tf2_pkg
Installing tf_broadcaster1 script to /home/teehee/ros2_ws/install/tf2_pkg/lib/tf2_pkg
Installing tf_broadcaster2 script to /home/teehee/ros2_ws/install/tf2_pkg/lib/tf2_pkg
Installing tf_broadcaster3 script to /home/teehee/ros2_ws/install/tf2_pkg/lib/tf2_pkg
Installing tf_broadcaster4 script to /home/teehee/ros2_ws/install/tf2_pkg/lib/tf2_pkg
Installing tf_broadcaster_ex14 script to /home/teehee/ros2_ws/install/tf2_pkg/lib/tf2_pkg
Installing tf_listener script to /home/teehee/ros2_ws/install/tf2_pkg/lib/tf2_pkg
Installing tf_listener1 script to /home/teehee/ros2_ws/install/tf2_pkg/lib/tf2_pkg
Installing tf_listener2 script to /home/teehee/ros2_ws/install/tf2_pkg/lib/tf2_pkg
Installing transform_point script to /home/teehee/ros2_ws/install/tf2_pkg/lib/tf2_pkg
Installing turtle_monitor script to /home/teehee/ros2_ws/install/tf2_pkg/lib/tf2_pkg

Installed /home/teehee/ros2_ws/build/tf2_pkg
running install_data
