[0.034s] Invoking command in '/home/teehee/ros2_ws/build/exersice_2_1': CMAKE_PREFIX_PATH=${CMAKE_PREFIX_PATH}:/home/teehee/ros2_ws/install/tf2_pkg:/home/teehee/ros2_ws/install/labs_pkg:/home/teehee/ros2_ws/install/labex6:/home/teehee/ros2_ws/install/lab_exam2_pkg:/home/teehee/ros2_ws/install/example_pkg:/opt/ros/humble /usr/bin/cmake --build /home/teehee/ros2_ws/build/exersice_2_1 -- -j4 -l4
[0.061s] Invoked command in '/home/teehee/ros2_ws/build/exersice_2_1' returned '0': CMAKE_PREFIX_PATH=${CMAKE_PREFIX_PATH}:/home/teehee/ros2_ws/install/tf2_pkg:/home/teehee/ros2_ws/install/labs_pkg:/home/teehee/ros2_ws/install/labex6:/home/teehee/ros2_ws/install/lab_exam2_pkg:/home/teehee/ros2_ws/install/example_pkg:/opt/ros/humble /usr/bin/cmake --build /home/teehee/ros2_ws/build/exersice_2_1 -- -j4 -l4
[0.091s] Invoking command in '/home/teehee/ros2_ws/build/exersice_2_1': CMAKE_PREFIX_PATH=${CMAKE_PREFIX_PATH}:/home/teehee/ros2_ws/install/tf2_pkg:/home/teehee/ros2_ws/install/labs_pkg:/home/teehee/ros2_ws/install/labex6:/home/teehee/ros2_ws/install/lab_exam2_pkg:/home/teehee/ros2_ws/install/example_pkg:/opt/ros/humble /usr/bin/cmake --install /home/teehee/ros2_ws/build/exersice_2_1
[0.095s] -- Install configuration: ""
[0.096s] -- Execute custom install script
[0.096s] -- Up-to-date symlink: /home/teehee/ros2_ws/install/exersice_2_1/share/ament_index/resource_index/package_run_dependencies/exersice_2_1
[0.097s] -- Up-to-date symlink: /home/teehee/ros2_ws/install/exersice_2_1/share/ament_index/resource_index/parent_prefix_path/exersice_2_1
[0.097s] -- Up-to-date symlink: /home/teehee/ros2_ws/install/exersice_2_1/share/exersice_2_1/environment/ament_prefix_path.sh
[0.098s] -- Up-to-date symlink: /home/teehee/ros2_ws/install/exersice_2_1/share/exersice_2_1/environment/ament_prefix_path.dsv
[0.098s] -- Up-to-date symlink: /home/teehee/ros2_ws/install/exersice_2_1/share/exersice_2_1/environment/path.sh
[0.098s] -- Up-to-date symlink: /home/teehee/ros2_ws/install/exersice_2_1/share/exersice_2_1/environment/path.dsv
[0.098s] -- Up-to-date symlink: /home/teehee/ros2_ws/install/exersice_2_1/share/exersice_2_1/local_setup.bash
[0.099s] -- Up-to-date symlink: /home/teehee/ros2_ws/install/exersice_2_1/share/exersice_2_1/local_setup.sh
[0.099s] -- Up-to-date symlink: /home/teehee/ros2_ws/install/exersice_2_1/share/exersice_2_1/local_setup.zsh
[0.099s] -- Up-to-date symlink: /home/teehee/ros2_ws/install/exersice_2_1/share/exersice_2_1/local_setup.dsv
[0.099s] -- Symlinking: /home/teehee/ros2_ws/install/exersice_2_1/share/exersice_2_1/package.dsv
[0.103s] -- Up-to-date symlink: /home/teehee/ros2_ws/install/exersice_2_1/share/ament_index/resource_index/packages/exersice_2_1
[0.104s] -- Up-to-date symlink: /home/teehee/ros2_ws/install/exersice_2_1/share/exersice_2_1/cmake/exersice_2_1Config.cmake
[0.104s] -- Up-to-date symlink: /home/teehee/ros2_ws/install/exersice_2_1/share/exersice_2_1/cmake/exersice_2_1Config-version.cmake
[0.105s] -- Up-to-date symlink: /home/teehee/ros2_ws/install/exersice_2_1/share/exersice_2_1/package.xml
[0.105s] -- Up-to-date symlink: /home/teehee/ros2_ws/install/exersice_2_1/share/exersice_2_1/description/colors.xacro
[0.105s] -- Up-to-date symlink: /home/teehee/ros2_ws/install/exersice_2_1/share/exersice_2_1/description/exercise_2_1.urdf.xacro
[0.105s] -- Up-to-date symlink: /home/teehee/ros2_ws/install/exersice_2_1/share/exersice_2_1/description/inertial.xacro
[0.106s] -- Symlinking: /home/teehee/ros2_ws/install/exersice_2_1/share/exersice_2_1/launch/rsp.launch.py
[0.121s] Invoked command in '/home/teehee/ros2_ws/build/exersice_2_1' returned '0': CMAKE_PREFIX_PATH=${CMAKE_PREFIX_PATH}:/home/teehee/ros2_ws/install/tf2_pkg:/home/teehee/ros2_ws/install/labs_pkg:/home/teehee/ros2_ws/install/labex6:/home/teehee/ros2_ws/install/lab_exam2_pkg:/home/teehee/ros2_ws/install/example_pkg:/opt/ros/humble /usr/bin/cmake --install /home/teehee/ros2_ws/build/exersice_2_1
