[0.885s] Invoking command in '/home/.engr-ece/rgz834/lab_05/src/build/lab05_py': PYTHONPATH=/home/.engr-ece/rgz834/lab_05/src/build/lab05_py/prefix_override:/home/.engr-ece/rgz834/lab_05/src/install/lab05_py/lib/python3.10/site-packages:${PYTHONPATH} /usr/bin/python3 setup.py develop --editable --build-directory /home/.engr-ece/rgz834/lab_05/src/build/lab05_py/build --no-deps install_data
[1.173s] running develop
[1.174s] /usr/lib/python3/dist-packages/setuptools/command/easy_install.py:158: EasyInstallDeprecationWarning: easy_install command is deprecated. Use build and pip and other standards-based tools.
[1.174s]   warnings.warn(
[1.175s] /usr/lib/python3/dist-packages/setuptools/command/install.py:34: SetuptoolsDeprecationWarning: setup.py install is deprecated. Use build and pip and other standards-based tools.
[1.175s]   warnings.warn(
[1.419s] running egg_info
[1.421s] writing lab05_py.egg-info/PKG-INFO
[1.426s] writing dependency_links to lab05_py.egg-info/dependency_links.txt
[1.428s] writing entry points to lab05_py.egg-info/entry_points.txt
[1.433s] writing requirements to lab05_py.egg-info/requires.txt
[1.436s] writing top-level names to lab05_py.egg-info/top_level.txt
[1.445s] reading manifest file 'lab05_py.egg-info/SOURCES.txt'
[1.448s] writing manifest file 'lab05_py.egg-info/SOURCES.txt'
[1.451s] running build_ext
[1.451s] Creating /home/.engr-ece/rgz834/lab_05/src/install/lab05_py/lib/python3.10/site-packages/lab05-py.egg-link (link to .)
[1.458s] Installing depth_camera script to /home/.engr-ece/rgz834/lab_05/src/install/lab05_py/lib/lab05_py
[1.465s] 
[1.466s] Installed /home/.engr-ece/rgz834/lab_05/src/build/lab05_py
[1.466s] running install_data
[1.496s] Invoked command in '/home/.engr-ece/rgz834/lab_05/src/build/lab05_py' returned '0': PYTHONPATH=/home/.engr-ece/rgz834/lab_05/src/build/lab05_py/prefix_override:/home/.engr-ece/rgz834/lab_05/src/install/lab05_py/lib/python3.10/site-packages:${PYTHONPATH} /usr/bin/python3 setup.py develop --editable --build-directory /home/.engr-ece/rgz834/lab_05/src/build/lab05_py/build --no-deps install_data
