[0.425s] DEBUG:colcon:Command line arguments: ['/usr/bin/colcon', 'build']
[0.426s] DEBUG:colcon:Parsed command line arguments: Namespace(log_base=None, log_level=None, verb_name='build', build_base='build', install_base='install', merge_install=False, symlink_install=False, test_result_base=None, continue_on_error=False, executor='parallel', parallel_workers=8, event_handlers=None, ignore_user_meta=False, metas=['./colcon.meta'], base_paths=['.'], packages_ignore=None, packages_ignore_regex=None, paths=None, packages_up_to=None, packages_up_to_regex=None, packages_above=None, packages_above_and_dependencies=None, packages_above_depth=None, packages_select_by_dep=None, packages_skip_by_dep=None, packages_skip_up_to=None, packages_select_build_failed=False, packages_skip_build_finished=False, packages_select_test_failures=False, packages_skip_test_passed=False, packages_select=None, packages_skip=None, packages_select_regex=None, packages_skip_regex=None, packages_start=None, packages_end=None, allow_overriding=[], cmake_args=None, cmake_target=None, cmake_target_skip_unavailable=False, cmake_clean_cache=False, cmake_clean_first=False, cmake_force_configure=False, ament_cmake_args=None, catkin_cmake_args=None, catkin_skip_building_tests=False, verb_parser=<colcon_defaults.argument_parser.defaults.DefaultArgumentsDecorator object at 0x7a5a8c64d660>, verb_extension=<colcon_core.verb.build.BuildVerb object at 0x7a5a8c67e260>, main=<bound method BuildVerb.main of <colcon_core.verb.build.BuildVerb object at 0x7a5a8c67e260>>)
[0.448s] Level 1:colcon.colcon_core.package_discovery:discover_packages(colcon_meta) check parameters
[0.448s] Level 1:colcon.colcon_core.package_discovery:discover_packages(recursive) check parameters
[0.448s] Level 1:colcon.colcon_core.package_discovery:discover_packages(ignore) check parameters
[0.448s] Level 1:colcon.colcon_core.package_discovery:discover_packages(path) check parameters
[0.448s] Level 1:colcon.colcon_core.package_discovery:discover_packages(colcon_meta) discover
[0.448s] Level 1:colcon.colcon_core.package_discovery:discover_packages(recursive) discover
[0.448s] INFO:colcon.colcon_core.package_discovery:Crawling recursively for packages in '/home/teehee/ros2_ws/src/lab6'
[0.449s] Level 1:colcon.colcon_core.package_identification:_identify(.) by extensions ['ignore', 'ignore_ament_install']
[0.449s] Level 1:colcon.colcon_core.package_identification:_identify(.) by extension 'ignore'
[0.449s] Level 1:colcon.colcon_core.package_identification:_identify(.) by extension 'ignore_ament_install'
[0.449s] Level 1:colcon.colcon_core.package_identification:_identify(.) by extensions ['colcon_pkg']
[0.449s] Level 1:colcon.colcon_core.package_identification:_identify(.) by extension 'colcon_pkg'
[0.449s] Level 1:colcon.colcon_core.package_identification:_identify(.) by extensions ['colcon_meta']
[0.449s] Level 1:colcon.colcon_core.package_identification:_identify(.) by extension 'colcon_meta'
[0.449s] Level 1:colcon.colcon_core.package_identification:_identify(.) by extensions ['ros']
[0.449s] Level 1:colcon.colcon_core.package_identification:_identify(.) by extension 'ros'
[0.455s] Level 1:colcon.colcon_core.package_identification:_identify(.) by extensions ['cmake', 'python']
[0.455s] Level 1:colcon.colcon_core.package_identification:_identify(.) by extension 'cmake'
[0.455s] Level 1:colcon.colcon_core.package_identification:_identify(.) by extension 'python'
[0.455s] Level 1:colcon.colcon_core.package_identification:_identify(.) by extensions ['python_setup_py']
[0.455s] Level 1:colcon.colcon_core.package_identification:_identify(.) by extension 'python_setup_py'
[0.455s] Level 1:colcon.colcon_core.package_identification:_identify(build) by extensions ['ignore', 'ignore_ament_install']
[0.455s] Level 1:colcon.colcon_core.package_identification:_identify(build) by extension 'ignore'
[0.455s] Level 1:colcon.colcon_core.package_identification:_identify(build) ignored
[0.455s] Level 1:colcon.colcon_core.package_identification:_identify(install) by extensions ['ignore', 'ignore_ament_install']
[0.455s] Level 1:colcon.colcon_core.package_identification:_identify(install) by extension 'ignore'
[0.455s] Level 1:colcon.colcon_core.package_identification:_identify(install) ignored
[0.455s] Level 1:colcon.colcon_core.package_identification:_identify(log) by extensions ['ignore', 'ignore_ament_install']
[0.455s] Level 1:colcon.colcon_core.package_identification:_identify(log) by extension 'ignore'
[0.455s] Level 1:colcon.colcon_core.package_identification:_identify(log) ignored
[0.455s] Level 1:colcon.colcon_core.package_identification:_identify(src) by extensions ['ignore', 'ignore_ament_install']
[0.455s] Level 1:colcon.colcon_core.package_identification:_identify(src) by extension 'ignore'
[0.455s] Level 1:colcon.colcon_core.package_identification:_identify(src) by extension 'ignore_ament_install'
[0.456s] Level 1:colcon.colcon_core.package_identification:_identify(src) by extensions ['colcon_pkg']
[0.456s] Level 1:colcon.colcon_core.package_identification:_identify(src) by extension 'colcon_pkg'
[0.456s] Level 1:colcon.colcon_core.package_identification:_identify(src) by extensions ['colcon_meta']
[0.456s] Level 1:colcon.colcon_core.package_identification:_identify(src) by extension 'colcon_meta'
[0.456s] Level 1:colcon.colcon_core.package_identification:_identify(src) by extensions ['ros']
[0.456s] Level 1:colcon.colcon_core.package_identification:_identify(src) by extension 'ros'
[0.456s] Level 1:colcon.colcon_core.package_identification:_identify(src) by extensions ['cmake', 'python']
[0.456s] Level 1:colcon.colcon_core.package_identification:_identify(src) by extension 'cmake'
[0.456s] Level 1:colcon.colcon_core.package_identification:_identify(src) by extension 'python'
[0.456s] Level 1:colcon.colcon_core.package_identification:_identify(src) by extensions ['python_setup_py']
[0.456s] Level 1:colcon.colcon_core.package_identification:_identify(src) by extension 'python_setup_py'
[0.456s] Level 1:colcon.colcon_core.package_identification:_identify(src/action_interfaces) by extensions ['ignore', 'ignore_ament_install']
[0.456s] Level 1:colcon.colcon_core.package_identification:_identify(src/action_interfaces) by extension 'ignore'
[0.456s] Level 1:colcon.colcon_core.package_identification:_identify(src/action_interfaces) by extension 'ignore_ament_install'
[0.456s] Level 1:colcon.colcon_core.package_identification:_identify(src/action_interfaces) by extensions ['colcon_pkg']
[0.456s] Level 1:colcon.colcon_core.package_identification:_identify(src/action_interfaces) by extension 'colcon_pkg'
[0.456s] Level 1:colcon.colcon_core.package_identification:_identify(src/action_interfaces) by extensions ['colcon_meta']
[0.456s] Level 1:colcon.colcon_core.package_identification:_identify(src/action_interfaces) by extension 'colcon_meta'
[0.456s] Level 1:colcon.colcon_core.package_identification:_identify(src/action_interfaces) by extensions ['ros']
[0.456s] Level 1:colcon.colcon_core.package_identification:_identify(src/action_interfaces) by extension 'ros'
[0.457s] DEBUG:colcon.colcon_core.package_identification:Package 'src/action_interfaces' with type 'ros.ament_cmake' and name 'action_interfaces'
[0.457s] Level 1:colcon.colcon_core.package_discovery:discover_packages(recursive) using defaults
[0.458s] Level 1:colcon.colcon_core.package_discovery:discover_packages(ignore) discover
[0.458s] Level 1:colcon.colcon_core.package_discovery:discover_packages(ignore) using defaults
[0.458s] Level 1:colcon.colcon_core.package_discovery:discover_packages(path) discover
[0.458s] Level 1:colcon.colcon_core.package_discovery:discover_packages(path) using defaults
[0.496s] Level 1:colcon.colcon_core.package_discovery:discover_packages(prefix_path) check parameters
[0.496s] Level 1:colcon.colcon_core.package_discovery:discover_packages(prefix_path) discover
[0.508s] DEBUG:colcon.colcon_installed_package_information.package_discovery:Found 18 installed packages in /home/teehee/ros2_ws/install
[0.514s] DEBUG:colcon.colcon_installed_package_information.package_discovery:Found 288 installed packages in /opt/ros/humble
[0.515s] Level 1:colcon.colcon_core.package_discovery:discover_packages(prefix_path) using defaults
[0.564s] Level 5:colcon.colcon_core.verb:set package 'action_interfaces' build argument 'cmake_args' from command line to 'None'
[0.564s] Level 5:colcon.colcon_core.verb:set package 'action_interfaces' build argument 'cmake_target' from command line to 'None'
[0.564s] Level 5:colcon.colcon_core.verb:set package 'action_interfaces' build argument 'cmake_target_skip_unavailable' from command line to 'False'
[0.564s] Level 5:colcon.colcon_core.verb:set package 'action_interfaces' build argument 'cmake_clean_cache' from command line to 'False'
[0.564s] Level 5:colcon.colcon_core.verb:set package 'action_interfaces' build argument 'cmake_clean_first' from command line to 'False'
[0.564s] Level 5:colcon.colcon_core.verb:set package 'action_interfaces' build argument 'cmake_force_configure' from command line to 'False'
[0.564s] Level 5:colcon.colcon_core.verb:set package 'action_interfaces' build argument 'ament_cmake_args' from command line to 'None'
[0.564s] Level 5:colcon.colcon_core.verb:set package 'action_interfaces' build argument 'catkin_cmake_args' from command line to 'None'
[0.564s] Level 5:colcon.colcon_core.verb:set package 'action_interfaces' build argument 'catkin_skip_building_tests' from command line to 'False'
[0.564s] DEBUG:colcon.colcon_core.verb:Building package 'action_interfaces' with the following arguments: {'ament_cmake_args': None, 'build_base': '/home/teehee/ros2_ws/src/lab6/build/action_interfaces', 'catkin_cmake_args': None, 'catkin_skip_building_tests': False, 'cmake_args': None, 'cmake_clean_cache': False, 'cmake_clean_first': False, 'cmake_force_configure': False, 'cmake_target': None, 'cmake_target_skip_unavailable': False, 'install_base': '/home/teehee/ros2_ws/src/lab6/install/action_interfaces', 'merge_install': False, 'path': '/home/teehee/ros2_ws/src/lab6/src/action_interfaces', 'symlink_install': False, 'test_result_base': None}
[0.570s] INFO:colcon.colcon_core.executor:Executing jobs using 'parallel' executor
[0.576s] DEBUG:colcon.colcon_parallel_executor.executor.parallel:run_until_complete
[0.576s] INFO:colcon.colcon_ros.task.ament_cmake.build:Building ROS package in '/home/teehee/ros2_ws/src/lab6/src/action_interfaces' with build type 'ament_cmake'
[0.576s] INFO:colcon.colcon_cmake.task.cmake.build:Building CMake package in '/home/teehee/ros2_ws/src/lab6/src/action_interfaces'
[0.583s] INFO:colcon.colcon_core.plugin_system:Skipping extension 'colcon_core.shell.bat': Not used on non-Windows systems
[0.583s] INFO:colcon.colcon_core.shell:Skip shell extension 'powershell' for command environment: Not usable outside of PowerShell
[0.583s] DEBUG:colcon.colcon_core.shell:Skip shell extension 'dsv' for command environment
[0.624s] DEBUG:colcon.colcon_core.event_handler.log_command:Invoking command in '/home/teehee/ros2_ws/src/lab6/build/action_interfaces': CMAKE_PREFIX_PATH=${CMAKE_PREFIX_PATH}:/home/teehee/ros2_ws/install/tf2_pkg:/home/teehee/ros2_ws/install/pylab_exam1:/home/teehee/ros2_ws/install/pylab05:/home/teehee/ros2_ws/install/pylab04:/home/teehee/ros2_ws/install/labs_pkg:/home/teehee/ros2_ws/install/labex6:/home/teehee/ros2_ws/install/lab_exam2_pkg:/home/teehee/ros2_ws/install/example_pkg:/opt/ros/humble /usr/bin/cmake --build /home/teehee/ros2_ws/src/lab6/build/action_interfaces -- -j8 -l8
[10.345s] DEBUG:colcon.colcon_core.event_handler.log_command:Invoked command in '/home/teehee/ros2_ws/src/lab6/build/action_interfaces' returned '0': CMAKE_PREFIX_PATH=${CMAKE_PREFIX_PATH}:/home/teehee/ros2_ws/install/tf2_pkg:/home/teehee/ros2_ws/install/pylab_exam1:/home/teehee/ros2_ws/install/pylab05:/home/teehee/ros2_ws/install/pylab04:/home/teehee/ros2_ws/install/labs_pkg:/home/teehee/ros2_ws/install/labex6:/home/teehee/ros2_ws/install/lab_exam2_pkg:/home/teehee/ros2_ws/install/example_pkg:/opt/ros/humble /usr/bin/cmake --build /home/teehee/ros2_ws/src/lab6/build/action_interfaces -- -j8 -l8
[10.503s] DEBUG:colcon.colcon_core.event_handler.log_command:Invoking command in '/home/teehee/ros2_ws/src/lab6/build/action_interfaces': CMAKE_PREFIX_PATH=${CMAKE_PREFIX_PATH}:/home/teehee/ros2_ws/install/tf2_pkg:/home/teehee/ros2_ws/install/pylab_exam1:/home/teehee/ros2_ws/install/pylab05:/home/teehee/ros2_ws/install/pylab04:/home/teehee/ros2_ws/install/labs_pkg:/home/teehee/ros2_ws/install/labex6:/home/teehee/ros2_ws/install/lab_exam2_pkg:/home/teehee/ros2_ws/install/example_pkg:/opt/ros/humble /usr/bin/cmake --install /home/teehee/ros2_ws/src/lab6/build/action_interfaces
[10.566s] Level 1:colcon.colcon_core.environment:create_environment_scripts_only(action_interfaces)
[10.571s] DEBUG:colcon.colcon_core.event_handler.log_command:Invoked command in '/home/teehee/ros2_ws/src/lab6/build/action_interfaces' returned '0': CMAKE_PREFIX_PATH=${CMAKE_PREFIX_PATH}:/home/teehee/ros2_ws/install/tf2_pkg:/home/teehee/ros2_ws/install/pylab_exam1:/home/teehee/ros2_ws/install/pylab05:/home/teehee/ros2_ws/install/pylab04:/home/teehee/ros2_ws/install/labs_pkg:/home/teehee/ros2_ws/install/labex6:/home/teehee/ros2_ws/install/lab_exam2_pkg:/home/teehee/ros2_ws/install/example_pkg:/opt/ros/humble /usr/bin/cmake --install /home/teehee/ros2_ws/src/lab6/build/action_interfaces
[10.575s] Level 1:colcon.colcon_core.environment:checking '/home/teehee/ros2_ws/src/lab6/install/action_interfaces' for CMake module files
[10.575s] Level 1:colcon.colcon_core.environment:checking '/home/teehee/ros2_ws/src/lab6/install/action_interfaces' for CMake config files
[10.575s] Level 1:colcon.colcon_core.shell:create_environment_hook('action_interfaces', 'cmake_prefix_path')
[10.581s] INFO:colcon.colcon_core.shell:Creating environment hook '/home/teehee/ros2_ws/src/lab6/install/action_interfaces/share/action_interfaces/hook/cmake_prefix_path.ps1'
[10.582s] INFO:colcon.colcon_core.shell:Creating environment descriptor '/home/teehee/ros2_ws/src/lab6/install/action_interfaces/share/action_interfaces/hook/cmake_prefix_path.dsv'
[10.582s] INFO:colcon.colcon_core.shell:Creating environment hook '/home/teehee/ros2_ws/src/lab6/install/action_interfaces/share/action_interfaces/hook/cmake_prefix_path.sh'
[10.583s] Level 1:colcon.colcon_core.environment:checking '/home/teehee/ros2_ws/src/lab6/install/action_interfaces/lib'
[10.583s] Level 1:colcon.colcon_core.shell:create_environment_hook('action_interfaces', 'ld_library_path_lib')
[10.589s] INFO:colcon.colcon_core.shell:Creating environment hook '/home/teehee/ros2_ws/src/lab6/install/action_interfaces/share/action_interfaces/hook/ld_library_path_lib.ps1'
[10.589s] INFO:colcon.colcon_core.shell:Creating environment descriptor '/home/teehee/ros2_ws/src/lab6/install/action_interfaces/share/action_interfaces/hook/ld_library_path_lib.dsv'
[10.589s] INFO:colcon.colcon_core.shell:Creating environment hook '/home/teehee/ros2_ws/src/lab6/install/action_interfaces/share/action_interfaces/hook/ld_library_path_lib.sh'
[10.590s] Level 1:colcon.colcon_core.environment:checking '/home/teehee/ros2_ws/src/lab6/install/action_interfaces/bin'
[10.590s] Level 1:colcon.colcon_core.environment:checking '/home/teehee/ros2_ws/src/lab6/install/action_interfaces/lib/pkgconfig/action_interfaces.pc'
[10.590s] Level 1:colcon.colcon_core.environment:checking '/home/teehee/ros2_ws/src/lab6/install/action_interfaces/lib/python3.10/site-packages'
[10.590s] Level 1:colcon.colcon_core.environment:checking '/home/teehee/ros2_ws/src/lab6/install/action_interfaces/bin'
[10.595s] INFO:colcon.colcon_core.shell:Creating package script '/home/teehee/ros2_ws/src/lab6/install/action_interfaces/share/action_interfaces/package.ps1'
[10.596s] INFO:colcon.colcon_core.shell:Creating package descriptor '/home/teehee/ros2_ws/src/lab6/install/action_interfaces/share/action_interfaces/package.dsv'
[10.597s] INFO:colcon.colcon_core.shell:Creating package script '/home/teehee/ros2_ws/src/lab6/install/action_interfaces/share/action_interfaces/package.sh'
[10.597s] INFO:colcon.colcon_core.shell:Creating package script '/home/teehee/ros2_ws/src/lab6/install/action_interfaces/share/action_interfaces/package.bash'
[10.598s] INFO:colcon.colcon_core.shell:Creating package script '/home/teehee/ros2_ws/src/lab6/install/action_interfaces/share/action_interfaces/package.zsh'
[10.598s] Level 1:colcon.colcon_core.environment:create_file_with_runtime_dependencies(/home/teehee/ros2_ws/src/lab6/install/action_interfaces/share/colcon-core/packages/action_interfaces)
[10.754s] Level 1:colcon.colcon_core.environment:create_environment_scripts_only(action_interfaces)
[10.759s] Level 1:colcon.colcon_core.environment:checking '/home/teehee/ros2_ws/src/lab6/install/action_interfaces' for CMake module files
[10.759s] Level 1:colcon.colcon_core.environment:checking '/home/teehee/ros2_ws/src/lab6/install/action_interfaces' for CMake config files
[10.760s] Level 1:colcon.colcon_core.shell:create_environment_hook('action_interfaces', 'cmake_prefix_path')
[10.766s] INFO:colcon.colcon_core.shell:Creating environment hook '/home/teehee/ros2_ws/src/lab6/install/action_interfaces/share/action_interfaces/hook/cmake_prefix_path.ps1'
[10.766s] INFO:colcon.colcon_core.shell:Creating environment descriptor '/home/teehee/ros2_ws/src/lab6/install/action_interfaces/share/action_interfaces/hook/cmake_prefix_path.dsv'
[10.766s] INFO:colcon.colcon_core.shell:Creating environment hook '/home/teehee/ros2_ws/src/lab6/install/action_interfaces/share/action_interfaces/hook/cmake_prefix_path.sh'
[10.767s] Level 1:colcon.colcon_core.environment:checking '/home/teehee/ros2_ws/src/lab6/install/action_interfaces/lib'
[10.767s] Level 1:colcon.colcon_core.shell:create_environment_hook('action_interfaces', 'ld_library_path_lib')
[10.773s] INFO:colcon.colcon_core.shell:Creating environment hook '/home/teehee/ros2_ws/src/lab6/install/action_interfaces/share/action_interfaces/hook/ld_library_path_lib.ps1'
[10.773s] INFO:colcon.colcon_core.shell:Creating environment descriptor '/home/teehee/ros2_ws/src/lab6/install/action_interfaces/share/action_interfaces/hook/ld_library_path_lib.dsv'
[10.773s] INFO:colcon.colcon_core.shell:Creating environment hook '/home/teehee/ros2_ws/src/lab6/install/action_interfaces/share/action_interfaces/hook/ld_library_path_lib.sh'
[10.774s] Level 1:colcon.colcon_core.environment:checking '/home/teehee/ros2_ws/src/lab6/install/action_interfaces/bin'
[10.774s] Level 1:colcon.colcon_core.environment:checking '/home/teehee/ros2_ws/src/lab6/install/action_interfaces/lib/pkgconfig/action_interfaces.pc'
[10.774s] Level 1:colcon.colcon_core.environment:checking '/home/teehee/ros2_ws/src/lab6/install/action_interfaces/lib/python3.10/site-packages'
[10.774s] Level 1:colcon.colcon_core.environment:checking '/home/teehee/ros2_ws/src/lab6/install/action_interfaces/bin'
[10.785s] INFO:colcon.colcon_core.shell:Creating package script '/home/teehee/ros2_ws/src/lab6/install/action_interfaces/share/action_interfaces/package.ps1'
[10.785s] INFO:colcon.colcon_core.shell:Creating package descriptor '/home/teehee/ros2_ws/src/lab6/install/action_interfaces/share/action_interfaces/package.dsv'
[10.786s] INFO:colcon.colcon_core.shell:Creating package script '/home/teehee/ros2_ws/src/lab6/install/action_interfaces/share/action_interfaces/package.sh'
[10.786s] INFO:colcon.colcon_core.shell:Creating package script '/home/teehee/ros2_ws/src/lab6/install/action_interfaces/share/action_interfaces/package.bash'
[10.786s] INFO:colcon.colcon_core.shell:Creating package script '/home/teehee/ros2_ws/src/lab6/install/action_interfaces/share/action_interfaces/package.zsh'
[10.786s] Level 1:colcon.colcon_core.environment:create_file_with_runtime_dependencies(/home/teehee/ros2_ws/src/lab6/install/action_interfaces/share/colcon-core/packages/action_interfaces)
[10.787s] DEBUG:colcon.colcon_parallel_executor.executor.parallel:closing loop
[10.787s] DEBUG:colcon.colcon_parallel_executor.executor.parallel:loop closed
[10.787s] DEBUG:colcon.colcon_parallel_executor.executor.parallel:run_until_complete finished with '0'
[10.788s] DEBUG:colcon.colcon_core.event_reactor:joining thread
[10.796s] INFO:colcon.colcon_core.plugin_system:Skipping extension 'colcon_notification.desktop_notification.terminal_notifier': Not used on non-Darwin systems
[10.796s] INFO:colcon.colcon_core.plugin_system:Skipping extension 'colcon_notification.desktop_notification.win32': Not used on non-Windows systems
[10.796s] INFO:colcon.colcon_notification.desktop_notification:Sending desktop notification using 'notify2'
[10.804s] DEBUG:colcon.colcon_core.event_reactor:joined thread
[10.848s] INFO:colcon.colcon_core.shell:Creating prefix script '/home/teehee/ros2_ws/src/lab6/install/local_setup.ps1'
[10.848s] INFO:colcon.colcon_core.shell:Creating prefix util module '/home/teehee/ros2_ws/src/lab6/install/_local_setup_util_ps1.py'
[10.849s] INFO:colcon.colcon_core.shell:Creating prefix chain script '/home/teehee/ros2_ws/src/lab6/install/setup.ps1'
[10.858s] INFO:colcon.colcon_core.shell:Creating prefix script '/home/teehee/ros2_ws/src/lab6/install/local_setup.sh'
[10.859s] INFO:colcon.colcon_core.shell:Creating prefix util module '/home/teehee/ros2_ws/src/lab6/install/_local_setup_util_sh.py'
[10.859s] INFO:colcon.colcon_core.shell:Creating prefix chain script '/home/teehee/ros2_ws/src/lab6/install/setup.sh'
[10.867s] INFO:colcon.colcon_core.shell:Creating prefix script '/home/teehee/ros2_ws/src/lab6/install/local_setup.bash'
[10.867s] INFO:colcon.colcon_core.shell:Creating prefix chain script '/home/teehee/ros2_ws/src/lab6/install/setup.bash'
[10.880s] INFO:colcon.colcon_core.shell:Creating prefix script '/home/teehee/ros2_ws/src/lab6/install/local_setup.zsh'
[10.880s] INFO:colcon.colcon_core.shell:Creating prefix chain script '/home/teehee/ros2_ws/src/lab6/install/setup.zsh'
