[0.058s] Invoking command in '/home/teehee/ros2_ws/build/lab_interfaces': CMAKE_PREFIX_PATH=/home/teehee/ros2_ws/install/labs_pkg:/home/teehee/ros2_ws/install/example_pkg:/opt/ros/humble /usr/bin/cmake /home/teehee/ros2_ws/src/lab_interfaces -DCMAKE_INSTALL_PREFIX=/home/teehee/ros2_ws/install/lab_interfaces
[0.084s] -- Found ament_cmake: 1.3.5 (/opt/ros/humble/share/ament_cmake/cmake)
[0.227s] -- Found rosidl_default_generators: 1.2.0 (/opt/ros/humble/share/rosidl_default_generators/cmake)
[0.228s] -- Using all available rosidl_typesupport_c: rosidl_typesupport_fastrtps_c;rosidl_typesupport_introspection_c
[0.231s] -- Found rosidl_adapter: 3.1.5 (/opt/ros/humble/share/rosidl_adapter/cmake)
[0.258s] -- Using all available rosidl_typesupport_cpp: rosidl_typesupport_fastrtps_cpp;rosidl_typesupport_introspection_cpp
[0.457s] [31mCMake Error at /opt/ros/humble/share/rosidl_adapter/cmake/rosidl_adapt_interfaces.cmake:59 (message):
[0.457s]   execute_process(/usr/bin/python3.10 -m rosidl_adapter --package-name
[0.458s]   lab_interfaces --arguments-file
[0.458s]   /home/teehee/ros2_ws/build/lab_interfaces/rosidl_adapter__arguments__lab_interfaces.json
[0.458s]   --output-dir
[0.458s]   /home/teehee/ros2_ws/build/lab_interfaces/rosidl_adapter/lab_interfaces
[0.458s]   --output-file
[0.458s]   /home/teehee/ros2_ws/build/lab_interfaces/rosidl_adapter/lab_interfaces.idls)
[0.458s]   returned error code 1:
[0.458s] 
[0.458s]   Error with: lab_interfaces WallDistanceStatistics
[0.458s]   <build_depend>rosidl_default_generators</build_depend>
[0.458s] 
[0.458s]   Traceback (most recent call last):
[0.458s] 
[0.458s]     File "/usr/lib/python3.10/runpy.py", line 196, in _run_module_as_main
[0.458s]       return _run_code(code, main_globals, None,
[0.458s]     File "/usr/lib/python3.10/runpy.py", line 86, in _run_code
[0.458s]       exec(code, run_globals)
[0.458s]     File "/opt/ros/humble/local/lib/python3.10/dist-packages/rosidl_adapter/__main__.py", line 19, in <module>
[0.459s]       sys.exit(main())
[0.459s]     File "/opt/ros/humble/local/lib/python3.10/dist-packages/rosidl_adapter/main.py", line 53, in main
[0.459s]       abs_idl_file = convert_to_idl(
[0.459s]     File "/opt/ros/humble/local/lib/python3.10/dist-packages/rosidl_adapter/__init__.py", line 19, in convert_to_idl
[0.459s]       return convert_msg_to_idl(
[0.459s]     File "/opt/ros/humble/local/lib/python3.10/dist-packages/rosidl_adapter/msg/__init__.py", line 28, in convert_msg_to_idl
[0.459s]       msg = parse_message_string(package_name, input_file.stem, content)
[0.459s]     File "/opt/ros/humble/local/lib/python3.10/dist-packages/rosidl_adapter/parser.py", line 510, in parse_message_string
[0.459s]       raise InvalidFieldDefinition(line)
[0.459s] 
[0.459s]   rosidl_adapter.parser.InvalidFieldDefinition:
[0.459s]   <build_depend>rosidl_default_generators</build_depend>
[0.459s] 
[0.459s] Call Stack (most recent call first):
[0.459s]   /opt/ros/humble/share/rosidl_cmake/cmake/rosidl_generate_interfaces.cmake:130 (rosidl_adapt_interfaces)
[0.459s]   CMakeLists.txt:12 (rosidl_generate_interfaces)
[0.459s] 
[0.459s] [0m
[0.459s] -- Configuring incomplete, errors occurred!
[0.459s] See also "/home/teehee/ros2_ws/build/lab_interfaces/CMakeFiles/CMakeOutput.log".
[0.486s] Invoked command in '/home/teehee/ros2_ws/build/lab_interfaces' returned '1': CMAKE_PREFIX_PATH=/home/teehee/ros2_ws/install/labs_pkg:/home/teehee/ros2_ws/install/example_pkg:/opt/ros/humble /usr/bin/cmake /home/teehee/ros2_ws/src/lab_interfaces -DCMAKE_INSTALL_PREFIX=/home/teehee/ros2_ws/install/lab_interfaces
