[0.041s] Invoking command in '/home/teehee/ros2_ws/build/robot1': CMAKE_PREFIX_PATH=${CMAKE_PREFIX_PATH}:/home/teehee/ros2_ws/install/tf2_pkg:/home/teehee/ros2_ws/install/labs_pkg:/home/teehee/ros2_ws/install/labex6:/home/teehee/ros2_ws/install/lab_exam2_pkg:/home/teehee/ros2_ws/install/example_pkg:/opt/ros/humble /usr/bin/cmake --build /home/teehee/ros2_ws/build/robot1 -- -j4 -l4
[0.068s] Invoked command in '/home/teehee/ros2_ws/build/robot1' returned '0': CMAKE_PREFIX_PATH=${CMAKE_PREFIX_PATH}:/home/teehee/ros2_ws/install/tf2_pkg:/home/teehee/ros2_ws/install/labs_pkg:/home/teehee/ros2_ws/install/labex6:/home/teehee/ros2_ws/install/lab_exam2_pkg:/home/teehee/ros2_ws/install/example_pkg:/opt/ros/humble /usr/bin/cmake --build /home/teehee/ros2_ws/build/robot1 -- -j4 -l4
[0.096s] Invoking command in '/home/teehee/ros2_ws/build/robot1': CMAKE_PREFIX_PATH=${CMAKE_PREFIX_PATH}:/home/teehee/ros2_ws/install/tf2_pkg:/home/teehee/ros2_ws/install/labs_pkg:/home/teehee/ros2_ws/install/labex6:/home/teehee/ros2_ws/install/lab_exam2_pkg:/home/teehee/ros2_ws/install/example_pkg:/opt/ros/humble /usr/bin/cmake --install /home/teehee/ros2_ws/build/robot1
[0.101s] -- Install configuration: ""
[0.102s] -- Execute custom install script
[0.102s] -- Up-to-date symlink: /home/teehee/ros2_ws/install/robot1/share/ament_index/resource_index/package_run_dependencies/robot1
[0.102s] -- Up-to-date symlink: /home/teehee/ros2_ws/install/robot1/share/ament_index/resource_index/parent_prefix_path/robot1
[0.102s] -- Up-to-date symlink: /home/teehee/ros2_ws/install/robot1/share/robot1/environment/ament_prefix_path.sh
[0.103s] -- Up-to-date symlink: /home/teehee/ros2_ws/install/robot1/share/robot1/environment/ament_prefix_path.dsv
[0.103s] -- Up-to-date symlink: /home/teehee/ros2_ws/install/robot1/share/robot1/environment/path.sh
[0.103s] -- Up-to-date symlink: /home/teehee/ros2_ws/install/robot1/share/robot1/environment/path.dsv
[0.103s] -- Up-to-date symlink: /home/teehee/ros2_ws/install/robot1/share/robot1/local_setup.bash
[0.103s] -- Up-to-date symlink: /home/teehee/ros2_ws/install/robot1/share/robot1/local_setup.sh
[0.104s] -- Up-to-date symlink: /home/teehee/ros2_ws/install/robot1/share/robot1/local_setup.zsh
[0.104s] -- Up-to-date symlink: /home/teehee/ros2_ws/install/robot1/share/robot1/local_setup.dsv
[0.104s] -- Symlinking: /home/teehee/ros2_ws/install/robot1/share/robot1/package.dsv
[0.108s] -- Up-to-date symlink: /home/teehee/ros2_ws/install/robot1/share/ament_index/resource_index/packages/robot1
[0.108s] -- Up-to-date symlink: /home/teehee/ros2_ws/install/robot1/share/robot1/cmake/robot1Config.cmake
[0.109s] -- Up-to-date symlink: /home/teehee/ros2_ws/install/robot1/share/robot1/cmake/robot1Config-version.cmake
[0.109s] -- Up-to-date symlink: /home/teehee/ros2_ws/install/robot1/share/robot1/package.xml
[0.109s] -- Up-to-date symlink: /home/teehee/ros2_ws/install/robot1/share/robot1/description/colors.xacro
[0.109s] -- Up-to-date symlink: /home/teehee/ros2_ws/install/robot1/share/robot1/description/inertial.xacro
[0.109s] -- Up-to-date symlink: /home/teehee/ros2_ws/install/robot1/share/robot1/description/robot.urdf.xacro
[0.109s] -- Up-to-date symlink: /home/teehee/ros2_ws/install/robot1/share/robot1/description/robot_core.xacro
[0.110s] -- Up-to-date symlink: /home/teehee/ros2_ws/install/robot1/share/robot1/launch/rsp.launch.py
[0.112s] Invoked command in '/home/teehee/ros2_ws/build/robot1' returned '0': CMAKE_PREFIX_PATH=${CMAKE_PREFIX_PATH}:/home/teehee/ros2_ws/install/tf2_pkg:/home/teehee/ros2_ws/install/labs_pkg:/home/teehee/ros2_ws/install/labex6:/home/teehee/ros2_ws/install/lab_exam2_pkg:/home/teehee/ros2_ws/install/example_pkg:/opt/ros/humble /usr/bin/cmake --install /home/teehee/ros2_ws/build/robot1
