[0.500s] Invoking command in '/home/teehee/ros2_ws/build/labs_pkg': PYTHONPATH=/home/teehee/ros2_ws/build/labs_pkg/prefix_override:/home/teehee/ros2_ws/install/labs_pkg/lib/python3.10/site-packages:${PYTHONPATH} /usr/bin/python3 setup.py develop --editable --build-directory /home/teehee/ros2_ws/build/labs_pkg/build --no-deps install_data
[0.730s] running develop
[0.730s] /usr/lib/python3/dist-packages/setuptools/command/easy_install.py:158: EasyInstallDeprecationWarning: easy_install command is deprecated. Use build and pip and other standards-based tools.
[0.730s]   warnings.warn(
[0.731s] /usr/lib/python3/dist-packages/setuptools/command/install.py:34: SetuptoolsDeprecationWarning: setup.py install is deprecated. Use build and pip and other standards-based tools.
[0.731s]   warnings.warn(
[0.855s] running egg_info
[0.856s] writing labs_pkg.egg-info/PKG-INFO
[0.856s] writing dependency_links to labs_pkg.egg-info/dependency_links.txt
[0.856s] writing entry points to labs_pkg.egg-info/entry_points.txt
[0.857s] writing requirements to labs_pkg.egg-info/requires.txt
[0.858s] writing top-level names to labs_pkg.egg-info/top_level.txt
[0.859s] reading manifest file 'labs_pkg.egg-info/SOURCES.txt'
[0.860s] writing manifest file 'labs_pkg.egg-info/SOURCES.txt'
[0.861s] running build_ext
[0.862s] Creating /home/teehee/ros2_ws/install/labs_pkg/lib/python3.10/site-packages/labs-pkg.egg-link (link to .)
[0.863s] Installing cumulative_adder script to /home/teehee/ros2_ws/install/labs_pkg/lib/labs_pkg
[0.863s] Installing integer_publisher script to /home/teehee/ros2_ws/install/labs_pkg/lib/labs_pkg
[0.863s] 
[0.864s] Installed /home/teehee/ros2_ws/build/labs_pkg
[0.864s] running install_data
[0.896s] Invoked command in '/home/teehee/ros2_ws/build/labs_pkg' returned '0': PYTHONPATH=/home/teehee/ros2_ws/build/labs_pkg/prefix_override:/home/teehee/ros2_ws/install/labs_pkg/lib/python3.10/site-packages:${PYTHONPATH} /usr/bin/python3 setup.py develop --editable --build-directory /home/teehee/ros2_ws/build/labs_pkg/build --no-deps install_data
