[0.062s] Invoking command in '/home/teehee/ros2_ws/src/lab_interfaces/build/lab_interfaces': CMAKE_PREFIX_PATH=${CMAKE_PREFIX_PATH}:/home/teehee/ros2_ws/install/tf2_pkg:/home/teehee/ros2_ws/install/labs_pkg:/home/teehee/ros2_ws/install/lab_exam2_pkg:/home/teehee/ros2_ws/install/example_pkg:/opt/ros/humble /usr/bin/cmake --build /home/teehee/ros2_ws/src/lab_interfaces/build/lab_interfaces -- -j4 -l4
[0.096s] -- Found ament_cmake: 1.3.6 (/opt/ros/humble/share/ament_cmake/cmake)
[0.249s] -- Found rosidl_default_generators: 1.2.0 (/opt/ros/humble/share/rosidl_default_generators/cmake)
[0.251s] -- Using all available rosidl_typesupport_c: rosidl_typesupport_fastrtps_c;rosidl_typesupport_introspection_c
[0.254s] -- Found rosidl_adapter: 3.1.5 (/opt/ros/humble/share/rosidl_adapter/cmake)
[0.283s] -- Using all available rosidl_typesupport_cpp: rosidl_typesupport_fastrtps_cpp;rosidl_typesupport_introspection_cpp
[0.579s] -- Found ament_cmake_ros: 0.10.0 (/opt/ros/humble/share/ament_cmake_ros/cmake)
[0.773s] -- Using all available rosidl_typesupport_c: rosidl_typesupport_fastrtps_c;rosidl_typesupport_introspection_c
[1.050s] -- Using all available rosidl_typesupport_cpp: rosidl_typesupport_fastrtps_cpp;rosidl_typesupport_introspection_cpp
[1.079s] -- Found python_cmake_module: 0.10.0 (/opt/ros/humble/share/python_cmake_module/cmake)
[1.106s] -- Using PYTHON_EXECUTABLE: /usr/bin/python3
[1.106s] -- Using PYTHON_INCLUDE_DIRS: /usr/include/python3.10
[1.106s] -- Using PYTHON_LIBRARIES: /usr/lib/x86_64-linux-gnu/libpython3.10.so
[1.127s] -- Configuring done
[1.184s] -- Generating done
[1.203s] -- Build files have been written to: /home/teehee/ros2_ws/src/lab_interfaces/build/lab_interfaces
[1.252s] [  2%] [34m[1mGenerating C code for ROS interfaces[0m
[1.262s] [  4%] [34m[1mGenerating C++ code for ROS interfaces[0m
[1.296s] [  4%] Built target ament_cmake_python_copy_lab_interfaces
[1.626s] running egg_info
[1.627s] writing lab_interfaces.egg-info/PKG-INFO
[1.628s] writing dependency_links to lab_interfaces.egg-info/dependency_links.txt
[1.630s] writing top-level names to lab_interfaces.egg-info/top_level.txt
[1.636s] reading manifest file 'lab_interfaces.egg-info/SOURCES.txt'
[1.637s] writing manifest file 'lab_interfaces.egg-info/SOURCES.txt'
[1.678s] [  4%] Built target ament_cmake_python_build_lab_interfaces_egg
[1.745s] [35m[1mConsolidate compiler generated dependencies of target lab_interfaces__rosidl_generator_c[0m
[1.750s] [  4%] Built target lab_interfaces__cpp
[1.761s] [  8%] [32mBuilding C object CMakeFiles/lab_interfaces__rosidl_generator_c.dir/rosidl_generator_c/lab_interfaces/msg/detail/turtle_array__functions.c.o[0m
[1.762s] [  8%] [32mBuilding C object CMakeFiles/lab_interfaces__rosidl_generator_c.dir/rosidl_generator_c/lab_interfaces/msg/detail/turtle__functions.c.o[0m
[1.763s] [ 10%] [34m[1mGenerating C++ introspection for ROS interfaces[0m
[1.774s] [ 12%] [32mBuilding C object CMakeFiles/lab_interfaces__rosidl_generator_c.dir/rosidl_generator_c/lab_interfaces/srv/detail/capture_turtle__functions.c.o[0m
[1.822s] [ 14%] [34m[1mGenerating C++ type support dispatch for ROS interfaces[0m
[1.843s] [ 17%] [34m[1mGenerating C++ type support for eProsima Fast-RTPS[0m
[1.843s] [ 19%] [32m[1mLinking C shared library liblab_interfaces__rosidl_generator_c.so[0m
[1.895s] [ 19%] Built target lab_interfaces__rosidl_generator_c
[1.913s] [ 21%] [34m[1mGenerating C type support for eProsima Fast-RTPS[0m
[2.176s] [35m[1mConsolidate compiler generated dependencies of target lab_interfaces__rosidl_typesupport_cpp[0m
[2.248s] [ 23%] [32mBuilding CXX object CMakeFiles/lab_interfaces__rosidl_typesupport_cpp.dir/rosidl_typesupport_cpp/lab_interfaces/msg/turtle__type_support.cpp.o[0m
[2.319s] [35m[1mConsolidate compiler generated dependencies of target lab_interfaces__rosidl_typesupport_introspection_cpp[0m
[2.319s] [35m[1mConsolidate compiler generated dependencies of target lab_interfaces__rosidl_typesupport_fastrtps_cpp[0m
[2.330s] [ 25%] [32mBuilding CXX object CMakeFiles/lab_interfaces__rosidl_typesupport_introspection_cpp.dir/rosidl_typesupport_introspection_cpp/lab_interfaces/msg/detail/turtle__type_support.cpp.o[0m
[2.338s] [ 27%] [32mBuilding CXX object CMakeFiles/lab_interfaces__rosidl_typesupport_fastrtps_cpp.dir/rosidl_typesupport_fastrtps_cpp/lab_interfaces/msg/detail/dds_fastrtps/turtle__type_support.cpp.o[0m
[2.380s] [35m[1mConsolidate compiler generated dependencies of target lab_interfaces__rosidl_typesupport_fastrtps_c[0m
[2.411s] [ 29%] [32mBuilding CXX object CMakeFiles/lab_interfaces__rosidl_typesupport_fastrtps_c.dir/rosidl_typesupport_fastrtps_c/lab_interfaces/msg/detail/turtle__type_support_c.cpp.o[0m
[2.503s] [ 31%] [32mBuilding CXX object CMakeFiles/lab_interfaces__rosidl_typesupport_cpp.dir/rosidl_typesupport_cpp/lab_interfaces/msg/turtle_array__type_support.cpp.o[0m
[2.706s] [ 34%] [32mBuilding CXX object CMakeFiles/lab_interfaces__rosidl_typesupport_introspection_cpp.dir/rosidl_typesupport_introspection_cpp/lab_interfaces/msg/detail/turtle_array__type_support.cpp.o[0m
[2.783s] [ 36%] [32mBuilding CXX object CMakeFiles/lab_interfaces__rosidl_typesupport_cpp.dir/rosidl_typesupport_cpp/lab_interfaces/srv/capture_turtle__type_support.cpp.o[0m
[2.807s] [ 38%] [32mBuilding CXX object CMakeFiles/lab_interfaces__rosidl_typesupport_fastrtps_c.dir/rosidl_typesupport_fastrtps_c/lab_interfaces/msg/detail/turtle_array__type_support_c.cpp.o[0m
[2.929s] [ 40%] [32mBuilding CXX object CMakeFiles/lab_interfaces__rosidl_typesupport_fastrtps_cpp.dir/rosidl_typesupport_fastrtps_cpp/lab_interfaces/msg/detail/dds_fastrtps/turtle_array__type_support.cpp.o[0m
[3.046s] [ 42%] [32m[1mLinking CXX shared library liblab_interfaces__rosidl_typesupport_cpp.so[0m
[3.133s] [ 42%] Built target lab_interfaces__rosidl_typesupport_cpp
[3.134s] [ 44%] [32mBuilding CXX object CMakeFiles/lab_interfaces__rosidl_typesupport_introspection_cpp.dir/rosidl_typesupport_introspection_cpp/lab_interfaces/srv/detail/capture_turtle__type_support.cpp.o[0m
[3.148s] [ 46%] [34m[1mGenerating C introspection for ROS interfaces[0m
[3.198s] [ 48%] [32mBuilding CXX object CMakeFiles/lab_interfaces__rosidl_typesupport_fastrtps_c.dir/rosidl_typesupport_fastrtps_c/lab_interfaces/srv/detail/capture_turtle__type_support_c.cpp.o[0m
[3.495s] [ 51%] [32mBuilding CXX object CMakeFiles/lab_interfaces__rosidl_typesupport_fastrtps_cpp.dir/rosidl_typesupport_fastrtps_cpp/lab_interfaces/srv/detail/dds_fastrtps/capture_turtle__type_support.cpp.o[0m
[3.514s] [35m[1mConsolidate compiler generated dependencies of target lab_interfaces__rosidl_typesupport_introspection_c[0m
[3.530s] [ 53%] [32mBuilding C object CMakeFiles/lab_interfaces__rosidl_typesupport_introspection_c.dir/rosidl_typesupport_introspection_c/lab_interfaces/msg/detail/turtle__type_support.c.o[0m
[3.548s] [ 55%] [32m[1mLinking CXX shared library liblab_interfaces__rosidl_typesupport_introspection_cpp.so[0m
[3.572s] [ 57%] [32m[1mLinking CXX shared library liblab_interfaces__rosidl_typesupport_fastrtps_c.so[0m
[3.574s] [ 59%] [32mBuilding C object CMakeFiles/lab_interfaces__rosidl_typesupport_introspection_c.dir/rosidl_typesupport_introspection_c/lab_interfaces/msg/detail/turtle_array__type_support.c.o[0m
[3.621s] [ 61%] [32mBuilding C object CMakeFiles/lab_interfaces__rosidl_typesupport_introspection_c.dir/rosidl_typesupport_introspection_c/lab_interfaces/srv/detail/capture_turtle__type_support.c.o[0m
[3.657s] [ 61%] Built target lab_interfaces__rosidl_typesupport_introspection_cpp
[3.669s] [ 63%] [32m[1mLinking C shared library liblab_interfaces__rosidl_typesupport_introspection_c.so[0m
[3.672s] [ 65%] [34m[1mGenerating C type support dispatch for ROS interfaces[0m
[3.722s] [ 65%] Built target lab_interfaces__rosidl_typesupport_fastrtps_c
[3.733s] [ 65%] Built target lab_interfaces__rosidl_typesupport_introspection_c
[3.883s] [ 68%] [32m[1mLinking CXX shared library liblab_interfaces__rosidl_typesupport_fastrtps_cpp.so[0m
[3.933s] [35m[1mConsolidate compiler generated dependencies of target lab_interfaces__rosidl_typesupport_c[0m
[3.952s] [ 74%] [32mBuilding CXX object CMakeFiles/lab_interfaces__rosidl_typesupport_c.dir/rosidl_typesupport_c/lab_interfaces/msg/turtle__type_support.cpp.o[0m
[3.952s] [ 74%] [32mBuilding CXX object CMakeFiles/lab_interfaces__rosidl_typesupport_c.dir/rosidl_typesupport_c/lab_interfaces/srv/capture_turtle__type_support.cpp.o[0m
[3.953s] [ 74%] [32mBuilding CXX object CMakeFiles/lab_interfaces__rosidl_typesupport_c.dir/rosidl_typesupport_c/lab_interfaces/msg/turtle_array__type_support.cpp.o[0m
[3.994s] [ 74%] Built target lab_interfaces__rosidl_typesupport_fastrtps_cpp
[3.995s] [ 76%] [32m[1mLinking CXX shared library liblab_interfaces__rosidl_typesupport_c.so[0m
[4.055s] [ 76%] Built target lab_interfaces__rosidl_typesupport_c
[4.095s] [ 76%] Built target lab_interfaces
[4.113s] [ 78%] [34m[1mGenerating Python code for ROS interfaces[0m
[4.566s] [ 78%] Built target lab_interfaces__py
[4.581s] [35m[1mConsolidate compiler generated dependencies of target lab_interfaces__rosidl_generator_py[0m
[4.606s] [ 80%] [32mBuilding C object CMakeFiles/lab_interfaces__rosidl_generator_py.dir/rosidl_generator_py/lab_interfaces/msg/_turtle_s.c.o[0m
[4.606s] [ 82%] [32mBuilding C object CMakeFiles/lab_interfaces__rosidl_generator_py.dir/rosidl_generator_py/lab_interfaces/msg/_turtle_array_s.c.o[0m
[4.615s] [ 85%] [32mBuilding C object CMakeFiles/lab_interfaces__rosidl_generator_py.dir/rosidl_generator_py/lab_interfaces/srv/_capture_turtle_s.c.o[0m
[4.718s] [ 87%] [32m[1mLinking C shared library rosidl_generator_py/lab_interfaces/liblab_interfaces__rosidl_generator_py.so[0m
[4.767s] [ 87%] Built target lab_interfaces__rosidl_generator_py
[4.782s] [35m[1mConsolidate compiler generated dependencies of target lab_interfaces__rosidl_typesupport_c__pyext[0m
[4.782s] [35m[1mConsolidate compiler generated dependencies of target lab_interfaces__rosidl_typesupport_introspection_c__pyext[0m
[4.782s] [35m[1mConsolidate compiler generated dependencies of target lab_interfaces__rosidl_typesupport_fastrtps_c__pyext[0m
[4.800s] [ 89%] [32mBuilding C object CMakeFiles/lab_interfaces__rosidl_typesupport_c__pyext.dir/rosidl_generator_py/lab_interfaces/_lab_interfaces_s.ep.rosidl_typesupport_c.c.o[0m
[4.803s] [ 91%] [32mBuilding C object CMakeFiles/lab_interfaces__rosidl_typesupport_fastrtps_c__pyext.dir/rosidl_generator_py/lab_interfaces/_lab_interfaces_s.ep.rosidl_typesupport_fastrtps_c.c.o[0m
[4.817s] [ 93%] [32mBuilding C object CMakeFiles/lab_interfaces__rosidl_typesupport_introspection_c__pyext.dir/rosidl_generator_py/lab_interfaces/_lab_interfaces_s.ep.rosidl_typesupport_introspection_c.c.o[0m
[4.906s] [ 95%] [32m[1mLinking C shared library rosidl_generator_py/lab_interfaces/lab_interfaces_s__rosidl_typesupport_c.cpython-310-x86_64-linux-gnu.so[0m
[4.921s] [ 97%] [32m[1mLinking C shared library rosidl_generator_py/lab_interfaces/lab_interfaces_s__rosidl_typesupport_fastrtps_c.cpython-310-x86_64-linux-gnu.so[0m
[4.927s] [100%] [32m[1mLinking C shared library rosidl_generator_py/lab_interfaces/lab_interfaces_s__rosidl_typesupport_introspection_c.cpython-310-x86_64-linux-gnu.so[0m
[4.970s] [100%] Built target lab_interfaces__rosidl_typesupport_fastrtps_c__pyext
[4.971s] [100%] Built target lab_interfaces__rosidl_typesupport_c__pyext
[4.986s] [100%] Built target lab_interfaces__rosidl_typesupport_introspection_c__pyext
[5.006s] Invoked command in '/home/teehee/ros2_ws/src/lab_interfaces/build/lab_interfaces' returned '0': CMAKE_PREFIX_PATH=${CMAKE_PREFIX_PATH}:/home/teehee/ros2_ws/install/tf2_pkg:/home/teehee/ros2_ws/install/labs_pkg:/home/teehee/ros2_ws/install/lab_exam2_pkg:/home/teehee/ros2_ws/install/example_pkg:/opt/ros/humble /usr/bin/cmake --build /home/teehee/ros2_ws/src/lab_interfaces/build/lab_interfaces -- -j4 -l4
[5.267s] Invoking command in '/home/teehee/ros2_ws/src/lab_interfaces/build/lab_interfaces': CMAKE_PREFIX_PATH=${CMAKE_PREFIX_PATH}:/home/teehee/ros2_ws/install/tf2_pkg:/home/teehee/ros2_ws/install/labs_pkg:/home/teehee/ros2_ws/install/lab_exam2_pkg:/home/teehee/ros2_ws/install/example_pkg:/opt/ros/humble /usr/bin/cmake --install /home/teehee/ros2_ws/src/lab_interfaces/build/lab_interfaces
[5.277s] -- Install configuration: ""
[5.277s] -- Up-to-date: /home/teehee/ros2_ws/src/lab_interfaces/install/lab_interfaces/share/ament_index/resource_index/rosidl_interfaces/lab_interfaces
[5.278s] -- Up-to-date: /home/teehee/ros2_ws/src/lab_interfaces/install/lab_interfaces/include/lab_interfaces/lab_interfaces
[5.278s] -- Up-to-date: /home/teehee/ros2_ws/src/lab_interfaces/install/lab_interfaces/include/lab_interfaces/lab_interfaces/srv
[5.278s] -- Up-to-date: /home/teehee/ros2_ws/src/lab_interfaces/install/lab_interfaces/include/lab_interfaces/lab_interfaces/srv/detail
[5.278s] -- Installing: /home/teehee/ros2_ws/src/lab_interfaces/install/lab_interfaces/include/lab_interfaces/lab_interfaces/srv/detail/capture_turtle__struct.h
[5.278s] -- Installing: /home/teehee/ros2_ws/src/lab_interfaces/install/lab_interfaces/include/lab_interfaces/lab_interfaces/srv/detail/capture_turtle__functions.h
[5.278s] -- Installing: /home/teehee/ros2_ws/src/lab_interfaces/install/lab_interfaces/include/lab_interfaces/lab_interfaces/srv/detail/capture_turtle__functions.c
[5.278s] -- Installing: /home/teehee/ros2_ws/src/lab_interfaces/install/lab_interfaces/include/lab_interfaces/lab_interfaces/srv/detail/capture_turtle__type_support.h
[5.278s] -- Installing: /home/teehee/ros2_ws/src/lab_interfaces/install/lab_interfaces/include/lab_interfaces/lab_interfaces/srv/capture_turtle.h
[5.278s] -- Up-to-date: /home/teehee/ros2_ws/src/lab_interfaces/install/lab_interfaces/include/lab_interfaces/lab_interfaces/msg
[5.279s] -- Installing: /home/teehee/ros2_ws/src/lab_interfaces/install/lab_interfaces/include/lab_interfaces/lab_interfaces/msg/turtle_array.h
[5.279s] -- Up-to-date: /home/teehee/ros2_ws/src/lab_interfaces/install/lab_interfaces/include/lab_interfaces/lab_interfaces/msg/rosidl_generator_c__visibility_control.h
[5.279s] -- Up-to-date: /home/teehee/ros2_ws/src/lab_interfaces/install/lab_interfaces/include/lab_interfaces/lab_interfaces/msg/detail
[5.279s] -- Installing: /home/teehee/ros2_ws/src/lab_interfaces/install/lab_interfaces/include/lab_interfaces/lab_interfaces/msg/detail/turtle_array__type_support.h
[5.279s] -- Installing: /home/teehee/ros2_ws/src/lab_interfaces/install/lab_interfaces/include/lab_interfaces/lab_interfaces/msg/detail/turtle_array__functions.c
[5.279s] -- Installing: /home/teehee/ros2_ws/src/lab_interfaces/install/lab_interfaces/include/lab_interfaces/lab_interfaces/msg/detail/turtle_array__functions.h
[5.280s] -- Installing: /home/teehee/ros2_ws/src/lab_interfaces/install/lab_interfaces/include/lab_interfaces/lab_interfaces/msg/detail/turtle__struct.h
[5.280s] -- Installing: /home/teehee/ros2_ws/src/lab_interfaces/install/lab_interfaces/include/lab_interfaces/lab_interfaces/msg/detail/turtle__functions.h
[5.280s] -- Installing: /home/teehee/ros2_ws/src/lab_interfaces/install/lab_interfaces/include/lab_interfaces/lab_interfaces/msg/detail/turtle_array__struct.h
[5.280s] -- Installing: /home/teehee/ros2_ws/src/lab_interfaces/install/lab_interfaces/include/lab_interfaces/lab_interfaces/msg/detail/turtle__functions.c
[5.280s] -- Installing: /home/teehee/ros2_ws/src/lab_interfaces/install/lab_interfaces/include/lab_interfaces/lab_interfaces/msg/detail/turtle__type_support.h
[5.280s] -- Installing: /home/teehee/ros2_ws/src/lab_interfaces/install/lab_interfaces/include/lab_interfaces/lab_interfaces/msg/turtle.h
[5.280s] -- Up-to-date: /home/teehee/ros2_ws/src/lab_interfaces/install/lab_interfaces/share/lab_interfaces/environment/library_path.sh
[5.281s] -- Installing: /home/teehee/ros2_ws/src/lab_interfaces/install/lab_interfaces/share/lab_interfaces/environment/library_path.dsv
[5.281s] -- Installing: /home/teehee/ros2_ws/src/lab_interfaces/install/lab_interfaces/lib/liblab_interfaces__rosidl_generator_c.so
[5.282s] -- Set runtime path of "/home/teehee/ros2_ws/src/lab_interfaces/install/lab_interfaces/lib/liblab_interfaces__rosidl_generator_c.so" to ""
[5.282s] -- Up-to-date: /home/teehee/ros2_ws/src/lab_interfaces/install/lab_interfaces/include/lab_interfaces/lab_interfaces
[5.282s] -- Up-to-date: /home/teehee/ros2_ws/src/lab_interfaces/install/lab_interfaces/include/lab_interfaces/lab_interfaces/srv
[5.282s] -- Up-to-date: /home/teehee/ros2_ws/src/lab_interfaces/install/lab_interfaces/include/lab_interfaces/lab_interfaces/srv/detail
[5.283s] -- Installing: /home/teehee/ros2_ws/src/lab_interfaces/install/lab_interfaces/include/lab_interfaces/lab_interfaces/srv/detail/capture_turtle__rosidl_typesupport_fastrtps_c.h
[5.283s] -- Up-to-date: /home/teehee/ros2_ws/src/lab_interfaces/install/lab_interfaces/include/lab_interfaces/lab_interfaces/msg
[5.283s] -- Up-to-date: /home/teehee/ros2_ws/src/lab_interfaces/install/lab_interfaces/include/lab_interfaces/lab_interfaces/msg/detail
[5.284s] -- Installing: /home/teehee/ros2_ws/src/lab_interfaces/install/lab_interfaces/include/lab_interfaces/lab_interfaces/msg/detail/turtle_array__rosidl_typesupport_fastrtps_c.h
[5.284s] -- Installing: /home/teehee/ros2_ws/src/lab_interfaces/install/lab_interfaces/include/lab_interfaces/lab_interfaces/msg/detail/turtle__rosidl_typesupport_fastrtps_c.h
[5.285s] -- Up-to-date: /home/teehee/ros2_ws/src/lab_interfaces/install/lab_interfaces/include/lab_interfaces/lab_interfaces/msg/rosidl_typesupport_fastrtps_c__visibility_control.h
[5.285s] -- Installing: /home/teehee/ros2_ws/src/lab_interfaces/install/lab_interfaces/lib/liblab_interfaces__rosidl_typesupport_fastrtps_c.so
[5.285s] -- Set runtime path of "/home/teehee/ros2_ws/src/lab_interfaces/install/lab_interfaces/lib/liblab_interfaces__rosidl_typesupport_fastrtps_c.so" to ""
[5.285s] -- Up-to-date: /home/teehee/ros2_ws/src/lab_interfaces/install/lab_interfaces/include/lab_interfaces/lab_interfaces
[5.285s] -- Up-to-date: /home/teehee/ros2_ws/src/lab_interfaces/install/lab_interfaces/include/lab_interfaces/lab_interfaces/srv
[5.286s] -- Up-to-date: /home/teehee/ros2_ws/src/lab_interfaces/install/lab_interfaces/include/lab_interfaces/lab_interfaces/srv/detail
[5.286s] -- Installing: /home/teehee/ros2_ws/src/lab_interfaces/install/lab_interfaces/include/lab_interfaces/lab_interfaces/srv/detail/capture_turtle__rosidl_typesupport_introspection_c.h
[5.286s] -- Installing: /home/teehee/ros2_ws/src/lab_interfaces/install/lab_interfaces/include/lab_interfaces/lab_interfaces/srv/detail/capture_turtle__type_support.c
[5.287s] -- Up-to-date: /home/teehee/ros2_ws/src/lab_interfaces/install/lab_interfaces/include/lab_interfaces/lab_interfaces/msg
[5.287s] -- Up-to-date: /home/teehee/ros2_ws/src/lab_interfaces/install/lab_interfaces/include/lab_interfaces/lab_interfaces/msg/detail
[5.288s] -- Installing: /home/teehee/ros2_ws/src/lab_interfaces/install/lab_interfaces/include/lab_interfaces/lab_interfaces/msg/detail/turtle__rosidl_typesupport_introspection_c.h
[5.288s] -- Installing: /home/teehee/ros2_ws/src/lab_interfaces/install/lab_interfaces/include/lab_interfaces/lab_interfaces/msg/detail/turtle__type_support.c
[5.289s] -- Installing: /home/teehee/ros2_ws/src/lab_interfaces/install/lab_interfaces/include/lab_interfaces/lab_interfaces/msg/detail/turtle_array__type_support.c
[5.289s] -- Installing: /home/teehee/ros2_ws/src/lab_interfaces/install/lab_interfaces/include/lab_interfaces/lab_interfaces/msg/detail/turtle_array__rosidl_typesupport_introspection_c.h
[5.290s] -- Up-to-date: /home/teehee/ros2_ws/src/lab_interfaces/install/lab_interfaces/include/lab_interfaces/lab_interfaces/msg/rosidl_typesupport_introspection_c__visibility_control.h
[5.290s] -- Installing: /home/teehee/ros2_ws/src/lab_interfaces/install/lab_interfaces/lib/liblab_interfaces__rosidl_typesupport_introspection_c.so
[5.290s] -- Set runtime path of "/home/teehee/ros2_ws/src/lab_interfaces/install/lab_interfaces/lib/liblab_interfaces__rosidl_typesupport_introspection_c.so" to ""
[5.290s] -- Installing: /home/teehee/ros2_ws/src/lab_interfaces/install/lab_interfaces/lib/liblab_interfaces__rosidl_typesupport_c.so
[5.291s] -- Set runtime path of "/home/teehee/ros2_ws/src/lab_interfaces/install/lab_interfaces/lib/liblab_interfaces__rosidl_typesupport_c.so" to ""
[5.291s] -- Up-to-date: /home/teehee/ros2_ws/src/lab_interfaces/install/lab_interfaces/include/lab_interfaces/lab_interfaces
[5.291s] -- Up-to-date: /home/teehee/ros2_ws/src/lab_interfaces/install/lab_interfaces/include/lab_interfaces/lab_interfaces/srv
[5.291s] -- Up-to-date: /home/teehee/ros2_ws/src/lab_interfaces/install/lab_interfaces/include/lab_interfaces/lab_interfaces/srv/detail
[5.291s] -- Installing: /home/teehee/ros2_ws/src/lab_interfaces/install/lab_interfaces/include/lab_interfaces/lab_interfaces/srv/detail/capture_turtle__struct.hpp
[5.291s] -- Installing: /home/teehee/ros2_ws/src/lab_interfaces/install/lab_interfaces/include/lab_interfaces/lab_interfaces/srv/detail/capture_turtle__traits.hpp
[5.291s] -- Installing: /home/teehee/ros2_ws/src/lab_interfaces/install/lab_interfaces/include/lab_interfaces/lab_interfaces/srv/detail/capture_turtle__builder.hpp
[5.291s] -- Installing: /home/teehee/ros2_ws/src/lab_interfaces/install/lab_interfaces/include/lab_interfaces/lab_interfaces/srv/capture_turtle.hpp
[5.291s] -- Up-to-date: /home/teehee/ros2_ws/src/lab_interfaces/install/lab_interfaces/include/lab_interfaces/lab_interfaces/msg
[5.291s] -- Installing: /home/teehee/ros2_ws/src/lab_interfaces/install/lab_interfaces/include/lab_interfaces/lab_interfaces/msg/turtle_array.hpp
[5.291s] -- Up-to-date: /home/teehee/ros2_ws/src/lab_interfaces/install/lab_interfaces/include/lab_interfaces/lab_interfaces/msg/detail
[5.292s] -- Installing: /home/teehee/ros2_ws/src/lab_interfaces/install/lab_interfaces/include/lab_interfaces/lab_interfaces/msg/detail/turtle__traits.hpp
[5.292s] -- Installing: /home/teehee/ros2_ws/src/lab_interfaces/install/lab_interfaces/include/lab_interfaces/lab_interfaces/msg/detail/turtle__builder.hpp
[5.292s] -- Installing: /home/teehee/ros2_ws/src/lab_interfaces/install/lab_interfaces/include/lab_interfaces/lab_interfaces/msg/detail/turtle_array__builder.hpp
[5.292s] -- Installing: /home/teehee/ros2_ws/src/lab_interfaces/install/lab_interfaces/include/lab_interfaces/lab_interfaces/msg/detail/turtle_array__struct.hpp
[5.292s] -- Installing: /home/teehee/ros2_ws/src/lab_interfaces/install/lab_interfaces/include/lab_interfaces/lab_interfaces/msg/detail/turtle__struct.hpp
[5.292s] -- Installing: /home/teehee/ros2_ws/src/lab_interfaces/install/lab_interfaces/include/lab_interfaces/lab_interfaces/msg/detail/turtle_array__traits.hpp
[5.292s] -- Installing: /home/teehee/ros2_ws/src/lab_interfaces/install/lab_interfaces/include/lab_interfaces/lab_interfaces/msg/turtle.hpp
[5.293s] -- Up-to-date: /home/teehee/ros2_ws/src/lab_interfaces/install/lab_interfaces/include/lab_interfaces/lab_interfaces
[5.293s] -- Up-to-date: /home/teehee/ros2_ws/src/lab_interfaces/install/lab_interfaces/include/lab_interfaces/lab_interfaces/srv
[5.293s] -- Up-to-date: /home/teehee/ros2_ws/src/lab_interfaces/install/lab_interfaces/include/lab_interfaces/lab_interfaces/srv/detail
[5.293s] -- Up-to-date: /home/teehee/ros2_ws/src/lab_interfaces/install/lab_interfaces/include/lab_interfaces/lab_interfaces/srv/detail/dds_fastrtps
[5.293s] -- Installing: /home/teehee/ros2_ws/src/lab_interfaces/install/lab_interfaces/include/lab_interfaces/lab_interfaces/srv/detail/capture_turtle__rosidl_typesupport_fastrtps_cpp.hpp
[5.293s] -- Up-to-date: /home/teehee/ros2_ws/src/lab_interfaces/install/lab_interfaces/include/lab_interfaces/lab_interfaces/msg
[5.293s] -- Up-to-date: /home/teehee/ros2_ws/src/lab_interfaces/install/lab_interfaces/include/lab_interfaces/lab_interfaces/msg/detail
[5.293s] -- Installing: /home/teehee/ros2_ws/src/lab_interfaces/install/lab_interfaces/include/lab_interfaces/lab_interfaces/msg/detail/turtle__rosidl_typesupport_fastrtps_cpp.hpp
[5.293s] -- Installing: /home/teehee/ros2_ws/src/lab_interfaces/install/lab_interfaces/include/lab_interfaces/lab_interfaces/msg/detail/turtle_array__rosidl_typesupport_fastrtps_cpp.hpp
[5.293s] -- Up-to-date: /home/teehee/ros2_ws/src/lab_interfaces/install/lab_interfaces/include/lab_interfaces/lab_interfaces/msg/detail/dds_fastrtps
[5.293s] -- Up-to-date: /home/teehee/ros2_ws/src/lab_interfaces/install/lab_interfaces/include/lab_interfaces/lab_interfaces/msg/rosidl_typesupport_fastrtps_cpp__visibility_control.h
[5.293s] -- Installing: /home/teehee/ros2_ws/src/lab_interfaces/install/lab_interfaces/lib/liblab_interfaces__rosidl_typesupport_fastrtps_cpp.so
[5.294s] -- Set runtime path of "/home/teehee/ros2_ws/src/lab_interfaces/install/lab_interfaces/lib/liblab_interfaces__rosidl_typesupport_fastrtps_cpp.so" to ""
[5.294s] -- Up-to-date: /home/teehee/ros2_ws/src/lab_interfaces/install/lab_interfaces/include/lab_interfaces/lab_interfaces
[5.294s] -- Up-to-date: /home/teehee/ros2_ws/src/lab_interfaces/install/lab_interfaces/include/lab_interfaces/lab_interfaces/srv
[5.294s] -- Up-to-date: /home/teehee/ros2_ws/src/lab_interfaces/install/lab_interfaces/include/lab_interfaces/lab_interfaces/srv/detail
[5.294s] -- Installing: /home/teehee/ros2_ws/src/lab_interfaces/install/lab_interfaces/include/lab_interfaces/lab_interfaces/srv/detail/capture_turtle__type_support.cpp
[5.294s] -- Installing: /home/teehee/ros2_ws/src/lab_interfaces/install/lab_interfaces/include/lab_interfaces/lab_interfaces/srv/detail/capture_turtle__rosidl_typesupport_introspection_cpp.hpp
[5.294s] -- Up-to-date: /home/teehee/ros2_ws/src/lab_interfaces/install/lab_interfaces/include/lab_interfaces/lab_interfaces/msg
[5.294s] -- Up-to-date: /home/teehee/ros2_ws/src/lab_interfaces/install/lab_interfaces/include/lab_interfaces/lab_interfaces/msg/detail
[5.294s] -- Installing: /home/teehee/ros2_ws/src/lab_interfaces/install/lab_interfaces/include/lab_interfaces/lab_interfaces/msg/detail/turtle_array__rosidl_typesupport_introspection_cpp.hpp
[5.294s] -- Installing: /home/teehee/ros2_ws/src/lab_interfaces/install/lab_interfaces/include/lab_interfaces/lab_interfaces/msg/detail/turtle_array__type_support.cpp
[5.294s] -- Installing: /home/teehee/ros2_ws/src/lab_interfaces/install/lab_interfaces/include/lab_interfaces/lab_interfaces/msg/detail/turtle__rosidl_typesupport_introspection_cpp.hpp
[5.294s] -- Installing: /home/teehee/ros2_ws/src/lab_interfaces/install/lab_interfaces/include/lab_interfaces/lab_interfaces/msg/detail/turtle__type_support.cpp
[5.294s] -- Installing: /home/teehee/ros2_ws/src/lab_interfaces/install/lab_interfaces/lib/liblab_interfaces__rosidl_typesupport_introspection_cpp.so
[5.295s] -- Set runtime path of "/home/teehee/ros2_ws/src/lab_interfaces/install/lab_interfaces/lib/liblab_interfaces__rosidl_typesupport_introspection_cpp.so" to ""
[5.295s] -- Installing: /home/teehee/ros2_ws/src/lab_interfaces/install/lab_interfaces/lib/liblab_interfaces__rosidl_typesupport_cpp.so
[5.295s] -- Set runtime path of "/home/teehee/ros2_ws/src/lab_interfaces/install/lab_interfaces/lib/liblab_interfaces__rosidl_typesupport_cpp.so" to ""
[5.296s] -- Up-to-date: /home/teehee/ros2_ws/src/lab_interfaces/install/lab_interfaces/share/lab_interfaces/environment/pythonpath.sh
[5.296s] -- Installing: /home/teehee/ros2_ws/src/lab_interfaces/install/lab_interfaces/share/lab_interfaces/environment/pythonpath.dsv
[5.296s] -- Up-to-date: /home/teehee/ros2_ws/src/lab_interfaces/install/lab_interfaces/local/lib/python3.10/dist-packages/lab_interfaces-0.0.0-py3.10.egg-info
[5.297s] -- Installing: /home/teehee/ros2_ws/src/lab_interfaces/install/lab_interfaces/local/lib/python3.10/dist-packages/lab_interfaces-0.0.0-py3.10.egg-info/SOURCES.txt
[5.297s] -- Installing: /home/teehee/ros2_ws/src/lab_interfaces/install/lab_interfaces/local/lib/python3.10/dist-packages/lab_interfaces-0.0.0-py3.10.egg-info/dependency_links.txt
[5.297s] -- Installing: /home/teehee/ros2_ws/src/lab_interfaces/install/lab_interfaces/local/lib/python3.10/dist-packages/lab_interfaces-0.0.0-py3.10.egg-info/PKG-INFO
[5.298s] -- Installing: /home/teehee/ros2_ws/src/lab_interfaces/install/lab_interfaces/local/lib/python3.10/dist-packages/lab_interfaces-0.0.0-py3.10.egg-info/top_level.txt
[5.298s] -- Up-to-date: /home/teehee/ros2_ws/src/lab_interfaces/install/lab_interfaces/local/lib/python3.10/dist-packages/lab_interfaces
[5.299s] -- Installing: /home/teehee/ros2_ws/src/lab_interfaces/install/lab_interfaces/local/lib/python3.10/dist-packages/lab_interfaces/_lab_interfaces_s.ep.rosidl_typesupport_introspection_c.c
[5.299s] -- Installing: /home/teehee/ros2_ws/src/lab_interfaces/install/lab_interfaces/local/lib/python3.10/dist-packages/lab_interfaces/lab_interfaces_s__rosidl_typesupport_c.cpython-310-x86_64-linux-gnu.so
[5.300s] -- Installing: /home/teehee/ros2_ws/src/lab_interfaces/install/lab_interfaces/local/lib/python3.10/dist-packages/lab_interfaces/__init__.py
[5.300s] -- Installing: /home/teehee/ros2_ws/src/lab_interfaces/install/lab_interfaces/local/lib/python3.10/dist-packages/lab_interfaces/_lab_interfaces_s.ep.rosidl_typesupport_c.c
[5.300s] -- Installing: /home/teehee/ros2_ws/src/lab_interfaces/install/lab_interfaces/local/lib/python3.10/dist-packages/lab_interfaces/lab_interfaces_s__rosidl_typesupport_introspection_c.cpython-310-x86_64-linux-gnu.so
[5.300s] -- Installing: /home/teehee/ros2_ws/src/lab_interfaces/install/lab_interfaces/local/lib/python3.10/dist-packages/lab_interfaces/_lab_interfaces_s.ep.rosidl_typesupport_fastrtps_c.c
[5.300s] -- Up-to-date: /home/teehee/ros2_ws/src/lab_interfaces/install/lab_interfaces/local/lib/python3.10/dist-packages/lab_interfaces/srv
[5.300s] -- Installing: /home/teehee/ros2_ws/src/lab_interfaces/install/lab_interfaces/local/lib/python3.10/dist-packages/lab_interfaces/srv/__init__.py
[5.300s] -- Installing: /home/teehee/ros2_ws/src/lab_interfaces/install/lab_interfaces/local/lib/python3.10/dist-packages/lab_interfaces/srv/_capture_turtle.py
[5.300s] -- Installing: /home/teehee/ros2_ws/src/lab_interfaces/install/lab_interfaces/local/lib/python3.10/dist-packages/lab_interfaces/srv/_capture_turtle_s.c
[5.301s] -- Installing: /home/teehee/ros2_ws/src/lab_interfaces/install/lab_interfaces/local/lib/python3.10/dist-packages/lab_interfaces/liblab_interfaces__rosidl_generator_py.so
[5.301s] -- Installing: /home/teehee/ros2_ws/src/lab_interfaces/install/lab_interfaces/local/lib/python3.10/dist-packages/lab_interfaces/lab_interfaces_s__rosidl_typesupport_fastrtps_c.cpython-310-x86_64-linux-gnu.so
[5.301s] -- Up-to-date: /home/teehee/ros2_ws/src/lab_interfaces/install/lab_interfaces/local/lib/python3.10/dist-packages/lab_interfaces/msg
[5.301s] -- Installing: /home/teehee/ros2_ws/src/lab_interfaces/install/lab_interfaces/local/lib/python3.10/dist-packages/lab_interfaces/msg/__init__.py
[5.301s] -- Installing: /home/teehee/ros2_ws/src/lab_interfaces/install/lab_interfaces/local/lib/python3.10/dist-packages/lab_interfaces/msg/_turtle.py
[5.301s] -- Installing: /home/teehee/ros2_ws/src/lab_interfaces/install/lab_interfaces/local/lib/python3.10/dist-packages/lab_interfaces/msg/_turtle_array_s.c
[5.302s] -- Installing: /home/teehee/ros2_ws/src/lab_interfaces/install/lab_interfaces/local/lib/python3.10/dist-packages/lab_interfaces/msg/_turtle_s.c
[5.302s] -- Installing: /home/teehee/ros2_ws/src/lab_interfaces/install/lab_interfaces/local/lib/python3.10/dist-packages/lab_interfaces/msg/_turtle_array.py
[5.355s] Listing '/home/teehee/ros2_ws/src/lab_interfaces/install/lab_interfaces/local/lib/python3.10/dist-packages/lab_interfaces'...
[5.356s] Compiling '/home/teehee/ros2_ws/src/lab_interfaces/install/lab_interfaces/local/lib/python3.10/dist-packages/lab_interfaces/__init__.py'...
[5.356s] Listing '/home/teehee/ros2_ws/src/lab_interfaces/install/lab_interfaces/local/lib/python3.10/dist-packages/lab_interfaces/msg'...
[5.356s] Compiling '/home/teehee/ros2_ws/src/lab_interfaces/install/lab_interfaces/local/lib/python3.10/dist-packages/lab_interfaces/msg/__init__.py'...
[5.356s] Compiling '/home/teehee/ros2_ws/src/lab_interfaces/install/lab_interfaces/local/lib/python3.10/dist-packages/lab_interfaces/msg/_turtle.py'...
[5.356s] Compiling '/home/teehee/ros2_ws/src/lab_interfaces/install/lab_interfaces/local/lib/python3.10/dist-packages/lab_interfaces/msg/_turtle_array.py'...
[5.356s] Listing '/home/teehee/ros2_ws/src/lab_interfaces/install/lab_interfaces/local/lib/python3.10/dist-packages/lab_interfaces/srv'...
[5.356s] Compiling '/home/teehee/ros2_ws/src/lab_interfaces/install/lab_interfaces/local/lib/python3.10/dist-packages/lab_interfaces/srv/__init__.py'...
[5.356s] Compiling '/home/teehee/ros2_ws/src/lab_interfaces/install/lab_interfaces/local/lib/python3.10/dist-packages/lab_interfaces/srv/_capture_turtle.py'...
[5.356s] -- Installing: /home/teehee/ros2_ws/src/lab_interfaces/install/lab_interfaces/local/lib/python3.10/dist-packages/lab_interfaces/lab_interfaces_s__rosidl_typesupport_fastrtps_c.cpython-310-x86_64-linux-gnu.so
[5.356s] -- Set runtime path of "/home/teehee/ros2_ws/src/lab_interfaces/install/lab_interfaces/local/lib/python3.10/dist-packages/lab_interfaces/lab_interfaces_s__rosidl_typesupport_fastrtps_c.cpython-310-x86_64-linux-gnu.so" to ""
[5.356s] -- Installing: /home/teehee/ros2_ws/src/lab_interfaces/install/lab_interfaces/local/lib/python3.10/dist-packages/lab_interfaces/lab_interfaces_s__rosidl_typesupport_introspection_c.cpython-310-x86_64-linux-gnu.so
[5.356s] -- Set runtime path of "/home/teehee/ros2_ws/src/lab_interfaces/install/lab_interfaces/local/lib/python3.10/dist-packages/lab_interfaces/lab_interfaces_s__rosidl_typesupport_introspection_c.cpython-310-x86_64-linux-gnu.so" to ""
[5.356s] -- Installing: /home/teehee/ros2_ws/src/lab_interfaces/install/lab_interfaces/local/lib/python3.10/dist-packages/lab_interfaces/lab_interfaces_s__rosidl_typesupport_c.cpython-310-x86_64-linux-gnu.so
[5.356s] -- Set runtime path of "/home/teehee/ros2_ws/src/lab_interfaces/install/lab_interfaces/local/lib/python3.10/dist-packages/lab_interfaces/lab_interfaces_s__rosidl_typesupport_c.cpython-310-x86_64-linux-gnu.so" to ""
[5.356s] -- Installing: /home/teehee/ros2_ws/src/lab_interfaces/install/lab_interfaces/lib/liblab_interfaces__rosidl_generator_py.so
[5.357s] -- Set runtime path of "/home/teehee/ros2_ws/src/lab_interfaces/install/lab_interfaces/lib/liblab_interfaces__rosidl_generator_py.so" to ""
[5.357s] -- Up-to-date: /home/teehee/ros2_ws/src/lab_interfaces/install/lab_interfaces/share/lab_interfaces/msg/Turtle.idl
[5.357s] -- Installing: /home/teehee/ros2_ws/src/lab_interfaces/install/lab_interfaces/share/lab_interfaces/msg/TurtleArray.idl
[5.359s] -- Up-to-date: /home/teehee/ros2_ws/src/lab_interfaces/install/lab_interfaces/share/lab_interfaces/srv/CaptureTurtle.idl
[5.359s] -- Up-to-date: /home/teehee/ros2_ws/src/lab_interfaces/install/lab_interfaces/share/lab_interfaces/msg/Turtle.msg
[5.359s] -- Installing: /home/teehee/ros2_ws/src/lab_interfaces/install/lab_interfaces/share/lab_interfaces/msg/TurtleArray.msg
[5.361s] -- Up-to-date: /home/teehee/ros2_ws/src/lab_interfaces/install/lab_interfaces/share/lab_interfaces/srv/CaptureTurtle.srv
[5.361s] -- Up-to-date: /home/teehee/ros2_ws/src/lab_interfaces/install/lab_interfaces/share/lab_interfaces/srv/CaptureTurtle_Request.msg
[5.365s] -- Up-to-date: /home/teehee/ros2_ws/src/lab_interfaces/install/lab_interfaces/share/lab_interfaces/srv/CaptureTurtle_Response.msg
[5.366s] -- Up-to-date: /home/teehee/ros2_ws/src/lab_interfaces/install/lab_interfaces/share/ament_index/resource_index/package_run_dependencies/lab_interfaces
[5.366s] -- Up-to-date: /home/teehee/ros2_ws/src/lab_interfaces/install/lab_interfaces/share/ament_index/resource_index/parent_prefix_path/lab_interfaces
[5.371s] -- Up-to-date: /home/teehee/ros2_ws/src/lab_interfaces/install/lab_interfaces/share/lab_interfaces/environment/ament_prefix_path.sh
[5.372s] -- Installing: /home/teehee/ros2_ws/src/lab_interfaces/install/lab_interfaces/share/lab_interfaces/environment/ament_prefix_path.dsv
[5.372s] -- Up-to-date: /home/teehee/ros2_ws/src/lab_interfaces/install/lab_interfaces/share/lab_interfaces/environment/path.sh
[5.372s] -- Installing: /home/teehee/ros2_ws/src/lab_interfaces/install/lab_interfaces/share/lab_interfaces/environment/path.dsv
[5.373s] -- Up-to-date: /home/teehee/ros2_ws/src/lab_interfaces/install/lab_interfaces/share/lab_interfaces/local_setup.bash
[5.373s] -- Up-to-date: /home/teehee/ros2_ws/src/lab_interfaces/install/lab_interfaces/share/lab_interfaces/local_setup.sh
[5.373s] -- Up-to-date: /home/teehee/ros2_ws/src/lab_interfaces/install/lab_interfaces/share/lab_interfaces/local_setup.zsh
[5.376s] -- Installing: /home/teehee/ros2_ws/src/lab_interfaces/install/lab_interfaces/share/lab_interfaces/local_setup.dsv
[5.378s] -- Installing: /home/teehee/ros2_ws/src/lab_interfaces/install/lab_interfaces/share/lab_interfaces/package.dsv
[5.379s] -- Up-to-date: /home/teehee/ros2_ws/src/lab_interfaces/install/lab_interfaces/share/ament_index/resource_index/packages/lab_interfaces
[5.380s] -- Up-to-date: /home/teehee/ros2_ws/src/lab_interfaces/install/lab_interfaces/share/lab_interfaces/cmake/export_lab_interfaces__rosidl_generator_cExport.cmake
[5.380s] -- Up-to-date: /home/teehee/ros2_ws/src/lab_interfaces/install/lab_interfaces/share/lab_interfaces/cmake/export_lab_interfaces__rosidl_generator_cExport-noconfig.cmake
[5.380s] -- Up-to-date: /home/teehee/ros2_ws/src/lab_interfaces/install/lab_interfaces/share/lab_interfaces/cmake/export_lab_interfaces__rosidl_typesupport_fastrtps_cExport.cmake
[5.381s] -- Up-to-date: /home/teehee/ros2_ws/src/lab_interfaces/install/lab_interfaces/share/lab_interfaces/cmake/export_lab_interfaces__rosidl_typesupport_fastrtps_cExport-noconfig.cmake
[5.381s] -- Up-to-date: /home/teehee/ros2_ws/src/lab_interfaces/install/lab_interfaces/share/lab_interfaces/cmake/lab_interfaces__rosidl_typesupport_introspection_cExport.cmake
[5.382s] -- Up-to-date: /home/teehee/ros2_ws/src/lab_interfaces/install/lab_interfaces/share/lab_interfaces/cmake/lab_interfaces__rosidl_typesupport_introspection_cExport-noconfig.cmake
[5.385s] -- Up-to-date: /home/teehee/ros2_ws/src/lab_interfaces/install/lab_interfaces/share/lab_interfaces/cmake/lab_interfaces__rosidl_typesupport_cExport.cmake
[5.385s] -- Up-to-date: /home/teehee/ros2_ws/src/lab_interfaces/install/lab_interfaces/share/lab_interfaces/cmake/lab_interfaces__rosidl_typesupport_cExport-noconfig.cmake
[5.386s] -- Up-to-date: /home/teehee/ros2_ws/src/lab_interfaces/install/lab_interfaces/share/lab_interfaces/cmake/export_lab_interfaces__rosidl_generator_cppExport.cmake
[5.387s] -- Up-to-date: /home/teehee/ros2_ws/src/lab_interfaces/install/lab_interfaces/share/lab_interfaces/cmake/export_lab_interfaces__rosidl_typesupport_fastrtps_cppExport.cmake
[5.387s] -- Up-to-date: /home/teehee/ros2_ws/src/lab_interfaces/install/lab_interfaces/share/lab_interfaces/cmake/export_lab_interfaces__rosidl_typesupport_fastrtps_cppExport-noconfig.cmake
[5.387s] -- Up-to-date: /home/teehee/ros2_ws/src/lab_interfaces/install/lab_interfaces/share/lab_interfaces/cmake/lab_interfaces__rosidl_typesupport_introspection_cppExport.cmake
[5.392s] -- Up-to-date: /home/teehee/ros2_ws/src/lab_interfaces/install/lab_interfaces/share/lab_interfaces/cmake/lab_interfaces__rosidl_typesupport_introspection_cppExport-noconfig.cmake
[5.392s] -- Up-to-date: /home/teehee/ros2_ws/src/lab_interfaces/install/lab_interfaces/share/lab_interfaces/cmake/lab_interfaces__rosidl_typesupport_cppExport.cmake
[5.392s] -- Up-to-date: /home/teehee/ros2_ws/src/lab_interfaces/install/lab_interfaces/share/lab_interfaces/cmake/lab_interfaces__rosidl_typesupport_cppExport-noconfig.cmake
[5.392s] -- Up-to-date: /home/teehee/ros2_ws/src/lab_interfaces/install/lab_interfaces/share/lab_interfaces/cmake/export_lab_interfaces__rosidl_generator_pyExport.cmake
[5.393s] -- Up-to-date: /home/teehee/ros2_ws/src/lab_interfaces/install/lab_interfaces/share/lab_interfaces/cmake/export_lab_interfaces__rosidl_generator_pyExport-noconfig.cmake
[5.393s] -- Up-to-date: /home/teehee/ros2_ws/src/lab_interfaces/install/lab_interfaces/share/lab_interfaces/cmake/rosidl_cmake-extras.cmake
[5.394s] -- Up-to-date: /home/teehee/ros2_ws/src/lab_interfaces/install/lab_interfaces/share/lab_interfaces/cmake/ament_cmake_export_include_directories-extras.cmake
[5.395s] -- Up-to-date: /home/teehee/ros2_ws/src/lab_interfaces/install/lab_interfaces/share/lab_interfaces/cmake/ament_cmake_export_libraries-extras.cmake
[5.395s] -- Up-to-date: /home/teehee/ros2_ws/src/lab_interfaces/install/lab_interfaces/share/lab_interfaces/cmake/ament_cmake_export_targets-extras.cmake
[5.396s] -- Up-to-date: /home/teehee/ros2_ws/src/lab_interfaces/install/lab_interfaces/share/lab_interfaces/cmake/rosidl_cmake_export_typesupport_targets-extras.cmake
[5.396s] -- Up-to-date: /home/teehee/ros2_ws/src/lab_interfaces/install/lab_interfaces/share/lab_interfaces/cmake/ament_cmake_export_dependencies-extras.cmake
[5.397s] -- Up-to-date: /home/teehee/ros2_ws/src/lab_interfaces/install/lab_interfaces/share/lab_interfaces/cmake/rosidl_cmake_export_typesupport_libraries-extras.cmake
[5.397s] -- Up-to-date: /home/teehee/ros2_ws/src/lab_interfaces/install/lab_interfaces/share/lab_interfaces/cmake/lab_interfacesConfig.cmake
[5.397s] -- Up-to-date: /home/teehee/ros2_ws/src/lab_interfaces/install/lab_interfaces/share/lab_interfaces/cmake/lab_interfacesConfig-version.cmake
[5.399s] -- Up-to-date: /home/teehee/ros2_ws/src/lab_interfaces/install/lab_interfaces/share/lab_interfaces/package.xml
[5.399s] Invoked command in '/home/teehee/ros2_ws/src/lab_interfaces/build/lab_interfaces' returned '0': CMAKE_PREFIX_PATH=${CMAKE_PREFIX_PATH}:/home/teehee/ros2_ws/install/tf2_pkg:/home/teehee/ros2_ws/install/labs_pkg:/home/teehee/ros2_ws/install/lab_exam2_pkg:/home/teehee/ros2_ws/install/example_pkg:/opt/ros/humble /usr/bin/cmake --install /home/teehee/ros2_ws/src/lab_interfaces/build/lab_interfaces
