[0.390s] DEBUG:colcon:Command line arguments: ['/usr/bin/colcon', 'build', '--packages-select', 'lab_05', '--symlink-install']
[0.390s] DEBUG:colcon:Parsed command line arguments: Namespace(log_base=None, log_level=None, verb_name='build', build_base='build', install_base='install', merge_install=False, symlink_install=True, test_result_base=None, continue_on_error=False, executor='parallel', parallel_workers=16, event_handlers=None, ignore_user_meta=False, metas=['./colcon.meta'], base_paths=['.'], packages_ignore=None, packages_ignore_regex=None, paths=None, packages_up_to=None, packages_up_to_regex=None, packages_above=None, packages_above_and_dependencies=None, packages_above_depth=None, packages_select_by_dep=None, packages_skip_by_dep=None, packages_skip_up_to=None, packages_select_build_failed=False, packages_skip_build_finished=False, packages_select_test_failures=False, packages_skip_test_passed=False, packages_select=['lab_05'], packages_skip=None, packages_select_regex=None, packages_skip_regex=None, packages_start=None, packages_end=None, allow_overriding=[], cmake_args=None, cmake_target=None, cmake_target_skip_unavailable=False, cmake_clean_cache=False, cmake_clean_first=False, cmake_force_configure=False, ament_cmake_args=None, catkin_cmake_args=None, catkin_skip_building_tests=False, verb_parser=<colcon_defaults.argument_parser.defaults.DefaultArgumentsDecorator object at 0x7fc7d688f820>, verb_extension=<colcon_core.verb.build.BuildVerb object at 0x7fc7d72e0f40>, main=<bound method BuildVerb.main of <colcon_core.verb.build.BuildVerb object at 0x7fc7d72e0f40>>)
[0.417s] Level 1:colcon.colcon_core.package_discovery:discover_packages(colcon_meta) check parameters
[0.417s] Level 1:colcon.colcon_core.package_discovery:discover_packages(recursive) check parameters
[0.417s] Level 1:colcon.colcon_core.package_discovery:discover_packages(ignore) check parameters
[0.417s] Level 1:colcon.colcon_core.package_discovery:discover_packages(path) check parameters
[0.417s] Level 1:colcon.colcon_core.package_discovery:discover_packages(colcon_meta) discover
[0.417s] Level 1:colcon.colcon_core.package_discovery:discover_packages(recursive) discover
[0.417s] INFO:colcon.colcon_core.package_discovery:Crawling recursively for packages in '/home/.engr-ece/rgz834/lab_05'
[0.418s] Level 1:colcon.colcon_core.package_identification:_identify(.) by extensions ['ignore', 'ignore_ament_install']
[0.418s] Level 1:colcon.colcon_core.package_identification:_identify(.) by extension 'ignore'
[0.418s] Level 1:colcon.colcon_core.package_identification:_identify(.) by extension 'ignore_ament_install'
[0.418s] Level 1:colcon.colcon_core.package_identification:_identify(.) by extensions ['colcon_pkg']
[0.418s] Level 1:colcon.colcon_core.package_identification:_identify(.) by extension 'colcon_pkg'
[0.419s] Level 1:colcon.colcon_core.package_identification:_identify(.) by extensions ['colcon_meta']
[0.419s] Level 1:colcon.colcon_core.package_identification:_identify(.) by extension 'colcon_meta'
[0.419s] Level 1:colcon.colcon_core.package_identification:_identify(.) by extensions ['ros']
[0.419s] Level 1:colcon.colcon_core.package_identification:_identify(.) by extension 'ros'
[0.429s] Level 1:colcon.colcon_core.package_identification:_identify(.) by extensions ['cmake', 'python']
[0.429s] Level 1:colcon.colcon_core.package_identification:_identify(.) by extension 'cmake'
[0.429s] Level 1:colcon.colcon_core.package_identification:_identify(.) by extension 'python'
[0.429s] Level 1:colcon.colcon_core.package_identification:_identify(.) by extensions ['python_setup_py']
[0.429s] Level 1:colcon.colcon_core.package_identification:_identify(.) by extension 'python_setup_py'
[0.430s] Level 1:colcon.colcon_core.package_identification:_identify(build) by extensions ['ignore', 'ignore_ament_install']
[0.430s] Level 1:colcon.colcon_core.package_identification:_identify(build) by extension 'ignore'
[0.430s] Level 1:colcon.colcon_core.package_identification:_identify(build) ignored
[0.431s] Level 1:colcon.colcon_core.package_identification:_identify(install) by extensions ['ignore', 'ignore_ament_install']
[0.431s] Level 1:colcon.colcon_core.package_identification:_identify(install) by extension 'ignore'
[0.431s] Level 1:colcon.colcon_core.package_identification:_identify(install) ignored
[0.433s] Level 1:colcon.colcon_core.package_identification:_identify(log) by extensions ['ignore', 'ignore_ament_install']
[0.433s] Level 1:colcon.colcon_core.package_identification:_identify(log) by extension 'ignore'
[0.433s] Level 1:colcon.colcon_core.package_identification:_identify(log) ignored
[0.433s] Level 1:colcon.colcon_core.package_identification:_identify(src) by extensions ['ignore', 'ignore_ament_install']
[0.433s] Level 1:colcon.colcon_core.package_identification:_identify(src) by extension 'ignore'
[0.433s] Level 1:colcon.colcon_core.package_identification:_identify(src) by extension 'ignore_ament_install'
[0.433s] Level 1:colcon.colcon_core.package_identification:_identify(src) by extensions ['colcon_pkg']
[0.433s] Level 1:colcon.colcon_core.package_identification:_identify(src) by extension 'colcon_pkg'
[0.433s] Level 1:colcon.colcon_core.package_identification:_identify(src) by extensions ['colcon_meta']
[0.433s] Level 1:colcon.colcon_core.package_identification:_identify(src) by extension 'colcon_meta'
[0.433s] Level 1:colcon.colcon_core.package_identification:_identify(src) by extensions ['ros']
[0.434s] Level 1:colcon.colcon_core.package_identification:_identify(src) by extension 'ros'
[0.434s] Level 1:colcon.colcon_core.package_identification:_identify(src) by extensions ['cmake', 'python']
[0.434s] Level 1:colcon.colcon_core.package_identification:_identify(src) by extension 'cmake'
[0.434s] Level 1:colcon.colcon_core.package_identification:_identify(src) by extension 'python'
[0.434s] Level 1:colcon.colcon_core.package_identification:_identify(src) by extensions ['python_setup_py']
[0.434s] Level 1:colcon.colcon_core.package_identification:_identify(src) by extension 'python_setup_py'
[0.434s] Level 1:colcon.colcon_core.package_identification:_identify(src/build) by extensions ['ignore', 'ignore_ament_install']
[0.434s] Level 1:colcon.colcon_core.package_identification:_identify(src/build) by extension 'ignore'
[0.435s] Level 1:colcon.colcon_core.package_identification:_identify(src/build) ignored
[0.435s] Level 1:colcon.colcon_core.package_identification:_identify(src/install) by extensions ['ignore', 'ignore_ament_install']
[0.435s] Level 1:colcon.colcon_core.package_identification:_identify(src/install) by extension 'ignore'
[0.436s] Level 1:colcon.colcon_core.package_identification:_identify(src/install) ignored
[0.437s] Level 1:colcon.colcon_core.package_identification:_identify(src/lab05_py) by extensions ['ignore', 'ignore_ament_install']
[0.437s] Level 1:colcon.colcon_core.package_identification:_identify(src/lab05_py) by extension 'ignore'
[0.437s] Level 1:colcon.colcon_core.package_identification:_identify(src/lab05_py) by extension 'ignore_ament_install'
[0.437s] Level 1:colcon.colcon_core.package_identification:_identify(src/lab05_py) by extensions ['colcon_pkg']
[0.437s] Level 1:colcon.colcon_core.package_identification:_identify(src/lab05_py) by extension 'colcon_pkg'
[0.437s] Level 1:colcon.colcon_core.package_identification:_identify(src/lab05_py) by extensions ['colcon_meta']
[0.437s] Level 1:colcon.colcon_core.package_identification:_identify(src/lab05_py) by extension 'colcon_meta'
[0.437s] Level 1:colcon.colcon_core.package_identification:_identify(src/lab05_py) by extensions ['ros']
[0.437s] Level 1:colcon.colcon_core.package_identification:_identify(src/lab05_py) by extension 'ros'
[0.441s] DEBUG:colcon.colcon_core.package_identification:Package 'src/lab05_py' with type 'ros.ament_python' and name 'lab05_py'
[0.442s] Level 1:colcon.colcon_core.package_identification:_identify(src/lab_05) by extensions ['ignore', 'ignore_ament_install']
[0.442s] Level 1:colcon.colcon_core.package_identification:_identify(src/lab_05) by extension 'ignore'
[0.442s] Level 1:colcon.colcon_core.package_identification:_identify(src/lab_05) by extension 'ignore_ament_install'
[0.442s] Level 1:colcon.colcon_core.package_identification:_identify(src/lab_05) by extensions ['colcon_pkg']
[0.442s] Level 1:colcon.colcon_core.package_identification:_identify(src/lab_05) by extension 'colcon_pkg'
[0.442s] Level 1:colcon.colcon_core.package_identification:_identify(src/lab_05) by extensions ['colcon_meta']
[0.442s] Level 1:colcon.colcon_core.package_identification:_identify(src/lab_05) by extension 'colcon_meta'
[0.442s] Level 1:colcon.colcon_core.package_identification:_identify(src/lab_05) by extensions ['ros']
[0.442s] Level 1:colcon.colcon_core.package_identification:_identify(src/lab_05) by extension 'ros'
[0.444s] DEBUG:colcon.colcon_core.package_identification:Package 'src/lab_05' with type 'ros.ament_cmake' and name 'lab_05'
[0.447s] Level 1:colcon.colcon_core.package_identification:_identify(src/log) by extensions ['ignore', 'ignore_ament_install']
[0.447s] Level 1:colcon.colcon_core.package_identification:_identify(src/log) by extension 'ignore'
[0.447s] Level 1:colcon.colcon_core.package_identification:_identify(src/log) ignored
[0.447s] Level 1:colcon.colcon_core.package_discovery:discover_packages(recursive) using defaults
[0.447s] Level 1:colcon.colcon_core.package_discovery:discover_packages(ignore) discover
[0.448s] Level 1:colcon.colcon_core.package_discovery:discover_packages(ignore) using defaults
[0.448s] Level 1:colcon.colcon_core.package_discovery:discover_packages(path) discover
[0.448s] Level 1:colcon.colcon_core.package_discovery:discover_packages(path) using defaults
[0.469s] INFO:colcon.colcon_core.package_selection:Skipping not selected package 'lab05_py' in 'src/lab05_py'
[0.470s] Level 1:colcon.colcon_core.package_discovery:discover_packages(prefix_path) check parameters
[0.470s] Level 1:colcon.colcon_core.package_discovery:discover_packages(prefix_path) discover
[0.546s] DEBUG:colcon.colcon_installed_package_information.package_discovery:Found 17 installed packages in /home/rgz834/engr-ece/ros2_ws/install
[0.548s] DEBUG:colcon.colcon_installed_package_information.package_discovery:Found 384 installed packages in /opt/ros/humble
[0.550s] Level 1:colcon.colcon_core.package_discovery:discover_packages(prefix_path) using defaults
[0.702s] Level 5:colcon.colcon_core.verb:set package 'lab_05' build argument 'cmake_args' from command line to 'None'
[0.702s] Level 5:colcon.colcon_core.verb:set package 'lab_05' build argument 'cmake_target' from command line to 'None'
[0.702s] Level 5:colcon.colcon_core.verb:set package 'lab_05' build argument 'cmake_target_skip_unavailable' from command line to 'False'
[0.702s] Level 5:colcon.colcon_core.verb:set package 'lab_05' build argument 'cmake_clean_cache' from command line to 'False'
[0.702s] Level 5:colcon.colcon_core.verb:set package 'lab_05' build argument 'cmake_clean_first' from command line to 'False'
[0.702s] Level 5:colcon.colcon_core.verb:set package 'lab_05' build argument 'cmake_force_configure' from command line to 'False'
[0.702s] Level 5:colcon.colcon_core.verb:set package 'lab_05' build argument 'ament_cmake_args' from command line to 'None'
[0.702s] Level 5:colcon.colcon_core.verb:set package 'lab_05' build argument 'catkin_cmake_args' from command line to 'None'
[0.702s] Level 5:colcon.colcon_core.verb:set package 'lab_05' build argument 'catkin_skip_building_tests' from command line to 'False'
[0.702s] DEBUG:colcon.colcon_core.verb:Building package 'lab_05' with the following arguments: {'ament_cmake_args': None, 'build_base': '/home/.engr-ece/rgz834/lab_05/build/lab_05', 'catkin_cmake_args': None, 'catkin_skip_building_tests': False, 'cmake_args': None, 'cmake_clean_cache': False, 'cmake_clean_first': False, 'cmake_force_configure': False, 'cmake_target': None, 'cmake_target_skip_unavailable': False, 'install_base': '/home/.engr-ece/rgz834/lab_05/install/lab_05', 'merge_install': False, 'path': '/home/.engr-ece/rgz834/lab_05/src/lab_05', 'symlink_install': True, 'test_result_base': None}
[0.703s] INFO:colcon.colcon_core.executor:Executing jobs using 'parallel' executor
[0.706s] DEBUG:colcon.colcon_parallel_executor.executor.parallel:run_until_complete
[0.706s] INFO:colcon.colcon_ros.task.ament_cmake.build:Building ROS package in '/home/.engr-ece/rgz834/lab_05/src/lab_05' with build type 'ament_cmake'
[0.706s] INFO:colcon.colcon_cmake.task.cmake.build:Building CMake package in '/home/.engr-ece/rgz834/lab_05/src/lab_05'
[0.710s] INFO:colcon.colcon_core.plugin_system:Skipping extension 'colcon_core.shell.bat': Not used on non-Windows systems
[0.710s] INFO:colcon.colcon_core.shell:Skip shell extension 'powershell' for command environment: Not usable outside of PowerShell
[0.710s] DEBUG:colcon.colcon_core.shell:Skip shell extension 'dsv' for command environment
[0.829s] DEBUG:colcon.colcon_core.event_handler.log_command:Invoking command in '/home/.engr-ece/rgz834/lab_05/build/lab_05': CMAKE_PREFIX_PATH=${CMAKE_PREFIX_PATH}:/home/rgz834/engr-ece/ros2_ws/install/tf2_pkg:/home/rgz834/engr-ece/ros2_ws/install/labs_pkg:/home/rgz834/engr-ece/ros2_ws/install/labex6:/home/rgz834/engr-ece/ros2_ws/install/labex13_pkg:/home/rgz834/engr-ece/ros2_ws/install/lab_exam3_pkg:/home/rgz834/engr-ece/ros2_ws/install/lab_exam2_pkg:/home/rgz834/engr-ece/ros2_ws/install/lab_4_pkg:/opt/ros/humble /usr/bin/cmake --build /home/.engr-ece/rgz834/lab_05/build/lab_05 -- -j16 -l16
[0.901s] DEBUG:colcon.colcon_core.event_handler.log_command:Invoked command in '/home/.engr-ece/rgz834/lab_05/build/lab_05' returned '0': CMAKE_PREFIX_PATH=${CMAKE_PREFIX_PATH}:/home/rgz834/engr-ece/ros2_ws/install/tf2_pkg:/home/rgz834/engr-ece/ros2_ws/install/labs_pkg:/home/rgz834/engr-ece/ros2_ws/install/labex6:/home/rgz834/engr-ece/ros2_ws/install/labex13_pkg:/home/rgz834/engr-ece/ros2_ws/install/lab_exam3_pkg:/home/rgz834/engr-ece/ros2_ws/install/lab_exam2_pkg:/home/rgz834/engr-ece/ros2_ws/install/lab_4_pkg:/opt/ros/humble /usr/bin/cmake --build /home/.engr-ece/rgz834/lab_05/build/lab_05 -- -j16 -l16
[0.934s] DEBUG:colcon.colcon_core.event_handler.log_command:Invoking command in '/home/.engr-ece/rgz834/lab_05/build/lab_05': CMAKE_PREFIX_PATH=${CMAKE_PREFIX_PATH}:/home/rgz834/engr-ece/ros2_ws/install/tf2_pkg:/home/rgz834/engr-ece/ros2_ws/install/labs_pkg:/home/rgz834/engr-ece/ros2_ws/install/labex6:/home/rgz834/engr-ece/ros2_ws/install/labex13_pkg:/home/rgz834/engr-ece/ros2_ws/install/lab_exam3_pkg:/home/rgz834/engr-ece/ros2_ws/install/lab_exam2_pkg:/home/rgz834/engr-ece/ros2_ws/install/lab_4_pkg:/opt/ros/humble /usr/bin/cmake --install /home/.engr-ece/rgz834/lab_05/build/lab_05
[1.197s] Level 1:colcon.colcon_core.environment:create_environment_scripts_only(lab_05)
[1.197s] DEBUG:colcon.colcon_core.event_handler.log_command:Invoked command in '/home/.engr-ece/rgz834/lab_05/build/lab_05' returned '0': CMAKE_PREFIX_PATH=${CMAKE_PREFIX_PATH}:/home/rgz834/engr-ece/ros2_ws/install/tf2_pkg:/home/rgz834/engr-ece/ros2_ws/install/labs_pkg:/home/rgz834/engr-ece/ros2_ws/install/labex6:/home/rgz834/engr-ece/ros2_ws/install/labex13_pkg:/home/rgz834/engr-ece/ros2_ws/install/lab_exam3_pkg:/home/rgz834/engr-ece/ros2_ws/install/lab_exam2_pkg:/home/rgz834/engr-ece/ros2_ws/install/lab_4_pkg:/opt/ros/humble /usr/bin/cmake --install /home/.engr-ece/rgz834/lab_05/build/lab_05
[1.201s] Level 1:colcon.colcon_core.environment:checking '/home/.engr-ece/rgz834/lab_05/install/lab_05' for CMake module files
[1.207s] Level 1:colcon.colcon_core.environment:checking '/home/.engr-ece/rgz834/lab_05/install/lab_05' for CMake config files
[1.218s] Level 1:colcon.colcon_core.shell:create_environment_hook('lab_05', 'cmake_prefix_path')
[1.219s] INFO:colcon.colcon_core.shell:Creating environment hook '/home/.engr-ece/rgz834/lab_05/install/lab_05/share/lab_05/hook/cmake_prefix_path.ps1'
[1.224s] INFO:colcon.colcon_core.shell:Creating environment descriptor '/home/.engr-ece/rgz834/lab_05/install/lab_05/share/lab_05/hook/cmake_prefix_path.dsv'
[1.231s] INFO:colcon.colcon_core.shell:Creating environment hook '/home/.engr-ece/rgz834/lab_05/install/lab_05/share/lab_05/hook/cmake_prefix_path.sh'
[1.240s] Level 1:colcon.colcon_core.environment:checking '/home/.engr-ece/rgz834/lab_05/install/lab_05/bin'
[1.240s] Level 1:colcon.colcon_core.environment:checking '/home/.engr-ece/rgz834/lab_05/install/lab_05/lib/pkgconfig/lab_05.pc'
[1.240s] Level 1:colcon.colcon_core.environment:checking '/home/.engr-ece/rgz834/lab_05/install/lab_05/lib/python3.10/site-packages'
[1.240s] Level 1:colcon.colcon_core.environment:checking '/home/.engr-ece/rgz834/lab_05/install/lab_05/bin'
[1.241s] INFO:colcon.colcon_core.shell:Creating package script '/home/.engr-ece/rgz834/lab_05/install/lab_05/share/lab_05/package.ps1'
[1.250s] INFO:colcon.colcon_core.shell:Creating package descriptor '/home/.engr-ece/rgz834/lab_05/install/lab_05/share/lab_05/package.dsv'
[1.258s] INFO:colcon.colcon_core.shell:Creating package script '/home/.engr-ece/rgz834/lab_05/install/lab_05/share/lab_05/package.sh'
[1.269s] INFO:colcon.colcon_core.shell:Creating package script '/home/.engr-ece/rgz834/lab_05/install/lab_05/share/lab_05/package.bash'
[1.279s] INFO:colcon.colcon_core.shell:Creating package script '/home/.engr-ece/rgz834/lab_05/install/lab_05/share/lab_05/package.zsh'
[1.290s] Level 1:colcon.colcon_core.environment:create_file_with_runtime_dependencies(/home/.engr-ece/rgz834/lab_05/install/lab_05/share/colcon-core/packages/lab_05)
[1.364s] Level 1:colcon.colcon_core.environment:create_environment_scripts_only(lab_05)
[1.366s] Level 1:colcon.colcon_core.environment:checking '/home/.engr-ece/rgz834/lab_05/install/lab_05' for CMake module files
[1.368s] Level 1:colcon.colcon_core.environment:checking '/home/.engr-ece/rgz834/lab_05/install/lab_05' for CMake config files
[1.371s] Level 1:colcon.colcon_core.shell:create_environment_hook('lab_05', 'cmake_prefix_path')
[1.373s] INFO:colcon.colcon_core.shell:Creating environment hook '/home/.engr-ece/rgz834/lab_05/install/lab_05/share/lab_05/hook/cmake_prefix_path.ps1'
[1.376s] INFO:colcon.colcon_core.shell:Creating environment descriptor '/home/.engr-ece/rgz834/lab_05/install/lab_05/share/lab_05/hook/cmake_prefix_path.dsv'
[1.381s] INFO:colcon.colcon_core.shell:Creating environment hook '/home/.engr-ece/rgz834/lab_05/install/lab_05/share/lab_05/hook/cmake_prefix_path.sh'
[1.385s] Level 1:colcon.colcon_core.environment:checking '/home/.engr-ece/rgz834/lab_05/install/lab_05/bin'
[1.385s] Level 1:colcon.colcon_core.environment:checking '/home/.engr-ece/rgz834/lab_05/install/lab_05/lib/pkgconfig/lab_05.pc'
[1.386s] Level 1:colcon.colcon_core.environment:checking '/home/.engr-ece/rgz834/lab_05/install/lab_05/lib/python3.10/site-packages'
[1.386s] Level 1:colcon.colcon_core.environment:checking '/home/.engr-ece/rgz834/lab_05/install/lab_05/bin'
[1.387s] INFO:colcon.colcon_core.shell:Creating package script '/home/.engr-ece/rgz834/lab_05/install/lab_05/share/lab_05/package.ps1'
[1.391s] INFO:colcon.colcon_core.shell:Creating package descriptor '/home/.engr-ece/rgz834/lab_05/install/lab_05/share/lab_05/package.dsv'
[1.395s] INFO:colcon.colcon_core.shell:Creating package script '/home/.engr-ece/rgz834/lab_05/install/lab_05/share/lab_05/package.sh'
[1.399s] INFO:colcon.colcon_core.shell:Creating package script '/home/.engr-ece/rgz834/lab_05/install/lab_05/share/lab_05/package.bash'
[1.403s] INFO:colcon.colcon_core.shell:Creating package script '/home/.engr-ece/rgz834/lab_05/install/lab_05/share/lab_05/package.zsh'
[1.406s] Level 1:colcon.colcon_core.environment:create_file_with_runtime_dependencies(/home/.engr-ece/rgz834/lab_05/install/lab_05/share/colcon-core/packages/lab_05)
[1.408s] DEBUG:colcon.colcon_parallel_executor.executor.parallel:closing loop
[1.409s] DEBUG:colcon.colcon_parallel_executor.executor.parallel:loop closed
[1.409s] DEBUG:colcon.colcon_parallel_executor.executor.parallel:run_until_complete finished with '0'
[1.409s] DEBUG:colcon.colcon_core.event_reactor:joining thread
[1.424s] INFO:colcon.colcon_core.plugin_system:Skipping extension 'colcon_notification.desktop_notification.terminal_notifier': Not used on non-Darwin systems
[1.424s] INFO:colcon.colcon_core.plugin_system:Skipping extension 'colcon_notification.desktop_notification.win32': Not used on non-Windows systems
[1.424s] INFO:colcon.colcon_notification.desktop_notification:Sending desktop notification using 'notify2'
[1.435s] DEBUG:colcon.colcon_core.event_reactor:joined thread
[1.436s] INFO:colcon.colcon_core.shell:Creating prefix script '/home/.engr-ece/rgz834/lab_05/install/local_setup.ps1'
[1.441s] INFO:colcon.colcon_core.shell:Creating prefix util module '/home/.engr-ece/rgz834/lab_05/install/_local_setup_util_ps1.py'
[1.450s] INFO:colcon.colcon_core.shell:Creating prefix chain script '/home/.engr-ece/rgz834/lab_05/install/setup.ps1'
[1.482s] INFO:colcon.colcon_core.shell:Creating prefix script '/home/.engr-ece/rgz834/lab_05/install/local_setup.sh'
[1.489s] INFO:colcon.colcon_core.shell:Creating prefix util module '/home/.engr-ece/rgz834/lab_05/install/_local_setup_util_sh.py'
[1.496s] INFO:colcon.colcon_core.shell:Creating prefix chain script '/home/.engr-ece/rgz834/lab_05/install/setup.sh'
[1.610s] INFO:colcon.colcon_core.shell:Creating prefix script '/home/.engr-ece/rgz834/lab_05/install/local_setup.bash'
[1.615s] INFO:colcon.colcon_core.shell:Creating prefix chain script '/home/.engr-ece/rgz834/lab_05/install/setup.bash'
[1.657s] INFO:colcon.colcon_core.shell:Creating prefix script '/home/.engr-ece/rgz834/lab_05/install/local_setup.zsh'
[1.661s] INFO:colcon.colcon_core.shell:Creating prefix chain script '/home/.engr-ece/rgz834/lab_05/install/setup.zsh'
