[0.040s] Invoking command in '/home/teehee/ros2_ws/src/lab6/build/action_interfaces': CMAKE_PREFIX_PATH=${CMAKE_PREFIX_PATH}:/home/teehee/ros2_ws/install/tf2_pkg:/home/teehee/ros2_ws/install/pylab_exam1:/home/teehee/ros2_ws/install/pylab05:/home/teehee/ros2_ws/install/pylab04:/home/teehee/ros2_ws/install/labs_pkg:/home/teehee/ros2_ws/install/labex6:/home/teehee/ros2_ws/install/lab_exam2_pkg:/home/teehee/ros2_ws/install/example_pkg:/opt/ros/humble /usr/bin/cmake /home/teehee/ros2_ws/src/lab6/src/action_interfaces -DCMAKE_INSTALL_PREFIX=/home/teehee/ros2_ws/src/lab6/install/action_interfaces
[0.077s] -- The C compiler identification is GNU 11.4.0
[0.111s] -- The CXX compiler identification is GNU 11.4.0
[0.125s] -- Detecting C compiler ABI info
[0.191s] -- Detecting C compiler ABI info - done
[0.195s] -- Check for working C compiler: /usr/bin/cc - skipped
[0.195s] -- Detecting C compile features
[0.196s] -- Detecting C compile features - done
[0.198s] -- Detecting CXX compiler ABI info
[0.256s] -- Detecting CXX compiler ABI info - done
[0.260s] -- Check for working CXX compiler: /usr/bin/c++ - skipped
[0.260s] -- Detecting CXX compile features
[0.260s] -- Detecting CXX compile features - done
[0.262s] -- Found ament_cmake: 1.3.8 (/opt/ros/humble/share/ament_cmake/cmake)
[0.363s] -- Found Python3: /usr/bin/python3 (found version "3.10.12") found components: Interpreter 
[0.421s] -- Found ament_lint_auto: 0.12.10 (/opt/ros/humble/share/ament_lint_auto/cmake)
[0.473s] -- Found rosidl_default_generators: 1.2.0 (/opt/ros/humble/share/rosidl_default_generators/cmake)
[0.476s] -- Using all available rosidl_typesupport_c: rosidl_typesupport_fastrtps_c;rosidl_typesupport_introspection_c
[0.481s] -- Found rosidl_adapter: 3.1.5 (/opt/ros/humble/share/rosidl_adapter/cmake)
[0.538s] -- Using all available rosidl_typesupport_cpp: rosidl_typesupport_fastrtps_cpp;rosidl_typesupport_introspection_cpp
[0.714s] -- Found ament_cmake_ros: 0.10.0 (/opt/ros/humble/share/ament_cmake_ros/cmake)
[0.828s] -- Using all available rosidl_typesupport_c: rosidl_typesupport_fastrtps_c;rosidl_typesupport_introspection_c
[0.983s] -- Using all available rosidl_typesupport_cpp: rosidl_typesupport_fastrtps_cpp;rosidl_typesupport_introspection_cpp
[0.997s] -- Found PythonInterp: /usr/bin/python3 (found suitable version "3.10.12", minimum required is "3.6") 
[0.999s] -- Found python_cmake_module: 0.10.0 (/opt/ros/humble/share/python_cmake_module/cmake)
[1.018s] -- Found PythonLibs: /usr/lib/x86_64-linux-gnu/libpython3.10.so (found suitable version "3.10.12", minimum required is "3.5") 
[1.019s] -- Using PYTHON_EXECUTABLE: /usr/bin/python3
[1.019s] -- Using PYTHON_INCLUDE_DIRS: /usr/include/python3.10
[1.019s] -- Using PYTHON_LIBRARIES: /usr/lib/x86_64-linux-gnu/libpython3.10.so
[1.034s] -- Found PythonExtra: .so  
[1.065s] -- Added test 'lint_cmake' to check CMake code style
[1.066s] -- Added test 'xmllint' to check XML markup files
[1.068s] -- Configuring done
[1.085s] -- Generating done
[1.087s] -- Build files have been written to: /home/teehee/ros2_ws/src/lab6/build/action_interfaces
[1.091s] Invoked command in '/home/teehee/ros2_ws/src/lab6/build/action_interfaces' returned '0': CMAKE_PREFIX_PATH=${CMAKE_PREFIX_PATH}:/home/teehee/ros2_ws/install/tf2_pkg:/home/teehee/ros2_ws/install/pylab_exam1:/home/teehee/ros2_ws/install/pylab05:/home/teehee/ros2_ws/install/pylab04:/home/teehee/ros2_ws/install/labs_pkg:/home/teehee/ros2_ws/install/labex6:/home/teehee/ros2_ws/install/lab_exam2_pkg:/home/teehee/ros2_ws/install/example_pkg:/opt/ros/humble /usr/bin/cmake /home/teehee/ros2_ws/src/lab6/src/action_interfaces -DCMAKE_INSTALL_PREFIX=/home/teehee/ros2_ws/src/lab6/install/action_interfaces
[1.093s] Invoking command in '/home/teehee/ros2_ws/src/lab6/build/action_interfaces': CMAKE_PREFIX_PATH=${CMAKE_PREFIX_PATH}:/home/teehee/ros2_ws/install/tf2_pkg:/home/teehee/ros2_ws/install/pylab_exam1:/home/teehee/ros2_ws/install/pylab05:/home/teehee/ros2_ws/install/pylab04:/home/teehee/ros2_ws/install/labs_pkg:/home/teehee/ros2_ws/install/labex6:/home/teehee/ros2_ws/install/lab_exam2_pkg:/home/teehee/ros2_ws/install/example_pkg:/opt/ros/humble /usr/bin/cmake --build /home/teehee/ros2_ws/src/lab6/build/action_interfaces -- -j8 -l8
[1.122s] [  3%] [34m[1mGenerating C code for ROS interfaces[0m
[1.130s] [  6%] [34m[1mGenerating C++ code for ROS interfaces[0m
[1.137s] [  6%] Built target ament_cmake_python_copy_action_interfaces
[1.265s] running egg_info
[1.265s] creating action_interfaces.egg-info
[1.265s] writing action_interfaces.egg-info/PKG-INFO
[1.265s] writing dependency_links to action_interfaces.egg-info/dependency_links.txt
[1.266s] writing top-level names to action_interfaces.egg-info/top_level.txt
[1.266s] writing manifest file 'action_interfaces.egg-info/SOURCES.txt'
[1.266s] reading manifest file 'action_interfaces.egg-info/SOURCES.txt'
[1.266s] writing manifest file 'action_interfaces.egg-info/SOURCES.txt'
[1.307s] [  6%] Built target ament_cmake_python_build_action_interfaces_egg
[1.351s] [  6%] Built target action_interfaces__cpp
[1.358s] [ 16%] [34m[1mGenerating C++ introspection for ROS interfaces[0m
[1.358s] [ 16%] [34m[1mGenerating C++ type support dispatch for ROS interfaces[0m
[1.359s] [ 16%] [34m[1mGenerating C++ type support for eProsima Fast-RTPS[0m
[1.362s] [ 19%] [32mBuilding C object CMakeFiles/action_interfaces__rosidl_generator_c.dir/rosidl_generator_c/action_interfaces/action/detail/fibonacci__functions.c.o[0m
[1.437s] [ 22%] [32m[1mLinking C shared library libaction_interfaces__rosidl_generator_c.so[0m
[1.464s] [ 22%] Built target action_interfaces__rosidl_generator_c
[1.472s] [ 32%] [34m[1mGenerating C type support dispatch for ROS interfaces[0m
[1.472s] [ 32%] [34m[1mGenerating C type support for eProsima Fast-RTPS[0m
[1.472s] [ 32%] [34m[1mGenerating C introspection for ROS interfaces[0m
[1.500s] [ 35%] [32mBuilding CXX object CMakeFiles/action_interfaces__rosidl_typesupport_cpp.dir/rosidl_typesupport_cpp/action_interfaces/action/fibonacci__type_support.cpp.o[0m
[1.538s] [ 38%] [32mBuilding CXX object CMakeFiles/action_interfaces__rosidl_typesupport_introspection_cpp.dir/rosidl_typesupport_introspection_cpp/action_interfaces/action/detail/fibonacci__type_support.cpp.o[0m
[1.550s] [ 41%] [32mBuilding CXX object CMakeFiles/action_interfaces__rosidl_typesupport_fastrtps_cpp.dir/rosidl_typesupport_fastrtps_cpp/action_interfaces/action/detail/dds_fastrtps/fibonacci__type_support.cpp.o[0m
[1.632s] [ 45%] [32mBuilding CXX object CMakeFiles/action_interfaces__rosidl_typesupport_c.dir/rosidl_typesupport_c/action_interfaces/action/fibonacci__type_support.cpp.o[0m
[1.688s] [ 48%] [32mBuilding CXX object CMakeFiles/action_interfaces__rosidl_typesupport_fastrtps_c.dir/rosidl_typesupport_fastrtps_c/action_interfaces/action/detail/fibonacci__type_support_c.cpp.o[0m
[1.696s] [ 51%] [32m[1mLinking CXX shared library libaction_interfaces__rosidl_typesupport_c.so[0m
[1.697s] [ 54%] [32mBuilding C object CMakeFiles/action_interfaces__rosidl_typesupport_introspection_c.dir/rosidl_typesupport_introspection_c/action_interfaces/action/detail/fibonacci__type_support.c.o[0m
[1.745s] [ 54%] Built target action_interfaces__rosidl_typesupport_c
[1.753s] [ 58%] [32m[1mLinking C shared library libaction_interfaces__rosidl_typesupport_introspection_c.so[0m
[1.810s] [ 58%] Built target action_interfaces__rosidl_typesupport_introspection_c
[1.864s] [ 61%] [32m[1mLinking CXX shared library libaction_interfaces__rosidl_typesupport_cpp.so[0m
[1.895s] [ 61%] Built target action_interfaces__rosidl_typesupport_cpp
[1.952s] [ 64%] [32m[1mLinking CXX shared library libaction_interfaces__rosidl_typesupport_introspection_cpp.so[0m
[1.956s] [ 67%] [32m[1mLinking CXX shared library libaction_interfaces__rosidl_typesupport_fastrtps_c.so[0m
[1.957s] [ 70%] [32m[1mLinking CXX shared library libaction_interfaces__rosidl_typesupport_fastrtps_cpp.so[0m
[2.004s] [ 70%] Built target action_interfaces__rosidl_typesupport_introspection_cpp
[2.005s] [ 70%] Built target action_interfaces__rosidl_typesupport_fastrtps_cpp
[2.005s] [ 70%] Built target action_interfaces__rosidl_typesupport_fastrtps_c
[2.020s] [ 70%] Built target action_interfaces
[2.035s] [ 74%] [34m[1mGenerating Python code for ROS interfaces[0m
[2.373s] [ 74%] Built target action_interfaces__py
[2.393s] [ 77%] [32mBuilding C object CMakeFiles/action_interfaces__rosidl_generator_py.dir/rosidl_generator_py/action_interfaces/action/_fibonacci_s.c.o[0m
[2.472s] [ 80%] [32m[1mLinking C shared library rosidl_generator_py/action_interfaces/libaction_interfaces__rosidl_generator_py.so[0m
[2.505s] [ 80%] Built target action_interfaces__rosidl_generator_py
[2.522s] [ 83%] [32mBuilding C object CMakeFiles/action_interfaces__rosidl_typesupport_fastrtps_c__pyext.dir/rosidl_generator_py/action_interfaces/_action_interfaces_s.ep.rosidl_typesupport_fastrtps_c.c.o[0m
[2.523s] [ 87%] [32mBuilding C object CMakeFiles/action_interfaces__rosidl_typesupport_c__pyext.dir/rosidl_generator_py/action_interfaces/_action_interfaces_s.ep.rosidl_typesupport_c.c.o[0m
[2.523s] [ 90%] [32mBuilding C object CMakeFiles/action_interfaces__rosidl_typesupport_introspection_c__pyext.dir/rosidl_generator_py/action_interfaces/_action_interfaces_s.ep.rosidl_typesupport_introspection_c.c.o[0m
[2.613s] [ 93%] [32m[1mLinking C shared library rosidl_generator_py/action_interfaces/action_interfaces_s__rosidl_typesupport_fastrtps_c.cpython-310-x86_64-linux-gnu.so[0m
[2.617s] [ 96%] [32m[1mLinking C shared library rosidl_generator_py/action_interfaces/action_interfaces_s__rosidl_typesupport_c.cpython-310-x86_64-linux-gnu.so[0m
[2.629s] [100%] [32m[1mLinking C shared library rosidl_generator_py/action_interfaces/action_interfaces_s__rosidl_typesupport_introspection_c.cpython-310-x86_64-linux-gnu.so[0m
[2.661s] [100%] Built target action_interfaces__rosidl_typesupport_c__pyext
[2.661s] [100%] Built target action_interfaces__rosidl_typesupport_fastrtps_c__pyext
[2.666s] [100%] Built target action_interfaces__rosidl_typesupport_introspection_c__pyext
[2.676s] Invoked command in '/home/teehee/ros2_ws/src/lab6/build/action_interfaces' returned '0': CMAKE_PREFIX_PATH=${CMAKE_PREFIX_PATH}:/home/teehee/ros2_ws/install/tf2_pkg:/home/teehee/ros2_ws/install/pylab_exam1:/home/teehee/ros2_ws/install/pylab05:/home/teehee/ros2_ws/install/pylab04:/home/teehee/ros2_ws/install/labs_pkg:/home/teehee/ros2_ws/install/labex6:/home/teehee/ros2_ws/install/lab_exam2_pkg:/home/teehee/ros2_ws/install/example_pkg:/opt/ros/humble /usr/bin/cmake --build /home/teehee/ros2_ws/src/lab6/build/action_interfaces -- -j8 -l8
[2.769s] Invoking command in '/home/teehee/ros2_ws/src/lab6/build/action_interfaces': CMAKE_PREFIX_PATH=${CMAKE_PREFIX_PATH}:/home/teehee/ros2_ws/install/tf2_pkg:/home/teehee/ros2_ws/install/pylab_exam1:/home/teehee/ros2_ws/install/pylab05:/home/teehee/ros2_ws/install/pylab04:/home/teehee/ros2_ws/install/labs_pkg:/home/teehee/ros2_ws/install/labex6:/home/teehee/ros2_ws/install/lab_exam2_pkg:/home/teehee/ros2_ws/install/example_pkg:/opt/ros/humble /usr/bin/cmake --install /home/teehee/ros2_ws/src/lab6/build/action_interfaces
[2.773s] -- Install configuration: ""
[2.773s] -- Installing: /home/teehee/ros2_ws/src/lab6/install/action_interfaces/share/ament_index/resource_index/rosidl_interfaces/action_interfaces
[2.774s] -- Installing: /home/teehee/ros2_ws/src/lab6/install/action_interfaces/include/action_interfaces/action_interfaces
[2.774s] -- Installing: /home/teehee/ros2_ws/src/lab6/install/action_interfaces/include/action_interfaces/action_interfaces/action
[2.774s] -- Installing: /home/teehee/ros2_ws/src/lab6/install/action_interfaces/include/action_interfaces/action_interfaces/action/detail
[2.774s] -- Installing: /home/teehee/ros2_ws/src/lab6/install/action_interfaces/include/action_interfaces/action_interfaces/action/detail/fibonacci__functions.h
[2.774s] -- Installing: /home/teehee/ros2_ws/src/lab6/install/action_interfaces/include/action_interfaces/action_interfaces/action/detail/fibonacci__functions.c
[2.774s] -- Installing: /home/teehee/ros2_ws/src/lab6/install/action_interfaces/include/action_interfaces/action_interfaces/action/detail/fibonacci__struct.h
[2.774s] -- Installing: /home/teehee/ros2_ws/src/lab6/install/action_interfaces/include/action_interfaces/action_interfaces/action/detail/fibonacci__type_support.h
[2.774s] -- Installing: /home/teehee/ros2_ws/src/lab6/install/action_interfaces/include/action_interfaces/action_interfaces/action/fibonacci.h
[2.775s] -- Installing: /home/teehee/ros2_ws/src/lab6/install/action_interfaces/include/action_interfaces/action_interfaces/msg
[2.775s] -- Installing: /home/teehee/ros2_ws/src/lab6/install/action_interfaces/include/action_interfaces/action_interfaces/msg/rosidl_generator_c__visibility_control.h
[2.775s] -- Installing: /home/teehee/ros2_ws/src/lab6/install/action_interfaces/share/action_interfaces/environment/library_path.sh
[2.775s] -- Installing: /home/teehee/ros2_ws/src/lab6/install/action_interfaces/share/action_interfaces/environment/library_path.dsv
[2.775s] -- Installing: /home/teehee/ros2_ws/src/lab6/install/action_interfaces/lib/libaction_interfaces__rosidl_generator_c.so
[2.775s] -- Set runtime path of "/home/teehee/ros2_ws/src/lab6/install/action_interfaces/lib/libaction_interfaces__rosidl_generator_c.so" to ""
[2.775s] -- Up-to-date: /home/teehee/ros2_ws/src/lab6/install/action_interfaces/include/action_interfaces/action_interfaces
[2.775s] -- Up-to-date: /home/teehee/ros2_ws/src/lab6/install/action_interfaces/include/action_interfaces/action_interfaces/action
[2.775s] -- Up-to-date: /home/teehee/ros2_ws/src/lab6/install/action_interfaces/include/action_interfaces/action_interfaces/action/detail
[2.775s] -- Installing: /home/teehee/ros2_ws/src/lab6/install/action_interfaces/include/action_interfaces/action_interfaces/action/detail/fibonacci__rosidl_typesupport_fastrtps_c.h
[2.775s] -- Up-to-date: /home/teehee/ros2_ws/src/lab6/install/action_interfaces/include/action_interfaces/action_interfaces/msg
[2.775s] -- Installing: /home/teehee/ros2_ws/src/lab6/install/action_interfaces/include/action_interfaces/action_interfaces/msg/rosidl_typesupport_fastrtps_c__visibility_control.h
[2.775s] -- Installing: /home/teehee/ros2_ws/src/lab6/install/action_interfaces/lib/libaction_interfaces__rosidl_typesupport_fastrtps_c.so
[2.776s] -- Set runtime path of "/home/teehee/ros2_ws/src/lab6/install/action_interfaces/lib/libaction_interfaces__rosidl_typesupport_fastrtps_c.so" to ""
[2.776s] -- Up-to-date: /home/teehee/ros2_ws/src/lab6/install/action_interfaces/include/action_interfaces/action_interfaces
[2.776s] -- Up-to-date: /home/teehee/ros2_ws/src/lab6/install/action_interfaces/include/action_interfaces/action_interfaces/action
[2.776s] -- Up-to-date: /home/teehee/ros2_ws/src/lab6/install/action_interfaces/include/action_interfaces/action_interfaces/action/detail
[2.776s] -- Installing: /home/teehee/ros2_ws/src/lab6/install/action_interfaces/include/action_interfaces/action_interfaces/action/detail/fibonacci__rosidl_typesupport_introspection_c.h
[2.776s] -- Installing: /home/teehee/ros2_ws/src/lab6/install/action_interfaces/include/action_interfaces/action_interfaces/action/detail/fibonacci__type_support.c
[2.776s] -- Up-to-date: /home/teehee/ros2_ws/src/lab6/install/action_interfaces/include/action_interfaces/action_interfaces/msg
[2.776s] -- Installing: /home/teehee/ros2_ws/src/lab6/install/action_interfaces/include/action_interfaces/action_interfaces/msg/rosidl_typesupport_introspection_c__visibility_control.h
[2.776s] -- Installing: /home/teehee/ros2_ws/src/lab6/install/action_interfaces/lib/libaction_interfaces__rosidl_typesupport_introspection_c.so
[2.776s] -- Set runtime path of "/home/teehee/ros2_ws/src/lab6/install/action_interfaces/lib/libaction_interfaces__rosidl_typesupport_introspection_c.so" to ""
[2.776s] -- Installing: /home/teehee/ros2_ws/src/lab6/install/action_interfaces/lib/libaction_interfaces__rosidl_typesupport_c.so
[2.777s] -- Set runtime path of "/home/teehee/ros2_ws/src/lab6/install/action_interfaces/lib/libaction_interfaces__rosidl_typesupport_c.so" to ""
[2.777s] -- Up-to-date: /home/teehee/ros2_ws/src/lab6/install/action_interfaces/include/action_interfaces/action_interfaces
[2.777s] -- Up-to-date: /home/teehee/ros2_ws/src/lab6/install/action_interfaces/include/action_interfaces/action_interfaces/action
[2.777s] -- Installing: /home/teehee/ros2_ws/src/lab6/install/action_interfaces/include/action_interfaces/action_interfaces/action/fibonacci.hpp
[2.777s] -- Up-to-date: /home/teehee/ros2_ws/src/lab6/install/action_interfaces/include/action_interfaces/action_interfaces/action/detail
[2.777s] -- Installing: /home/teehee/ros2_ws/src/lab6/install/action_interfaces/include/action_interfaces/action_interfaces/action/detail/fibonacci__builder.hpp
[2.777s] -- Installing: /home/teehee/ros2_ws/src/lab6/install/action_interfaces/include/action_interfaces/action_interfaces/action/detail/fibonacci__traits.hpp
[2.777s] -- Installing: /home/teehee/ros2_ws/src/lab6/install/action_interfaces/include/action_interfaces/action_interfaces/action/detail/fibonacci__struct.hpp
[2.777s] -- Up-to-date: /home/teehee/ros2_ws/src/lab6/install/action_interfaces/include/action_interfaces/action_interfaces
[2.777s] -- Up-to-date: /home/teehee/ros2_ws/src/lab6/install/action_interfaces/include/action_interfaces/action_interfaces/action
[2.777s] -- Up-to-date: /home/teehee/ros2_ws/src/lab6/install/action_interfaces/include/action_interfaces/action_interfaces/action/detail
[2.777s] -- Installing: /home/teehee/ros2_ws/src/lab6/install/action_interfaces/include/action_interfaces/action_interfaces/action/detail/dds_fastrtps
[2.777s] -- Installing: /home/teehee/ros2_ws/src/lab6/install/action_interfaces/include/action_interfaces/action_interfaces/action/detail/fibonacci__rosidl_typesupport_fastrtps_cpp.hpp
[2.777s] -- Up-to-date: /home/teehee/ros2_ws/src/lab6/install/action_interfaces/include/action_interfaces/action_interfaces/msg
[2.777s] -- Installing: /home/teehee/ros2_ws/src/lab6/install/action_interfaces/include/action_interfaces/action_interfaces/msg/rosidl_typesupport_fastrtps_cpp__visibility_control.h
[2.777s] -- Installing: /home/teehee/ros2_ws/src/lab6/install/action_interfaces/lib/libaction_interfaces__rosidl_typesupport_fastrtps_cpp.so
[2.778s] -- Set runtime path of "/home/teehee/ros2_ws/src/lab6/install/action_interfaces/lib/libaction_interfaces__rosidl_typesupport_fastrtps_cpp.so" to ""
[2.778s] -- Up-to-date: /home/teehee/ros2_ws/src/lab6/install/action_interfaces/include/action_interfaces/action_interfaces
[2.778s] -- Up-to-date: /home/teehee/ros2_ws/src/lab6/install/action_interfaces/include/action_interfaces/action_interfaces/action
[2.778s] -- Up-to-date: /home/teehee/ros2_ws/src/lab6/install/action_interfaces/include/action_interfaces/action_interfaces/action/detail
[2.778s] -- Installing: /home/teehee/ros2_ws/src/lab6/install/action_interfaces/include/action_interfaces/action_interfaces/action/detail/fibonacci__rosidl_typesupport_introspection_cpp.hpp
[2.778s] -- Installing: /home/teehee/ros2_ws/src/lab6/install/action_interfaces/include/action_interfaces/action_interfaces/action/detail/fibonacci__type_support.cpp
[2.778s] -- Installing: /home/teehee/ros2_ws/src/lab6/install/action_interfaces/lib/libaction_interfaces__rosidl_typesupport_introspection_cpp.so
[2.778s] -- Set runtime path of "/home/teehee/ros2_ws/src/lab6/install/action_interfaces/lib/libaction_interfaces__rosidl_typesupport_introspection_cpp.so" to ""
[2.778s] -- Installing: /home/teehee/ros2_ws/src/lab6/install/action_interfaces/lib/libaction_interfaces__rosidl_typesupport_cpp.so
[2.778s] -- Set runtime path of "/home/teehee/ros2_ws/src/lab6/install/action_interfaces/lib/libaction_interfaces__rosidl_typesupport_cpp.so" to ""
[2.778s] -- Installing: /home/teehee/ros2_ws/src/lab6/install/action_interfaces/share/action_interfaces/environment/pythonpath.sh
[2.778s] -- Installing: /home/teehee/ros2_ws/src/lab6/install/action_interfaces/share/action_interfaces/environment/pythonpath.dsv
[2.779s] -- Installing: /home/teehee/ros2_ws/src/lab6/install/action_interfaces/local/lib/python3.10/dist-packages/action_interfaces-0.0.0-py3.10.egg-info
[2.779s] -- Installing: /home/teehee/ros2_ws/src/lab6/install/action_interfaces/local/lib/python3.10/dist-packages/action_interfaces-0.0.0-py3.10.egg-info/SOURCES.txt
[2.779s] -- Installing: /home/teehee/ros2_ws/src/lab6/install/action_interfaces/local/lib/python3.10/dist-packages/action_interfaces-0.0.0-py3.10.egg-info/dependency_links.txt
[2.779s] -- Installing: /home/teehee/ros2_ws/src/lab6/install/action_interfaces/local/lib/python3.10/dist-packages/action_interfaces-0.0.0-py3.10.egg-info/PKG-INFO
[2.779s] -- Installing: /home/teehee/ros2_ws/src/lab6/install/action_interfaces/local/lib/python3.10/dist-packages/action_interfaces-0.0.0-py3.10.egg-info/top_level.txt
[2.779s] -- Installing: /home/teehee/ros2_ws/src/lab6/install/action_interfaces/local/lib/python3.10/dist-packages/action_interfaces
[2.779s] -- Installing: /home/teehee/ros2_ws/src/lab6/install/action_interfaces/local/lib/python3.10/dist-packages/action_interfaces/_action_interfaces_s.ep.rosidl_typesupport_c.c
[2.779s] -- Installing: /home/teehee/ros2_ws/src/lab6/install/action_interfaces/local/lib/python3.10/dist-packages/action_interfaces/_action_interfaces_s.ep.rosidl_typesupport_introspection_c.c
[2.779s] -- Installing: /home/teehee/ros2_ws/src/lab6/install/action_interfaces/local/lib/python3.10/dist-packages/action_interfaces/__init__.py
[2.779s] -- Installing: /home/teehee/ros2_ws/src/lab6/install/action_interfaces/local/lib/python3.10/dist-packages/action_interfaces/action_interfaces_s__rosidl_typesupport_fastrtps_c.cpython-310-x86_64-linux-gnu.so
[2.779s] -- Installing: /home/teehee/ros2_ws/src/lab6/install/action_interfaces/local/lib/python3.10/dist-packages/action_interfaces/_action_interfaces_s.ep.rosidl_typesupport_fastrtps_c.c
[2.780s] -- Installing: /home/teehee/ros2_ws/src/lab6/install/action_interfaces/local/lib/python3.10/dist-packages/action_interfaces/libaction_interfaces__rosidl_generator_py.so
[2.780s] -- Installing: /home/teehee/ros2_ws/src/lab6/install/action_interfaces/local/lib/python3.10/dist-packages/action_interfaces/action_interfaces_s__rosidl_typesupport_introspection_c.cpython-310-x86_64-linux-gnu.so
[2.780s] -- Installing: /home/teehee/ros2_ws/src/lab6/install/action_interfaces/local/lib/python3.10/dist-packages/action_interfaces/action_interfaces_s__rosidl_typesupport_c.cpython-310-x86_64-linux-gnu.so
[2.780s] -- Installing: /home/teehee/ros2_ws/src/lab6/install/action_interfaces/local/lib/python3.10/dist-packages/action_interfaces/action
[2.780s] -- Installing: /home/teehee/ros2_ws/src/lab6/install/action_interfaces/local/lib/python3.10/dist-packages/action_interfaces/action/__init__.py
[2.780s] -- Installing: /home/teehee/ros2_ws/src/lab6/install/action_interfaces/local/lib/python3.10/dist-packages/action_interfaces/action/_fibonacci.py
[2.780s] -- Installing: /home/teehee/ros2_ws/src/lab6/install/action_interfaces/local/lib/python3.10/dist-packages/action_interfaces/action/_fibonacci_s.c
[2.806s] Listing '/home/teehee/ros2_ws/src/lab6/install/action_interfaces/local/lib/python3.10/dist-packages/action_interfaces'...
[2.806s] Compiling '/home/teehee/ros2_ws/src/lab6/install/action_interfaces/local/lib/python3.10/dist-packages/action_interfaces/__init__.py'...
[2.807s] Listing '/home/teehee/ros2_ws/src/lab6/install/action_interfaces/local/lib/python3.10/dist-packages/action_interfaces/action'...
[2.807s] Compiling '/home/teehee/ros2_ws/src/lab6/install/action_interfaces/local/lib/python3.10/dist-packages/action_interfaces/action/__init__.py'...
[2.807s] Compiling '/home/teehee/ros2_ws/src/lab6/install/action_interfaces/local/lib/python3.10/dist-packages/action_interfaces/action/_fibonacci.py'...
[2.808s] -- Installing: /home/teehee/ros2_ws/src/lab6/install/action_interfaces/local/lib/python3.10/dist-packages/action_interfaces/action_interfaces_s__rosidl_typesupport_fastrtps_c.cpython-310-x86_64-linux-gnu.so
[2.808s] -- Set runtime path of "/home/teehee/ros2_ws/src/lab6/install/action_interfaces/local/lib/python3.10/dist-packages/action_interfaces/action_interfaces_s__rosidl_typesupport_fastrtps_c.cpython-310-x86_64-linux-gnu.so" to ""
[2.808s] -- Installing: /home/teehee/ros2_ws/src/lab6/install/action_interfaces/local/lib/python3.10/dist-packages/action_interfaces/action_interfaces_s__rosidl_typesupport_introspection_c.cpython-310-x86_64-linux-gnu.so
[2.809s] -- Set runtime path of "/home/teehee/ros2_ws/src/lab6/install/action_interfaces/local/lib/python3.10/dist-packages/action_interfaces/action_interfaces_s__rosidl_typesupport_introspection_c.cpython-310-x86_64-linux-gnu.so" to ""
[2.809s] -- Installing: /home/teehee/ros2_ws/src/lab6/install/action_interfaces/local/lib/python3.10/dist-packages/action_interfaces/action_interfaces_s__rosidl_typesupport_c.cpython-310-x86_64-linux-gnu.so
[2.809s] -- Set runtime path of "/home/teehee/ros2_ws/src/lab6/install/action_interfaces/local/lib/python3.10/dist-packages/action_interfaces/action_interfaces_s__rosidl_typesupport_c.cpython-310-x86_64-linux-gnu.so" to ""
[2.809s] -- Installing: /home/teehee/ros2_ws/src/lab6/install/action_interfaces/lib/libaction_interfaces__rosidl_generator_py.so
[2.809s] -- Set runtime path of "/home/teehee/ros2_ws/src/lab6/install/action_interfaces/lib/libaction_interfaces__rosidl_generator_py.so" to ""
[2.809s] -- Installing: /home/teehee/ros2_ws/src/lab6/install/action_interfaces/share/action_interfaces/action/Fibonacci.idl
[2.809s] -- Installing: /home/teehee/ros2_ws/src/lab6/install/action_interfaces/share/action_interfaces/action/Fibonacci.action
[2.809s] -- Installing: /home/teehee/ros2_ws/src/lab6/install/action_interfaces/share/ament_index/resource_index/package_run_dependencies/action_interfaces
[2.809s] -- Installing: /home/teehee/ros2_ws/src/lab6/install/action_interfaces/share/ament_index/resource_index/parent_prefix_path/action_interfaces
[2.810s] -- Installing: /home/teehee/ros2_ws/src/lab6/install/action_interfaces/share/action_interfaces/environment/ament_prefix_path.sh
[2.810s] -- Installing: /home/teehee/ros2_ws/src/lab6/install/action_interfaces/share/action_interfaces/environment/ament_prefix_path.dsv
[2.810s] -- Installing: /home/teehee/ros2_ws/src/lab6/install/action_interfaces/share/action_interfaces/environment/path.sh
[2.810s] -- Installing: /home/teehee/ros2_ws/src/lab6/install/action_interfaces/share/action_interfaces/environment/path.dsv
[2.810s] -- Installing: /home/teehee/ros2_ws/src/lab6/install/action_interfaces/share/action_interfaces/local_setup.bash
[2.810s] -- Installing: /home/teehee/ros2_ws/src/lab6/install/action_interfaces/share/action_interfaces/local_setup.sh
[2.810s] -- Installing: /home/teehee/ros2_ws/src/lab6/install/action_interfaces/share/action_interfaces/local_setup.zsh
[2.810s] -- Installing: /home/teehee/ros2_ws/src/lab6/install/action_interfaces/share/action_interfaces/local_setup.dsv
[2.810s] -- Installing: /home/teehee/ros2_ws/src/lab6/install/action_interfaces/share/action_interfaces/package.dsv
[2.810s] -- Installing: /home/teehee/ros2_ws/src/lab6/install/action_interfaces/share/ament_index/resource_index/packages/action_interfaces
[2.810s] -- Installing: /home/teehee/ros2_ws/src/lab6/install/action_interfaces/share/action_interfaces/cmake/export_action_interfaces__rosidl_generator_cExport.cmake
[2.811s] -- Installing: /home/teehee/ros2_ws/src/lab6/install/action_interfaces/share/action_interfaces/cmake/export_action_interfaces__rosidl_generator_cExport-noconfig.cmake
[2.811s] -- Installing: /home/teehee/ros2_ws/src/lab6/install/action_interfaces/share/action_interfaces/cmake/export_action_interfaces__rosidl_typesupport_fastrtps_cExport.cmake
[2.811s] -- Installing: /home/teehee/ros2_ws/src/lab6/install/action_interfaces/share/action_interfaces/cmake/export_action_interfaces__rosidl_typesupport_fastrtps_cExport-noconfig.cmake
[2.811s] -- Installing: /home/teehee/ros2_ws/src/lab6/install/action_interfaces/share/action_interfaces/cmake/action_interfaces__rosidl_typesupport_introspection_cExport.cmake
[2.811s] -- Installing: /home/teehee/ros2_ws/src/lab6/install/action_interfaces/share/action_interfaces/cmake/action_interfaces__rosidl_typesupport_introspection_cExport-noconfig.cmake
[2.811s] -- Installing: /home/teehee/ros2_ws/src/lab6/install/action_interfaces/share/action_interfaces/cmake/action_interfaces__rosidl_typesupport_cExport.cmake
[2.811s] -- Installing: /home/teehee/ros2_ws/src/lab6/install/action_interfaces/share/action_interfaces/cmake/action_interfaces__rosidl_typesupport_cExport-noconfig.cmake
[2.811s] -- Installing: /home/teehee/ros2_ws/src/lab6/install/action_interfaces/share/action_interfaces/cmake/export_action_interfaces__rosidl_generator_cppExport.cmake
[2.811s] -- Installing: /home/teehee/ros2_ws/src/lab6/install/action_interfaces/share/action_interfaces/cmake/export_action_interfaces__rosidl_typesupport_fastrtps_cppExport.cmake
[2.811s] -- Installing: /home/teehee/ros2_ws/src/lab6/install/action_interfaces/share/action_interfaces/cmake/export_action_interfaces__rosidl_typesupport_fastrtps_cppExport-noconfig.cmake
[2.811s] -- Installing: /home/teehee/ros2_ws/src/lab6/install/action_interfaces/share/action_interfaces/cmake/action_interfaces__rosidl_typesupport_introspection_cppExport.cmake
[2.811s] -- Installing: /home/teehee/ros2_ws/src/lab6/install/action_interfaces/share/action_interfaces/cmake/action_interfaces__rosidl_typesupport_introspection_cppExport-noconfig.cmake
[2.812s] -- Installing: /home/teehee/ros2_ws/src/lab6/install/action_interfaces/share/action_interfaces/cmake/action_interfaces__rosidl_typesupport_cppExport.cmake
[2.812s] -- Installing: /home/teehee/ros2_ws/src/lab6/install/action_interfaces/share/action_interfaces/cmake/action_interfaces__rosidl_typesupport_cppExport-noconfig.cmake
[2.812s] -- Installing: /home/teehee/ros2_ws/src/lab6/install/action_interfaces/share/action_interfaces/cmake/export_action_interfaces__rosidl_generator_pyExport.cmake
[2.812s] -- Installing: /home/teehee/ros2_ws/src/lab6/install/action_interfaces/share/action_interfaces/cmake/export_action_interfaces__rosidl_generator_pyExport-noconfig.cmake
[2.812s] -- Installing: /home/teehee/ros2_ws/src/lab6/install/action_interfaces/share/action_interfaces/cmake/rosidl_cmake-extras.cmake
[2.812s] -- Installing: /home/teehee/ros2_ws/src/lab6/install/action_interfaces/share/action_interfaces/cmake/ament_cmake_export_dependencies-extras.cmake
[2.813s] -- Installing: /home/teehee/ros2_ws/src/lab6/install/action_interfaces/share/action_interfaces/cmake/ament_cmake_export_include_directories-extras.cmake
[2.813s] -- Installing: /home/teehee/ros2_ws/src/lab6/install/action_interfaces/share/action_interfaces/cmake/ament_cmake_export_libraries-extras.cmake
[2.813s] -- Installing: /home/teehee/ros2_ws/src/lab6/install/action_interfaces/share/action_interfaces/cmake/ament_cmake_export_targets-extras.cmake
[2.813s] -- Installing: /home/teehee/ros2_ws/src/lab6/install/action_interfaces/share/action_interfaces/cmake/rosidl_cmake_export_typesupport_targets-extras.cmake
[2.813s] -- Installing: /home/teehee/ros2_ws/src/lab6/install/action_interfaces/share/action_interfaces/cmake/rosidl_cmake_export_typesupport_libraries-extras.cmake
[2.813s] -- Installing: /home/teehee/ros2_ws/src/lab6/install/action_interfaces/share/action_interfaces/cmake/action_interfacesConfig.cmake
[2.813s] -- Installing: /home/teehee/ros2_ws/src/lab6/install/action_interfaces/share/action_interfaces/cmake/action_interfacesConfig-version.cmake
[2.813s] -- Installing: /home/teehee/ros2_ws/src/lab6/install/action_interfaces/share/action_interfaces/package.xml
[2.817s] Invoked command in '/home/teehee/ros2_ws/src/lab6/build/action_interfaces' returned '0': CMAKE_PREFIX_PATH=${CMAKE_PREFIX_PATH}:/home/teehee/ros2_ws/install/tf2_pkg:/home/teehee/ros2_ws/install/pylab_exam1:/home/teehee/ros2_ws/install/pylab05:/home/teehee/ros2_ws/install/pylab04:/home/teehee/ros2_ws/install/labs_pkg:/home/teehee/ros2_ws/install/labex6:/home/teehee/ros2_ws/install/lab_exam2_pkg:/home/teehee/ros2_ws/install/example_pkg:/opt/ros/humble /usr/bin/cmake --install /home/teehee/ros2_ws/src/lab6/build/action_interfaces
