-- The C compiler identification is GNU 11.4.0
-- The CXX compiler identification is GNU 11.4.0
-- Detecting C compiler ABI info
-- Detecting C compiler ABI info - done
-- Check for working C compiler: /usr/bin/cc - skipped
-- Detecting C compile features
-- Detecting C compile features - done
-- Detecting CXX compiler ABI info
-- Detecting CXX compiler ABI info - done
-- Check for working CXX compiler: /usr/bin/c++ - skipped
-- Detecting CXX compile features
-- Detecting CXX compile features - done
-- Found ament_cmake: 1.3.5 (/opt/ros/humble/share/ament_cmake/cmake)
-- Found Python3: /usr/bin/python3.10 (found version "3.10.12") found components: Interpreter 
-- Override CMake install command with custom implementation using symlinks instead of copying resources
-- Configuring done
-- Generating done
-- Build files have been written to: /home/teehee/ros2_ws/build/labs_bringup
-- Install configuration: ""
-- Execute custom install script
-- Symlinking: /home/teehee/ros2_ws/install/labs_bringup/share/labs_bringup/launch/talker_listener_basic.launch.py
-- Symlinking: /home/teehee/ros2_ws/install/labs_bringup/share/ament_index/resource_index/package_run_dependencies/labs_bringup
-- Symlinking: /home/teehee/ros2_ws/install/labs_bringup/share/ament_index/resource_index/parent_prefix_path/labs_bringup
-- Symlinking: /home/teehee/ros2_ws/install/labs_bringup/share/labs_bringup/environment/ament_prefix_path.sh
-- Symlinking: /home/teehee/ros2_ws/install/labs_bringup/share/labs_bringup/environment/ament_prefix_path.dsv
-- Symlinking: /home/teehee/ros2_ws/install/labs_bringup/share/labs_bringup/environment/path.sh
-- Symlinking: /home/teehee/ros2_ws/install/labs_bringup/share/labs_bringup/environment/path.dsv
-- Symlinking: /home/teehee/ros2_ws/install/labs_bringup/share/labs_bringup/local_setup.bash
-- Symlinking: /home/teehee/ros2_ws/install/labs_bringup/share/labs_bringup/local_setup.sh
-- Symlinking: /home/teehee/ros2_ws/install/labs_bringup/share/labs_bringup/local_setup.zsh
-- Symlinking: /home/teehee/ros2_ws/install/labs_bringup/share/labs_bringup/local_setup.dsv
-- Symlinking: /home/teehee/ros2_ws/install/labs_bringup/share/labs_bringup/package.dsv
-- Symlinking: /home/teehee/ros2_ws/install/labs_bringup/share/ament_index/resource_index/packages/labs_bringup
-- Symlinking: /home/teehee/ros2_ws/install/labs_bringup/share/labs_bringup/cmake/labs_bringupConfig.cmake
-- Symlinking: /home/teehee/ros2_ws/install/labs_bringup/share/labs_bringup/cmake/labs_bringupConfig-version.cmake
-- Symlinking: /home/teehee/ros2_ws/install/labs_bringup/share/labs_bringup/package.xml
