[0.162s] Invoking command in '/home/teehee/ros2_ws/build/labs_bringup': CMAKE_PREFIX_PATH=${CMAKE_PREFIX_PATH}:/home/teehee/ros2_ws/install/labs_pkg:/home/teehee/ros2_ws/install/lab_exam2_pkg:/home/teehee/ros2_ws/install/example_pkg:/opt/ros/humble /usr/bin/cmake /home/teehee/ros2_ws/src/labs_bringup -DAMENT_CMAKE_SYMLINK_INSTALL=1 -DCMAKE_INSTALL_PREFIX=/home/teehee/ros2_ws/install/labs_bringup
[0.432s] -- The C compiler identification is GNU 11.4.0
[0.784s] -- The CXX compiler identification is GNU 11.4.0
[0.809s] -- Detecting C compiler ABI info
[0.996s] -- Detecting C compiler ABI info - done
[1.004s] -- Check for working C compiler: /usr/bin/cc - skipped
[1.006s] -- Detecting C compile features
[1.007s] -- Detecting C compile features - done
[1.012s] -- Detecting CXX compiler ABI info
[1.132s] -- Detecting CXX compiler ABI info - done
[1.148s] -- Check for working CXX compiler: /usr/bin/c++ - skipped
[1.148s] -- Detecting CXX compile features
[1.148s] -- Detecting CXX compile features - done
[1.180s] -- Found ament_cmake: 1.3.5 (/opt/ros/humble/share/ament_cmake/cmake)
[1.460s] -- Found Python3: /usr/bin/python3.10 (found version "3.10.12") found components: Interpreter 
[1.600s] -- Override CMake install command with custom implementation using symlinks instead of copying resources
[1.788s] -- Configuring done
[1.790s] -- Generating done
[1.791s] -- Build files have been written to: /home/teehee/ros2_ws/build/labs_bringup
[1.799s] Invoked command in '/home/teehee/ros2_ws/build/labs_bringup' returned '0': CMAKE_PREFIX_PATH=${CMAKE_PREFIX_PATH}:/home/teehee/ros2_ws/install/labs_pkg:/home/teehee/ros2_ws/install/lab_exam2_pkg:/home/teehee/ros2_ws/install/example_pkg:/opt/ros/humble /usr/bin/cmake /home/teehee/ros2_ws/src/labs_bringup -DAMENT_CMAKE_SYMLINK_INSTALL=1 -DCMAKE_INSTALL_PREFIX=/home/teehee/ros2_ws/install/labs_bringup
[1.802s] Invoking command in '/home/teehee/ros2_ws/build/labs_bringup': CMAKE_PREFIX_PATH=${CMAKE_PREFIX_PATH}:/home/teehee/ros2_ws/install/labs_pkg:/home/teehee/ros2_ws/install/lab_exam2_pkg:/home/teehee/ros2_ws/install/example_pkg:/opt/ros/humble /usr/bin/cmake --build /home/teehee/ros2_ws/build/labs_bringup -- -j4 -l4
[1.872s] Invoked command in '/home/teehee/ros2_ws/build/labs_bringup' returned '0': CMAKE_PREFIX_PATH=${CMAKE_PREFIX_PATH}:/home/teehee/ros2_ws/install/labs_pkg:/home/teehee/ros2_ws/install/lab_exam2_pkg:/home/teehee/ros2_ws/install/example_pkg:/opt/ros/humble /usr/bin/cmake --build /home/teehee/ros2_ws/build/labs_bringup -- -j4 -l4
[1.945s] Invoking command in '/home/teehee/ros2_ws/build/labs_bringup': CMAKE_PREFIX_PATH=${CMAKE_PREFIX_PATH}:/home/teehee/ros2_ws/install/labs_pkg:/home/teehee/ros2_ws/install/lab_exam2_pkg:/home/teehee/ros2_ws/install/example_pkg:/opt/ros/humble /usr/bin/cmake --install /home/teehee/ros2_ws/build/labs_bringup
[1.964s] -- Install configuration: ""
[1.964s] -- Execute custom install script
[1.964s] -- Symlinking: /home/teehee/ros2_ws/install/labs_bringup/share/labs_bringup/launch/talker_listener_basic.launch.py
[1.977s] -- Symlinking: /home/teehee/ros2_ws/install/labs_bringup/share/ament_index/resource_index/package_run_dependencies/labs_bringup
[1.995s] -- Symlinking: /home/teehee/ros2_ws/install/labs_bringup/share/ament_index/resource_index/parent_prefix_path/labs_bringup
[2.015s] -- Symlinking: /home/teehee/ros2_ws/install/labs_bringup/share/labs_bringup/environment/ament_prefix_path.sh
[2.048s] -- Symlinking: /home/teehee/ros2_ws/install/labs_bringup/share/labs_bringup/environment/ament_prefix_path.dsv
[2.068s] -- Symlinking: /home/teehee/ros2_ws/install/labs_bringup/share/labs_bringup/environment/path.sh
[2.081s] -- Symlinking: /home/teehee/ros2_ws/install/labs_bringup/share/labs_bringup/environment/path.dsv
[2.094s] -- Symlinking: /home/teehee/ros2_ws/install/labs_bringup/share/labs_bringup/local_setup.bash
[2.114s] -- Symlinking: /home/teehee/ros2_ws/install/labs_bringup/share/labs_bringup/local_setup.sh
[2.137s] -- Symlinking: /home/teehee/ros2_ws/install/labs_bringup/share/labs_bringup/local_setup.zsh
[2.155s] -- Symlinking: /home/teehee/ros2_ws/install/labs_bringup/share/labs_bringup/local_setup.dsv
[2.168s] -- Symlinking: /home/teehee/ros2_ws/install/labs_bringup/share/labs_bringup/package.dsv
[2.181s] -- Symlinking: /home/teehee/ros2_ws/install/labs_bringup/share/ament_index/resource_index/packages/labs_bringup
[2.193s] -- Symlinking: /home/teehee/ros2_ws/install/labs_bringup/share/labs_bringup/cmake/labs_bringupConfig.cmake
[2.208s] -- Symlinking: /home/teehee/ros2_ws/install/labs_bringup/share/labs_bringup/cmake/labs_bringupConfig-version.cmake
[2.224s] -- Symlinking: /home/teehee/ros2_ws/install/labs_bringup/share/labs_bringup/package.xml
[2.242s] Invoked command in '/home/teehee/ros2_ws/build/labs_bringup' returned '0': CMAKE_PREFIX_PATH=${CMAKE_PREFIX_PATH}:/home/teehee/ros2_ws/install/labs_pkg:/home/teehee/ros2_ws/install/lab_exam2_pkg:/home/teehee/ros2_ws/install/example_pkg:/opt/ros/humble /usr/bin/cmake --install /home/teehee/ros2_ws/build/labs_bringup
