[0.764s] Invoking command in '/home/teehee/ros2_ws/build/lab_exam2_pkg': PYTHONPATH=/home/teehee/ros2_ws/build/lab_exam2_pkg/prefix_override:/home/teehee/ros2_ws/install/lab_exam2_pkg/lib/python3.10/site-packages:${PYTHONPATH} /usr/bin/python3 setup.py develop --editable --build-directory /home/teehee/ros2_ws/build/lab_exam2_pkg/build --no-deps install_data
[1.023s] running develop
[1.023s] /usr/lib/python3/dist-packages/setuptools/command/easy_install.py:158: EasyInstallDeprecationWarning: easy_install command is deprecated. Use build and pip and other standards-based tools.
[1.023s]   warnings.warn(
[1.024s] /usr/lib/python3/dist-packages/setuptools/command/install.py:34: SetuptoolsDeprecationWarning: setup.py install is deprecated. Use build and pip and other standards-based tools.
[1.024s]   warnings.warn(
[1.173s] running egg_info
[1.173s] writing lab_exam2_pkg.egg-info/PKG-INFO
[1.174s] writing dependency_links to lab_exam2_pkg.egg-info/dependency_links.txt
[1.174s] writing entry points to lab_exam2_pkg.egg-info/entry_points.txt
[1.174s] writing requirements to lab_exam2_pkg.egg-info/requires.txt
[1.174s] writing top-level names to lab_exam2_pkg.egg-info/top_level.txt
[1.176s] reading manifest file 'lab_exam2_pkg.egg-info/SOURCES.txt'
[1.177s] writing manifest file 'lab_exam2_pkg.egg-info/SOURCES.txt'
[1.178s] running build_ext
[1.178s] Creating /home/teehee/ros2_ws/install/lab_exam2_pkg/lib/python3.10/site-packages/lab-exam2-pkg.egg-link (link to .)
[1.180s] Installing movefile script to /home/teehee/ros2_ws/install/lab_exam2_pkg/lib/lab_exam2_pkg
[1.184s] Installing turtlesim_scan script to /home/teehee/ros2_ws/install/lab_exam2_pkg/lib/lab_exam2_pkg
[1.184s] 
[1.184s] Installed /home/teehee/ros2_ws/build/lab_exam2_pkg
[1.184s] running install_data
[1.225s] Invoked command in '/home/teehee/ros2_ws/build/lab_exam2_pkg' returned '0': PYTHONPATH=/home/teehee/ros2_ws/build/lab_exam2_pkg/prefix_override:/home/teehee/ros2_ws/install/lab_exam2_pkg/lib/python3.10/site-packages:${PYTHONPATH} /usr/bin/python3 setup.py develop --editable --build-directory /home/teehee/ros2_ws/build/lab_exam2_pkg/build --no-deps install_data
