[0.855s] DEBUG:colcon:Command line arguments: ['/usr/bin/colcon', 'build', '--packages-select', 'lab_interfaces', '--allow-overriding', 'lab_interfaces']
[0.855s] DEBUG:colcon:Parsed command line arguments: Namespace(log_base=None, log_level=None, verb_name='build', build_base='build', install_base='install', merge_install=False, symlink_install=False, test_result_base=None, continue_on_error=False, executor='parallel', parallel_workers=4, event_handlers=None, ignore_user_meta=False, metas=['./colcon.meta'], base_paths=['.'], packages_ignore=None, packages_ignore_regex=None, paths=None, packages_up_to=None, packages_up_to_regex=None, packages_above=None, packages_above_and_dependencies=None, packages_above_depth=None, packages_select_by_dep=None, packages_skip_by_dep=None, packages_skip_up_to=None, packages_select_build_failed=False, packages_skip_build_finished=False, packages_select_test_failures=False, packages_skip_test_passed=False, packages_select=['lab_interfaces'], packages_skip=None, packages_select_regex=None, packages_skip_regex=None, packages_start=None, packages_end=None, allow_overriding=['lab_interfaces'], cmake_args=None, cmake_target=None, cmake_target_skip_unavailable=False, cmake_clean_cache=False, cmake_clean_first=False, cmake_force_configure=False, ament_cmake_args=None, catkin_cmake_args=None, catkin_skip_building_tests=False, verb_parser=<colcon_defaults.argument_parser.defaults.DefaultArgumentsDecorator object at 0x7f41c1f44670>, verb_extension=<colcon_core.verb.build.BuildVerb object at 0x7f41c23b3c10>, main=<bound method BuildVerb.main of <colcon_core.verb.build.BuildVerb object at 0x7f41c23b3c10>>)
[0.895s] Level 1:colcon.colcon_core.package_discovery:discover_packages(colcon_meta) check parameters
[0.895s] Level 1:colcon.colcon_core.package_discovery:discover_packages(recursive) check parameters
[0.895s] Level 1:colcon.colcon_core.package_discovery:discover_packages(ignore) check parameters
[0.895s] Level 1:colcon.colcon_core.package_discovery:discover_packages(path) check parameters
[0.895s] Level 1:colcon.colcon_core.package_discovery:discover_packages(colcon_meta) discover
[0.895s] Level 1:colcon.colcon_core.package_discovery:discover_packages(recursive) discover
[0.895s] INFO:colcon.colcon_core.package_discovery:Crawling recursively for packages in '/home/teehee/ros2_ws/src/lab_interfaces'
[0.895s] Level 1:colcon.colcon_core.package_identification:_identify(.) by extensions ['ignore', 'ignore_ament_install']
[0.895s] Level 1:colcon.colcon_core.package_identification:_identify(.) by extension 'ignore'
[0.895s] Level 1:colcon.colcon_core.package_identification:_identify(.) by extension 'ignore_ament_install'
[0.895s] Level 1:colcon.colcon_core.package_identification:_identify(.) by extensions ['colcon_pkg']
[0.895s] Level 1:colcon.colcon_core.package_identification:_identify(.) by extension 'colcon_pkg'
[0.896s] Level 1:colcon.colcon_core.package_identification:_identify(.) by extensions ['colcon_meta']
[0.896s] Level 1:colcon.colcon_core.package_identification:_identify(.) by extension 'colcon_meta'
[0.896s] Level 1:colcon.colcon_core.package_identification:_identify(.) by extensions ['ros']
[0.896s] Level 1:colcon.colcon_core.package_identification:_identify(.) by extension 'ros'
[0.907s] DEBUG:colcon.colcon_core.package_identification:Package '.' with type 'ros.ament_cmake' and name 'lab_interfaces'
[0.907s] Level 1:colcon.colcon_core.package_discovery:discover_packages(recursive) using defaults
[0.907s] Level 1:colcon.colcon_core.package_discovery:discover_packages(ignore) discover
[0.908s] Level 1:colcon.colcon_core.package_discovery:discover_packages(ignore) using defaults
[0.908s] Level 1:colcon.colcon_core.package_discovery:discover_packages(path) discover
[0.908s] Level 1:colcon.colcon_core.package_discovery:discover_packages(path) using defaults
[0.982s] Level 1:colcon.colcon_core.package_discovery:discover_packages(prefix_path) check parameters
[0.982s] Level 1:colcon.colcon_core.package_discovery:discover_packages(prefix_path) discover
[1.007s] DEBUG:colcon.colcon_installed_package_information.package_discovery:Found 6 installed packages in /home/teehee/ros2_ws/install
[1.027s] DEBUG:colcon.colcon_installed_package_information.package_discovery:Found 271 installed packages in /opt/ros/humble
[1.028s] Level 1:colcon.colcon_core.package_discovery:discover_packages(prefix_path) using defaults
[1.105s] Level 5:colcon.colcon_core.verb:set package 'lab_interfaces' build argument 'cmake_args' from command line to 'None'
[1.105s] Level 5:colcon.colcon_core.verb:set package 'lab_interfaces' build argument 'cmake_target' from command line to 'None'
[1.105s] Level 5:colcon.colcon_core.verb:set package 'lab_interfaces' build argument 'cmake_target_skip_unavailable' from command line to 'False'
[1.105s] Level 5:colcon.colcon_core.verb:set package 'lab_interfaces' build argument 'cmake_clean_cache' from command line to 'False'
[1.105s] Level 5:colcon.colcon_core.verb:set package 'lab_interfaces' build argument 'cmake_clean_first' from command line to 'False'
[1.105s] Level 5:colcon.colcon_core.verb:set package 'lab_interfaces' build argument 'cmake_force_configure' from command line to 'False'
[1.105s] Level 5:colcon.colcon_core.verb:set package 'lab_interfaces' build argument 'ament_cmake_args' from command line to 'None'
[1.105s] Level 5:colcon.colcon_core.verb:set package 'lab_interfaces' build argument 'catkin_cmake_args' from command line to 'None'
[1.105s] Level 5:colcon.colcon_core.verb:set package 'lab_interfaces' build argument 'catkin_skip_building_tests' from command line to 'False'
[1.105s] DEBUG:colcon.colcon_core.verb:Building package 'lab_interfaces' with the following arguments: {'ament_cmake_args': None, 'build_base': '/home/teehee/ros2_ws/src/lab_interfaces/build/lab_interfaces', 'catkin_cmake_args': None, 'catkin_skip_building_tests': False, 'cmake_args': None, 'cmake_clean_cache': False, 'cmake_clean_first': False, 'cmake_force_configure': False, 'cmake_target': None, 'cmake_target_skip_unavailable': False, 'install_base': '/home/teehee/ros2_ws/src/lab_interfaces/install/lab_interfaces', 'merge_install': False, 'path': '/home/teehee/ros2_ws/src/lab_interfaces', 'symlink_install': False, 'test_result_base': None}
[1.119s] INFO:colcon.colcon_core.executor:Executing jobs using 'parallel' executor
[1.132s] DEBUG:colcon.colcon_parallel_executor.executor.parallel:run_until_complete
[1.133s] INFO:colcon.colcon_ros.task.ament_cmake.build:Building ROS package in '/home/teehee/ros2_ws/src/lab_interfaces' with build type 'ament_cmake'
[1.133s] INFO:colcon.colcon_cmake.task.cmake.build:Building CMake package in '/home/teehee/ros2_ws/src/lab_interfaces'
[1.149s] INFO:colcon.colcon_core.plugin_system:Skipping extension 'colcon_core.shell.bat': Not used on non-Windows systems
[1.149s] INFO:colcon.colcon_core.shell:Skip shell extension 'powershell' for command environment: Not usable outside of PowerShell
[1.149s] DEBUG:colcon.colcon_core.shell:Skip shell extension 'dsv' for command environment
[1.203s] DEBUG:colcon.colcon_core.event_handler.log_command:Invoking command in '/home/teehee/ros2_ws/src/lab_interfaces/build/lab_interfaces': CMAKE_PREFIX_PATH=${CMAKE_PREFIX_PATH}:/home/teehee/ros2_ws/install/tf2_pkg:/home/teehee/ros2_ws/install/labs_pkg:/home/teehee/ros2_ws/install/lab_exam2_pkg:/home/teehee/ros2_ws/install/example_pkg:/opt/ros/humble /usr/bin/cmake --build /home/teehee/ros2_ws/src/lab_interfaces/build/lab_interfaces -- -j4 -l4
[5.951s] DEBUG:colcon.colcon_core.event_handler.log_command:Invoked command in '/home/teehee/ros2_ws/src/lab_interfaces/build/lab_interfaces' returned '0': CMAKE_PREFIX_PATH=${CMAKE_PREFIX_PATH}:/home/teehee/ros2_ws/install/tf2_pkg:/home/teehee/ros2_ws/install/labs_pkg:/home/teehee/ros2_ws/install/lab_exam2_pkg:/home/teehee/ros2_ws/install/example_pkg:/opt/ros/humble /usr/bin/cmake --build /home/teehee/ros2_ws/src/lab_interfaces/build/lab_interfaces -- -j4 -l4
[6.158s] DEBUG:colcon.colcon_core.event_handler.log_command:Invoking command in '/home/teehee/ros2_ws/src/lab_interfaces/build/lab_interfaces': CMAKE_PREFIX_PATH=${CMAKE_PREFIX_PATH}:/home/teehee/ros2_ws/install/tf2_pkg:/home/teehee/ros2_ws/install/labs_pkg:/home/teehee/ros2_ws/install/lab_exam2_pkg:/home/teehee/ros2_ws/install/example_pkg:/opt/ros/humble /usr/bin/cmake --install /home/teehee/ros2_ws/src/lab_interfaces/build/lab_interfaces
[6.252s] Level 1:colcon.colcon_core.environment:create_environment_scripts_only(lab_interfaces)
[6.278s] DEBUG:colcon.colcon_core.event_handler.log_command:Invoked command in '/home/teehee/ros2_ws/src/lab_interfaces/build/lab_interfaces' returned '0': CMAKE_PREFIX_PATH=${CMAKE_PREFIX_PATH}:/home/teehee/ros2_ws/install/tf2_pkg:/home/teehee/ros2_ws/install/labs_pkg:/home/teehee/ros2_ws/install/lab_exam2_pkg:/home/teehee/ros2_ws/install/example_pkg:/opt/ros/humble /usr/bin/cmake --install /home/teehee/ros2_ws/src/lab_interfaces/build/lab_interfaces
[6.285s] Level 1:colcon.colcon_core.environment:checking '/home/teehee/ros2_ws/src/lab_interfaces/install/lab_interfaces' for CMake module files
[6.286s] Level 1:colcon.colcon_core.environment:checking '/home/teehee/ros2_ws/src/lab_interfaces/install/lab_interfaces' for CMake config files
[6.286s] Level 1:colcon.colcon_core.shell:create_environment_hook('lab_interfaces', 'cmake_prefix_path')
[6.299s] INFO:colcon.colcon_core.shell:Creating environment hook '/home/teehee/ros2_ws/src/lab_interfaces/install/lab_interfaces/share/lab_interfaces/hook/cmake_prefix_path.ps1'
[6.300s] INFO:colcon.colcon_core.shell:Creating environment descriptor '/home/teehee/ros2_ws/src/lab_interfaces/install/lab_interfaces/share/lab_interfaces/hook/cmake_prefix_path.dsv'
[6.301s] INFO:colcon.colcon_core.shell:Creating environment hook '/home/teehee/ros2_ws/src/lab_interfaces/install/lab_interfaces/share/lab_interfaces/hook/cmake_prefix_path.sh'
[6.302s] Level 1:colcon.colcon_core.environment:checking '/home/teehee/ros2_ws/src/lab_interfaces/install/lab_interfaces/lib'
[6.302s] Level 1:colcon.colcon_core.shell:create_environment_hook('lab_interfaces', 'ld_library_path_lib')
[6.315s] INFO:colcon.colcon_core.shell:Creating environment hook '/home/teehee/ros2_ws/src/lab_interfaces/install/lab_interfaces/share/lab_interfaces/hook/ld_library_path_lib.ps1'
[6.315s] INFO:colcon.colcon_core.shell:Creating environment descriptor '/home/teehee/ros2_ws/src/lab_interfaces/install/lab_interfaces/share/lab_interfaces/hook/ld_library_path_lib.dsv'
[6.316s] INFO:colcon.colcon_core.shell:Creating environment hook '/home/teehee/ros2_ws/src/lab_interfaces/install/lab_interfaces/share/lab_interfaces/hook/ld_library_path_lib.sh'
[6.316s] Level 1:colcon.colcon_core.environment:checking '/home/teehee/ros2_ws/src/lab_interfaces/install/lab_interfaces/bin'
[6.317s] Level 1:colcon.colcon_core.environment:checking '/home/teehee/ros2_ws/src/lab_interfaces/install/lab_interfaces/lib/pkgconfig/lab_interfaces.pc'
[6.317s] Level 1:colcon.colcon_core.environment:checking '/home/teehee/ros2_ws/src/lab_interfaces/install/lab_interfaces/lib/python3.10/site-packages'
[6.317s] Level 1:colcon.colcon_core.environment:checking '/home/teehee/ros2_ws/src/lab_interfaces/install/lab_interfaces/bin'
[6.330s] INFO:colcon.colcon_core.shell:Creating package script '/home/teehee/ros2_ws/src/lab_interfaces/install/lab_interfaces/share/lab_interfaces/package.ps1'
[6.331s] INFO:colcon.colcon_core.shell:Creating package descriptor '/home/teehee/ros2_ws/src/lab_interfaces/install/lab_interfaces/share/lab_interfaces/package.dsv'
[6.331s] INFO:colcon.colcon_core.shell:Creating package script '/home/teehee/ros2_ws/src/lab_interfaces/install/lab_interfaces/share/lab_interfaces/package.sh'
[6.332s] INFO:colcon.colcon_core.shell:Creating package script '/home/teehee/ros2_ws/src/lab_interfaces/install/lab_interfaces/share/lab_interfaces/package.bash'
[6.333s] INFO:colcon.colcon_core.shell:Creating package script '/home/teehee/ros2_ws/src/lab_interfaces/install/lab_interfaces/share/lab_interfaces/package.zsh'
[6.333s] Level 1:colcon.colcon_core.environment:create_file_with_runtime_dependencies(/home/teehee/ros2_ws/src/lab_interfaces/install/lab_interfaces/share/colcon-core/packages/lab_interfaces)
[6.557s] Level 1:colcon.colcon_core.environment:create_environment_scripts_only(lab_interfaces)
[6.568s] Level 1:colcon.colcon_core.environment:checking '/home/teehee/ros2_ws/src/lab_interfaces/install/lab_interfaces' for CMake module files
[6.569s] Level 1:colcon.colcon_core.environment:checking '/home/teehee/ros2_ws/src/lab_interfaces/install/lab_interfaces' for CMake config files
[6.570s] Level 1:colcon.colcon_core.shell:create_environment_hook('lab_interfaces', 'cmake_prefix_path')
[6.582s] INFO:colcon.colcon_core.shell:Creating environment hook '/home/teehee/ros2_ws/src/lab_interfaces/install/lab_interfaces/share/lab_interfaces/hook/cmake_prefix_path.ps1'
[6.583s] INFO:colcon.colcon_core.shell:Creating environment descriptor '/home/teehee/ros2_ws/src/lab_interfaces/install/lab_interfaces/share/lab_interfaces/hook/cmake_prefix_path.dsv'
[6.583s] INFO:colcon.colcon_core.shell:Creating environment hook '/home/teehee/ros2_ws/src/lab_interfaces/install/lab_interfaces/share/lab_interfaces/hook/cmake_prefix_path.sh'
[6.584s] Level 1:colcon.colcon_core.environment:checking '/home/teehee/ros2_ws/src/lab_interfaces/install/lab_interfaces/lib'
[6.584s] Level 1:colcon.colcon_core.shell:create_environment_hook('lab_interfaces', 'ld_library_path_lib')
[6.596s] INFO:colcon.colcon_core.shell:Creating environment hook '/home/teehee/ros2_ws/src/lab_interfaces/install/lab_interfaces/share/lab_interfaces/hook/ld_library_path_lib.ps1'
[6.597s] INFO:colcon.colcon_core.shell:Creating environment descriptor '/home/teehee/ros2_ws/src/lab_interfaces/install/lab_interfaces/share/lab_interfaces/hook/ld_library_path_lib.dsv'
[6.598s] INFO:colcon.colcon_core.shell:Creating environment hook '/home/teehee/ros2_ws/src/lab_interfaces/install/lab_interfaces/share/lab_interfaces/hook/ld_library_path_lib.sh'
[6.598s] Level 1:colcon.colcon_core.environment:checking '/home/teehee/ros2_ws/src/lab_interfaces/install/lab_interfaces/bin'
[6.598s] Level 1:colcon.colcon_core.environment:checking '/home/teehee/ros2_ws/src/lab_interfaces/install/lab_interfaces/lib/pkgconfig/lab_interfaces.pc'
[6.599s] Level 1:colcon.colcon_core.environment:checking '/home/teehee/ros2_ws/src/lab_interfaces/install/lab_interfaces/lib/python3.10/site-packages'
[6.599s] Level 1:colcon.colcon_core.environment:checking '/home/teehee/ros2_ws/src/lab_interfaces/install/lab_interfaces/bin'
[6.613s] INFO:colcon.colcon_core.shell:Creating package script '/home/teehee/ros2_ws/src/lab_interfaces/install/lab_interfaces/share/lab_interfaces/package.ps1'
[6.614s] INFO:colcon.colcon_core.shell:Creating package descriptor '/home/teehee/ros2_ws/src/lab_interfaces/install/lab_interfaces/share/lab_interfaces/package.dsv'
[6.615s] INFO:colcon.colcon_core.shell:Creating package script '/home/teehee/ros2_ws/src/lab_interfaces/install/lab_interfaces/share/lab_interfaces/package.sh'
[6.615s] INFO:colcon.colcon_core.shell:Creating package script '/home/teehee/ros2_ws/src/lab_interfaces/install/lab_interfaces/share/lab_interfaces/package.bash'
[6.616s] INFO:colcon.colcon_core.shell:Creating package script '/home/teehee/ros2_ws/src/lab_interfaces/install/lab_interfaces/share/lab_interfaces/package.zsh'
[6.616s] Level 1:colcon.colcon_core.environment:create_file_with_runtime_dependencies(/home/teehee/ros2_ws/src/lab_interfaces/install/lab_interfaces/share/colcon-core/packages/lab_interfaces)
[6.617s] DEBUG:colcon.colcon_parallel_executor.executor.parallel:closing loop
[6.618s] DEBUG:colcon.colcon_parallel_executor.executor.parallel:loop closed
[6.618s] DEBUG:colcon.colcon_parallel_executor.executor.parallel:run_until_complete finished with '0'
[6.618s] DEBUG:colcon.colcon_core.event_reactor:joining thread
[6.636s] INFO:colcon.colcon_core.plugin_system:Skipping extension 'colcon_notification.desktop_notification.terminal_notifier': Not used on non-Darwin systems
[6.636s] INFO:colcon.colcon_core.plugin_system:Skipping extension 'colcon_notification.desktop_notification.win32': Not used on non-Windows systems
[6.636s] INFO:colcon.colcon_notification.desktop_notification:Sending desktop notification using 'notify2'
[6.660s] DEBUG:colcon.colcon_core.event_reactor:joined thread
[6.672s] INFO:colcon.colcon_core.shell:Creating prefix script '/home/teehee/ros2_ws/src/lab_interfaces/install/local_setup.ps1'
[6.674s] INFO:colcon.colcon_core.shell:Creating prefix util module '/home/teehee/ros2_ws/src/lab_interfaces/install/_local_setup_util_ps1.py'
[6.675s] INFO:colcon.colcon_core.shell:Creating prefix chain script '/home/teehee/ros2_ws/src/lab_interfaces/install/setup.ps1'
[6.702s] INFO:colcon.colcon_core.shell:Creating prefix script '/home/teehee/ros2_ws/src/lab_interfaces/install/local_setup.sh'
[6.703s] INFO:colcon.colcon_core.shell:Creating prefix util module '/home/teehee/ros2_ws/src/lab_interfaces/install/_local_setup_util_sh.py'
[6.704s] INFO:colcon.colcon_core.shell:Creating prefix chain script '/home/teehee/ros2_ws/src/lab_interfaces/install/setup.sh'
[6.720s] INFO:colcon.colcon_core.shell:Creating prefix script '/home/teehee/ros2_ws/src/lab_interfaces/install/local_setup.bash'
[6.721s] INFO:colcon.colcon_core.shell:Creating prefix chain script '/home/teehee/ros2_ws/src/lab_interfaces/install/setup.bash'
[6.735s] INFO:colcon.colcon_core.shell:Creating prefix script '/home/teehee/ros2_ws/src/lab_interfaces/install/local_setup.zsh'
[6.736s] INFO:colcon.colcon_core.shell:Creating prefix chain script '/home/teehee/ros2_ws/src/lab_interfaces/install/setup.zsh'
