[0.571s] Invoking command in '/home/teehee/ros2_ws/build/labs_pkg': PYTHONPATH=/home/teehee/ros2_ws/build/labs_pkg/prefix_override:/home/teehee/ros2_ws/install/labs_pkg/lib/python3.10/site-packages:${PYTHONPATH} /usr/bin/python3 setup.py develop --editable --build-directory /home/teehee/ros2_ws/build/labs_pkg/build --no-deps install_data
[0.795s] running develop
[0.795s] /usr/lib/python3/dist-packages/setuptools/command/easy_install.py:158: EasyInstallDeprecationWarning: easy_install command is deprecated. Use build and pip and other standards-based tools.
[0.795s]   warnings.warn(
[0.797s] /usr/lib/python3/dist-packages/setuptools/command/install.py:34: SetuptoolsDeprecationWarning: setup.py install is deprecated. Use build and pip and other standards-based tools.
[0.797s]   warnings.warn(
[0.916s] running egg_info
[0.916s] writing labs_pkg.egg-info/PKG-INFO
[0.918s] writing dependency_links to labs_pkg.egg-info/dependency_links.txt
[0.918s] writing entry points to labs_pkg.egg-info/entry_points.txt
[0.918s] writing requirements to labs_pkg.egg-info/requires.txt
[0.918s] writing top-level names to labs_pkg.egg-info/top_level.txt
[0.919s] reading manifest file 'labs_pkg.egg-info/SOURCES.txt'
[0.920s] writing manifest file 'labs_pkg.egg-info/SOURCES.txt'
[0.921s] running build_ext
[0.922s] Creating /home/teehee/ros2_ws/install/labs_pkg/lib/python3.10/site-packages/labs-pkg.egg-link (link to .)
[0.922s] Installing cumulative_adder script to /home/teehee/ros2_ws/install/labs_pkg/lib/labs_pkg
[0.923s] Installing integer_publisher script to /home/teehee/ros2_ws/install/labs_pkg/lib/labs_pkg
[0.923s] 
[0.923s] Installed /home/teehee/ros2_ws/build/labs_pkg
[0.923s] running install_data
[0.979s] Invoked command in '/home/teehee/ros2_ws/build/labs_pkg' returned '0': PYTHONPATH=/home/teehee/ros2_ws/build/labs_pkg/prefix_override:/home/teehee/ros2_ws/install/labs_pkg/lib/python3.10/site-packages:${PYTHONPATH} /usr/bin/python3 setup.py develop --editable --build-directory /home/teehee/ros2_ws/build/labs_pkg/build --no-deps install_data
