[0.524s] Invoking command in '/home/teehee/ros2_ws/build/labs_pkg': PYTHONPATH=/home/teehee/ros2_ws/build/labs_pkg/prefix_override:/home/teehee/ros2_ws/install/labs_pkg/lib/python3.10/site-packages:${PYTHONPATH} /usr/bin/python3 setup.py develop --editable --build-directory /home/teehee/ros2_ws/build/labs_pkg/build --no-deps install_data
[0.757s] running develop
[0.757s] /usr/lib/python3/dist-packages/setuptools/command/easy_install.py:158: EasyInstallDeprecationWarning: easy_install command is deprecated. Use build and pip and other standards-based tools.
[0.757s]   warnings.warn(
[0.761s] /usr/lib/python3/dist-packages/setuptools/command/install.py:34: SetuptoolsDeprecationWarning: setup.py install is deprecated. Use build and pip and other standards-based tools.
[0.762s]   warnings.warn(
[0.892s] running egg_info
[0.892s] writing labs_pkg.egg-info/PKG-INFO
[0.892s] writing dependency_links to labs_pkg.egg-info/dependency_links.txt
[0.892s] writing entry points to labs_pkg.egg-info/entry_points.txt
[0.892s] writing requirements to labs_pkg.egg-info/requires.txt
[0.892s] writing top-level names to labs_pkg.egg-info/top_level.txt
[0.894s] reading manifest file 'labs_pkg.egg-info/SOURCES.txt'
[0.895s] writing manifest file 'labs_pkg.egg-info/SOURCES.txt'
[0.896s] running build_ext
[0.897s] Creating /home/teehee/ros2_ws/install/labs_pkg/lib/python3.10/site-packages/labs-pkg.egg-link (link to .)
[0.897s] Installing my_talker script to /home/teehee/ros2_ws/install/labs_pkg/lib/labs_pkg
[0.898s] 
[0.898s] Installed /home/teehee/ros2_ws/build/labs_pkg
[0.898s] running install_data
[0.929s] Invoked command in '/home/teehee/ros2_ws/build/labs_pkg' returned '0': PYTHONPATH=/home/teehee/ros2_ws/build/labs_pkg/prefix_override:/home/teehee/ros2_ws/install/labs_pkg/lib/python3.10/site-packages:${PYTHONPATH} /usr/bin/python3 setup.py develop --editable --build-directory /home/teehee/ros2_ws/build/labs_pkg/build --no-deps install_data
