[0.009s] Invoking command in '/home/teehee/followTheLeader/build/action_interfaces': CMAKE_PREFIX_PATH=${CMAKE_PREFIX_PATH}:/home/teehee/ros2_ws/install/tf2_pkg:/home/teehee/ros2_ws/install/pylab_exam1:/home/teehee/ros2_ws/install/pylab05:/home/teehee/ros2_ws/install/pylab04:/home/teehee/ros2_ws/install/labs_pkg:/home/teehee/ros2_ws/install/labex6:/home/teehee/ros2_ws/install/lab_exam2_pkg:/home/teehee/ros2_ws/install/example_pkg:/opt/ros/humble /usr/bin/cmake /home/teehee/followTheLeader/action_interfaces -DAMENT_CMAKE_SYMLINK_INSTALL=1 -DCMAKE_INSTALL_PREFIX=/home/teehee/followTheLeader/install/action_interfaces
[0.141s] -- The C compiler identification is GNU 11.4.0
[0.251s] -- The CXX compiler identification is GNU 11.4.0
[0.263s] -- Detecting C compiler ABI info
[0.317s] -- Detecting C compiler ABI info - done
[0.321s] -- Check for working C compiler: /usr/bin/cc - skipped
[0.321s] -- Detecting C compile features
[0.322s] -- Detecting C compile features - done
[0.326s] -- Detecting CXX compiler ABI info
[0.389s] -- Detecting CXX compiler ABI info - done
[0.393s] -- Check for working CXX compiler: /usr/bin/c++ - skipped
[0.393s] -- Detecting CXX compile features
[0.393s] -- Detecting CXX compile features - done
[0.403s] -- Found ament_cmake: 1.3.8 (/opt/ros/humble/share/ament_cmake/cmake)
[0.511s] -- Found Python3: /usr/bin/python3 (found version "3.10.12") found components: Interpreter 
[0.560s] -- Override CMake install command with custom implementation using symlinks instead of copying resources
[0.604s] -- Found ament_lint_auto: 0.12.10 (/opt/ros/humble/share/ament_lint_auto/cmake)
[0.666s] -- Found rosidl_default_generators: 1.2.0 (/opt/ros/humble/share/rosidl_default_generators/cmake)
[0.672s] -- Using all available rosidl_typesupport_c: rosidl_typesupport_fastrtps_c;rosidl_typesupport_introspection_c
[0.682s] -- Found rosidl_adapter: 3.1.5 (/opt/ros/humble/share/rosidl_adapter/cmake)
[0.739s] -- Using all available rosidl_typesupport_cpp: rosidl_typesupport_fastrtps_cpp;rosidl_typesupport_introspection_cpp
[0.987s] -- Found ament_cmake_ros: 0.10.0 (/opt/ros/humble/share/ament_cmake_ros/cmake)
[1.120s] -- Using all available rosidl_typesupport_c: rosidl_typesupport_fastrtps_c;rosidl_typesupport_introspection_c
[1.281s] -- Using all available rosidl_typesupport_cpp: rosidl_typesupport_fastrtps_cpp;rosidl_typesupport_introspection_cpp
[1.298s] -- Found PythonInterp: /usr/bin/python3 (found suitable version "3.10.12", minimum required is "3.6") 
[1.300s] -- Found python_cmake_module: 0.10.0 (/opt/ros/humble/share/python_cmake_module/cmake)
[1.320s] -- Found PythonLibs: /usr/lib/x86_64-linux-gnu/libpython3.10.so (found suitable version "3.10.12", minimum required is "3.5") 
[1.321s] -- Using PYTHON_EXECUTABLE: /usr/bin/python3
[1.321s] -- Using PYTHON_INCLUDE_DIRS: /usr/include/python3.10
[1.321s] -- Using PYTHON_LIBRARIES: /usr/lib/x86_64-linux-gnu/libpython3.10.so
[1.335s] -- Found PythonExtra: .so  
[1.374s] -- Added test 'lint_cmake' to check CMake code style
[1.376s] -- Added test 'xmllint' to check XML markup files
[1.385s] -- Configuring done
[1.401s] -- Generating done
[1.402s] -- Build files have been written to: /home/teehee/followTheLeader/build/action_interfaces
[1.409s] Invoked command in '/home/teehee/followTheLeader/build/action_interfaces' returned '0': CMAKE_PREFIX_PATH=${CMAKE_PREFIX_PATH}:/home/teehee/ros2_ws/install/tf2_pkg:/home/teehee/ros2_ws/install/pylab_exam1:/home/teehee/ros2_ws/install/pylab05:/home/teehee/ros2_ws/install/pylab04:/home/teehee/ros2_ws/install/labs_pkg:/home/teehee/ros2_ws/install/labex6:/home/teehee/ros2_ws/install/lab_exam2_pkg:/home/teehee/ros2_ws/install/example_pkg:/opt/ros/humble /usr/bin/cmake /home/teehee/followTheLeader/action_interfaces -DAMENT_CMAKE_SYMLINK_INSTALL=1 -DCMAKE_INSTALL_PREFIX=/home/teehee/followTheLeader/install/action_interfaces
[1.409s] Invoking command in '/home/teehee/followTheLeader/build/action_interfaces': CMAKE_PREFIX_PATH=${CMAKE_PREFIX_PATH}:/home/teehee/ros2_ws/install/tf2_pkg:/home/teehee/ros2_ws/install/pylab_exam1:/home/teehee/ros2_ws/install/pylab05:/home/teehee/ros2_ws/install/pylab04:/home/teehee/ros2_ws/install/labs_pkg:/home/teehee/ros2_ws/install/labex6:/home/teehee/ros2_ws/install/lab_exam2_pkg:/home/teehee/ros2_ws/install/example_pkg:/opt/ros/humble /usr/bin/cmake --build /home/teehee/followTheLeader/build/action_interfaces -- -j8 -l8
[1.437s] [  3%] [34m[1mGenerating C code for ROS interfaces[0m
[1.450s] [  6%] [34m[1mGenerating C++ code for ROS interfaces[0m
[1.456s] [  6%] Built target ament_cmake_python_symlink_action_interfaces
[1.591s] running egg_info
[1.591s] creating action_interfaces.egg-info
[1.591s] writing action_interfaces.egg-info/PKG-INFO
[1.592s] writing dependency_links to action_interfaces.egg-info/dependency_links.txt
[1.592s] writing top-level names to action_interfaces.egg-info/top_level.txt
[1.592s] writing manifest file 'action_interfaces.egg-info/SOURCES.txt'
[1.594s] reading manifest file 'action_interfaces.egg-info/SOURCES.txt'
[1.594s] writing manifest file 'action_interfaces.egg-info/SOURCES.txt'
[1.609s] [  6%] Built target ament_cmake_python_build_action_interfaces_egg
[1.665s] [  9%] [32mBuilding C object CMakeFiles/action_interfaces__rosidl_generator_c.dir/rosidl_generator_c/action_interfaces/action/detail/maze__functions.c.o[0m
[1.665s] [  9%] Built target action_interfaces__cpp
[1.673s] [ 12%] [34m[1mGenerating C++ type support dispatch for ROS interfaces[0m
[1.673s] [ 16%] [34m[1mGenerating C++ type support for eProsima Fast-RTPS[0m
[1.676s] [ 19%] [34m[1mGenerating C++ introspection for ROS interfaces[0m
[1.778s] [ 22%] [32m[1mLinking C shared library libaction_interfaces__rosidl_generator_c.so[0m
[1.806s] [ 22%] Built target action_interfaces__rosidl_generator_c
[1.815s] [ 25%] [34m[1mGenerating C type support for eProsima Fast-RTPS[0m
[1.815s] [ 29%] [34m[1mGenerating C introspection for ROS interfaces[0m
[1.815s] [ 32%] [34m[1mGenerating C type support dispatch for ROS interfaces[0m
[1.821s] [ 35%] [32mBuilding CXX object CMakeFiles/action_interfaces__rosidl_typesupport_cpp.dir/rosidl_typesupport_cpp/action_interfaces/action/maze__type_support.cpp.o[0m
[1.871s] [ 38%] [32mBuilding CXX object CMakeFiles/action_interfaces__rosidl_typesupport_introspection_cpp.dir/rosidl_typesupport_introspection_cpp/action_interfaces/action/detail/maze__type_support.cpp.o[0m
[1.890s] [ 41%] [32mBuilding CXX object CMakeFiles/action_interfaces__rosidl_typesupport_fastrtps_cpp.dir/rosidl_typesupport_fastrtps_cpp/action_interfaces/action/detail/dds_fastrtps/maze__type_support.cpp.o[0m
[1.989s] [ 45%] [32mBuilding CXX object CMakeFiles/action_interfaces__rosidl_typesupport_c.dir/rosidl_typesupport_c/action_interfaces/action/maze__type_support.cpp.o[0m
[2.029s] [ 48%] [32mBuilding C object CMakeFiles/action_interfaces__rosidl_typesupport_introspection_c.dir/rosidl_typesupport_introspection_c/action_interfaces/action/detail/maze__type_support.c.o[0m
[2.033s] [ 51%] [32m[1mLinking CXX shared library libaction_interfaces__rosidl_typesupport_c.so[0m
[2.035s] [ 54%] [32mBuilding CXX object CMakeFiles/action_interfaces__rosidl_typesupport_fastrtps_c.dir/rosidl_typesupport_fastrtps_c/action_interfaces/action/detail/maze__type_support_c.cpp.o[0m
[2.061s] [ 54%] Built target action_interfaces__rosidl_typesupport_c
[2.066s] [ 58%] [32m[1mLinking C shared library libaction_interfaces__rosidl_typesupport_introspection_c.so[0m
[2.094s] [ 58%] Built target action_interfaces__rosidl_typesupport_introspection_c
[2.160s] [ 61%] [32m[1mLinking CXX shared library libaction_interfaces__rosidl_typesupport_cpp.so[0m
[2.186s] [ 61%] Built target action_interfaces__rosidl_typesupport_cpp
[2.214s] [ 64%] [32m[1mLinking CXX shared library libaction_interfaces__rosidl_typesupport_introspection_cpp.so[0m
[2.232s] [ 67%] [32m[1mLinking CXX shared library libaction_interfaces__rosidl_typesupport_fastrtps_cpp.so[0m
[2.238s] [ 70%] [32m[1mLinking CXX shared library libaction_interfaces__rosidl_typesupport_fastrtps_c.so[0m
[2.265s] [ 70%] Built target action_interfaces__rosidl_typesupport_introspection_cpp
[2.286s] [ 70%] Built target action_interfaces__rosidl_typesupport_fastrtps_cpp
[2.286s] [ 70%] Built target action_interfaces__rosidl_typesupport_fastrtps_c
[2.302s] [ 70%] Built target action_interfaces
[2.317s] [ 74%] [34m[1mGenerating Python code for ROS interfaces[0m
[2.671s] [ 74%] Built target action_interfaces__py
[2.686s] [ 77%] [32mBuilding C object CMakeFiles/action_interfaces__rosidl_generator_py.dir/rosidl_generator_py/action_interfaces/action/_maze_s.c.o[0m
[2.823s] [ 80%] [32m[1mLinking C shared library rosidl_generator_py/action_interfaces/libaction_interfaces__rosidl_generator_py.so[0m
[2.852s] [ 80%] Built target action_interfaces__rosidl_generator_py
[2.872s] [ 83%] [32mBuilding C object CMakeFiles/action_interfaces__rosidl_typesupport_introspection_c__pyext.dir/rosidl_generator_py/action_interfaces/_action_interfaces_s.ep.rosidl_typesupport_introspection_c.c.o[0m
[2.876s] [ 87%] [32mBuilding C object CMakeFiles/action_interfaces__rosidl_typesupport_fastrtps_c__pyext.dir/rosidl_generator_py/action_interfaces/_action_interfaces_s.ep.rosidl_typesupport_fastrtps_c.c.o[0m
[2.877s] [ 90%] [32mBuilding C object CMakeFiles/action_interfaces__rosidl_typesupport_c__pyext.dir/rosidl_generator_py/action_interfaces/_action_interfaces_s.ep.rosidl_typesupport_c.c.o[0m
[2.933s] [ 93%] [32m[1mLinking C shared library rosidl_generator_py/action_interfaces/action_interfaces_s__rosidl_typesupport_introspection_c.cpython-310-x86_64-linux-gnu.so[0m
[2.938s] [ 96%] [32m[1mLinking C shared library rosidl_generator_py/action_interfaces/action_interfaces_s__rosidl_typesupport_c.cpython-310-x86_64-linux-gnu.so[0m
[2.938s] [100%] [32m[1mLinking C shared library rosidl_generator_py/action_interfaces/action_interfaces_s__rosidl_typesupport_fastrtps_c.cpython-310-x86_64-linux-gnu.so[0m
[2.960s] [100%] Built target action_interfaces__rosidl_typesupport_introspection_c__pyext
[2.964s] [100%] Built target action_interfaces__rosidl_typesupport_c__pyext
[2.965s] [100%] Built target action_interfaces__rosidl_typesupport_fastrtps_c__pyext
[2.977s] Invoked command in '/home/teehee/followTheLeader/build/action_interfaces' returned '0': CMAKE_PREFIX_PATH=${CMAKE_PREFIX_PATH}:/home/teehee/ros2_ws/install/tf2_pkg:/home/teehee/ros2_ws/install/pylab_exam1:/home/teehee/ros2_ws/install/pylab05:/home/teehee/ros2_ws/install/pylab04:/home/teehee/ros2_ws/install/labs_pkg:/home/teehee/ros2_ws/install/labex6:/home/teehee/ros2_ws/install/lab_exam2_pkg:/home/teehee/ros2_ws/install/example_pkg:/opt/ros/humble /usr/bin/cmake --build /home/teehee/followTheLeader/build/action_interfaces -- -j8 -l8
[3.079s] Invoking command in '/home/teehee/followTheLeader/build/action_interfaces': CMAKE_PREFIX_PATH=${CMAKE_PREFIX_PATH}:/home/teehee/ros2_ws/install/tf2_pkg:/home/teehee/ros2_ws/install/pylab_exam1:/home/teehee/ros2_ws/install/pylab05:/home/teehee/ros2_ws/install/pylab04:/home/teehee/ros2_ws/install/labs_pkg:/home/teehee/ros2_ws/install/labex6:/home/teehee/ros2_ws/install/lab_exam2_pkg:/home/teehee/ros2_ws/install/example_pkg:/opt/ros/humble /usr/bin/cmake --install /home/teehee/followTheLeader/build/action_interfaces
[3.084s] -- Install configuration: ""
[3.085s] -- Execute custom install script
[3.085s] -- Symlinking: /home/teehee/followTheLeader/install/action_interfaces/share/ament_index/resource_index/rosidl_interfaces/action_interfaces
[3.091s] -- Symlinking: /home/teehee/followTheLeader/install/action_interfaces/include/action_interfaces/action_interfaces/action/detail/maze__functions.h
[3.096s] -- Symlinking: /home/teehee/followTheLeader/install/action_interfaces/include/action_interfaces/action_interfaces/action/detail/maze__struct.h
[3.102s] -- Symlinking: /home/teehee/followTheLeader/install/action_interfaces/include/action_interfaces/action_interfaces/action/detail/maze__type_support.h
[3.107s] -- Symlinking: /home/teehee/followTheLeader/install/action_interfaces/include/action_interfaces/action_interfaces/action/maze.h
[3.113s] -- Symlinking: /home/teehee/followTheLeader/install/action_interfaces/include/action_interfaces/action_interfaces/msg/rosidl_generator_c__visibility_control.h
[3.119s] -- Symlinking: /home/teehee/followTheLeader/install/action_interfaces/share/action_interfaces/environment/library_path.sh
[3.124s] -- Symlinking: /home/teehee/followTheLeader/install/action_interfaces/share/action_interfaces/environment/library_path.dsv
[3.130s] -- Symlinking: /home/teehee/followTheLeader/install/action_interfaces/include/action_interfaces/action_interfaces/action/detail/maze__rosidl_typesupport_fastrtps_c.h
[3.136s] -- Symlinking: /home/teehee/followTheLeader/install/action_interfaces/include/action_interfaces/action_interfaces/msg/rosidl_typesupport_fastrtps_c__visibility_control.h
[3.142s] -- Symlinking: /home/teehee/followTheLeader/install/action_interfaces/include/action_interfaces/action_interfaces/action/detail/maze__rosidl_typesupport_introspection_c.h
[3.148s] -- Symlinking: /home/teehee/followTheLeader/install/action_interfaces/include/action_interfaces/action_interfaces/msg/rosidl_typesupport_introspection_c__visibility_control.h
[3.153s] -- Symlinking: /home/teehee/followTheLeader/install/action_interfaces/include/action_interfaces/action_interfaces/action/detail/maze__builder.hpp
[3.159s] -- Symlinking: /home/teehee/followTheLeader/install/action_interfaces/include/action_interfaces/action_interfaces/action/detail/maze__struct.hpp
[3.169s] -- Symlinking: /home/teehee/followTheLeader/install/action_interfaces/include/action_interfaces/action_interfaces/action/detail/maze__traits.hpp
[3.175s] -- Symlinking: /home/teehee/followTheLeader/install/action_interfaces/include/action_interfaces/action_interfaces/action/maze.hpp
[3.181s] -- Symlinking: /home/teehee/followTheLeader/install/action_interfaces/include/action_interfaces/action_interfaces/action/detail/maze__rosidl_typesupport_fastrtps_cpp.hpp
[3.187s] -- Symlinking: /home/teehee/followTheLeader/install/action_interfaces/include/action_interfaces/action_interfaces/msg/rosidl_typesupport_fastrtps_cpp__visibility_control.h
[3.192s] -- Symlinking: /home/teehee/followTheLeader/install/action_interfaces/include/action_interfaces/action_interfaces/action/detail/maze__rosidl_typesupport_introspection_cpp.hpp
[3.198s] -- Symlinking: /home/teehee/followTheLeader/install/action_interfaces/share/action_interfaces/environment/pythonpath.sh
[3.203s] -- Symlinking: /home/teehee/followTheLeader/install/action_interfaces/share/action_interfaces/environment/pythonpath.dsv
[3.209s] -- Symlinking: /home/teehee/followTheLeader/install/action_interfaces/local/lib/python3.10/dist-packages/action_interfaces-0.0.0-py3.10.egg-info/PKG-INFO
[3.215s] -- Symlinking: /home/teehee/followTheLeader/install/action_interfaces/local/lib/python3.10/dist-packages/action_interfaces-0.0.0-py3.10.egg-info/SOURCES.txt
[3.220s] -- Symlinking: /home/teehee/followTheLeader/install/action_interfaces/local/lib/python3.10/dist-packages/action_interfaces-0.0.0-py3.10.egg-info/dependency_links.txt
[3.225s] -- Symlinking: /home/teehee/followTheLeader/install/action_interfaces/local/lib/python3.10/dist-packages/action_interfaces-0.0.0-py3.10.egg-info/top_level.txt
[3.231s] -- Symlinking: /home/teehee/followTheLeader/install/action_interfaces/local/lib/python3.10/dist-packages/action_interfaces/__init__.py
[3.237s] -- Symlinking: /home/teehee/followTheLeader/install/action_interfaces/local/lib/python3.10/dist-packages/action_interfaces/_action_interfaces_s.ep.rosidl_typesupport_c.c
[3.242s] -- Symlinking: /home/teehee/followTheLeader/install/action_interfaces/local/lib/python3.10/dist-packages/action_interfaces/_action_interfaces_s.ep.rosidl_typesupport_fastrtps_c.c
[3.248s] -- Symlinking: /home/teehee/followTheLeader/install/action_interfaces/local/lib/python3.10/dist-packages/action_interfaces/_action_interfaces_s.ep.rosidl_typesupport_introspection_c.c
[3.253s] -- Symlinking: /home/teehee/followTheLeader/install/action_interfaces/local/lib/python3.10/dist-packages/action_interfaces/action/__init__.py
[3.262s] -- Symlinking: /home/teehee/followTheLeader/install/action_interfaces/local/lib/python3.10/dist-packages/action_interfaces/action/_maze.py
[3.268s] -- Symlinking: /home/teehee/followTheLeader/install/action_interfaces/local/lib/python3.10/dist-packages/action_interfaces/action/_maze_s.c
[3.274s] -- Symlinking: /home/teehee/followTheLeader/install/action_interfaces/local/lib/python3.10/dist-packages/action_interfaces/action_interfaces_s__rosidl_typesupport_c.cpython-310-x86_64-linux-gnu.so
[3.281s] -- Symlinking: /home/teehee/followTheLeader/install/action_interfaces/local/lib/python3.10/dist-packages/action_interfaces/action_interfaces_s__rosidl_typesupport_fastrtps_c.cpython-310-x86_64-linux-gnu.so
[3.286s] -- Symlinking: /home/teehee/followTheLeader/install/action_interfaces/local/lib/python3.10/dist-packages/action_interfaces/action_interfaces_s__rosidl_typesupport_introspection_c.cpython-310-x86_64-linux-gnu.so
[3.293s] -- Symlinking: /home/teehee/followTheLeader/install/action_interfaces/local/lib/python3.10/dist-packages/action_interfaces/libaction_interfaces__rosidl_generator_py.so
[3.298s] -- Up-to-date symlink: /home/teehee/followTheLeader/install/action_interfaces/local/lib/python3.10/dist-packages/action_interfaces/action_interfaces_s__rosidl_typesupport_fastrtps_c.cpython-310-x86_64-linux-gnu.so
[3.298s] -- Up-to-date symlink: /home/teehee/followTheLeader/install/action_interfaces/local/lib/python3.10/dist-packages/action_interfaces/action_interfaces_s__rosidl_typesupport_introspection_c.cpython-310-x86_64-linux-gnu.so
[3.299s] -- Up-to-date symlink: /home/teehee/followTheLeader/install/action_interfaces/local/lib/python3.10/dist-packages/action_interfaces/action_interfaces_s__rosidl_typesupport_c.cpython-310-x86_64-linux-gnu.so
[3.299s] -- Symlinking: /home/teehee/followTheLeader/install/action_interfaces/share/action_interfaces/action/Maze.idl
[3.304s] -- Symlinking: /home/teehee/followTheLeader/install/action_interfaces/share/action_interfaces/action/Maze.action
[3.310s] -- Symlinking: /home/teehee/followTheLeader/install/action_interfaces/share/ament_index/resource_index/package_run_dependencies/action_interfaces
[3.316s] -- Symlinking: /home/teehee/followTheLeader/install/action_interfaces/share/ament_index/resource_index/parent_prefix_path/action_interfaces
[3.321s] -- Symlinking: /home/teehee/followTheLeader/install/action_interfaces/share/action_interfaces/environment/ament_prefix_path.sh
[3.327s] -- Symlinking: /home/teehee/followTheLeader/install/action_interfaces/share/action_interfaces/environment/ament_prefix_path.dsv
[3.333s] -- Symlinking: /home/teehee/followTheLeader/install/action_interfaces/share/action_interfaces/environment/path.sh
[3.339s] -- Symlinking: /home/teehee/followTheLeader/install/action_interfaces/share/action_interfaces/environment/path.dsv
[3.345s] -- Symlinking: /home/teehee/followTheLeader/install/action_interfaces/share/action_interfaces/local_setup.bash
[3.350s] -- Symlinking: /home/teehee/followTheLeader/install/action_interfaces/share/action_interfaces/local_setup.sh
[3.356s] -- Symlinking: /home/teehee/followTheLeader/install/action_interfaces/share/action_interfaces/local_setup.zsh
[3.361s] -- Symlinking: /home/teehee/followTheLeader/install/action_interfaces/share/action_interfaces/local_setup.dsv
[3.370s] -- Symlinking: /home/teehee/followTheLeader/install/action_interfaces/share/action_interfaces/package.dsv
[3.376s] -- Symlinking: /home/teehee/followTheLeader/install/action_interfaces/share/ament_index/resource_index/packages/action_interfaces
[3.382s] -- Symlinking: /home/teehee/followTheLeader/install/action_interfaces/share/action_interfaces/cmake/rosidl_cmake-extras.cmake
[3.388s] -- Symlinking: /home/teehee/followTheLeader/install/action_interfaces/share/action_interfaces/cmake/ament_cmake_export_dependencies-extras.cmake
[3.393s] -- Symlinking: /home/teehee/followTheLeader/install/action_interfaces/share/action_interfaces/cmake/ament_cmake_export_include_directories-extras.cmake
[3.399s] -- Symlinking: /home/teehee/followTheLeader/install/action_interfaces/share/action_interfaces/cmake/ament_cmake_export_libraries-extras.cmake
[3.408s] -- Symlinking: /home/teehee/followTheLeader/install/action_interfaces/share/action_interfaces/cmake/ament_cmake_export_targets-extras.cmake
[3.414s] -- Symlinking: /home/teehee/followTheLeader/install/action_interfaces/share/action_interfaces/cmake/rosidl_cmake_export_typesupport_targets-extras.cmake
[3.420s] -- Symlinking: /home/teehee/followTheLeader/install/action_interfaces/share/action_interfaces/cmake/rosidl_cmake_export_typesupport_libraries-extras.cmake
[3.426s] -- Symlinking: /home/teehee/followTheLeader/install/action_interfaces/share/action_interfaces/cmake/action_interfacesConfig.cmake
[3.432s] -- Symlinking: /home/teehee/followTheLeader/install/action_interfaces/share/action_interfaces/cmake/action_interfacesConfig-version.cmake
[3.438s] -- Symlinking: /home/teehee/followTheLeader/install/action_interfaces/share/action_interfaces/package.xml
[3.443s] -- Installing: /home/teehee/followTheLeader/install/action_interfaces/lib/libaction_interfaces__rosidl_generator_c.so
[3.444s] -- Set runtime path of "/home/teehee/followTheLeader/install/action_interfaces/lib/libaction_interfaces__rosidl_generator_c.so" to ""
[3.444s] -- Installing: /home/teehee/followTheLeader/install/action_interfaces/lib/libaction_interfaces__rosidl_typesupport_fastrtps_c.so
[3.444s] -- Set runtime path of "/home/teehee/followTheLeader/install/action_interfaces/lib/libaction_interfaces__rosidl_typesupport_fastrtps_c.so" to ""
[3.444s] -- Installing: /home/teehee/followTheLeader/install/action_interfaces/lib/libaction_interfaces__rosidl_typesupport_introspection_c.so
[3.444s] -- Set runtime path of "/home/teehee/followTheLeader/install/action_interfaces/lib/libaction_interfaces__rosidl_typesupport_introspection_c.so" to ""
[3.444s] -- Installing: /home/teehee/followTheLeader/install/action_interfaces/lib/libaction_interfaces__rosidl_typesupport_c.so
[3.444s] -- Set runtime path of "/home/teehee/followTheLeader/install/action_interfaces/lib/libaction_interfaces__rosidl_typesupport_c.so" to ""
[3.444s] -- Installing: /home/teehee/followTheLeader/install/action_interfaces/lib/libaction_interfaces__rosidl_typesupport_fastrtps_cpp.so
[3.445s] -- Set runtime path of "/home/teehee/followTheLeader/install/action_interfaces/lib/libaction_interfaces__rosidl_typesupport_fastrtps_cpp.so" to ""
[3.445s] -- Installing: /home/teehee/followTheLeader/install/action_interfaces/lib/libaction_interfaces__rosidl_typesupport_introspection_cpp.so
[3.445s] -- Set runtime path of "/home/teehee/followTheLeader/install/action_interfaces/lib/libaction_interfaces__rosidl_typesupport_introspection_cpp.so" to ""
[3.445s] -- Installing: /home/teehee/followTheLeader/install/action_interfaces/lib/libaction_interfaces__rosidl_typesupport_cpp.so
[3.445s] -- Set runtime path of "/home/teehee/followTheLeader/install/action_interfaces/lib/libaction_interfaces__rosidl_typesupport_cpp.so" to ""
[3.470s] Listing '/home/teehee/followTheLeader/install/action_interfaces/local/lib/python3.10/dist-packages/action_interfaces'...
[3.470s] Compiling '/home/teehee/followTheLeader/install/action_interfaces/local/lib/python3.10/dist-packages/action_interfaces/__init__.py'...
[3.470s] Listing '/home/teehee/followTheLeader/install/action_interfaces/local/lib/python3.10/dist-packages/action_interfaces/action'...
[3.470s] Compiling '/home/teehee/followTheLeader/install/action_interfaces/local/lib/python3.10/dist-packages/action_interfaces/action/__init__.py'...
[3.470s] Compiling '/home/teehee/followTheLeader/install/action_interfaces/local/lib/python3.10/dist-packages/action_interfaces/action/_maze.py'...
[3.473s] -- Installing: /home/teehee/followTheLeader/install/action_interfaces/lib/libaction_interfaces__rosidl_generator_py.so
[3.473s] -- Set runtime path of "/home/teehee/followTheLeader/install/action_interfaces/lib/libaction_interfaces__rosidl_generator_py.so" to ""
[3.473s] -- Installing: /home/teehee/followTheLeader/install/action_interfaces/share/action_interfaces/cmake/export_action_interfaces__rosidl_generator_cExport.cmake
[3.473s] -- Installing: /home/teehee/followTheLeader/install/action_interfaces/share/action_interfaces/cmake/export_action_interfaces__rosidl_generator_cExport-noconfig.cmake
[3.473s] -- Installing: /home/teehee/followTheLeader/install/action_interfaces/share/action_interfaces/cmake/export_action_interfaces__rosidl_typesupport_fastrtps_cExport.cmake
[3.473s] -- Installing: /home/teehee/followTheLeader/install/action_interfaces/share/action_interfaces/cmake/export_action_interfaces__rosidl_typesupport_fastrtps_cExport-noconfig.cmake
[3.473s] -- Installing: /home/teehee/followTheLeader/install/action_interfaces/share/action_interfaces/cmake/action_interfaces__rosidl_typesupport_introspection_cExport.cmake
[3.474s] -- Installing: /home/teehee/followTheLeader/install/action_interfaces/share/action_interfaces/cmake/action_interfaces__rosidl_typesupport_introspection_cExport-noconfig.cmake
[3.474s] -- Installing: /home/teehee/followTheLeader/install/action_interfaces/share/action_interfaces/cmake/action_interfaces__rosidl_typesupport_cExport.cmake
[3.474s] -- Installing: /home/teehee/followTheLeader/install/action_interfaces/share/action_interfaces/cmake/action_interfaces__rosidl_typesupport_cExport-noconfig.cmake
[3.474s] -- Installing: /home/teehee/followTheLeader/install/action_interfaces/share/action_interfaces/cmake/export_action_interfaces__rosidl_generator_cppExport.cmake
[3.474s] -- Installing: /home/teehee/followTheLeader/install/action_interfaces/share/action_interfaces/cmake/export_action_interfaces__rosidl_typesupport_fastrtps_cppExport.cmake
[3.474s] -- Installing: /home/teehee/followTheLeader/install/action_interfaces/share/action_interfaces/cmake/export_action_interfaces__rosidl_typesupport_fastrtps_cppExport-noconfig.cmake
[3.474s] -- Installing: /home/teehee/followTheLeader/install/action_interfaces/share/action_interfaces/cmake/action_interfaces__rosidl_typesupport_introspection_cppExport.cmake
[3.474s] -- Installing: /home/teehee/followTheLeader/install/action_interfaces/share/action_interfaces/cmake/action_interfaces__rosidl_typesupport_introspection_cppExport-noconfig.cmake
[3.474s] -- Installing: /home/teehee/followTheLeader/install/action_interfaces/share/action_interfaces/cmake/action_interfaces__rosidl_typesupport_cppExport.cmake
[3.474s] -- Installing: /home/teehee/followTheLeader/install/action_interfaces/share/action_interfaces/cmake/action_interfaces__rosidl_typesupport_cppExport-noconfig.cmake
[3.475s] -- Installing: /home/teehee/followTheLeader/install/action_interfaces/share/action_interfaces/cmake/export_action_interfaces__rosidl_generator_pyExport.cmake
[3.475s] -- Installing: /home/teehee/followTheLeader/install/action_interfaces/share/action_interfaces/cmake/export_action_interfaces__rosidl_generator_pyExport-noconfig.cmake
[3.477s] Invoked command in '/home/teehee/followTheLeader/build/action_interfaces' returned '0': CMAKE_PREFIX_PATH=${CMAKE_PREFIX_PATH}:/home/teehee/ros2_ws/install/tf2_pkg:/home/teehee/ros2_ws/install/pylab_exam1:/home/teehee/ros2_ws/install/pylab05:/home/teehee/ros2_ws/install/pylab04:/home/teehee/ros2_ws/install/labs_pkg:/home/teehee/ros2_ws/install/labex6:/home/teehee/ros2_ws/install/lab_exam2_pkg:/home/teehee/ros2_ws/install/example_pkg:/opt/ros/humble /usr/bin/cmake --install /home/teehee/followTheLeader/build/action_interfaces
