running develop
running egg_info
writing labs_pkg.egg-info/PKG-INFO
writing dependency_links to labs_pkg.egg-info/dependency_links.txt
writing entry points to labs_pkg.egg-info/entry_points.txt
writing requirements to labs_pkg.egg-info/requires.txt
writing top-level names to labs_pkg.egg-info/top_level.txt
reading manifest file 'labs_pkg.egg-info/SOURCES.txt'
writing manifest file 'labs_pkg.egg-info/SOURCES.txt'
running build_ext
Creating /home/teehee/ros2_ws/install/labs_pkg/lib/python3.10/site-packages/labs-pkg.egg-link (link to .)
Installing control_turtle script to /home/teehee/ros2_ws/install/labs_pkg/lib/labs_pkg
Installing cumulative_adder script to /home/teehee/ros2_ws/install/labs_pkg/lib/labs_pkg
Installing integer_publisher script to /home/teehee/ros2_ws/install/labs_pkg/lib/labs_pkg
Installing my_listener script to /home/teehee/ros2_ws/install/labs_pkg/lib/labs_pkg
Installing my_talker script to /home/teehee/ros2_ws/install/labs_pkg/lib/labs_pkg
Installing turtlesim_move script to /home/teehee/ros2_ws/install/labs_pkg/lib/labs_pkg
Installing wall_dist_measurement script to /home/teehee/ros2_ws/install/labs_pkg/lib/labs_pkg

Installed /home/teehee/ros2_ws/build/labs_pkg
running install_data
copying package.xml -> /home/teehee/ros2_ws/install/labs_pkg/share/labs_pkg
