[0.714s] Invoking command in '/home/teehee/ros2_ws/build/tf2_pkg': PYTHONPATH=/home/teehee/ros2_ws/build/tf2_pkg/prefix_override:/home/teehee/ros2_ws/install/tf2_pkg/lib/python3.10/site-packages:${PYTHONPATH} /usr/bin/python3 setup.py develop --editable --build-directory /home/teehee/ros2_ws/build/tf2_pkg/build --no-deps install_data
[0.934s] running develop
[0.938s] /usr/lib/python3/dist-packages/setuptools/command/easy_install.py:158: EasyInstallDeprecationWarning: easy_install command is deprecated. Use build and pip and other standards-based tools.
[0.939s]   warnings.warn(
[0.941s] /usr/lib/python3/dist-packages/setuptools/command/install.py:34: SetuptoolsDeprecationWarning: setup.py install is deprecated. Use build and pip and other standards-based tools.
[0.941s]   warnings.warn(
[1.072s] running egg_info
[1.072s] creating tf2_pkg.egg-info
[1.073s] writing tf2_pkg.egg-info/PKG-INFO
[1.073s] writing dependency_links to tf2_pkg.egg-info/dependency_links.txt
[1.073s] writing entry points to tf2_pkg.egg-info/entry_points.txt
[1.073s] writing requirements to tf2_pkg.egg-info/requires.txt
[1.073s] writing top-level names to tf2_pkg.egg-info/top_level.txt
[1.073s] writing manifest file 'tf2_pkg.egg-info/SOURCES.txt'
[1.075s] reading manifest file 'tf2_pkg.egg-info/SOURCES.txt'
[1.075s] writing manifest file 'tf2_pkg.egg-info/SOURCES.txt'
[1.077s] running build_ext
[1.078s] Creating /home/teehee/ros2_ws/install/tf2_pkg/lib/python3.10/site-packages/tf2-pkg.egg-link (link to .)
[1.078s] Installing control_turtle script to /home/teehee/ros2_ws/install/tf2_pkg/lib/tf2_pkg
[1.078s] Installing spawn_turtles script to /home/teehee/ros2_ws/install/tf2_pkg/lib/tf2_pkg
[1.079s] Installing tf_broadcaster1 script to /home/teehee/ros2_ws/install/tf2_pkg/lib/tf2_pkg
[1.079s] Installing tf_broadcaster2 script to /home/teehee/ros2_ws/install/tf2_pkg/lib/tf2_pkg
[1.079s] Installing tf_broadcaster3 script to /home/teehee/ros2_ws/install/tf2_pkg/lib/tf2_pkg
[1.079s] Installing tf_broadcaster4 script to /home/teehee/ros2_ws/install/tf2_pkg/lib/tf2_pkg
[1.079s] Installing tf_broadcaster_ex14 script to /home/teehee/ros2_ws/install/tf2_pkg/lib/tf2_pkg
[1.079s] Installing tf_listener script to /home/teehee/ros2_ws/install/tf2_pkg/lib/tf2_pkg
[1.079s] Installing tf_listener1 script to /home/teehee/ros2_ws/install/tf2_pkg/lib/tf2_pkg
[1.079s] Installing tf_listener2 script to /home/teehee/ros2_ws/install/tf2_pkg/lib/tf2_pkg
[1.079s] Installing transform_point script to /home/teehee/ros2_ws/install/tf2_pkg/lib/tf2_pkg
[1.079s] Installing turtle_monitor script to /home/teehee/ros2_ws/install/tf2_pkg/lib/tf2_pkg
[1.080s] 
[1.080s] Installed /home/teehee/ros2_ws/build/tf2_pkg
[1.080s] running install_data
[1.080s] creating /home/teehee/ros2_ws/install/tf2_pkg/share/ament_index
[1.080s] creating /home/teehee/ros2_ws/install/tf2_pkg/share/ament_index/resource_index
[1.080s] creating /home/teehee/ros2_ws/install/tf2_pkg/share/ament_index/resource_index/packages
[1.080s] copying resource/tf2_pkg -> /home/teehee/ros2_ws/install/tf2_pkg/share/ament_index/resource_index/packages
[1.080s] copying package.xml -> /home/teehee/ros2_ws/install/tf2_pkg/share/tf2_pkg
[1.109s] Invoked command in '/home/teehee/ros2_ws/build/tf2_pkg' returned '0': PYTHONPATH=/home/teehee/ros2_ws/build/tf2_pkg/prefix_override:/home/teehee/ros2_ws/install/tf2_pkg/lib/python3.10/site-packages:${PYTHONPATH} /usr/bin/python3 setup.py develop --editable --build-directory /home/teehee/ros2_ws/build/tf2_pkg/build --no-deps install_data
