running egg_info
writing ../../build/labs_pkg/labs_pkg.egg-info/PKG-INFO
writing dependency_links to ../../build/labs_pkg/labs_pkg.egg-info/dependency_links.txt
writing entry points to ../../build/labs_pkg/labs_pkg.egg-info/entry_points.txt
writing requirements to ../../build/labs_pkg/labs_pkg.egg-info/requires.txt
writing top-level names to ../../build/labs_pkg/labs_pkg.egg-info/top_level.txt
reading manifest file '../../build/labs_pkg/labs_pkg.egg-info/SOURCES.txt'
writing manifest file '../../build/labs_pkg/labs_pkg.egg-info/SOURCES.txt'
running build
running build_py
running install
running install_lib
running install_data
running install_egg_info
removing '/home/teehee/ros2_ws/install/labs_pkg/lib/python3.10/site-packages/labs_pkg-0.0.0-py3.10.egg-info' (and everything under it)
Copying ../../build/labs_pkg/labs_pkg.egg-info to /home/teehee/ros2_ws/install/labs_pkg/lib/python3.10/site-packages/labs_pkg-0.0.0-py3.10.egg-info
running install_scripts
Installing add2ints_client script to /home/teehee/ros2_ws/install/labs_pkg/lib/labs_pkg
Installing add2ints_client_no_oop script to /home/teehee/ros2_ws/install/labs_pkg/lib/labs_pkg
Installing add2ints_server script to /home/teehee/ros2_ws/install/labs_pkg/lib/labs_pkg
Installing array_adder script to /home/teehee/ros2_ws/install/labs_pkg/lib/labs_pkg
Installing control_turtle script to /home/teehee/ros2_ws/install/labs_pkg/lib/labs_pkg
Installing cumulative_adder script to /home/teehee/ros2_ws/install/labs_pkg/lib/labs_pkg
Installing integer_array_publisher script to /home/teehee/ros2_ws/install/labs_pkg/lib/labs_pkg
Installing integer_publisher script to /home/teehee/ros2_ws/install/labs_pkg/lib/labs_pkg
Installing my_listener script to /home/teehee/ros2_ws/install/labs_pkg/lib/labs_pkg
Installing my_talker script to /home/teehee/ros2_ws/install/labs_pkg/lib/labs_pkg
Installing spawn_turtles script to /home/teehee/ros2_ws/install/labs_pkg/lib/labs_pkg
Installing tb4_circles script to /home/teehee/ros2_ws/install/labs_pkg/lib/labs_pkg
Installing tb4_stop_at_wall script to /home/teehee/ros2_ws/install/labs_pkg/lib/labs_pkg
Installing turtle_monitor script to /home/teehee/ros2_ws/install/labs_pkg/lib/labs_pkg
Installing turtlesim_circles script to /home/teehee/ros2_ws/install/labs_pkg/lib/labs_pkg
Installing turtlesim_drivesquare script to /home/teehee/ros2_ws/install/labs_pkg/lib/labs_pkg
Installing turtlesim_move script to /home/teehee/ros2_ws/install/labs_pkg/lib/labs_pkg
Installing turtlesim_odom script to /home/teehee/ros2_ws/install/labs_pkg/lib/labs_pkg
Installing turtlesim_scan script to /home/teehee/ros2_ws/install/labs_pkg/lib/labs_pkg
Installing turtlesim_stop_at_wall script to /home/teehee/ros2_ws/install/labs_pkg/lib/labs_pkg
Installing wall_dist_measurement script to /home/teehee/ros2_ws/install/labs_pkg/lib/labs_pkg
Installing wall_dist_measurement_server script to /home/teehee/ros2_ws/install/labs_pkg/lib/labs_pkg
Installing wall_dist_statistics script to /home/teehee/ros2_ws/install/labs_pkg/lib/labs_pkg
Installing wall_dist_statistics_client script to /home/teehee/ros2_ws/install/labs_pkg/lib/labs_pkg
writing list of installed files to '/home/teehee/ros2_ws/build/labs_pkg/install.log'
