[0.235s] Invoking command in '/home/teehee/ros2_ws/build/exercise_3_4': CMAKE_PREFIX_PATH=${CMAKE_PREFIX_PATH}:/home/teehee/ros2_ws/install/tf2_pkg:/home/teehee/ros2_ws/install/labs_pkg:/home/teehee/ros2_ws/install/labex6:/home/teehee/ros2_ws/install/lab_exam2_pkg:/home/teehee/ros2_ws/install/example_pkg:/opt/ros/humble /usr/bin/cmake /home/teehee/ros2_ws/src/exercise_3_4 -DAMENT_CMAKE_SYMLINK_INSTALL=1 -DCMAKE_INSTALL_PREFIX=/home/teehee/ros2_ws/install/exercise_3_4
[0.755s] -- The C compiler identification is GNU 11.4.0
[1.221s] -- The CXX compiler identification is GNU 11.4.0
[1.279s] -- Detecting C compiler ABI info
[1.579s] -- Detecting C compiler ABI info - done
[1.595s] -- Check for working C compiler: /usr/bin/cc - skipped
[1.598s] -- Detecting C compile features
[1.615s] -- Detecting C compile features - done
[1.630s] -- Detecting CXX compiler ABI info
[1.906s] -- Detecting CXX compiler ABI info - done
[1.928s] -- Check for working CXX compiler: /usr/bin/c++ - skipped
[1.928s] -- Detecting CXX compile features
[1.929s] -- Detecting CXX compile features - done
[1.984s] -- Found ament_cmake: 1.3.7 (/opt/ros/humble/share/ament_cmake/cmake)
[2.586s] -- Found Python3: /usr/bin/python3.10 (found version "3.10.12") found components: Interpreter 
[2.845s] -- Override CMake install command with custom implementation using symlinks instead of copying resources
[3.161s] -- Found ament_lint_auto: 0.12.10 (/opt/ros/humble/share/ament_lint_auto/cmake)
[3.524s] -- Added test 'lint_cmake' to check CMake code style
[3.534s] -- Added test 'xmllint' to check XML markup files
[3.547s] -- Configuring done
[3.562s] -- Generating done
[3.564s] -- Build files have been written to: /home/teehee/ros2_ws/build/exercise_3_4
[3.577s] Invoked command in '/home/teehee/ros2_ws/build/exercise_3_4' returned '0': CMAKE_PREFIX_PATH=${CMAKE_PREFIX_PATH}:/home/teehee/ros2_ws/install/tf2_pkg:/home/teehee/ros2_ws/install/labs_pkg:/home/teehee/ros2_ws/install/labex6:/home/teehee/ros2_ws/install/lab_exam2_pkg:/home/teehee/ros2_ws/install/example_pkg:/opt/ros/humble /usr/bin/cmake /home/teehee/ros2_ws/src/exercise_3_4 -DAMENT_CMAKE_SYMLINK_INSTALL=1 -DCMAKE_INSTALL_PREFIX=/home/teehee/ros2_ws/install/exercise_3_4
[3.584s] Invoking command in '/home/teehee/ros2_ws/build/exercise_3_4': CMAKE_PREFIX_PATH=${CMAKE_PREFIX_PATH}:/home/teehee/ros2_ws/install/tf2_pkg:/home/teehee/ros2_ws/install/labs_pkg:/home/teehee/ros2_ws/install/labex6:/home/teehee/ros2_ws/install/lab_exam2_pkg:/home/teehee/ros2_ws/install/example_pkg:/opt/ros/humble /usr/bin/cmake --build /home/teehee/ros2_ws/build/exercise_3_4 -- -j4 -l4
[3.700s] Invoked command in '/home/teehee/ros2_ws/build/exercise_3_4' returned '0': CMAKE_PREFIX_PATH=${CMAKE_PREFIX_PATH}:/home/teehee/ros2_ws/install/tf2_pkg:/home/teehee/ros2_ws/install/labs_pkg:/home/teehee/ros2_ws/install/labex6:/home/teehee/ros2_ws/install/lab_exam2_pkg:/home/teehee/ros2_ws/install/example_pkg:/opt/ros/humble /usr/bin/cmake --build /home/teehee/ros2_ws/build/exercise_3_4 -- -j4 -l4
[3.822s] Invoking command in '/home/teehee/ros2_ws/build/exercise_3_4': CMAKE_PREFIX_PATH=${CMAKE_PREFIX_PATH}:/home/teehee/ros2_ws/install/tf2_pkg:/home/teehee/ros2_ws/install/labs_pkg:/home/teehee/ros2_ws/install/labex6:/home/teehee/ros2_ws/install/lab_exam2_pkg:/home/teehee/ros2_ws/install/example_pkg:/opt/ros/humble /usr/bin/cmake --install /home/teehee/ros2_ws/build/exercise_3_4
[3.847s] -- Install configuration: ""
[3.849s] -- Execute custom install script
[3.850s] -- Symlinking: /home/teehee/ros2_ws/install/exercise_3_4/share/ament_index/resource_index/package_run_dependencies/exercise_3_4
[3.881s] -- Symlinking: /home/teehee/ros2_ws/install/exercise_3_4/share/ament_index/resource_index/parent_prefix_path/exercise_3_4
[3.914s] -- Symlinking: /home/teehee/ros2_ws/install/exercise_3_4/share/exercise_3_4/environment/ament_prefix_path.sh
[3.948s] -- Symlinking: /home/teehee/ros2_ws/install/exercise_3_4/share/exercise_3_4/environment/ament_prefix_path.dsv
[3.966s] -- Symlinking: /home/teehee/ros2_ws/install/exercise_3_4/share/exercise_3_4/environment/path.sh
[3.995s] -- Symlinking: /home/teehee/ros2_ws/install/exercise_3_4/share/exercise_3_4/environment/path.dsv
[4.025s] -- Symlinking: /home/teehee/ros2_ws/install/exercise_3_4/share/exercise_3_4/local_setup.bash
[4.053s] -- Symlinking: /home/teehee/ros2_ws/install/exercise_3_4/share/exercise_3_4/local_setup.sh
[4.084s] -- Symlinking: /home/teehee/ros2_ws/install/exercise_3_4/share/exercise_3_4/local_setup.zsh
[4.116s] -- Symlinking: /home/teehee/ros2_ws/install/exercise_3_4/share/exercise_3_4/local_setup.dsv
[4.143s] -- Symlinking: /home/teehee/ros2_ws/install/exercise_3_4/share/exercise_3_4/package.dsv
[4.172s] -- Symlinking: /home/teehee/ros2_ws/install/exercise_3_4/share/ament_index/resource_index/packages/exercise_3_4
[4.203s] -- Symlinking: /home/teehee/ros2_ws/install/exercise_3_4/share/exercise_3_4/cmake/exercise_3_4Config.cmake
[4.233s] -- Symlinking: /home/teehee/ros2_ws/install/exercise_3_4/share/exercise_3_4/cmake/exercise_3_4Config-version.cmake
[4.257s] -- Symlinking: /home/teehee/ros2_ws/install/exercise_3_4/share/exercise_3_4/package.xml
[4.286s] -- Symlinking: /home/teehee/ros2_ws/install/exercise_3_4/share/exercise_3_4/description/bridges.yaml
[4.318s] -- Symlinking: /home/teehee/ros2_ws/install/exercise_3_4/share/exercise_3_4/description/castle.sdf
[4.349s] -- Symlinking: /home/teehee/ros2_ws/install/exercise_3_4/share/exercise_3_4/description/castle.urdf
[4.383s] -- Symlinking: /home/teehee/ros2_ws/install/exercise_3_4/share/exercise_3_4/description/castle.urdf.xacro
[4.415s] -- Symlinking: /home/teehee/ros2_ws/install/exercise_3_4/share/exercise_3_4/description/castle_core.xacro
[4.442s] -- Symlinking: /home/teehee/ros2_ws/install/exercise_3_4/share/exercise_3_4/description/colours.xacro
[4.474s] -- Symlinking: /home/teehee/ros2_ws/install/exercise_3_4/share/exercise_3_4/description/gazebo.xacro
[4.504s] -- Symlinking: /home/teehee/ros2_ws/install/exercise_3_4/share/exercise_3_4/description/inertial.xacro
[4.532s] -- Symlinking: /home/teehee/ros2_ws/install/exercise_3_4/share/exercise_3_4/description/robot.sdf
[4.563s] -- Symlinking: /home/teehee/ros2_ws/install/exercise_3_4/share/exercise_3_4/description/robot.urdf
[4.591s] -- Symlinking: /home/teehee/ros2_ws/install/exercise_3_4/share/exercise_3_4/description/robot.urdf.xacro
[4.620s] -- Symlinking: /home/teehee/ros2_ws/install/exercise_3_4/share/exercise_3_4/description/robot_core.xacro
[4.658s] -- Symlinking: /home/teehee/ros2_ws/install/exercise_3_4/share/exercise_3_4/worlds/world.sdf
[4.690s] Invoked command in '/home/teehee/ros2_ws/build/exercise_3_4' returned '0': CMAKE_PREFIX_PATH=${CMAKE_PREFIX_PATH}:/home/teehee/ros2_ws/install/tf2_pkg:/home/teehee/ros2_ws/install/labs_pkg:/home/teehee/ros2_ws/install/labex6:/home/teehee/ros2_ws/install/lab_exam2_pkg:/home/teehee/ros2_ws/install/example_pkg:/opt/ros/humble /usr/bin/cmake --install /home/teehee/ros2_ws/build/exercise_3_4
