[0.071s] Invoking command in '/home/teehee/ros2_ws/build/robot1': CMAKE_PREFIX_PATH=${CMAKE_PREFIX_PATH}:/home/teehee/ros2_ws/install/tf2_pkg:/home/teehee/ros2_ws/install/labs_pkg:/home/teehee/ros2_ws/install/labex6:/home/teehee/ros2_ws/install/lab_exam2_pkg:/home/teehee/ros2_ws/install/example_pkg:/opt/ros/humble /usr/bin/cmake /home/teehee/ros2_ws/src/robot1 -DAMENT_CMAKE_SYMLINK_INSTALL=1 -DCMAKE_INSTALL_PREFIX=/home/teehee/ros2_ws/install/robot1
[0.126s] -- Found ament_cmake: 1.3.7 (/opt/ros/humble/share/ament_cmake/cmake)
[0.283s] -- Override CMake install command with custom implementation using symlinks instead of copying resources
[0.317s] -- Found ament_lint_auto: 0.12.10 (/opt/ros/humble/share/ament_lint_auto/cmake)
[0.395s] -- Added test 'flake8' to check Python code syntax and style conventions
[0.396s] -- Added test 'lint_cmake' to check CMake code style
[0.396s] -- Added test 'pep257' to check Python code against some of the docstring style conventions in PEP 257
[0.398s] -- Added test 'xmllint' to check XML markup files
[0.400s] -- Configuring done
[0.407s] -- Generating done
[0.408s] -- Build files have been written to: /home/teehee/ros2_ws/build/robot1
[0.410s] Invoked command in '/home/teehee/ros2_ws/build/robot1' returned '0': CMAKE_PREFIX_PATH=${CMAKE_PREFIX_PATH}:/home/teehee/ros2_ws/install/tf2_pkg:/home/teehee/ros2_ws/install/labs_pkg:/home/teehee/ros2_ws/install/labex6:/home/teehee/ros2_ws/install/lab_exam2_pkg:/home/teehee/ros2_ws/install/example_pkg:/opt/ros/humble /usr/bin/cmake /home/teehee/ros2_ws/src/robot1 -DAMENT_CMAKE_SYMLINK_INSTALL=1 -DCMAKE_INSTALL_PREFIX=/home/teehee/ros2_ws/install/robot1
[0.418s] Invoking command in '/home/teehee/ros2_ws/build/robot1': CMAKE_PREFIX_PATH=${CMAKE_PREFIX_PATH}:/home/teehee/ros2_ws/install/tf2_pkg:/home/teehee/ros2_ws/install/labs_pkg:/home/teehee/ros2_ws/install/labex6:/home/teehee/ros2_ws/install/lab_exam2_pkg:/home/teehee/ros2_ws/install/example_pkg:/opt/ros/humble /usr/bin/cmake --build /home/teehee/ros2_ws/build/robot1 -- -j4 -l4
[0.462s] Invoked command in '/home/teehee/ros2_ws/build/robot1' returned '0': CMAKE_PREFIX_PATH=${CMAKE_PREFIX_PATH}:/home/teehee/ros2_ws/install/tf2_pkg:/home/teehee/ros2_ws/install/labs_pkg:/home/teehee/ros2_ws/install/labex6:/home/teehee/ros2_ws/install/lab_exam2_pkg:/home/teehee/ros2_ws/install/example_pkg:/opt/ros/humble /usr/bin/cmake --build /home/teehee/ros2_ws/build/robot1 -- -j4 -l4
[0.500s] Invoking command in '/home/teehee/ros2_ws/build/robot1': CMAKE_PREFIX_PATH=${CMAKE_PREFIX_PATH}:/home/teehee/ros2_ws/install/tf2_pkg:/home/teehee/ros2_ws/install/labs_pkg:/home/teehee/ros2_ws/install/labex6:/home/teehee/ros2_ws/install/lab_exam2_pkg:/home/teehee/ros2_ws/install/example_pkg:/opt/ros/humble /usr/bin/cmake --install /home/teehee/ros2_ws/build/robot1
[0.506s] -- Install configuration: ""
[0.507s] -- Execute custom install script
[0.507s] -- Up-to-date symlink: /home/teehee/ros2_ws/install/robot1/share/robot1/description/colors.xacro
[0.507s] -- Symlinking: /home/teehee/ros2_ws/install/robot1/share/robot1/description/gazebo.xacro
[0.515s] -- Up-to-date symlink: /home/teehee/ros2_ws/install/robot1/share/robot1/description/inertial.xacro
[0.515s] -- Symlinking: /home/teehee/ros2_ws/install/robot1/share/robot1/description/robot.sdf
[0.550s] -- Symlinking: /home/teehee/ros2_ws/install/robot1/share/robot1/description/robot.urdf
[0.557s] -- Up-to-date symlink: /home/teehee/ros2_ws/install/robot1/share/robot1/description/robot.urdf.xacro
[0.557s] -- Up-to-date symlink: /home/teehee/ros2_ws/install/robot1/share/robot1/description/robot_core.xacro
[0.557s] -- Up-to-date symlink: /home/teehee/ros2_ws/install/robot1/share/robot1/launch/rsp.launch.py
[0.557s] -- Symlinking: /home/teehee/ros2_ws/install/robot1/share/robot1/worlds/bridges.yaml
[0.563s] -- Symlinking: /home/teehee/ros2_ws/install/robot1/share/robot1/worlds/castle.urdf
[0.569s] -- Symlinking: /home/teehee/ros2_ws/install/robot1/share/robot1/worlds/my_world.sdf
[0.577s] -- Symlinking: /home/teehee/ros2_ws/install/robot1/share/robot1/worlds/robot.urdf
[0.592s] -- Up-to-date symlink: /home/teehee/ros2_ws/install/robot1/share/ament_index/resource_index/package_run_dependencies/robot1
[0.598s] -- Up-to-date symlink: /home/teehee/ros2_ws/install/robot1/share/ament_index/resource_index/parent_prefix_path/robot1
[0.598s] -- Up-to-date symlink: /home/teehee/ros2_ws/install/robot1/share/robot1/environment/ament_prefix_path.sh
[0.598s] -- Up-to-date symlink: /home/teehee/ros2_ws/install/robot1/share/robot1/environment/ament_prefix_path.dsv
[0.599s] -- Up-to-date symlink: /home/teehee/ros2_ws/install/robot1/share/robot1/environment/path.sh
[0.599s] -- Up-to-date symlink: /home/teehee/ros2_ws/install/robot1/share/robot1/environment/path.dsv
[0.599s] -- Up-to-date symlink: /home/teehee/ros2_ws/install/robot1/share/robot1/local_setup.bash
[0.599s] -- Up-to-date symlink: /home/teehee/ros2_ws/install/robot1/share/robot1/local_setup.sh
[0.599s] -- Up-to-date symlink: /home/teehee/ros2_ws/install/robot1/share/robot1/local_setup.zsh
[0.599s] -- Up-to-date symlink: /home/teehee/ros2_ws/install/robot1/share/robot1/local_setup.dsv
[0.599s] -- Symlinking: /home/teehee/ros2_ws/install/robot1/share/robot1/package.dsv
[0.608s] -- Up-to-date symlink: /home/teehee/ros2_ws/install/robot1/share/ament_index/resource_index/packages/robot1
[0.608s] -- Up-to-date symlink: /home/teehee/ros2_ws/install/robot1/share/robot1/cmake/robot1Config.cmake
[0.608s] -- Up-to-date symlink: /home/teehee/ros2_ws/install/robot1/share/robot1/cmake/robot1Config-version.cmake
[0.608s] -- Up-to-date symlink: /home/teehee/ros2_ws/install/robot1/share/robot1/package.xml
[0.623s] Invoked command in '/home/teehee/ros2_ws/build/robot1' returned '0': CMAKE_PREFIX_PATH=${CMAKE_PREFIX_PATH}:/home/teehee/ros2_ws/install/tf2_pkg:/home/teehee/ros2_ws/install/labs_pkg:/home/teehee/ros2_ws/install/labex6:/home/teehee/ros2_ws/install/lab_exam2_pkg:/home/teehee/ros2_ws/install/example_pkg:/opt/ros/humble /usr/bin/cmake --install /home/teehee/ros2_ws/build/robot1
