[0.488s] DEBUG:colcon:Command line arguments: ['/usr/bin/colcon', 'list', '-p', '--base-paths', '/home/rgz834/engr-ece/lab_05']
[0.488s] DEBUG:colcon:Parsed command line arguments: Namespace(log_base=None, log_level=None, verb_name='list', build_base='build', ignore_user_meta=False, metas=['./colcon.meta'], base_paths=['/home/rgz834/engr-ece/lab_05'], packages_ignore=None, packages_ignore_regex=None, paths=None, packages_up_to=None, packages_up_to_regex=None, packages_above=None, packages_above_and_dependencies=None, packages_above_depth=None, packages_select_by_dep=None, packages_skip_by_dep=None, packages_skip_up_to=None, packages_select_build_failed=False, packages_skip_build_finished=False, packages_select_test_failures=False, packages_skip_test_passed=False, packages_select=None, packages_skip=None, packages_select_regex=None, packages_skip_regex=None, packages_start=None, packages_end=None, allow_overriding=[], topological_order=False, names_only=False, paths_only=True, topological_graph=False, topological_graph_dot=False, topological_graph_density=False, topological_graph_legend=False, topological_graph_dot_cluster=False, topological_graph_dot_include_skipped=False, verb_parser=<colcon_defaults.argument_parser.defaults.DefaultArgumentsDecorator object at 0x7f63432ac0d0>, verb_extension=<colcon_package_information.verb.list.ListVerb object at 0x7f63434c5d50>, main=<bound method ListVerb.main of <colcon_package_information.verb.list.ListVerb object at 0x7f63434c5d50>>)
[0.536s] Level 1:colcon.colcon_core.package_discovery:discover_packages(colcon_meta) check parameters
[0.536s] Level 1:colcon.colcon_core.package_discovery:discover_packages(recursive) check parameters
[0.536s] Level 1:colcon.colcon_core.package_discovery:discover_packages(ignore) check parameters
[0.536s] Level 1:colcon.colcon_core.package_discovery:discover_packages(path) check parameters
[0.536s] Level 1:colcon.colcon_core.package_discovery:discover_packages(recursive) discover
[0.536s] INFO:colcon.colcon_core.package_discovery:Crawling recursively for packages in '/home/rgz834/engr-ece/lab_05'
[0.537s] Level 1:colcon.colcon_core.package_identification:_identify(/home/rgz834/engr-ece/lab_05) by extensions ['ignore', 'ignore_ament_install']
[0.537s] Level 1:colcon.colcon_core.package_identification:_identify(/home/rgz834/engr-ece/lab_05) by extension 'ignore'
[0.537s] Level 1:colcon.colcon_core.package_identification:_identify(/home/rgz834/engr-ece/lab_05) by extension 'ignore_ament_install'
[0.537s] Level 1:colcon.colcon_core.package_identification:_identify(/home/rgz834/engr-ece/lab_05) by extensions ['colcon_pkg']
[0.537s] Level 1:colcon.colcon_core.package_identification:_identify(/home/rgz834/engr-ece/lab_05) by extension 'colcon_pkg'
[0.537s] Level 1:colcon.colcon_core.package_identification:_identify(/home/rgz834/engr-ece/lab_05) by extensions ['colcon_meta']
[0.537s] Level 1:colcon.colcon_core.package_identification:_identify(/home/rgz834/engr-ece/lab_05) by extension 'colcon_meta'
[0.537s] Level 1:colcon.colcon_core.package_identification:_identify(/home/rgz834/engr-ece/lab_05) by extensions ['ros']
[0.537s] Level 1:colcon.colcon_core.package_identification:_identify(/home/rgz834/engr-ece/lab_05) by extension 'ros'
[0.551s] Level 1:colcon.colcon_core.package_identification:_identify(/home/rgz834/engr-ece/lab_05) by extensions ['cmake', 'python']
[0.551s] Level 1:colcon.colcon_core.package_identification:_identify(/home/rgz834/engr-ece/lab_05) by extension 'cmake'
[0.551s] Level 1:colcon.colcon_core.package_identification:_identify(/home/rgz834/engr-ece/lab_05) by extension 'python'
[0.551s] Level 1:colcon.colcon_core.package_identification:_identify(/home/rgz834/engr-ece/lab_05) by extensions ['python_setup_py']
[0.551s] Level 1:colcon.colcon_core.package_identification:_identify(/home/rgz834/engr-ece/lab_05) by extension 'python_setup_py'
[0.554s] Level 1:colcon.colcon_core.package_identification:_identify(/home/rgz834/engr-ece/lab_05/build) by extensions ['ignore', 'ignore_ament_install']
[0.554s] Level 1:colcon.colcon_core.package_identification:_identify(/home/rgz834/engr-ece/lab_05/build) by extension 'ignore'
[0.554s] Level 1:colcon.colcon_core.package_identification:_identify(/home/rgz834/engr-ece/lab_05/build) ignored
[0.555s] Level 1:colcon.colcon_core.package_identification:_identify(/home/rgz834/engr-ece/lab_05/install) by extensions ['ignore', 'ignore_ament_install']
[0.555s] Level 1:colcon.colcon_core.package_identification:_identify(/home/rgz834/engr-ece/lab_05/install) by extension 'ignore'
[0.555s] Level 1:colcon.colcon_core.package_identification:_identify(/home/rgz834/engr-ece/lab_05/install) ignored
[0.558s] Level 1:colcon.colcon_core.package_identification:_identify(/home/rgz834/engr-ece/lab_05/log) by extensions ['ignore', 'ignore_ament_install']
[0.559s] Level 1:colcon.colcon_core.package_identification:_identify(/home/rgz834/engr-ece/lab_05/log) by extension 'ignore'
[0.559s] Level 1:colcon.colcon_core.package_identification:_identify(/home/rgz834/engr-ece/lab_05/log) ignored
[0.559s] Level 1:colcon.colcon_core.package_identification:_identify(/home/rgz834/engr-ece/lab_05/src) by extensions ['ignore', 'ignore_ament_install']
[0.559s] Level 1:colcon.colcon_core.package_identification:_identify(/home/rgz834/engr-ece/lab_05/src) by extension 'ignore'
[0.559s] Level 1:colcon.colcon_core.package_identification:_identify(/home/rgz834/engr-ece/lab_05/src) by extension 'ignore_ament_install'
[0.559s] Level 1:colcon.colcon_core.package_identification:_identify(/home/rgz834/engr-ece/lab_05/src) by extensions ['colcon_pkg']
[0.559s] Level 1:colcon.colcon_core.package_identification:_identify(/home/rgz834/engr-ece/lab_05/src) by extension 'colcon_pkg'
[0.559s] Level 1:colcon.colcon_core.package_identification:_identify(/home/rgz834/engr-ece/lab_05/src) by extensions ['colcon_meta']
[0.559s] Level 1:colcon.colcon_core.package_identification:_identify(/home/rgz834/engr-ece/lab_05/src) by extension 'colcon_meta'
[0.559s] Level 1:colcon.colcon_core.package_identification:_identify(/home/rgz834/engr-ece/lab_05/src) by extensions ['ros']
[0.559s] Level 1:colcon.colcon_core.package_identification:_identify(/home/rgz834/engr-ece/lab_05/src) by extension 'ros'
[0.559s] Level 1:colcon.colcon_core.package_identification:_identify(/home/rgz834/engr-ece/lab_05/src) by extensions ['cmake', 'python']
[0.560s] Level 1:colcon.colcon_core.package_identification:_identify(/home/rgz834/engr-ece/lab_05/src) by extension 'cmake'
[0.560s] Level 1:colcon.colcon_core.package_identification:_identify(/home/rgz834/engr-ece/lab_05/src) by extension 'python'
[0.560s] Level 1:colcon.colcon_core.package_identification:_identify(/home/rgz834/engr-ece/lab_05/src) by extensions ['python_setup_py']
[0.560s] Level 1:colcon.colcon_core.package_identification:_identify(/home/rgz834/engr-ece/lab_05/src) by extension 'python_setup_py'
[0.560s] Level 1:colcon.colcon_core.package_identification:_identify(/home/rgz834/engr-ece/lab_05/src/build) by extensions ['ignore', 'ignore_ament_install']
[0.560s] Level 1:colcon.colcon_core.package_identification:_identify(/home/rgz834/engr-ece/lab_05/src/build) by extension 'ignore'
[0.560s] Level 1:colcon.colcon_core.package_identification:_identify(/home/rgz834/engr-ece/lab_05/src/build) ignored
[0.561s] Level 1:colcon.colcon_core.package_identification:_identify(/home/rgz834/engr-ece/lab_05/src/install) by extensions ['ignore', 'ignore_ament_install']
[0.561s] Level 1:colcon.colcon_core.package_identification:_identify(/home/rgz834/engr-ece/lab_05/src/install) by extension 'ignore'
[0.561s] Level 1:colcon.colcon_core.package_identification:_identify(/home/rgz834/engr-ece/lab_05/src/install) ignored
[0.562s] Level 1:colcon.colcon_core.package_identification:_identify(/home/rgz834/engr-ece/lab_05/src/lab05_py) by extensions ['ignore', 'ignore_ament_install']
[0.562s] Level 1:colcon.colcon_core.package_identification:_identify(/home/rgz834/engr-ece/lab_05/src/lab05_py) by extension 'ignore'
[0.562s] Level 1:colcon.colcon_core.package_identification:_identify(/home/rgz834/engr-ece/lab_05/src/lab05_py) by extension 'ignore_ament_install'
[0.562s] Level 1:colcon.colcon_core.package_identification:_identify(/home/rgz834/engr-ece/lab_05/src/lab05_py) by extensions ['colcon_pkg']
[0.562s] Level 1:colcon.colcon_core.package_identification:_identify(/home/rgz834/engr-ece/lab_05/src/lab05_py) by extension 'colcon_pkg'
[0.562s] Level 1:colcon.colcon_core.package_identification:_identify(/home/rgz834/engr-ece/lab_05/src/lab05_py) by extensions ['colcon_meta']
[0.562s] Level 1:colcon.colcon_core.package_identification:_identify(/home/rgz834/engr-ece/lab_05/src/lab05_py) by extension 'colcon_meta'
[0.562s] Level 1:colcon.colcon_core.package_identification:_identify(/home/rgz834/engr-ece/lab_05/src/lab05_py) by extensions ['ros']
[0.562s] Level 1:colcon.colcon_core.package_identification:_identify(/home/rgz834/engr-ece/lab_05/src/lab05_py) by extension 'ros'
[0.566s] DEBUG:colcon.colcon_core.package_identification:Package '/home/rgz834/engr-ece/lab_05/src/lab05_py' with type 'ros.ament_python' and name 'lab05_py'
[0.567s] Level 1:colcon.colcon_core.package_identification:_identify(/home/rgz834/engr-ece/lab_05/src/lab_05) by extensions ['ignore', 'ignore_ament_install']
[0.567s] Level 1:colcon.colcon_core.package_identification:_identify(/home/rgz834/engr-ece/lab_05/src/lab_05) by extension 'ignore'
[0.567s] Level 1:colcon.colcon_core.package_identification:_identify(/home/rgz834/engr-ece/lab_05/src/lab_05) by extension 'ignore_ament_install'
[0.568s] Level 1:colcon.colcon_core.package_identification:_identify(/home/rgz834/engr-ece/lab_05/src/lab_05) by extensions ['colcon_pkg']
[0.568s] Level 1:colcon.colcon_core.package_identification:_identify(/home/rgz834/engr-ece/lab_05/src/lab_05) by extension 'colcon_pkg'
[0.568s] Level 1:colcon.colcon_core.package_identification:_identify(/home/rgz834/engr-ece/lab_05/src/lab_05) by extensions ['colcon_meta']
[0.568s] Level 1:colcon.colcon_core.package_identification:_identify(/home/rgz834/engr-ece/lab_05/src/lab_05) by extension 'colcon_meta'
[0.568s] Level 1:colcon.colcon_core.package_identification:_identify(/home/rgz834/engr-ece/lab_05/src/lab_05) by extensions ['ros']
[0.568s] Level 1:colcon.colcon_core.package_identification:_identify(/home/rgz834/engr-ece/lab_05/src/lab_05) by extension 'ros'
[0.570s] DEBUG:colcon.colcon_core.package_identification:Package '/home/rgz834/engr-ece/lab_05/src/lab_05' with type 'ros.ament_cmake' and name 'lab_05'
[0.570s] Level 1:colcon.colcon_core.package_identification:_identify(/home/rgz834/engr-ece/lab_05/src/log) by extensions ['ignore', 'ignore_ament_install']
[0.571s] Level 1:colcon.colcon_core.package_identification:_identify(/home/rgz834/engr-ece/lab_05/src/log) by extension 'ignore'
[0.571s] Level 1:colcon.colcon_core.package_identification:_identify(/home/rgz834/engr-ece/lab_05/src/log) ignored
[0.571s] Level 1:colcon.colcon_core.package_discovery:discover_packages(recursive) using defaults
