[0.357s] DEBUG:colcon:Command line arguments: ['/usr/bin/colcon', 'build', '--packages-select', 'lab05_py', '--symlink-install']
[0.358s] DEBUG:colcon:Parsed command line arguments: Namespace(log_base=None, log_level=None, verb_name='build', build_base='build', install_base='install', merge_install=False, symlink_install=True, test_result_base=None, continue_on_error=False, executor='parallel', parallel_workers=16, event_handlers=None, ignore_user_meta=False, metas=['./colcon.meta'], base_paths=['.'], packages_ignore=None, packages_ignore_regex=None, paths=None, packages_up_to=None, packages_up_to_regex=None, packages_above=None, packages_above_and_dependencies=None, packages_above_depth=None, packages_select_by_dep=None, packages_skip_by_dep=None, packages_skip_up_to=None, packages_select_build_failed=False, packages_skip_build_finished=False, packages_select_test_failures=False, packages_skip_test_passed=False, packages_select=['lab05_py'], packages_skip=None, packages_select_regex=None, packages_skip_regex=None, packages_start=None, packages_end=None, allow_overriding=[], cmake_args=None, cmake_target=None, cmake_target_skip_unavailable=False, cmake_clean_cache=False, cmake_clean_first=False, cmake_force_configure=False, ament_cmake_args=None, catkin_cmake_args=None, catkin_skip_building_tests=False, verb_parser=<colcon_defaults.argument_parser.defaults.DefaultArgumentsDecorator object at 0x7fa01169c1f0>, verb_extension=<colcon_core.verb.build.BuildVerb object at 0x7fa012050400>, main=<bound method BuildVerb.main of <colcon_core.verb.build.BuildVerb object at 0x7fa012050400>>)
[0.381s] Level 1:colcon.colcon_core.package_discovery:discover_packages(colcon_meta) check parameters
[0.381s] Level 1:colcon.colcon_core.package_discovery:discover_packages(recursive) check parameters
[0.382s] Level 1:colcon.colcon_core.package_discovery:discover_packages(ignore) check parameters
[0.382s] Level 1:colcon.colcon_core.package_discovery:discover_packages(path) check parameters
[0.382s] Level 1:colcon.colcon_core.package_discovery:discover_packages(colcon_meta) discover
[0.382s] Level 1:colcon.colcon_core.package_discovery:discover_packages(recursive) discover
[0.382s] INFO:colcon.colcon_core.package_discovery:Crawling recursively for packages in '/home/.engr-ece/rgz834/lab_05/src'
[0.383s] Level 1:colcon.colcon_core.package_identification:_identify(.) by extensions ['ignore', 'ignore_ament_install']
[0.383s] Level 1:colcon.colcon_core.package_identification:_identify(.) by extension 'ignore'
[0.383s] Level 1:colcon.colcon_core.package_identification:_identify(.) by extension 'ignore_ament_install'
[0.383s] Level 1:colcon.colcon_core.package_identification:_identify(.) by extensions ['colcon_pkg']
[0.383s] Level 1:colcon.colcon_core.package_identification:_identify(.) by extension 'colcon_pkg'
[0.384s] Level 1:colcon.colcon_core.package_identification:_identify(.) by extensions ['colcon_meta']
[0.384s] Level 1:colcon.colcon_core.package_identification:_identify(.) by extension 'colcon_meta'
[0.384s] Level 1:colcon.colcon_core.package_identification:_identify(.) by extensions ['ros']
[0.384s] Level 1:colcon.colcon_core.package_identification:_identify(.) by extension 'ros'
[0.393s] Level 1:colcon.colcon_core.package_identification:_identify(.) by extensions ['cmake', 'python']
[0.393s] Level 1:colcon.colcon_core.package_identification:_identify(.) by extension 'cmake'
[0.393s] Level 1:colcon.colcon_core.package_identification:_identify(.) by extension 'python'
[0.395s] Level 1:colcon.colcon_core.package_identification:_identify(.) by extensions ['python_setup_py']
[0.395s] Level 1:colcon.colcon_core.package_identification:_identify(.) by extension 'python_setup_py'
[0.395s] Level 1:colcon.colcon_core.package_identification:_identify(build) by extensions ['ignore', 'ignore_ament_install']
[0.396s] Level 1:colcon.colcon_core.package_identification:_identify(build) by extension 'ignore'
[0.396s] Level 1:colcon.colcon_core.package_identification:_identify(build) ignored
[0.397s] Level 1:colcon.colcon_core.package_identification:_identify(install) by extensions ['ignore', 'ignore_ament_install']
[0.443s] Level 1:colcon.colcon_core.package_identification:_identify(install) by extension 'ignore'
[0.443s] Level 1:colcon.colcon_core.package_identification:_identify(install) ignored
[0.444s] Level 1:colcon.colcon_core.package_identification:_identify(lab05_py) by extensions ['ignore', 'ignore_ament_install']
[0.445s] Level 1:colcon.colcon_core.package_identification:_identify(lab05_py) by extension 'ignore'
[0.445s] Level 1:colcon.colcon_core.package_identification:_identify(lab05_py) by extension 'ignore_ament_install'
[0.445s] Level 1:colcon.colcon_core.package_identification:_identify(lab05_py) by extensions ['colcon_pkg']
[0.445s] Level 1:colcon.colcon_core.package_identification:_identify(lab05_py) by extension 'colcon_pkg'
[0.445s] Level 1:colcon.colcon_core.package_identification:_identify(lab05_py) by extensions ['colcon_meta']
[0.445s] Level 1:colcon.colcon_core.package_identification:_identify(lab05_py) by extension 'colcon_meta'
[0.445s] Level 1:colcon.colcon_core.package_identification:_identify(lab05_py) by extensions ['ros']
[0.445s] Level 1:colcon.colcon_core.package_identification:_identify(lab05_py) by extension 'ros'
[0.448s] DEBUG:colcon.colcon_core.package_identification:Package 'lab05_py' with type 'ros.ament_python' and name 'lab05_py'
[0.448s] Level 1:colcon.colcon_core.package_identification:_identify(lab_05) by extensions ['ignore', 'ignore_ament_install']
[0.449s] Level 1:colcon.colcon_core.package_identification:_identify(lab_05) by extension 'ignore'
[0.449s] Level 1:colcon.colcon_core.package_identification:_identify(lab_05) by extension 'ignore_ament_install'
[0.449s] Level 1:colcon.colcon_core.package_identification:_identify(lab_05) by extensions ['colcon_pkg']
[0.449s] Level 1:colcon.colcon_core.package_identification:_identify(lab_05) by extension 'colcon_pkg'
[0.450s] Level 1:colcon.colcon_core.package_identification:_identify(lab_05) by extensions ['colcon_meta']
[0.450s] Level 1:colcon.colcon_core.package_identification:_identify(lab_05) by extension 'colcon_meta'
[0.450s] Level 1:colcon.colcon_core.package_identification:_identify(lab_05) by extensions ['ros']
[0.451s] Level 1:colcon.colcon_core.package_identification:_identify(lab_05) by extension 'ros'
[0.452s] DEBUG:colcon.colcon_core.package_identification:Package 'lab_05' with type 'ros.ament_cmake' and name 'lab_05'
[0.454s] Level 1:colcon.colcon_core.package_identification:_identify(log) by extensions ['ignore', 'ignore_ament_install']
[0.455s] Level 1:colcon.colcon_core.package_identification:_identify(log) by extension 'ignore'
[0.455s] Level 1:colcon.colcon_core.package_identification:_identify(log) ignored
[0.456s] Level 1:colcon.colcon_core.package_discovery:discover_packages(recursive) using defaults
[0.456s] Level 1:colcon.colcon_core.package_discovery:discover_packages(ignore) discover
[0.456s] Level 1:colcon.colcon_core.package_discovery:discover_packages(ignore) using defaults
[0.456s] Level 1:colcon.colcon_core.package_discovery:discover_packages(path) discover
[0.456s] Level 1:colcon.colcon_core.package_discovery:discover_packages(path) using defaults
[0.476s] INFO:colcon.colcon_core.package_selection:Skipping not selected package 'lab_05' in 'lab_05'
[0.477s] Level 1:colcon.colcon_core.package_discovery:discover_packages(prefix_path) check parameters
[0.478s] Level 1:colcon.colcon_core.package_discovery:discover_packages(prefix_path) discover
[0.507s] DEBUG:colcon.colcon_installed_package_information.package_discovery:Found 2 installed packages in /home/.engr-ece/rgz834/lab_05/src/install
[0.510s] DEBUG:colcon.colcon_installed_package_information.package_discovery:Found 17 installed packages in /home/rgz834/engr-ece/ros2_ws/install
[0.512s] DEBUG:colcon.colcon_installed_package_information.package_discovery:Found 384 installed packages in /opt/ros/humble
[0.514s] Level 1:colcon.colcon_core.package_discovery:discover_packages(prefix_path) using defaults
[0.598s] Level 5:colcon.colcon_core.verb:set package 'lab05_py' build argument 'cmake_args' from command line to 'None'
[0.598s] Level 5:colcon.colcon_core.verb:set package 'lab05_py' build argument 'cmake_target' from command line to 'None'
[0.598s] Level 5:colcon.colcon_core.verb:set package 'lab05_py' build argument 'cmake_target_skip_unavailable' from command line to 'False'
[0.598s] Level 5:colcon.colcon_core.verb:set package 'lab05_py' build argument 'cmake_clean_cache' from command line to 'False'
[0.599s] Level 5:colcon.colcon_core.verb:set package 'lab05_py' build argument 'cmake_clean_first' from command line to 'False'
[0.599s] Level 5:colcon.colcon_core.verb:set package 'lab05_py' build argument 'cmake_force_configure' from command line to 'False'
[0.599s] Level 5:colcon.colcon_core.verb:set package 'lab05_py' build argument 'ament_cmake_args' from command line to 'None'
[0.599s] Level 5:colcon.colcon_core.verb:set package 'lab05_py' build argument 'catkin_cmake_args' from command line to 'None'
[0.599s] Level 5:colcon.colcon_core.verb:set package 'lab05_py' build argument 'catkin_skip_building_tests' from command line to 'False'
[0.599s] DEBUG:colcon.colcon_core.verb:Building package 'lab05_py' with the following arguments: {'ament_cmake_args': None, 'build_base': '/home/.engr-ece/rgz834/lab_05/src/build/lab05_py', 'catkin_cmake_args': None, 'catkin_skip_building_tests': False, 'cmake_args': None, 'cmake_clean_cache': False, 'cmake_clean_first': False, 'cmake_force_configure': False, 'cmake_target': None, 'cmake_target_skip_unavailable': False, 'install_base': '/home/.engr-ece/rgz834/lab_05/src/install/lab05_py', 'merge_install': False, 'path': '/home/.engr-ece/rgz834/lab_05/src/lab05_py', 'symlink_install': True, 'test_result_base': None}
[0.600s] INFO:colcon.colcon_core.executor:Executing jobs using 'parallel' executor
[0.603s] DEBUG:colcon.colcon_parallel_executor.executor.parallel:run_until_complete
[0.604s] INFO:colcon.colcon_ros.task.ament_python.build:Building ROS package in '/home/.engr-ece/rgz834/lab_05/src/lab05_py' with build type 'ament_python'
[0.605s] Level 1:colcon.colcon_core.shell:create_environment_hook('lab05_py', 'ament_prefix_path')
[0.608s] INFO:colcon.colcon_core.plugin_system:Skipping extension 'colcon_core.shell.bat': Not used on non-Windows systems
[0.609s] INFO:colcon.colcon_core.shell:Creating environment hook '/home/.engr-ece/rgz834/lab_05/src/install/lab05_py/share/lab05_py/hook/ament_prefix_path.ps1'
[0.613s] INFO:colcon.colcon_core.shell:Creating environment descriptor '/home/.engr-ece/rgz834/lab_05/src/install/lab05_py/share/lab05_py/hook/ament_prefix_path.dsv'
[0.617s] INFO:colcon.colcon_core.shell:Creating environment hook '/home/.engr-ece/rgz834/lab_05/src/install/lab05_py/share/lab05_py/hook/ament_prefix_path.sh'
[0.621s] INFO:colcon.colcon_core.shell:Skip shell extension 'powershell' for command environment: Not usable outside of PowerShell
[0.621s] DEBUG:colcon.colcon_core.shell:Skip shell extension 'dsv' for command environment
[0.987s] INFO:colcon.colcon_core.task.python.build:Building Python package in '/home/.engr-ece/rgz834/lab_05/src/lab05_py'
[0.988s] INFO:colcon.colcon_core.shell:Skip shell extension 'powershell' for command environment: Not usable outside of PowerShell
[0.988s] DEBUG:colcon.colcon_core.shell:Skip shell extension 'dsv' for command environment
[1.489s] DEBUG:colcon.colcon_core.event_handler.log_command:Invoking command in '/home/.engr-ece/rgz834/lab_05/src/build/lab05_py': PYTHONPATH=/home/.engr-ece/rgz834/lab_05/src/build/lab05_py/prefix_override:/home/.engr-ece/rgz834/lab_05/src/install/lab05_py/lib/python3.10/site-packages:${PYTHONPATH} /usr/bin/python3 setup.py develop --editable --build-directory /home/.engr-ece/rgz834/lab_05/src/build/lab05_py/build --no-deps install_data
[2.099s] Level 1:colcon.colcon_core.shell:create_environment_hook('lab05_py', 'pythonpath_develop')
[2.100s] INFO:colcon.colcon_core.shell:Creating environment hook '/home/.engr-ece/rgz834/lab_05/src/build/lab05_py/share/lab05_py/hook/pythonpath_develop.ps1'
[2.101s] DEBUG:colcon.colcon_core.event_handler.log_command:Invoked command in '/home/.engr-ece/rgz834/lab_05/src/build/lab05_py' returned '0': PYTHONPATH=/home/.engr-ece/rgz834/lab_05/src/build/lab05_py/prefix_override:/home/.engr-ece/rgz834/lab_05/src/install/lab05_py/lib/python3.10/site-packages:${PYTHONPATH} /usr/bin/python3 setup.py develop --editable --build-directory /home/.engr-ece/rgz834/lab_05/src/build/lab05_py/build --no-deps install_data
[2.105s] INFO:colcon.colcon_core.shell:Creating environment descriptor '/home/.engr-ece/rgz834/lab_05/src/build/lab05_py/share/lab05_py/hook/pythonpath_develop.dsv'
[2.108s] INFO:colcon.colcon_core.shell:Creating environment hook '/home/.engr-ece/rgz834/lab_05/src/build/lab05_py/share/lab05_py/hook/pythonpath_develop.sh'
[2.116s] Level 1:colcon.colcon_core.environment:checking '/home/.engr-ece/rgz834/lab_05/src/install/lab05_py' for CMake module files
[2.121s] Level 1:colcon.colcon_core.environment:checking '/home/.engr-ece/rgz834/lab_05/src/install/lab05_py' for CMake config files
[2.127s] Level 1:colcon.colcon_core.environment:checking '/home/.engr-ece/rgz834/lab_05/src/install/lab05_py/lib'
[2.128s] Level 1:colcon.colcon_core.environment:checking '/home/.engr-ece/rgz834/lab_05/src/install/lab05_py/bin'
[2.129s] Level 1:colcon.colcon_core.environment:checking '/home/.engr-ece/rgz834/lab_05/src/install/lab05_py/lib/pkgconfig/lab05_py.pc'
[2.129s] Level 1:colcon.colcon_core.environment:checking '/home/.engr-ece/rgz834/lab_05/src/install/lab05_py/lib/python3.10/site-packages'
[2.130s] Level 1:colcon.colcon_core.shell:create_environment_hook('lab05_py', 'pythonpath')
[2.132s] INFO:colcon.colcon_core.shell:Creating environment hook '/home/.engr-ece/rgz834/lab_05/src/install/lab05_py/share/lab05_py/hook/pythonpath.ps1'
[2.136s] INFO:colcon.colcon_core.shell:Creating environment descriptor '/home/.engr-ece/rgz834/lab_05/src/install/lab05_py/share/lab05_py/hook/pythonpath.dsv'
[2.140s] INFO:colcon.colcon_core.shell:Creating environment hook '/home/.engr-ece/rgz834/lab_05/src/install/lab05_py/share/lab05_py/hook/pythonpath.sh'
[2.144s] Level 1:colcon.colcon_core.environment:checking '/home/.engr-ece/rgz834/lab_05/src/install/lab05_py/bin'
[2.144s] Level 1:colcon.colcon_core.environment:create_environment_scripts_only(lab05_py)
[2.147s] INFO:colcon.colcon_core.shell:Creating package script '/home/.engr-ece/rgz834/lab_05/src/install/lab05_py/share/lab05_py/package.ps1'
[2.151s] INFO:colcon.colcon_core.shell:Creating package descriptor '/home/.engr-ece/rgz834/lab_05/src/install/lab05_py/share/lab05_py/package.dsv'
[2.154s] INFO:colcon.colcon_core.shell:Creating package script '/home/.engr-ece/rgz834/lab_05/src/install/lab05_py/share/lab05_py/package.sh'
[2.158s] INFO:colcon.colcon_core.shell:Creating package script '/home/.engr-ece/rgz834/lab_05/src/install/lab05_py/share/lab05_py/package.bash'
[2.162s] INFO:colcon.colcon_core.shell:Creating package script '/home/.engr-ece/rgz834/lab_05/src/install/lab05_py/share/lab05_py/package.zsh'
[2.166s] Level 1:colcon.colcon_core.environment:create_file_with_runtime_dependencies(/home/.engr-ece/rgz834/lab_05/src/install/lab05_py/share/colcon-core/packages/lab05_py)
[2.169s] DEBUG:colcon.colcon_parallel_executor.executor.parallel:closing loop
[2.169s] DEBUG:colcon.colcon_parallel_executor.executor.parallel:loop closed
[2.169s] DEBUG:colcon.colcon_parallel_executor.executor.parallel:run_until_complete finished with '0'
[2.169s] DEBUG:colcon.colcon_core.event_reactor:joining thread
[2.180s] INFO:colcon.colcon_core.plugin_system:Skipping extension 'colcon_notification.desktop_notification.terminal_notifier': Not used on non-Darwin systems
[2.180s] INFO:colcon.colcon_core.plugin_system:Skipping extension 'colcon_notification.desktop_notification.win32': Not used on non-Windows systems
[2.181s] INFO:colcon.colcon_notification.desktop_notification:Sending desktop notification using 'notify2'
[2.189s] DEBUG:colcon.colcon_core.event_reactor:joined thread
[2.190s] INFO:colcon.colcon_core.shell:Creating prefix script '/home/.engr-ece/rgz834/lab_05/src/install/local_setup.ps1'
[2.194s] INFO:colcon.colcon_core.shell:Creating prefix util module '/home/.engr-ece/rgz834/lab_05/src/install/_local_setup_util_ps1.py'
[2.200s] INFO:colcon.colcon_core.shell:Creating prefix chain script '/home/.engr-ece/rgz834/lab_05/src/install/setup.ps1'
[2.226s] INFO:colcon.colcon_core.shell:Creating prefix script '/home/.engr-ece/rgz834/lab_05/src/install/local_setup.sh'
[2.231s] INFO:colcon.colcon_core.shell:Creating prefix util module '/home/.engr-ece/rgz834/lab_05/src/install/_local_setup_util_sh.py'
[2.235s] INFO:colcon.colcon_core.shell:Creating prefix chain script '/home/.engr-ece/rgz834/lab_05/src/install/setup.sh'
[2.261s] INFO:colcon.colcon_core.shell:Creating prefix script '/home/.engr-ece/rgz834/lab_05/src/install/local_setup.bash'
[2.264s] INFO:colcon.colcon_core.shell:Creating prefix chain script '/home/.engr-ece/rgz834/lab_05/src/install/setup.bash'
[2.291s] INFO:colcon.colcon_core.shell:Creating prefix script '/home/.engr-ece/rgz834/lab_05/src/install/local_setup.zsh'
[2.294s] INFO:colcon.colcon_core.shell:Creating prefix chain script '/home/.engr-ece/rgz834/lab_05/src/install/setup.zsh'
