running develop
/usr/lib/python3/dist-packages/setuptools/command/easy_install.py:158: EasyInstallDeprecationWarning: easy_install command is deprecated. Use build and pip and other standards-based tools.
  warnings.warn(
/usr/lib/python3/dist-packages/setuptools/command/install.py:34: SetuptoolsDeprecationWarning: setup.py install is deprecated. Use build and pip and other standards-based tools.
  warnings.warn(
Removing /home/teehee/ros2_ws/install/labs_pkg/lib/python3.10/site-packages/labs-pkg.egg-link (link to .)
running egg_info
writing ../../build/labs_pkg/labs_pkg.egg-info/PKG-INFO
writing dependency_links to ../../build/labs_pkg/labs_pkg.egg-info/dependency_links.txt
writing entry points to ../../build/labs_pkg/labs_pkg.egg-info/entry_points.txt
writing requirements to ../../build/labs_pkg/labs_pkg.egg-info/requires.txt
writing top-level names to ../../build/labs_pkg/labs_pkg.egg-info/top_level.txt
reading manifest file '../../build/labs_pkg/labs_pkg.egg-info/SOURCES.txt'
writing manifest file '../../build/labs_pkg/labs_pkg.egg-info/SOURCES.txt'
running build
running build_py
copying labs_pkg/__init__.py -> /home/teehee/ros2_ws/build/labs_pkg/build/lib/labs_pkg
copying labs_pkg/turtlesim_move.py -> /home/teehee/ros2_ws/build/labs_pkg/build/lib/labs_pkg
copying labs_pkg/integer_publisher.py -> /home/teehee/ros2_ws/build/labs_pkg/build/lib/labs_pkg
copying labs_pkg/my_talker.py -> /home/teehee/ros2_ws/build/labs_pkg/build/lib/labs_pkg
copying labs_pkg/my_listener.py -> /home/teehee/ros2_ws/build/labs_pkg/build/lib/labs_pkg
copying labs_pkg/cumulative_adder.py -> /home/teehee/ros2_ws/build/labs_pkg/build/lib/labs_pkg
running install
/usr/lib/python3/dist-packages/setuptools/command/install.py:34: SetuptoolsDeprecationWarning: setup.py install is deprecated. Use build and pip and other standards-based tools.
  warnings.warn(
running install_lib
creating /home/teehee/ros2_ws/install/labs_pkg/lib/python3.10/site-packages/labs_pkg
copying /home/teehee/ros2_ws/build/labs_pkg/build/lib/labs_pkg/__init__.py -> /home/teehee/ros2_ws/install/labs_pkg/lib/python3.10/site-packages/labs_pkg
copying /home/teehee/ros2_ws/build/labs_pkg/build/lib/labs_pkg/turtlesim_move.py -> /home/teehee/ros2_ws/install/labs_pkg/lib/python3.10/site-packages/labs_pkg
copying /home/teehee/ros2_ws/build/labs_pkg/build/lib/labs_pkg/integer_publisher.py -> /home/teehee/ros2_ws/install/labs_pkg/lib/python3.10/site-packages/labs_pkg
copying /home/teehee/ros2_ws/build/labs_pkg/build/lib/labs_pkg/my_talker.py -> /home/teehee/ros2_ws/install/labs_pkg/lib/python3.10/site-packages/labs_pkg
copying /home/teehee/ros2_ws/build/labs_pkg/build/lib/labs_pkg/my_listener.py -> /home/teehee/ros2_ws/install/labs_pkg/lib/python3.10/site-packages/labs_pkg
copying /home/teehee/ros2_ws/build/labs_pkg/build/lib/labs_pkg/cumulative_adder.py -> /home/teehee/ros2_ws/install/labs_pkg/lib/python3.10/site-packages/labs_pkg
byte-compiling /home/teehee/ros2_ws/install/labs_pkg/lib/python3.10/site-packages/labs_pkg/__init__.py to __init__.cpython-310.pyc
byte-compiling /home/teehee/ros2_ws/install/labs_pkg/lib/python3.10/site-packages/labs_pkg/turtlesim_move.py to turtlesim_move.cpython-310.pyc
byte-compiling /home/teehee/ros2_ws/install/labs_pkg/lib/python3.10/site-packages/labs_pkg/integer_publisher.py to integer_publisher.cpython-310.pyc
byte-compiling /home/teehee/ros2_ws/install/labs_pkg/lib/python3.10/site-packages/labs_pkg/my_talker.py to my_talker.cpython-310.pyc
byte-compiling /home/teehee/ros2_ws/install/labs_pkg/lib/python3.10/site-packages/labs_pkg/my_listener.py to my_listener.cpython-310.pyc
byte-compiling /home/teehee/ros2_ws/install/labs_pkg/lib/python3.10/site-packages/labs_pkg/cumulative_adder.py to cumulative_adder.cpython-310.pyc
running install_data
running install_egg_info
Copying ../../build/labs_pkg/labs_pkg.egg-info to /home/teehee/ros2_ws/install/labs_pkg/lib/python3.10/site-packages/labs_pkg-0.0.0-py3.10.egg-info
running install_scripts
Installing cumulative_adder script to /home/teehee/ros2_ws/install/labs_pkg/lib/labs_pkg
Installing integer_publisher script to /home/teehee/ros2_ws/install/labs_pkg/lib/labs_pkg
Installing my_listener script to /home/teehee/ros2_ws/install/labs_pkg/lib/labs_pkg
Installing turtlesim_move = labs_pkg.turtlesim_move:mainmy_talker script to /home/teehee/ros2_ws/install/labs_pkg/lib/labs_pkg
writing list of installed files to '/home/teehee/ros2_ws/build/labs_pkg/install.log'
