[0.505s] Invoking command in '/home/teehee/ros2_ws/build/labs_pkg': PYTHONPATH=/home/teehee/ros2_ws/build/labs_pkg/prefix_override:/home/teehee/ros2_ws/install/labs_pkg/lib/python3.10/site-packages:${PYTHONPATH} /usr/bin/python3 setup.py develop --uninstall --editable --build-directory /home/teehee/ros2_ws/build/labs_pkg/build
[0.709s] running develop
[0.709s] /usr/lib/python3/dist-packages/setuptools/command/easy_install.py:158: EasyInstallDeprecationWarning: easy_install command is deprecated. Use build and pip and other standards-based tools.
[0.709s]   warnings.warn(
[0.710s] /usr/lib/python3/dist-packages/setuptools/command/install.py:34: SetuptoolsDeprecationWarning: setup.py install is deprecated. Use build and pip and other standards-based tools.
[0.710s]   warnings.warn(
[0.832s] Removing /home/teehee/ros2_ws/install/labs_pkg/lib/python3.10/site-packages/labs-pkg.egg-link (link to .)
[0.864s] Invoked command in '/home/teehee/ros2_ws/build/labs_pkg' returned '0': PYTHONPATH=/home/teehee/ros2_ws/build/labs_pkg/prefix_override:/home/teehee/ros2_ws/install/labs_pkg/lib/python3.10/site-packages:${PYTHONPATH} /usr/bin/python3 setup.py develop --uninstall --editable --build-directory /home/teehee/ros2_ws/build/labs_pkg/build
[0.866s] Invoking command in '/home/teehee/ros2_ws/src/labs_pkg': PYTHONPATH=/home/teehee/ros2_ws/build/labs_pkg/prefix_override:/home/teehee/ros2_ws/install/labs_pkg/lib/python3.10/site-packages:${PYTHONPATH} /usr/bin/python3 setup.py egg_info --egg-base ../../build/labs_pkg build --build-base /home/teehee/ros2_ws/build/labs_pkg/build install --record /home/teehee/ros2_ws/build/labs_pkg/install.log --single-version-externally-managed
[1.038s] running egg_info
[1.039s] writing ../../build/labs_pkg/labs_pkg.egg-info/PKG-INFO
[1.039s] writing dependency_links to ../../build/labs_pkg/labs_pkg.egg-info/dependency_links.txt
[1.040s] writing entry points to ../../build/labs_pkg/labs_pkg.egg-info/entry_points.txt
[1.040s] writing requirements to ../../build/labs_pkg/labs_pkg.egg-info/requires.txt
[1.041s] writing top-level names to ../../build/labs_pkg/labs_pkg.egg-info/top_level.txt
[1.043s] reading manifest file '../../build/labs_pkg/labs_pkg.egg-info/SOURCES.txt'
[1.044s] writing manifest file '../../build/labs_pkg/labs_pkg.egg-info/SOURCES.txt'
[1.044s] running build
[1.044s] running build_py
[1.044s] copying labs_pkg/__init__.py -> /home/teehee/ros2_ws/build/labs_pkg/build/lib/labs_pkg
[1.044s] copying labs_pkg/turtlesim_move.py -> /home/teehee/ros2_ws/build/labs_pkg/build/lib/labs_pkg
[1.045s] copying labs_pkg/integer_publisher.py -> /home/teehee/ros2_ws/build/labs_pkg/build/lib/labs_pkg
[1.045s] copying labs_pkg/my_talker.py -> /home/teehee/ros2_ws/build/labs_pkg/build/lib/labs_pkg
[1.045s] copying labs_pkg/my_listener.py -> /home/teehee/ros2_ws/build/labs_pkg/build/lib/labs_pkg
[1.045s] copying labs_pkg/cumulative_adder.py -> /home/teehee/ros2_ws/build/labs_pkg/build/lib/labs_pkg
[1.045s] running install
[1.045s] /usr/lib/python3/dist-packages/setuptools/command/install.py:34: SetuptoolsDeprecationWarning: setup.py install is deprecated. Use build and pip and other standards-based tools.
[1.045s]   warnings.warn(
[1.045s] running install_lib
[1.046s] creating /home/teehee/ros2_ws/install/labs_pkg/lib/python3.10/site-packages/labs_pkg
[1.046s] copying /home/teehee/ros2_ws/build/labs_pkg/build/lib/labs_pkg/__init__.py -> /home/teehee/ros2_ws/install/labs_pkg/lib/python3.10/site-packages/labs_pkg
[1.046s] copying /home/teehee/ros2_ws/build/labs_pkg/build/lib/labs_pkg/turtlesim_move.py -> /home/teehee/ros2_ws/install/labs_pkg/lib/python3.10/site-packages/labs_pkg
[1.047s] copying /home/teehee/ros2_ws/build/labs_pkg/build/lib/labs_pkg/integer_publisher.py -> /home/teehee/ros2_ws/install/labs_pkg/lib/python3.10/site-packages/labs_pkg
[1.047s] copying /home/teehee/ros2_ws/build/labs_pkg/build/lib/labs_pkg/my_talker.py -> /home/teehee/ros2_ws/install/labs_pkg/lib/python3.10/site-packages/labs_pkg
[1.047s] copying /home/teehee/ros2_ws/build/labs_pkg/build/lib/labs_pkg/my_listener.py -> /home/teehee/ros2_ws/install/labs_pkg/lib/python3.10/site-packages/labs_pkg
[1.047s] copying /home/teehee/ros2_ws/build/labs_pkg/build/lib/labs_pkg/cumulative_adder.py -> /home/teehee/ros2_ws/install/labs_pkg/lib/python3.10/site-packages/labs_pkg
[1.047s] byte-compiling /home/teehee/ros2_ws/install/labs_pkg/lib/python3.10/site-packages/labs_pkg/__init__.py to __init__.cpython-310.pyc
[1.048s] byte-compiling /home/teehee/ros2_ws/install/labs_pkg/lib/python3.10/site-packages/labs_pkg/turtlesim_move.py to turtlesim_move.cpython-310.pyc
[1.049s] byte-compiling /home/teehee/ros2_ws/install/labs_pkg/lib/python3.10/site-packages/labs_pkg/integer_publisher.py to integer_publisher.cpython-310.pyc
[1.049s] byte-compiling /home/teehee/ros2_ws/install/labs_pkg/lib/python3.10/site-packages/labs_pkg/my_talker.py to my_talker.cpython-310.pyc
[1.049s] byte-compiling /home/teehee/ros2_ws/install/labs_pkg/lib/python3.10/site-packages/labs_pkg/my_listener.py to my_listener.cpython-310.pyc
[1.049s] byte-compiling /home/teehee/ros2_ws/install/labs_pkg/lib/python3.10/site-packages/labs_pkg/cumulative_adder.py to cumulative_adder.cpython-310.pyc
[1.049s] running install_data
[1.049s] running install_egg_info
[1.051s] Copying ../../build/labs_pkg/labs_pkg.egg-info to /home/teehee/ros2_ws/install/labs_pkg/lib/python3.10/site-packages/labs_pkg-0.0.0-py3.10.egg-info
[1.052s] running install_scripts
[1.069s] Installing cumulative_adder script to /home/teehee/ros2_ws/install/labs_pkg/lib/labs_pkg
[1.069s] Installing integer_publisher script to /home/teehee/ros2_ws/install/labs_pkg/lib/labs_pkg
[1.069s] Installing my_listener script to /home/teehee/ros2_ws/install/labs_pkg/lib/labs_pkg
[1.070s] Installing turtlesim_move = labs_pkg.turtlesim_move:mainmy_talker script to /home/teehee/ros2_ws/install/labs_pkg/lib/labs_pkg
[1.070s] writing list of installed files to '/home/teehee/ros2_ws/build/labs_pkg/install.log'
[1.097s] Invoked command in '/home/teehee/ros2_ws/src/labs_pkg' returned '0': PYTHONPATH=/home/teehee/ros2_ws/build/labs_pkg/prefix_override:/home/teehee/ros2_ws/install/labs_pkg/lib/python3.10/site-packages:${PYTHONPATH} /usr/bin/python3 setup.py egg_info --egg-base ../../build/labs_pkg build --build-base /home/teehee/ros2_ws/build/labs_pkg/build install --record /home/teehee/ros2_ws/build/labs_pkg/install.log --single-version-externally-managed
