[0.807s] DEBUG:colcon:Command line arguments: ['/usr/bin/colcon', 'build', '--packages-select', 'tf2_pkg', '--allow-overriding', 'tf2_pkg']
[0.807s] DEBUG:colcon:Parsed command line arguments: Namespace(log_base=None, log_level=None, verb_name='build', build_base='build', install_base='install', merge_install=False, symlink_install=False, test_result_base=None, continue_on_error=False, executor='parallel', parallel_workers=4, event_handlers=None, ignore_user_meta=False, metas=['./colcon.meta'], base_paths=['.'], packages_ignore=None, packages_ignore_regex=None, paths=None, packages_up_to=None, packages_up_to_regex=None, packages_above=None, packages_above_and_dependencies=None, packages_above_depth=None, packages_select_by_dep=None, packages_skip_by_dep=None, packages_skip_up_to=None, packages_select_build_failed=False, packages_skip_build_finished=False, packages_select_test_failures=False, packages_skip_test_passed=False, packages_select=['tf2_pkg'], packages_skip=None, packages_select_regex=None, packages_skip_regex=None, packages_start=None, packages_end=None, allow_overriding=['tf2_pkg'], cmake_args=None, cmake_target=None, cmake_target_skip_unavailable=False, cmake_clean_cache=False, cmake_clean_first=False, cmake_force_configure=False, ament_cmake_args=None, catkin_cmake_args=None, catkin_skip_building_tests=False, verb_parser=<colcon_defaults.argument_parser.defaults.DefaultArgumentsDecorator object at 0x7f92b164ac20>, verb_extension=<colcon_core.verb.build.BuildVerb object at 0x7f92b1aaf370>, main=<bound method BuildVerb.main of <colcon_core.verb.build.BuildVerb object at 0x7f92b1aaf370>>)
[0.847s] Level 1:colcon.colcon_core.package_discovery:discover_packages(colcon_meta) check parameters
[0.847s] Level 1:colcon.colcon_core.package_discovery:discover_packages(recursive) check parameters
[0.847s] Level 1:colcon.colcon_core.package_discovery:discover_packages(ignore) check parameters
[0.847s] Level 1:colcon.colcon_core.package_discovery:discover_packages(path) check parameters
[0.847s] Level 1:colcon.colcon_core.package_discovery:discover_packages(colcon_meta) discover
[0.847s] Level 1:colcon.colcon_core.package_discovery:discover_packages(recursive) discover
[0.847s] INFO:colcon.colcon_core.package_discovery:Crawling recursively for packages in '/home/teehee/ros2_ws'
[0.847s] Level 1:colcon.colcon_core.package_identification:_identify(.) by extensions ['ignore', 'ignore_ament_install']
[0.847s] Level 1:colcon.colcon_core.package_identification:_identify(.) by extension 'ignore'
[0.848s] Level 1:colcon.colcon_core.package_identification:_identify(.) by extension 'ignore_ament_install'
[0.848s] Level 1:colcon.colcon_core.package_identification:_identify(.) by extensions ['colcon_pkg']
[0.848s] Level 1:colcon.colcon_core.package_identification:_identify(.) by extension 'colcon_pkg'
[0.848s] Level 1:colcon.colcon_core.package_identification:_identify(.) by extensions ['colcon_meta']
[0.848s] Level 1:colcon.colcon_core.package_identification:_identify(.) by extension 'colcon_meta'
[0.848s] Level 1:colcon.colcon_core.package_identification:_identify(.) by extensions ['ros']
[0.848s] Level 1:colcon.colcon_core.package_identification:_identify(.) by extension 'ros'
[0.856s] Level 1:colcon.colcon_core.package_identification:_identify(.) by extensions ['cmake', 'python']
[0.856s] Level 1:colcon.colcon_core.package_identification:_identify(.) by extension 'cmake'
[0.856s] Level 1:colcon.colcon_core.package_identification:_identify(.) by extension 'python'
[0.857s] Level 1:colcon.colcon_core.package_identification:_identify(.) by extensions ['python_setup_py']
[0.857s] Level 1:colcon.colcon_core.package_identification:_identify(.) by extension 'python_setup_py'
[0.857s] Level 1:colcon.colcon_core.package_identification:_identify(build) by extensions ['ignore', 'ignore_ament_install']
[0.857s] Level 1:colcon.colcon_core.package_identification:_identify(build) by extension 'ignore'
[0.857s] Level 1:colcon.colcon_core.package_identification:_identify(build) ignored
[0.857s] Level 1:colcon.colcon_core.package_identification:_identify(install) by extensions ['ignore', 'ignore_ament_install']
[0.857s] Level 1:colcon.colcon_core.package_identification:_identify(install) by extension 'ignore'
[0.857s] Level 1:colcon.colcon_core.package_identification:_identify(install) ignored
[0.857s] Level 1:colcon.colcon_core.package_identification:_identify(log) by extensions ['ignore', 'ignore_ament_install']
[0.857s] Level 1:colcon.colcon_core.package_identification:_identify(log) by extension 'ignore'
[0.857s] Level 1:colcon.colcon_core.package_identification:_identify(log) ignored
[0.857s] Level 1:colcon.colcon_core.package_identification:_identify(src) by extensions ['ignore', 'ignore_ament_install']
[0.857s] Level 1:colcon.colcon_core.package_identification:_identify(src) by extension 'ignore'
[0.857s] Level 1:colcon.colcon_core.package_identification:_identify(src) by extension 'ignore_ament_install'
[0.857s] Level 1:colcon.colcon_core.package_identification:_identify(src) by extensions ['colcon_pkg']
[0.857s] Level 1:colcon.colcon_core.package_identification:_identify(src) by extension 'colcon_pkg'
[0.858s] Level 1:colcon.colcon_core.package_identification:_identify(src) by extensions ['colcon_meta']
[0.858s] Level 1:colcon.colcon_core.package_identification:_identify(src) by extension 'colcon_meta'
[0.858s] Level 1:colcon.colcon_core.package_identification:_identify(src) by extensions ['ros']
[0.858s] Level 1:colcon.colcon_core.package_identification:_identify(src) by extension 'ros'
[0.858s] Level 1:colcon.colcon_core.package_identification:_identify(src) by extensions ['cmake', 'python']
[0.858s] Level 1:colcon.colcon_core.package_identification:_identify(src) by extension 'cmake'
[0.858s] Level 1:colcon.colcon_core.package_identification:_identify(src) by extension 'python'
[0.858s] Level 1:colcon.colcon_core.package_identification:_identify(src) by extensions ['python_setup_py']
[0.858s] Level 1:colcon.colcon_core.package_identification:_identify(src) by extension 'python_setup_py'
[0.858s] Level 1:colcon.colcon_core.package_identification:_identify(src/example_pkg) by extensions ['ignore', 'ignore_ament_install']
[0.858s] Level 1:colcon.colcon_core.package_identification:_identify(src/example_pkg) by extension 'ignore'
[0.858s] Level 1:colcon.colcon_core.package_identification:_identify(src/example_pkg) by extension 'ignore_ament_install'
[0.858s] Level 1:colcon.colcon_core.package_identification:_identify(src/example_pkg) by extensions ['colcon_pkg']
[0.858s] Level 1:colcon.colcon_core.package_identification:_identify(src/example_pkg) by extension 'colcon_pkg'
[0.858s] Level 1:colcon.colcon_core.package_identification:_identify(src/example_pkg) by extensions ['colcon_meta']
[0.858s] Level 1:colcon.colcon_core.package_identification:_identify(src/example_pkg) by extension 'colcon_meta'
[0.858s] Level 1:colcon.colcon_core.package_identification:_identify(src/example_pkg) by extensions ['ros']
[0.858s] Level 1:colcon.colcon_core.package_identification:_identify(src/example_pkg) by extension 'ros'
[0.860s] DEBUG:colcon.colcon_core.package_identification:Package 'src/example_pkg' with type 'ros.ament_python' and name 'example_pkg'
[0.860s] Level 1:colcon.colcon_core.package_identification:_identify(src/lab_exam2_pkg) by extensions ['ignore', 'ignore_ament_install']
[0.860s] Level 1:colcon.colcon_core.package_identification:_identify(src/lab_exam2_pkg) by extension 'ignore'
[0.861s] Level 1:colcon.colcon_core.package_identification:_identify(src/lab_exam2_pkg) by extension 'ignore_ament_install'
[0.861s] Level 1:colcon.colcon_core.package_identification:_identify(src/lab_exam2_pkg) by extensions ['colcon_pkg']
[0.861s] Level 1:colcon.colcon_core.package_identification:_identify(src/lab_exam2_pkg) by extension 'colcon_pkg'
[0.861s] Level 1:colcon.colcon_core.package_identification:_identify(src/lab_exam2_pkg) by extensions ['colcon_meta']
[0.861s] Level 1:colcon.colcon_core.package_identification:_identify(src/lab_exam2_pkg) by extension 'colcon_meta'
[0.861s] Level 1:colcon.colcon_core.package_identification:_identify(src/lab_exam2_pkg) by extensions ['ros']
[0.861s] Level 1:colcon.colcon_core.package_identification:_identify(src/lab_exam2_pkg) by extension 'ros'
[0.862s] DEBUG:colcon.colcon_core.package_identification:Package 'src/lab_exam2_pkg' with type 'ros.ament_python' and name 'lab_exam2_pkg'
[0.862s] Level 1:colcon.colcon_core.package_identification:_identify(src/lab_interfaces) by extensions ['ignore', 'ignore_ament_install']
[0.862s] Level 1:colcon.colcon_core.package_identification:_identify(src/lab_interfaces) by extension 'ignore'
[0.862s] Level 1:colcon.colcon_core.package_identification:_identify(src/lab_interfaces) by extension 'ignore_ament_install'
[0.862s] Level 1:colcon.colcon_core.package_identification:_identify(src/lab_interfaces) by extensions ['colcon_pkg']
[0.862s] Level 1:colcon.colcon_core.package_identification:_identify(src/lab_interfaces) by extension 'colcon_pkg'
[0.862s] Level 1:colcon.colcon_core.package_identification:_identify(src/lab_interfaces) by extensions ['colcon_meta']
[0.862s] Level 1:colcon.colcon_core.package_identification:_identify(src/lab_interfaces) by extension 'colcon_meta'
[0.862s] Level 1:colcon.colcon_core.package_identification:_identify(src/lab_interfaces) by extensions ['ros']
[0.862s] Level 1:colcon.colcon_core.package_identification:_identify(src/lab_interfaces) by extension 'ros'
[0.862s] DEBUG:colcon.colcon_core.package_identification:Package 'src/lab_interfaces' with type 'ros.ament_cmake' and name 'lab_interfaces'
[0.862s] Level 1:colcon.colcon_core.package_identification:_identify(src/labex6) by extensions ['ignore', 'ignore_ament_install']
[0.863s] Level 1:colcon.colcon_core.package_identification:_identify(src/labex6) by extension 'ignore'
[0.863s] Level 1:colcon.colcon_core.package_identification:_identify(src/labex6) by extension 'ignore_ament_install'
[0.863s] Level 1:colcon.colcon_core.package_identification:_identify(src/labex6) by extensions ['colcon_pkg']
[0.863s] Level 1:colcon.colcon_core.package_identification:_identify(src/labex6) by extension 'colcon_pkg'
[0.863s] Level 1:colcon.colcon_core.package_identification:_identify(src/labex6) by extensions ['colcon_meta']
[0.863s] Level 1:colcon.colcon_core.package_identification:_identify(src/labex6) by extension 'colcon_meta'
[0.863s] Level 1:colcon.colcon_core.package_identification:_identify(src/labex6) by extensions ['ros']
[0.863s] Level 1:colcon.colcon_core.package_identification:_identify(src/labex6) by extension 'ros'
[0.864s] DEBUG:colcon.colcon_core.package_identification:Package 'src/labex6' with type 'ros.ament_python' and name 'labex6'
[0.864s] Level 1:colcon.colcon_core.package_identification:_identify(src/labs_bringup) by extensions ['ignore', 'ignore_ament_install']
[0.864s] Level 1:colcon.colcon_core.package_identification:_identify(src/labs_bringup) by extension 'ignore'
[0.864s] Level 1:colcon.colcon_core.package_identification:_identify(src/labs_bringup) by extension 'ignore_ament_install'
[0.864s] Level 1:colcon.colcon_core.package_identification:_identify(src/labs_bringup) by extensions ['colcon_pkg']
[0.864s] Level 1:colcon.colcon_core.package_identification:_identify(src/labs_bringup) by extension 'colcon_pkg'
[0.864s] Level 1:colcon.colcon_core.package_identification:_identify(src/labs_bringup) by extensions ['colcon_meta']
[0.864s] Level 1:colcon.colcon_core.package_identification:_identify(src/labs_bringup) by extension 'colcon_meta'
[0.864s] Level 1:colcon.colcon_core.package_identification:_identify(src/labs_bringup) by extensions ['ros']
[0.864s] Level 1:colcon.colcon_core.package_identification:_identify(src/labs_bringup) by extension 'ros'
[0.864s] DEBUG:colcon.colcon_core.package_identification:Package 'src/labs_bringup' with type 'ros.ament_cmake' and name 'labs_bringup'
[0.864s] Level 1:colcon.colcon_core.package_identification:_identify(src/labs_pkg) by extensions ['ignore', 'ignore_ament_install']
[0.865s] Level 1:colcon.colcon_core.package_identification:_identify(src/labs_pkg) by extension 'ignore'
[0.865s] Level 1:colcon.colcon_core.package_identification:_identify(src/labs_pkg) by extension 'ignore_ament_install'
[0.865s] Level 1:colcon.colcon_core.package_identification:_identify(src/labs_pkg) by extensions ['colcon_pkg']
[0.865s] Level 1:colcon.colcon_core.package_identification:_identify(src/labs_pkg) by extension 'colcon_pkg'
[0.865s] Level 1:colcon.colcon_core.package_identification:_identify(src/labs_pkg) by extensions ['colcon_meta']
[0.865s] Level 1:colcon.colcon_core.package_identification:_identify(src/labs_pkg) by extension 'colcon_meta'
[0.865s] Level 1:colcon.colcon_core.package_identification:_identify(src/labs_pkg) by extensions ['ros']
[0.865s] Level 1:colcon.colcon_core.package_identification:_identify(src/labs_pkg) by extension 'ros'
[0.866s] DEBUG:colcon.colcon_core.package_identification:Package 'src/labs_pkg' with type 'ros.ament_python' and name 'labs_pkg'
[0.866s] Level 1:colcon.colcon_core.package_identification:_identify(src/tf2_pkg) by extensions ['ignore', 'ignore_ament_install']
[0.866s] Level 1:colcon.colcon_core.package_identification:_identify(src/tf2_pkg) by extension 'ignore'
[0.866s] Level 1:colcon.colcon_core.package_identification:_identify(src/tf2_pkg) by extension 'ignore_ament_install'
[0.866s] Level 1:colcon.colcon_core.package_identification:_identify(src/tf2_pkg) by extensions ['colcon_pkg']
[0.866s] Level 1:colcon.colcon_core.package_identification:_identify(src/tf2_pkg) by extension 'colcon_pkg'
[0.866s] Level 1:colcon.colcon_core.package_identification:_identify(src/tf2_pkg) by extensions ['colcon_meta']
[0.866s] Level 1:colcon.colcon_core.package_identification:_identify(src/tf2_pkg) by extension 'colcon_meta'
[0.866s] Level 1:colcon.colcon_core.package_identification:_identify(src/tf2_pkg) by extensions ['ros']
[0.866s] Level 1:colcon.colcon_core.package_identification:_identify(src/tf2_pkg) by extension 'ros'
[0.866s] DEBUG:colcon.colcon_core.package_identification:Package 'src/tf2_pkg' with type 'ros.ament_python' and name 'tf2_pkg'
[0.866s] Level 1:colcon.colcon_core.package_discovery:discover_packages(recursive) using defaults
[0.866s] Level 1:colcon.colcon_core.package_discovery:discover_packages(ignore) discover
[0.866s] Level 1:colcon.colcon_core.package_discovery:discover_packages(ignore) using defaults
[0.866s] Level 1:colcon.colcon_core.package_discovery:discover_packages(path) discover
[0.866s] Level 1:colcon.colcon_core.package_discovery:discover_packages(path) using defaults
[0.919s] INFO:colcon.colcon_core.package_selection:Skipping not selected package 'example_pkg' in 'src/example_pkg'
[0.919s] INFO:colcon.colcon_core.package_selection:Skipping not selected package 'lab_interfaces' in 'src/lab_interfaces'
[0.919s] INFO:colcon.colcon_core.package_selection:Skipping not selected package 'lab_exam2_pkg' in 'src/lab_exam2_pkg'
[0.919s] INFO:colcon.colcon_core.package_selection:Skipping not selected package 'labex6' in 'src/labex6'
[0.919s] INFO:colcon.colcon_core.package_selection:Skipping not selected package 'labs_bringup' in 'src/labs_bringup'
[0.919s] INFO:colcon.colcon_core.package_selection:Skipping not selected package 'labs_pkg' in 'src/labs_pkg'
[0.942s] Level 1:colcon.colcon_core.package_discovery:discover_packages(prefix_path) check parameters
[0.942s] Level 1:colcon.colcon_core.package_discovery:discover_packages(prefix_path) discover
[0.967s] DEBUG:colcon.colcon_installed_package_information.package_discovery:Found 7 installed packages in /home/teehee/ros2_ws/install
[0.979s] DEBUG:colcon.colcon_installed_package_information.package_discovery:Found 271 installed packages in /opt/ros/humble
[0.980s] Level 1:colcon.colcon_core.package_discovery:discover_packages(prefix_path) using defaults
[1.053s] Level 5:colcon.colcon_core.verb:set package 'tf2_pkg' build argument 'cmake_args' from command line to 'None'
[1.053s] Level 5:colcon.colcon_core.verb:set package 'tf2_pkg' build argument 'cmake_target' from command line to 'None'
[1.053s] Level 5:colcon.colcon_core.verb:set package 'tf2_pkg' build argument 'cmake_target_skip_unavailable' from command line to 'False'
[1.053s] Level 5:colcon.colcon_core.verb:set package 'tf2_pkg' build argument 'cmake_clean_cache' from command line to 'False'
[1.053s] Level 5:colcon.colcon_core.verb:set package 'tf2_pkg' build argument 'cmake_clean_first' from command line to 'False'
[1.053s] Level 5:colcon.colcon_core.verb:set package 'tf2_pkg' build argument 'cmake_force_configure' from command line to 'False'
[1.053s] Level 5:colcon.colcon_core.verb:set package 'tf2_pkg' build argument 'ament_cmake_args' from command line to 'None'
[1.053s] Level 5:colcon.colcon_core.verb:set package 'tf2_pkg' build argument 'catkin_cmake_args' from command line to 'None'
[1.053s] Level 5:colcon.colcon_core.verb:set package 'tf2_pkg' build argument 'catkin_skip_building_tests' from command line to 'False'
[1.053s] DEBUG:colcon.colcon_core.verb:Building package 'tf2_pkg' with the following arguments: {'ament_cmake_args': None, 'build_base': '/home/teehee/ros2_ws/build/tf2_pkg', 'catkin_cmake_args': None, 'catkin_skip_building_tests': False, 'cmake_args': None, 'cmake_clean_cache': False, 'cmake_clean_first': False, 'cmake_force_configure': False, 'cmake_target': None, 'cmake_target_skip_unavailable': False, 'install_base': '/home/teehee/ros2_ws/install/tf2_pkg', 'merge_install': False, 'path': '/home/teehee/ros2_ws/src/tf2_pkg', 'symlink_install': False, 'test_result_base': None}
[1.064s] INFO:colcon.colcon_core.executor:Executing jobs using 'parallel' executor
[1.079s] DEBUG:colcon.colcon_parallel_executor.executor.parallel:run_until_complete
[1.080s] INFO:colcon.colcon_ros.task.ament_python.build:Building ROS package in '/home/teehee/ros2_ws/src/tf2_pkg' with build type 'ament_python'
[1.080s] Level 1:colcon.colcon_core.shell:create_environment_hook('tf2_pkg', 'ament_prefix_path')
[1.098s] INFO:colcon.colcon_core.plugin_system:Skipping extension 'colcon_core.shell.bat': Not used on non-Windows systems
[1.098s] INFO:colcon.colcon_core.shell:Creating environment hook '/home/teehee/ros2_ws/install/tf2_pkg/share/tf2_pkg/hook/ament_prefix_path.ps1'
[1.099s] INFO:colcon.colcon_core.shell:Creating environment descriptor '/home/teehee/ros2_ws/install/tf2_pkg/share/tf2_pkg/hook/ament_prefix_path.dsv'
[1.099s] INFO:colcon.colcon_core.shell:Creating environment hook '/home/teehee/ros2_ws/install/tf2_pkg/share/tf2_pkg/hook/ament_prefix_path.sh'
[1.126s] INFO:colcon.colcon_core.shell:Skip shell extension 'powershell' for command environment: Not usable outside of PowerShell
[1.126s] DEBUG:colcon.colcon_core.shell:Skip shell extension 'dsv' for command environment
[1.409s] INFO:colcon.colcon_core.task.python.build:Building Python package in '/home/teehee/ros2_ws/src/tf2_pkg'
[1.422s] INFO:colcon.colcon_core.shell:Skip shell extension 'powershell' for command environment: Not usable outside of PowerShell
[1.422s] DEBUG:colcon.colcon_core.shell:Skip shell extension 'dsv' for command environment
[1.763s] DEBUG:colcon.colcon_core.event_handler.log_command:Invoking command in '/home/teehee/ros2_ws/src/tf2_pkg': PYTHONPATH=/home/teehee/ros2_ws/build/tf2_pkg/prefix_override:/home/teehee/ros2_ws/install/tf2_pkg/lib/python3.10/site-packages:${PYTHONPATH} /usr/bin/python3 setup.py egg_info --egg-base ../../build/tf2_pkg build --build-base /home/teehee/ros2_ws/build/tf2_pkg/build install --record /home/teehee/ros2_ws/build/tf2_pkg/install.log --single-version-externally-managed
[2.047s] DEBUG:colcon.colcon_core.event_handler.log_command:Invoked command in '/home/teehee/ros2_ws/src/tf2_pkg' returned '0': PYTHONPATH=/home/teehee/ros2_ws/build/tf2_pkg/prefix_override:/home/teehee/ros2_ws/install/tf2_pkg/lib/python3.10/site-packages:${PYTHONPATH} /usr/bin/python3 setup.py egg_info --egg-base ../../build/tf2_pkg build --build-base /home/teehee/ros2_ws/build/tf2_pkg/build install --record /home/teehee/ros2_ws/build/tf2_pkg/install.log --single-version-externally-managed
[2.052s] Level 1:colcon.colcon_core.environment:checking '/home/teehee/ros2_ws/install/tf2_pkg' for CMake module files
[2.053s] Level 1:colcon.colcon_core.environment:checking '/home/teehee/ros2_ws/install/tf2_pkg' for CMake config files
[2.053s] Level 1:colcon.colcon_core.environment:checking '/home/teehee/ros2_ws/install/tf2_pkg/lib'
[2.054s] Level 1:colcon.colcon_core.environment:checking '/home/teehee/ros2_ws/install/tf2_pkg/bin'
[2.054s] Level 1:colcon.colcon_core.environment:checking '/home/teehee/ros2_ws/install/tf2_pkg/lib/pkgconfig/tf2_pkg.pc'
[2.054s] Level 1:colcon.colcon_core.environment:checking '/home/teehee/ros2_ws/install/tf2_pkg/lib/python3.10/site-packages'
[2.054s] Level 1:colcon.colcon_core.shell:create_environment_hook('tf2_pkg', 'pythonpath')
[2.066s] INFO:colcon.colcon_core.shell:Creating environment hook '/home/teehee/ros2_ws/install/tf2_pkg/share/tf2_pkg/hook/pythonpath.ps1'
[2.067s] INFO:colcon.colcon_core.shell:Creating environment descriptor '/home/teehee/ros2_ws/install/tf2_pkg/share/tf2_pkg/hook/pythonpath.dsv'
[2.068s] INFO:colcon.colcon_core.shell:Creating environment hook '/home/teehee/ros2_ws/install/tf2_pkg/share/tf2_pkg/hook/pythonpath.sh'
[2.069s] Level 1:colcon.colcon_core.environment:checking '/home/teehee/ros2_ws/install/tf2_pkg/bin'
[2.069s] Level 1:colcon.colcon_core.environment:create_environment_scripts_only(tf2_pkg)
[2.082s] INFO:colcon.colcon_core.shell:Creating package script '/home/teehee/ros2_ws/install/tf2_pkg/share/tf2_pkg/package.ps1'
[2.083s] INFO:colcon.colcon_core.shell:Creating package descriptor '/home/teehee/ros2_ws/install/tf2_pkg/share/tf2_pkg/package.dsv'
[2.084s] INFO:colcon.colcon_core.shell:Creating package script '/home/teehee/ros2_ws/install/tf2_pkg/share/tf2_pkg/package.sh'
[2.085s] INFO:colcon.colcon_core.shell:Creating package script '/home/teehee/ros2_ws/install/tf2_pkg/share/tf2_pkg/package.bash'
[2.086s] INFO:colcon.colcon_core.shell:Creating package script '/home/teehee/ros2_ws/install/tf2_pkg/share/tf2_pkg/package.zsh'
[2.087s] Level 1:colcon.colcon_core.environment:create_file_with_runtime_dependencies(/home/teehee/ros2_ws/install/tf2_pkg/share/colcon-core/packages/tf2_pkg)
[2.088s] DEBUG:colcon.colcon_parallel_executor.executor.parallel:closing loop
[2.088s] DEBUG:colcon.colcon_parallel_executor.executor.parallel:loop closed
[2.088s] DEBUG:colcon.colcon_parallel_executor.executor.parallel:run_until_complete finished with '0'
[2.088s] DEBUG:colcon.colcon_core.event_reactor:joining thread
[2.119s] INFO:colcon.colcon_core.plugin_system:Skipping extension 'colcon_notification.desktop_notification.terminal_notifier': Not used on non-Darwin systems
[2.120s] INFO:colcon.colcon_core.plugin_system:Skipping extension 'colcon_notification.desktop_notification.win32': Not used on non-Windows systems
[2.120s] INFO:colcon.colcon_notification.desktop_notification:Sending desktop notification using 'notify2'
[2.149s] DEBUG:colcon.colcon_core.event_reactor:joined thread
[2.162s] INFO:colcon.colcon_core.shell:Creating prefix script '/home/teehee/ros2_ws/install/local_setup.ps1'
[2.163s] INFO:colcon.colcon_core.shell:Creating prefix util module '/home/teehee/ros2_ws/install/_local_setup_util_ps1.py'
[2.164s] INFO:colcon.colcon_core.shell:Creating prefix chain script '/home/teehee/ros2_ws/install/setup.ps1'
[2.189s] INFO:colcon.colcon_core.shell:Creating prefix script '/home/teehee/ros2_ws/install/local_setup.sh'
[2.190s] INFO:colcon.colcon_core.shell:Creating prefix util module '/home/teehee/ros2_ws/install/_local_setup_util_sh.py'
[2.191s] INFO:colcon.colcon_core.shell:Creating prefix chain script '/home/teehee/ros2_ws/install/setup.sh'
[2.206s] INFO:colcon.colcon_core.shell:Creating prefix script '/home/teehee/ros2_ws/install/local_setup.bash'
[2.207s] INFO:colcon.colcon_core.shell:Creating prefix chain script '/home/teehee/ros2_ws/install/setup.bash'
[2.222s] INFO:colcon.colcon_core.shell:Creating prefix script '/home/teehee/ros2_ws/install/local_setup.zsh'
[2.223s] INFO:colcon.colcon_core.shell:Creating prefix chain script '/home/teehee/ros2_ws/install/setup.zsh'
