[0.033s] Invoking command in '/home/teehee/ros2_ws/build/exersice_2_2': CMAKE_PREFIX_PATH=${CMAKE_PREFIX_PATH}:/home/teehee/ros2_ws/install/tf2_pkg:/home/teehee/ros2_ws/install/labs_pkg:/home/teehee/ros2_ws/install/labex6:/home/teehee/ros2_ws/install/lab_exam2_pkg:/home/teehee/ros2_ws/install/example_pkg:/opt/ros/humble /usr/bin/cmake --build /home/teehee/ros2_ws/build/exersice_2_2 -- -j4 -l4
[0.051s] -- Found ament_cmake: 1.3.6 (/opt/ros/humble/share/ament_cmake/cmake)
[0.133s] -- Override CMake install command with custom implementation using symlinks instead of copying resources
[0.137s] -- Found ament_lint_auto: 0.12.9 (/opt/ros/humble/share/ament_lint_auto/cmake)
[0.177s] -- Added test 'flake8' to check Python code syntax and style conventions
[0.178s] -- Added test 'lint_cmake' to check CMake code style
[0.178s] -- Added test 'pep257' to check Python code against some of the docstring style conventions in PEP 257
[0.178s] -- Added test 'xmllint' to check XML markup files
[0.179s] -- Configuring done
[0.181s] -- Generating done
[0.182s] -- Build files have been written to: /home/teehee/ros2_ws/build/exersice_2_2
[0.197s] Invoked command in '/home/teehee/ros2_ws/build/exersice_2_2' returned '0': CMAKE_PREFIX_PATH=${CMAKE_PREFIX_PATH}:/home/teehee/ros2_ws/install/tf2_pkg:/home/teehee/ros2_ws/install/labs_pkg:/home/teehee/ros2_ws/install/labex6:/home/teehee/ros2_ws/install/lab_exam2_pkg:/home/teehee/ros2_ws/install/example_pkg:/opt/ros/humble /usr/bin/cmake --build /home/teehee/ros2_ws/build/exersice_2_2 -- -j4 -l4
[0.226s] Invoking command in '/home/teehee/ros2_ws/build/exersice_2_2': CMAKE_PREFIX_PATH=${CMAKE_PREFIX_PATH}:/home/teehee/ros2_ws/install/tf2_pkg:/home/teehee/ros2_ws/install/labs_pkg:/home/teehee/ros2_ws/install/labex6:/home/teehee/ros2_ws/install/lab_exam2_pkg:/home/teehee/ros2_ws/install/example_pkg:/opt/ros/humble /usr/bin/cmake --install /home/teehee/ros2_ws/build/exersice_2_2
[0.236s] -- Install configuration: ""
[0.237s] -- Execute custom install script
[0.237s] -- Up-to-date symlink: /home/teehee/ros2_ws/install/exersice_2_2/share/ament_index/resource_index/package_run_dependencies/exersice_2_2
[0.237s] -- Up-to-date symlink: /home/teehee/ros2_ws/install/exersice_2_2/share/ament_index/resource_index/parent_prefix_path/exersice_2_2
[0.237s] -- Up-to-date symlink: /home/teehee/ros2_ws/install/exersice_2_2/share/exersice_2_2/environment/ament_prefix_path.sh
[0.238s] -- Up-to-date symlink: /home/teehee/ros2_ws/install/exersice_2_2/share/exersice_2_2/environment/ament_prefix_path.dsv
[0.238s] -- Up-to-date symlink: /home/teehee/ros2_ws/install/exersice_2_2/share/exersice_2_2/environment/path.sh
[0.238s] -- Up-to-date symlink: /home/teehee/ros2_ws/install/exersice_2_2/share/exersice_2_2/environment/path.dsv
[0.239s] -- Up-to-date symlink: /home/teehee/ros2_ws/install/exersice_2_2/share/exersice_2_2/local_setup.bash
[0.239s] -- Up-to-date symlink: /home/teehee/ros2_ws/install/exersice_2_2/share/exersice_2_2/local_setup.sh
[0.239s] -- Up-to-date symlink: /home/teehee/ros2_ws/install/exersice_2_2/share/exersice_2_2/local_setup.zsh
[0.239s] -- Up-to-date symlink: /home/teehee/ros2_ws/install/exersice_2_2/share/exersice_2_2/local_setup.dsv
[0.239s] -- Symlinking: /home/teehee/ros2_ws/install/exersice_2_2/share/exersice_2_2/package.dsv
[0.239s] -- Up-to-date symlink: /home/teehee/ros2_ws/install/exersice_2_2/share/ament_index/resource_index/packages/exersice_2_2
[0.240s] -- Up-to-date symlink: /home/teehee/ros2_ws/install/exersice_2_2/share/exersice_2_2/cmake/exersice_2_2Config.cmake
[0.240s] -- Up-to-date symlink: /home/teehee/ros2_ws/install/exersice_2_2/share/exersice_2_2/cmake/exersice_2_2Config-version.cmake
[0.240s] -- Up-to-date symlink: /home/teehee/ros2_ws/install/exersice_2_2/share/exersice_2_2/package.xml
[0.242s] Invoked command in '/home/teehee/ros2_ws/build/exersice_2_2' returned '0': CMAKE_PREFIX_PATH=${CMAKE_PREFIX_PATH}:/home/teehee/ros2_ws/install/tf2_pkg:/home/teehee/ros2_ws/install/labs_pkg:/home/teehee/ros2_ws/install/labex6:/home/teehee/ros2_ws/install/lab_exam2_pkg:/home/teehee/ros2_ws/install/example_pkg:/opt/ros/humble /usr/bin/cmake --install /home/teehee/ros2_ws/build/exersice_2_2
