[1.522s] DEBUG:colcon:Command line arguments: ['/usr/bin/colcon', 'build', '--packages-select', 'lab_exam2_pkg', '--symlink-install']
[1.522s] DEBUG:colcon:Parsed command line arguments: Namespace(log_base=None, log_level=None, verb_name='build', build_base='build', install_base='install', merge_install=False, symlink_install=True, test_result_base=None, continue_on_error=False, executor='parallel', parallel_workers=4, event_handlers=None, ignore_user_meta=False, metas=['./colcon.meta'], base_paths=['.'], packages_ignore=None, packages_ignore_regex=None, paths=None, packages_up_to=None, packages_up_to_regex=None, packages_above=None, packages_above_and_dependencies=None, packages_above_depth=None, packages_select_by_dep=None, packages_skip_by_dep=None, packages_skip_up_to=None, packages_select_build_failed=False, packages_skip_build_finished=False, packages_select_test_failures=False, packages_skip_test_passed=False, packages_select=['lab_exam2_pkg'], packages_skip=None, packages_select_regex=None, packages_skip_regex=None, packages_start=None, packages_end=None, allow_overriding=[], cmake_args=None, cmake_target=None, cmake_target_skip_unavailable=False, cmake_clean_cache=False, cmake_clean_first=False, cmake_force_configure=False, ament_cmake_args=None, catkin_cmake_args=None, catkin_skip_building_tests=False, verb_parser=<colcon_defaults.argument_parser.defaults.DefaultArgumentsDecorator object at 0x7fdcef691900>, verb_extension=<colcon_core.verb.build.BuildVerb object at 0x7fdcef6908b0>, main=<bound method BuildVerb.main of <colcon_core.verb.build.BuildVerb object at 0x7fdcef6908b0>>)
[1.643s] Level 1:colcon.colcon_core.package_discovery:discover_packages(colcon_meta) check parameters
[1.643s] Level 1:colcon.colcon_core.package_discovery:discover_packages(recursive) check parameters
[1.643s] Level 1:colcon.colcon_core.package_discovery:discover_packages(ignore) check parameters
[1.643s] Level 1:colcon.colcon_core.package_discovery:discover_packages(path) check parameters
[1.644s] Level 1:colcon.colcon_core.package_discovery:discover_packages(colcon_meta) discover
[1.644s] Level 1:colcon.colcon_core.package_discovery:discover_packages(recursive) discover
[1.644s] INFO:colcon.colcon_core.package_discovery:Crawling recursively for packages in '/home/teehee/ros2_ws'
[1.644s] Level 1:colcon.colcon_core.package_identification:_identify(.) by extensions ['ignore', 'ignore_ament_install']
[1.644s] Level 1:colcon.colcon_core.package_identification:_identify(.) by extension 'ignore'
[1.644s] Level 1:colcon.colcon_core.package_identification:_identify(.) by extension 'ignore_ament_install'
[1.644s] Level 1:colcon.colcon_core.package_identification:_identify(.) by extensions ['colcon_pkg']
[1.644s] Level 1:colcon.colcon_core.package_identification:_identify(.) by extension 'colcon_pkg'
[1.644s] Level 1:colcon.colcon_core.package_identification:_identify(.) by extensions ['colcon_meta']
[1.644s] Level 1:colcon.colcon_core.package_identification:_identify(.) by extension 'colcon_meta'
[1.644s] Level 1:colcon.colcon_core.package_identification:_identify(.) by extensions ['ros']
[1.644s] Level 1:colcon.colcon_core.package_identification:_identify(.) by extension 'ros'
[1.660s] Level 1:colcon.colcon_core.package_identification:_identify(.) by extensions ['cmake', 'python']
[1.660s] Level 1:colcon.colcon_core.package_identification:_identify(.) by extension 'cmake'
[1.660s] Level 1:colcon.colcon_core.package_identification:_identify(.) by extension 'python'
[1.660s] Level 1:colcon.colcon_core.package_identification:_identify(.) by extensions ['python_setup_py']
[1.660s] Level 1:colcon.colcon_core.package_identification:_identify(.) by extension 'python_setup_py'
[1.661s] Level 1:colcon.colcon_core.package_identification:_identify(build) by extensions ['ignore', 'ignore_ament_install']
[1.661s] Level 1:colcon.colcon_core.package_identification:_identify(build) by extension 'ignore'
[1.661s] Level 1:colcon.colcon_core.package_identification:_identify(build) ignored
[1.661s] Level 1:colcon.colcon_core.package_identification:_identify(install) by extensions ['ignore', 'ignore_ament_install']
[1.661s] Level 1:colcon.colcon_core.package_identification:_identify(install) by extension 'ignore'
[1.661s] Level 1:colcon.colcon_core.package_identification:_identify(install) ignored
[1.661s] Level 1:colcon.colcon_core.package_identification:_identify(log) by extensions ['ignore', 'ignore_ament_install']
[1.661s] Level 1:colcon.colcon_core.package_identification:_identify(log) by extension 'ignore'
[1.661s] Level 1:colcon.colcon_core.package_identification:_identify(log) ignored
[1.661s] Level 1:colcon.colcon_core.package_identification:_identify(src) by extensions ['ignore', 'ignore_ament_install']
[1.661s] Level 1:colcon.colcon_core.package_identification:_identify(src) by extension 'ignore'
[1.661s] Level 1:colcon.colcon_core.package_identification:_identify(src) by extension 'ignore_ament_install'
[1.661s] Level 1:colcon.colcon_core.package_identification:_identify(src) by extensions ['colcon_pkg']
[1.661s] Level 1:colcon.colcon_core.package_identification:_identify(src) by extension 'colcon_pkg'
[1.662s] Level 1:colcon.colcon_core.package_identification:_identify(src) by extensions ['colcon_meta']
[1.662s] Level 1:colcon.colcon_core.package_identification:_identify(src) by extension 'colcon_meta'
[1.662s] Level 1:colcon.colcon_core.package_identification:_identify(src) by extensions ['ros']
[1.662s] Level 1:colcon.colcon_core.package_identification:_identify(src) by extension 'ros'
[1.662s] Level 1:colcon.colcon_core.package_identification:_identify(src) by extensions ['cmake', 'python']
[1.662s] Level 1:colcon.colcon_core.package_identification:_identify(src) by extension 'cmake'
[1.662s] Level 1:colcon.colcon_core.package_identification:_identify(src) by extension 'python'
[1.662s] Level 1:colcon.colcon_core.package_identification:_identify(src) by extensions ['python_setup_py']
[1.662s] Level 1:colcon.colcon_core.package_identification:_identify(src) by extension 'python_setup_py'
[1.663s] Level 1:colcon.colcon_core.package_identification:_identify(src/example_pkg) by extensions ['ignore', 'ignore_ament_install']
[1.663s] Level 1:colcon.colcon_core.package_identification:_identify(src/example_pkg) by extension 'ignore'
[1.663s] Level 1:colcon.colcon_core.package_identification:_identify(src/example_pkg) by extension 'ignore_ament_install'
[1.663s] Level 1:colcon.colcon_core.package_identification:_identify(src/example_pkg) by extensions ['colcon_pkg']
[1.663s] Level 1:colcon.colcon_core.package_identification:_identify(src/example_pkg) by extension 'colcon_pkg'
[1.663s] Level 1:colcon.colcon_core.package_identification:_identify(src/example_pkg) by extensions ['colcon_meta']
[1.663s] Level 1:colcon.colcon_core.package_identification:_identify(src/example_pkg) by extension 'colcon_meta'
[1.663s] Level 1:colcon.colcon_core.package_identification:_identify(src/example_pkg) by extensions ['ros']
[1.663s] Level 1:colcon.colcon_core.package_identification:_identify(src/example_pkg) by extension 'ros'
[1.670s] DEBUG:colcon.colcon_core.package_identification:Package 'src/example_pkg' with type 'ros.ament_python' and name 'example_pkg'
[1.670s] Level 1:colcon.colcon_core.package_identification:_identify(src/lab_exam2_pkg) by extensions ['ignore', 'ignore_ament_install']
[1.670s] Level 1:colcon.colcon_core.package_identification:_identify(src/lab_exam2_pkg) by extension 'ignore'
[1.671s] Level 1:colcon.colcon_core.package_identification:_identify(src/lab_exam2_pkg) by extension 'ignore_ament_install'
[1.671s] Level 1:colcon.colcon_core.package_identification:_identify(src/lab_exam2_pkg) by extensions ['colcon_pkg']
[1.671s] Level 1:colcon.colcon_core.package_identification:_identify(src/lab_exam2_pkg) by extension 'colcon_pkg'
[1.671s] Level 1:colcon.colcon_core.package_identification:_identify(src/lab_exam2_pkg) by extensions ['colcon_meta']
[1.671s] Level 1:colcon.colcon_core.package_identification:_identify(src/lab_exam2_pkg) by extension 'colcon_meta'
[1.671s] Level 1:colcon.colcon_core.package_identification:_identify(src/lab_exam2_pkg) by extensions ['ros']
[1.671s] Level 1:colcon.colcon_core.package_identification:_identify(src/lab_exam2_pkg) by extension 'ros'
[1.673s] DEBUG:colcon.colcon_core.package_identification:Package 'src/lab_exam2_pkg' with type 'ros.ament_python' and name 'lab_exam2_pkg'
[1.673s] Level 1:colcon.colcon_core.package_identification:_identify(src/lab_interfaces) by extensions ['ignore', 'ignore_ament_install']
[1.673s] Level 1:colcon.colcon_core.package_identification:_identify(src/lab_interfaces) by extension 'ignore'
[1.673s] Level 1:colcon.colcon_core.package_identification:_identify(src/lab_interfaces) by extension 'ignore_ament_install'
[1.673s] Level 1:colcon.colcon_core.package_identification:_identify(src/lab_interfaces) by extensions ['colcon_pkg']
[1.673s] Level 1:colcon.colcon_core.package_identification:_identify(src/lab_interfaces) by extension 'colcon_pkg'
[1.673s] Level 1:colcon.colcon_core.package_identification:_identify(src/lab_interfaces) by extensions ['colcon_meta']
[1.673s] Level 1:colcon.colcon_core.package_identification:_identify(src/lab_interfaces) by extension 'colcon_meta'
[1.673s] Level 1:colcon.colcon_core.package_identification:_identify(src/lab_interfaces) by extensions ['ros']
[1.673s] Level 1:colcon.colcon_core.package_identification:_identify(src/lab_interfaces) by extension 'ros'
[1.674s] DEBUG:colcon.colcon_core.package_identification:Package 'src/lab_interfaces' with type 'ros.ament_cmake' and name 'lab_interfaces'
[1.674s] Level 1:colcon.colcon_core.package_identification:_identify(src/labs_pkg) by extensions ['ignore', 'ignore_ament_install']
[1.674s] Level 1:colcon.colcon_core.package_identification:_identify(src/labs_pkg) by extension 'ignore'
[1.674s] Level 1:colcon.colcon_core.package_identification:_identify(src/labs_pkg) by extension 'ignore_ament_install'
[1.674s] Level 1:colcon.colcon_core.package_identification:_identify(src/labs_pkg) by extensions ['colcon_pkg']
[1.675s] Level 1:colcon.colcon_core.package_identification:_identify(src/labs_pkg) by extension 'colcon_pkg'
[1.676s] Level 1:colcon.colcon_core.package_identification:_identify(src/labs_pkg) by extensions ['colcon_meta']
[1.677s] Level 1:colcon.colcon_core.package_identification:_identify(src/labs_pkg) by extension 'colcon_meta'
[1.678s] Level 1:colcon.colcon_core.package_identification:_identify(src/labs_pkg) by extensions ['ros']
[1.678s] Level 1:colcon.colcon_core.package_identification:_identify(src/labs_pkg) by extension 'ros'
[1.679s] DEBUG:colcon.colcon_core.package_identification:Package 'src/labs_pkg' with type 'ros.ament_python' and name 'labs_pkg'
[1.679s] Level 1:colcon.colcon_core.package_discovery:discover_packages(recursive) using defaults
[1.680s] Level 1:colcon.colcon_core.package_discovery:discover_packages(ignore) discover
[1.680s] Level 1:colcon.colcon_core.package_discovery:discover_packages(ignore) using defaults
[1.680s] Level 1:colcon.colcon_core.package_discovery:discover_packages(path) discover
[1.680s] Level 1:colcon.colcon_core.package_discovery:discover_packages(path) using defaults
[1.790s] INFO:colcon.colcon_core.package_selection:Skipping not selected package 'example_pkg' in 'src/example_pkg'
[1.790s] INFO:colcon.colcon_core.package_selection:Skipping not selected package 'lab_interfaces' in 'src/lab_interfaces'
[1.790s] INFO:colcon.colcon_core.package_selection:Skipping not selected package 'labs_pkg' in 'src/labs_pkg'
[1.820s] Level 1:colcon.colcon_core.package_discovery:discover_packages(prefix_path) check parameters
[1.820s] Level 1:colcon.colcon_core.package_discovery:discover_packages(prefix_path) discover
[1.853s] DEBUG:colcon.colcon_installed_package_information.package_discovery:Found 4 installed packages in /home/teehee/ros2_ws/install
[1.868s] DEBUG:colcon.colcon_installed_package_information.package_discovery:Found 270 installed packages in /opt/ros/humble
[1.869s] Level 1:colcon.colcon_core.package_discovery:discover_packages(prefix_path) using defaults
[1.960s] Level 5:colcon.colcon_core.verb:set package 'lab_exam2_pkg' build argument 'cmake_args' from command line to 'None'
[1.960s] Level 5:colcon.colcon_core.verb:set package 'lab_exam2_pkg' build argument 'cmake_target' from command line to 'None'
[1.960s] Level 5:colcon.colcon_core.verb:set package 'lab_exam2_pkg' build argument 'cmake_target_skip_unavailable' from command line to 'False'
[1.960s] Level 5:colcon.colcon_core.verb:set package 'lab_exam2_pkg' build argument 'cmake_clean_cache' from command line to 'False'
[1.960s] Level 5:colcon.colcon_core.verb:set package 'lab_exam2_pkg' build argument 'cmake_clean_first' from command line to 'False'
[1.961s] Level 5:colcon.colcon_core.verb:set package 'lab_exam2_pkg' build argument 'cmake_force_configure' from command line to 'False'
[1.961s] Level 5:colcon.colcon_core.verb:set package 'lab_exam2_pkg' build argument 'ament_cmake_args' from command line to 'None'
[1.961s] Level 5:colcon.colcon_core.verb:set package 'lab_exam2_pkg' build argument 'catkin_cmake_args' from command line to 'None'
[1.961s] Level 5:colcon.colcon_core.verb:set package 'lab_exam2_pkg' build argument 'catkin_skip_building_tests' from command line to 'False'
[1.961s] DEBUG:colcon.colcon_core.verb:Building package 'lab_exam2_pkg' with the following arguments: {'ament_cmake_args': None, 'build_base': '/home/teehee/ros2_ws/build/lab_exam2_pkg', 'catkin_cmake_args': None, 'catkin_skip_building_tests': False, 'cmake_args': None, 'cmake_clean_cache': False, 'cmake_clean_first': False, 'cmake_force_configure': False, 'cmake_target': None, 'cmake_target_skip_unavailable': False, 'install_base': '/home/teehee/ros2_ws/install/lab_exam2_pkg', 'merge_install': False, 'path': '/home/teehee/ros2_ws/src/lab_exam2_pkg', 'symlink_install': True, 'test_result_base': None}
[1.973s] INFO:colcon.colcon_core.executor:Executing jobs using 'parallel' executor
[1.986s] DEBUG:colcon.colcon_parallel_executor.executor.parallel:run_until_complete
[1.986s] INFO:colcon.colcon_ros.task.ament_python.build:Building ROS package in '/home/teehee/ros2_ws/src/lab_exam2_pkg' with build type 'ament_python'
[1.986s] Level 1:colcon.colcon_core.shell:create_environment_hook('lab_exam2_pkg', 'ament_prefix_path')
[2.032s] INFO:colcon.colcon_core.plugin_system:Skipping extension 'colcon_core.shell.bat': Not used on non-Windows systems
[2.032s] INFO:colcon.colcon_core.shell:Creating environment hook '/home/teehee/ros2_ws/install/lab_exam2_pkg/share/lab_exam2_pkg/hook/ament_prefix_path.ps1'
[2.034s] INFO:colcon.colcon_core.shell:Creating environment descriptor '/home/teehee/ros2_ws/install/lab_exam2_pkg/share/lab_exam2_pkg/hook/ament_prefix_path.dsv'
[2.035s] INFO:colcon.colcon_core.shell:Creating environment hook '/home/teehee/ros2_ws/install/lab_exam2_pkg/share/lab_exam2_pkg/hook/ament_prefix_path.sh'
[2.050s] INFO:colcon.colcon_core.shell:Skip shell extension 'powershell' for command environment: Not usable outside of PowerShell
[2.050s] DEBUG:colcon.colcon_core.shell:Skip shell extension 'dsv' for command environment
[2.422s] INFO:colcon.colcon_core.task.python.build:Building Python package in '/home/teehee/ros2_ws/src/lab_exam2_pkg'
[2.434s] INFO:colcon.colcon_core.shell:Skip shell extension 'powershell' for command environment: Not usable outside of PowerShell
[2.434s] DEBUG:colcon.colcon_core.shell:Skip shell extension 'dsv' for command environment
[3.009s] DEBUG:colcon.colcon_core.event_handler.log_command:Invoking command in '/home/teehee/ros2_ws/build/lab_exam2_pkg': PYTHONPATH=/home/teehee/ros2_ws/build/lab_exam2_pkg/prefix_override:/home/teehee/ros2_ws/install/lab_exam2_pkg/lib/python3.10/site-packages:${PYTHONPATH} /usr/bin/python3 setup.py develop --editable --build-directory /home/teehee/ros2_ws/build/lab_exam2_pkg/build --no-deps install_data
[3.515s] Level 1:colcon.colcon_core.shell:create_environment_hook('lab_exam2_pkg', 'pythonpath_develop')
[3.516s] DEBUG:colcon.colcon_core.event_handler.log_command:Invoked command in '/home/teehee/ros2_ws/build/lab_exam2_pkg' returned '0': PYTHONPATH=/home/teehee/ros2_ws/build/lab_exam2_pkg/prefix_override:/home/teehee/ros2_ws/install/lab_exam2_pkg/lib/python3.10/site-packages:${PYTHONPATH} /usr/bin/python3 setup.py develop --editable --build-directory /home/teehee/ros2_ws/build/lab_exam2_pkg/build --no-deps install_data
[3.528s] INFO:colcon.colcon_core.shell:Creating environment hook '/home/teehee/ros2_ws/build/lab_exam2_pkg/share/lab_exam2_pkg/hook/pythonpath_develop.ps1'
[3.529s] INFO:colcon.colcon_core.shell:Creating environment descriptor '/home/teehee/ros2_ws/build/lab_exam2_pkg/share/lab_exam2_pkg/hook/pythonpath_develop.dsv'
[3.529s] INFO:colcon.colcon_core.shell:Creating environment hook '/home/teehee/ros2_ws/build/lab_exam2_pkg/share/lab_exam2_pkg/hook/pythonpath_develop.sh'
[3.582s] Level 1:colcon.colcon_core.environment:checking '/home/teehee/ros2_ws/install/lab_exam2_pkg' for CMake module files
[3.582s] Level 1:colcon.colcon_core.environment:checking '/home/teehee/ros2_ws/install/lab_exam2_pkg' for CMake config files
[3.583s] Level 1:colcon.colcon_core.environment:checking '/home/teehee/ros2_ws/install/lab_exam2_pkg/lib'
[3.583s] Level 1:colcon.colcon_core.environment:checking '/home/teehee/ros2_ws/install/lab_exam2_pkg/bin'
[3.583s] Level 1:colcon.colcon_core.environment:checking '/home/teehee/ros2_ws/install/lab_exam2_pkg/lib/pkgconfig/lab_exam2_pkg.pc'
[3.583s] Level 1:colcon.colcon_core.environment:checking '/home/teehee/ros2_ws/install/lab_exam2_pkg/lib/python3.10/site-packages'
[3.583s] Level 1:colcon.colcon_core.shell:create_environment_hook('lab_exam2_pkg', 'pythonpath')
[3.597s] INFO:colcon.colcon_core.shell:Creating environment hook '/home/teehee/ros2_ws/install/lab_exam2_pkg/share/lab_exam2_pkg/hook/pythonpath.ps1'
[3.598s] INFO:colcon.colcon_core.shell:Creating environment descriptor '/home/teehee/ros2_ws/install/lab_exam2_pkg/share/lab_exam2_pkg/hook/pythonpath.dsv'
[3.598s] INFO:colcon.colcon_core.shell:Creating environment hook '/home/teehee/ros2_ws/install/lab_exam2_pkg/share/lab_exam2_pkg/hook/pythonpath.sh'
[3.599s] Level 1:colcon.colcon_core.environment:checking '/home/teehee/ros2_ws/install/lab_exam2_pkg/bin'
[3.599s] Level 1:colcon.colcon_core.environment:create_environment_scripts_only(lab_exam2_pkg)
[3.612s] INFO:colcon.colcon_core.shell:Creating package script '/home/teehee/ros2_ws/install/lab_exam2_pkg/share/lab_exam2_pkg/package.ps1'
[3.613s] INFO:colcon.colcon_core.shell:Creating package descriptor '/home/teehee/ros2_ws/install/lab_exam2_pkg/share/lab_exam2_pkg/package.dsv'
[3.615s] INFO:colcon.colcon_core.shell:Creating package script '/home/teehee/ros2_ws/install/lab_exam2_pkg/share/lab_exam2_pkg/package.sh'
[3.616s] INFO:colcon.colcon_core.shell:Creating package script '/home/teehee/ros2_ws/install/lab_exam2_pkg/share/lab_exam2_pkg/package.bash'
[3.618s] INFO:colcon.colcon_core.shell:Creating package script '/home/teehee/ros2_ws/install/lab_exam2_pkg/share/lab_exam2_pkg/package.zsh'
[3.620s] Level 1:colcon.colcon_core.environment:create_file_with_runtime_dependencies(/home/teehee/ros2_ws/install/lab_exam2_pkg/share/colcon-core/packages/lab_exam2_pkg)
[3.620s] DEBUG:colcon.colcon_parallel_executor.executor.parallel:closing loop
[3.621s] DEBUG:colcon.colcon_parallel_executor.executor.parallel:loop closed
[3.621s] DEBUG:colcon.colcon_parallel_executor.executor.parallel:run_until_complete finished with '0'
[3.621s] DEBUG:colcon.colcon_core.event_reactor:joining thread
[3.658s] INFO:colcon.colcon_core.plugin_system:Skipping extension 'colcon_notification.desktop_notification.terminal_notifier': Not used on non-Darwin systems
[3.658s] INFO:colcon.colcon_core.plugin_system:Skipping extension 'colcon_notification.desktop_notification.win32': Not used on non-Windows systems
[3.658s] INFO:colcon.colcon_notification.desktop_notification:Sending desktop notification using 'notify2'
[3.690s] DEBUG:colcon.colcon_core.event_reactor:joined thread
[3.705s] INFO:colcon.colcon_core.shell:Creating prefix script '/home/teehee/ros2_ws/install/local_setup.ps1'
[3.707s] INFO:colcon.colcon_core.shell:Creating prefix util module '/home/teehee/ros2_ws/install/_local_setup_util_ps1.py'
[3.709s] INFO:colcon.colcon_core.shell:Creating prefix chain script '/home/teehee/ros2_ws/install/setup.ps1'
[3.728s] INFO:colcon.colcon_core.shell:Creating prefix script '/home/teehee/ros2_ws/install/local_setup.sh'
[3.729s] INFO:colcon.colcon_core.shell:Creating prefix util module '/home/teehee/ros2_ws/install/_local_setup_util_sh.py'
[3.730s] INFO:colcon.colcon_core.shell:Creating prefix chain script '/home/teehee/ros2_ws/install/setup.sh'
[3.746s] INFO:colcon.colcon_core.shell:Creating prefix script '/home/teehee/ros2_ws/install/local_setup.bash'
[3.748s] INFO:colcon.colcon_core.shell:Creating prefix chain script '/home/teehee/ros2_ws/install/setup.bash'
[3.781s] INFO:colcon.colcon_core.shell:Creating prefix script '/home/teehee/ros2_ws/install/local_setup.zsh'
[3.782s] INFO:colcon.colcon_core.shell:Creating prefix chain script '/home/teehee/ros2_ws/install/setup.zsh'
