[0.905s] Invoking command in '/home/teehee/ros2_ws/build/labs_pkg': CMAKE_PREFIX_PATH=/home/teehee/ros2_ws/install/lab_interfaces:/home/teehee/ros2_ws/install/labs_bringup PYTHONPATH=/home/teehee/ros2_ws/build/labs_pkg/prefix_override:/home/teehee/ros2_ws/install/labs_pkg/lib/python3.10/site-packages:${PYTHONPATH} /usr/bin/python3 setup.py develop --editable --build-directory /home/teehee/ros2_ws/build/labs_pkg/build --no-deps install_data
[1.189s] running develop
[1.190s] /usr/lib/python3/dist-packages/setuptools/command/easy_install.py:158: EasyInstallDeprecationWarning: easy_install command is deprecated. Use build and pip and other standards-based tools.
[1.190s]   warnings.warn(
[1.191s] /usr/lib/python3/dist-packages/setuptools/command/install.py:34: SetuptoolsDeprecationWarning: setup.py install is deprecated. Use build and pip and other standards-based tools.
[1.191s]   warnings.warn(
[1.346s] running egg_info
[1.346s] writing labs_pkg.egg-info/PKG-INFO
[1.347s] writing dependency_links to labs_pkg.egg-info/dependency_links.txt
[1.347s] writing entry points to labs_pkg.egg-info/entry_points.txt
[1.348s] writing requirements to labs_pkg.egg-info/requires.txt
[1.348s] writing top-level names to labs_pkg.egg-info/top_level.txt
[1.350s] reading manifest file 'labs_pkg.egg-info/SOURCES.txt'
[1.361s] writing manifest file 'labs_pkg.egg-info/SOURCES.txt'
[1.363s] running build_ext
[1.363s] Creating /home/teehee/ros2_ws/install/labs_pkg/lib/python3.10/site-packages/labs-pkg.egg-link (link to .)
[1.363s] Installing add2ints_client script to /home/teehee/ros2_ws/install/labs_pkg/lib/labs_pkg
[1.364s] Installing add2ints_client_no_oop script to /home/teehee/ros2_ws/install/labs_pkg/lib/labs_pkg
[1.364s] Installing add2ints_server script to /home/teehee/ros2_ws/install/labs_pkg/lib/labs_pkg
[1.365s] Installing array_adder script to /home/teehee/ros2_ws/install/labs_pkg/lib/labs_pkg
[1.365s] Installing control_turtle script to /home/teehee/ros2_ws/install/labs_pkg/lib/labs_pkg
[1.365s] Installing cumulative_adder script to /home/teehee/ros2_ws/install/labs_pkg/lib/labs_pkg
[1.365s] Installing integer_array_publisher script to /home/teehee/ros2_ws/install/labs_pkg/lib/labs_pkg
[1.365s] Installing integer_publisher script to /home/teehee/ros2_ws/install/labs_pkg/lib/labs_pkg
[1.365s] Installing my_listener script to /home/teehee/ros2_ws/install/labs_pkg/lib/labs_pkg
[1.365s] Installing my_talker script to /home/teehee/ros2_ws/install/labs_pkg/lib/labs_pkg
[1.365s] Installing spawn_turtles script to /home/teehee/ros2_ws/install/labs_pkg/lib/labs_pkg
[1.365s] Installing tb4_circles script to /home/teehee/ros2_ws/install/labs_pkg/lib/labs_pkg
[1.365s] Installing tb4_stop_at_wall script to /home/teehee/ros2_ws/install/labs_pkg/lib/labs_pkg
[1.366s] Installing turtle_monitor script to /home/teehee/ros2_ws/install/labs_pkg/lib/labs_pkg
[1.366s] Installing turtlesim_circles script to /home/teehee/ros2_ws/install/labs_pkg/lib/labs_pkg
[1.366s] Installing turtlesim_drivesquare script to /home/teehee/ros2_ws/install/labs_pkg/lib/labs_pkg
[1.367s] Installing turtlesim_move script to /home/teehee/ros2_ws/install/labs_pkg/lib/labs_pkg
[1.367s] Installing turtlesim_odom script to /home/teehee/ros2_ws/install/labs_pkg/lib/labs_pkg
[1.367s] Installing turtlesim_scan script to /home/teehee/ros2_ws/install/labs_pkg/lib/labs_pkg
[1.367s] Installing turtlesim_stop_at_wall script to /home/teehee/ros2_ws/install/labs_pkg/lib/labs_pkg
[1.367s] Installing wall_dist_measurement script to /home/teehee/ros2_ws/install/labs_pkg/lib/labs_pkg
[1.367s] Installing wall_dist_measurement_server script to /home/teehee/ros2_ws/install/labs_pkg/lib/labs_pkg
[1.367s] Installing wall_dist_statistics script to /home/teehee/ros2_ws/install/labs_pkg/lib/labs_pkg
[1.368s] Installing wall_dist_statistics_client script to /home/teehee/ros2_ws/install/labs_pkg/lib/labs_pkg
[1.368s] 
[1.368s] Installed /home/teehee/ros2_ws/build/labs_pkg
[1.368s] running install_data
[1.394s] Invoked command in '/home/teehee/ros2_ws/build/labs_pkg' returned '0': CMAKE_PREFIX_PATH=/home/teehee/ros2_ws/install/lab_interfaces:/home/teehee/ros2_ws/install/labs_bringup PYTHONPATH=/home/teehee/ros2_ws/build/labs_pkg/prefix_override:/home/teehee/ros2_ws/install/labs_pkg/lib/python3.10/site-packages:${PYTHONPATH} /usr/bin/python3 setup.py develop --editable --build-directory /home/teehee/ros2_ws/build/labs_pkg/build --no-deps install_data
