[0.524s] Invoking command in '/home/teehee/ros2_ws/src~/example_pkg': PYTHONPATH=/home/teehee/ros2_ws/build/example_pkg/prefix_override:/home/teehee/ros2_ws/install/example_pkg/lib/python3.10/site-packages:${PYTHONPATH} /usr/bin/python3 setup.py egg_info --egg-base ../../build/example_pkg build --build-base /home/teehee/ros2_ws/build/example_pkg/build install --record /home/teehee/ros2_ws/build/example_pkg/install.log --single-version-externally-managed
[0.692s] running egg_info
[0.693s] creating ../../build/example_pkg/example_pkg.egg-info
[0.693s] writing ../../build/example_pkg/example_pkg.egg-info/PKG-INFO
[0.693s] writing dependency_links to ../../build/example_pkg/example_pkg.egg-info/dependency_links.txt
[0.693s] writing entry points to ../../build/example_pkg/example_pkg.egg-info/entry_points.txt
[0.694s] writing requirements to ../../build/example_pkg/example_pkg.egg-info/requires.txt
[0.694s] writing top-level names to ../../build/example_pkg/example_pkg.egg-info/top_level.txt
[0.694s] writing manifest file '../../build/example_pkg/example_pkg.egg-info/SOURCES.txt'
[0.695s] reading manifest file '../../build/example_pkg/example_pkg.egg-info/SOURCES.txt'
[0.696s] writing manifest file '../../build/example_pkg/example_pkg.egg-info/SOURCES.txt'
[0.696s] running build
[0.697s] running build_py
[0.697s] creating /home/teehee/ros2_ws/build/example_pkg/build
[0.697s] creating /home/teehee/ros2_ws/build/example_pkg/build/lib
[0.697s] creating /home/teehee/ros2_ws/build/example_pkg/build/lib/example_pkg
[0.697s] copying example_pkg/__init__.py -> /home/teehee/ros2_ws/build/example_pkg/build/lib/example_pkg
[0.697s] running install
[0.698s] /usr/lib/python3/dist-packages/setuptools/command/install.py:34: SetuptoolsDeprecationWarning: setup.py install is deprecated. Use build and pip and other standards-based tools.
[0.698s]   warnings.warn(
[0.698s] running install_lib
[0.699s] creating /home/teehee/ros2_ws/install/example_pkg/lib/python3.10/site-packages/example_pkg
[0.699s] copying /home/teehee/ros2_ws/build/example_pkg/build/lib/example_pkg/__init__.py -> /home/teehee/ros2_ws/install/example_pkg/lib/python3.10/site-packages/example_pkg
[0.699s] byte-compiling /home/teehee/ros2_ws/install/example_pkg/lib/python3.10/site-packages/example_pkg/__init__.py to __init__.cpython-310.pyc
[0.699s] running install_data
[0.700s] creating /home/teehee/ros2_ws/install/example_pkg/share/ament_index
[0.700s] creating /home/teehee/ros2_ws/install/example_pkg/share/ament_index/resource_index
[0.700s] creating /home/teehee/ros2_ws/install/example_pkg/share/ament_index/resource_index/packages
[0.700s] copying resource/example_pkg -> /home/teehee/ros2_ws/install/example_pkg/share/ament_index/resource_index/packages
[0.701s] copying package.xml -> /home/teehee/ros2_ws/install/example_pkg/share/example_pkg
[0.701s] running install_egg_info
[0.702s] Copying ../../build/example_pkg/example_pkg.egg-info to /home/teehee/ros2_ws/install/example_pkg/lib/python3.10/site-packages/example_pkg-0.0.0-py3.10.egg-info
[0.703s] running install_scripts
[0.725s] writing list of installed files to '/home/teehee/ros2_ws/build/example_pkg/install.log'
[0.744s] Invoked command in '/home/teehee/ros2_ws/src~/example_pkg' returned '0': PYTHONPATH=/home/teehee/ros2_ws/build/example_pkg/prefix_override:/home/teehee/ros2_ws/install/example_pkg/lib/python3.10/site-packages:${PYTHONPATH} /usr/bin/python3 setup.py egg_info --egg-base ../../build/example_pkg build --build-base /home/teehee/ros2_ws/build/example_pkg/build install --record /home/teehee/ros2_ws/build/example_pkg/install.log --single-version-externally-managed
