[0.359s] Invoking command in '/home/teehee/ros2_ws/build/tf2_pkg': PYTHONPATH=/home/teehee/ros2_ws/build/tf2_pkg/prefix_override:/home/teehee/ros2_ws/install/tf2_pkg/lib/python3.10/site-packages:${PYTHONPATH} /usr/bin/python3 setup.py develop --editable --build-directory /home/teehee/ros2_ws/build/tf2_pkg/build --no-deps install_data
[0.486s] running develop
[0.486s] /usr/lib/python3/dist-packages/setuptools/command/easy_install.py:158: EasyInstallDeprecationWarning: easy_install command is deprecated. Use build and pip and other standards-based tools.
[0.486s]   warnings.warn(
[0.487s] /usr/lib/python3/dist-packages/setuptools/command/install.py:34: SetuptoolsDeprecationWarning: setup.py install is deprecated. Use build and pip and other standards-based tools.
[0.487s]   warnings.warn(
[0.551s] running egg_info
[0.551s] writing tf2_pkg.egg-info/PKG-INFO
[0.551s] writing dependency_links to tf2_pkg.egg-info/dependency_links.txt
[0.551s] writing entry points to tf2_pkg.egg-info/entry_points.txt
[0.552s] writing requirements to tf2_pkg.egg-info/requires.txt
[0.552s] writing top-level names to tf2_pkg.egg-info/top_level.txt
[0.553s] reading manifest file 'tf2_pkg.egg-info/SOURCES.txt'
[0.553s] writing manifest file 'tf2_pkg.egg-info/SOURCES.txt'
[0.554s] running build_ext
[0.557s] Creating /home/teehee/ros2_ws/install/tf2_pkg/lib/python3.10/site-packages/tf2-pkg.egg-link (link to .)
[0.569s] Installing tf_broadcaster1 script to /home/teehee/ros2_ws/install/tf2_pkg/lib/tf2_pkg
[0.569s] Installing tf_broadcaster2 script to /home/teehee/ros2_ws/install/tf2_pkg/lib/tf2_pkg
[0.569s] Installing tf_broadcaster3 script to /home/teehee/ros2_ws/install/tf2_pkg/lib/tf2_pkg
[0.569s] Installing tf_broadcaster4 script to /home/teehee/ros2_ws/install/tf2_pkg/lib/tf2_pkg
[0.571s] Installing tf_listener script to /home/teehee/ros2_ws/install/tf2_pkg/lib/tf2_pkg
[0.571s] Installing tf_listener1 script to /home/teehee/ros2_ws/install/tf2_pkg/lib/tf2_pkg
[0.571s] Installing tf_listener2 script to /home/teehee/ros2_ws/install/tf2_pkg/lib/tf2_pkg
[0.571s] Installing transform_point script to /home/teehee/ros2_ws/install/tf2_pkg/lib/tf2_pkg
[0.571s] 
[0.571s] Installed /home/teehee/ros2_ws/build/tf2_pkg
[0.571s] running install_data
[0.578s] Invoked command in '/home/teehee/ros2_ws/build/tf2_pkg' returned '0': PYTHONPATH=/home/teehee/ros2_ws/build/tf2_pkg/prefix_override:/home/teehee/ros2_ws/install/tf2_pkg/lib/python3.10/site-packages:${PYTHONPATH} /usr/bin/python3 setup.py develop --editable --build-directory /home/teehee/ros2_ws/build/tf2_pkg/build --no-deps install_data
