[0.840s] DEBUG:colcon:Command line arguments: ['/usr/bin/colcon', 'build', '--packages-select', 'tf2_pkg', '--symlink-install']
[0.840s] DEBUG:colcon:Parsed command line arguments: Namespace(log_base=None, log_level=None, verb_name='build', build_base='build', install_base='install', merge_install=False, symlink_install=True, test_result_base=None, continue_on_error=False, executor='parallel', parallel_workers=4, event_handlers=None, ignore_user_meta=False, metas=['./colcon.meta'], base_paths=['.'], packages_ignore=None, packages_ignore_regex=None, paths=None, packages_up_to=None, packages_up_to_regex=None, packages_above=None, packages_above_and_dependencies=None, packages_above_depth=None, packages_select_by_dep=None, packages_skip_by_dep=None, packages_skip_up_to=None, packages_select_build_failed=False, packages_skip_build_finished=False, packages_select_test_failures=False, packages_skip_test_passed=False, packages_select=['tf2_pkg'], packages_skip=None, packages_select_regex=None, packages_skip_regex=None, packages_start=None, packages_end=None, allow_overriding=[], cmake_args=None, cmake_target=None, cmake_target_skip_unavailable=False, cmake_clean_cache=False, cmake_clean_first=False, cmake_force_configure=False, ament_cmake_args=None, catkin_cmake_args=None, catkin_skip_building_tests=False, verb_parser=<colcon_defaults.argument_parser.defaults.DefaultArgumentsDecorator object at 0x7fcc516406a0>, verb_extension=<colcon_core.verb.build.BuildVerb object at 0x7fcc51a3bee0>, main=<bound method BuildVerb.main of <colcon_core.verb.build.BuildVerb object at 0x7fcc51a3bee0>>)
[0.881s] Level 1:colcon.colcon_core.package_discovery:discover_packages(colcon_meta) check parameters
[0.881s] Level 1:colcon.colcon_core.package_discovery:discover_packages(recursive) check parameters
[0.881s] Level 1:colcon.colcon_core.package_discovery:discover_packages(ignore) check parameters
[0.881s] Level 1:colcon.colcon_core.package_discovery:discover_packages(path) check parameters
[0.881s] Level 1:colcon.colcon_core.package_discovery:discover_packages(colcon_meta) discover
[0.881s] Level 1:colcon.colcon_core.package_discovery:discover_packages(recursive) discover
[0.882s] INFO:colcon.colcon_core.package_discovery:Crawling recursively for packages in '/home/teehee/ros2_ws'
[0.882s] Level 1:colcon.colcon_core.package_identification:_identify(.) by extensions ['ignore', 'ignore_ament_install']
[0.882s] Level 1:colcon.colcon_core.package_identification:_identify(.) by extension 'ignore'
[0.882s] Level 1:colcon.colcon_core.package_identification:_identify(.) by extension 'ignore_ament_install'
[0.882s] Level 1:colcon.colcon_core.package_identification:_identify(.) by extensions ['colcon_pkg']
[0.882s] Level 1:colcon.colcon_core.package_identification:_identify(.) by extension 'colcon_pkg'
[0.882s] Level 1:colcon.colcon_core.package_identification:_identify(.) by extensions ['colcon_meta']
[0.882s] Level 1:colcon.colcon_core.package_identification:_identify(.) by extension 'colcon_meta'
[0.882s] Level 1:colcon.colcon_core.package_identification:_identify(.) by extensions ['ros']
[0.882s] Level 1:colcon.colcon_core.package_identification:_identify(.) by extension 'ros'
[0.891s] Level 1:colcon.colcon_core.package_identification:_identify(.) by extensions ['cmake', 'python']
[0.891s] Level 1:colcon.colcon_core.package_identification:_identify(.) by extension 'cmake'
[0.891s] Level 1:colcon.colcon_core.package_identification:_identify(.) by extension 'python'
[0.891s] Level 1:colcon.colcon_core.package_identification:_identify(.) by extensions ['python_setup_py']
[0.891s] Level 1:colcon.colcon_core.package_identification:_identify(.) by extension 'python_setup_py'
[0.891s] Level 1:colcon.colcon_core.package_identification:_identify(build) by extensions ['ignore', 'ignore_ament_install']
[0.891s] Level 1:colcon.colcon_core.package_identification:_identify(build) by extension 'ignore'
[0.891s] Level 1:colcon.colcon_core.package_identification:_identify(build) ignored
[0.891s] Level 1:colcon.colcon_core.package_identification:_identify(install) by extensions ['ignore', 'ignore_ament_install']
[0.891s] Level 1:colcon.colcon_core.package_identification:_identify(install) by extension 'ignore'
[0.891s] Level 1:colcon.colcon_core.package_identification:_identify(install) ignored
[0.892s] Level 1:colcon.colcon_core.package_identification:_identify(log) by extensions ['ignore', 'ignore_ament_install']
[0.892s] Level 1:colcon.colcon_core.package_identification:_identify(log) by extension 'ignore'
[0.892s] Level 1:colcon.colcon_core.package_identification:_identify(log) ignored
[0.892s] Level 1:colcon.colcon_core.package_identification:_identify(src) by extensions ['ignore', 'ignore_ament_install']
[0.892s] Level 1:colcon.colcon_core.package_identification:_identify(src) by extension 'ignore'
[0.892s] Level 1:colcon.colcon_core.package_identification:_identify(src) by extension 'ignore_ament_install'
[0.892s] Level 1:colcon.colcon_core.package_identification:_identify(src) by extensions ['colcon_pkg']
[0.892s] Level 1:colcon.colcon_core.package_identification:_identify(src) by extension 'colcon_pkg'
[0.892s] Level 1:colcon.colcon_core.package_identification:_identify(src) by extensions ['colcon_meta']
[0.892s] Level 1:colcon.colcon_core.package_identification:_identify(src) by extension 'colcon_meta'
[0.892s] Level 1:colcon.colcon_core.package_identification:_identify(src) by extensions ['ros']
[0.892s] Level 1:colcon.colcon_core.package_identification:_identify(src) by extension 'ros'
[0.892s] Level 1:colcon.colcon_core.package_identification:_identify(src) by extensions ['cmake', 'python']
[0.892s] Level 1:colcon.colcon_core.package_identification:_identify(src) by extension 'cmake'
[0.892s] Level 1:colcon.colcon_core.package_identification:_identify(src) by extension 'python'
[0.892s] Level 1:colcon.colcon_core.package_identification:_identify(src) by extensions ['python_setup_py']
[0.892s] Level 1:colcon.colcon_core.package_identification:_identify(src) by extension 'python_setup_py'
[0.892s] Level 1:colcon.colcon_core.package_identification:_identify(src/example_pkg) by extensions ['ignore', 'ignore_ament_install']
[0.893s] Level 1:colcon.colcon_core.package_identification:_identify(src/example_pkg) by extension 'ignore'
[0.893s] Level 1:colcon.colcon_core.package_identification:_identify(src/example_pkg) by extension 'ignore_ament_install'
[0.893s] Level 1:colcon.colcon_core.package_identification:_identify(src/example_pkg) by extensions ['colcon_pkg']
[0.893s] Level 1:colcon.colcon_core.package_identification:_identify(src/example_pkg) by extension 'colcon_pkg'
[0.893s] Level 1:colcon.colcon_core.package_identification:_identify(src/example_pkg) by extensions ['colcon_meta']
[0.893s] Level 1:colcon.colcon_core.package_identification:_identify(src/example_pkg) by extension 'colcon_meta'
[0.893s] Level 1:colcon.colcon_core.package_identification:_identify(src/example_pkg) by extensions ['ros']
[0.893s] Level 1:colcon.colcon_core.package_identification:_identify(src/example_pkg) by extension 'ros'
[0.896s] DEBUG:colcon.colcon_core.package_identification:Package 'src/example_pkg' with type 'ros.ament_python' and name 'example_pkg'
[0.896s] Level 1:colcon.colcon_core.package_identification:_identify(src/lab_exam2_pkg) by extensions ['ignore', 'ignore_ament_install']
[0.896s] Level 1:colcon.colcon_core.package_identification:_identify(src/lab_exam2_pkg) by extension 'ignore'
[0.896s] Level 1:colcon.colcon_core.package_identification:_identify(src/lab_exam2_pkg) by extension 'ignore_ament_install'
[0.896s] Level 1:colcon.colcon_core.package_identification:_identify(src/lab_exam2_pkg) by extensions ['colcon_pkg']
[0.896s] Level 1:colcon.colcon_core.package_identification:_identify(src/lab_exam2_pkg) by extension 'colcon_pkg'
[0.896s] Level 1:colcon.colcon_core.package_identification:_identify(src/lab_exam2_pkg) by extensions ['colcon_meta']
[0.896s] Level 1:colcon.colcon_core.package_identification:_identify(src/lab_exam2_pkg) by extension 'colcon_meta'
[0.896s] Level 1:colcon.colcon_core.package_identification:_identify(src/lab_exam2_pkg) by extensions ['ros']
[0.896s] Level 1:colcon.colcon_core.package_identification:_identify(src/lab_exam2_pkg) by extension 'ros'
[0.897s] DEBUG:colcon.colcon_core.package_identification:Package 'src/lab_exam2_pkg' with type 'ros.ament_python' and name 'lab_exam2_pkg'
[0.897s] Level 1:colcon.colcon_core.package_identification:_identify(src/lab_interfaces) by extensions ['ignore', 'ignore_ament_install']
[0.897s] Level 1:colcon.colcon_core.package_identification:_identify(src/lab_interfaces) by extension 'ignore'
[0.897s] Level 1:colcon.colcon_core.package_identification:_identify(src/lab_interfaces) by extension 'ignore_ament_install'
[0.897s] Level 1:colcon.colcon_core.package_identification:_identify(src/lab_interfaces) by extensions ['colcon_pkg']
[0.897s] Level 1:colcon.colcon_core.package_identification:_identify(src/lab_interfaces) by extension 'colcon_pkg'
[0.897s] Level 1:colcon.colcon_core.package_identification:_identify(src/lab_interfaces) by extensions ['colcon_meta']
[0.897s] Level 1:colcon.colcon_core.package_identification:_identify(src/lab_interfaces) by extension 'colcon_meta'
[0.897s] Level 1:colcon.colcon_core.package_identification:_identify(src/lab_interfaces) by extensions ['ros']
[0.897s] Level 1:colcon.colcon_core.package_identification:_identify(src/lab_interfaces) by extension 'ros'
[0.898s] DEBUG:colcon.colcon_core.package_identification:Package 'src/lab_interfaces' with type 'ros.ament_cmake' and name 'lab_interfaces'
[0.898s] Level 1:colcon.colcon_core.package_identification:_identify(src/labex6) by extensions ['ignore', 'ignore_ament_install']
[0.898s] Level 1:colcon.colcon_core.package_identification:_identify(src/labex6) by extension 'ignore'
[0.898s] Level 1:colcon.colcon_core.package_identification:_identify(src/labex6) by extension 'ignore_ament_install'
[0.898s] Level 1:colcon.colcon_core.package_identification:_identify(src/labex6) by extensions ['colcon_pkg']
[0.898s] Level 1:colcon.colcon_core.package_identification:_identify(src/labex6) by extension 'colcon_pkg'
[0.898s] Level 1:colcon.colcon_core.package_identification:_identify(src/labex6) by extensions ['colcon_meta']
[0.898s] Level 1:colcon.colcon_core.package_identification:_identify(src/labex6) by extension 'colcon_meta'
[0.898s] Level 1:colcon.colcon_core.package_identification:_identify(src/labex6) by extensions ['ros']
[0.898s] Level 1:colcon.colcon_core.package_identification:_identify(src/labex6) by extension 'ros'
[0.899s] DEBUG:colcon.colcon_core.package_identification:Package 'src/labex6' with type 'ros.ament_python' and name 'labex6'
[0.899s] Level 1:colcon.colcon_core.package_identification:_identify(src/labs_bringup) by extensions ['ignore', 'ignore_ament_install']
[0.899s] Level 1:colcon.colcon_core.package_identification:_identify(src/labs_bringup) by extension 'ignore'
[0.899s] Level 1:colcon.colcon_core.package_identification:_identify(src/labs_bringup) by extension 'ignore_ament_install'
[0.899s] Level 1:colcon.colcon_core.package_identification:_identify(src/labs_bringup) by extensions ['colcon_pkg']
[0.899s] Level 1:colcon.colcon_core.package_identification:_identify(src/labs_bringup) by extension 'colcon_pkg'
[0.899s] Level 1:colcon.colcon_core.package_identification:_identify(src/labs_bringup) by extensions ['colcon_meta']
[0.899s] Level 1:colcon.colcon_core.package_identification:_identify(src/labs_bringup) by extension 'colcon_meta'
[0.899s] Level 1:colcon.colcon_core.package_identification:_identify(src/labs_bringup) by extensions ['ros']
[0.899s] Level 1:colcon.colcon_core.package_identification:_identify(src/labs_bringup) by extension 'ros'
[0.899s] DEBUG:colcon.colcon_core.package_identification:Package 'src/labs_bringup' with type 'ros.ament_cmake' and name 'labs_bringup'
[0.900s] Level 1:colcon.colcon_core.package_identification:_identify(src/labs_pkg) by extensions ['ignore', 'ignore_ament_install']
[0.900s] Level 1:colcon.colcon_core.package_identification:_identify(src/labs_pkg) by extension 'ignore'
[0.900s] Level 1:colcon.colcon_core.package_identification:_identify(src/labs_pkg) by extension 'ignore_ament_install'
[0.900s] Level 1:colcon.colcon_core.package_identification:_identify(src/labs_pkg) by extensions ['colcon_pkg']
[0.900s] Level 1:colcon.colcon_core.package_identification:_identify(src/labs_pkg) by extension 'colcon_pkg'
[0.900s] Level 1:colcon.colcon_core.package_identification:_identify(src/labs_pkg) by extensions ['colcon_meta']
[0.900s] Level 1:colcon.colcon_core.package_identification:_identify(src/labs_pkg) by extension 'colcon_meta'
[0.900s] Level 1:colcon.colcon_core.package_identification:_identify(src/labs_pkg) by extensions ['ros']
[0.900s] Level 1:colcon.colcon_core.package_identification:_identify(src/labs_pkg) by extension 'ros'
[0.901s] DEBUG:colcon.colcon_core.package_identification:Package 'src/labs_pkg' with type 'ros.ament_python' and name 'labs_pkg'
[0.901s] Level 1:colcon.colcon_core.package_identification:_identify(src/ros2_ws_ex13) by extensions ['ignore', 'ignore_ament_install']
[0.901s] Level 1:colcon.colcon_core.package_identification:_identify(src/ros2_ws_ex13) by extension 'ignore'
[0.901s] Level 1:colcon.colcon_core.package_identification:_identify(src/ros2_ws_ex13) by extension 'ignore_ament_install'
[0.901s] Level 1:colcon.colcon_core.package_identification:_identify(src/ros2_ws_ex13) by extensions ['colcon_pkg']
[0.901s] Level 1:colcon.colcon_core.package_identification:_identify(src/ros2_ws_ex13) by extension 'colcon_pkg'
[0.901s] Level 1:colcon.colcon_core.package_identification:_identify(src/ros2_ws_ex13) by extensions ['colcon_meta']
[0.901s] Level 1:colcon.colcon_core.package_identification:_identify(src/ros2_ws_ex13) by extension 'colcon_meta'
[0.901s] Level 1:colcon.colcon_core.package_identification:_identify(src/ros2_ws_ex13) by extensions ['ros']
[0.901s] Level 1:colcon.colcon_core.package_identification:_identify(src/ros2_ws_ex13) by extension 'ros'
[0.901s] Level 1:colcon.colcon_core.package_identification:_identify(src/ros2_ws_ex13) by extensions ['cmake', 'python']
[0.901s] Level 1:colcon.colcon_core.package_identification:_identify(src/ros2_ws_ex13) by extension 'cmake'
[0.901s] Level 1:colcon.colcon_core.package_identification:_identify(src/ros2_ws_ex13) by extension 'python'
[0.901s] Level 1:colcon.colcon_core.package_identification:_identify(src/ros2_ws_ex13) by extensions ['python_setup_py']
[0.901s] Level 1:colcon.colcon_core.package_identification:_identify(src/ros2_ws_ex13) by extension 'python_setup_py'
[0.901s] Level 1:colcon.colcon_core.package_identification:_identify(src/ros2_ws_ex13/build) by extensions ['ignore', 'ignore_ament_install']
[0.901s] Level 1:colcon.colcon_core.package_identification:_identify(src/ros2_ws_ex13/build) by extension 'ignore'
[0.901s] Level 1:colcon.colcon_core.package_identification:_identify(src/ros2_ws_ex13/build) by extension 'ignore_ament_install'
[0.901s] Level 1:colcon.colcon_core.package_identification:_identify(src/ros2_ws_ex13/build) by extensions ['colcon_pkg']
[0.901s] Level 1:colcon.colcon_core.package_identification:_identify(src/ros2_ws_ex13/build) by extension 'colcon_pkg'
[0.901s] Level 1:colcon.colcon_core.package_identification:_identify(src/ros2_ws_ex13/build) by extensions ['colcon_meta']
[0.902s] Level 1:colcon.colcon_core.package_identification:_identify(src/ros2_ws_ex13/build) by extension 'colcon_meta'
[0.902s] Level 1:colcon.colcon_core.package_identification:_identify(src/ros2_ws_ex13/build) by extensions ['ros']
[0.902s] Level 1:colcon.colcon_core.package_identification:_identify(src/ros2_ws_ex13/build) by extension 'ros'
[0.902s] Level 1:colcon.colcon_core.package_identification:_identify(src/ros2_ws_ex13/build) by extensions ['cmake', 'python']
[0.902s] Level 1:colcon.colcon_core.package_identification:_identify(src/ros2_ws_ex13/build) by extension 'cmake'
[0.902s] Level 1:colcon.colcon_core.package_identification:_identify(src/ros2_ws_ex13/build) by extension 'python'
[0.902s] Level 1:colcon.colcon_core.package_identification:_identify(src/ros2_ws_ex13/build) by extensions ['python_setup_py']
[0.902s] Level 1:colcon.colcon_core.package_identification:_identify(src/ros2_ws_ex13/build) by extension 'python_setup_py'
[0.902s] Level 1:colcon.colcon_core.package_identification:_identify(src/ros2_ws_ex13/ex13) by extensions ['ignore', 'ignore_ament_install']
[0.902s] Level 1:colcon.colcon_core.package_identification:_identify(src/ros2_ws_ex13/ex13) by extension 'ignore'
[0.902s] Level 1:colcon.colcon_core.package_identification:_identify(src/ros2_ws_ex13/ex13) by extension 'ignore_ament_install'
[0.902s] Level 1:colcon.colcon_core.package_identification:_identify(src/ros2_ws_ex13/ex13) by extensions ['colcon_pkg']
[0.902s] Level 1:colcon.colcon_core.package_identification:_identify(src/ros2_ws_ex13/ex13) by extension 'colcon_pkg'
[0.902s] Level 1:colcon.colcon_core.package_identification:_identify(src/ros2_ws_ex13/ex13) by extensions ['colcon_meta']
[0.902s] Level 1:colcon.colcon_core.package_identification:_identify(src/ros2_ws_ex13/ex13) by extension 'colcon_meta'
[0.902s] Level 1:colcon.colcon_core.package_identification:_identify(src/ros2_ws_ex13/ex13) by extensions ['ros']
[0.902s] Level 1:colcon.colcon_core.package_identification:_identify(src/ros2_ws_ex13/ex13) by extension 'ros'
[0.903s] DEBUG:colcon.colcon_core.package_identification:Package 'src/ros2_ws_ex13/ex13' with type 'ros.ament_python' and name 'ex13'
[0.903s] Level 1:colcon.colcon_core.package_identification:_identify(src/ros2_ws_ex13/install) by extensions ['ignore', 'ignore_ament_install']
[0.903s] Level 1:colcon.colcon_core.package_identification:_identify(src/ros2_ws_ex13/install) by extension 'ignore'
[0.903s] Level 1:colcon.colcon_core.package_identification:_identify(src/ros2_ws_ex13/install) by extension 'ignore_ament_install'
[0.903s] Level 1:colcon.colcon_core.package_identification:_identify(src/ros2_ws_ex13/install) by extensions ['colcon_pkg']
[0.903s] Level 1:colcon.colcon_core.package_identification:_identify(src/ros2_ws_ex13/install) by extension 'colcon_pkg'
[0.903s] Level 1:colcon.colcon_core.package_identification:_identify(src/ros2_ws_ex13/install) by extensions ['colcon_meta']
[0.903s] Level 1:colcon.colcon_core.package_identification:_identify(src/ros2_ws_ex13/install) by extension 'colcon_meta'
[0.903s] Level 1:colcon.colcon_core.package_identification:_identify(src/ros2_ws_ex13/install) by extensions ['ros']
[0.903s] Level 1:colcon.colcon_core.package_identification:_identify(src/ros2_ws_ex13/install) by extension 'ros'
[0.903s] Level 1:colcon.colcon_core.package_identification:_identify(src/ros2_ws_ex13/install) by extensions ['cmake', 'python']
[0.903s] Level 1:colcon.colcon_core.package_identification:_identify(src/ros2_ws_ex13/install) by extension 'cmake'
[0.903s] Level 1:colcon.colcon_core.package_identification:_identify(src/ros2_ws_ex13/install) by extension 'python'
[0.903s] Level 1:colcon.colcon_core.package_identification:_identify(src/ros2_ws_ex13/install) by extensions ['python_setup_py']
[0.903s] Level 1:colcon.colcon_core.package_identification:_identify(src/ros2_ws_ex13/install) by extension 'python_setup_py'
[0.903s] Level 1:colcon.colcon_core.package_identification:_identify(src/ros2_ws_ex13/lab_interfaces) by extensions ['ignore', 'ignore_ament_install']
[0.903s] Level 1:colcon.colcon_core.package_identification:_identify(src/ros2_ws_ex13/lab_interfaces) by extension 'ignore'
[0.903s] Level 1:colcon.colcon_core.package_identification:_identify(src/ros2_ws_ex13/lab_interfaces) by extension 'ignore_ament_install'
[0.903s] Level 1:colcon.colcon_core.package_identification:_identify(src/ros2_ws_ex13/lab_interfaces) by extensions ['colcon_pkg']
[0.904s] Level 1:colcon.colcon_core.package_identification:_identify(src/ros2_ws_ex13/lab_interfaces) by extension 'colcon_pkg'
[0.904s] Level 1:colcon.colcon_core.package_identification:_identify(src/ros2_ws_ex13/lab_interfaces) by extensions ['colcon_meta']
[0.904s] Level 1:colcon.colcon_core.package_identification:_identify(src/ros2_ws_ex13/lab_interfaces) by extension 'colcon_meta'
[0.904s] Level 1:colcon.colcon_core.package_identification:_identify(src/ros2_ws_ex13/lab_interfaces) by extensions ['ros']
[0.904s] Level 1:colcon.colcon_core.package_identification:_identify(src/ros2_ws_ex13/lab_interfaces) by extension 'ros'
[0.904s] DEBUG:colcon.colcon_core.package_identification:Package 'src/ros2_ws_ex13/lab_interfaces' with type 'ros.ament_cmake' and name 'lab_interfaces'
[0.904s] Level 1:colcon.colcon_core.package_identification:_identify(src/ros2_ws_ex13/labs_bringup) by extensions ['ignore', 'ignore_ament_install']
[0.904s] Level 1:colcon.colcon_core.package_identification:_identify(src/ros2_ws_ex13/labs_bringup) by extension 'ignore'
[0.904s] Level 1:colcon.colcon_core.package_identification:_identify(src/ros2_ws_ex13/labs_bringup) by extension 'ignore_ament_install'
[0.904s] Level 1:colcon.colcon_core.package_identification:_identify(src/ros2_ws_ex13/labs_bringup) by extensions ['colcon_pkg']
[0.904s] Level 1:colcon.colcon_core.package_identification:_identify(src/ros2_ws_ex13/labs_bringup) by extension 'colcon_pkg'
[0.904s] Level 1:colcon.colcon_core.package_identification:_identify(src/ros2_ws_ex13/labs_bringup) by extensions ['colcon_meta']
[0.904s] Level 1:colcon.colcon_core.package_identification:_identify(src/ros2_ws_ex13/labs_bringup) by extension 'colcon_meta'
[0.904s] Level 1:colcon.colcon_core.package_identification:_identify(src/ros2_ws_ex13/labs_bringup) by extensions ['ros']
[0.904s] Level 1:colcon.colcon_core.package_identification:_identify(src/ros2_ws_ex13/labs_bringup) by extension 'ros'
[0.905s] DEBUG:colcon.colcon_core.package_identification:Package 'src/ros2_ws_ex13/labs_bringup' with type 'ros.ament_cmake' and name 'labs_bringup'
[0.905s] Level 1:colcon.colcon_core.package_identification:_identify(src/tf2_pkg) by extensions ['ignore', 'ignore_ament_install']
[0.905s] Level 1:colcon.colcon_core.package_identification:_identify(src/tf2_pkg) by extension 'ignore'
[0.905s] Level 1:colcon.colcon_core.package_identification:_identify(src/tf2_pkg) by extension 'ignore_ament_install'
[0.905s] Level 1:colcon.colcon_core.package_identification:_identify(src/tf2_pkg) by extensions ['colcon_pkg']
[0.905s] Level 1:colcon.colcon_core.package_identification:_identify(src/tf2_pkg) by extension 'colcon_pkg'
[0.905s] Level 1:colcon.colcon_core.package_identification:_identify(src/tf2_pkg) by extensions ['colcon_meta']
[0.905s] Level 1:colcon.colcon_core.package_identification:_identify(src/tf2_pkg) by extension 'colcon_meta'
[0.905s] Level 1:colcon.colcon_core.package_identification:_identify(src/tf2_pkg) by extensions ['ros']
[0.905s] Level 1:colcon.colcon_core.package_identification:_identify(src/tf2_pkg) by extension 'ros'
[0.906s] DEBUG:colcon.colcon_core.package_identification:Package 'src/tf2_pkg' with type 'ros.ament_python' and name 'tf2_pkg'
[0.906s] Level 1:colcon.colcon_core.package_discovery:discover_packages(recursive) using defaults
[0.906s] Level 1:colcon.colcon_core.package_discovery:discover_packages(ignore) discover
[0.906s] Level 1:colcon.colcon_core.package_discovery:discover_packages(ignore) using defaults
[0.906s] Level 1:colcon.colcon_core.package_discovery:discover_packages(path) discover
[0.906s] Level 1:colcon.colcon_core.package_discovery:discover_packages(path) using defaults
[0.961s] INFO:colcon.colcon_core.package_selection:Skipping not selected package 'ex13' in 'src/ros2_ws_ex13/ex13'
[0.961s] INFO:colcon.colcon_core.package_selection:Skipping not selected package 'example_pkg' in 'src/example_pkg'
[0.961s] INFO:colcon.colcon_core.package_selection:Skipping not selected package 'lab_interfaces' in 'src/lab_interfaces'
[0.961s] INFO:colcon.colcon_core.package_selection:Skipping not selected package 'lab_interfaces' in 'src/ros2_ws_ex13/lab_interfaces'
[0.961s] INFO:colcon.colcon_core.package_selection:Skipping not selected package 'lab_exam2_pkg' in 'src/lab_exam2_pkg'
[0.961s] INFO:colcon.colcon_core.package_selection:Skipping not selected package 'labex6' in 'src/labex6'
[0.961s] INFO:colcon.colcon_core.package_selection:Skipping not selected package 'labs_bringup' in 'src/ros2_ws_ex13/labs_bringup'
[0.961s] INFO:colcon.colcon_core.package_selection:Skipping not selected package 'labs_pkg' in 'src/labs_pkg'
[0.961s] INFO:colcon.colcon_core.package_selection:Skipping not selected package 'labs_bringup' in 'src/labs_bringup'
[0.985s] Level 1:colcon.colcon_core.package_discovery:discover_packages(prefix_path) check parameters
[0.985s] Level 1:colcon.colcon_core.package_discovery:discover_packages(prefix_path) discover
[1.015s] DEBUG:colcon.colcon_installed_package_information.package_discovery:Found 6 installed packages in /home/teehee/ros2_ws/install
[1.028s] DEBUG:colcon.colcon_installed_package_information.package_discovery:Found 271 installed packages in /opt/ros/humble
[1.029s] Level 1:colcon.colcon_core.package_discovery:discover_packages(prefix_path) using defaults
[1.103s] Level 5:colcon.colcon_core.verb:set package 'tf2_pkg' build argument 'cmake_args' from command line to 'None'
[1.103s] Level 5:colcon.colcon_core.verb:set package 'tf2_pkg' build argument 'cmake_target' from command line to 'None'
[1.103s] Level 5:colcon.colcon_core.verb:set package 'tf2_pkg' build argument 'cmake_target_skip_unavailable' from command line to 'False'
[1.103s] Level 5:colcon.colcon_core.verb:set package 'tf2_pkg' build argument 'cmake_clean_cache' from command line to 'False'
[1.103s] Level 5:colcon.colcon_core.verb:set package 'tf2_pkg' build argument 'cmake_clean_first' from command line to 'False'
[1.103s] Level 5:colcon.colcon_core.verb:set package 'tf2_pkg' build argument 'cmake_force_configure' from command line to 'False'
[1.103s] Level 5:colcon.colcon_core.verb:set package 'tf2_pkg' build argument 'ament_cmake_args' from command line to 'None'
[1.103s] Level 5:colcon.colcon_core.verb:set package 'tf2_pkg' build argument 'catkin_cmake_args' from command line to 'None'
[1.103s] Level 5:colcon.colcon_core.verb:set package 'tf2_pkg' build argument 'catkin_skip_building_tests' from command line to 'False'
[1.103s] DEBUG:colcon.colcon_core.verb:Building package 'tf2_pkg' with the following arguments: {'ament_cmake_args': None, 'build_base': '/home/teehee/ros2_ws/build/tf2_pkg', 'catkin_cmake_args': None, 'catkin_skip_building_tests': False, 'cmake_args': None, 'cmake_clean_cache': False, 'cmake_clean_first': False, 'cmake_force_configure': False, 'cmake_target': None, 'cmake_target_skip_unavailable': False, 'install_base': '/home/teehee/ros2_ws/install/tf2_pkg', 'merge_install': False, 'path': '/home/teehee/ros2_ws/src/tf2_pkg', 'symlink_install': True, 'test_result_base': None}
[1.116s] INFO:colcon.colcon_core.executor:Executing jobs using 'parallel' executor
[1.131s] DEBUG:colcon.colcon_parallel_executor.executor.parallel:run_until_complete
[1.138s] INFO:colcon.colcon_ros.task.ament_python.build:Building ROS package in '/home/teehee/ros2_ws/src/tf2_pkg' with build type 'ament_python'
[1.138s] Level 1:colcon.colcon_core.shell:create_environment_hook('tf2_pkg', 'ament_prefix_path')
[1.153s] INFO:colcon.colcon_core.plugin_system:Skipping extension 'colcon_core.shell.bat': Not used on non-Windows systems
[1.153s] INFO:colcon.colcon_core.shell:Creating environment hook '/home/teehee/ros2_ws/install/tf2_pkg/share/tf2_pkg/hook/ament_prefix_path.ps1'
[1.157s] INFO:colcon.colcon_core.shell:Creating environment descriptor '/home/teehee/ros2_ws/install/tf2_pkg/share/tf2_pkg/hook/ament_prefix_path.dsv'
[1.158s] INFO:colcon.colcon_core.shell:Creating environment hook '/home/teehee/ros2_ws/install/tf2_pkg/share/tf2_pkg/hook/ament_prefix_path.sh'
[1.173s] INFO:colcon.colcon_core.shell:Skip shell extension 'powershell' for command environment: Not usable outside of PowerShell
[1.173s] DEBUG:colcon.colcon_core.shell:Skip shell extension 'dsv' for command environment
[1.463s] INFO:colcon.colcon_core.task.python.build:Building Python package in '/home/teehee/ros2_ws/src/tf2_pkg'
[1.475s] INFO:colcon.colcon_core.shell:Skip shell extension 'powershell' for command environment: Not usable outside of PowerShell
[1.475s] DEBUG:colcon.colcon_core.shell:Skip shell extension 'dsv' for command environment
[1.801s] DEBUG:colcon.colcon_core.event_handler.log_command:Invoking command in '/home/teehee/ros2_ws/build/tf2_pkg': PYTHONPATH=/home/teehee/ros2_ws/build/tf2_pkg/prefix_override:/home/teehee/ros2_ws/install/tf2_pkg/lib/python3.10/site-packages:${PYTHONPATH} /usr/bin/python3 setup.py develop --editable --build-directory /home/teehee/ros2_ws/build/tf2_pkg/build --no-deps install_data
[2.210s] Level 1:colcon.colcon_core.shell:create_environment_hook('tf2_pkg', 'pythonpath_develop')
[2.211s] DEBUG:colcon.colcon_core.event_handler.log_command:Invoked command in '/home/teehee/ros2_ws/build/tf2_pkg' returned '0': PYTHONPATH=/home/teehee/ros2_ws/build/tf2_pkg/prefix_override:/home/teehee/ros2_ws/install/tf2_pkg/lib/python3.10/site-packages:${PYTHONPATH} /usr/bin/python3 setup.py develop --editable --build-directory /home/teehee/ros2_ws/build/tf2_pkg/build --no-deps install_data
[2.223s] INFO:colcon.colcon_core.shell:Creating environment hook '/home/teehee/ros2_ws/build/tf2_pkg/share/tf2_pkg/hook/pythonpath_develop.ps1'
[2.224s] INFO:colcon.colcon_core.shell:Creating environment descriptor '/home/teehee/ros2_ws/build/tf2_pkg/share/tf2_pkg/hook/pythonpath_develop.dsv'
[2.225s] INFO:colcon.colcon_core.shell:Creating environment hook '/home/teehee/ros2_ws/build/tf2_pkg/share/tf2_pkg/hook/pythonpath_develop.sh'
[2.240s] Level 1:colcon.colcon_core.environment:checking '/home/teehee/ros2_ws/install/tf2_pkg' for CMake module files
[2.240s] Level 1:colcon.colcon_core.environment:checking '/home/teehee/ros2_ws/install/tf2_pkg' for CMake config files
[2.241s] Level 1:colcon.colcon_core.environment:checking '/home/teehee/ros2_ws/install/tf2_pkg/lib'
[2.241s] Level 1:colcon.colcon_core.environment:checking '/home/teehee/ros2_ws/install/tf2_pkg/bin'
[2.241s] Level 1:colcon.colcon_core.environment:checking '/home/teehee/ros2_ws/install/tf2_pkg/lib/pkgconfig/tf2_pkg.pc'
[2.241s] Level 1:colcon.colcon_core.environment:checking '/home/teehee/ros2_ws/install/tf2_pkg/lib/python3.10/site-packages'
[2.241s] Level 1:colcon.colcon_core.shell:create_environment_hook('tf2_pkg', 'pythonpath')
[2.252s] INFO:colcon.colcon_core.shell:Creating environment hook '/home/teehee/ros2_ws/install/tf2_pkg/share/tf2_pkg/hook/pythonpath.ps1'
[2.253s] INFO:colcon.colcon_core.shell:Creating environment descriptor '/home/teehee/ros2_ws/install/tf2_pkg/share/tf2_pkg/hook/pythonpath.dsv'
[2.254s] INFO:colcon.colcon_core.shell:Creating environment hook '/home/teehee/ros2_ws/install/tf2_pkg/share/tf2_pkg/hook/pythonpath.sh'
[2.255s] Level 1:colcon.colcon_core.environment:checking '/home/teehee/ros2_ws/install/tf2_pkg/bin'
[2.255s] Level 1:colcon.colcon_core.environment:create_environment_scripts_only(tf2_pkg)
[2.267s] INFO:colcon.colcon_core.shell:Creating package script '/home/teehee/ros2_ws/install/tf2_pkg/share/tf2_pkg/package.ps1'
[2.270s] INFO:colcon.colcon_core.shell:Creating package descriptor '/home/teehee/ros2_ws/install/tf2_pkg/share/tf2_pkg/package.dsv'
[2.270s] INFO:colcon.colcon_core.shell:Creating package script '/home/teehee/ros2_ws/install/tf2_pkg/share/tf2_pkg/package.sh'
[2.271s] INFO:colcon.colcon_core.shell:Creating package script '/home/teehee/ros2_ws/install/tf2_pkg/share/tf2_pkg/package.bash'
[2.272s] INFO:colcon.colcon_core.shell:Creating package script '/home/teehee/ros2_ws/install/tf2_pkg/share/tf2_pkg/package.zsh'
[2.272s] Level 1:colcon.colcon_core.environment:create_file_with_runtime_dependencies(/home/teehee/ros2_ws/install/tf2_pkg/share/colcon-core/packages/tf2_pkg)
[2.273s] DEBUG:colcon.colcon_parallel_executor.executor.parallel:closing loop
[2.273s] DEBUG:colcon.colcon_parallel_executor.executor.parallel:loop closed
[2.273s] DEBUG:colcon.colcon_parallel_executor.executor.parallel:run_until_complete finished with '0'
[2.273s] DEBUG:colcon.colcon_core.event_reactor:joining thread
[2.292s] INFO:colcon.colcon_core.plugin_system:Skipping extension 'colcon_notification.desktop_notification.terminal_notifier': Not used on non-Darwin systems
[2.292s] INFO:colcon.colcon_core.plugin_system:Skipping extension 'colcon_notification.desktop_notification.win32': Not used on non-Windows systems
[2.292s] INFO:colcon.colcon_notification.desktop_notification:Sending desktop notification using 'notify2'
[2.320s] DEBUG:colcon.colcon_core.event_reactor:joined thread
[2.344s] INFO:colcon.colcon_core.shell:Creating prefix script '/home/teehee/ros2_ws/install/local_setup.ps1'
[2.345s] INFO:colcon.colcon_core.shell:Creating prefix util module '/home/teehee/ros2_ws/install/_local_setup_util_ps1.py'
[2.346s] INFO:colcon.colcon_core.shell:Creating prefix chain script '/home/teehee/ros2_ws/install/setup.ps1'
[2.359s] INFO:colcon.colcon_core.shell:Creating prefix script '/home/teehee/ros2_ws/install/local_setup.sh'
[2.360s] INFO:colcon.colcon_core.shell:Creating prefix util module '/home/teehee/ros2_ws/install/_local_setup_util_sh.py'
[2.361s] INFO:colcon.colcon_core.shell:Creating prefix chain script '/home/teehee/ros2_ws/install/setup.sh'
[2.374s] INFO:colcon.colcon_core.shell:Creating prefix script '/home/teehee/ros2_ws/install/local_setup.bash'
[2.375s] INFO:colcon.colcon_core.shell:Creating prefix chain script '/home/teehee/ros2_ws/install/setup.bash'
[2.388s] INFO:colcon.colcon_core.shell:Creating prefix script '/home/teehee/ros2_ws/install/local_setup.zsh'
[2.388s] INFO:colcon.colcon_core.shell:Creating prefix chain script '/home/teehee/ros2_ws/install/setup.zsh'
