[0.836s] Invoking command in '/home/.engr-ece/rgz834/lab_05/build/lab05_py': PYTHONPATH=/home/.engr-ece/rgz834/lab_05/build/lab05_py/prefix_override:/home/.engr-ece/rgz834/lab_05/install/lab05_py/lib/python3.10/site-packages:${PYTHONPATH} /usr/bin/python3 setup.py develop --editable --build-directory /home/.engr-ece/rgz834/lab_05/build/lab05_py/build --no-deps install_data
[1.113s] running develop
[1.120s] /usr/lib/python3/dist-packages/setuptools/command/easy_install.py:158: EasyInstallDeprecationWarning: easy_install command is deprecated. Use build and pip and other standards-based tools.
[1.120s]   warnings.warn(
[1.121s] /usr/lib/python3/dist-packages/setuptools/command/install.py:34: SetuptoolsDeprecationWarning: setup.py install is deprecated. Use build and pip and other standards-based tools.
[1.122s]   warnings.warn(
[1.337s] running egg_info
[1.337s] creating lab05_py.egg-info
[1.339s] writing lab05_py.egg-info/PKG-INFO
[1.349s] writing dependency_links to lab05_py.egg-info/dependency_links.txt
[1.353s] writing entry points to lab05_py.egg-info/entry_points.txt
[1.357s] writing requirements to lab05_py.egg-info/requires.txt
[1.360s] writing top-level names to lab05_py.egg-info/top_level.txt
[1.375s] writing manifest file 'lab05_py.egg-info/SOURCES.txt'
[1.383s] reading manifest file 'lab05_py.egg-info/SOURCES.txt'
[1.385s] writing manifest file 'lab05_py.egg-info/SOURCES.txt'
[1.388s] running build_ext
[1.388s] Creating /home/.engr-ece/rgz834/lab_05/install/lab05_py/lib/python3.10/site-packages/lab05-py.egg-link (link to .)
[1.396s] 
[1.396s] Installed /home/.engr-ece/rgz834/lab_05/build/lab05_py
[1.397s] running install_data
[1.398s] creating /home/.engr-ece/rgz834/lab_05/install/lab05_py/share/ament_index
[1.399s] creating /home/.engr-ece/rgz834/lab_05/install/lab05_py/share/ament_index/resource_index
[1.401s] creating /home/.engr-ece/rgz834/lab_05/install/lab05_py/share/ament_index/resource_index/packages
[1.403s] copying resource/lab05_py -> /home/.engr-ece/rgz834/lab_05/install/lab05_py/share/ament_index/resource_index/packages
[1.409s] copying package.xml -> /home/.engr-ece/rgz834/lab_05/install/lab05_py/share/lab05_py
[1.436s] Invoked command in '/home/.engr-ece/rgz834/lab_05/build/lab05_py' returned '0': PYTHONPATH=/home/.engr-ece/rgz834/lab_05/build/lab05_py/prefix_override:/home/.engr-ece/rgz834/lab_05/install/lab05_py/lib/python3.10/site-packages:${PYTHONPATH} /usr/bin/python3 setup.py develop --editable --build-directory /home/.engr-ece/rgz834/lab_05/build/lab05_py/build --no-deps install_data
