[0.036s] Invoking command in '/home/teehee/ros2_ws/build/robot1': CMAKE_PREFIX_PATH=${CMAKE_PREFIX_PATH}:/home/teehee/ros2_ws/install/tf2_pkg:/home/teehee/ros2_ws/install/labs_pkg:/home/teehee/ros2_ws/install/labex6:/home/teehee/ros2_ws/install/lab_exam2_pkg:/home/teehee/ros2_ws/install/example_pkg:/opt/ros/humble /usr/bin/cmake /home/teehee/ros2_ws/src/robot1 -DAMENT_CMAKE_SYMLINK_INSTALL=1 -DCMAKE_INSTALL_PREFIX=/home/teehee/ros2_ws/install/robot1
[0.075s] -- The C compiler identification is GNU 11.4.0
[0.110s] -- The CXX compiler identification is GNU 11.4.0
[0.123s] -- Detecting C compiler ABI info
[0.164s] -- Detecting C compiler ABI info - done
[0.169s] -- Check for working C compiler: /usr/bin/cc - skipped
[0.169s] -- Detecting C compile features
[0.169s] -- Detecting C compile features - done
[0.171s] -- Detecting CXX compiler ABI info
[0.225s] -- Detecting CXX compiler ABI info - done
[0.239s] -- Check for working CXX compiler: /usr/bin/c++ - skipped
[0.241s] -- Detecting CXX compile features
[0.241s] -- Detecting CXX compile features - done
[0.243s] -- Found ament_cmake: 1.3.6 (/opt/ros/humble/share/ament_cmake/cmake)
[0.345s] -- Found Python3: /usr/bin/python3.10 (found version "3.10.12") found components: Interpreter 
[0.381s] -- Override CMake install command with custom implementation using symlinks instead of copying resources
[0.398s] -- Found ament_lint_auto: 0.12.9 (/opt/ros/humble/share/ament_lint_auto/cmake)
[0.443s] -- Added test 'flake8' to check Python code syntax and style conventions
[0.444s] -- Added test 'lint_cmake' to check CMake code style
[0.444s] -- Added test 'pep257' to check Python code against some of the docstring style conventions in PEP 257
[0.451s] -- Added test 'xmllint' to check XML markup files
[0.452s] -- Configuring done
[0.454s] -- Generating done
[0.454s] -- Build files have been written to: /home/teehee/ros2_ws/build/robot1
[0.457s] Invoked command in '/home/teehee/ros2_ws/build/robot1' returned '0': CMAKE_PREFIX_PATH=${CMAKE_PREFIX_PATH}:/home/teehee/ros2_ws/install/tf2_pkg:/home/teehee/ros2_ws/install/labs_pkg:/home/teehee/ros2_ws/install/labex6:/home/teehee/ros2_ws/install/lab_exam2_pkg:/home/teehee/ros2_ws/install/example_pkg:/opt/ros/humble /usr/bin/cmake /home/teehee/ros2_ws/src/robot1 -DAMENT_CMAKE_SYMLINK_INSTALL=1 -DCMAKE_INSTALL_PREFIX=/home/teehee/ros2_ws/install/robot1
[0.458s] Invoking command in '/home/teehee/ros2_ws/build/robot1': CMAKE_PREFIX_PATH=${CMAKE_PREFIX_PATH}:/home/teehee/ros2_ws/install/tf2_pkg:/home/teehee/ros2_ws/install/labs_pkg:/home/teehee/ros2_ws/install/labex6:/home/teehee/ros2_ws/install/lab_exam2_pkg:/home/teehee/ros2_ws/install/example_pkg:/opt/ros/humble /usr/bin/cmake --build /home/teehee/ros2_ws/build/robot1 -- -j4 -l4
[0.484s] Invoked command in '/home/teehee/ros2_ws/build/robot1' returned '0': CMAKE_PREFIX_PATH=${CMAKE_PREFIX_PATH}:/home/teehee/ros2_ws/install/tf2_pkg:/home/teehee/ros2_ws/install/labs_pkg:/home/teehee/ros2_ws/install/labex6:/home/teehee/ros2_ws/install/lab_exam2_pkg:/home/teehee/ros2_ws/install/example_pkg:/opt/ros/humble /usr/bin/cmake --build /home/teehee/ros2_ws/build/robot1 -- -j4 -l4
[0.513s] Invoking command in '/home/teehee/ros2_ws/build/robot1': CMAKE_PREFIX_PATH=${CMAKE_PREFIX_PATH}:/home/teehee/ros2_ws/install/tf2_pkg:/home/teehee/ros2_ws/install/labs_pkg:/home/teehee/ros2_ws/install/labex6:/home/teehee/ros2_ws/install/lab_exam2_pkg:/home/teehee/ros2_ws/install/example_pkg:/opt/ros/humble /usr/bin/cmake --install /home/teehee/ros2_ws/build/robot1
[0.517s] -- Install configuration: ""
[0.517s] -- Execute custom install script
[0.518s] -- Symlinking: /home/teehee/ros2_ws/install/robot1/share/ament_index/resource_index/package_run_dependencies/robot1
[0.523s] -- Symlinking: /home/teehee/ros2_ws/install/robot1/share/ament_index/resource_index/parent_prefix_path/robot1
[0.529s] -- Symlinking: /home/teehee/ros2_ws/install/robot1/share/robot1/environment/ament_prefix_path.sh
[0.535s] -- Symlinking: /home/teehee/ros2_ws/install/robot1/share/robot1/environment/ament_prefix_path.dsv
[0.544s] -- Symlinking: /home/teehee/ros2_ws/install/robot1/share/robot1/environment/path.sh
[0.550s] -- Symlinking: /home/teehee/ros2_ws/install/robot1/share/robot1/environment/path.dsv
[0.557s] -- Symlinking: /home/teehee/ros2_ws/install/robot1/share/robot1/local_setup.bash
[0.563s] -- Symlinking: /home/teehee/ros2_ws/install/robot1/share/robot1/local_setup.sh
[0.568s] -- Symlinking: /home/teehee/ros2_ws/install/robot1/share/robot1/local_setup.zsh
[0.574s] -- Symlinking: /home/teehee/ros2_ws/install/robot1/share/robot1/local_setup.dsv
[0.579s] -- Symlinking: /home/teehee/ros2_ws/install/robot1/share/robot1/package.dsv
[0.585s] -- Symlinking: /home/teehee/ros2_ws/install/robot1/share/ament_index/resource_index/packages/robot1
[0.590s] -- Symlinking: /home/teehee/ros2_ws/install/robot1/share/robot1/cmake/robot1Config.cmake
[0.596s] -- Symlinking: /home/teehee/ros2_ws/install/robot1/share/robot1/cmake/robot1Config-version.cmake
[0.602s] -- Symlinking: /home/teehee/ros2_ws/install/robot1/share/robot1/package.xml
[0.607s] -- Symlinking: /home/teehee/ros2_ws/install/robot1/share/robot1/description/colors.xacro
[0.620s] -- Symlinking: /home/teehee/ros2_ws/install/robot1/share/robot1/description/exercise_2_2.urdf.xacro
[0.626s] -- Symlinking: /home/teehee/ros2_ws/install/robot1/share/robot1/description/inertial.xacro
[0.631s] -- Symlinking: /home/teehee/ros2_ws/install/robot1/share/robot1/launch/rsp.launch.py
[0.643s] Invoked command in '/home/teehee/ros2_ws/build/robot1' returned '0': CMAKE_PREFIX_PATH=${CMAKE_PREFIX_PATH}:/home/teehee/ros2_ws/install/tf2_pkg:/home/teehee/ros2_ws/install/labs_pkg:/home/teehee/ros2_ws/install/labex6:/home/teehee/ros2_ws/install/lab_exam2_pkg:/home/teehee/ros2_ws/install/example_pkg:/opt/ros/humble /usr/bin/cmake --install /home/teehee/ros2_ws/build/robot1
