[0.738s] Invoking command in '/home/teehee/ros2_ws/src/lab_exam2_pkg': PYTHONPATH=/home/teehee/ros2_ws/build/lab_exam2_pkg/prefix_override:/home/teehee/ros2_ws/install/lab_exam2_pkg/lib/python3.10/site-packages:${PYTHONPATH} /usr/bin/python3 setup.py egg_info --egg-base ../../build/lab_exam2_pkg build --build-base /home/teehee/ros2_ws/build/lab_exam2_pkg/build install --record /home/teehee/ros2_ws/build/lab_exam2_pkg/install.log --single-version-externally-managed
[0.970s] running egg_info
[0.971s] creating ../../build/lab_exam2_pkg/lab_exam2_pkg.egg-info
[0.971s] writing ../../build/lab_exam2_pkg/lab_exam2_pkg.egg-info/PKG-INFO
[0.971s] writing dependency_links to ../../build/lab_exam2_pkg/lab_exam2_pkg.egg-info/dependency_links.txt
[0.972s] writing entry points to ../../build/lab_exam2_pkg/lab_exam2_pkg.egg-info/entry_points.txt
[0.972s] writing requirements to ../../build/lab_exam2_pkg/lab_exam2_pkg.egg-info/requires.txt
[0.972s] writing top-level names to ../../build/lab_exam2_pkg/lab_exam2_pkg.egg-info/top_level.txt
[0.972s] writing manifest file '../../build/lab_exam2_pkg/lab_exam2_pkg.egg-info/SOURCES.txt'
[0.973s] reading manifest file '../../build/lab_exam2_pkg/lab_exam2_pkg.egg-info/SOURCES.txt'
[0.974s] writing manifest file '../../build/lab_exam2_pkg/lab_exam2_pkg.egg-info/SOURCES.txt'
[0.975s] running build
[0.975s] running build_py
[0.975s] creating /home/teehee/ros2_ws/build/lab_exam2_pkg/build
[0.975s] creating /home/teehee/ros2_ws/build/lab_exam2_pkg/build/lib
[0.975s] creating /home/teehee/ros2_ws/build/lab_exam2_pkg/build/lib/lab_exam2_pkg
[0.975s] copying lab_exam2_pkg/turtlesim_scan.py -> /home/teehee/ros2_ws/build/lab_exam2_pkg/build/lib/lab_exam2_pkg
[0.975s] copying lab_exam2_pkg/__init__.py -> /home/teehee/ros2_ws/build/lab_exam2_pkg/build/lib/lab_exam2_pkg
[0.975s] copying lab_exam2_pkg/turtlesim_move.py -> /home/teehee/ros2_ws/build/lab_exam2_pkg/build/lib/lab_exam2_pkg
[0.976s] running install
[0.976s] /usr/lib/python3/dist-packages/setuptools/command/install.py:34: SetuptoolsDeprecationWarning: setup.py install is deprecated. Use build and pip and other standards-based tools.
[0.976s]   warnings.warn(
[0.976s] running install_lib
[0.977s] creating /home/teehee/ros2_ws/install/lab_exam2_pkg/lib/python3.10/site-packages/lab_exam2_pkg
[0.977s] copying /home/teehee/ros2_ws/build/lab_exam2_pkg/build/lib/lab_exam2_pkg/turtlesim_scan.py -> /home/teehee/ros2_ws/install/lab_exam2_pkg/lib/python3.10/site-packages/lab_exam2_pkg
[0.977s] copying /home/teehee/ros2_ws/build/lab_exam2_pkg/build/lib/lab_exam2_pkg/__init__.py -> /home/teehee/ros2_ws/install/lab_exam2_pkg/lib/python3.10/site-packages/lab_exam2_pkg
[0.977s] copying /home/teehee/ros2_ws/build/lab_exam2_pkg/build/lib/lab_exam2_pkg/turtlesim_move.py -> /home/teehee/ros2_ws/install/lab_exam2_pkg/lib/python3.10/site-packages/lab_exam2_pkg
[0.978s] byte-compiling /home/teehee/ros2_ws/install/lab_exam2_pkg/lib/python3.10/site-packages/lab_exam2_pkg/turtlesim_scan.py to turtlesim_scan.cpython-310.pyc
[0.978s] byte-compiling /home/teehee/ros2_ws/install/lab_exam2_pkg/lib/python3.10/site-packages/lab_exam2_pkg/__init__.py to __init__.cpython-310.pyc
[0.979s] byte-compiling /home/teehee/ros2_ws/install/lab_exam2_pkg/lib/python3.10/site-packages/lab_exam2_pkg/turtlesim_move.py to turtlesim_move.cpython-310.pyc
[0.979s] running install_data
[0.980s] creating /home/teehee/ros2_ws/install/lab_exam2_pkg/share/ament_index
[0.980s] creating /home/teehee/ros2_ws/install/lab_exam2_pkg/share/ament_index/resource_index
[0.980s] creating /home/teehee/ros2_ws/install/lab_exam2_pkg/share/ament_index/resource_index/packages
[0.980s] copying resource/lab_exam2_pkg -> /home/teehee/ros2_ws/install/lab_exam2_pkg/share/ament_index/resource_index/packages
[0.980s] copying package.xml -> /home/teehee/ros2_ws/install/lab_exam2_pkg/share/lab_exam2_pkg
[0.980s] running install_egg_info
[0.982s] Copying ../../build/lab_exam2_pkg/lab_exam2_pkg.egg-info to /home/teehee/ros2_ws/install/lab_exam2_pkg/lib/python3.10/site-packages/lab_exam2_pkg-0.0.0-py3.10.egg-info
[0.983s] running install_scripts
[1.001s] Installing movefile script to /home/teehee/ros2_ws/install/lab_exam2_pkg/lib/lab_exam2_pkg
[1.002s] Installing turtlesim_scan script to /home/teehee/ros2_ws/install/lab_exam2_pkg/lib/lab_exam2_pkg
[1.002s] writing list of installed files to '/home/teehee/ros2_ws/build/lab_exam2_pkg/install.log'
[1.023s] Invoked command in '/home/teehee/ros2_ws/src/lab_exam2_pkg' returned '0': PYTHONPATH=/home/teehee/ros2_ws/build/lab_exam2_pkg/prefix_override:/home/teehee/ros2_ws/install/lab_exam2_pkg/lib/python3.10/site-packages:${PYTHONPATH} /usr/bin/python3 setup.py egg_info --egg-base ../../build/lab_exam2_pkg build --build-base /home/teehee/ros2_ws/build/lab_exam2_pkg/build install --record /home/teehee/ros2_ws/build/lab_exam2_pkg/install.log --single-version-externally-managed
