[0.352s] DEBUG:colcon:Command line arguments: ['/usr/bin/colcon', 'build', '--packages-select', 'lab05_py', '--symlink-install']
[0.352s] DEBUG:colcon:Parsed command line arguments: Namespace(log_base=None, log_level=None, verb_name='build', build_base='build', install_base='install', merge_install=False, symlink_install=True, test_result_base=None, continue_on_error=False, executor='parallel', parallel_workers=16, event_handlers=None, ignore_user_meta=False, metas=['./colcon.meta'], base_paths=['.'], packages_ignore=None, packages_ignore_regex=None, paths=None, packages_up_to=None, packages_up_to_regex=None, packages_above=None, packages_above_and_dependencies=None, packages_above_depth=None, packages_select_by_dep=None, packages_skip_by_dep=None, packages_skip_up_to=None, packages_select_build_failed=False, packages_skip_build_finished=False, packages_select_test_failures=False, packages_skip_test_passed=False, packages_select=['lab05_py'], packages_skip=None, packages_select_regex=None, packages_skip_regex=None, packages_start=None, packages_end=None, allow_overriding=[], cmake_args=None, cmake_target=None, cmake_target_skip_unavailable=False, cmake_clean_cache=False, cmake_clean_first=False, cmake_force_configure=False, ament_cmake_args=None, catkin_cmake_args=None, catkin_skip_building_tests=False, verb_parser=<colcon_defaults.argument_parser.defaults.DefaultArgumentsDecorator object at 0x7fbb6a4843a0>, verb_extension=<colcon_core.verb.build.BuildVerb object at 0x7fbb6ae8f0a0>, main=<bound method BuildVerb.main of <colcon_core.verb.build.BuildVerb object at 0x7fbb6ae8f0a0>>)
[0.376s] Level 1:colcon.colcon_core.package_discovery:discover_packages(colcon_meta) check parameters
[0.376s] Level 1:colcon.colcon_core.package_discovery:discover_packages(recursive) check parameters
[0.376s] Level 1:colcon.colcon_core.package_discovery:discover_packages(ignore) check parameters
[0.376s] Level 1:colcon.colcon_core.package_discovery:discover_packages(path) check parameters
[0.376s] Level 1:colcon.colcon_core.package_discovery:discover_packages(colcon_meta) discover
[0.376s] Level 1:colcon.colcon_core.package_discovery:discover_packages(recursive) discover
[0.376s] INFO:colcon.colcon_core.package_discovery:Crawling recursively for packages in '/home/.engr-ece/rgz834/lab_05'
[0.377s] Level 1:colcon.colcon_core.package_identification:_identify(.) by extensions ['ignore', 'ignore_ament_install']
[0.377s] Level 1:colcon.colcon_core.package_identification:_identify(.) by extension 'ignore'
[0.377s] Level 1:colcon.colcon_core.package_identification:_identify(.) by extension 'ignore_ament_install'
[0.377s] Level 1:colcon.colcon_core.package_identification:_identify(.) by extensions ['colcon_pkg']
[0.377s] Level 1:colcon.colcon_core.package_identification:_identify(.) by extension 'colcon_pkg'
[0.377s] Level 1:colcon.colcon_core.package_identification:_identify(.) by extensions ['colcon_meta']
[0.377s] Level 1:colcon.colcon_core.package_identification:_identify(.) by extension 'colcon_meta'
[0.377s] Level 1:colcon.colcon_core.package_identification:_identify(.) by extensions ['ros']
[0.377s] Level 1:colcon.colcon_core.package_identification:_identify(.) by extension 'ros'
[0.386s] Level 1:colcon.colcon_core.package_identification:_identify(.) by extensions ['cmake', 'python']
[0.386s] Level 1:colcon.colcon_core.package_identification:_identify(.) by extension 'cmake'
[0.386s] Level 1:colcon.colcon_core.package_identification:_identify(.) by extension 'python'
[0.386s] Level 1:colcon.colcon_core.package_identification:_identify(.) by extensions ['python_setup_py']
[0.386s] Level 1:colcon.colcon_core.package_identification:_identify(.) by extension 'python_setup_py'
[0.388s] Level 1:colcon.colcon_core.package_identification:_identify(build) by extensions ['ignore', 'ignore_ament_install']
[0.388s] Level 1:colcon.colcon_core.package_identification:_identify(build) by extension 'ignore'
[0.388s] Level 1:colcon.colcon_core.package_identification:_identify(build) ignored
[0.388s] Level 1:colcon.colcon_core.package_identification:_identify(install) by extensions ['ignore', 'ignore_ament_install']
[0.388s] Level 1:colcon.colcon_core.package_identification:_identify(install) by extension 'ignore'
[0.388s] Level 1:colcon.colcon_core.package_identification:_identify(install) ignored
[0.390s] Level 1:colcon.colcon_core.package_identification:_identify(log) by extensions ['ignore', 'ignore_ament_install']
[0.390s] Level 1:colcon.colcon_core.package_identification:_identify(log) by extension 'ignore'
[0.390s] Level 1:colcon.colcon_core.package_identification:_identify(log) ignored
[0.391s] Level 1:colcon.colcon_core.package_identification:_identify(src) by extensions ['ignore', 'ignore_ament_install']
[0.391s] Level 1:colcon.colcon_core.package_identification:_identify(src) by extension 'ignore'
[0.391s] Level 1:colcon.colcon_core.package_identification:_identify(src) by extension 'ignore_ament_install'
[0.391s] Level 1:colcon.colcon_core.package_identification:_identify(src) by extensions ['colcon_pkg']
[0.391s] Level 1:colcon.colcon_core.package_identification:_identify(src) by extension 'colcon_pkg'
[0.391s] Level 1:colcon.colcon_core.package_identification:_identify(src) by extensions ['colcon_meta']
[0.391s] Level 1:colcon.colcon_core.package_identification:_identify(src) by extension 'colcon_meta'
[0.391s] Level 1:colcon.colcon_core.package_identification:_identify(src) by extensions ['ros']
[0.391s] Level 1:colcon.colcon_core.package_identification:_identify(src) by extension 'ros'
[0.391s] Level 1:colcon.colcon_core.package_identification:_identify(src) by extensions ['cmake', 'python']
[0.391s] Level 1:colcon.colcon_core.package_identification:_identify(src) by extension 'cmake'
[0.391s] Level 1:colcon.colcon_core.package_identification:_identify(src) by extension 'python'
[0.391s] Level 1:colcon.colcon_core.package_identification:_identify(src) by extensions ['python_setup_py']
[0.391s] Level 1:colcon.colcon_core.package_identification:_identify(src) by extension 'python_setup_py'
[0.392s] Level 1:colcon.colcon_core.package_identification:_identify(src/build) by extensions ['ignore', 'ignore_ament_install']
[0.392s] Level 1:colcon.colcon_core.package_identification:_identify(src/build) by extension 'ignore'
[0.392s] Level 1:colcon.colcon_core.package_identification:_identify(src/build) ignored
[0.393s] Level 1:colcon.colcon_core.package_identification:_identify(src/install) by extensions ['ignore', 'ignore_ament_install']
[0.393s] Level 1:colcon.colcon_core.package_identification:_identify(src/install) by extension 'ignore'
[0.393s] Level 1:colcon.colcon_core.package_identification:_identify(src/install) ignored
[0.394s] Level 1:colcon.colcon_core.package_identification:_identify(src/lab05_py) by extensions ['ignore', 'ignore_ament_install']
[0.394s] Level 1:colcon.colcon_core.package_identification:_identify(src/lab05_py) by extension 'ignore'
[0.394s] Level 1:colcon.colcon_core.package_identification:_identify(src/lab05_py) by extension 'ignore_ament_install'
[0.394s] Level 1:colcon.colcon_core.package_identification:_identify(src/lab05_py) by extensions ['colcon_pkg']
[0.394s] Level 1:colcon.colcon_core.package_identification:_identify(src/lab05_py) by extension 'colcon_pkg'
[0.394s] Level 1:colcon.colcon_core.package_identification:_identify(src/lab05_py) by extensions ['colcon_meta']
[0.394s] Level 1:colcon.colcon_core.package_identification:_identify(src/lab05_py) by extension 'colcon_meta'
[0.394s] Level 1:colcon.colcon_core.package_identification:_identify(src/lab05_py) by extensions ['ros']
[0.394s] Level 1:colcon.colcon_core.package_identification:_identify(src/lab05_py) by extension 'ros'
[0.397s] DEBUG:colcon.colcon_core.package_identification:Package 'src/lab05_py' with type 'ros.ament_python' and name 'lab05_py'
[0.397s] Level 1:colcon.colcon_core.package_identification:_identify(src/lab_05) by extensions ['ignore', 'ignore_ament_install']
[0.398s] Level 1:colcon.colcon_core.package_identification:_identify(src/lab_05) by extension 'ignore'
[0.398s] Level 1:colcon.colcon_core.package_identification:_identify(src/lab_05) by extension 'ignore_ament_install'
[0.398s] Level 1:colcon.colcon_core.package_identification:_identify(src/lab_05) by extensions ['colcon_pkg']
[0.398s] Level 1:colcon.colcon_core.package_identification:_identify(src/lab_05) by extension 'colcon_pkg'
[0.398s] Level 1:colcon.colcon_core.package_identification:_identify(src/lab_05) by extensions ['colcon_meta']
[0.398s] Level 1:colcon.colcon_core.package_identification:_identify(src/lab_05) by extension 'colcon_meta'
[0.398s] Level 1:colcon.colcon_core.package_identification:_identify(src/lab_05) by extensions ['ros']
[0.398s] Level 1:colcon.colcon_core.package_identification:_identify(src/lab_05) by extension 'ros'
[0.399s] DEBUG:colcon.colcon_core.package_identification:Package 'src/lab_05' with type 'ros.ament_cmake' and name 'lab_05'
[0.401s] Level 1:colcon.colcon_core.package_identification:_identify(src/log) by extensions ['ignore', 'ignore_ament_install']
[0.401s] Level 1:colcon.colcon_core.package_identification:_identify(src/log) by extension 'ignore'
[0.401s] Level 1:colcon.colcon_core.package_identification:_identify(src/log) ignored
[0.401s] Level 1:colcon.colcon_core.package_discovery:discover_packages(recursive) using defaults
[0.402s] Level 1:colcon.colcon_core.package_discovery:discover_packages(ignore) discover
[0.402s] Level 1:colcon.colcon_core.package_discovery:discover_packages(ignore) using defaults
[0.402s] Level 1:colcon.colcon_core.package_discovery:discover_packages(path) discover
[0.402s] Level 1:colcon.colcon_core.package_discovery:discover_packages(path) using defaults
[0.421s] INFO:colcon.colcon_core.package_selection:Skipping not selected package 'lab_05' in 'src/lab_05'
[0.422s] Level 1:colcon.colcon_core.package_discovery:discover_packages(prefix_path) check parameters
[0.422s] Level 1:colcon.colcon_core.package_discovery:discover_packages(prefix_path) discover
[0.463s] DEBUG:colcon.colcon_installed_package_information.package_discovery:Found 2 installed packages in /home/.engr-ece/rgz834/lab_05/install
[0.499s] DEBUG:colcon.colcon_installed_package_information.package_discovery:Found 17 installed packages in /home/rgz834/engr-ece/ros2_ws/install
[0.500s] DEBUG:colcon.colcon_installed_package_information.package_discovery:Found 384 installed packages in /opt/ros/humble
[0.502s] Level 1:colcon.colcon_core.package_discovery:discover_packages(prefix_path) using defaults
[0.628s] Level 5:colcon.colcon_core.verb:set package 'lab05_py' build argument 'cmake_args' from command line to 'None'
[0.628s] Level 5:colcon.colcon_core.verb:set package 'lab05_py' build argument 'cmake_target' from command line to 'None'
[0.629s] Level 5:colcon.colcon_core.verb:set package 'lab05_py' build argument 'cmake_target_skip_unavailable' from command line to 'False'
[0.629s] Level 5:colcon.colcon_core.verb:set package 'lab05_py' build argument 'cmake_clean_cache' from command line to 'False'
[0.629s] Level 5:colcon.colcon_core.verb:set package 'lab05_py' build argument 'cmake_clean_first' from command line to 'False'
[0.629s] Level 5:colcon.colcon_core.verb:set package 'lab05_py' build argument 'cmake_force_configure' from command line to 'False'
[0.629s] Level 5:colcon.colcon_core.verb:set package 'lab05_py' build argument 'ament_cmake_args' from command line to 'None'
[0.629s] Level 5:colcon.colcon_core.verb:set package 'lab05_py' build argument 'catkin_cmake_args' from command line to 'None'
[0.629s] Level 5:colcon.colcon_core.verb:set package 'lab05_py' build argument 'catkin_skip_building_tests' from command line to 'False'
[0.629s] DEBUG:colcon.colcon_core.verb:Building package 'lab05_py' with the following arguments: {'ament_cmake_args': None, 'build_base': '/home/.engr-ece/rgz834/lab_05/build/lab05_py', 'catkin_cmake_args': None, 'catkin_skip_building_tests': False, 'cmake_args': None, 'cmake_clean_cache': False, 'cmake_clean_first': False, 'cmake_force_configure': False, 'cmake_target': None, 'cmake_target_skip_unavailable': False, 'install_base': '/home/.engr-ece/rgz834/lab_05/install/lab05_py', 'merge_install': False, 'path': '/home/.engr-ece/rgz834/lab_05/src/lab05_py', 'symlink_install': True, 'test_result_base': None}
[0.629s] INFO:colcon.colcon_core.executor:Executing jobs using 'parallel' executor
[0.632s] DEBUG:colcon.colcon_parallel_executor.executor.parallel:run_until_complete
[0.632s] INFO:colcon.colcon_ros.task.ament_python.build:Building ROS package in '/home/.engr-ece/rgz834/lab_05/src/lab05_py' with build type 'ament_python'
[0.632s] Level 1:colcon.colcon_core.shell:create_environment_hook('lab05_py', 'ament_prefix_path')
[0.635s] INFO:colcon.colcon_core.plugin_system:Skipping extension 'colcon_core.shell.bat': Not used on non-Windows systems
[0.636s] INFO:colcon.colcon_core.shell:Creating environment hook '/home/.engr-ece/rgz834/lab_05/install/lab05_py/share/lab05_py/hook/ament_prefix_path.ps1'
[0.640s] INFO:colcon.colcon_core.shell:Creating environment descriptor '/home/.engr-ece/rgz834/lab_05/install/lab05_py/share/lab05_py/hook/ament_prefix_path.dsv'
[0.643s] INFO:colcon.colcon_core.shell:Creating environment hook '/home/.engr-ece/rgz834/lab_05/install/lab05_py/share/lab05_py/hook/ament_prefix_path.sh'
[0.648s] INFO:colcon.colcon_core.shell:Skip shell extension 'powershell' for command environment: Not usable outside of PowerShell
[0.648s] DEBUG:colcon.colcon_core.shell:Skip shell extension 'dsv' for command environment
[0.976s] INFO:colcon.colcon_core.task.python.build:Building Python package in '/home/.engr-ece/rgz834/lab_05/src/lab05_py'
[0.977s] INFO:colcon.colcon_core.shell:Skip shell extension 'powershell' for command environment: Not usable outside of PowerShell
[0.977s] DEBUG:colcon.colcon_core.shell:Skip shell extension 'dsv' for command environment
[1.470s] DEBUG:colcon.colcon_core.event_handler.log_command:Invoking command in '/home/.engr-ece/rgz834/lab_05/build/lab05_py': PYTHONPATH=/home/.engr-ece/rgz834/lab_05/build/lab05_py/prefix_override:/home/.engr-ece/rgz834/lab_05/install/lab05_py/lib/python3.10/site-packages:${PYTHONPATH} /usr/bin/python3 setup.py develop --editable --build-directory /home/.engr-ece/rgz834/lab_05/build/lab05_py/build --no-deps install_data
[2.068s] Level 1:colcon.colcon_core.shell:create_environment_hook('lab05_py', 'pythonpath_develop')
[2.069s] INFO:colcon.colcon_core.shell:Creating environment hook '/home/.engr-ece/rgz834/lab_05/build/lab05_py/share/lab05_py/hook/pythonpath_develop.ps1'
[2.070s] DEBUG:colcon.colcon_core.event_handler.log_command:Invoked command in '/home/.engr-ece/rgz834/lab_05/build/lab05_py' returned '0': PYTHONPATH=/home/.engr-ece/rgz834/lab_05/build/lab05_py/prefix_override:/home/.engr-ece/rgz834/lab_05/install/lab05_py/lib/python3.10/site-packages:${PYTHONPATH} /usr/bin/python3 setup.py develop --editable --build-directory /home/.engr-ece/rgz834/lab_05/build/lab05_py/build --no-deps install_data
[2.074s] INFO:colcon.colcon_core.shell:Creating environment descriptor '/home/.engr-ece/rgz834/lab_05/build/lab05_py/share/lab05_py/hook/pythonpath_develop.dsv'
[2.078s] INFO:colcon.colcon_core.shell:Creating environment hook '/home/.engr-ece/rgz834/lab_05/build/lab05_py/share/lab05_py/hook/pythonpath_develop.sh'
[2.087s] Level 1:colcon.colcon_core.environment:checking '/home/.engr-ece/rgz834/lab_05/install/lab05_py' for CMake module files
[2.092s] Level 1:colcon.colcon_core.environment:checking '/home/.engr-ece/rgz834/lab_05/install/lab05_py' for CMake config files
[2.101s] Level 1:colcon.colcon_core.environment:checking '/home/.engr-ece/rgz834/lab_05/install/lab05_py/lib'
[2.102s] Level 1:colcon.colcon_core.environment:checking '/home/.engr-ece/rgz834/lab_05/install/lab05_py/bin'
[2.102s] Level 1:colcon.colcon_core.environment:checking '/home/.engr-ece/rgz834/lab_05/install/lab05_py/lib/pkgconfig/lab05_py.pc'
[2.103s] Level 1:colcon.colcon_core.environment:checking '/home/.engr-ece/rgz834/lab_05/install/lab05_py/lib/python3.10/site-packages'
[2.103s] Level 1:colcon.colcon_core.shell:create_environment_hook('lab05_py', 'pythonpath')
[2.104s] INFO:colcon.colcon_core.shell:Creating environment hook '/home/.engr-ece/rgz834/lab_05/install/lab05_py/share/lab05_py/hook/pythonpath.ps1'
[2.107s] INFO:colcon.colcon_core.shell:Creating environment descriptor '/home/.engr-ece/rgz834/lab_05/install/lab05_py/share/lab05_py/hook/pythonpath.dsv'
[2.110s] INFO:colcon.colcon_core.shell:Creating environment hook '/home/.engr-ece/rgz834/lab_05/install/lab05_py/share/lab05_py/hook/pythonpath.sh'
[2.114s] Level 1:colcon.colcon_core.environment:checking '/home/.engr-ece/rgz834/lab_05/install/lab05_py/bin'
[2.114s] Level 1:colcon.colcon_core.environment:create_environment_scripts_only(lab05_py)
[2.116s] INFO:colcon.colcon_core.shell:Creating package script '/home/.engr-ece/rgz834/lab_05/install/lab05_py/share/lab05_py/package.ps1'
[2.120s] INFO:colcon.colcon_core.shell:Creating package descriptor '/home/.engr-ece/rgz834/lab_05/install/lab05_py/share/lab05_py/package.dsv'
[2.124s] INFO:colcon.colcon_core.shell:Creating package script '/home/.engr-ece/rgz834/lab_05/install/lab05_py/share/lab05_py/package.sh'
[2.128s] INFO:colcon.colcon_core.shell:Creating package script '/home/.engr-ece/rgz834/lab_05/install/lab05_py/share/lab05_py/package.bash'
[2.131s] INFO:colcon.colcon_core.shell:Creating package script '/home/.engr-ece/rgz834/lab_05/install/lab05_py/share/lab05_py/package.zsh'
[2.135s] Level 1:colcon.colcon_core.environment:create_file_with_runtime_dependencies(/home/.engr-ece/rgz834/lab_05/install/lab05_py/share/colcon-core/packages/lab05_py)
[2.138s] DEBUG:colcon.colcon_parallel_executor.executor.parallel:closing loop
[2.138s] DEBUG:colcon.colcon_parallel_executor.executor.parallel:loop closed
[2.138s] DEBUG:colcon.colcon_parallel_executor.executor.parallel:run_until_complete finished with '0'
[2.138s] DEBUG:colcon.colcon_core.event_reactor:joining thread
[2.154s] INFO:colcon.colcon_core.plugin_system:Skipping extension 'colcon_notification.desktop_notification.terminal_notifier': Not used on non-Darwin systems
[2.154s] INFO:colcon.colcon_core.plugin_system:Skipping extension 'colcon_notification.desktop_notification.win32': Not used on non-Windows systems
[2.154s] INFO:colcon.colcon_notification.desktop_notification:Sending desktop notification using 'notify2'
[2.160s] DEBUG:colcon.colcon_core.event_reactor:joined thread
[2.161s] INFO:colcon.colcon_core.shell:Creating prefix script '/home/.engr-ece/rgz834/lab_05/install/local_setup.ps1'
[2.165s] INFO:colcon.colcon_core.shell:Creating prefix util module '/home/.engr-ece/rgz834/lab_05/install/_local_setup_util_ps1.py'
[2.170s] INFO:colcon.colcon_core.shell:Creating prefix chain script '/home/.engr-ece/rgz834/lab_05/install/setup.ps1'
[2.199s] INFO:colcon.colcon_core.shell:Creating prefix script '/home/.engr-ece/rgz834/lab_05/install/local_setup.sh'
[2.204s] INFO:colcon.colcon_core.shell:Creating prefix util module '/home/.engr-ece/rgz834/lab_05/install/_local_setup_util_sh.py'
[2.208s] INFO:colcon.colcon_core.shell:Creating prefix chain script '/home/.engr-ece/rgz834/lab_05/install/setup.sh'
[2.238s] INFO:colcon.colcon_core.shell:Creating prefix script '/home/.engr-ece/rgz834/lab_05/install/local_setup.bash'
[2.241s] INFO:colcon.colcon_core.shell:Creating prefix chain script '/home/.engr-ece/rgz834/lab_05/install/setup.bash'
[2.272s] INFO:colcon.colcon_core.shell:Creating prefix script '/home/.engr-ece/rgz834/lab_05/install/local_setup.zsh'
[2.276s] INFO:colcon.colcon_core.shell:Creating prefix chain script '/home/.engr-ece/rgz834/lab_05/install/setup.zsh'
