[0.682s] Invoking command in '/home/teehee/ros2_ws/build/lab_exam2_pkg': PYTHONPATH=/home/teehee/ros2_ws/build/lab_exam2_pkg/prefix_override:/home/teehee/ros2_ws/install/lab_exam2_pkg/lib/python3.10/site-packages:${PYTHONPATH} /usr/bin/python3 setup.py develop --editable --build-directory /home/teehee/ros2_ws/build/lab_exam2_pkg/build --no-deps install_data
[0.917s] running develop
[0.917s] /usr/lib/python3/dist-packages/setuptools/command/easy_install.py:158: EasyInstallDeprecationWarning: easy_install command is deprecated. Use build and pip and other standards-based tools.
[0.917s]   warnings.warn(
[0.918s] /usr/lib/python3/dist-packages/setuptools/command/install.py:34: SetuptoolsDeprecationWarning: setup.py install is deprecated. Use build and pip and other standards-based tools.
[0.918s]   warnings.warn(
[1.052s] running egg_info
[1.052s] writing lab_exam2_pkg.egg-info/PKG-INFO
[1.054s] writing dependency_links to lab_exam2_pkg.egg-info/dependency_links.txt
[1.054s] writing entry points to lab_exam2_pkg.egg-info/entry_points.txt
[1.054s] writing requirements to lab_exam2_pkg.egg-info/requires.txt
[1.054s] writing top-level names to lab_exam2_pkg.egg-info/top_level.txt
[1.056s] reading manifest file 'lab_exam2_pkg.egg-info/SOURCES.txt'
[1.057s] writing manifest file 'lab_exam2_pkg.egg-info/SOURCES.txt'
[1.058s] running build_ext
[1.058s] Creating /home/teehee/ros2_ws/install/lab_exam2_pkg/lib/python3.10/site-packages/lab-exam2-pkg.egg-link (link to .)
[1.058s] Installing movefile script to /home/teehee/ros2_ws/install/lab_exam2_pkg/lib/lab_exam2_pkg
[1.059s] Installing turtlesim_scan script to /home/teehee/ros2_ws/install/lab_exam2_pkg/lib/lab_exam2_pkg
[1.059s] 
[1.059s] Installed /home/teehee/ros2_ws/build/lab_exam2_pkg
[1.059s] running install_data
[1.090s] Invoked command in '/home/teehee/ros2_ws/build/lab_exam2_pkg' returned '0': PYTHONPATH=/home/teehee/ros2_ws/build/lab_exam2_pkg/prefix_override:/home/teehee/ros2_ws/install/lab_exam2_pkg/lib/python3.10/site-packages:${PYTHONPATH} /usr/bin/python3 setup.py develop --editable --build-directory /home/teehee/ros2_ws/build/lab_exam2_pkg/build --no-deps install_data
