-- Found ament_cmake: 1.3.5 (/opt/ros/humble/share/ament_cmake/cmake)
-- Found rosidl_default_generators: 1.2.0 (/opt/ros/humble/share/rosidl_default_generators/cmake)
-- Using all available rosidl_typesupport_c: rosidl_typesupport_fastrtps_c;rosidl_typesupport_introspection_c
-- Found rosidl_adapter: 3.1.5 (/opt/ros/humble/share/rosidl_adapter/cmake)
-- Using all available rosidl_typesupport_cpp: rosidl_typesupport_fastrtps_cpp;rosidl_typesupport_introspection_cpp
-- Found ament_cmake_ros: 0.10.0 (/opt/ros/humble/share/ament_cmake_ros/cmake)
-- Using all available rosidl_typesupport_c: rosidl_typesupport_fastrtps_c;rosidl_typesupport_introspection_c
-- Using all available rosidl_typesupport_cpp: rosidl_typesupport_fastrtps_cpp;rosidl_typesupport_introspection_cpp
-- Found PythonInterp: /usr/bin/python3 (found suitable version "3.10.12", minimum required is "3.6") 
-- Found python_cmake_module: 0.10.0 (/opt/ros/humble/share/python_cmake_module/cmake)
-- Found PythonLibs: /usr/lib/x86_64-linux-gnu/libpython3.10.so (found suitable version "3.10.12", minimum required is "3.5") 
-- Using PYTHON_EXECUTABLE: /usr/bin/python3
-- Using PYTHON_INCLUDE_DIRS: /usr/include/python3.10
-- Using PYTHON_LIBRARIES: /usr/lib/x86_64-linux-gnu/libpython3.10.so
-- Found PythonExtra: .so  
-- Configuring done
-- Generating done
-- Build files have been written to: /home/teehee/ros2_ws/build/lab_interfaces
[  2%] [34m[1mGenerating C code for ROS interfaces[0m
[  4%] [34m[1mGenerating C++ code for ROS interfaces[0m
[  4%] Built target ament_cmake_python_copy_lab_interfaces
running egg_info
creating lab_interfaces.egg-info
writing lab_interfaces.egg-info/PKG-INFO
writing dependency_links to lab_interfaces.egg-info/dependency_links.txt
writing top-level names to lab_interfaces.egg-info/top_level.txt
writing manifest file 'lab_interfaces.egg-info/SOURCES.txt'
reading manifest file 'lab_interfaces.egg-info/SOURCES.txt'
writing manifest file 'lab_interfaces.egg-info/SOURCES.txt'
[  4%] Built target ament_cmake_python_build_lab_interfaces_egg
[  4%] Built target lab_interfaces__cpp
[  8%] [34m[1mGenerating C++ type support for eProsima Fast-RTPS[0m
[  8%] [34m[1mGenerating C++ type support dispatch for ROS interfaces[0m
[ 10%] [34m[1mGenerating C++ introspection for ROS interfaces[0m
[ 12%] [32mBuilding C object CMakeFiles/lab_interfaces__rosidl_generator_c.dir/rosidl_generator_c/lab_interfaces/msg/detail/wall_distance_measurement__functions.c.o[0m
[ 14%] [32mBuilding C object CMakeFiles/lab_interfaces__rosidl_generator_c.dir/rosidl_generator_c/lab_interfaces/msg/detail/wall_distance_array__functions.c.o[0m
[ 17%] [32mBuilding C object CMakeFiles/lab_interfaces__rosidl_generator_c.dir/rosidl_generator_c/lab_interfaces/msg/detail/wall_distance_statistics__functions.c.o[0m
[ 19%] [32mBuilding CXX object CMakeFiles/lab_interfaces__rosidl_typesupport_cpp.dir/rosidl_typesupport_cpp/lab_interfaces/msg/wall_distance_measurement__type_support.cpp.o[0m
[ 21%] [32m[1mLinking C shared library liblab_interfaces__rosidl_generator_c.so[0m
[ 21%] Built target lab_interfaces__rosidl_generator_c
[ 23%] [34m[1mGenerating C type support for eProsima Fast-RTPS[0m
[ 25%] [32mBuilding CXX object CMakeFiles/lab_interfaces__rosidl_typesupport_fastrtps_cpp.dir/rosidl_typesupport_fastrtps_cpp/lab_interfaces/msg/detail/dds_fastrtps/wall_distance_measurement__type_support.cpp.o[0m
[ 27%] [32mBuilding CXX object CMakeFiles/lab_interfaces__rosidl_typesupport_introspection_cpp.dir/rosidl_typesupport_introspection_cpp/lab_interfaces/msg/detail/wall_distance_measurement__type_support.cpp.o[0m
[ 29%] [32mBuilding CXX object CMakeFiles/lab_interfaces__rosidl_typesupport_cpp.dir/rosidl_typesupport_cpp/lab_interfaces/msg/wall_distance_array__type_support.cpp.o[0m
[ 31%] [32mBuilding CXX object CMakeFiles/lab_interfaces__rosidl_typesupport_fastrtps_c.dir/rosidl_typesupport_fastrtps_c/lab_interfaces/msg/detail/wall_distance_measurement__type_support_c.cpp.o[0m
[ 34%] [32mBuilding CXX object CMakeFiles/lab_interfaces__rosidl_typesupport_fastrtps_cpp.dir/rosidl_typesupport_fastrtps_cpp/lab_interfaces/msg/detail/dds_fastrtps/wall_distance_array__type_support.cpp.o[0m
[ 36%] [32mBuilding CXX object CMakeFiles/lab_interfaces__rosidl_typesupport_introspection_cpp.dir/rosidl_typesupport_introspection_cpp/lab_interfaces/msg/detail/wall_distance_array__type_support.cpp.o[0m
[ 38%] [32mBuilding CXX object CMakeFiles/lab_interfaces__rosidl_typesupport_cpp.dir/rosidl_typesupport_cpp/lab_interfaces/msg/wall_distance_statistics__type_support.cpp.o[0m
[ 40%] [32mBuilding CXX object CMakeFiles/lab_interfaces__rosidl_typesupport_fastrtps_c.dir/rosidl_typesupport_fastrtps_c/lab_interfaces/msg/detail/wall_distance_array__type_support_c.cpp.o[0m
[ 42%] [32mBuilding CXX object CMakeFiles/lab_interfaces__rosidl_typesupport_introspection_cpp.dir/rosidl_typesupport_introspection_cpp/lab_interfaces/msg/detail/wall_distance_statistics__type_support.cpp.o[0m
[ 44%] [32mBuilding CXX object CMakeFiles/lab_interfaces__rosidl_typesupport_fastrtps_cpp.dir/rosidl_typesupport_fastrtps_cpp/lab_interfaces/msg/detail/dds_fastrtps/wall_distance_statistics__type_support.cpp.o[0m
[ 46%] [32m[1mLinking CXX shared library liblab_interfaces__rosidl_typesupport_cpp.so[0m
[ 46%] Built target lab_interfaces__rosidl_typesupport_cpp
[ 48%] [32mBuilding CXX object CMakeFiles/lab_interfaces__rosidl_typesupport_fastrtps_c.dir/rosidl_typesupport_fastrtps_c/lab_interfaces/msg/detail/wall_distance_statistics__type_support_c.cpp.o[0m
[ 51%] [34m[1mGenerating C introspection for ROS interfaces[0m
[ 53%] [32m[1mLinking CXX shared library liblab_interfaces__rosidl_typesupport_introspection_cpp.so[0m
[ 55%] [32m[1mLinking CXX shared library liblab_interfaces__rosidl_typesupport_fastrtps_cpp.so[0m
[ 55%] Built target lab_interfaces__rosidl_typesupport_introspection_cpp
[ 57%] [34m[1mGenerating C type support dispatch for ROS interfaces[0m
[ 59%] [32m[1mLinking CXX shared library liblab_interfaces__rosidl_typesupport_fastrtps_c.so[0m
[ 61%] [32mBuilding C object CMakeFiles/lab_interfaces__rosidl_typesupport_introspection_c.dir/rosidl_typesupport_introspection_c/lab_interfaces/msg/detail/wall_distance_measurement__type_support.c.o[0m
[ 61%] Built target lab_interfaces__rosidl_typesupport_fastrtps_cpp
[ 63%] [32mBuilding C object CMakeFiles/lab_interfaces__rosidl_typesupport_introspection_c.dir/rosidl_typesupport_introspection_c/lab_interfaces/msg/detail/wall_distance_array__type_support.c.o[0m
[ 65%] [32mBuilding C object CMakeFiles/lab_interfaces__rosidl_typesupport_introspection_c.dir/rosidl_typesupport_introspection_c/lab_interfaces/msg/detail/wall_distance_statistics__type_support.c.o[0m
[ 68%] [32m[1mLinking C shared library liblab_interfaces__rosidl_typesupport_introspection_c.so[0m
[ 68%] Built target lab_interfaces__rosidl_typesupport_fastrtps_c
[ 68%] Built target lab_interfaces__rosidl_typesupport_introspection_c
[ 74%] [32mBuilding CXX object CMakeFiles/lab_interfaces__rosidl_typesupport_c.dir/rosidl_typesupport_c/lab_interfaces/msg/wall_distance_measurement__type_support.cpp.o[0m
[ 74%] [32mBuilding CXX object CMakeFiles/lab_interfaces__rosidl_typesupport_c.dir/rosidl_typesupport_c/lab_interfaces/msg/wall_distance_statistics__type_support.cpp.o[0m
[ 74%] [32mBuilding CXX object CMakeFiles/lab_interfaces__rosidl_typesupport_c.dir/rosidl_typesupport_c/lab_interfaces/msg/wall_distance_array__type_support.cpp.o[0m
[ 76%] [32m[1mLinking CXX shared library liblab_interfaces__rosidl_typesupport_c.so[0m
[ 76%] Built target lab_interfaces__rosidl_typesupport_c
[ 76%] Built target lab_interfaces
[ 78%] [34m[1mGenerating Python code for ROS interfaces[0m
[ 78%] Built target lab_interfaces__py
[ 85%] [32mBuilding C object CMakeFiles/lab_interfaces__rosidl_generator_py.dir/rosidl_generator_py/lab_interfaces/msg/_wall_distance_statistics_s.c.o[0m
[ 85%] [32mBuilding C object CMakeFiles/lab_interfaces__rosidl_generator_py.dir/rosidl_generator_py/lab_interfaces/msg/_wall_distance_array_s.c.o[0m
[ 85%] [32mBuilding C object CMakeFiles/lab_interfaces__rosidl_generator_py.dir/rosidl_generator_py/lab_interfaces/msg/_wall_distance_measurement_s.c.o[0m
[ 87%] [32m[1mLinking C shared library rosidl_generator_py/lab_interfaces/liblab_interfaces__rosidl_generator_py.so[0m
[ 87%] Built target lab_interfaces__rosidl_generator_py
[ 89%] [32mBuilding C object CMakeFiles/lab_interfaces__rosidl_typesupport_introspection_c__pyext.dir/rosidl_generator_py/lab_interfaces/_lab_interfaces_s.ep.rosidl_typesupport_introspection_c.c.o[0m
[ 93%] [32mBuilding C object CMakeFiles/lab_interfaces__rosidl_typesupport_fastrtps_c__pyext.dir/rosidl_generator_py/lab_interfaces/_lab_interfaces_s.ep.rosidl_typesupport_fastrtps_c.c.o[0m
[ 93%] [32mBuilding C object CMakeFiles/lab_interfaces__rosidl_typesupport_c__pyext.dir/rosidl_generator_py/lab_interfaces/_lab_interfaces_s.ep.rosidl_typesupport_c.c.o[0m
[ 95%] [32m[1mLinking C shared library rosidl_generator_py/lab_interfaces/lab_interfaces_s__rosidl_typesupport_introspection_c.cpython-310-x86_64-linux-gnu.so[0m
[ 97%] [32m[1mLinking C shared library rosidl_generator_py/lab_interfaces/lab_interfaces_s__rosidl_typesupport_c.cpython-310-x86_64-linux-gnu.so[0m
[100%] [32m[1mLinking C shared library rosidl_generator_py/lab_interfaces/lab_interfaces_s__rosidl_typesupport_fastrtps_c.cpython-310-x86_64-linux-gnu.so[0m
[100%] Built target lab_interfaces__rosidl_typesupport_introspection_c__pyext
[100%] Built target lab_interfaces__rosidl_typesupport_c__pyext
[100%] Built target lab_interfaces__rosidl_typesupport_fastrtps_c__pyext
-- Install configuration: ""
-- Installing: /home/teehee/ros2_ws/install/lab_interfaces/share/ament_index/resource_index/rosidl_interfaces/lab_interfaces
-- Installing: /home/teehee/ros2_ws/install/lab_interfaces/include/lab_interfaces/lab_interfaces
-- Installing: /home/teehee/ros2_ws/install/lab_interfaces/include/lab_interfaces/lab_interfaces/msg
-- Installing: /home/teehee/ros2_ws/install/lab_interfaces/include/lab_interfaces/lab_interfaces/msg/wall_distance_array.h
-- Installing: /home/teehee/ros2_ws/install/lab_interfaces/include/lab_interfaces/lab_interfaces/msg/rosidl_generator_c__visibility_control.h
-- Installing: /home/teehee/ros2_ws/install/lab_interfaces/include/lab_interfaces/lab_interfaces/msg/detail
-- Installing: /home/teehee/ros2_ws/install/lab_interfaces/include/lab_interfaces/lab_interfaces/msg/detail/wall_distance_measurement__functions.c
-- Installing: /home/teehee/ros2_ws/install/lab_interfaces/include/lab_interfaces/lab_interfaces/msg/detail/wall_distance_statistics__functions.c
-- Installing: /home/teehee/ros2_ws/install/lab_interfaces/include/lab_interfaces/lab_interfaces/msg/detail/wall_distance_measurement__struct.h
-- Installing: /home/teehee/ros2_ws/install/lab_interfaces/include/lab_interfaces/lab_interfaces/msg/detail/wall_distance_measurement__type_support.h
-- Installing: /home/teehee/ros2_ws/install/lab_interfaces/include/lab_interfaces/lab_interfaces/msg/detail/wall_distance_array__type_support.h
-- Installing: /home/teehee/ros2_ws/install/lab_interfaces/include/lab_interfaces/lab_interfaces/msg/detail/wall_distance_statistics__type_support.h
-- Installing: /home/teehee/ros2_ws/install/lab_interfaces/include/lab_interfaces/lab_interfaces/msg/detail/wall_distance_statistics__struct.h
-- Installing: /home/teehee/ros2_ws/install/lab_interfaces/include/lab_interfaces/lab_interfaces/msg/detail/wall_distance_statistics__functions.h
-- Installing: /home/teehee/ros2_ws/install/lab_interfaces/include/lab_interfaces/lab_interfaces/msg/detail/wall_distance_array__struct.h
-- Installing: /home/teehee/ros2_ws/install/lab_interfaces/include/lab_interfaces/lab_interfaces/msg/detail/wall_distance_array__functions.c
-- Installing: /home/teehee/ros2_ws/install/lab_interfaces/include/lab_interfaces/lab_interfaces/msg/detail/wall_distance_measurement__functions.h
-- Installing: /home/teehee/ros2_ws/install/lab_interfaces/include/lab_interfaces/lab_interfaces/msg/detail/wall_distance_array__functions.h
-- Installing: /home/teehee/ros2_ws/install/lab_interfaces/include/lab_interfaces/lab_interfaces/msg/wall_distance_measurement.h
-- Installing: /home/teehee/ros2_ws/install/lab_interfaces/include/lab_interfaces/lab_interfaces/msg/wall_distance_statistics.h
-- Installing: /home/teehee/ros2_ws/install/lab_interfaces/share/lab_interfaces/environment/library_path.sh
-- Installing: /home/teehee/ros2_ws/install/lab_interfaces/share/lab_interfaces/environment/library_path.dsv
-- Installing: /home/teehee/ros2_ws/install/lab_interfaces/lib/liblab_interfaces__rosidl_generator_c.so
-- Set runtime path of "/home/teehee/ros2_ws/install/lab_interfaces/lib/liblab_interfaces__rosidl_generator_c.so" to ""
-- Up-to-date: /home/teehee/ros2_ws/install/lab_interfaces/include/lab_interfaces/lab_interfaces
-- Up-to-date: /home/teehee/ros2_ws/install/lab_interfaces/include/lab_interfaces/lab_interfaces/msg
-- Up-to-date: /home/teehee/ros2_ws/install/lab_interfaces/include/lab_interfaces/lab_interfaces/msg/detail
-- Installing: /home/teehee/ros2_ws/install/lab_interfaces/include/lab_interfaces/lab_interfaces/msg/detail/wall_distance_statistics__rosidl_typesupport_fastrtps_c.h
-- Installing: /home/teehee/ros2_ws/install/lab_interfaces/include/lab_interfaces/lab_interfaces/msg/detail/wall_distance_measurement__rosidl_typesupport_fastrtps_c.h
-- Installing: /home/teehee/ros2_ws/install/lab_interfaces/include/lab_interfaces/lab_interfaces/msg/detail/wall_distance_array__rosidl_typesupport_fastrtps_c.h
-- Installing: /home/teehee/ros2_ws/install/lab_interfaces/include/lab_interfaces/lab_interfaces/msg/rosidl_typesupport_fastrtps_c__visibility_control.h
-- Installing: /home/teehee/ros2_ws/install/lab_interfaces/lib/liblab_interfaces__rosidl_typesupport_fastrtps_c.so
-- Set runtime path of "/home/teehee/ros2_ws/install/lab_interfaces/lib/liblab_interfaces__rosidl_typesupport_fastrtps_c.so" to ""
-- Up-to-date: /home/teehee/ros2_ws/install/lab_interfaces/include/lab_interfaces/lab_interfaces
-- Up-to-date: /home/teehee/ros2_ws/install/lab_interfaces/include/lab_interfaces/lab_interfaces/msg
-- Up-to-date: /home/teehee/ros2_ws/install/lab_interfaces/include/lab_interfaces/lab_interfaces/msg/detail
-- Installing: /home/teehee/ros2_ws/install/lab_interfaces/include/lab_interfaces/lab_interfaces/msg/detail/wall_distance_measurement__type_support.c
-- Installing: /home/teehee/ros2_ws/install/lab_interfaces/include/lab_interfaces/lab_interfaces/msg/detail/wall_distance_array__type_support.c
-- Installing: /home/teehee/ros2_ws/install/lab_interfaces/include/lab_interfaces/lab_interfaces/msg/detail/wall_distance_statistics__rosidl_typesupport_introspection_c.h
-- Installing: /home/teehee/ros2_ws/install/lab_interfaces/include/lab_interfaces/lab_interfaces/msg/detail/wall_distance_array__rosidl_typesupport_introspection_c.h
-- Installing: /home/teehee/ros2_ws/install/lab_interfaces/include/lab_interfaces/lab_interfaces/msg/detail/wall_distance_measurement__rosidl_typesupport_introspection_c.h
-- Installing: /home/teehee/ros2_ws/install/lab_interfaces/include/lab_interfaces/lab_interfaces/msg/detail/wall_distance_statistics__type_support.c
-- Installing: /home/teehee/ros2_ws/install/lab_interfaces/include/lab_interfaces/lab_interfaces/msg/rosidl_typesupport_introspection_c__visibility_control.h
-- Installing: /home/teehee/ros2_ws/install/lab_interfaces/lib/liblab_interfaces__rosidl_typesupport_introspection_c.so
-- Set runtime path of "/home/teehee/ros2_ws/install/lab_interfaces/lib/liblab_interfaces__rosidl_typesupport_introspection_c.so" to ""
-- Installing: /home/teehee/ros2_ws/install/lab_interfaces/lib/liblab_interfaces__rosidl_typesupport_c.so
-- Set runtime path of "/home/teehee/ros2_ws/install/lab_interfaces/lib/liblab_interfaces__rosidl_typesupport_c.so" to ""
-- Up-to-date: /home/teehee/ros2_ws/install/lab_interfaces/include/lab_interfaces/lab_interfaces
-- Up-to-date: /home/teehee/ros2_ws/install/lab_interfaces/include/lab_interfaces/lab_interfaces/msg
-- Installing: /home/teehee/ros2_ws/install/lab_interfaces/include/lab_interfaces/lab_interfaces/msg/wall_distance_measurement.hpp
-- Installing: /home/teehee/ros2_ws/install/lab_interfaces/include/lab_interfaces/lab_interfaces/msg/wall_distance_statistics.hpp
-- Up-to-date: /home/teehee/ros2_ws/install/lab_interfaces/include/lab_interfaces/lab_interfaces/msg/detail
-- Installing: /home/teehee/ros2_ws/install/lab_interfaces/include/lab_interfaces/lab_interfaces/msg/detail/wall_distance_statistics__traits.hpp
-- Installing: /home/teehee/ros2_ws/install/lab_interfaces/include/lab_interfaces/lab_interfaces/msg/detail/wall_distance_array__traits.hpp
-- Installing: /home/teehee/ros2_ws/install/lab_interfaces/include/lab_interfaces/lab_interfaces/msg/detail/wall_distance_statistics__struct.hpp
-- Installing: /home/teehee/ros2_ws/install/lab_interfaces/include/lab_interfaces/lab_interfaces/msg/detail/wall_distance_statistics__builder.hpp
-- Installing: /home/teehee/ros2_ws/install/lab_interfaces/include/lab_interfaces/lab_interfaces/msg/detail/wall_distance_array__struct.hpp
-- Installing: /home/teehee/ros2_ws/install/lab_interfaces/include/lab_interfaces/lab_interfaces/msg/detail/wall_distance_measurement__builder.hpp
-- Installing: /home/teehee/ros2_ws/install/lab_interfaces/include/lab_interfaces/lab_interfaces/msg/detail/wall_distance_array__builder.hpp
-- Installing: /home/teehee/ros2_ws/install/lab_interfaces/include/lab_interfaces/lab_interfaces/msg/detail/wall_distance_measurement__struct.hpp
-- Installing: /home/teehee/ros2_ws/install/lab_interfaces/include/lab_interfaces/lab_interfaces/msg/detail/wall_distance_measurement__traits.hpp
-- Installing: /home/teehee/ros2_ws/install/lab_interfaces/include/lab_interfaces/lab_interfaces/msg/wall_distance_array.hpp
-- Up-to-date: /home/teehee/ros2_ws/install/lab_interfaces/include/lab_interfaces/lab_interfaces
-- Up-to-date: /home/teehee/ros2_ws/install/lab_interfaces/include/lab_interfaces/lab_interfaces/msg
-- Up-to-date: /home/teehee/ros2_ws/install/lab_interfaces/include/lab_interfaces/lab_interfaces/msg/detail
-- Installing: /home/teehee/ros2_ws/install/lab_interfaces/include/lab_interfaces/lab_interfaces/msg/detail/wall_distance_statistics__rosidl_typesupport_fastrtps_cpp.hpp
-- Installing: /home/teehee/ros2_ws/install/lab_interfaces/include/lab_interfaces/lab_interfaces/msg/detail/wall_distance_array__rosidl_typesupport_fastrtps_cpp.hpp
-- Installing: /home/teehee/ros2_ws/install/lab_interfaces/include/lab_interfaces/lab_interfaces/msg/detail/dds_fastrtps
-- Installing: /home/teehee/ros2_ws/install/lab_interfaces/include/lab_interfaces/lab_interfaces/msg/detail/wall_distance_measurement__rosidl_typesupport_fastrtps_cpp.hpp
-- Installing: /home/teehee/ros2_ws/install/lab_interfaces/include/lab_interfaces/lab_interfaces/msg/rosidl_typesupport_fastrtps_cpp__visibility_control.h
-- Installing: /home/teehee/ros2_ws/install/lab_interfaces/lib/liblab_interfaces__rosidl_typesupport_fastrtps_cpp.so
-- Set runtime path of "/home/teehee/ros2_ws/install/lab_interfaces/lib/liblab_interfaces__rosidl_typesupport_fastrtps_cpp.so" to ""
-- Up-to-date: /home/teehee/ros2_ws/install/lab_interfaces/include/lab_interfaces/lab_interfaces
-- Up-to-date: /home/teehee/ros2_ws/install/lab_interfaces/include/lab_interfaces/lab_interfaces/msg
-- Up-to-date: /home/teehee/ros2_ws/install/lab_interfaces/include/lab_interfaces/lab_interfaces/msg/detail
-- Installing: /home/teehee/ros2_ws/install/lab_interfaces/include/lab_interfaces/lab_interfaces/msg/detail/wall_distance_array__type_support.cpp
-- Installing: /home/teehee/ros2_ws/install/lab_interfaces/include/lab_interfaces/lab_interfaces/msg/detail/wall_distance_measurement__rosidl_typesupport_introspection_cpp.hpp
-- Installing: /home/teehee/ros2_ws/install/lab_interfaces/include/lab_interfaces/lab_interfaces/msg/detail/wall_distance_array__rosidl_typesupport_introspection_cpp.hpp
-- Installing: /home/teehee/ros2_ws/install/lab_interfaces/include/lab_interfaces/lab_interfaces/msg/detail/wall_distance_measurement__type_support.cpp
-- Installing: /home/teehee/ros2_ws/install/lab_interfaces/include/lab_interfaces/lab_interfaces/msg/detail/wall_distance_statistics__type_support.cpp
-- Installing: /home/teehee/ros2_ws/install/lab_interfaces/include/lab_interfaces/lab_interfaces/msg/detail/wall_distance_statistics__rosidl_typesupport_introspection_cpp.hpp
-- Installing: /home/teehee/ros2_ws/install/lab_interfaces/lib/liblab_interfaces__rosidl_typesupport_introspection_cpp.so
-- Set runtime path of "/home/teehee/ros2_ws/install/lab_interfaces/lib/liblab_interfaces__rosidl_typesupport_introspection_cpp.so" to ""
-- Installing: /home/teehee/ros2_ws/install/lab_interfaces/lib/liblab_interfaces__rosidl_typesupport_cpp.so
-- Set runtime path of "/home/teehee/ros2_ws/install/lab_interfaces/lib/liblab_interfaces__rosidl_typesupport_cpp.so" to ""
-- Installing: /home/teehee/ros2_ws/install/lab_interfaces/share/lab_interfaces/environment/pythonpath.sh
-- Installing: /home/teehee/ros2_ws/install/lab_interfaces/share/lab_interfaces/environment/pythonpath.dsv
-- Installing: /home/teehee/ros2_ws/install/lab_interfaces/local/lib/python3.10/dist-packages/lab_interfaces-0.0.0-py3.10.egg-info
-- Installing: /home/teehee/ros2_ws/install/lab_interfaces/local/lib/python3.10/dist-packages/lab_interfaces-0.0.0-py3.10.egg-info/SOURCES.txt
-- Installing: /home/teehee/ros2_ws/install/lab_interfaces/local/lib/python3.10/dist-packages/lab_interfaces-0.0.0-py3.10.egg-info/dependency_links.txt
-- Installing: /home/teehee/ros2_ws/install/lab_interfaces/local/lib/python3.10/dist-packages/lab_interfaces-0.0.0-py3.10.egg-info/PKG-INFO
-- Installing: /home/teehee/ros2_ws/install/lab_interfaces/local/lib/python3.10/dist-packages/lab_interfaces-0.0.0-py3.10.egg-info/top_level.txt
-- Installing: /home/teehee/ros2_ws/install/lab_interfaces/local/lib/python3.10/dist-packages/lab_interfaces
-- Installing: /home/teehee/ros2_ws/install/lab_interfaces/local/lib/python3.10/dist-packages/lab_interfaces/_lab_interfaces_s.ep.rosidl_typesupport_introspection_c.c
-- Installing: /home/teehee/ros2_ws/install/lab_interfaces/local/lib/python3.10/dist-packages/lab_interfaces/lab_interfaces_s__rosidl_typesupport_c.cpython-310-x86_64-linux-gnu.so
-- Installing: /home/teehee/ros2_ws/install/lab_interfaces/local/lib/python3.10/dist-packages/lab_interfaces/__init__.py
-- Installing: /home/teehee/ros2_ws/install/lab_interfaces/local/lib/python3.10/dist-packages/lab_interfaces/_lab_interfaces_s.ep.rosidl_typesupport_c.c
-- Installing: /home/teehee/ros2_ws/install/lab_interfaces/local/lib/python3.10/dist-packages/lab_interfaces/lab_interfaces_s__rosidl_typesupport_introspection_c.cpython-310-x86_64-linux-gnu.so
-- Installing: /home/teehee/ros2_ws/install/lab_interfaces/local/lib/python3.10/dist-packages/lab_interfaces/_lab_interfaces_s.ep.rosidl_typesupport_fastrtps_c.c
-- Installing: /home/teehee/ros2_ws/install/lab_interfaces/local/lib/python3.10/dist-packages/lab_interfaces/liblab_interfaces__rosidl_generator_py.so
-- Installing: /home/teehee/ros2_ws/install/lab_interfaces/local/lib/python3.10/dist-packages/lab_interfaces/lab_interfaces_s__rosidl_typesupport_fastrtps_c.cpython-310-x86_64-linux-gnu.so
-- Installing: /home/teehee/ros2_ws/install/lab_interfaces/local/lib/python3.10/dist-packages/lab_interfaces/msg
-- Installing: /home/teehee/ros2_ws/install/lab_interfaces/local/lib/python3.10/dist-packages/lab_interfaces/msg/__init__.py
-- Installing: /home/teehee/ros2_ws/install/lab_interfaces/local/lib/python3.10/dist-packages/lab_interfaces/msg/_wall_distance_measurement_s.c
-- Installing: /home/teehee/ros2_ws/install/lab_interfaces/local/lib/python3.10/dist-packages/lab_interfaces/msg/_wall_distance_array.py
-- Installing: /home/teehee/ros2_ws/install/lab_interfaces/local/lib/python3.10/dist-packages/lab_interfaces/msg/_wall_distance_statistics.py
-- Installing: /home/teehee/ros2_ws/install/lab_interfaces/local/lib/python3.10/dist-packages/lab_interfaces/msg/_wall_distance_statistics_s.c
-- Installing: /home/teehee/ros2_ws/install/lab_interfaces/local/lib/python3.10/dist-packages/lab_interfaces/msg/_wall_distance_measurement.py
-- Installing: /home/teehee/ros2_ws/install/lab_interfaces/local/lib/python3.10/dist-packages/lab_interfaces/msg/_wall_distance_array_s.c
Listing '/home/teehee/ros2_ws/install/lab_interfaces/local/lib/python3.10/dist-packages/lab_interfaces'...
Compiling '/home/teehee/ros2_ws/install/lab_interfaces/local/lib/python3.10/dist-packages/lab_interfaces/__init__.py'...
Listing '/home/teehee/ros2_ws/install/lab_interfaces/local/lib/python3.10/dist-packages/lab_interfaces/msg'...
Compiling '/home/teehee/ros2_ws/install/lab_interfaces/local/lib/python3.10/dist-packages/lab_interfaces/msg/__init__.py'...
Compiling '/home/teehee/ros2_ws/install/lab_interfaces/local/lib/python3.10/dist-packages/lab_interfaces/msg/_wall_distance_array.py'...
Compiling '/home/teehee/ros2_ws/install/lab_interfaces/local/lib/python3.10/dist-packages/lab_interfaces/msg/_wall_distance_measurement.py'...
Compiling '/home/teehee/ros2_ws/install/lab_interfaces/local/lib/python3.10/dist-packages/lab_interfaces/msg/_wall_distance_statistics.py'...
-- Installing: /home/teehee/ros2_ws/install/lab_interfaces/local/lib/python3.10/dist-packages/lab_interfaces/lab_interfaces_s__rosidl_typesupport_fastrtps_c.cpython-310-x86_64-linux-gnu.so
-- Set runtime path of "/home/teehee/ros2_ws/install/lab_interfaces/local/lib/python3.10/dist-packages/lab_interfaces/lab_interfaces_s__rosidl_typesupport_fastrtps_c.cpython-310-x86_64-linux-gnu.so" to ""
-- Installing: /home/teehee/ros2_ws/install/lab_interfaces/local/lib/python3.10/dist-packages/lab_interfaces/lab_interfaces_s__rosidl_typesupport_introspection_c.cpython-310-x86_64-linux-gnu.so
-- Set runtime path of "/home/teehee/ros2_ws/install/lab_interfaces/local/lib/python3.10/dist-packages/lab_interfaces/lab_interfaces_s__rosidl_typesupport_introspection_c.cpython-310-x86_64-linux-gnu.so" to ""
-- Installing: /home/teehee/ros2_ws/install/lab_interfaces/local/lib/python3.10/dist-packages/lab_interfaces/lab_interfaces_s__rosidl_typesupport_c.cpython-310-x86_64-linux-gnu.so
-- Set runtime path of "/home/teehee/ros2_ws/install/lab_interfaces/local/lib/python3.10/dist-packages/lab_interfaces/lab_interfaces_s__rosidl_typesupport_c.cpython-310-x86_64-linux-gnu.so" to ""
-- Installing: /home/teehee/ros2_ws/install/lab_interfaces/lib/liblab_interfaces__rosidl_generator_py.so
-- Set runtime path of "/home/teehee/ros2_ws/install/lab_interfaces/lib/liblab_interfaces__rosidl_generator_py.so" to ""
-- Installing: /home/teehee/ros2_ws/install/lab_interfaces/share/lab_interfaces/msg/WallDistanceMeasurement.idl
-- Installing: /home/teehee/ros2_ws/install/lab_interfaces/share/lab_interfaces/msg/WallDistanceArray.idl
-- Installing: /home/teehee/ros2_ws/install/lab_interfaces/share/lab_interfaces/msg/WallDistanceStatistics.idl
-- Installing: /home/teehee/ros2_ws/install/lab_interfaces/share/lab_interfaces/msg/WallDistanceMeasurement.msg
-- Installing: /home/teehee/ros2_ws/install/lab_interfaces/share/lab_interfaces/msg/WallDistanceArray.msg
-- Installing: /home/teehee/ros2_ws/install/lab_interfaces/share/lab_interfaces/msg/WallDistanceStatistics.msg
-- Installing: /home/teehee/ros2_ws/install/lab_interfaces/share/ament_index/resource_index/package_run_dependencies/lab_interfaces
-- Installing: /home/teehee/ros2_ws/install/lab_interfaces/share/ament_index/resource_index/parent_prefix_path/lab_interfaces
-- Installing: /home/teehee/ros2_ws/install/lab_interfaces/share/lab_interfaces/environment/ament_prefix_path.sh
-- Installing: /home/teehee/ros2_ws/install/lab_interfaces/share/lab_interfaces/environment/ament_prefix_path.dsv
-- Installing: /home/teehee/ros2_ws/install/lab_interfaces/share/lab_interfaces/environment/path.sh
-- Installing: /home/teehee/ros2_ws/install/lab_interfaces/share/lab_interfaces/environment/path.dsv
-- Installing: /home/teehee/ros2_ws/install/lab_interfaces/share/lab_interfaces/local_setup.bash
-- Installing: /home/teehee/ros2_ws/install/lab_interfaces/share/lab_interfaces/local_setup.sh
-- Installing: /home/teehee/ros2_ws/install/lab_interfaces/share/lab_interfaces/local_setup.zsh
-- Installing: /home/teehee/ros2_ws/install/lab_interfaces/share/lab_interfaces/local_setup.dsv
-- Installing: /home/teehee/ros2_ws/install/lab_interfaces/share/lab_interfaces/package.dsv
-- Installing: /home/teehee/ros2_ws/install/lab_interfaces/share/ament_index/resource_index/packages/lab_interfaces
-- Installing: /home/teehee/ros2_ws/install/lab_interfaces/share/lab_interfaces/cmake/export_lab_interfaces__rosidl_generator_cExport.cmake
-- Installing: /home/teehee/ros2_ws/install/lab_interfaces/share/lab_interfaces/cmake/export_lab_interfaces__rosidl_generator_cExport-noconfig.cmake
-- Installing: /home/teehee/ros2_ws/install/lab_interfaces/share/lab_interfaces/cmake/export_lab_interfaces__rosidl_typesupport_fastrtps_cExport.cmake
-- Installing: /home/teehee/ros2_ws/install/lab_interfaces/share/lab_interfaces/cmake/export_lab_interfaces__rosidl_typesupport_fastrtps_cExport-noconfig.cmake
-- Installing: /home/teehee/ros2_ws/install/lab_interfaces/share/lab_interfaces/cmake/lab_interfaces__rosidl_typesupport_introspection_cExport.cmake
-- Installing: /home/teehee/ros2_ws/install/lab_interfaces/share/lab_interfaces/cmake/lab_interfaces__rosidl_typesupport_introspection_cExport-noconfig.cmake
-- Installing: /home/teehee/ros2_ws/install/lab_interfaces/share/lab_interfaces/cmake/lab_interfaces__rosidl_typesupport_cExport.cmake
-- Installing: /home/teehee/ros2_ws/install/lab_interfaces/share/lab_interfaces/cmake/lab_interfaces__rosidl_typesupport_cExport-noconfig.cmake
-- Installing: /home/teehee/ros2_ws/install/lab_interfaces/share/lab_interfaces/cmake/export_lab_interfaces__rosidl_generator_cppExport.cmake
-- Installing: /home/teehee/ros2_ws/install/lab_interfaces/share/lab_interfaces/cmake/export_lab_interfaces__rosidl_typesupport_fastrtps_cppExport.cmake
-- Installing: /home/teehee/ros2_ws/install/lab_interfaces/share/lab_interfaces/cmake/export_lab_interfaces__rosidl_typesupport_fastrtps_cppExport-noconfig.cmake
-- Installing: /home/teehee/ros2_ws/install/lab_interfaces/share/lab_interfaces/cmake/lab_interfaces__rosidl_typesupport_introspection_cppExport.cmake
-- Installing: /home/teehee/ros2_ws/install/lab_interfaces/share/lab_interfaces/cmake/lab_interfaces__rosidl_typesupport_introspection_cppExport-noconfig.cmake
-- Installing: /home/teehee/ros2_ws/install/lab_interfaces/share/lab_interfaces/cmake/lab_interfaces__rosidl_typesupport_cppExport.cmake
-- Installing: /home/teehee/ros2_ws/install/lab_interfaces/share/lab_interfaces/cmake/lab_interfaces__rosidl_typesupport_cppExport-noconfig.cmake
-- Installing: /home/teehee/ros2_ws/install/lab_interfaces/share/lab_interfaces/cmake/export_lab_interfaces__rosidl_generator_pyExport.cmake
-- Installing: /home/teehee/ros2_ws/install/lab_interfaces/share/lab_interfaces/cmake/export_lab_interfaces__rosidl_generator_pyExport-noconfig.cmake
-- Installing: /home/teehee/ros2_ws/install/lab_interfaces/share/lab_interfaces/cmake/rosidl_cmake-extras.cmake
-- Installing: /home/teehee/ros2_ws/install/lab_interfaces/share/lab_interfaces/cmake/ament_cmake_export_include_directories-extras.cmake
-- Installing: /home/teehee/ros2_ws/install/lab_interfaces/share/lab_interfaces/cmake/ament_cmake_export_libraries-extras.cmake
-- Installing: /home/teehee/ros2_ws/install/lab_interfaces/share/lab_interfaces/cmake/ament_cmake_export_targets-extras.cmake
-- Installing: /home/teehee/ros2_ws/install/lab_interfaces/share/lab_interfaces/cmake/rosidl_cmake_export_typesupport_targets-extras.cmake
-- Installing: /home/teehee/ros2_ws/install/lab_interfaces/share/lab_interfaces/cmake/ament_cmake_export_dependencies-extras.cmake
-- Installing: /home/teehee/ros2_ws/install/lab_interfaces/share/lab_interfaces/cmake/rosidl_cmake_export_typesupport_libraries-extras.cmake
-- Installing: /home/teehee/ros2_ws/install/lab_interfaces/share/lab_interfaces/cmake/lab_interfacesConfig.cmake
-- Installing: /home/teehee/ros2_ws/install/lab_interfaces/share/lab_interfaces/cmake/lab_interfacesConfig-version.cmake
-- Installing: /home/teehee/ros2_ws/install/lab_interfaces/share/lab_interfaces/package.xml
