[0.009s] Invoking command in '/home/teehee/followTheLeader/build/action_interfaces': CMAKE_PREFIX_PATH=${CMAKE_PREFIX_PATH}:/home/teehee/ros2_ws/install/tf2_pkg:/home/teehee/ros2_ws/install/pylab_exam1:/home/teehee/ros2_ws/install/pylab05:/home/teehee/ros2_ws/install/pylab04:/home/teehee/ros2_ws/install/labs_pkg:/home/teehee/ros2_ws/install/labex6:/home/teehee/ros2_ws/install/lab_exam2_pkg:/home/teehee/ros2_ws/install/example_pkg:/opt/ros/humble /usr/bin/cmake --build /home/teehee/followTheLeader/build/action_interfaces -- -j8 -l8
[0.053s] [  3%] Built target action_interfaces__cpp
[0.075s] [  3%] Built target ament_cmake_python_symlink_action_interfaces
[0.092s] [ 12%] Built target action_interfaces__rosidl_typesupport_introspection_cpp
[0.224s] running egg_info
[0.225s] writing action_interfaces.egg-info/PKG-INFO
[0.225s] writing dependency_links to action_interfaces.egg-info/dependency_links.txt
[0.225s] writing top-level names to action_interfaces.egg-info/top_level.txt
[0.226s] reading manifest file 'action_interfaces.egg-info/SOURCES.txt'
[0.228s] writing manifest file 'action_interfaces.egg-info/SOURCES.txt'
[0.253s] [ 12%] Built target ament_cmake_python_build_action_interfaces_egg
[0.270s] [ 22%] Built target action_interfaces__rosidl_typesupport_fastrtps_cpp
[0.286s] [ 32%] Built target action_interfaces__rosidl_typesupport_cpp
[0.302s] [ 41%] Built target action_interfaces__rosidl_generator_c
[0.318s] [ 51%] Built target action_interfaces__rosidl_typesupport_fastrtps_c
[0.340s] [ 61%] Built target action_interfaces__rosidl_typesupport_c
[0.355s] [ 70%] Built target action_interfaces__rosidl_typesupport_introspection_c
[0.370s] [ 70%] Built target action_interfaces
[0.386s] [ 74%] Built target action_interfaces__py
[0.401s] [ 80%] Built target action_interfaces__rosidl_generator_py
[0.417s] [ 87%] Built target action_interfaces__rosidl_typesupport_fastrtps_c__pyext
[0.434s] [ 93%] Built target action_interfaces__rosidl_typesupport_c__pyext
[0.455s] [100%] Built target action_interfaces__rosidl_typesupport_introspection_c__pyext
[0.466s] Invoked command in '/home/teehee/followTheLeader/build/action_interfaces' returned '0': CMAKE_PREFIX_PATH=${CMAKE_PREFIX_PATH}:/home/teehee/ros2_ws/install/tf2_pkg:/home/teehee/ros2_ws/install/pylab_exam1:/home/teehee/ros2_ws/install/pylab05:/home/teehee/ros2_ws/install/pylab04:/home/teehee/ros2_ws/install/labs_pkg:/home/teehee/ros2_ws/install/labex6:/home/teehee/ros2_ws/install/lab_exam2_pkg:/home/teehee/ros2_ws/install/example_pkg:/opt/ros/humble /usr/bin/cmake --build /home/teehee/followTheLeader/build/action_interfaces -- -j8 -l8
[0.571s] Invoking command in '/home/teehee/followTheLeader/build/action_interfaces': CMAKE_PREFIX_PATH=${CMAKE_PREFIX_PATH}:/home/teehee/ros2_ws/install/tf2_pkg:/home/teehee/ros2_ws/install/pylab_exam1:/home/teehee/ros2_ws/install/pylab05:/home/teehee/ros2_ws/install/pylab04:/home/teehee/ros2_ws/install/labs_pkg:/home/teehee/ros2_ws/install/labex6:/home/teehee/ros2_ws/install/lab_exam2_pkg:/home/teehee/ros2_ws/install/example_pkg:/opt/ros/humble /usr/bin/cmake --install /home/teehee/followTheLeader/build/action_interfaces
[0.576s] -- Install configuration: ""
[0.576s] -- Execute custom install script
[0.576s] -- Up-to-date symlink: /home/teehee/followTheLeader/install/action_interfaces/share/ament_index/resource_index/rosidl_interfaces/action_interfaces
[0.576s] -- Up-to-date symlink: /home/teehee/followTheLeader/install/action_interfaces/include/action_interfaces/action_interfaces/action/detail/maze__functions.h
[0.576s] -- Up-to-date symlink: /home/teehee/followTheLeader/install/action_interfaces/include/action_interfaces/action_interfaces/action/detail/maze__struct.h
[0.577s] -- Up-to-date symlink: /home/teehee/followTheLeader/install/action_interfaces/include/action_interfaces/action_interfaces/action/detail/maze__type_support.h
[0.577s] -- Up-to-date symlink: /home/teehee/followTheLeader/install/action_interfaces/include/action_interfaces/action_interfaces/action/maze.h
[0.577s] -- Up-to-date symlink: /home/teehee/followTheLeader/install/action_interfaces/include/action_interfaces/action_interfaces/msg/rosidl_generator_c__visibility_control.h
[0.577s] -- Up-to-date symlink: /home/teehee/followTheLeader/install/action_interfaces/share/action_interfaces/environment/library_path.sh
[0.577s] -- Up-to-date symlink: /home/teehee/followTheLeader/install/action_interfaces/share/action_interfaces/environment/library_path.dsv
[0.577s] -- Up-to-date symlink: /home/teehee/followTheLeader/install/action_interfaces/include/action_interfaces/action_interfaces/action/detail/maze__rosidl_typesupport_fastrtps_c.h
[0.577s] -- Up-to-date symlink: /home/teehee/followTheLeader/install/action_interfaces/include/action_interfaces/action_interfaces/msg/rosidl_typesupport_fastrtps_c__visibility_control.h
[0.578s] -- Up-to-date symlink: /home/teehee/followTheLeader/install/action_interfaces/include/action_interfaces/action_interfaces/action/detail/maze__rosidl_typesupport_introspection_c.h
[0.578s] -- Up-to-date symlink: /home/teehee/followTheLeader/install/action_interfaces/include/action_interfaces/action_interfaces/msg/rosidl_typesupport_introspection_c__visibility_control.h
[0.578s] -- Up-to-date symlink: /home/teehee/followTheLeader/install/action_interfaces/include/action_interfaces/action_interfaces/action/detail/maze__builder.hpp
[0.578s] -- Up-to-date symlink: /home/teehee/followTheLeader/install/action_interfaces/include/action_interfaces/action_interfaces/action/detail/maze__struct.hpp
[0.578s] -- Up-to-date symlink: /home/teehee/followTheLeader/install/action_interfaces/include/action_interfaces/action_interfaces/action/detail/maze__traits.hpp
[0.578s] -- Up-to-date symlink: /home/teehee/followTheLeader/install/action_interfaces/include/action_interfaces/action_interfaces/action/maze.hpp
[0.578s] -- Up-to-date symlink: /home/teehee/followTheLeader/install/action_interfaces/include/action_interfaces/action_interfaces/action/detail/maze__rosidl_typesupport_fastrtps_cpp.hpp
[0.578s] -- Up-to-date symlink: /home/teehee/followTheLeader/install/action_interfaces/include/action_interfaces/action_interfaces/msg/rosidl_typesupport_fastrtps_cpp__visibility_control.h
[0.578s] -- Up-to-date symlink: /home/teehee/followTheLeader/install/action_interfaces/include/action_interfaces/action_interfaces/action/detail/maze__rosidl_typesupport_introspection_cpp.hpp
[0.578s] -- Up-to-date symlink: /home/teehee/followTheLeader/install/action_interfaces/share/action_interfaces/environment/pythonpath.sh
[0.579s] -- Up-to-date symlink: /home/teehee/followTheLeader/install/action_interfaces/share/action_interfaces/environment/pythonpath.dsv
[0.579s] -- Up-to-date symlink: /home/teehee/followTheLeader/install/action_interfaces/local/lib/python3.10/dist-packages/action_interfaces-0.0.0-py3.10.egg-info/PKG-INFO
[0.579s] -- Up-to-date symlink: /home/teehee/followTheLeader/install/action_interfaces/local/lib/python3.10/dist-packages/action_interfaces-0.0.0-py3.10.egg-info/SOURCES.txt
[0.579s] -- Up-to-date symlink: /home/teehee/followTheLeader/install/action_interfaces/local/lib/python3.10/dist-packages/action_interfaces-0.0.0-py3.10.egg-info/dependency_links.txt
[0.579s] -- Up-to-date symlink: /home/teehee/followTheLeader/install/action_interfaces/local/lib/python3.10/dist-packages/action_interfaces-0.0.0-py3.10.egg-info/top_level.txt
[0.579s] -- Up-to-date symlink: /home/teehee/followTheLeader/install/action_interfaces/local/lib/python3.10/dist-packages/action_interfaces/__init__.py
[0.579s] -- Up-to-date symlink: /home/teehee/followTheLeader/install/action_interfaces/local/lib/python3.10/dist-packages/action_interfaces/_action_interfaces_s.ep.rosidl_typesupport_c.c
[0.579s] -- Up-to-date symlink: /home/teehee/followTheLeader/install/action_interfaces/local/lib/python3.10/dist-packages/action_interfaces/_action_interfaces_s.ep.rosidl_typesupport_fastrtps_c.c
[0.580s] -- Up-to-date symlink: /home/teehee/followTheLeader/install/action_interfaces/local/lib/python3.10/dist-packages/action_interfaces/_action_interfaces_s.ep.rosidl_typesupport_introspection_c.c
[0.580s] -- Up-to-date symlink: /home/teehee/followTheLeader/install/action_interfaces/local/lib/python3.10/dist-packages/action_interfaces/action/__init__.py
[0.580s] -- Up-to-date symlink: /home/teehee/followTheLeader/install/action_interfaces/local/lib/python3.10/dist-packages/action_interfaces/action/_maze.py
[0.580s] -- Up-to-date symlink: /home/teehee/followTheLeader/install/action_interfaces/local/lib/python3.10/dist-packages/action_interfaces/action/_maze_s.c
[0.580s] -- Up-to-date symlink: /home/teehee/followTheLeader/install/action_interfaces/local/lib/python3.10/dist-packages/action_interfaces/action_interfaces_s__rosidl_typesupport_c.cpython-310-x86_64-linux-gnu.so
[0.580s] -- Up-to-date symlink: /home/teehee/followTheLeader/install/action_interfaces/local/lib/python3.10/dist-packages/action_interfaces/action_interfaces_s__rosidl_typesupport_fastrtps_c.cpython-310-x86_64-linux-gnu.so
[0.580s] -- Up-to-date symlink: /home/teehee/followTheLeader/install/action_interfaces/local/lib/python3.10/dist-packages/action_interfaces/action_interfaces_s__rosidl_typesupport_introspection_c.cpython-310-x86_64-linux-gnu.so
[0.580s] -- Up-to-date symlink: /home/teehee/followTheLeader/install/action_interfaces/local/lib/python3.10/dist-packages/action_interfaces/libaction_interfaces__rosidl_generator_py.so
[0.580s] -- Up-to-date symlink: /home/teehee/followTheLeader/install/action_interfaces/local/lib/python3.10/dist-packages/action_interfaces/action_interfaces_s__rosidl_typesupport_fastrtps_c.cpython-310-x86_64-linux-gnu.so
[0.580s] -- Up-to-date symlink: /home/teehee/followTheLeader/install/action_interfaces/local/lib/python3.10/dist-packages/action_interfaces/action_interfaces_s__rosidl_typesupport_introspection_c.cpython-310-x86_64-linux-gnu.so
[0.580s] -- Up-to-date symlink: /home/teehee/followTheLeader/install/action_interfaces/local/lib/python3.10/dist-packages/action_interfaces/action_interfaces_s__rosidl_typesupport_c.cpython-310-x86_64-linux-gnu.so
[0.581s] -- Up-to-date symlink: /home/teehee/followTheLeader/install/action_interfaces/share/action_interfaces/action/Maze.idl
[0.581s] -- Up-to-date symlink: /home/teehee/followTheLeader/install/action_interfaces/share/action_interfaces/action/Maze.action
[0.581s] -- Up-to-date symlink: /home/teehee/followTheLeader/install/action_interfaces/share/ament_index/resource_index/package_run_dependencies/action_interfaces
[0.581s] -- Up-to-date symlink: /home/teehee/followTheLeader/install/action_interfaces/share/ament_index/resource_index/parent_prefix_path/action_interfaces
[0.581s] -- Up-to-date symlink: /home/teehee/followTheLeader/install/action_interfaces/share/action_interfaces/environment/ament_prefix_path.sh
[0.581s] -- Up-to-date symlink: /home/teehee/followTheLeader/install/action_interfaces/share/action_interfaces/environment/ament_prefix_path.dsv
[0.581s] -- Up-to-date symlink: /home/teehee/followTheLeader/install/action_interfaces/share/action_interfaces/environment/path.sh
[0.581s] -- Up-to-date symlink: /home/teehee/followTheLeader/install/action_interfaces/share/action_interfaces/environment/path.dsv
[0.583s] -- Up-to-date symlink: /home/teehee/followTheLeader/install/action_interfaces/share/action_interfaces/local_setup.bash
[0.584s] -- Up-to-date symlink: /home/teehee/followTheLeader/install/action_interfaces/share/action_interfaces/local_setup.sh
[0.584s] -- Up-to-date symlink: /home/teehee/followTheLeader/install/action_interfaces/share/action_interfaces/local_setup.zsh
[0.584s] -- Up-to-date symlink: /home/teehee/followTheLeader/install/action_interfaces/share/action_interfaces/local_setup.dsv
[0.584s] -- Symlinking: /home/teehee/followTheLeader/install/action_interfaces/share/action_interfaces/package.dsv
[0.591s] -- Up-to-date symlink: /home/teehee/followTheLeader/install/action_interfaces/share/ament_index/resource_index/packages/action_interfaces
[0.591s] -- Up-to-date symlink: /home/teehee/followTheLeader/install/action_interfaces/share/action_interfaces/cmake/rosidl_cmake-extras.cmake
[0.591s] -- Up-to-date symlink: /home/teehee/followTheLeader/install/action_interfaces/share/action_interfaces/cmake/ament_cmake_export_dependencies-extras.cmake
[0.591s] -- Up-to-date symlink: /home/teehee/followTheLeader/install/action_interfaces/share/action_interfaces/cmake/ament_cmake_export_include_directories-extras.cmake
[0.591s] -- Up-to-date symlink: /home/teehee/followTheLeader/install/action_interfaces/share/action_interfaces/cmake/ament_cmake_export_libraries-extras.cmake
[0.591s] -- Up-to-date symlink: /home/teehee/followTheLeader/install/action_interfaces/share/action_interfaces/cmake/ament_cmake_export_targets-extras.cmake
[0.591s] -- Up-to-date symlink: /home/teehee/followTheLeader/install/action_interfaces/share/action_interfaces/cmake/rosidl_cmake_export_typesupport_targets-extras.cmake
[0.591s] -- Up-to-date symlink: /home/teehee/followTheLeader/install/action_interfaces/share/action_interfaces/cmake/rosidl_cmake_export_typesupport_libraries-extras.cmake
[0.592s] -- Up-to-date symlink: /home/teehee/followTheLeader/install/action_interfaces/share/action_interfaces/cmake/action_interfacesConfig.cmake
[0.592s] -- Up-to-date symlink: /home/teehee/followTheLeader/install/action_interfaces/share/action_interfaces/cmake/action_interfacesConfig-version.cmake
[0.592s] -- Up-to-date symlink: /home/teehee/followTheLeader/install/action_interfaces/share/action_interfaces/package.xml
[0.592s] -- Up-to-date: /home/teehee/followTheLeader/install/action_interfaces/lib/libaction_interfaces__rosidl_generator_c.so
[0.592s] -- Up-to-date: /home/teehee/followTheLeader/install/action_interfaces/lib/libaction_interfaces__rosidl_typesupport_fastrtps_c.so
[0.592s] -- Up-to-date: /home/teehee/followTheLeader/install/action_interfaces/lib/libaction_interfaces__rosidl_typesupport_introspection_c.so
[0.592s] -- Up-to-date: /home/teehee/followTheLeader/install/action_interfaces/lib/libaction_interfaces__rosidl_typesupport_c.so
[0.592s] -- Up-to-date: /home/teehee/followTheLeader/install/action_interfaces/lib/libaction_interfaces__rosidl_typesupport_fastrtps_cpp.so
[0.592s] -- Up-to-date: /home/teehee/followTheLeader/install/action_interfaces/lib/libaction_interfaces__rosidl_typesupport_introspection_cpp.so
[0.592s] -- Up-to-date: /home/teehee/followTheLeader/install/action_interfaces/lib/libaction_interfaces__rosidl_typesupport_cpp.so
[0.613s] Listing '/home/teehee/followTheLeader/install/action_interfaces/local/lib/python3.10/dist-packages/action_interfaces'...
[0.614s] Listing '/home/teehee/followTheLeader/install/action_interfaces/local/lib/python3.10/dist-packages/action_interfaces/action'...
[0.616s] -- Up-to-date: /home/teehee/followTheLeader/install/action_interfaces/lib/libaction_interfaces__rosidl_generator_py.so
[0.616s] -- Up-to-date: /home/teehee/followTheLeader/install/action_interfaces/share/action_interfaces/cmake/export_action_interfaces__rosidl_generator_cExport.cmake
[0.616s] -- Up-to-date: /home/teehee/followTheLeader/install/action_interfaces/share/action_interfaces/cmake/export_action_interfaces__rosidl_generator_cExport-noconfig.cmake
[0.616s] -- Up-to-date: /home/teehee/followTheLeader/install/action_interfaces/share/action_interfaces/cmake/export_action_interfaces__rosidl_typesupport_fastrtps_cExport.cmake
[0.616s] -- Up-to-date: /home/teehee/followTheLeader/install/action_interfaces/share/action_interfaces/cmake/export_action_interfaces__rosidl_typesupport_fastrtps_cExport-noconfig.cmake
[0.617s] -- Up-to-date: /home/teehee/followTheLeader/install/action_interfaces/share/action_interfaces/cmake/action_interfaces__rosidl_typesupport_introspection_cExport.cmake
[0.617s] -- Up-to-date: /home/teehee/followTheLeader/install/action_interfaces/share/action_interfaces/cmake/action_interfaces__rosidl_typesupport_introspection_cExport-noconfig.cmake
[0.617s] -- Up-to-date: /home/teehee/followTheLeader/install/action_interfaces/share/action_interfaces/cmake/action_interfaces__rosidl_typesupport_cExport.cmake
[0.617s] -- Up-to-date: /home/teehee/followTheLeader/install/action_interfaces/share/action_interfaces/cmake/action_interfaces__rosidl_typesupport_cExport-noconfig.cmake
[0.617s] -- Up-to-date: /home/teehee/followTheLeader/install/action_interfaces/share/action_interfaces/cmake/export_action_interfaces__rosidl_generator_cppExport.cmake
[0.617s] -- Up-to-date: /home/teehee/followTheLeader/install/action_interfaces/share/action_interfaces/cmake/export_action_interfaces__rosidl_typesupport_fastrtps_cppExport.cmake
[0.617s] -- Up-to-date: /home/teehee/followTheLeader/install/action_interfaces/share/action_interfaces/cmake/export_action_interfaces__rosidl_typesupport_fastrtps_cppExport-noconfig.cmake
[0.617s] -- Up-to-date: /home/teehee/followTheLeader/install/action_interfaces/share/action_interfaces/cmake/action_interfaces__rosidl_typesupport_introspection_cppExport.cmake
[0.617s] -- Up-to-date: /home/teehee/followTheLeader/install/action_interfaces/share/action_interfaces/cmake/action_interfaces__rosidl_typesupport_introspection_cppExport-noconfig.cmake
[0.617s] -- Up-to-date: /home/teehee/followTheLeader/install/action_interfaces/share/action_interfaces/cmake/action_interfaces__rosidl_typesupport_cppExport.cmake
[0.617s] -- Up-to-date: /home/teehee/followTheLeader/install/action_interfaces/share/action_interfaces/cmake/action_interfaces__rosidl_typesupport_cppExport-noconfig.cmake
[0.617s] -- Up-to-date: /home/teehee/followTheLeader/install/action_interfaces/share/action_interfaces/cmake/export_action_interfaces__rosidl_generator_pyExport.cmake
[0.617s] -- Up-to-date: /home/teehee/followTheLeader/install/action_interfaces/share/action_interfaces/cmake/export_action_interfaces__rosidl_generator_pyExport-noconfig.cmake
[0.618s] Invoked command in '/home/teehee/followTheLeader/build/action_interfaces' returned '0': CMAKE_PREFIX_PATH=${CMAKE_PREFIX_PATH}:/home/teehee/ros2_ws/install/tf2_pkg:/home/teehee/ros2_ws/install/pylab_exam1:/home/teehee/ros2_ws/install/pylab05:/home/teehee/ros2_ws/install/pylab04:/home/teehee/ros2_ws/install/labs_pkg:/home/teehee/ros2_ws/install/labex6:/home/teehee/ros2_ws/install/lab_exam2_pkg:/home/teehee/ros2_ws/install/example_pkg:/opt/ros/humble /usr/bin/cmake --install /home/teehee/followTheLeader/build/action_interfaces
