-- The C compiler identification is GNU 11.4.0
-- The CXX compiler identification is GNU 11.4.0
-- Detecting C compiler ABI info
-- Detecting C compiler ABI info - done
-- Check for working C compiler: /usr/bin/cc - skipped
-- Detecting C compile features
-- Detecting C compile features - done
-- Detecting CXX compiler ABI info
-- Detecting CXX compiler ABI info - done
-- Check for working CXX compiler: /usr/bin/c++ - skipped
-- Detecting CXX compile features
-- Detecting CXX compile features - done
-- Found ament_cmake: 1.3.8 (/opt/ros/humble/share/ament_cmake/cmake)
-- Found Python3: /usr/bin/python3 (found version "3.10.12") found components: Interpreter 
-- Override CMake install command with custom implementation using symlinks instead of copying resources
-- Found ament_lint_auto: 0.12.10 (/opt/ros/humble/share/ament_lint_auto/cmake)
-- Added test 'lint_cmake' to check CMake code style
-- Added test 'xmllint' to check XML markup files
-- Configuring done
-- Generating done
-- Build files have been written to: /home/teehee/ros2_ws/build/lab05
-- Install configuration: ""
-- Execute custom install script
-- Symlinking: /home/teehee/ros2_ws/install/lab05/share/ament_index/resource_index/package_run_dependencies/lab05
-- Symlinking: /home/teehee/ros2_ws/install/lab05/share/ament_index/resource_index/parent_prefix_path/lab05
-- Symlinking: /home/teehee/ros2_ws/install/lab05/share/lab05/environment/ament_prefix_path.sh
-- Symlinking: /home/teehee/ros2_ws/install/lab05/share/lab05/environment/ament_prefix_path.dsv
-- Symlinking: /home/teehee/ros2_ws/install/lab05/share/lab05/environment/path.sh
-- Symlinking: /home/teehee/ros2_ws/install/lab05/share/lab05/environment/path.dsv
-- Symlinking: /home/teehee/ros2_ws/install/lab05/share/lab05/local_setup.bash
-- Symlinking: /home/teehee/ros2_ws/install/lab05/share/lab05/local_setup.sh
-- Symlinking: /home/teehee/ros2_ws/install/lab05/share/lab05/local_setup.zsh
-- Symlinking: /home/teehee/ros2_ws/install/lab05/share/lab05/local_setup.dsv
-- Symlinking: /home/teehee/ros2_ws/install/lab05/share/lab05/package.dsv
-- Symlinking: /home/teehee/ros2_ws/install/lab05/share/ament_index/resource_index/packages/lab05
-- Symlinking: /home/teehee/ros2_ws/install/lab05/share/lab05/cmake/lab05Config.cmake
-- Symlinking: /home/teehee/ros2_ws/install/lab05/share/lab05/cmake/lab05Config-version.cmake
-- Symlinking: /home/teehee/ros2_ws/install/lab05/share/lab05/package.xml
