[0.081s] Invoking command in '/home/teehee/ros2_ws/build/lab05': CMAKE_PREFIX_PATH=${CMAKE_PREFIX_PATH}:/home/teehee/ros2_ws/install/tf2_pkg:/home/teehee/ros2_ws/install/pylab_exam1:/home/teehee/ros2_ws/install/pylab04:/home/teehee/ros2_ws/install/labs_pkg:/home/teehee/ros2_ws/install/labex6:/home/teehee/ros2_ws/install/lab_exam2_pkg:/home/teehee/ros2_ws/install/example_pkg:/opt/ros/humble /usr/bin/cmake /home/teehee/ros2_ws/src/lab05 -DAMENT_CMAKE_SYMLINK_INSTALL=1 -DCMAKE_INSTALL_PREFIX=/home/teehee/ros2_ws/install/lab05
[0.403s] -- The C compiler identification is GNU 11.4.0
[0.606s] -- The CXX compiler identification is GNU 11.4.0
[0.654s] -- Detecting C compiler ABI info
[0.775s] -- Detecting C compiler ABI info - done
[0.781s] -- Check for working C compiler: /usr/bin/cc - skipped
[0.782s] -- Detecting C compile features
[0.785s] -- Detecting C compile features - done
[0.792s] -- Detecting CXX compiler ABI info
[0.903s] -- Detecting CXX compiler ABI info - done
[0.912s] -- Check for working CXX compiler: /usr/bin/c++ - skipped
[0.912s] -- Detecting CXX compile features
[0.912s] -- Detecting CXX compile features - done
[0.955s] -- Found ament_cmake: 1.3.8 (/opt/ros/humble/share/ament_cmake/cmake)
[1.149s] -- Found Python3: /usr/bin/python3 (found version "3.10.12") found components: Interpreter 
[1.284s] -- Override CMake install command with custom implementation using symlinks instead of copying resources
[1.399s] -- Found ament_lint_auto: 0.12.10 (/opt/ros/humble/share/ament_lint_auto/cmake)
[1.528s] -- Added test 'lint_cmake' to check CMake code style
[1.532s] -- Added test 'xmllint' to check XML markup files
[1.536s] -- Configuring done
[1.540s] -- Generating done
[1.541s] -- Build files have been written to: /home/teehee/ros2_ws/build/lab05
[1.548s] Invoked command in '/home/teehee/ros2_ws/build/lab05' returned '0': CMAKE_PREFIX_PATH=${CMAKE_PREFIX_PATH}:/home/teehee/ros2_ws/install/tf2_pkg:/home/teehee/ros2_ws/install/pylab_exam1:/home/teehee/ros2_ws/install/pylab04:/home/teehee/ros2_ws/install/labs_pkg:/home/teehee/ros2_ws/install/labex6:/home/teehee/ros2_ws/install/lab_exam2_pkg:/home/teehee/ros2_ws/install/example_pkg:/opt/ros/humble /usr/bin/cmake /home/teehee/ros2_ws/src/lab05 -DAMENT_CMAKE_SYMLINK_INSTALL=1 -DCMAKE_INSTALL_PREFIX=/home/teehee/ros2_ws/install/lab05
[1.549s] Invoking command in '/home/teehee/ros2_ws/build/lab05': CMAKE_PREFIX_PATH=${CMAKE_PREFIX_PATH}:/home/teehee/ros2_ws/install/tf2_pkg:/home/teehee/ros2_ws/install/pylab_exam1:/home/teehee/ros2_ws/install/pylab04:/home/teehee/ros2_ws/install/labs_pkg:/home/teehee/ros2_ws/install/labex6:/home/teehee/ros2_ws/install/lab_exam2_pkg:/home/teehee/ros2_ws/install/example_pkg:/opt/ros/humble /usr/bin/cmake --build /home/teehee/ros2_ws/build/lab05 -- -j8 -l8
[1.602s] Invoked command in '/home/teehee/ros2_ws/build/lab05' returned '0': CMAKE_PREFIX_PATH=${CMAKE_PREFIX_PATH}:/home/teehee/ros2_ws/install/tf2_pkg:/home/teehee/ros2_ws/install/pylab_exam1:/home/teehee/ros2_ws/install/pylab04:/home/teehee/ros2_ws/install/labs_pkg:/home/teehee/ros2_ws/install/labex6:/home/teehee/ros2_ws/install/lab_exam2_pkg:/home/teehee/ros2_ws/install/example_pkg:/opt/ros/humble /usr/bin/cmake --build /home/teehee/ros2_ws/build/lab05 -- -j8 -l8
[1.669s] Invoking command in '/home/teehee/ros2_ws/build/lab05': CMAKE_PREFIX_PATH=${CMAKE_PREFIX_PATH}:/home/teehee/ros2_ws/install/tf2_pkg:/home/teehee/ros2_ws/install/pylab_exam1:/home/teehee/ros2_ws/install/pylab04:/home/teehee/ros2_ws/install/labs_pkg:/home/teehee/ros2_ws/install/labex6:/home/teehee/ros2_ws/install/lab_exam2_pkg:/home/teehee/ros2_ws/install/example_pkg:/opt/ros/humble /usr/bin/cmake --install /home/teehee/ros2_ws/build/lab05
[1.674s] -- Install configuration: ""
[1.675s] -- Execute custom install script
[1.677s] -- Symlinking: /home/teehee/ros2_ws/install/lab05/share/ament_index/resource_index/package_run_dependencies/lab05
[1.689s] -- Symlinking: /home/teehee/ros2_ws/install/lab05/share/ament_index/resource_index/parent_prefix_path/lab05
[1.705s] -- Symlinking: /home/teehee/ros2_ws/install/lab05/share/lab05/environment/ament_prefix_path.sh
[1.716s] -- Symlinking: /home/teehee/ros2_ws/install/lab05/share/lab05/environment/ament_prefix_path.dsv
[1.727s] -- Symlinking: /home/teehee/ros2_ws/install/lab05/share/lab05/environment/path.sh
[1.738s] -- Symlinking: /home/teehee/ros2_ws/install/lab05/share/lab05/environment/path.dsv
[1.750s] -- Symlinking: /home/teehee/ros2_ws/install/lab05/share/lab05/local_setup.bash
[1.770s] -- Symlinking: /home/teehee/ros2_ws/install/lab05/share/lab05/local_setup.sh
[1.782s] -- Symlinking: /home/teehee/ros2_ws/install/lab05/share/lab05/local_setup.zsh
[1.793s] -- Symlinking: /home/teehee/ros2_ws/install/lab05/share/lab05/local_setup.dsv
[1.805s] -- Symlinking: /home/teehee/ros2_ws/install/lab05/share/lab05/package.dsv
[1.816s] -- Symlinking: /home/teehee/ros2_ws/install/lab05/share/ament_index/resource_index/packages/lab05
[1.828s] -- Symlinking: /home/teehee/ros2_ws/install/lab05/share/lab05/cmake/lab05Config.cmake
[1.838s] -- Symlinking: /home/teehee/ros2_ws/install/lab05/share/lab05/cmake/lab05Config-version.cmake
[1.850s] -- Symlinking: /home/teehee/ros2_ws/install/lab05/share/lab05/package.xml
[1.871s] Invoked command in '/home/teehee/ros2_ws/build/lab05' returned '0': CMAKE_PREFIX_PATH=${CMAKE_PREFIX_PATH}:/home/teehee/ros2_ws/install/tf2_pkg:/home/teehee/ros2_ws/install/pylab_exam1:/home/teehee/ros2_ws/install/pylab04:/home/teehee/ros2_ws/install/labs_pkg:/home/teehee/ros2_ws/install/labex6:/home/teehee/ros2_ws/install/lab_exam2_pkg:/home/teehee/ros2_ws/install/example_pkg:/opt/ros/humble /usr/bin/cmake --install /home/teehee/ros2_ws/build/lab05
