-- Found ament_cmake: 1.3.7 (/opt/ros/humble/share/ament_cmake/cmake)
-- Override CMake install command with custom implementation using symlinks instead of copying resources
-- Found ament_lint_auto: 0.12.10 (/opt/ros/humble/share/ament_lint_auto/cmake)
-- Added test 'flake8' to check Python code syntax and style conventions
-- Added test 'lint_cmake' to check CMake code style
-- Added test 'pep257' to check Python code against some of the docstring style conventions in PEP 257
-- Added test 'xmllint' to check XML markup files
-- Configuring done
-- Generating done
-- Build files have been written to: /home/teehee/ros2_ws/build/lab04
-- Install configuration: ""
-- Execute custom install script
-- Up-to-date symlink: /home/teehee/ros2_ws/install/lab04/share/ament_index/resource_index/package_run_dependencies/lab04
-- Up-to-date symlink: /home/teehee/ros2_ws/install/lab04/share/ament_index/resource_index/parent_prefix_path/lab04
-- Up-to-date symlink: /home/teehee/ros2_ws/install/lab04/share/lab04/environment/ament_prefix_path.sh
-- Up-to-date symlink: /home/teehee/ros2_ws/install/lab04/share/lab04/environment/ament_prefix_path.dsv
-- Up-to-date symlink: /home/teehee/ros2_ws/install/lab04/share/lab04/environment/path.sh
-- Up-to-date symlink: /home/teehee/ros2_ws/install/lab04/share/lab04/environment/path.dsv
-- Up-to-date symlink: /home/teehee/ros2_ws/install/lab04/share/lab04/local_setup.bash
-- Up-to-date symlink: /home/teehee/ros2_ws/install/lab04/share/lab04/local_setup.sh
-- Up-to-date symlink: /home/teehee/ros2_ws/install/lab04/share/lab04/local_setup.zsh
-- Up-to-date symlink: /home/teehee/ros2_ws/install/lab04/share/lab04/local_setup.dsv
-- Symlinking: /home/teehee/ros2_ws/install/lab04/share/lab04/package.dsv
-- Up-to-date symlink: /home/teehee/ros2_ws/install/lab04/share/ament_index/resource_index/packages/lab04
-- Up-to-date symlink: /home/teehee/ros2_ws/install/lab04/share/lab04/cmake/lab04Config.cmake
-- Up-to-date symlink: /home/teehee/ros2_ws/install/lab04/share/lab04/cmake/lab04Config-version.cmake
-- Up-to-date symlink: /home/teehee/ros2_ws/install/lab04/share/lab04/package.xml
-- Up-to-date symlink: /home/teehee/ros2_ws/install/lab04/share/lab04/description/box.sdf
-- Up-to-date symlink: /home/teehee/ros2_ws/install/lab04/share/lab04/description/box.urdf
-- Up-to-date symlink: /home/teehee/ros2_ws/install/lab04/share/lab04/description/box.urdf.xacro
-- Up-to-date symlink: /home/teehee/ros2_ws/install/lab04/share/lab04/description/box_core.xacro
-- Up-to-date symlink: /home/teehee/ros2_ws/install/lab04/share/lab04/description/bridges.yaml
-- Symlinking: /home/teehee/ros2_ws/install/lab04/share/lab04/description/camera.xacro
-- Up-to-date symlink: /home/teehee/ros2_ws/install/lab04/share/lab04/description/colors.xacro
-- Up-to-date symlink: /home/teehee/ros2_ws/install/lab04/share/lab04/description/gazebo.xacro
-- Up-to-date symlink: /home/teehee/ros2_ws/install/lab04/share/lab04/description/inertial.xacro
-- Up-to-date symlink: /home/teehee/ros2_ws/install/lab04/share/lab04/description/lidar.xacro
-- Up-to-date symlink: /home/teehee/ros2_ws/install/lab04/share/lab04/description/robot.sdf
-- Up-to-date symlink: /home/teehee/ros2_ws/install/lab04/share/lab04/description/robot.urdf
-- Up-to-date symlink: /home/teehee/ros2_ws/install/lab04/share/lab04/description/robot.urdf.xacro
-- Up-to-date symlink: /home/teehee/ros2_ws/install/lab04/share/lab04/description/robot_core.xacro
-- Up-to-date symlink: /home/teehee/ros2_ws/install/lab04/share/lab04/launch/rsp.launch.py
-- Up-to-date symlink: /home/teehee/ros2_ws/install/lab04/share/lab04/worlds/ex_4_1.sdf
-- Up-to-date symlink: /home/teehee/ros2_ws/install/lab04/share/lab04/worlds/ex_4_2.sdf
-- Symlinking: /home/teehee/ros2_ws/install/lab04/share/lab04/worlds/ex_4_3.sdf
-- Up-to-date symlink: /home/teehee/ros2_ws/install/lab04/share/lab04/worlds/world.sdf
