[0.055s] Invoking command in '/home/teehee/ros2_ws/build/urdf_example': CMAKE_PREFIX_PATH=${CMAKE_PREFIX_PATH}:/home/teehee/ros2_ws/install/tf2_pkg:/home/teehee/ros2_ws/install/labs_pkg:/home/teehee/ros2_ws/install/labex6:/home/teehee/ros2_ws/install/lab_exam2_pkg:/home/teehee/ros2_ws/install/example_pkg:/opt/ros/humble /usr/bin/cmake /home/teehee/ros2_ws/src/urdf_example -DCMAKE_INSTALL_PREFIX=/home/teehee/ros2_ws/install/urdf_example
[0.093s] -- Found ament_cmake: 1.3.6 (/opt/ros/humble/share/ament_cmake/cmake)
[0.203s] -- Override CMake install command with custom implementation using symlinks instead of copying resources
[0.206s] -- Found ament_lint_auto: 0.12.9 (/opt/ros/humble/share/ament_lint_auto/cmake)
[0.259s] -- Added test 'flake8' to check Python code syntax and style conventions
[0.260s] -- Added test 'lint_cmake' to check CMake code style
[0.260s] -- Added test 'pep257' to check Python code against some of the docstring style conventions in PEP 257
[0.260s] -- Added test 'xmllint' to check XML markup files
[0.261s] -- Configuring done
[0.263s] -- Generating done
[0.264s] -- Build files have been written to: /home/teehee/ros2_ws/build/urdf_example
[0.270s] Invoked command in '/home/teehee/ros2_ws/build/urdf_example' returned '0': CMAKE_PREFIX_PATH=${CMAKE_PREFIX_PATH}:/home/teehee/ros2_ws/install/tf2_pkg:/home/teehee/ros2_ws/install/labs_pkg:/home/teehee/ros2_ws/install/labex6:/home/teehee/ros2_ws/install/lab_exam2_pkg:/home/teehee/ros2_ws/install/example_pkg:/opt/ros/humble /usr/bin/cmake /home/teehee/ros2_ws/src/urdf_example -DCMAKE_INSTALL_PREFIX=/home/teehee/ros2_ws/install/urdf_example
[0.270s] Invoking command in '/home/teehee/ros2_ws/build/urdf_example': CMAKE_PREFIX_PATH=${CMAKE_PREFIX_PATH}:/home/teehee/ros2_ws/install/tf2_pkg:/home/teehee/ros2_ws/install/labs_pkg:/home/teehee/ros2_ws/install/labex6:/home/teehee/ros2_ws/install/lab_exam2_pkg:/home/teehee/ros2_ws/install/example_pkg:/opt/ros/humble /usr/bin/cmake --build /home/teehee/ros2_ws/build/urdf_example -- -j4 -l4
[0.382s] Invoked command in '/home/teehee/ros2_ws/build/urdf_example' returned '0': CMAKE_PREFIX_PATH=${CMAKE_PREFIX_PATH}:/home/teehee/ros2_ws/install/tf2_pkg:/home/teehee/ros2_ws/install/labs_pkg:/home/teehee/ros2_ws/install/labex6:/home/teehee/ros2_ws/install/lab_exam2_pkg:/home/teehee/ros2_ws/install/example_pkg:/opt/ros/humble /usr/bin/cmake --build /home/teehee/ros2_ws/build/urdf_example -- -j4 -l4
[0.498s] Invoking command in '/home/teehee/ros2_ws/build/urdf_example': CMAKE_PREFIX_PATH=${CMAKE_PREFIX_PATH}:/home/teehee/ros2_ws/install/tf2_pkg:/home/teehee/ros2_ws/install/labs_pkg:/home/teehee/ros2_ws/install/labex6:/home/teehee/ros2_ws/install/lab_exam2_pkg:/home/teehee/ros2_ws/install/example_pkg:/opt/ros/humble /usr/bin/cmake --install /home/teehee/ros2_ws/build/urdf_example
[0.505s] -- Install configuration: ""
[0.505s] -- Execute custom install script
[0.505s] -- Up-to-date symlink: /home/teehee/ros2_ws/install/urdf_example/share/ament_index/resource_index/package_run_dependencies/urdf_example
[0.506s] -- Up-to-date symlink: /home/teehee/ros2_ws/install/urdf_example/share/ament_index/resource_index/parent_prefix_path/urdf_example
[0.506s] -- Up-to-date symlink: /home/teehee/ros2_ws/install/urdf_example/share/urdf_example/environment/ament_prefix_path.sh
[0.506s] -- Up-to-date symlink: /home/teehee/ros2_ws/install/urdf_example/share/urdf_example/environment/ament_prefix_path.dsv
[0.506s] -- Up-to-date symlink: /home/teehee/ros2_ws/install/urdf_example/share/urdf_example/environment/path.sh
[0.506s] -- Up-to-date symlink: /home/teehee/ros2_ws/install/urdf_example/share/urdf_example/environment/path.dsv
[0.507s] -- Up-to-date symlink: /home/teehee/ros2_ws/install/urdf_example/share/urdf_example/local_setup.bash
[0.507s] -- Up-to-date symlink: /home/teehee/ros2_ws/install/urdf_example/share/urdf_example/local_setup.sh
[0.507s] -- Up-to-date symlink: /home/teehee/ros2_ws/install/urdf_example/share/urdf_example/local_setup.zsh
[0.507s] -- Up-to-date symlink: /home/teehee/ros2_ws/install/urdf_example/share/urdf_example/local_setup.dsv
[0.507s] -- Symlinking: /home/teehee/ros2_ws/install/urdf_example/share/urdf_example/package.dsv
[0.518s] -- Up-to-date symlink: /home/teehee/ros2_ws/install/urdf_example/share/ament_index/resource_index/packages/urdf_example
[0.518s] -- Up-to-date symlink: /home/teehee/ros2_ws/install/urdf_example/share/urdf_example/cmake/urdf_exampleConfig.cmake
[0.518s] -- Up-to-date symlink: /home/teehee/ros2_ws/install/urdf_example/share/urdf_example/cmake/urdf_exampleConfig-version.cmake
[0.518s] -- Up-to-date symlink: /home/teehee/ros2_ws/install/urdf_example/share/urdf_example/package.xml
[0.535s] -- Up-to-date symlink: /home/teehee/ros2_ws/install/urdf_example/share/urdf_example/description/example_include.xacro
[0.535s] -- Up-to-date symlink: /home/teehee/ros2_ws/install/urdf_example/share/urdf_example/description/example_robot.urdf.xacro
[0.535s] -- Up-to-date symlink: /home/teehee/ros2_ws/install/urdf_example/share/urdf_example/launch/rsp.launch.py
[0.535s] Invoked command in '/home/teehee/ros2_ws/build/urdf_example' returned '0': CMAKE_PREFIX_PATH=${CMAKE_PREFIX_PATH}:/home/teehee/ros2_ws/install/tf2_pkg:/home/teehee/ros2_ws/install/labs_pkg:/home/teehee/ros2_ws/install/labex6:/home/teehee/ros2_ws/install/lab_exam2_pkg:/home/teehee/ros2_ws/install/example_pkg:/opt/ros/humble /usr/bin/cmake --install /home/teehee/ros2_ws/build/urdf_example
