[0.820s] DEBUG:colcon:Command line arguments: ['/usr/bin/colcon', 'build', '--packages-select', 'lab_interfaces', '--allow-overriding', 'lab_interfaces']
[0.820s] DEBUG:colcon:Parsed command line arguments: Namespace(log_base=None, log_level=None, verb_name='build', build_base='build', install_base='install', merge_install=False, symlink_install=False, test_result_base=None, continue_on_error=False, executor='parallel', parallel_workers=4, event_handlers=None, ignore_user_meta=False, metas=['./colcon.meta'], base_paths=['.'], packages_ignore=None, packages_ignore_regex=None, paths=None, packages_up_to=None, packages_up_to_regex=None, packages_above=None, packages_above_and_dependencies=None, packages_above_depth=None, packages_select_by_dep=None, packages_skip_by_dep=None, packages_skip_up_to=None, packages_select_build_failed=False, packages_skip_build_finished=False, packages_select_test_failures=False, packages_skip_test_passed=False, packages_select=['lab_interfaces'], packages_skip=None, packages_select_regex=None, packages_skip_regex=None, packages_start=None, packages_end=None, allow_overriding=['lab_interfaces'], cmake_args=None, cmake_target=None, cmake_target_skip_unavailable=False, cmake_clean_cache=False, cmake_clean_first=False, cmake_force_configure=False, ament_cmake_args=None, catkin_cmake_args=None, catkin_skip_building_tests=False, verb_parser=<colcon_defaults.argument_parser.defaults.DefaultArgumentsDecorator object at 0x7f32937e06a0>, verb_extension=<colcon_core.verb.build.BuildVerb object at 0x7f3293bcbc10>, main=<bound method BuildVerb.main of <colcon_core.verb.build.BuildVerb object at 0x7f3293bcbc10>>)
[0.860s] Level 1:colcon.colcon_core.package_discovery:discover_packages(colcon_meta) check parameters
[0.861s] Level 1:colcon.colcon_core.package_discovery:discover_packages(recursive) check parameters
[0.861s] Level 1:colcon.colcon_core.package_discovery:discover_packages(ignore) check parameters
[0.861s] Level 1:colcon.colcon_core.package_discovery:discover_packages(path) check parameters
[0.862s] Level 1:colcon.colcon_core.package_discovery:discover_packages(colcon_meta) discover
[0.862s] Level 1:colcon.colcon_core.package_discovery:discover_packages(recursive) discover
[0.862s] INFO:colcon.colcon_core.package_discovery:Crawling recursively for packages in '/home/teehee/ros2_ws/src/lab_interfaces'
[0.862s] Level 1:colcon.colcon_core.package_identification:_identify(.) by extensions ['ignore', 'ignore_ament_install']
[0.862s] Level 1:colcon.colcon_core.package_identification:_identify(.) by extension 'ignore'
[0.862s] Level 1:colcon.colcon_core.package_identification:_identify(.) by extension 'ignore_ament_install'
[0.862s] Level 1:colcon.colcon_core.package_identification:_identify(.) by extensions ['colcon_pkg']
[0.863s] Level 1:colcon.colcon_core.package_identification:_identify(.) by extension 'colcon_pkg'
[0.863s] Level 1:colcon.colcon_core.package_identification:_identify(.) by extensions ['colcon_meta']
[0.871s] Level 1:colcon.colcon_core.package_identification:_identify(.) by extension 'colcon_meta'
[0.872s] Level 1:colcon.colcon_core.package_identification:_identify(.) by extensions ['ros']
[0.873s] Level 1:colcon.colcon_core.package_identification:_identify(.) by extension 'ros'
[0.889s] DEBUG:colcon.colcon_core.package_identification:Package '.' with type 'ros.ament_cmake' and name 'lab_interfaces'
[0.890s] Level 1:colcon.colcon_core.package_discovery:discover_packages(recursive) using defaults
[0.890s] Level 1:colcon.colcon_core.package_discovery:discover_packages(ignore) discover
[0.890s] Level 1:colcon.colcon_core.package_discovery:discover_packages(ignore) using defaults
[0.890s] Level 1:colcon.colcon_core.package_discovery:discover_packages(path) discover
[0.890s] Level 1:colcon.colcon_core.package_discovery:discover_packages(path) using defaults
[0.972s] Level 1:colcon.colcon_core.package_discovery:discover_packages(prefix_path) check parameters
[0.972s] Level 1:colcon.colcon_core.package_discovery:discover_packages(prefix_path) discover
[0.998s] DEBUG:colcon.colcon_installed_package_information.package_discovery:Found 6 installed packages in /home/teehee/ros2_ws/install
[1.011s] DEBUG:colcon.colcon_installed_package_information.package_discovery:Found 271 installed packages in /opt/ros/humble
[1.013s] Level 1:colcon.colcon_core.package_discovery:discover_packages(prefix_path) using defaults
[1.093s] Level 5:colcon.colcon_core.verb:set package 'lab_interfaces' build argument 'cmake_args' from command line to 'None'
[1.094s] Level 5:colcon.colcon_core.verb:set package 'lab_interfaces' build argument 'cmake_target' from command line to 'None'
[1.094s] Level 5:colcon.colcon_core.verb:set package 'lab_interfaces' build argument 'cmake_target_skip_unavailable' from command line to 'False'
[1.094s] Level 5:colcon.colcon_core.verb:set package 'lab_interfaces' build argument 'cmake_clean_cache' from command line to 'False'
[1.094s] Level 5:colcon.colcon_core.verb:set package 'lab_interfaces' build argument 'cmake_clean_first' from command line to 'False'
[1.094s] Level 5:colcon.colcon_core.verb:set package 'lab_interfaces' build argument 'cmake_force_configure' from command line to 'False'
[1.094s] Level 5:colcon.colcon_core.verb:set package 'lab_interfaces' build argument 'ament_cmake_args' from command line to 'None'
[1.094s] Level 5:colcon.colcon_core.verb:set package 'lab_interfaces' build argument 'catkin_cmake_args' from command line to 'None'
[1.094s] Level 5:colcon.colcon_core.verb:set package 'lab_interfaces' build argument 'catkin_skip_building_tests' from command line to 'False'
[1.094s] DEBUG:colcon.colcon_core.verb:Building package 'lab_interfaces' with the following arguments: {'ament_cmake_args': None, 'build_base': '/home/teehee/ros2_ws/src/lab_interfaces/build/lab_interfaces', 'catkin_cmake_args': None, 'catkin_skip_building_tests': False, 'cmake_args': None, 'cmake_clean_cache': False, 'cmake_clean_first': False, 'cmake_force_configure': False, 'cmake_target': None, 'cmake_target_skip_unavailable': False, 'install_base': '/home/teehee/ros2_ws/src/lab_interfaces/install/lab_interfaces', 'merge_install': False, 'path': '/home/teehee/ros2_ws/src/lab_interfaces', 'symlink_install': False, 'test_result_base': None}
[1.106s] INFO:colcon.colcon_core.executor:Executing jobs using 'parallel' executor
[1.120s] DEBUG:colcon.colcon_parallel_executor.executor.parallel:run_until_complete
[1.121s] INFO:colcon.colcon_ros.task.ament_cmake.build:Building ROS package in '/home/teehee/ros2_ws/src/lab_interfaces' with build type 'ament_cmake'
[1.121s] INFO:colcon.colcon_cmake.task.cmake.build:Building CMake package in '/home/teehee/ros2_ws/src/lab_interfaces'
[1.136s] INFO:colcon.colcon_core.plugin_system:Skipping extension 'colcon_core.shell.bat': Not used on non-Windows systems
[1.136s] INFO:colcon.colcon_core.shell:Skip shell extension 'powershell' for command environment: Not usable outside of PowerShell
[1.136s] DEBUG:colcon.colcon_core.shell:Skip shell extension 'dsv' for command environment
[1.192s] DEBUG:colcon.colcon_core.event_handler.log_command:Invoking command in '/home/teehee/ros2_ws/src/lab_interfaces/build/lab_interfaces': CMAKE_PREFIX_PATH=${CMAKE_PREFIX_PATH}:/home/teehee/ros2_ws/install/tf2_pkg:/home/teehee/ros2_ws/install/labs_pkg:/home/teehee/ros2_ws/install/lab_exam2_pkg:/home/teehee/ros2_ws/install/example_pkg:/opt/ros/humble /usr/bin/cmake --build /home/teehee/ros2_ws/src/lab_interfaces/build/lab_interfaces -- -j4 -l4
[1.643s] DEBUG:colcon.colcon_core.event_handler.log_command:Invoked command in '/home/teehee/ros2_ws/src/lab_interfaces/build/lab_interfaces' returned '0': CMAKE_PREFIX_PATH=${CMAKE_PREFIX_PATH}:/home/teehee/ros2_ws/install/tf2_pkg:/home/teehee/ros2_ws/install/labs_pkg:/home/teehee/ros2_ws/install/lab_exam2_pkg:/home/teehee/ros2_ws/install/example_pkg:/opt/ros/humble /usr/bin/cmake --build /home/teehee/ros2_ws/src/lab_interfaces/build/lab_interfaces -- -j4 -l4
[1.877s] DEBUG:colcon.colcon_core.event_handler.log_command:Invoking command in '/home/teehee/ros2_ws/src/lab_interfaces/build/lab_interfaces': CMAKE_PREFIX_PATH=${CMAKE_PREFIX_PATH}:/home/teehee/ros2_ws/install/tf2_pkg:/home/teehee/ros2_ws/install/labs_pkg:/home/teehee/ros2_ws/install/lab_exam2_pkg:/home/teehee/ros2_ws/install/example_pkg:/opt/ros/humble /usr/bin/cmake --install /home/teehee/ros2_ws/src/lab_interfaces/build/lab_interfaces
[1.941s] Level 1:colcon.colcon_core.environment:create_environment_scripts_only(lab_interfaces)
[1.942s] DEBUG:colcon.colcon_core.event_handler.log_command:Invoked command in '/home/teehee/ros2_ws/src/lab_interfaces/build/lab_interfaces' returned '0': CMAKE_PREFIX_PATH=${CMAKE_PREFIX_PATH}:/home/teehee/ros2_ws/install/tf2_pkg:/home/teehee/ros2_ws/install/labs_pkg:/home/teehee/ros2_ws/install/lab_exam2_pkg:/home/teehee/ros2_ws/install/example_pkg:/opt/ros/humble /usr/bin/cmake --install /home/teehee/ros2_ws/src/lab_interfaces/build/lab_interfaces
[1.956s] Level 1:colcon.colcon_core.environment:checking '/home/teehee/ros2_ws/src/lab_interfaces/install/lab_interfaces' for CMake module files
[1.957s] Level 1:colcon.colcon_core.environment:checking '/home/teehee/ros2_ws/src/lab_interfaces/install/lab_interfaces' for CMake config files
[1.957s] Level 1:colcon.colcon_core.shell:create_environment_hook('lab_interfaces', 'cmake_prefix_path')
[1.970s] INFO:colcon.colcon_core.shell:Creating environment hook '/home/teehee/ros2_ws/src/lab_interfaces/install/lab_interfaces/share/lab_interfaces/hook/cmake_prefix_path.ps1'
[1.972s] INFO:colcon.colcon_core.shell:Creating environment descriptor '/home/teehee/ros2_ws/src/lab_interfaces/install/lab_interfaces/share/lab_interfaces/hook/cmake_prefix_path.dsv'
[1.972s] INFO:colcon.colcon_core.shell:Creating environment hook '/home/teehee/ros2_ws/src/lab_interfaces/install/lab_interfaces/share/lab_interfaces/hook/cmake_prefix_path.sh'
[1.973s] Level 1:colcon.colcon_core.environment:checking '/home/teehee/ros2_ws/src/lab_interfaces/install/lab_interfaces/lib'
[1.973s] Level 1:colcon.colcon_core.shell:create_environment_hook('lab_interfaces', 'ld_library_path_lib')
[1.985s] INFO:colcon.colcon_core.shell:Creating environment hook '/home/teehee/ros2_ws/src/lab_interfaces/install/lab_interfaces/share/lab_interfaces/hook/ld_library_path_lib.ps1'
[1.986s] INFO:colcon.colcon_core.shell:Creating environment descriptor '/home/teehee/ros2_ws/src/lab_interfaces/install/lab_interfaces/share/lab_interfaces/hook/ld_library_path_lib.dsv'
[1.986s] INFO:colcon.colcon_core.shell:Creating environment hook '/home/teehee/ros2_ws/src/lab_interfaces/install/lab_interfaces/share/lab_interfaces/hook/ld_library_path_lib.sh'
[1.987s] Level 1:colcon.colcon_core.environment:checking '/home/teehee/ros2_ws/src/lab_interfaces/install/lab_interfaces/bin'
[1.987s] Level 1:colcon.colcon_core.environment:checking '/home/teehee/ros2_ws/src/lab_interfaces/install/lab_interfaces/lib/pkgconfig/lab_interfaces.pc'
[1.988s] Level 1:colcon.colcon_core.environment:checking '/home/teehee/ros2_ws/src/lab_interfaces/install/lab_interfaces/lib/python3.10/site-packages'
[1.988s] Level 1:colcon.colcon_core.environment:checking '/home/teehee/ros2_ws/src/lab_interfaces/install/lab_interfaces/bin'
[2.000s] INFO:colcon.colcon_core.shell:Creating package script '/home/teehee/ros2_ws/src/lab_interfaces/install/lab_interfaces/share/lab_interfaces/package.ps1'
[2.001s] INFO:colcon.colcon_core.shell:Creating package descriptor '/home/teehee/ros2_ws/src/lab_interfaces/install/lab_interfaces/share/lab_interfaces/package.dsv'
[2.001s] INFO:colcon.colcon_core.shell:Creating package script '/home/teehee/ros2_ws/src/lab_interfaces/install/lab_interfaces/share/lab_interfaces/package.sh'
[2.002s] INFO:colcon.colcon_core.shell:Creating package script '/home/teehee/ros2_ws/src/lab_interfaces/install/lab_interfaces/share/lab_interfaces/package.bash'
[2.003s] INFO:colcon.colcon_core.shell:Creating package script '/home/teehee/ros2_ws/src/lab_interfaces/install/lab_interfaces/share/lab_interfaces/package.zsh'
[2.003s] Level 1:colcon.colcon_core.environment:create_file_with_runtime_dependencies(/home/teehee/ros2_ws/src/lab_interfaces/install/lab_interfaces/share/colcon-core/packages/lab_interfaces)
[2.261s] Level 1:colcon.colcon_core.environment:create_environment_scripts_only(lab_interfaces)
[2.273s] Level 1:colcon.colcon_core.environment:checking '/home/teehee/ros2_ws/src/lab_interfaces/install/lab_interfaces' for CMake module files
[2.274s] Level 1:colcon.colcon_core.environment:checking '/home/teehee/ros2_ws/src/lab_interfaces/install/lab_interfaces' for CMake config files
[2.274s] Level 1:colcon.colcon_core.shell:create_environment_hook('lab_interfaces', 'cmake_prefix_path')
[2.286s] INFO:colcon.colcon_core.shell:Creating environment hook '/home/teehee/ros2_ws/src/lab_interfaces/install/lab_interfaces/share/lab_interfaces/hook/cmake_prefix_path.ps1'
[2.287s] INFO:colcon.colcon_core.shell:Creating environment descriptor '/home/teehee/ros2_ws/src/lab_interfaces/install/lab_interfaces/share/lab_interfaces/hook/cmake_prefix_path.dsv'
[2.288s] INFO:colcon.colcon_core.shell:Creating environment hook '/home/teehee/ros2_ws/src/lab_interfaces/install/lab_interfaces/share/lab_interfaces/hook/cmake_prefix_path.sh'
[2.289s] Level 1:colcon.colcon_core.environment:checking '/home/teehee/ros2_ws/src/lab_interfaces/install/lab_interfaces/lib'
[2.289s] Level 1:colcon.colcon_core.shell:create_environment_hook('lab_interfaces', 'ld_library_path_lib')
[2.301s] INFO:colcon.colcon_core.shell:Creating environment hook '/home/teehee/ros2_ws/src/lab_interfaces/install/lab_interfaces/share/lab_interfaces/hook/ld_library_path_lib.ps1'
[2.302s] INFO:colcon.colcon_core.shell:Creating environment descriptor '/home/teehee/ros2_ws/src/lab_interfaces/install/lab_interfaces/share/lab_interfaces/hook/ld_library_path_lib.dsv'
[2.303s] INFO:colcon.colcon_core.shell:Creating environment hook '/home/teehee/ros2_ws/src/lab_interfaces/install/lab_interfaces/share/lab_interfaces/hook/ld_library_path_lib.sh'
[2.304s] Level 1:colcon.colcon_core.environment:checking '/home/teehee/ros2_ws/src/lab_interfaces/install/lab_interfaces/bin'
[2.304s] Level 1:colcon.colcon_core.environment:checking '/home/teehee/ros2_ws/src/lab_interfaces/install/lab_interfaces/lib/pkgconfig/lab_interfaces.pc'
[2.304s] Level 1:colcon.colcon_core.environment:checking '/home/teehee/ros2_ws/src/lab_interfaces/install/lab_interfaces/lib/python3.10/site-packages'
[2.304s] Level 1:colcon.colcon_core.environment:checking '/home/teehee/ros2_ws/src/lab_interfaces/install/lab_interfaces/bin'
[2.317s] INFO:colcon.colcon_core.shell:Creating package script '/home/teehee/ros2_ws/src/lab_interfaces/install/lab_interfaces/share/lab_interfaces/package.ps1'
[2.318s] INFO:colcon.colcon_core.shell:Creating package descriptor '/home/teehee/ros2_ws/src/lab_interfaces/install/lab_interfaces/share/lab_interfaces/package.dsv'
[2.319s] INFO:colcon.colcon_core.shell:Creating package script '/home/teehee/ros2_ws/src/lab_interfaces/install/lab_interfaces/share/lab_interfaces/package.sh'
[2.320s] INFO:colcon.colcon_core.shell:Creating package script '/home/teehee/ros2_ws/src/lab_interfaces/install/lab_interfaces/share/lab_interfaces/package.bash'
[2.321s] INFO:colcon.colcon_core.shell:Creating package script '/home/teehee/ros2_ws/src/lab_interfaces/install/lab_interfaces/share/lab_interfaces/package.zsh'
[2.322s] Level 1:colcon.colcon_core.environment:create_file_with_runtime_dependencies(/home/teehee/ros2_ws/src/lab_interfaces/install/lab_interfaces/share/colcon-core/packages/lab_interfaces)
[2.322s] DEBUG:colcon.colcon_parallel_executor.executor.parallel:closing loop
[2.323s] DEBUG:colcon.colcon_parallel_executor.executor.parallel:loop closed
[2.324s] DEBUG:colcon.colcon_parallel_executor.executor.parallel:run_until_complete finished with '0'
[2.324s] DEBUG:colcon.colcon_core.event_reactor:joining thread
[2.341s] INFO:colcon.colcon_core.plugin_system:Skipping extension 'colcon_notification.desktop_notification.terminal_notifier': Not used on non-Darwin systems
[2.341s] INFO:colcon.colcon_core.plugin_system:Skipping extension 'colcon_notification.desktop_notification.win32': Not used on non-Windows systems
[2.341s] INFO:colcon.colcon_notification.desktop_notification:Sending desktop notification using 'notify2'
[2.360s] DEBUG:colcon.colcon_core.event_reactor:joined thread
[2.373s] INFO:colcon.colcon_core.shell:Creating prefix script '/home/teehee/ros2_ws/src/lab_interfaces/install/local_setup.ps1'
[2.374s] INFO:colcon.colcon_core.shell:Creating prefix util module '/home/teehee/ros2_ws/src/lab_interfaces/install/_local_setup_util_ps1.py'
[2.376s] INFO:colcon.colcon_core.shell:Creating prefix chain script '/home/teehee/ros2_ws/src/lab_interfaces/install/setup.ps1'
[2.400s] INFO:colcon.colcon_core.shell:Creating prefix script '/home/teehee/ros2_ws/src/lab_interfaces/install/local_setup.sh'
[2.401s] INFO:colcon.colcon_core.shell:Creating prefix util module '/home/teehee/ros2_ws/src/lab_interfaces/install/_local_setup_util_sh.py'
[2.402s] INFO:colcon.colcon_core.shell:Creating prefix chain script '/home/teehee/ros2_ws/src/lab_interfaces/install/setup.sh'
[2.418s] INFO:colcon.colcon_core.shell:Creating prefix script '/home/teehee/ros2_ws/src/lab_interfaces/install/local_setup.bash'
[2.418s] INFO:colcon.colcon_core.shell:Creating prefix chain script '/home/teehee/ros2_ws/src/lab_interfaces/install/setup.bash'
[2.434s] INFO:colcon.colcon_core.shell:Creating prefix script '/home/teehee/ros2_ws/src/lab_interfaces/install/local_setup.zsh'
[2.435s] INFO:colcon.colcon_core.shell:Creating prefix chain script '/home/teehee/ros2_ws/src/lab_interfaces/install/setup.zsh'
