[0.726s] Invoking command in '/home/teehee/ros2_ws/build/pylab_exam1': PYTHONPATH=/home/teehee/ros2_ws/build/pylab_exam1/prefix_override:/home/teehee/ros2_ws/install/pylab_exam1/lib/python3.10/site-packages:${PYTHONPATH} /usr/bin/python3 setup.py develop --editable --build-directory /home/teehee/ros2_ws/build/pylab_exam1/build --no-deps install_data
[0.956s] /usr/lib/python3/dist-packages/setuptools/command/easy_install.py:158: EasyInstallDeprecationWarning: easy_install command is deprecated. Use build and pip and other standards-based tools.
[0.957s]   warnings.warn(
[0.957s] running develop
[0.997s] /usr/lib/python3/dist-packages/setuptools/command/install.py:34: SetuptoolsDeprecationWarning: setup.py install is deprecated. Use build and pip and other standards-based tools.
[0.997s]   warnings.warn(
[1.094s] running egg_info
[1.094s] writing pylab_exam1.egg-info/PKG-INFO
[1.094s] writing dependency_links to pylab_exam1.egg-info/dependency_links.txt
[1.094s] writing entry points to pylab_exam1.egg-info/entry_points.txt
[1.094s] writing requirements to pylab_exam1.egg-info/requires.txt
[1.094s] writing top-level names to pylab_exam1.egg-info/top_level.txt
[1.099s] reading manifest file 'pylab_exam1.egg-info/SOURCES.txt'
[1.099s] writing manifest file 'pylab_exam1.egg-info/SOURCES.txt'
[1.099s] running build_ext
[1.099s] Creating /home/teehee/ros2_ws/install/pylab_exam1/lib/python3.10/site-packages/pylab-exam1.egg-link (link to .)
[1.099s] Installing around_wall script to /home/teehee/ros2_ws/install/pylab_exam1/lib/pylab_exam1
[1.099s] Installing broadcast script to /home/teehee/ros2_ws/install/pylab_exam1/lib/pylab_exam1
[1.099s] Installing go_to_red script to /home/teehee/ros2_ws/install/pylab_exam1/lib/pylab_exam1
[1.099s] Installing listener script to /home/teehee/ros2_ws/install/pylab_exam1/lib/pylab_exam1
[1.099s] Installing stop_at_wall script to /home/teehee/ros2_ws/install/pylab_exam1/lib/pylab_exam1
[1.101s] 
[1.101s] Installed /home/teehee/ros2_ws/build/pylab_exam1
[1.101s] running install_data
[1.151s] Invoked command in '/home/teehee/ros2_ws/build/pylab_exam1' returned '0': PYTHONPATH=/home/teehee/ros2_ws/build/pylab_exam1/prefix_override:/home/teehee/ros2_ws/install/pylab_exam1/lib/python3.10/site-packages:${PYTHONPATH} /usr/bin/python3 setup.py develop --editable --build-directory /home/teehee/ros2_ws/build/pylab_exam1/build --no-deps install_data
