[0.079s] Invoking command in '/home/teehee/ros2_ws/build/lab_exam1': CMAKE_PREFIX_PATH=${CMAKE_PREFIX_PATH}:/home/teehee/ros2_ws/install/pylab_exam1:/home/teehee/ros2_ws/install/tf2_pkg:/home/teehee/ros2_ws/install/pylab04:/home/teehee/ros2_ws/install/labs_pkg:/home/teehee/ros2_ws/install/labex6:/home/teehee/ros2_ws/install/lab_exam2_pkg:/home/teehee/ros2_ws/install/example_pkg:/opt/ros/humble /usr/bin/cmake /home/teehee/ros2_ws/src/lab_exam1 -DAMENT_CMAKE_SYMLINK_INSTALL=1 -DCMAKE_INSTALL_PREFIX=/home/teehee/ros2_ws/install/lab_exam1
[0.279s] -- The C compiler identification is GNU 11.4.0
[0.396s] -- The CXX compiler identification is GNU 11.4.0
[0.437s] -- Detecting C compiler ABI info
[0.560s] -- Detecting C compiler ABI info - done
[0.568s] -- Check for working C compiler: /usr/bin/cc - skipped
[0.569s] -- Detecting C compile features
[0.570s] -- Detecting C compile features - done
[0.577s] -- Detecting CXX compiler ABI info
[0.703s] -- Detecting CXX compiler ABI info - done
[0.709s] -- Check for working CXX compiler: /usr/bin/c++ - skipped
[0.709s] -- Detecting CXX compile features
[0.710s] -- Detecting CXX compile features - done
[0.753s] -- Found ament_cmake: 1.3.7 (/opt/ros/humble/share/ament_cmake/cmake)
[1.028s] -- Found Python3: /usr/bin/python3.10 (found version "3.10.12") found components: Interpreter 
[1.113s] -- Override CMake install command with custom implementation using symlinks instead of copying resources
[1.209s] -- Found ament_lint_auto: 0.12.10 (/opt/ros/humble/share/ament_lint_auto/cmake)
[1.355s] -- Added test 'cppcheck' to perform static code analysis on C / C++ code
[1.355s] -- Configured cppcheck include dirs: 
[1.355s] -- Configured cppcheck exclude dirs and/or files: 
[1.358s] -- Added test 'flake8' to check Python code syntax and style conventions
[1.363s] -- Added test 'lint_cmake' to check CMake code style
[1.366s] -- Added test 'pep257' to check Python code against some of the docstring style conventions in PEP 257
[1.381s] -- Added test 'uncrustify' to check C / C++ code style
[1.381s] -- Configured uncrustify additional arguments: 
[1.384s] -- Added test 'xmllint' to check XML markup files
[1.388s] -- Configuring done
[1.392s] -- Generating done
[1.393s] -- Build files have been written to: /home/teehee/ros2_ws/build/lab_exam1
[1.401s] Invoked command in '/home/teehee/ros2_ws/build/lab_exam1' returned '0': CMAKE_PREFIX_PATH=${CMAKE_PREFIX_PATH}:/home/teehee/ros2_ws/install/pylab_exam1:/home/teehee/ros2_ws/install/tf2_pkg:/home/teehee/ros2_ws/install/pylab04:/home/teehee/ros2_ws/install/labs_pkg:/home/teehee/ros2_ws/install/labex6:/home/teehee/ros2_ws/install/lab_exam2_pkg:/home/teehee/ros2_ws/install/example_pkg:/opt/ros/humble /usr/bin/cmake /home/teehee/ros2_ws/src/lab_exam1 -DAMENT_CMAKE_SYMLINK_INSTALL=1 -DCMAKE_INSTALL_PREFIX=/home/teehee/ros2_ws/install/lab_exam1
[1.402s] Invoking command in '/home/teehee/ros2_ws/build/lab_exam1': CMAKE_PREFIX_PATH=${CMAKE_PREFIX_PATH}:/home/teehee/ros2_ws/install/pylab_exam1:/home/teehee/ros2_ws/install/tf2_pkg:/home/teehee/ros2_ws/install/pylab04:/home/teehee/ros2_ws/install/labs_pkg:/home/teehee/ros2_ws/install/labex6:/home/teehee/ros2_ws/install/lab_exam2_pkg:/home/teehee/ros2_ws/install/example_pkg:/opt/ros/humble /usr/bin/cmake --build /home/teehee/ros2_ws/build/lab_exam1 -- -j4 -l4
[1.453s] Invoked command in '/home/teehee/ros2_ws/build/lab_exam1' returned '0': CMAKE_PREFIX_PATH=${CMAKE_PREFIX_PATH}:/home/teehee/ros2_ws/install/pylab_exam1:/home/teehee/ros2_ws/install/tf2_pkg:/home/teehee/ros2_ws/install/pylab04:/home/teehee/ros2_ws/install/labs_pkg:/home/teehee/ros2_ws/install/labex6:/home/teehee/ros2_ws/install/lab_exam2_pkg:/home/teehee/ros2_ws/install/example_pkg:/opt/ros/humble /usr/bin/cmake --build /home/teehee/ros2_ws/build/lab_exam1 -- -j4 -l4
[1.506s] Invoking command in '/home/teehee/ros2_ws/build/lab_exam1': CMAKE_PREFIX_PATH=${CMAKE_PREFIX_PATH}:/home/teehee/ros2_ws/install/pylab_exam1:/home/teehee/ros2_ws/install/tf2_pkg:/home/teehee/ros2_ws/install/pylab04:/home/teehee/ros2_ws/install/labs_pkg:/home/teehee/ros2_ws/install/labex6:/home/teehee/ros2_ws/install/lab_exam2_pkg:/home/teehee/ros2_ws/install/example_pkg:/opt/ros/humble /usr/bin/cmake --install /home/teehee/ros2_ws/build/lab_exam1
[1.514s] -- Install configuration: ""
[1.515s] -- Execute custom install script
[1.516s] -- Symlinking: /home/teehee/ros2_ws/install/lab_exam1/share/ament_index/resource_index/package_run_dependencies/lab_exam1
[1.527s] -- Symlinking: /home/teehee/ros2_ws/install/lab_exam1/share/ament_index/resource_index/parent_prefix_path/lab_exam1
[1.539s] -- Symlinking: /home/teehee/ros2_ws/install/lab_exam1/share/lab_exam1/environment/ament_prefix_path.sh
[1.550s] -- Symlinking: /home/teehee/ros2_ws/install/lab_exam1/share/lab_exam1/environment/ament_prefix_path.dsv
[1.562s] -- Symlinking: /home/teehee/ros2_ws/install/lab_exam1/share/lab_exam1/environment/path.sh
[1.576s] -- Symlinking: /home/teehee/ros2_ws/install/lab_exam1/share/lab_exam1/environment/path.dsv
[1.588s] -- Symlinking: /home/teehee/ros2_ws/install/lab_exam1/share/lab_exam1/local_setup.bash
[1.600s] -- Symlinking: /home/teehee/ros2_ws/install/lab_exam1/share/lab_exam1/local_setup.sh
[1.612s] -- Symlinking: /home/teehee/ros2_ws/install/lab_exam1/share/lab_exam1/local_setup.zsh
[1.623s] -- Symlinking: /home/teehee/ros2_ws/install/lab_exam1/share/lab_exam1/local_setup.dsv
[1.636s] -- Symlinking: /home/teehee/ros2_ws/install/lab_exam1/share/lab_exam1/package.dsv
[1.657s] -- Symlinking: /home/teehee/ros2_ws/install/lab_exam1/share/ament_index/resource_index/packages/lab_exam1
[1.670s] -- Symlinking: /home/teehee/ros2_ws/install/lab_exam1/share/lab_exam1/cmake/lab_exam1Config.cmake
[1.683s] -- Symlinking: /home/teehee/ros2_ws/install/lab_exam1/share/lab_exam1/cmake/lab_exam1Config-version.cmake
[1.696s] -- Symlinking: /home/teehee/ros2_ws/install/lab_exam1/share/lab_exam1/package.xml
[1.712s] -- Symlinking: /home/teehee/ros2_ws/install/lab_exam1/share/lab_exam1/description/castle.urdf.xacro
[1.725s] -- Symlinking: /home/teehee/ros2_ws/install/lab_exam1/share/lab_exam1/description/castle_core.xacro
[1.735s] -- Symlinking: /home/teehee/ros2_ws/install/lab_exam1/share/lab_exam1/description/colours.xacro
[1.746s] -- Symlinking: /home/teehee/ros2_ws/install/lab_exam1/share/lab_exam1/description/gazebo.xacro
[1.757s] -- Symlinking: /home/teehee/ros2_ws/install/lab_exam1/share/lab_exam1/description/inertial.xacro
[1.770s] -- Symlinking: /home/teehee/ros2_ws/install/lab_exam1/share/lab_exam1/launch/rsp.launch.py
[1.782s] -- Symlinking: /home/teehee/ros2_ws/install/lab_exam1/share/lab_exam1/worlds/world.sdf
[1.803s] Invoked command in '/home/teehee/ros2_ws/build/lab_exam1' returned '0': CMAKE_PREFIX_PATH=${CMAKE_PREFIX_PATH}:/home/teehee/ros2_ws/install/pylab_exam1:/home/teehee/ros2_ws/install/tf2_pkg:/home/teehee/ros2_ws/install/pylab04:/home/teehee/ros2_ws/install/labs_pkg:/home/teehee/ros2_ws/install/labex6:/home/teehee/ros2_ws/install/lab_exam2_pkg:/home/teehee/ros2_ws/install/example_pkg:/opt/ros/humble /usr/bin/cmake --install /home/teehee/ros2_ws/build/lab_exam1
