-- Install configuration: ""
-- Execute custom install script
-- Symlinking: /home/teehee/ros2_ws/install/labs_bringup/share/labs_bringup/launch/integer_adder.launch.py
-- Up-to-date symlink: /home/teehee/ros2_ws/install/labs_bringup/share/labs_bringup/launch/talker_listener.launch.py
-- Up-to-date symlink: /home/teehee/ros2_ws/install/labs_bringup/share/labs_bringup/launch/talker_listener_basic.launch.py
-- Up-to-date symlink: /home/teehee/ros2_ws/install/labs_bringup/share/ament_index/resource_index/package_run_dependencies/labs_bringup
-- Up-to-date symlink: /home/teehee/ros2_ws/install/labs_bringup/share/ament_index/resource_index/parent_prefix_path/labs_bringup
-- Up-to-date symlink: /home/teehee/ros2_ws/install/labs_bringup/share/labs_bringup/environment/ament_prefix_path.sh
-- Up-to-date symlink: /home/teehee/ros2_ws/install/labs_bringup/share/labs_bringup/environment/ament_prefix_path.dsv
-- Up-to-date symlink: /home/teehee/ros2_ws/install/labs_bringup/share/labs_bringup/environment/path.sh
-- Up-to-date symlink: /home/teehee/ros2_ws/install/labs_bringup/share/labs_bringup/environment/path.dsv
-- Up-to-date symlink: /home/teehee/ros2_ws/install/labs_bringup/share/labs_bringup/local_setup.bash
-- Up-to-date symlink: /home/teehee/ros2_ws/install/labs_bringup/share/labs_bringup/local_setup.sh
-- Up-to-date symlink: /home/teehee/ros2_ws/install/labs_bringup/share/labs_bringup/local_setup.zsh
-- Up-to-date symlink: /home/teehee/ros2_ws/install/labs_bringup/share/labs_bringup/local_setup.dsv
-- Symlinking: /home/teehee/ros2_ws/install/labs_bringup/share/labs_bringup/package.dsv
-- Up-to-date symlink: /home/teehee/ros2_ws/install/labs_bringup/share/ament_index/resource_index/packages/labs_bringup
-- Up-to-date symlink: /home/teehee/ros2_ws/install/labs_bringup/share/labs_bringup/cmake/labs_bringupConfig.cmake
-- Up-to-date symlink: /home/teehee/ros2_ws/install/labs_bringup/share/labs_bringup/cmake/labs_bringupConfig-version.cmake
-- Up-to-date symlink: /home/teehee/ros2_ws/install/labs_bringup/share/labs_bringup/package.xml
