[0.694s] Invoking command in '/home/teehee/ros2_ws/build/tf2_pkg': PYTHONPATH=/home/teehee/ros2_ws/build/tf2_pkg/prefix_override:/home/teehee/ros2_ws/install/tf2_pkg/lib/python3.10/site-packages:${PYTHONPATH} /usr/bin/python3 setup.py develop --editable --build-directory /home/teehee/ros2_ws/build/tf2_pkg/build --no-deps install_data
[0.942s] running develop
[0.942s] /usr/lib/python3/dist-packages/setuptools/command/easy_install.py:158: EasyInstallDeprecationWarning: easy_install command is deprecated. Use build and pip and other standards-based tools.
[0.942s]   warnings.warn(
[0.943s] /usr/lib/python3/dist-packages/setuptools/command/install.py:34: SetuptoolsDeprecationWarning: setup.py install is deprecated. Use build and pip and other standards-based tools.
[0.943s]   warnings.warn(
[1.082s] running egg_info
[1.082s] writing tf2_pkg.egg-info/PKG-INFO
[1.084s] writing dependency_links to tf2_pkg.egg-info/dependency_links.txt
[1.084s] writing entry points to tf2_pkg.egg-info/entry_points.txt
[1.084s] writing requirements to tf2_pkg.egg-info/requires.txt
[1.084s] writing top-level names to tf2_pkg.egg-info/top_level.txt
[1.086s] reading manifest file 'tf2_pkg.egg-info/SOURCES.txt'
[1.087s] writing manifest file 'tf2_pkg.egg-info/SOURCES.txt'
[1.088s] running build_ext
[1.088s] Creating /home/teehee/ros2_ws/install/tf2_pkg/lib/python3.10/site-packages/tf2-pkg.egg-link (link to .)
[1.089s] Installing tf_broadcaster1 script to /home/teehee/ros2_ws/install/tf2_pkg/lib/tf2_pkg
[1.089s] Installing tf_broadcaster2 script to /home/teehee/ros2_ws/install/tf2_pkg/lib/tf2_pkg
[1.089s] Installing tf_broadcaster3 script to /home/teehee/ros2_ws/install/tf2_pkg/lib/tf2_pkg
[1.090s] Installing tf_listener script to /home/teehee/ros2_ws/install/tf2_pkg/lib/tf2_pkg
[1.090s] Installing transform_point script to /home/teehee/ros2_ws/install/tf2_pkg/lib/tf2_pkg
[1.090s] 
[1.090s] Installed /home/teehee/ros2_ws/build/tf2_pkg
[1.090s] running install_data
[1.115s] Invoked command in '/home/teehee/ros2_ws/build/tf2_pkg' returned '0': PYTHONPATH=/home/teehee/ros2_ws/build/tf2_pkg/prefix_override:/home/teehee/ros2_ws/install/tf2_pkg/lib/python3.10/site-packages:${PYTHONPATH} /usr/bin/python3 setup.py develop --editable --build-directory /home/teehee/ros2_ws/build/tf2_pkg/build --no-deps install_data
