/home/teehee/ros2_ws/install/labs_pkg/lib/python3.10/site-packages/labs_pkg/array_adder.py
/home/teehee/ros2_ws/install/labs_pkg/lib/python3.10/site-packages/labs_pkg/tb4_circles.py
/home/teehee/ros2_ws/install/labs_pkg/lib/python3.10/site-packages/labs_pkg/control_turtle_original2.py
/home/teehee/ros2_ws/install/labs_pkg/lib/python3.10/site-packages/labs_pkg/wall_dist_statistics.py
/home/teehee/ros2_ws/install/labs_pkg/lib/python3.10/site-packages/labs_pkg/integer_publisher_original.py
/home/teehee/ros2_ws/install/labs_pkg/lib/python3.10/site-packages/labs_pkg/turtlesim_drivesquare_old.py
/home/teehee/ros2_ws/install/labs_pkg/lib/python3.10/site-packages/labs_pkg/turtlesim_scan.py
/home/teehee/ros2_ws/install/labs_pkg/lib/python3.10/site-packages/labs_pkg/__init__.py
/home/teehee/ros2_ws/install/labs_pkg/lib/python3.10/site-packages/labs_pkg/turtle_monitor.py
/home/teehee/ros2_ws/install/labs_pkg/lib/python3.10/site-packages/labs_pkg/turtlesim_odom.py
/home/teehee/ros2_ws/install/labs_pkg/lib/python3.10/site-packages/labs_pkg/turtlesim_move.py
/home/teehee/ros2_ws/install/labs_pkg/lib/python3.10/site-packages/labs_pkg/tb4_stop_at_wall.py
/home/teehee/ros2_ws/install/labs_pkg/lib/python3.10/site-packages/labs_pkg/integer_publisher.py
/home/teehee/ros2_ws/install/labs_pkg/lib/python3.10/site-packages/labs_pkg/turtlesim_circles.py
/home/teehee/ros2_ws/install/labs_pkg/lib/python3.10/site-packages/labs_pkg/turtlesim_stop_at_wall.py
/home/teehee/ros2_ws/install/labs_pkg/lib/python3.10/site-packages/labs_pkg/spawn_turtles.py
/home/teehee/ros2_ws/install/labs_pkg/lib/python3.10/site-packages/labs_pkg/my_talker.py
/home/teehee/ros2_ws/install/labs_pkg/lib/python3.10/site-packages/labs_pkg/control_turtle_original.py
/home/teehee/ros2_ws/install/labs_pkg/lib/python3.10/site-packages/labs_pkg/add2ints_server.py
/home/teehee/ros2_ws/install/labs_pkg/lib/python3.10/site-packages/labs_pkg/wall_dist_measurement.py
/home/teehee/ros2_ws/install/labs_pkg/lib/python3.10/site-packages/labs_pkg/integer_array_publisher.py
/home/teehee/ros2_ws/install/labs_pkg/lib/python3.10/site-packages/labs_pkg/add2ints_client_no_oop.py
/home/teehee/ros2_ws/install/labs_pkg/lib/python3.10/site-packages/labs_pkg/my_talker_original.py
/home/teehee/ros2_ws/install/labs_pkg/lib/python3.10/site-packages/labs_pkg/control_turtle.py
/home/teehee/ros2_ws/install/labs_pkg/lib/python3.10/site-packages/labs_pkg/add2ints_client.py
/home/teehee/ros2_ws/install/labs_pkg/lib/python3.10/site-packages/labs_pkg/wall_dist_measurement_server.py
/home/teehee/ros2_ws/install/labs_pkg/lib/python3.10/site-packages/labs_pkg/cumulative_adder_original.py
/home/teehee/ros2_ws/install/labs_pkg/lib/python3.10/site-packages/labs_pkg/wall_dist_statistics_client.py
/home/teehee/ros2_ws/install/labs_pkg/lib/python3.10/site-packages/labs_pkg/turtlesim_drivesquare.py
/home/teehee/ros2_ws/install/labs_pkg/lib/python3.10/site-packages/labs_pkg/spawn_turtles_original.py
/home/teehee/ros2_ws/install/labs_pkg/lib/python3.10/site-packages/labs_pkg/my_listener.py
/home/teehee/ros2_ws/install/labs_pkg/lib/python3.10/site-packages/labs_pkg/cumulative_adder.py
/home/teehee/ros2_ws/install/labs_pkg/lib/python3.10/site-packages/labs_pkg/__pycache__/array_adder.cpython-310.pyc
/home/teehee/ros2_ws/install/labs_pkg/lib/python3.10/site-packages/labs_pkg/__pycache__/tb4_circles.cpython-310.pyc
/home/teehee/ros2_ws/install/labs_pkg/lib/python3.10/site-packages/labs_pkg/__pycache__/control_turtle_original2.cpython-310.pyc
/home/teehee/ros2_ws/install/labs_pkg/lib/python3.10/site-packages/labs_pkg/__pycache__/wall_dist_statistics.cpython-310.pyc
/home/teehee/ros2_ws/install/labs_pkg/lib/python3.10/site-packages/labs_pkg/__pycache__/integer_publisher_original.cpython-310.pyc
/home/teehee/ros2_ws/install/labs_pkg/lib/python3.10/site-packages/labs_pkg/__pycache__/turtlesim_drivesquare_old.cpython-310.pyc
/home/teehee/ros2_ws/install/labs_pkg/lib/python3.10/site-packages/labs_pkg/__pycache__/turtlesim_scan.cpython-310.pyc
/home/teehee/ros2_ws/install/labs_pkg/lib/python3.10/site-packages/labs_pkg/__pycache__/__init__.cpython-310.pyc
/home/teehee/ros2_ws/install/labs_pkg/lib/python3.10/site-packages/labs_pkg/__pycache__/turtle_monitor.cpython-310.pyc
/home/teehee/ros2_ws/install/labs_pkg/lib/python3.10/site-packages/labs_pkg/__pycache__/turtlesim_odom.cpython-310.pyc
/home/teehee/ros2_ws/install/labs_pkg/lib/python3.10/site-packages/labs_pkg/__pycache__/turtlesim_move.cpython-310.pyc
/home/teehee/ros2_ws/install/labs_pkg/lib/python3.10/site-packages/labs_pkg/__pycache__/tb4_stop_at_wall.cpython-310.pyc
/home/teehee/ros2_ws/install/labs_pkg/lib/python3.10/site-packages/labs_pkg/__pycache__/integer_publisher.cpython-310.pyc
/home/teehee/ros2_ws/install/labs_pkg/lib/python3.10/site-packages/labs_pkg/__pycache__/turtlesim_circles.cpython-310.pyc
/home/teehee/ros2_ws/install/labs_pkg/lib/python3.10/site-packages/labs_pkg/__pycache__/turtlesim_stop_at_wall.cpython-310.pyc
/home/teehee/ros2_ws/install/labs_pkg/lib/python3.10/site-packages/labs_pkg/__pycache__/spawn_turtles.cpython-310.pyc
/home/teehee/ros2_ws/install/labs_pkg/lib/python3.10/site-packages/labs_pkg/__pycache__/my_talker.cpython-310.pyc
/home/teehee/ros2_ws/install/labs_pkg/lib/python3.10/site-packages/labs_pkg/__pycache__/control_turtle_original.cpython-310.pyc
/home/teehee/ros2_ws/install/labs_pkg/lib/python3.10/site-packages/labs_pkg/__pycache__/add2ints_server.cpython-310.pyc
/home/teehee/ros2_ws/install/labs_pkg/lib/python3.10/site-packages/labs_pkg/__pycache__/wall_dist_measurement.cpython-310.pyc
/home/teehee/ros2_ws/install/labs_pkg/lib/python3.10/site-packages/labs_pkg/__pycache__/integer_array_publisher.cpython-310.pyc
/home/teehee/ros2_ws/install/labs_pkg/lib/python3.10/site-packages/labs_pkg/__pycache__/add2ints_client_no_oop.cpython-310.pyc
/home/teehee/ros2_ws/install/labs_pkg/lib/python3.10/site-packages/labs_pkg/__pycache__/my_talker_original.cpython-310.pyc
/home/teehee/ros2_ws/install/labs_pkg/lib/python3.10/site-packages/labs_pkg/__pycache__/control_turtle.cpython-310.pyc
/home/teehee/ros2_ws/install/labs_pkg/lib/python3.10/site-packages/labs_pkg/__pycache__/add2ints_client.cpython-310.pyc
/home/teehee/ros2_ws/install/labs_pkg/lib/python3.10/site-packages/labs_pkg/__pycache__/wall_dist_measurement_server.cpython-310.pyc
/home/teehee/ros2_ws/install/labs_pkg/lib/python3.10/site-packages/labs_pkg/__pycache__/cumulative_adder_original.cpython-310.pyc
/home/teehee/ros2_ws/install/labs_pkg/lib/python3.10/site-packages/labs_pkg/__pycache__/wall_dist_statistics_client.cpython-310.pyc
/home/teehee/ros2_ws/install/labs_pkg/lib/python3.10/site-packages/labs_pkg/__pycache__/turtlesim_drivesquare.cpython-310.pyc
/home/teehee/ros2_ws/install/labs_pkg/lib/python3.10/site-packages/labs_pkg/__pycache__/spawn_turtles_original.cpython-310.pyc
/home/teehee/ros2_ws/install/labs_pkg/lib/python3.10/site-packages/labs_pkg/__pycache__/my_listener.cpython-310.pyc
/home/teehee/ros2_ws/install/labs_pkg/lib/python3.10/site-packages/labs_pkg/__pycache__/cumulative_adder.cpython-310.pyc
/home/teehee/ros2_ws/install/labs_pkg/share/ament_index/resource_index/packages/labs_pkg
/home/teehee/ros2_ws/install/labs_pkg/share/labs_pkg/package.xml
/home/teehee/ros2_ws/install/labs_pkg/lib/python3.10/site-packages/labs_pkg-0.0.0-py3.10.egg-info/requires.txt
/home/teehee/ros2_ws/install/labs_pkg/lib/python3.10/site-packages/labs_pkg-0.0.0-py3.10.egg-info/SOURCES.txt
/home/teehee/ros2_ws/install/labs_pkg/lib/python3.10/site-packages/labs_pkg-0.0.0-py3.10.egg-info/dependency_links.txt
/home/teehee/ros2_ws/install/labs_pkg/lib/python3.10/site-packages/labs_pkg-0.0.0-py3.10.egg-info/zip-safe
/home/teehee/ros2_ws/install/labs_pkg/lib/python3.10/site-packages/labs_pkg-0.0.0-py3.10.egg-info/entry_points.txt
/home/teehee/ros2_ws/install/labs_pkg/lib/python3.10/site-packages/labs_pkg-0.0.0-py3.10.egg-info/PKG-INFO
/home/teehee/ros2_ws/install/labs_pkg/lib/python3.10/site-packages/labs_pkg-0.0.0-py3.10.egg-info/top_level.txt
/home/teehee/ros2_ws/install/labs_pkg/lib/labs_pkg/add2ints_client
/home/teehee/ros2_ws/install/labs_pkg/lib/labs_pkg/add2ints_client_no_oop
/home/teehee/ros2_ws/install/labs_pkg/lib/labs_pkg/add2ints_server
/home/teehee/ros2_ws/install/labs_pkg/lib/labs_pkg/array_adder
/home/teehee/ros2_ws/install/labs_pkg/lib/labs_pkg/control_turtle
/home/teehee/ros2_ws/install/labs_pkg/lib/labs_pkg/cumulative_adder
/home/teehee/ros2_ws/install/labs_pkg/lib/labs_pkg/integer_array_publisher
/home/teehee/ros2_ws/install/labs_pkg/lib/labs_pkg/integer_publisher
/home/teehee/ros2_ws/install/labs_pkg/lib/labs_pkg/my_listener
/home/teehee/ros2_ws/install/labs_pkg/lib/labs_pkg/my_talker
/home/teehee/ros2_ws/install/labs_pkg/lib/labs_pkg/spawn_turtles
/home/teehee/ros2_ws/install/labs_pkg/lib/labs_pkg/tb4_circles
/home/teehee/ros2_ws/install/labs_pkg/lib/labs_pkg/tb4_stop_at_wall
/home/teehee/ros2_ws/install/labs_pkg/lib/labs_pkg/turtle_monitor
/home/teehee/ros2_ws/install/labs_pkg/lib/labs_pkg/turtlesim_circles
/home/teehee/ros2_ws/install/labs_pkg/lib/labs_pkg/turtlesim_drivesquare
/home/teehee/ros2_ws/install/labs_pkg/lib/labs_pkg/turtlesim_move
/home/teehee/ros2_ws/install/labs_pkg/lib/labs_pkg/turtlesim_odom
/home/teehee/ros2_ws/install/labs_pkg/lib/labs_pkg/turtlesim_scan
/home/teehee/ros2_ws/install/labs_pkg/lib/labs_pkg/turtlesim_stop_at_wall
/home/teehee/ros2_ws/install/labs_pkg/lib/labs_pkg/wall_dist_measurement
/home/teehee/ros2_ws/install/labs_pkg/lib/labs_pkg/wall_dist_measurement_server
/home/teehee/ros2_ws/install/labs_pkg/lib/labs_pkg/wall_dist_statistics
/home/teehee/ros2_ws/install/labs_pkg/lib/labs_pkg/wall_dist_statistics_client
