[0.072s] Invoking command in '/home/teehee/ros2_ws/src/lab_interfaces/build/lab_interfaces': CMAKE_PREFIX_PATH=${CMAKE_PREFIX_PATH}:/home/teehee/ros2_ws/install/tf2_pkg:/home/teehee/ros2_ws/install/labs_pkg:/home/teehee/ros2_ws/install/lab_exam2_pkg:/home/teehee/ros2_ws/install/example_pkg:/opt/ros/humble /usr/bin/cmake /home/teehee/ros2_ws/src/lab_interfaces -DCMAKE_INSTALL_PREFIX=/home/teehee/ros2_ws/src/lab_interfaces/install/lab_interfaces
[0.174s] -- The C compiler identification is GNU 11.4.0
[0.247s] -- The CXX compiler identification is GNU 11.4.0
[0.261s] -- Detecting C compiler ABI info
[0.382s] -- Detecting C compiler ABI info - done
[0.390s] -- Check for working C compiler: /usr/bin/cc - skipped
[0.392s] -- Detecting C compile features
[0.395s] -- Detecting C compile features - done
[0.399s] -- Detecting CXX compiler ABI info
[0.561s] -- Detecting CXX compiler ABI info - done
[0.569s] -- Check for working CXX compiler: /usr/bin/c++ - skipped
[0.569s] -- Detecting CXX compile features
[0.570s] -- Detecting CXX compile features - done
[0.578s] -- Found ament_cmake: 1.3.6 (/opt/ros/humble/share/ament_cmake/cmake)
[0.775s] -- Found Python3: /usr/bin/python3.10 (found version "3.10.12") found components: Interpreter 
[0.888s] -- Found rosidl_default_generators: 1.2.0 (/opt/ros/humble/share/rosidl_default_generators/cmake)
[0.894s] -- Using all available rosidl_typesupport_c: rosidl_typesupport_fastrtps_c;rosidl_typesupport_introspection_c
[0.908s] -- Found rosidl_adapter: 3.1.5 (/opt/ros/humble/share/rosidl_adapter/cmake)
[0.952s] -- Using all available rosidl_typesupport_cpp: rosidl_typesupport_fastrtps_cpp;rosidl_typesupport_introspection_cpp
[1.278s] -- Found ament_cmake_ros: 0.10.0 (/opt/ros/humble/share/ament_cmake_ros/cmake)
[1.494s] -- Using all available rosidl_typesupport_c: rosidl_typesupport_fastrtps_c;rosidl_typesupport_introspection_c
[1.762s] -- Using all available rosidl_typesupport_cpp: rosidl_typesupport_fastrtps_cpp;rosidl_typesupport_introspection_cpp
[1.786s] -- Found PythonInterp: /usr/bin/python3 (found suitable version "3.10.12", minimum required is "3.6") 
[1.803s] -- Found python_cmake_module: 0.10.0 (/opt/ros/humble/share/python_cmake_module/cmake)
[1.820s] -- Found PythonLibs: /usr/lib/x86_64-linux-gnu/libpython3.10.so (found suitable version "3.10.12", minimum required is "3.5") 
[1.820s] -- Using PYTHON_EXECUTABLE: /usr/bin/python3
[1.820s] -- Using PYTHON_INCLUDE_DIRS: /usr/include/python3.10
[1.820s] -- Using PYTHON_LIBRARIES: /usr/lib/x86_64-linux-gnu/libpython3.10.so
[1.844s] -- Found PythonExtra: .so  
[1.890s] -- Configuring done
[1.930s] -- Generating done
[1.935s] -- Build files have been written to: /home/teehee/ros2_ws/src/lab_interfaces/build/lab_interfaces
[1.943s] Invoked command in '/home/teehee/ros2_ws/src/lab_interfaces/build/lab_interfaces' returned '0': CMAKE_PREFIX_PATH=${CMAKE_PREFIX_PATH}:/home/teehee/ros2_ws/install/tf2_pkg:/home/teehee/ros2_ws/install/labs_pkg:/home/teehee/ros2_ws/install/lab_exam2_pkg:/home/teehee/ros2_ws/install/example_pkg:/opt/ros/humble /usr/bin/cmake /home/teehee/ros2_ws/src/lab_interfaces -DCMAKE_INSTALL_PREFIX=/home/teehee/ros2_ws/src/lab_interfaces/install/lab_interfaces
[1.946s] Invoking command in '/home/teehee/ros2_ws/src/lab_interfaces/build/lab_interfaces': CMAKE_PREFIX_PATH=${CMAKE_PREFIX_PATH}:/home/teehee/ros2_ws/install/tf2_pkg:/home/teehee/ros2_ws/install/labs_pkg:/home/teehee/ros2_ws/install/lab_exam2_pkg:/home/teehee/ros2_ws/install/example_pkg:/opt/ros/humble /usr/bin/cmake --build /home/teehee/ros2_ws/src/lab_interfaces/build/lab_interfaces -- -j4 -l4
[2.013s] [  2%] [34m[1mGenerating C code for ROS interfaces[0m
[2.028s] [  4%] [34m[1mGenerating C++ code for ROS interfaces[0m
[2.040s] [  4%] Built target ament_cmake_python_copy_lab_interfaces
[2.271s] running egg_info
[2.272s] creating lab_interfaces.egg-info
[2.272s] writing lab_interfaces.egg-info/PKG-INFO
[2.273s] writing dependency_links to lab_interfaces.egg-info/dependency_links.txt
[2.273s] writing top-level names to lab_interfaces.egg-info/top_level.txt
[2.273s] writing manifest file 'lab_interfaces.egg-info/SOURCES.txt'
[2.275s] reading manifest file 'lab_interfaces.egg-info/SOURCES.txt'
[2.276s] writing manifest file 'lab_interfaces.egg-info/SOURCES.txt'
[2.304s] [  4%] Built target ament_cmake_python_build_lab_interfaces_egg
[2.480s] [  4%] Built target lab_interfaces__cpp
[2.514s] [  6%] [34m[1mGenerating C++ type support for eProsima Fast-RTPS[0m
[2.529s] [  8%] [34m[1mGenerating C++ type support dispatch for ROS interfaces[0m
[2.529s] [ 12%] [32mBuilding C object CMakeFiles/lab_interfaces__rosidl_generator_c.dir/rosidl_generator_c/lab_interfaces/msg/detail/turtle__functions.c.o[0m
[2.529s] [ 12%] [34m[1mGenerating C++ introspection for ROS interfaces[0m
[2.581s] [ 14%] [32mBuilding C object CMakeFiles/lab_interfaces__rosidl_generator_c.dir/rosidl_generator_c/lab_interfaces/msg/detail/turtle_array__functions.c.o[0m
[2.771s] [ 17%] [32mBuilding C object CMakeFiles/lab_interfaces__rosidl_generator_c.dir/rosidl_generator_c/lab_interfaces/srv/detail/capture_turtle__functions.c.o[0m
[2.865s] [ 19%] [32m[1mLinking C shared library liblab_interfaces__rosidl_generator_c.so[0m
[2.888s] [ 21%] [32mBuilding CXX object CMakeFiles/lab_interfaces__rosidl_typesupport_cpp.dir/rosidl_typesupport_cpp/lab_interfaces/msg/turtle__type_support.cpp.o[0m
[2.911s] [ 25%] [32mBuilding CXX object CMakeFiles/lab_interfaces__rosidl_typesupport_fastrtps_cpp.dir/rosidl_typesupport_fastrtps_cpp/lab_interfaces/msg/detail/dds_fastrtps/turtle__type_support.cpp.o[0m
[2.911s] [ 25%] [32mBuilding CXX object CMakeFiles/lab_interfaces__rosidl_typesupport_introspection_cpp.dir/rosidl_typesupport_introspection_cpp/lab_interfaces/msg/detail/turtle__type_support.cpp.o[0m
[2.915s] [ 25%] Built target lab_interfaces__rosidl_generator_c
[2.935s] [ 27%] [34m[1mGenerating C type support for eProsima Fast-RTPS[0m
[3.236s] [ 29%] [32mBuilding CXX object CMakeFiles/lab_interfaces__rosidl_typesupport_cpp.dir/rosidl_typesupport_cpp/lab_interfaces/msg/turtle_array__type_support.cpp.o[0m
[3.307s] [ 31%] [32mBuilding CXX object CMakeFiles/lab_interfaces__rosidl_typesupport_introspection_cpp.dir/rosidl_typesupport_introspection_cpp/lab_interfaces/msg/detail/turtle_array__type_support.cpp.o[0m
[3.344s] [ 34%] [32mBuilding CXX object CMakeFiles/lab_interfaces__rosidl_typesupport_fastrtps_cpp.dir/rosidl_typesupport_fastrtps_cpp/lab_interfaces/msg/detail/dds_fastrtps/turtle_array__type_support.cpp.o[0m
[3.359s] [ 36%] [32mBuilding CXX object CMakeFiles/lab_interfaces__rosidl_typesupport_fastrtps_c.dir/rosidl_typesupport_fastrtps_c/lab_interfaces/msg/detail/turtle__type_support_c.cpp.o[0m
[3.523s] [ 38%] [32mBuilding CXX object CMakeFiles/lab_interfaces__rosidl_typesupport_cpp.dir/rosidl_typesupport_cpp/lab_interfaces/srv/capture_turtle__type_support.cpp.o[0m
[3.730s] [ 40%] [32mBuilding CXX object CMakeFiles/lab_interfaces__rosidl_typesupport_fastrtps_c.dir/rosidl_typesupport_fastrtps_c/lab_interfaces/msg/detail/turtle_array__type_support_c.cpp.o[0m
[3.741s] [ 42%] [32mBuilding CXX object CMakeFiles/lab_interfaces__rosidl_typesupport_introspection_cpp.dir/rosidl_typesupport_introspection_cpp/lab_interfaces/srv/detail/capture_turtle__type_support.cpp.o[0m
[3.806s] [ 44%] [32mBuilding CXX object CMakeFiles/lab_interfaces__rosidl_typesupport_fastrtps_cpp.dir/rosidl_typesupport_fastrtps_cpp/lab_interfaces/srv/detail/dds_fastrtps/capture_turtle__type_support.cpp.o[0m
[3.872s] [ 46%] [32m[1mLinking CXX shared library liblab_interfaces__rosidl_typesupport_cpp.so[0m
[3.928s] [ 46%] Built target lab_interfaces__rosidl_typesupport_cpp
[3.941s] [ 48%] [34m[1mGenerating C introspection for ROS interfaces[0m
[4.120s] [ 51%] [32mBuilding CXX object CMakeFiles/lab_interfaces__rosidl_typesupport_fastrtps_c.dir/rosidl_typesupport_fastrtps_c/lab_interfaces/srv/detail/capture_turtle__type_support_c.cpp.o[0m
[4.136s] [ 53%] [32m[1mLinking CXX shared library liblab_interfaces__rosidl_typesupport_introspection_cpp.so[0m
[4.234s] [ 55%] [32m[1mLinking CXX shared library liblab_interfaces__rosidl_typesupport_fastrtps_cpp.so[0m
[4.279s] [ 55%] Built target lab_interfaces__rosidl_typesupport_introspection_cpp
[4.297s] [ 57%] [34m[1mGenerating C type support dispatch for ROS interfaces[0m
[4.349s] [ 57%] Built target lab_interfaces__rosidl_typesupport_fastrtps_cpp
[4.426s] [ 59%] [32mBuilding C object CMakeFiles/lab_interfaces__rosidl_typesupport_introspection_c.dir/rosidl_typesupport_introspection_c/lab_interfaces/msg/detail/turtle_array__type_support.c.o[0m
[4.427s] [ 61%] [32mBuilding C object CMakeFiles/lab_interfaces__rosidl_typesupport_introspection_c.dir/rosidl_typesupport_introspection_c/lab_interfaces/msg/detail/turtle__type_support.c.o[0m
[4.470s] [ 63%] [32mBuilding C object CMakeFiles/lab_interfaces__rosidl_typesupport_introspection_c.dir/rosidl_typesupport_introspection_c/lab_interfaces/srv/detail/capture_turtle__type_support.c.o[0m
[4.519s] [ 65%] [32m[1mLinking CXX shared library liblab_interfaces__rosidl_typesupport_fastrtps_c.so[0m
[4.533s] [ 68%] [32m[1mLinking C shared library liblab_interfaces__rosidl_typesupport_introspection_c.so[0m
[4.621s] [ 68%] Built target lab_interfaces__rosidl_typesupport_introspection_c
[4.652s] [ 68%] Built target lab_interfaces__rosidl_typesupport_fastrtps_c
[4.663s] [ 72%] [32mBuilding CXX object CMakeFiles/lab_interfaces__rosidl_typesupport_c.dir/rosidl_typesupport_c/lab_interfaces/msg/turtle__type_support.cpp.o[0m
[4.664s] [ 72%] [32mBuilding CXX object CMakeFiles/lab_interfaces__rosidl_typesupport_c.dir/rosidl_typesupport_c/lab_interfaces/msg/turtle_array__type_support.cpp.o[0m
[4.667s] [ 74%] [32mBuilding CXX object CMakeFiles/lab_interfaces__rosidl_typesupport_c.dir/rosidl_typesupport_c/lab_interfaces/srv/capture_turtle__type_support.cpp.o[0m
[4.708s] [ 76%] [32m[1mLinking CXX shared library liblab_interfaces__rosidl_typesupport_c.so[0m
[4.761s] [ 76%] Built target lab_interfaces__rosidl_typesupport_c
[4.789s] [ 76%] Built target lab_interfaces
[4.831s] [ 78%] [34m[1mGenerating Python code for ROS interfaces[0m
[5.299s] [ 78%] Built target lab_interfaces__py
[5.328s] [ 82%] [32mBuilding C object CMakeFiles/lab_interfaces__rosidl_generator_py.dir/rosidl_generator_py/lab_interfaces/msg/_turtle_array_s.c.o[0m
[5.328s] [ 85%] [32mBuilding C object CMakeFiles/lab_interfaces__rosidl_generator_py.dir/rosidl_generator_py/lab_interfaces/srv/_capture_turtle_s.c.o[0m
[5.328s] [ 82%] [32mBuilding C object CMakeFiles/lab_interfaces__rosidl_generator_py.dir/rosidl_generator_py/lab_interfaces/msg/_turtle_s.c.o[0m
[5.548s] [ 87%] [32m[1mLinking C shared library rosidl_generator_py/lab_interfaces/liblab_interfaces__rosidl_generator_py.so[0m
[5.602s] [ 87%] Built target lab_interfaces__rosidl_generator_py
[5.631s] [ 91%] [32mBuilding C object CMakeFiles/lab_interfaces__rosidl_typesupport_fastrtps_c__pyext.dir/rosidl_generator_py/lab_interfaces/_lab_interfaces_s.ep.rosidl_typesupport_fastrtps_c.c.o[0m
[5.631s] [ 91%] [32mBuilding C object CMakeFiles/lab_interfaces__rosidl_typesupport_introspection_c__pyext.dir/rosidl_generator_py/lab_interfaces/_lab_interfaces_s.ep.rosidl_typesupport_introspection_c.c.o[0m
[5.631s] [ 93%] [32mBuilding C object CMakeFiles/lab_interfaces__rosidl_typesupport_c__pyext.dir/rosidl_generator_py/lab_interfaces/_lab_interfaces_s.ep.rosidl_typesupport_c.c.o[0m
[5.754s] [ 95%] [32m[1mLinking C shared library rosidl_generator_py/lab_interfaces/lab_interfaces_s__rosidl_typesupport_introspection_c.cpython-310-x86_64-linux-gnu.so[0m
[5.755s] [ 97%] [32m[1mLinking C shared library rosidl_generator_py/lab_interfaces/lab_interfaces_s__rosidl_typesupport_fastrtps_c.cpython-310-x86_64-linux-gnu.so[0m
[5.767s] [100%] [32m[1mLinking C shared library rosidl_generator_py/lab_interfaces/lab_interfaces_s__rosidl_typesupport_c.cpython-310-x86_64-linux-gnu.so[0m
[5.791s] [100%] Built target lab_interfaces__rosidl_typesupport_fastrtps_c__pyext
[5.801s] [100%] Built target lab_interfaces__rosidl_typesupport_introspection_c__pyext
[5.810s] [100%] Built target lab_interfaces__rosidl_typesupport_c__pyext
[5.827s] Invoked command in '/home/teehee/ros2_ws/src/lab_interfaces/build/lab_interfaces' returned '0': CMAKE_PREFIX_PATH=${CMAKE_PREFIX_PATH}:/home/teehee/ros2_ws/install/tf2_pkg:/home/teehee/ros2_ws/install/labs_pkg:/home/teehee/ros2_ws/install/lab_exam2_pkg:/home/teehee/ros2_ws/install/example_pkg:/opt/ros/humble /usr/bin/cmake --build /home/teehee/ros2_ws/src/lab_interfaces/build/lab_interfaces -- -j4 -l4
[6.051s] Invoking command in '/home/teehee/ros2_ws/src/lab_interfaces/build/lab_interfaces': CMAKE_PREFIX_PATH=${CMAKE_PREFIX_PATH}:/home/teehee/ros2_ws/install/tf2_pkg:/home/teehee/ros2_ws/install/labs_pkg:/home/teehee/ros2_ws/install/lab_exam2_pkg:/home/teehee/ros2_ws/install/example_pkg:/opt/ros/humble /usr/bin/cmake --install /home/teehee/ros2_ws/src/lab_interfaces/build/lab_interfaces
[6.060s] -- Install configuration: ""
[6.061s] -- Installing: /home/teehee/ros2_ws/src/lab_interfaces/install/lab_interfaces/share/ament_index/resource_index/rosidl_interfaces/lab_interfaces
[6.061s] -- Installing: /home/teehee/ros2_ws/src/lab_interfaces/install/lab_interfaces/include/lab_interfaces/lab_interfaces
[6.061s] -- Installing: /home/teehee/ros2_ws/src/lab_interfaces/install/lab_interfaces/include/lab_interfaces/lab_interfaces/srv
[6.061s] -- Installing: /home/teehee/ros2_ws/src/lab_interfaces/install/lab_interfaces/include/lab_interfaces/lab_interfaces/srv/detail
[6.061s] -- Installing: /home/teehee/ros2_ws/src/lab_interfaces/install/lab_interfaces/include/lab_interfaces/lab_interfaces/srv/detail/capture_turtle__struct.h
[6.061s] -- Installing: /home/teehee/ros2_ws/src/lab_interfaces/install/lab_interfaces/include/lab_interfaces/lab_interfaces/srv/detail/capture_turtle__functions.h
[6.062s] -- Installing: /home/teehee/ros2_ws/src/lab_interfaces/install/lab_interfaces/include/lab_interfaces/lab_interfaces/srv/detail/capture_turtle__functions.c
[6.062s] -- Installing: /home/teehee/ros2_ws/src/lab_interfaces/install/lab_interfaces/include/lab_interfaces/lab_interfaces/srv/detail/capture_turtle__type_support.h
[6.062s] -- Installing: /home/teehee/ros2_ws/src/lab_interfaces/install/lab_interfaces/include/lab_interfaces/lab_interfaces/srv/capture_turtle.h
[6.062s] -- Installing: /home/teehee/ros2_ws/src/lab_interfaces/install/lab_interfaces/include/lab_interfaces/lab_interfaces/msg
[6.063s] -- Installing: /home/teehee/ros2_ws/src/lab_interfaces/install/lab_interfaces/include/lab_interfaces/lab_interfaces/msg/turtle_array.h
[6.063s] -- Installing: /home/teehee/ros2_ws/src/lab_interfaces/install/lab_interfaces/include/lab_interfaces/lab_interfaces/msg/rosidl_generator_c__visibility_control.h
[6.063s] -- Installing: /home/teehee/ros2_ws/src/lab_interfaces/install/lab_interfaces/include/lab_interfaces/lab_interfaces/msg/detail
[6.063s] -- Installing: /home/teehee/ros2_ws/src/lab_interfaces/install/lab_interfaces/include/lab_interfaces/lab_interfaces/msg/detail/turtle_array__type_support.h
[6.063s] -- Installing: /home/teehee/ros2_ws/src/lab_interfaces/install/lab_interfaces/include/lab_interfaces/lab_interfaces/msg/detail/turtle_array__functions.c
[6.064s] -- Installing: /home/teehee/ros2_ws/src/lab_interfaces/install/lab_interfaces/include/lab_interfaces/lab_interfaces/msg/detail/turtle_array__functions.h
[6.064s] -- Installing: /home/teehee/ros2_ws/src/lab_interfaces/install/lab_interfaces/include/lab_interfaces/lab_interfaces/msg/detail/turtle__struct.h
[6.064s] -- Installing: /home/teehee/ros2_ws/src/lab_interfaces/install/lab_interfaces/include/lab_interfaces/lab_interfaces/msg/detail/turtle__functions.h
[6.064s] -- Installing: /home/teehee/ros2_ws/src/lab_interfaces/install/lab_interfaces/include/lab_interfaces/lab_interfaces/msg/detail/turtle_array__struct.h
[6.065s] -- Installing: /home/teehee/ros2_ws/src/lab_interfaces/install/lab_interfaces/include/lab_interfaces/lab_interfaces/msg/detail/turtle__functions.c
[6.065s] -- Installing: /home/teehee/ros2_ws/src/lab_interfaces/install/lab_interfaces/include/lab_interfaces/lab_interfaces/msg/detail/turtle__type_support.h
[6.065s] -- Installing: /home/teehee/ros2_ws/src/lab_interfaces/install/lab_interfaces/include/lab_interfaces/lab_interfaces/msg/turtle.h
[6.065s] -- Installing: /home/teehee/ros2_ws/src/lab_interfaces/install/lab_interfaces/share/lab_interfaces/environment/library_path.sh
[6.066s] -- Installing: /home/teehee/ros2_ws/src/lab_interfaces/install/lab_interfaces/share/lab_interfaces/environment/library_path.dsv
[6.066s] -- Installing: /home/teehee/ros2_ws/src/lab_interfaces/install/lab_interfaces/lib/liblab_interfaces__rosidl_generator_c.so
[6.067s] -- Set runtime path of "/home/teehee/ros2_ws/src/lab_interfaces/install/lab_interfaces/lib/liblab_interfaces__rosidl_generator_c.so" to ""
[6.067s] -- Up-to-date: /home/teehee/ros2_ws/src/lab_interfaces/install/lab_interfaces/include/lab_interfaces/lab_interfaces
[6.067s] -- Up-to-date: /home/teehee/ros2_ws/src/lab_interfaces/install/lab_interfaces/include/lab_interfaces/lab_interfaces/srv
[6.068s] -- Up-to-date: /home/teehee/ros2_ws/src/lab_interfaces/install/lab_interfaces/include/lab_interfaces/lab_interfaces/srv/detail
[6.068s] -- Installing: /home/teehee/ros2_ws/src/lab_interfaces/install/lab_interfaces/include/lab_interfaces/lab_interfaces/srv/detail/capture_turtle__rosidl_typesupport_fastrtps_c.h
[6.068s] -- Up-to-date: /home/teehee/ros2_ws/src/lab_interfaces/install/lab_interfaces/include/lab_interfaces/lab_interfaces/msg
[6.068s] -- Up-to-date: /home/teehee/ros2_ws/src/lab_interfaces/install/lab_interfaces/include/lab_interfaces/lab_interfaces/msg/detail
[6.068s] -- Installing: /home/teehee/ros2_ws/src/lab_interfaces/install/lab_interfaces/include/lab_interfaces/lab_interfaces/msg/detail/turtle_array__rosidl_typesupport_fastrtps_c.h
[6.068s] -- Installing: /home/teehee/ros2_ws/src/lab_interfaces/install/lab_interfaces/include/lab_interfaces/lab_interfaces/msg/detail/turtle__rosidl_typesupport_fastrtps_c.h
[6.068s] -- Installing: /home/teehee/ros2_ws/src/lab_interfaces/install/lab_interfaces/include/lab_interfaces/lab_interfaces/msg/rosidl_typesupport_fastrtps_c__visibility_control.h
[6.069s] -- Installing: /home/teehee/ros2_ws/src/lab_interfaces/install/lab_interfaces/lib/liblab_interfaces__rosidl_typesupport_fastrtps_c.so
[6.069s] -- Set runtime path of "/home/teehee/ros2_ws/src/lab_interfaces/install/lab_interfaces/lib/liblab_interfaces__rosidl_typesupport_fastrtps_c.so" to ""
[6.069s] -- Up-to-date: /home/teehee/ros2_ws/src/lab_interfaces/install/lab_interfaces/include/lab_interfaces/lab_interfaces
[6.070s] -- Up-to-date: /home/teehee/ros2_ws/src/lab_interfaces/install/lab_interfaces/include/lab_interfaces/lab_interfaces/srv
[6.070s] -- Up-to-date: /home/teehee/ros2_ws/src/lab_interfaces/install/lab_interfaces/include/lab_interfaces/lab_interfaces/srv/detail
[6.070s] -- Installing: /home/teehee/ros2_ws/src/lab_interfaces/install/lab_interfaces/include/lab_interfaces/lab_interfaces/srv/detail/capture_turtle__rosidl_typesupport_introspection_c.h
[6.070s] -- Installing: /home/teehee/ros2_ws/src/lab_interfaces/install/lab_interfaces/include/lab_interfaces/lab_interfaces/srv/detail/capture_turtle__type_support.c
[6.070s] -- Up-to-date: /home/teehee/ros2_ws/src/lab_interfaces/install/lab_interfaces/include/lab_interfaces/lab_interfaces/msg
[6.070s] -- Up-to-date: /home/teehee/ros2_ws/src/lab_interfaces/install/lab_interfaces/include/lab_interfaces/lab_interfaces/msg/detail
[6.070s] -- Installing: /home/teehee/ros2_ws/src/lab_interfaces/install/lab_interfaces/include/lab_interfaces/lab_interfaces/msg/detail/turtle__rosidl_typesupport_introspection_c.h
[6.071s] -- Installing: /home/teehee/ros2_ws/src/lab_interfaces/install/lab_interfaces/include/lab_interfaces/lab_interfaces/msg/detail/turtle__type_support.c
[6.071s] -- Installing: /home/teehee/ros2_ws/src/lab_interfaces/install/lab_interfaces/include/lab_interfaces/lab_interfaces/msg/detail/turtle_array__type_support.c
[6.071s] -- Installing: /home/teehee/ros2_ws/src/lab_interfaces/install/lab_interfaces/include/lab_interfaces/lab_interfaces/msg/detail/turtle_array__rosidl_typesupport_introspection_c.h
[6.071s] -- Installing: /home/teehee/ros2_ws/src/lab_interfaces/install/lab_interfaces/include/lab_interfaces/lab_interfaces/msg/rosidl_typesupport_introspection_c__visibility_control.h
[6.071s] -- Installing: /home/teehee/ros2_ws/src/lab_interfaces/install/lab_interfaces/lib/liblab_interfaces__rosidl_typesupport_introspection_c.so
[6.072s] -- Set runtime path of "/home/teehee/ros2_ws/src/lab_interfaces/install/lab_interfaces/lib/liblab_interfaces__rosidl_typesupport_introspection_c.so" to ""
[6.072s] -- Installing: /home/teehee/ros2_ws/src/lab_interfaces/install/lab_interfaces/lib/liblab_interfaces__rosidl_typesupport_c.so
[6.073s] -- Set runtime path of "/home/teehee/ros2_ws/src/lab_interfaces/install/lab_interfaces/lib/liblab_interfaces__rosidl_typesupport_c.so" to ""
[6.073s] -- Up-to-date: /home/teehee/ros2_ws/src/lab_interfaces/install/lab_interfaces/include/lab_interfaces/lab_interfaces
[6.073s] -- Up-to-date: /home/teehee/ros2_ws/src/lab_interfaces/install/lab_interfaces/include/lab_interfaces/lab_interfaces/srv
[6.074s] -- Up-to-date: /home/teehee/ros2_ws/src/lab_interfaces/install/lab_interfaces/include/lab_interfaces/lab_interfaces/srv/detail
[6.074s] -- Installing: /home/teehee/ros2_ws/src/lab_interfaces/install/lab_interfaces/include/lab_interfaces/lab_interfaces/srv/detail/capture_turtle__struct.hpp
[6.074s] -- Installing: /home/teehee/ros2_ws/src/lab_interfaces/install/lab_interfaces/include/lab_interfaces/lab_interfaces/srv/detail/capture_turtle__traits.hpp
[6.075s] -- Installing: /home/teehee/ros2_ws/src/lab_interfaces/install/lab_interfaces/include/lab_interfaces/lab_interfaces/srv/detail/capture_turtle__builder.hpp
[6.075s] -- Installing: /home/teehee/ros2_ws/src/lab_interfaces/install/lab_interfaces/include/lab_interfaces/lab_interfaces/srv/capture_turtle.hpp
[6.075s] -- Up-to-date: /home/teehee/ros2_ws/src/lab_interfaces/install/lab_interfaces/include/lab_interfaces/lab_interfaces/msg
[6.075s] -- Installing: /home/teehee/ros2_ws/src/lab_interfaces/install/lab_interfaces/include/lab_interfaces/lab_interfaces/msg/turtle_array.hpp
[6.075s] -- Up-to-date: /home/teehee/ros2_ws/src/lab_interfaces/install/lab_interfaces/include/lab_interfaces/lab_interfaces/msg/detail
[6.075s] -- Installing: /home/teehee/ros2_ws/src/lab_interfaces/install/lab_interfaces/include/lab_interfaces/lab_interfaces/msg/detail/turtle__traits.hpp
[6.075s] -- Installing: /home/teehee/ros2_ws/src/lab_interfaces/install/lab_interfaces/include/lab_interfaces/lab_interfaces/msg/detail/turtle__builder.hpp
[6.075s] -- Installing: /home/teehee/ros2_ws/src/lab_interfaces/install/lab_interfaces/include/lab_interfaces/lab_interfaces/msg/detail/turtle_array__builder.hpp
[6.075s] -- Installing: /home/teehee/ros2_ws/src/lab_interfaces/install/lab_interfaces/include/lab_interfaces/lab_interfaces/msg/detail/turtle_array__struct.hpp
[6.076s] -- Installing: /home/teehee/ros2_ws/src/lab_interfaces/install/lab_interfaces/include/lab_interfaces/lab_interfaces/msg/detail/turtle__struct.hpp
[6.076s] -- Installing: /home/teehee/ros2_ws/src/lab_interfaces/install/lab_interfaces/include/lab_interfaces/lab_interfaces/msg/detail/turtle_array__traits.hpp
[6.077s] -- Installing: /home/teehee/ros2_ws/src/lab_interfaces/install/lab_interfaces/include/lab_interfaces/lab_interfaces/msg/turtle.hpp
[6.077s] -- Up-to-date: /home/teehee/ros2_ws/src/lab_interfaces/install/lab_interfaces/include/lab_interfaces/lab_interfaces
[6.078s] -- Up-to-date: /home/teehee/ros2_ws/src/lab_interfaces/install/lab_interfaces/include/lab_interfaces/lab_interfaces/srv
[6.078s] -- Up-to-date: /home/teehee/ros2_ws/src/lab_interfaces/install/lab_interfaces/include/lab_interfaces/lab_interfaces/srv/detail
[6.078s] -- Installing: /home/teehee/ros2_ws/src/lab_interfaces/install/lab_interfaces/include/lab_interfaces/lab_interfaces/srv/detail/dds_fastrtps
[6.078s] -- Installing: /home/teehee/ros2_ws/src/lab_interfaces/install/lab_interfaces/include/lab_interfaces/lab_interfaces/srv/detail/capture_turtle__rosidl_typesupport_fastrtps_cpp.hpp
[6.079s] -- Up-to-date: /home/teehee/ros2_ws/src/lab_interfaces/install/lab_interfaces/include/lab_interfaces/lab_interfaces/msg
[6.079s] -- Up-to-date: /home/teehee/ros2_ws/src/lab_interfaces/install/lab_interfaces/include/lab_interfaces/lab_interfaces/msg/detail
[6.079s] -- Installing: /home/teehee/ros2_ws/src/lab_interfaces/install/lab_interfaces/include/lab_interfaces/lab_interfaces/msg/detail/turtle__rosidl_typesupport_fastrtps_cpp.hpp
[6.079s] -- Installing: /home/teehee/ros2_ws/src/lab_interfaces/install/lab_interfaces/include/lab_interfaces/lab_interfaces/msg/detail/turtle_array__rosidl_typesupport_fastrtps_cpp.hpp
[6.079s] -- Installing: /home/teehee/ros2_ws/src/lab_interfaces/install/lab_interfaces/include/lab_interfaces/lab_interfaces/msg/detail/dds_fastrtps
[6.079s] -- Installing: /home/teehee/ros2_ws/src/lab_interfaces/install/lab_interfaces/include/lab_interfaces/lab_interfaces/msg/rosidl_typesupport_fastrtps_cpp__visibility_control.h
[6.079s] -- Installing: /home/teehee/ros2_ws/src/lab_interfaces/install/lab_interfaces/lib/liblab_interfaces__rosidl_typesupport_fastrtps_cpp.so
[6.079s] -- Set runtime path of "/home/teehee/ros2_ws/src/lab_interfaces/install/lab_interfaces/lib/liblab_interfaces__rosidl_typesupport_fastrtps_cpp.so" to ""
[6.079s] -- Up-to-date: /home/teehee/ros2_ws/src/lab_interfaces/install/lab_interfaces/include/lab_interfaces/lab_interfaces
[6.080s] -- Up-to-date: /home/teehee/ros2_ws/src/lab_interfaces/install/lab_interfaces/include/lab_interfaces/lab_interfaces/srv
[6.080s] -- Up-to-date: /home/teehee/ros2_ws/src/lab_interfaces/install/lab_interfaces/include/lab_interfaces/lab_interfaces/srv/detail
[6.080s] -- Installing: /home/teehee/ros2_ws/src/lab_interfaces/install/lab_interfaces/include/lab_interfaces/lab_interfaces/srv/detail/capture_turtle__type_support.cpp
[6.081s] -- Installing: /home/teehee/ros2_ws/src/lab_interfaces/install/lab_interfaces/include/lab_interfaces/lab_interfaces/srv/detail/capture_turtle__rosidl_typesupport_introspection_cpp.hpp
[6.081s] -- Up-to-date: /home/teehee/ros2_ws/src/lab_interfaces/install/lab_interfaces/include/lab_interfaces/lab_interfaces/msg
[6.082s] -- Up-to-date: /home/teehee/ros2_ws/src/lab_interfaces/install/lab_interfaces/include/lab_interfaces/lab_interfaces/msg/detail
[6.082s] -- Installing: /home/teehee/ros2_ws/src/lab_interfaces/install/lab_interfaces/include/lab_interfaces/lab_interfaces/msg/detail/turtle_array__rosidl_typesupport_introspection_cpp.hpp
[6.082s] -- Installing: /home/teehee/ros2_ws/src/lab_interfaces/install/lab_interfaces/include/lab_interfaces/lab_interfaces/msg/detail/turtle_array__type_support.cpp
[6.082s] -- Installing: /home/teehee/ros2_ws/src/lab_interfaces/install/lab_interfaces/include/lab_interfaces/lab_interfaces/msg/detail/turtle__rosidl_typesupport_introspection_cpp.hpp
[6.082s] -- Installing: /home/teehee/ros2_ws/src/lab_interfaces/install/lab_interfaces/include/lab_interfaces/lab_interfaces/msg/detail/turtle__type_support.cpp
[6.082s] -- Installing: /home/teehee/ros2_ws/src/lab_interfaces/install/lab_interfaces/lib/liblab_interfaces__rosidl_typesupport_introspection_cpp.so
[6.083s] -- Set runtime path of "/home/teehee/ros2_ws/src/lab_interfaces/install/lab_interfaces/lib/liblab_interfaces__rosidl_typesupport_introspection_cpp.so" to ""
[6.083s] -- Installing: /home/teehee/ros2_ws/src/lab_interfaces/install/lab_interfaces/lib/liblab_interfaces__rosidl_typesupport_cpp.so
[6.083s] -- Set runtime path of "/home/teehee/ros2_ws/src/lab_interfaces/install/lab_interfaces/lib/liblab_interfaces__rosidl_typesupport_cpp.so" to ""
[6.083s] -- Installing: /home/teehee/ros2_ws/src/lab_interfaces/install/lab_interfaces/share/lab_interfaces/environment/pythonpath.sh
[6.083s] -- Installing: /home/teehee/ros2_ws/src/lab_interfaces/install/lab_interfaces/share/lab_interfaces/environment/pythonpath.dsv
[6.084s] -- Installing: /home/teehee/ros2_ws/src/lab_interfaces/install/lab_interfaces/local/lib/python3.10/dist-packages/lab_interfaces-0.0.0-py3.10.egg-info
[6.084s] -- Installing: /home/teehee/ros2_ws/src/lab_interfaces/install/lab_interfaces/local/lib/python3.10/dist-packages/lab_interfaces-0.0.0-py3.10.egg-info/SOURCES.txt
[6.084s] -- Installing: /home/teehee/ros2_ws/src/lab_interfaces/install/lab_interfaces/local/lib/python3.10/dist-packages/lab_interfaces-0.0.0-py3.10.egg-info/dependency_links.txt
[6.084s] -- Installing: /home/teehee/ros2_ws/src/lab_interfaces/install/lab_interfaces/local/lib/python3.10/dist-packages/lab_interfaces-0.0.0-py3.10.egg-info/PKG-INFO
[6.084s] -- Installing: /home/teehee/ros2_ws/src/lab_interfaces/install/lab_interfaces/local/lib/python3.10/dist-packages/lab_interfaces-0.0.0-py3.10.egg-info/top_level.txt
[6.085s] -- Installing: /home/teehee/ros2_ws/src/lab_interfaces/install/lab_interfaces/local/lib/python3.10/dist-packages/lab_interfaces
[6.085s] -- Installing: /home/teehee/ros2_ws/src/lab_interfaces/install/lab_interfaces/local/lib/python3.10/dist-packages/lab_interfaces/_lab_interfaces_s.ep.rosidl_typesupport_introspection_c.c
[6.085s] -- Installing: /home/teehee/ros2_ws/src/lab_interfaces/install/lab_interfaces/local/lib/python3.10/dist-packages/lab_interfaces/lab_interfaces_s__rosidl_typesupport_c.cpython-310-x86_64-linux-gnu.so
[6.086s] -- Installing: /home/teehee/ros2_ws/src/lab_interfaces/install/lab_interfaces/local/lib/python3.10/dist-packages/lab_interfaces/__init__.py
[6.086s] -- Installing: /home/teehee/ros2_ws/src/lab_interfaces/install/lab_interfaces/local/lib/python3.10/dist-packages/lab_interfaces/_lab_interfaces_s.ep.rosidl_typesupport_c.c
[6.086s] -- Installing: /home/teehee/ros2_ws/src/lab_interfaces/install/lab_interfaces/local/lib/python3.10/dist-packages/lab_interfaces/lab_interfaces_s__rosidl_typesupport_introspection_c.cpython-310-x86_64-linux-gnu.so
[6.086s] -- Installing: /home/teehee/ros2_ws/src/lab_interfaces/install/lab_interfaces/local/lib/python3.10/dist-packages/lab_interfaces/_lab_interfaces_s.ep.rosidl_typesupport_fastrtps_c.c
[6.086s] -- Installing: /home/teehee/ros2_ws/src/lab_interfaces/install/lab_interfaces/local/lib/python3.10/dist-packages/lab_interfaces/srv
[6.086s] -- Installing: /home/teehee/ros2_ws/src/lab_interfaces/install/lab_interfaces/local/lib/python3.10/dist-packages/lab_interfaces/srv/__init__.py
[6.087s] -- Installing: /home/teehee/ros2_ws/src/lab_interfaces/install/lab_interfaces/local/lib/python3.10/dist-packages/lab_interfaces/srv/_capture_turtle.py
[6.087s] -- Installing: /home/teehee/ros2_ws/src/lab_interfaces/install/lab_interfaces/local/lib/python3.10/dist-packages/lab_interfaces/srv/_capture_turtle_s.c
[6.087s] -- Installing: /home/teehee/ros2_ws/src/lab_interfaces/install/lab_interfaces/local/lib/python3.10/dist-packages/lab_interfaces/liblab_interfaces__rosidl_generator_py.so
[6.088s] -- Installing: /home/teehee/ros2_ws/src/lab_interfaces/install/lab_interfaces/local/lib/python3.10/dist-packages/lab_interfaces/lab_interfaces_s__rosidl_typesupport_fastrtps_c.cpython-310-x86_64-linux-gnu.so
[6.088s] -- Installing: /home/teehee/ros2_ws/src/lab_interfaces/install/lab_interfaces/local/lib/python3.10/dist-packages/lab_interfaces/msg
[6.088s] -- Installing: /home/teehee/ros2_ws/src/lab_interfaces/install/lab_interfaces/local/lib/python3.10/dist-packages/lab_interfaces/msg/__init__.py
[6.088s] -- Installing: /home/teehee/ros2_ws/src/lab_interfaces/install/lab_interfaces/local/lib/python3.10/dist-packages/lab_interfaces/msg/_turtle.py
[6.088s] -- Installing: /home/teehee/ros2_ws/src/lab_interfaces/install/lab_interfaces/local/lib/python3.10/dist-packages/lab_interfaces/msg/_turtle_array_s.c
[6.088s] -- Installing: /home/teehee/ros2_ws/src/lab_interfaces/install/lab_interfaces/local/lib/python3.10/dist-packages/lab_interfaces/msg/_turtle_s.c
[6.089s] -- Installing: /home/teehee/ros2_ws/src/lab_interfaces/install/lab_interfaces/local/lib/python3.10/dist-packages/lab_interfaces/msg/_turtle_array.py
[6.130s] Listing '/home/teehee/ros2_ws/src/lab_interfaces/install/lab_interfaces/local/lib/python3.10/dist-packages/lab_interfaces'...
[6.130s] Compiling '/home/teehee/ros2_ws/src/lab_interfaces/install/lab_interfaces/local/lib/python3.10/dist-packages/lab_interfaces/__init__.py'...
[6.130s] Listing '/home/teehee/ros2_ws/src/lab_interfaces/install/lab_interfaces/local/lib/python3.10/dist-packages/lab_interfaces/msg'...
[6.130s] Compiling '/home/teehee/ros2_ws/src/lab_interfaces/install/lab_interfaces/local/lib/python3.10/dist-packages/lab_interfaces/msg/__init__.py'...
[6.130s] Compiling '/home/teehee/ros2_ws/src/lab_interfaces/install/lab_interfaces/local/lib/python3.10/dist-packages/lab_interfaces/msg/_turtle.py'...
[6.130s] Compiling '/home/teehee/ros2_ws/src/lab_interfaces/install/lab_interfaces/local/lib/python3.10/dist-packages/lab_interfaces/msg/_turtle_array.py'...
[6.130s] Listing '/home/teehee/ros2_ws/src/lab_interfaces/install/lab_interfaces/local/lib/python3.10/dist-packages/lab_interfaces/srv'...
[6.130s] Compiling '/home/teehee/ros2_ws/src/lab_interfaces/install/lab_interfaces/local/lib/python3.10/dist-packages/lab_interfaces/srv/__init__.py'...
[6.131s] Compiling '/home/teehee/ros2_ws/src/lab_interfaces/install/lab_interfaces/local/lib/python3.10/dist-packages/lab_interfaces/srv/_capture_turtle.py'...
[6.134s] -- Installing: /home/teehee/ros2_ws/src/lab_interfaces/install/lab_interfaces/local/lib/python3.10/dist-packages/lab_interfaces/lab_interfaces_s__rosidl_typesupport_fastrtps_c.cpython-310-x86_64-linux-gnu.so
[6.135s] -- Set runtime path of "/home/teehee/ros2_ws/src/lab_interfaces/install/lab_interfaces/local/lib/python3.10/dist-packages/lab_interfaces/lab_interfaces_s__rosidl_typesupport_fastrtps_c.cpython-310-x86_64-linux-gnu.so" to ""
[6.136s] -- Installing: /home/teehee/ros2_ws/src/lab_interfaces/install/lab_interfaces/local/lib/python3.10/dist-packages/lab_interfaces/lab_interfaces_s__rosidl_typesupport_introspection_c.cpython-310-x86_64-linux-gnu.so
[6.136s] -- Set runtime path of "/home/teehee/ros2_ws/src/lab_interfaces/install/lab_interfaces/local/lib/python3.10/dist-packages/lab_interfaces/lab_interfaces_s__rosidl_typesupport_introspection_c.cpython-310-x86_64-linux-gnu.so" to ""
[6.137s] -- Installing: /home/teehee/ros2_ws/src/lab_interfaces/install/lab_interfaces/local/lib/python3.10/dist-packages/lab_interfaces/lab_interfaces_s__rosidl_typesupport_c.cpython-310-x86_64-linux-gnu.so
[6.137s] -- Set runtime path of "/home/teehee/ros2_ws/src/lab_interfaces/install/lab_interfaces/local/lib/python3.10/dist-packages/lab_interfaces/lab_interfaces_s__rosidl_typesupport_c.cpython-310-x86_64-linux-gnu.so" to ""
[6.137s] -- Installing: /home/teehee/ros2_ws/src/lab_interfaces/install/lab_interfaces/lib/liblab_interfaces__rosidl_generator_py.so
[6.138s] -- Set runtime path of "/home/teehee/ros2_ws/src/lab_interfaces/install/lab_interfaces/lib/liblab_interfaces__rosidl_generator_py.so" to ""
[6.138s] -- Installing: /home/teehee/ros2_ws/src/lab_interfaces/install/lab_interfaces/share/lab_interfaces/msg/Turtle.idl
[6.138s] -- Installing: /home/teehee/ros2_ws/src/lab_interfaces/install/lab_interfaces/share/lab_interfaces/msg/TurtleArray.idl
[6.139s] -- Installing: /home/teehee/ros2_ws/src/lab_interfaces/install/lab_interfaces/share/lab_interfaces/srv/CaptureTurtle.idl
[6.139s] -- Installing: /home/teehee/ros2_ws/src/lab_interfaces/install/lab_interfaces/share/lab_interfaces/msg/Turtle.msg
[6.139s] -- Installing: /home/teehee/ros2_ws/src/lab_interfaces/install/lab_interfaces/share/lab_interfaces/msg/TurtleArray.msg
[6.139s] -- Installing: /home/teehee/ros2_ws/src/lab_interfaces/install/lab_interfaces/share/lab_interfaces/srv/CaptureTurtle.srv
[6.139s] -- Installing: /home/teehee/ros2_ws/src/lab_interfaces/install/lab_interfaces/share/lab_interfaces/srv/CaptureTurtle_Request.msg
[6.140s] -- Installing: /home/teehee/ros2_ws/src/lab_interfaces/install/lab_interfaces/share/lab_interfaces/srv/CaptureTurtle_Response.msg
[6.140s] -- Installing: /home/teehee/ros2_ws/src/lab_interfaces/install/lab_interfaces/share/ament_index/resource_index/package_run_dependencies/lab_interfaces
[6.140s] -- Installing: /home/teehee/ros2_ws/src/lab_interfaces/install/lab_interfaces/share/ament_index/resource_index/parent_prefix_path/lab_interfaces
[6.141s] -- Installing: /home/teehee/ros2_ws/src/lab_interfaces/install/lab_interfaces/share/lab_interfaces/environment/ament_prefix_path.sh
[6.141s] -- Installing: /home/teehee/ros2_ws/src/lab_interfaces/install/lab_interfaces/share/lab_interfaces/environment/ament_prefix_path.dsv
[6.141s] -- Installing: /home/teehee/ros2_ws/src/lab_interfaces/install/lab_interfaces/share/lab_interfaces/environment/path.sh
[6.141s] -- Installing: /home/teehee/ros2_ws/src/lab_interfaces/install/lab_interfaces/share/lab_interfaces/environment/path.dsv
[6.141s] -- Installing: /home/teehee/ros2_ws/src/lab_interfaces/install/lab_interfaces/share/lab_interfaces/local_setup.bash
[6.141s] -- Installing: /home/teehee/ros2_ws/src/lab_interfaces/install/lab_interfaces/share/lab_interfaces/local_setup.sh
[6.142s] -- Installing: /home/teehee/ros2_ws/src/lab_interfaces/install/lab_interfaces/share/lab_interfaces/local_setup.zsh
[6.142s] -- Installing: /home/teehee/ros2_ws/src/lab_interfaces/install/lab_interfaces/share/lab_interfaces/local_setup.dsv
[6.143s] -- Installing: /home/teehee/ros2_ws/src/lab_interfaces/install/lab_interfaces/share/lab_interfaces/package.dsv
[6.143s] -- Installing: /home/teehee/ros2_ws/src/lab_interfaces/install/lab_interfaces/share/ament_index/resource_index/packages/lab_interfaces
[6.143s] -- Installing: /home/teehee/ros2_ws/src/lab_interfaces/install/lab_interfaces/share/lab_interfaces/cmake/export_lab_interfaces__rosidl_generator_cExport.cmake
[6.143s] -- Installing: /home/teehee/ros2_ws/src/lab_interfaces/install/lab_interfaces/share/lab_interfaces/cmake/export_lab_interfaces__rosidl_generator_cExport-noconfig.cmake
[6.144s] -- Installing: /home/teehee/ros2_ws/src/lab_interfaces/install/lab_interfaces/share/lab_interfaces/cmake/export_lab_interfaces__rosidl_typesupport_fastrtps_cExport.cmake
[6.144s] -- Installing: /home/teehee/ros2_ws/src/lab_interfaces/install/lab_interfaces/share/lab_interfaces/cmake/export_lab_interfaces__rosidl_typesupport_fastrtps_cExport-noconfig.cmake
[6.144s] -- Installing: /home/teehee/ros2_ws/src/lab_interfaces/install/lab_interfaces/share/lab_interfaces/cmake/lab_interfaces__rosidl_typesupport_introspection_cExport.cmake
[6.144s] -- Installing: /home/teehee/ros2_ws/src/lab_interfaces/install/lab_interfaces/share/lab_interfaces/cmake/lab_interfaces__rosidl_typesupport_introspection_cExport-noconfig.cmake
[6.145s] -- Installing: /home/teehee/ros2_ws/src/lab_interfaces/install/lab_interfaces/share/lab_interfaces/cmake/lab_interfaces__rosidl_typesupport_cExport.cmake
[6.145s] -- Installing: /home/teehee/ros2_ws/src/lab_interfaces/install/lab_interfaces/share/lab_interfaces/cmake/lab_interfaces__rosidl_typesupport_cExport-noconfig.cmake
[6.145s] -- Installing: /home/teehee/ros2_ws/src/lab_interfaces/install/lab_interfaces/share/lab_interfaces/cmake/export_lab_interfaces__rosidl_generator_cppExport.cmake
[6.145s] -- Installing: /home/teehee/ros2_ws/src/lab_interfaces/install/lab_interfaces/share/lab_interfaces/cmake/export_lab_interfaces__rosidl_typesupport_fastrtps_cppExport.cmake
[6.145s] -- Installing: /home/teehee/ros2_ws/src/lab_interfaces/install/lab_interfaces/share/lab_interfaces/cmake/export_lab_interfaces__rosidl_typesupport_fastrtps_cppExport-noconfig.cmake
[6.146s] -- Installing: /home/teehee/ros2_ws/src/lab_interfaces/install/lab_interfaces/share/lab_interfaces/cmake/lab_interfaces__rosidl_typesupport_introspection_cppExport.cmake
[6.146s] -- Installing: /home/teehee/ros2_ws/src/lab_interfaces/install/lab_interfaces/share/lab_interfaces/cmake/lab_interfaces__rosidl_typesupport_introspection_cppExport-noconfig.cmake
[6.146s] -- Installing: /home/teehee/ros2_ws/src/lab_interfaces/install/lab_interfaces/share/lab_interfaces/cmake/lab_interfaces__rosidl_typesupport_cppExport.cmake
[6.147s] -- Installing: /home/teehee/ros2_ws/src/lab_interfaces/install/lab_interfaces/share/lab_interfaces/cmake/lab_interfaces__rosidl_typesupport_cppExport-noconfig.cmake
[6.147s] -- Installing: /home/teehee/ros2_ws/src/lab_interfaces/install/lab_interfaces/share/lab_interfaces/cmake/export_lab_interfaces__rosidl_generator_pyExport.cmake
[6.147s] -- Installing: /home/teehee/ros2_ws/src/lab_interfaces/install/lab_interfaces/share/lab_interfaces/cmake/export_lab_interfaces__rosidl_generator_pyExport-noconfig.cmake
[6.147s] -- Installing: /home/teehee/ros2_ws/src/lab_interfaces/install/lab_interfaces/share/lab_interfaces/cmake/rosidl_cmake-extras.cmake
[6.148s] -- Installing: /home/teehee/ros2_ws/src/lab_interfaces/install/lab_interfaces/share/lab_interfaces/cmake/ament_cmake_export_include_directories-extras.cmake
[6.148s] -- Installing: /home/teehee/ros2_ws/src/lab_interfaces/install/lab_interfaces/share/lab_interfaces/cmake/ament_cmake_export_libraries-extras.cmake
[6.148s] -- Installing: /home/teehee/ros2_ws/src/lab_interfaces/install/lab_interfaces/share/lab_interfaces/cmake/ament_cmake_export_targets-extras.cmake
[6.148s] -- Installing: /home/teehee/ros2_ws/src/lab_interfaces/install/lab_interfaces/share/lab_interfaces/cmake/rosidl_cmake_export_typesupport_targets-extras.cmake
[6.149s] -- Installing: /home/teehee/ros2_ws/src/lab_interfaces/install/lab_interfaces/share/lab_interfaces/cmake/ament_cmake_export_dependencies-extras.cmake
[6.149s] -- Installing: /home/teehee/ros2_ws/src/lab_interfaces/install/lab_interfaces/share/lab_interfaces/cmake/rosidl_cmake_export_typesupport_libraries-extras.cmake
[6.150s] -- Installing: /home/teehee/ros2_ws/src/lab_interfaces/install/lab_interfaces/share/lab_interfaces/cmake/lab_interfacesConfig.cmake
[6.150s] -- Installing: /home/teehee/ros2_ws/src/lab_interfaces/install/lab_interfaces/share/lab_interfaces/cmake/lab_interfacesConfig-version.cmake
[6.150s] -- Installing: /home/teehee/ros2_ws/src/lab_interfaces/install/lab_interfaces/share/lab_interfaces/package.xml
[6.154s] Invoked command in '/home/teehee/ros2_ws/src/lab_interfaces/build/lab_interfaces' returned '0': CMAKE_PREFIX_PATH=${CMAKE_PREFIX_PATH}:/home/teehee/ros2_ws/install/tf2_pkg:/home/teehee/ros2_ws/install/labs_pkg:/home/teehee/ros2_ws/install/lab_exam2_pkg:/home/teehee/ros2_ws/install/example_pkg:/opt/ros/humble /usr/bin/cmake --install /home/teehee/ros2_ws/src/lab_interfaces/build/lab_interfaces
