[0.751s] Invoking command in '/home/teehee/ros2_ws/build/labs_pkg': CMAKE_PREFIX_PATH=/home/teehee/ros2_ws/install/lab_interfaces:/home/teehee/ros2_ws/install/labs_bringup PYTHONPATH=/home/teehee/ros2_ws/build/labs_pkg/prefix_override:/home/teehee/ros2_ws/install/labs_pkg/lib/python3.10/site-packages:${PYTHONPATH} /usr/bin/python3 setup.py develop --editable --build-directory /home/teehee/ros2_ws/build/labs_pkg/build --no-deps install_data
[1.001s] running develop
[1.002s] /usr/lib/python3/dist-packages/setuptools/command/easy_install.py:158: EasyInstallDeprecationWarning: easy_install command is deprecated. Use build and pip and other standards-based tools.
[1.002s]   warnings.warn(
[1.003s] /usr/lib/python3/dist-packages/setuptools/command/install.py:34: SetuptoolsDeprecationWarning: setup.py install is deprecated. Use build and pip and other standards-based tools.
[1.003s]   warnings.warn(
[1.150s] running egg_info
[1.153s] writing labs_pkg.egg-info/PKG-INFO
[1.153s] writing dependency_links to labs_pkg.egg-info/dependency_links.txt
[1.153s] writing entry points to labs_pkg.egg-info/entry_points.txt
[1.153s] writing requirements to labs_pkg.egg-info/requires.txt
[1.153s] writing top-level names to labs_pkg.egg-info/top_level.txt
[1.157s] reading manifest file 'labs_pkg.egg-info/SOURCES.txt'
[1.157s] writing manifest file 'labs_pkg.egg-info/SOURCES.txt'
[1.157s] running build_ext
[1.157s] Creating /home/teehee/ros2_ws/install/labs_pkg/lib/python3.10/site-packages/labs-pkg.egg-link (link to .)
[1.157s] Installing add2ints_client script to /home/teehee/ros2_ws/install/labs_pkg/lib/labs_pkg
[1.163s] Installing add2ints_client_no_oop script to /home/teehee/ros2_ws/install/labs_pkg/lib/labs_pkg
[1.165s] Installing add2ints_server script to /home/teehee/ros2_ws/install/labs_pkg/lib/labs_pkg
[1.168s] Installing array_adder script to /home/teehee/ros2_ws/install/labs_pkg/lib/labs_pkg
[1.168s] Installing control_turtle script to /home/teehee/ros2_ws/install/labs_pkg/lib/labs_pkg
[1.168s] Installing cumulative_adder script to /home/teehee/ros2_ws/install/labs_pkg/lib/labs_pkg
[1.168s] Installing integer_array_publisher script to /home/teehee/ros2_ws/install/labs_pkg/lib/labs_pkg
[1.168s] Installing integer_publisher script to /home/teehee/ros2_ws/install/labs_pkg/lib/labs_pkg
[1.168s] Installing my_listener script to /home/teehee/ros2_ws/install/labs_pkg/lib/labs_pkg
[1.168s] Installing my_talker script to /home/teehee/ros2_ws/install/labs_pkg/lib/labs_pkg
[1.172s] Installing spawn_turtles script to /home/teehee/ros2_ws/install/labs_pkg/lib/labs_pkg
[1.172s] Installing tb4_circles script to /home/teehee/ros2_ws/install/labs_pkg/lib/labs_pkg
[1.173s] Installing tb4_stop_at_wall script to /home/teehee/ros2_ws/install/labs_pkg/lib/labs_pkg
[1.173s] Installing turtle_monitor script to /home/teehee/ros2_ws/install/labs_pkg/lib/labs_pkg
[1.173s] Installing turtlesim_circles script to /home/teehee/ros2_ws/install/labs_pkg/lib/labs_pkg
[1.173s] Installing turtlesim_move script to /home/teehee/ros2_ws/install/labs_pkg/lib/labs_pkg
[1.174s] Installing turtlesim_scan script to /home/teehee/ros2_ws/install/labs_pkg/lib/labs_pkg
[1.174s] Installing turtlesim_stop_at_wall script to /home/teehee/ros2_ws/install/labs_pkg/lib/labs_pkg
[1.174s] Installing turtlesin_odom script to /home/teehee/ros2_ws/install/labs_pkg/lib/labs_pkg
[1.174s] Installing wall_dist_measurement script to /home/teehee/ros2_ws/install/labs_pkg/lib/labs_pkg
[1.174s] Installing wall_dist_measurement_server script to /home/teehee/ros2_ws/install/labs_pkg/lib/labs_pkg
[1.174s] Installing wall_dist_statistics script to /home/teehee/ros2_ws/install/labs_pkg/lib/labs_pkg
[1.175s] Installing wall_dist_statistics_client script to /home/teehee/ros2_ws/install/labs_pkg/lib/labs_pkg
[1.175s] 
[1.175s] Installed /home/teehee/ros2_ws/build/labs_pkg
[1.175s] running install_data
[1.201s] Invoked command in '/home/teehee/ros2_ws/build/labs_pkg' returned '0': CMAKE_PREFIX_PATH=/home/teehee/ros2_ws/install/lab_interfaces:/home/teehee/ros2_ws/install/labs_bringup PYTHONPATH=/home/teehee/ros2_ws/build/labs_pkg/prefix_override:/home/teehee/ros2_ws/install/labs_pkg/lib/python3.10/site-packages:${PYTHONPATH} /usr/bin/python3 setup.py develop --editable --build-directory /home/teehee/ros2_ws/build/labs_pkg/build --no-deps install_data
