[0.047s] Invoking command in '/home/teehee/ros2_ws/src/lab6/build/action_interfaces': CMAKE_PREFIX_PATH=${CMAKE_PREFIX_PATH}:/home/teehee/ros2_ws/install/tf2_pkg:/home/teehee/ros2_ws/install/pylab_exam1:/home/teehee/ros2_ws/install/pylab05:/home/teehee/ros2_ws/install/pylab04:/home/teehee/ros2_ws/install/labs_pkg:/home/teehee/ros2_ws/install/labex6:/home/teehee/ros2_ws/install/lab_exam2_pkg:/home/teehee/ros2_ws/install/example_pkg:/opt/ros/humble /usr/bin/cmake --build /home/teehee/ros2_ws/src/lab6/build/action_interfaces -- -j8 -l8
[0.111s] -- Found ament_cmake: 1.3.8 (/opt/ros/humble/share/ament_cmake/cmake)
[0.231s] -- Found ament_lint_auto: 0.12.10 (/opt/ros/humble/share/ament_lint_auto/cmake)
[0.310s] -- Found rosidl_default_generators: 1.2.0 (/opt/ros/humble/share/rosidl_default_generators/cmake)
[0.323s] -- Using all available rosidl_typesupport_c: rosidl_typesupport_fastrtps_c;rosidl_typesupport_introspection_c
[0.323s] -- Found rosidl_adapter: 3.1.5 (/opt/ros/humble/share/rosidl_adapter/cmake)
[0.339s] -- Using all available rosidl_typesupport_cpp: rosidl_typesupport_fastrtps_cpp;rosidl_typesupport_introspection_cpp
[0.730s] -- Found ament_cmake_ros: 0.10.0 (/opt/ros/humble/share/ament_cmake_ros/cmake)
[0.935s] -- Using all available rosidl_typesupport_c: rosidl_typesupport_fastrtps_c;rosidl_typesupport_introspection_c
[1.203s] -- Using all available rosidl_typesupport_cpp: rosidl_typesupport_fastrtps_cpp;rosidl_typesupport_introspection_cpp
[1.217s] -- Found python_cmake_module: 0.10.0 (/opt/ros/humble/share/python_cmake_module/cmake)
[1.235s] -- Using PYTHON_EXECUTABLE: /usr/bin/python3
[1.235s] -- Using PYTHON_INCLUDE_DIRS: /usr/include/python3.10
[1.235s] -- Using PYTHON_LIBRARIES: /usr/lib/x86_64-linux-gnu/libpython3.10.so
[1.291s] -- Added test 'lint_cmake' to check CMake code style
[1.292s] -- Added test 'xmllint' to check XML markup files
[1.299s] -- Configuring done
[1.328s] -- Generating done
[1.332s] -- Build files have been written to: /home/teehee/ros2_ws/src/lab6/build/action_interfaces
[1.359s] [  2%] [34m[1mGenerating C++ code for ROS interfaces[0m
[1.822s] [  2%] Built target action_interfaces__cpp
[1.842s] [  2%] Built target ament_cmake_python_copy_action_interfaces
[1.850s] [  4%] [34m[1mGenerating C++ introspection for ROS interfaces[0m
[2.153s] [35m[1mConsolidate compiler generated dependencies of target action_interfaces__rosidl_typesupport_introspection_cpp[0m
[2.165s] [  6%] [32mBuilding CXX object CMakeFiles/action_interfaces__rosidl_typesupport_introspection_cpp.dir/rosidl_typesupport_introspection_cpp/action_interfaces/action/detail/fibonacci__type_support.cpp.o[0m
[2.496s] [  8%] [32mBuilding CXX object CMakeFiles/action_interfaces__rosidl_typesupport_introspection_cpp.dir/rosidl_typesupport_introspection_cpp/action_interfaces/action/detail/maze__type_support.cpp.o[0m
[2.807s] [ 10%] [32mBuilding CXX object CMakeFiles/action_interfaces__rosidl_typesupport_introspection_cpp.dir/rosidl_typesupport_introspection_cpp/action_interfaces/action/detail/bubblesort__type_support.cpp.o[0m
[3.100s] [ 12%] [32m[1mLinking CXX shared library libaction_interfaces__rosidl_typesupport_introspection_cpp.so[0m
[3.152s] [ 12%] Built target action_interfaces__rosidl_typesupport_introspection_cpp
[3.289s] running egg_info
[3.290s] writing action_interfaces.egg-info/PKG-INFO
[3.290s] writing dependency_links to action_interfaces.egg-info/dependency_links.txt
[3.291s] writing top-level names to action_interfaces.egg-info/top_level.txt
[3.292s] reading manifest file 'action_interfaces.egg-info/SOURCES.txt'
[3.292s] writing manifest file 'action_interfaces.egg-info/SOURCES.txt'
[3.308s] [ 12%] Built target ament_cmake_python_build_action_interfaces_egg
[3.319s] [ 14%] [34m[1mGenerating C++ type support for eProsima Fast-RTPS[0m
[3.695s] [35m[1mConsolidate compiler generated dependencies of target action_interfaces__rosidl_typesupport_fastrtps_cpp[0m
[3.706s] [ 17%] [32mBuilding CXX object CMakeFiles/action_interfaces__rosidl_typesupport_fastrtps_cpp.dir/rosidl_typesupport_fastrtps_cpp/action_interfaces/action/detail/dds_fastrtps/fibonacci__type_support.cpp.o[0m
[4.010s] [ 19%] [32mBuilding CXX object CMakeFiles/action_interfaces__rosidl_typesupport_fastrtps_cpp.dir/rosidl_typesupport_fastrtps_cpp/action_interfaces/action/detail/dds_fastrtps/maze__type_support.cpp.o[0m
[4.332s] [ 21%] [32mBuilding CXX object CMakeFiles/action_interfaces__rosidl_typesupport_fastrtps_cpp.dir/rosidl_typesupport_fastrtps_cpp/action_interfaces/action/detail/dds_fastrtps/bubblesort__type_support.cpp.o[0m
[4.614s] [ 23%] [32m[1mLinking CXX shared library libaction_interfaces__rosidl_typesupport_fastrtps_cpp.so[0m
[4.673s] [ 23%] Built target action_interfaces__rosidl_typesupport_fastrtps_cpp
[4.681s] [ 25%] [34m[1mGenerating C++ type support dispatch for ROS interfaces[0m
[4.905s] [35m[1mConsolidate compiler generated dependencies of target action_interfaces__rosidl_typesupport_cpp[0m
[4.915s] [ 27%] [32mBuilding CXX object CMakeFiles/action_interfaces__rosidl_typesupport_cpp.dir/rosidl_typesupport_cpp/action_interfaces/action/fibonacci__type_support.cpp.o[0m
[5.124s] [ 29%] [32mBuilding CXX object CMakeFiles/action_interfaces__rosidl_typesupport_cpp.dir/rosidl_typesupport_cpp/action_interfaces/action/maze__type_support.cpp.o[0m
[5.326s] [ 31%] [32mBuilding CXX object CMakeFiles/action_interfaces__rosidl_typesupport_cpp.dir/rosidl_typesupport_cpp/action_interfaces/action/bubblesort__type_support.cpp.o[0m
[5.539s] [ 34%] [32m[1mLinking CXX shared library libaction_interfaces__rosidl_typesupport_cpp.so[0m
[5.568s] [ 34%] Built target action_interfaces__rosidl_typesupport_cpp
[5.576s] [ 36%] [34m[1mGenerating C code for ROS interfaces[0m
[6.051s] [35m[1mConsolidate compiler generated dependencies of target action_interfaces__rosidl_generator_c[0m
[6.064s] [ 38%] [32mBuilding C object CMakeFiles/action_interfaces__rosidl_generator_c.dir/rosidl_generator_c/action_interfaces/action/detail/fibonacci__functions.c.o[0m
[6.134s] [ 40%] [32mBuilding C object CMakeFiles/action_interfaces__rosidl_generator_c.dir/rosidl_generator_c/action_interfaces/action/detail/maze__functions.c.o[0m
[6.210s] [ 42%] [32mBuilding C object CMakeFiles/action_interfaces__rosidl_generator_c.dir/rosidl_generator_c/action_interfaces/action/detail/bubblesort__functions.c.o[0m
[6.284s] [ 44%] [32m[1mLinking C shared library libaction_interfaces__rosidl_generator_c.so[0m
[6.311s] [ 44%] Built target action_interfaces__rosidl_generator_c
[6.318s] [ 46%] [34m[1mGenerating C type support for eProsima Fast-RTPS[0m
[6.682s] [35m[1mConsolidate compiler generated dependencies of target action_interfaces__rosidl_typesupport_fastrtps_c[0m
[6.692s] [ 48%] [32mBuilding CXX object CMakeFiles/action_interfaces__rosidl_typesupport_fastrtps_c.dir/rosidl_typesupport_fastrtps_c/action_interfaces/action/detail/fibonacci__type_support_c.cpp.o[0m
[6.877s] [ 51%] [32mBuilding CXX object CMakeFiles/action_interfaces__rosidl_typesupport_fastrtps_c.dir/rosidl_typesupport_fastrtps_c/action_interfaces/action/detail/maze__type_support_c.cpp.o[0m
[7.058s] [ 53%] [32mBuilding CXX object CMakeFiles/action_interfaces__rosidl_typesupport_fastrtps_c.dir/rosidl_typesupport_fastrtps_c/action_interfaces/action/detail/bubblesort__type_support_c.cpp.o[0m
[7.246s] [ 55%] [32m[1mLinking CXX shared library libaction_interfaces__rosidl_typesupport_fastrtps_c.so[0m
[7.292s] [ 55%] Built target action_interfaces__rosidl_typesupport_fastrtps_c
[7.300s] [ 57%] [34m[1mGenerating C type support dispatch for ROS interfaces[0m
[7.516s] [35m[1mConsolidate compiler generated dependencies of target action_interfaces__rosidl_typesupport_c[0m
[7.526s] [ 59%] [32mBuilding CXX object CMakeFiles/action_interfaces__rosidl_typesupport_c.dir/rosidl_typesupport_c/action_interfaces/action/fibonacci__type_support.cpp.o[0m
[7.552s] [ 61%] [32mBuilding CXX object CMakeFiles/action_interfaces__rosidl_typesupport_c.dir/rosidl_typesupport_c/action_interfaces/action/maze__type_support.cpp.o[0m
[7.580s] [ 63%] [32mBuilding CXX object CMakeFiles/action_interfaces__rosidl_typesupport_c.dir/rosidl_typesupport_c/action_interfaces/action/bubblesort__type_support.cpp.o[0m
[7.612s] [ 65%] [32m[1mLinking CXX shared library libaction_interfaces__rosidl_typesupport_c.so[0m
[7.646s] [ 65%] Built target action_interfaces__rosidl_typesupport_c
[7.653s] [ 68%] [34m[1mGenerating C introspection for ROS interfaces[0m
[7.971s] [35m[1mConsolidate compiler generated dependencies of target action_interfaces__rosidl_typesupport_introspection_c[0m
[7.980s] [ 70%] [32mBuilding C object CMakeFiles/action_interfaces__rosidl_typesupport_introspection_c.dir/rosidl_typesupport_introspection_c/action_interfaces/action/detail/fibonacci__type_support.c.o[0m
[8.012s] [ 72%] [32mBuilding C object CMakeFiles/action_interfaces__rosidl_typesupport_introspection_c.dir/rosidl_typesupport_introspection_c/action_interfaces/action/detail/maze__type_support.c.o[0m
[8.047s] [ 74%] [32mBuilding C object CMakeFiles/action_interfaces__rosidl_typesupport_introspection_c.dir/rosidl_typesupport_introspection_c/action_interfaces/action/detail/bubblesort__type_support.c.o[0m
[8.079s] [ 76%] [32m[1mLinking C shared library libaction_interfaces__rosidl_typesupport_introspection_c.so[0m
[8.101s] [ 76%] Built target action_interfaces__rosidl_typesupport_introspection_c
[8.119s] [ 76%] Built target action_interfaces
[8.135s] [ 78%] [34m[1mGenerating Python code for ROS interfaces[0m
[8.948s] [ 78%] Built target action_interfaces__py
[8.957s] [35m[1mConsolidate compiler generated dependencies of target action_interfaces__rosidl_generator_py[0m
[8.971s] [ 80%] [32mBuilding C object CMakeFiles/action_interfaces__rosidl_generator_py.dir/rosidl_generator_py/action_interfaces/action/_fibonacci_s.c.o[0m
[9.069s] [ 82%] [32mBuilding C object CMakeFiles/action_interfaces__rosidl_generator_py.dir/rosidl_generator_py/action_interfaces/action/_maze_s.c.o[0m
[9.161s] [ 85%] [32mBuilding C object CMakeFiles/action_interfaces__rosidl_generator_py.dir/rosidl_generator_py/action_interfaces/action/_bubblesort_s.c.o[0m
[9.246s] [ 87%] [32m[1mLinking C shared library rosidl_generator_py/action_interfaces/libaction_interfaces__rosidl_generator_py.so[0m
[9.275s] [ 87%] Built target action_interfaces__rosidl_generator_py
[9.283s] [35m[1mConsolidate compiler generated dependencies of target action_interfaces__rosidl_typesupport_fastrtps_c__pyext[0m
[9.293s] [ 89%] [32mBuilding C object CMakeFiles/action_interfaces__rosidl_typesupport_fastrtps_c__pyext.dir/rosidl_generator_py/action_interfaces/_action_interfaces_s.ep.rosidl_typesupport_fastrtps_c.c.o[0m
[9.401s] [ 91%] [32m[1mLinking C shared library rosidl_generator_py/action_interfaces/action_interfaces_s__rosidl_typesupport_fastrtps_c.cpython-310-x86_64-linux-gnu.so[0m
[9.432s] [ 91%] Built target action_interfaces__rosidl_typesupport_fastrtps_c__pyext
[9.441s] [35m[1mConsolidate compiler generated dependencies of target action_interfaces__rosidl_typesupport_c__pyext[0m
[9.450s] [ 93%] [32mBuilding C object CMakeFiles/action_interfaces__rosidl_typesupport_c__pyext.dir/rosidl_generator_py/action_interfaces/_action_interfaces_s.ep.rosidl_typesupport_c.c.o[0m
[9.543s] [ 95%] [32m[1mLinking C shared library rosidl_generator_py/action_interfaces/action_interfaces_s__rosidl_typesupport_c.cpython-310-x86_64-linux-gnu.so[0m
[9.571s] [ 95%] Built target action_interfaces__rosidl_typesupport_c__pyext
[9.580s] [35m[1mConsolidate compiler generated dependencies of target action_interfaces__rosidl_typesupport_introspection_c__pyext[0m
[9.603s] [ 97%] [32mBuilding C object CMakeFiles/action_interfaces__rosidl_typesupport_introspection_c__pyext.dir/rosidl_generator_py/action_interfaces/_action_interfaces_s.ep.rosidl_typesupport_introspection_c.c.o[0m
[9.732s] [100%] [32m[1mLinking C shared library rosidl_generator_py/action_interfaces/action_interfaces_s__rosidl_typesupport_introspection_c.cpython-310-x86_64-linux-gnu.so[0m
[9.759s] [100%] Built target action_interfaces__rosidl_typesupport_introspection_c__pyext
[9.769s] Invoked command in '/home/teehee/ros2_ws/src/lab6/build/action_interfaces' returned '0': CMAKE_PREFIX_PATH=${CMAKE_PREFIX_PATH}:/home/teehee/ros2_ws/install/tf2_pkg:/home/teehee/ros2_ws/install/pylab_exam1:/home/teehee/ros2_ws/install/pylab05:/home/teehee/ros2_ws/install/pylab04:/home/teehee/ros2_ws/install/labs_pkg:/home/teehee/ros2_ws/install/labex6:/home/teehee/ros2_ws/install/lab_exam2_pkg:/home/teehee/ros2_ws/install/example_pkg:/opt/ros/humble /usr/bin/cmake --build /home/teehee/ros2_ws/src/lab6/build/action_interfaces -- -j8 -l8
[9.926s] Invoking command in '/home/teehee/ros2_ws/src/lab6/build/action_interfaces': CMAKE_PREFIX_PATH=${CMAKE_PREFIX_PATH}:/home/teehee/ros2_ws/install/tf2_pkg:/home/teehee/ros2_ws/install/pylab_exam1:/home/teehee/ros2_ws/install/pylab05:/home/teehee/ros2_ws/install/pylab04:/home/teehee/ros2_ws/install/labs_pkg:/home/teehee/ros2_ws/install/labex6:/home/teehee/ros2_ws/install/lab_exam2_pkg:/home/teehee/ros2_ws/install/example_pkg:/opt/ros/humble /usr/bin/cmake --install /home/teehee/ros2_ws/src/lab6/build/action_interfaces
[9.932s] -- Install configuration: ""
[9.932s] -- Up-to-date: /home/teehee/ros2_ws/src/lab6/install/action_interfaces/share/ament_index/resource_index/rosidl_interfaces/action_interfaces
[9.933s] -- Up-to-date: /home/teehee/ros2_ws/src/lab6/install/action_interfaces/include/action_interfaces/action_interfaces
[9.933s] -- Up-to-date: /home/teehee/ros2_ws/src/lab6/install/action_interfaces/include/action_interfaces/action_interfaces/action
[9.933s] -- Up-to-date: /home/teehee/ros2_ws/src/lab6/install/action_interfaces/include/action_interfaces/action_interfaces/action/detail
[9.934s] -- Installing: /home/teehee/ros2_ws/src/lab6/install/action_interfaces/include/action_interfaces/action_interfaces/action/detail/maze__functions.c
[9.936s] -- Installing: /home/teehee/ros2_ws/src/lab6/install/action_interfaces/include/action_interfaces/action_interfaces/action/detail/fibonacci__functions.h
[9.937s] -- Installing: /home/teehee/ros2_ws/src/lab6/install/action_interfaces/include/action_interfaces/action_interfaces/action/detail/bubblesort__type_support.h
[9.938s] -- Installing: /home/teehee/ros2_ws/src/lab6/install/action_interfaces/include/action_interfaces/action_interfaces/action/detail/maze__functions.h
[9.940s] -- Installing: /home/teehee/ros2_ws/src/lab6/install/action_interfaces/include/action_interfaces/action_interfaces/action/detail/fibonacci__functions.c
[9.942s] -- Installing: /home/teehee/ros2_ws/src/lab6/install/action_interfaces/include/action_interfaces/action_interfaces/action/detail/bubblesort__functions.c
[9.943s] -- Installing: /home/teehee/ros2_ws/src/lab6/install/action_interfaces/include/action_interfaces/action_interfaces/action/detail/bubblesort__struct.h
[9.944s] -- Installing: /home/teehee/ros2_ws/src/lab6/install/action_interfaces/include/action_interfaces/action_interfaces/action/detail/maze__type_support.h
[9.945s] -- Installing: /home/teehee/ros2_ws/src/lab6/install/action_interfaces/include/action_interfaces/action_interfaces/action/detail/fibonacci__struct.h
[9.945s] -- Installing: /home/teehee/ros2_ws/src/lab6/install/action_interfaces/include/action_interfaces/action_interfaces/action/detail/maze__struct.h
[9.945s] -- Installing: /home/teehee/ros2_ws/src/lab6/install/action_interfaces/include/action_interfaces/action_interfaces/action/detail/bubblesort__functions.h
[9.945s] -- Installing: /home/teehee/ros2_ws/src/lab6/install/action_interfaces/include/action_interfaces/action_interfaces/action/detail/fibonacci__type_support.h
[9.945s] -- Installing: /home/teehee/ros2_ws/src/lab6/install/action_interfaces/include/action_interfaces/action_interfaces/action/maze.h
[9.945s] -- Installing: /home/teehee/ros2_ws/src/lab6/install/action_interfaces/include/action_interfaces/action_interfaces/action/fibonacci.h
[9.945s] -- Installing: /home/teehee/ros2_ws/src/lab6/install/action_interfaces/include/action_interfaces/action_interfaces/action/bubblesort.h
[9.946s] -- Up-to-date: /home/teehee/ros2_ws/src/lab6/install/action_interfaces/include/action_interfaces/action_interfaces/msg
[9.946s] -- Up-to-date: /home/teehee/ros2_ws/src/lab6/install/action_interfaces/include/action_interfaces/action_interfaces/msg/rosidl_generator_c__visibility_control.h
[9.946s] -- Up-to-date: /home/teehee/ros2_ws/src/lab6/install/action_interfaces/share/action_interfaces/environment/library_path.sh
[9.946s] -- Installing: /home/teehee/ros2_ws/src/lab6/install/action_interfaces/share/action_interfaces/environment/library_path.dsv
[9.946s] -- Installing: /home/teehee/ros2_ws/src/lab6/install/action_interfaces/lib/libaction_interfaces__rosidl_generator_c.so
[9.946s] -- Set runtime path of "/home/teehee/ros2_ws/src/lab6/install/action_interfaces/lib/libaction_interfaces__rosidl_generator_c.so" to ""
[9.946s] -- Up-to-date: /home/teehee/ros2_ws/src/lab6/install/action_interfaces/include/action_interfaces/action_interfaces
[9.946s] -- Up-to-date: /home/teehee/ros2_ws/src/lab6/install/action_interfaces/include/action_interfaces/action_interfaces/action
[9.946s] -- Up-to-date: /home/teehee/ros2_ws/src/lab6/install/action_interfaces/include/action_interfaces/action_interfaces/action/detail
[9.946s] -- Installing: /home/teehee/ros2_ws/src/lab6/install/action_interfaces/include/action_interfaces/action_interfaces/action/detail/maze__rosidl_typesupport_fastrtps_c.h
[9.947s] -- Installing: /home/teehee/ros2_ws/src/lab6/install/action_interfaces/include/action_interfaces/action_interfaces/action/detail/bubblesort__rosidl_typesupport_fastrtps_c.h
[9.947s] -- Installing: /home/teehee/ros2_ws/src/lab6/install/action_interfaces/include/action_interfaces/action_interfaces/action/detail/fibonacci__rosidl_typesupport_fastrtps_c.h
[9.947s] -- Up-to-date: /home/teehee/ros2_ws/src/lab6/install/action_interfaces/include/action_interfaces/action_interfaces/msg
[9.947s] -- Up-to-date: /home/teehee/ros2_ws/src/lab6/install/action_interfaces/include/action_interfaces/action_interfaces/msg/rosidl_typesupport_fastrtps_c__visibility_control.h
[9.947s] -- Installing: /home/teehee/ros2_ws/src/lab6/install/action_interfaces/lib/libaction_interfaces__rosidl_typesupport_fastrtps_c.so
[9.947s] -- Set runtime path of "/home/teehee/ros2_ws/src/lab6/install/action_interfaces/lib/libaction_interfaces__rosidl_typesupport_fastrtps_c.so" to ""
[9.947s] -- Up-to-date: /home/teehee/ros2_ws/src/lab6/install/action_interfaces/include/action_interfaces/action_interfaces
[9.947s] -- Up-to-date: /home/teehee/ros2_ws/src/lab6/install/action_interfaces/include/action_interfaces/action_interfaces/action
[9.947s] -- Up-to-date: /home/teehee/ros2_ws/src/lab6/install/action_interfaces/include/action_interfaces/action_interfaces/action/detail
[9.947s] -- Installing: /home/teehee/ros2_ws/src/lab6/install/action_interfaces/include/action_interfaces/action_interfaces/action/detail/fibonacci__rosidl_typesupport_introspection_c.h
[9.947s] -- Installing: /home/teehee/ros2_ws/src/lab6/install/action_interfaces/include/action_interfaces/action_interfaces/action/detail/maze__rosidl_typesupport_introspection_c.h
[9.948s] -- Installing: /home/teehee/ros2_ws/src/lab6/install/action_interfaces/include/action_interfaces/action_interfaces/action/detail/bubblesort__rosidl_typesupport_introspection_c.h
[9.948s] -- Installing: /home/teehee/ros2_ws/src/lab6/install/action_interfaces/include/action_interfaces/action_interfaces/action/detail/maze__type_support.c
[9.948s] -- Installing: /home/teehee/ros2_ws/src/lab6/install/action_interfaces/include/action_interfaces/action_interfaces/action/detail/bubblesort__type_support.c
[9.948s] -- Installing: /home/teehee/ros2_ws/src/lab6/install/action_interfaces/include/action_interfaces/action_interfaces/action/detail/fibonacci__type_support.c
[9.948s] -- Up-to-date: /home/teehee/ros2_ws/src/lab6/install/action_interfaces/include/action_interfaces/action_interfaces/msg
[9.948s] -- Up-to-date: /home/teehee/ros2_ws/src/lab6/install/action_interfaces/include/action_interfaces/action_interfaces/msg/rosidl_typesupport_introspection_c__visibility_control.h
[9.948s] -- Installing: /home/teehee/ros2_ws/src/lab6/install/action_interfaces/lib/libaction_interfaces__rosidl_typesupport_introspection_c.so
[9.948s] -- Set runtime path of "/home/teehee/ros2_ws/src/lab6/install/action_interfaces/lib/libaction_interfaces__rosidl_typesupport_introspection_c.so" to ""
[9.948s] -- Installing: /home/teehee/ros2_ws/src/lab6/install/action_interfaces/lib/libaction_interfaces__rosidl_typesupport_c.so
[9.948s] -- Set runtime path of "/home/teehee/ros2_ws/src/lab6/install/action_interfaces/lib/libaction_interfaces__rosidl_typesupport_c.so" to ""
[9.948s] -- Up-to-date: /home/teehee/ros2_ws/src/lab6/install/action_interfaces/include/action_interfaces/action_interfaces
[9.948s] -- Up-to-date: /home/teehee/ros2_ws/src/lab6/install/action_interfaces/include/action_interfaces/action_interfaces/action
[9.948s] -- Installing: /home/teehee/ros2_ws/src/lab6/install/action_interfaces/include/action_interfaces/action_interfaces/action/maze.hpp
[9.948s] -- Installing: /home/teehee/ros2_ws/src/lab6/install/action_interfaces/include/action_interfaces/action_interfaces/action/fibonacci.hpp
[9.948s] -- Up-to-date: /home/teehee/ros2_ws/src/lab6/install/action_interfaces/include/action_interfaces/action_interfaces/action/detail
[9.948s] -- Installing: /home/teehee/ros2_ws/src/lab6/install/action_interfaces/include/action_interfaces/action_interfaces/action/detail/maze__builder.hpp
[9.948s] -- Installing: /home/teehee/ros2_ws/src/lab6/install/action_interfaces/include/action_interfaces/action_interfaces/action/detail/fibonacci__builder.hpp
[9.949s] -- Installing: /home/teehee/ros2_ws/src/lab6/install/action_interfaces/include/action_interfaces/action_interfaces/action/detail/bubblesort__builder.hpp
[9.949s] -- Installing: /home/teehee/ros2_ws/src/lab6/install/action_interfaces/include/action_interfaces/action_interfaces/action/detail/maze__traits.hpp
[9.949s] -- Installing: /home/teehee/ros2_ws/src/lab6/install/action_interfaces/include/action_interfaces/action_interfaces/action/detail/fibonacci__traits.hpp
[9.949s] -- Installing: /home/teehee/ros2_ws/src/lab6/install/action_interfaces/include/action_interfaces/action_interfaces/action/detail/bubblesort__struct.hpp
[9.949s] -- Installing: /home/teehee/ros2_ws/src/lab6/install/action_interfaces/include/action_interfaces/action_interfaces/action/detail/maze__struct.hpp
[9.949s] -- Installing: /home/teehee/ros2_ws/src/lab6/install/action_interfaces/include/action_interfaces/action_interfaces/action/detail/bubblesort__traits.hpp
[9.949s] -- Installing: /home/teehee/ros2_ws/src/lab6/install/action_interfaces/include/action_interfaces/action_interfaces/action/detail/fibonacci__struct.hpp
[9.949s] -- Installing: /home/teehee/ros2_ws/src/lab6/install/action_interfaces/include/action_interfaces/action_interfaces/action/bubblesort.hpp
[9.949s] -- Up-to-date: /home/teehee/ros2_ws/src/lab6/install/action_interfaces/include/action_interfaces/action_interfaces
[9.949s] -- Up-to-date: /home/teehee/ros2_ws/src/lab6/install/action_interfaces/include/action_interfaces/action_interfaces/action
[9.949s] -- Up-to-date: /home/teehee/ros2_ws/src/lab6/install/action_interfaces/include/action_interfaces/action_interfaces/action/detail
[9.949s] -- Installing: /home/teehee/ros2_ws/src/lab6/install/action_interfaces/include/action_interfaces/action_interfaces/action/detail/maze__rosidl_typesupport_fastrtps_cpp.hpp
[9.949s] -- Up-to-date: /home/teehee/ros2_ws/src/lab6/install/action_interfaces/include/action_interfaces/action_interfaces/action/detail/dds_fastrtps
[9.949s] -- Installing: /home/teehee/ros2_ws/src/lab6/install/action_interfaces/include/action_interfaces/action_interfaces/action/detail/bubblesort__rosidl_typesupport_fastrtps_cpp.hpp
[9.949s] -- Installing: /home/teehee/ros2_ws/src/lab6/install/action_interfaces/include/action_interfaces/action_interfaces/action/detail/fibonacci__rosidl_typesupport_fastrtps_cpp.hpp
[9.949s] -- Up-to-date: /home/teehee/ros2_ws/src/lab6/install/action_interfaces/include/action_interfaces/action_interfaces/msg
[9.949s] -- Up-to-date: /home/teehee/ros2_ws/src/lab6/install/action_interfaces/include/action_interfaces/action_interfaces/msg/rosidl_typesupport_fastrtps_cpp__visibility_control.h
[9.950s] -- Installing: /home/teehee/ros2_ws/src/lab6/install/action_interfaces/lib/libaction_interfaces__rosidl_typesupport_fastrtps_cpp.so
[9.950s] -- Set runtime path of "/home/teehee/ros2_ws/src/lab6/install/action_interfaces/lib/libaction_interfaces__rosidl_typesupport_fastrtps_cpp.so" to ""
[9.950s] -- Up-to-date: /home/teehee/ros2_ws/src/lab6/install/action_interfaces/include/action_interfaces/action_interfaces
[9.950s] -- Up-to-date: /home/teehee/ros2_ws/src/lab6/install/action_interfaces/include/action_interfaces/action_interfaces/action
[9.950s] -- Up-to-date: /home/teehee/ros2_ws/src/lab6/install/action_interfaces/include/action_interfaces/action_interfaces/action/detail
[9.950s] -- Installing: /home/teehee/ros2_ws/src/lab6/install/action_interfaces/include/action_interfaces/action_interfaces/action/detail/fibonacci__rosidl_typesupport_introspection_cpp.hpp
[9.950s] -- Installing: /home/teehee/ros2_ws/src/lab6/install/action_interfaces/include/action_interfaces/action_interfaces/action/detail/bubblesort__type_support.cpp
[9.950s] -- Installing: /home/teehee/ros2_ws/src/lab6/install/action_interfaces/include/action_interfaces/action_interfaces/action/detail/bubblesort__rosidl_typesupport_introspection_cpp.hpp
[9.950s] -- Installing: /home/teehee/ros2_ws/src/lab6/install/action_interfaces/include/action_interfaces/action_interfaces/action/detail/maze__type_support.cpp
[9.950s] -- Installing: /home/teehee/ros2_ws/src/lab6/install/action_interfaces/include/action_interfaces/action_interfaces/action/detail/fibonacci__type_support.cpp
[9.950s] -- Installing: /home/teehee/ros2_ws/src/lab6/install/action_interfaces/include/action_interfaces/action_interfaces/action/detail/maze__rosidl_typesupport_introspection_cpp.hpp
[9.950s] -- Installing: /home/teehee/ros2_ws/src/lab6/install/action_interfaces/lib/libaction_interfaces__rosidl_typesupport_introspection_cpp.so
[9.950s] -- Set runtime path of "/home/teehee/ros2_ws/src/lab6/install/action_interfaces/lib/libaction_interfaces__rosidl_typesupport_introspection_cpp.so" to ""
[9.950s] -- Installing: /home/teehee/ros2_ws/src/lab6/install/action_interfaces/lib/libaction_interfaces__rosidl_typesupport_cpp.so
[9.951s] -- Set runtime path of "/home/teehee/ros2_ws/src/lab6/install/action_interfaces/lib/libaction_interfaces__rosidl_typesupport_cpp.so" to ""
[9.951s] -- Up-to-date: /home/teehee/ros2_ws/src/lab6/install/action_interfaces/share/action_interfaces/environment/pythonpath.sh
[9.951s] -- Installing: /home/teehee/ros2_ws/src/lab6/install/action_interfaces/share/action_interfaces/environment/pythonpath.dsv
[9.951s] -- Up-to-date: /home/teehee/ros2_ws/src/lab6/install/action_interfaces/local/lib/python3.10/dist-packages/action_interfaces-0.0.0-py3.10.egg-info
[9.951s] -- Installing: /home/teehee/ros2_ws/src/lab6/install/action_interfaces/local/lib/python3.10/dist-packages/action_interfaces-0.0.0-py3.10.egg-info/SOURCES.txt
[9.951s] -- Installing: /home/teehee/ros2_ws/src/lab6/install/action_interfaces/local/lib/python3.10/dist-packages/action_interfaces-0.0.0-py3.10.egg-info/dependency_links.txt
[9.951s] -- Installing: /home/teehee/ros2_ws/src/lab6/install/action_interfaces/local/lib/python3.10/dist-packages/action_interfaces-0.0.0-py3.10.egg-info/PKG-INFO
[9.951s] -- Installing: /home/teehee/ros2_ws/src/lab6/install/action_interfaces/local/lib/python3.10/dist-packages/action_interfaces-0.0.0-py3.10.egg-info/top_level.txt
[9.951s] -- Up-to-date: /home/teehee/ros2_ws/src/lab6/install/action_interfaces/local/lib/python3.10/dist-packages/action_interfaces
[9.951s] -- Installing: /home/teehee/ros2_ws/src/lab6/install/action_interfaces/local/lib/python3.10/dist-packages/action_interfaces/_action_interfaces_s.ep.rosidl_typesupport_c.c
[9.951s] -- Installing: /home/teehee/ros2_ws/src/lab6/install/action_interfaces/local/lib/python3.10/dist-packages/action_interfaces/_action_interfaces_s.ep.rosidl_typesupport_introspection_c.c
[9.951s] -- Installing: /home/teehee/ros2_ws/src/lab6/install/action_interfaces/local/lib/python3.10/dist-packages/action_interfaces/__init__.py
[9.951s] -- Installing: /home/teehee/ros2_ws/src/lab6/install/action_interfaces/local/lib/python3.10/dist-packages/action_interfaces/action_interfaces_s__rosidl_typesupport_fastrtps_c.cpython-310-x86_64-linux-gnu.so
[9.951s] -- Installing: /home/teehee/ros2_ws/src/lab6/install/action_interfaces/local/lib/python3.10/dist-packages/action_interfaces/_action_interfaces_s.ep.rosidl_typesupport_fastrtps_c.c
[9.952s] -- Installing: /home/teehee/ros2_ws/src/lab6/install/action_interfaces/local/lib/python3.10/dist-packages/action_interfaces/libaction_interfaces__rosidl_generator_py.so
[9.952s] -- Installing: /home/teehee/ros2_ws/src/lab6/install/action_interfaces/local/lib/python3.10/dist-packages/action_interfaces/action_interfaces_s__rosidl_typesupport_introspection_c.cpython-310-x86_64-linux-gnu.so
[9.952s] -- Installing: /home/teehee/ros2_ws/src/lab6/install/action_interfaces/local/lib/python3.10/dist-packages/action_interfaces/action_interfaces_s__rosidl_typesupport_c.cpython-310-x86_64-linux-gnu.so
[9.952s] -- Up-to-date: /home/teehee/ros2_ws/src/lab6/install/action_interfaces/local/lib/python3.10/dist-packages/action_interfaces/action
[9.952s] -- Installing: /home/teehee/ros2_ws/src/lab6/install/action_interfaces/local/lib/python3.10/dist-packages/action_interfaces/action/_maze_s.c
[9.952s] -- Installing: /home/teehee/ros2_ws/src/lab6/install/action_interfaces/local/lib/python3.10/dist-packages/action_interfaces/action/__init__.py
[9.952s] -- Installing: /home/teehee/ros2_ws/src/lab6/install/action_interfaces/local/lib/python3.10/dist-packages/action_interfaces/action/_fibonacci.py
[9.952s] -- Installing: /home/teehee/ros2_ws/src/lab6/install/action_interfaces/local/lib/python3.10/dist-packages/action_interfaces/action/_fibonacci_s.c
[9.952s] -- Installing: /home/teehee/ros2_ws/src/lab6/install/action_interfaces/local/lib/python3.10/dist-packages/action_interfaces/action/_maze.py
[9.953s] -- Installing: /home/teehee/ros2_ws/src/lab6/install/action_interfaces/local/lib/python3.10/dist-packages/action_interfaces/action/_bubblesort_s.c
[9.953s] -- Installing: /home/teehee/ros2_ws/src/lab6/install/action_interfaces/local/lib/python3.10/dist-packages/action_interfaces/action/_bubblesort.py
[9.982s] Listing '/home/teehee/ros2_ws/src/lab6/install/action_interfaces/local/lib/python3.10/dist-packages/action_interfaces'...
[9.982s] Compiling '/home/teehee/ros2_ws/src/lab6/install/action_interfaces/local/lib/python3.10/dist-packages/action_interfaces/__init__.py'...
[9.982s] Listing '/home/teehee/ros2_ws/src/lab6/install/action_interfaces/local/lib/python3.10/dist-packages/action_interfaces/action'...
[9.982s] Compiling '/home/teehee/ros2_ws/src/lab6/install/action_interfaces/local/lib/python3.10/dist-packages/action_interfaces/action/__init__.py'...
[9.982s] Compiling '/home/teehee/ros2_ws/src/lab6/install/action_interfaces/local/lib/python3.10/dist-packages/action_interfaces/action/_bubblesort.py'...
[9.982s] Compiling '/home/teehee/ros2_ws/src/lab6/install/action_interfaces/local/lib/python3.10/dist-packages/action_interfaces/action/_fibonacci.py'...
[9.982s] Compiling '/home/teehee/ros2_ws/src/lab6/install/action_interfaces/local/lib/python3.10/dist-packages/action_interfaces/action/_maze.py'...
[9.985s] -- Installing: /home/teehee/ros2_ws/src/lab6/install/action_interfaces/local/lib/python3.10/dist-packages/action_interfaces/action_interfaces_s__rosidl_typesupport_fastrtps_c.cpython-310-x86_64-linux-gnu.so
[9.985s] -- Set runtime path of "/home/teehee/ros2_ws/src/lab6/install/action_interfaces/local/lib/python3.10/dist-packages/action_interfaces/action_interfaces_s__rosidl_typesupport_fastrtps_c.cpython-310-x86_64-linux-gnu.so" to ""
[9.985s] -- Installing: /home/teehee/ros2_ws/src/lab6/install/action_interfaces/local/lib/python3.10/dist-packages/action_interfaces/action_interfaces_s__rosidl_typesupport_introspection_c.cpython-310-x86_64-linux-gnu.so
[9.985s] -- Set runtime path of "/home/teehee/ros2_ws/src/lab6/install/action_interfaces/local/lib/python3.10/dist-packages/action_interfaces/action_interfaces_s__rosidl_typesupport_introspection_c.cpython-310-x86_64-linux-gnu.so" to ""
[9.986s] -- Installing: /home/teehee/ros2_ws/src/lab6/install/action_interfaces/local/lib/python3.10/dist-packages/action_interfaces/action_interfaces_s__rosidl_typesupport_c.cpython-310-x86_64-linux-gnu.so
[9.986s] -- Set runtime path of "/home/teehee/ros2_ws/src/lab6/install/action_interfaces/local/lib/python3.10/dist-packages/action_interfaces/action_interfaces_s__rosidl_typesupport_c.cpython-310-x86_64-linux-gnu.so" to ""
[9.986s] -- Installing: /home/teehee/ros2_ws/src/lab6/install/action_interfaces/lib/libaction_interfaces__rosidl_generator_py.so
[9.986s] -- Set runtime path of "/home/teehee/ros2_ws/src/lab6/install/action_interfaces/lib/libaction_interfaces__rosidl_generator_py.so" to ""
[9.986s] -- Up-to-date: /home/teehee/ros2_ws/src/lab6/install/action_interfaces/share/action_interfaces/action/Fibonacci.idl
[9.986s] -- Up-to-date: /home/teehee/ros2_ws/src/lab6/install/action_interfaces/share/action_interfaces/action/Bubblesort.idl
[9.986s] -- Installing: /home/teehee/ros2_ws/src/lab6/install/action_interfaces/share/action_interfaces/action/Maze.idl
[9.986s] -- Up-to-date: /home/teehee/ros2_ws/src/lab6/install/action_interfaces/share/action_interfaces/action/Fibonacci.action
[9.986s] -- Up-to-date: /home/teehee/ros2_ws/src/lab6/install/action_interfaces/share/action_interfaces/action/Bubblesort.action
[9.986s] -- Installing: /home/teehee/ros2_ws/src/lab6/install/action_interfaces/share/action_interfaces/action/Maze.action
[9.986s] -- Up-to-date: /home/teehee/ros2_ws/src/lab6/install/action_interfaces/share/ament_index/resource_index/package_run_dependencies/action_interfaces
[9.987s] -- Up-to-date: /home/teehee/ros2_ws/src/lab6/install/action_interfaces/share/ament_index/resource_index/parent_prefix_path/action_interfaces
[9.987s] -- Up-to-date: /home/teehee/ros2_ws/src/lab6/install/action_interfaces/share/action_interfaces/environment/ament_prefix_path.sh
[9.987s] -- Installing: /home/teehee/ros2_ws/src/lab6/install/action_interfaces/share/action_interfaces/environment/ament_prefix_path.dsv
[9.988s] -- Up-to-date: /home/teehee/ros2_ws/src/lab6/install/action_interfaces/share/action_interfaces/environment/path.sh
[9.988s] -- Installing: /home/teehee/ros2_ws/src/lab6/install/action_interfaces/share/action_interfaces/environment/path.dsv
[9.988s] -- Up-to-date: /home/teehee/ros2_ws/src/lab6/install/action_interfaces/share/action_interfaces/local_setup.bash
[9.988s] -- Up-to-date: /home/teehee/ros2_ws/src/lab6/install/action_interfaces/share/action_interfaces/local_setup.sh
[9.988s] -- Up-to-date: /home/teehee/ros2_ws/src/lab6/install/action_interfaces/share/action_interfaces/local_setup.zsh
[9.988s] -- Installing: /home/teehee/ros2_ws/src/lab6/install/action_interfaces/share/action_interfaces/local_setup.dsv
[9.988s] -- Installing: /home/teehee/ros2_ws/src/lab6/install/action_interfaces/share/action_interfaces/package.dsv
[9.988s] -- Up-to-date: /home/teehee/ros2_ws/src/lab6/install/action_interfaces/share/ament_index/resource_index/packages/action_interfaces
[9.988s] -- Up-to-date: /home/teehee/ros2_ws/src/lab6/install/action_interfaces/share/action_interfaces/cmake/export_action_interfaces__rosidl_generator_cExport.cmake
[9.988s] -- Up-to-date: /home/teehee/ros2_ws/src/lab6/install/action_interfaces/share/action_interfaces/cmake/export_action_interfaces__rosidl_generator_cExport-noconfig.cmake
[9.988s] -- Up-to-date: /home/teehee/ros2_ws/src/lab6/install/action_interfaces/share/action_interfaces/cmake/export_action_interfaces__rosidl_typesupport_fastrtps_cExport.cmake
[9.988s] -- Up-to-date: /home/teehee/ros2_ws/src/lab6/install/action_interfaces/share/action_interfaces/cmake/export_action_interfaces__rosidl_typesupport_fastrtps_cExport-noconfig.cmake
[9.988s] -- Up-to-date: /home/teehee/ros2_ws/src/lab6/install/action_interfaces/share/action_interfaces/cmake/action_interfaces__rosidl_typesupport_introspection_cExport.cmake
[9.988s] -- Up-to-date: /home/teehee/ros2_ws/src/lab6/install/action_interfaces/share/action_interfaces/cmake/action_interfaces__rosidl_typesupport_introspection_cExport-noconfig.cmake
[9.988s] -- Up-to-date: /home/teehee/ros2_ws/src/lab6/install/action_interfaces/share/action_interfaces/cmake/action_interfaces__rosidl_typesupport_cExport.cmake
[9.988s] -- Up-to-date: /home/teehee/ros2_ws/src/lab6/install/action_interfaces/share/action_interfaces/cmake/action_interfaces__rosidl_typesupport_cExport-noconfig.cmake
[9.988s] -- Up-to-date: /home/teehee/ros2_ws/src/lab6/install/action_interfaces/share/action_interfaces/cmake/export_action_interfaces__rosidl_generator_cppExport.cmake
[9.988s] -- Up-to-date: /home/teehee/ros2_ws/src/lab6/install/action_interfaces/share/action_interfaces/cmake/export_action_interfaces__rosidl_typesupport_fastrtps_cppExport.cmake
[9.988s] -- Up-to-date: /home/teehee/ros2_ws/src/lab6/install/action_interfaces/share/action_interfaces/cmake/export_action_interfaces__rosidl_typesupport_fastrtps_cppExport-noconfig.cmake
[9.988s] -- Up-to-date: /home/teehee/ros2_ws/src/lab6/install/action_interfaces/share/action_interfaces/cmake/action_interfaces__rosidl_typesupport_introspection_cppExport.cmake
[9.988s] -- Up-to-date: /home/teehee/ros2_ws/src/lab6/install/action_interfaces/share/action_interfaces/cmake/action_interfaces__rosidl_typesupport_introspection_cppExport-noconfig.cmake
[9.988s] -- Up-to-date: /home/teehee/ros2_ws/src/lab6/install/action_interfaces/share/action_interfaces/cmake/action_interfaces__rosidl_typesupport_cppExport.cmake
[9.988s] -- Up-to-date: /home/teehee/ros2_ws/src/lab6/install/action_interfaces/share/action_interfaces/cmake/action_interfaces__rosidl_typesupport_cppExport-noconfig.cmake
[9.988s] -- Up-to-date: /home/teehee/ros2_ws/src/lab6/install/action_interfaces/share/action_interfaces/cmake/export_action_interfaces__rosidl_generator_pyExport.cmake
[9.988s] -- Up-to-date: /home/teehee/ros2_ws/src/lab6/install/action_interfaces/share/action_interfaces/cmake/export_action_interfaces__rosidl_generator_pyExport-noconfig.cmake
[9.988s] -- Up-to-date: /home/teehee/ros2_ws/src/lab6/install/action_interfaces/share/action_interfaces/cmake/rosidl_cmake-extras.cmake
[9.989s] -- Up-to-date: /home/teehee/ros2_ws/src/lab6/install/action_interfaces/share/action_interfaces/cmake/ament_cmake_export_dependencies-extras.cmake
[9.989s] -- Up-to-date: /home/teehee/ros2_ws/src/lab6/install/action_interfaces/share/action_interfaces/cmake/ament_cmake_export_include_directories-extras.cmake
[9.989s] -- Up-to-date: /home/teehee/ros2_ws/src/lab6/install/action_interfaces/share/action_interfaces/cmake/ament_cmake_export_libraries-extras.cmake
[9.989s] -- Up-to-date: /home/teehee/ros2_ws/src/lab6/install/action_interfaces/share/action_interfaces/cmake/ament_cmake_export_targets-extras.cmake
[9.989s] -- Up-to-date: /home/teehee/ros2_ws/src/lab6/install/action_interfaces/share/action_interfaces/cmake/rosidl_cmake_export_typesupport_targets-extras.cmake
[9.989s] -- Up-to-date: /home/teehee/ros2_ws/src/lab6/install/action_interfaces/share/action_interfaces/cmake/rosidl_cmake_export_typesupport_libraries-extras.cmake
[9.989s] -- Up-to-date: /home/teehee/ros2_ws/src/lab6/install/action_interfaces/share/action_interfaces/cmake/action_interfacesConfig.cmake
[9.989s] -- Up-to-date: /home/teehee/ros2_ws/src/lab6/install/action_interfaces/share/action_interfaces/cmake/action_interfacesConfig-version.cmake
[9.989s] -- Up-to-date: /home/teehee/ros2_ws/src/lab6/install/action_interfaces/share/action_interfaces/package.xml
[9.994s] Invoked command in '/home/teehee/ros2_ws/src/lab6/build/action_interfaces' returned '0': CMAKE_PREFIX_PATH=${CMAKE_PREFIX_PATH}:/home/teehee/ros2_ws/install/tf2_pkg:/home/teehee/ros2_ws/install/pylab_exam1:/home/teehee/ros2_ws/install/pylab05:/home/teehee/ros2_ws/install/pylab04:/home/teehee/ros2_ws/install/labs_pkg:/home/teehee/ros2_ws/install/labex6:/home/teehee/ros2_ws/install/lab_exam2_pkg:/home/teehee/ros2_ws/install/example_pkg:/opt/ros/humble /usr/bin/cmake --install /home/teehee/ros2_ws/src/lab6/build/action_interfaces
