[0.093s] Invoking command in '/home/teehee/ros2_ws/build/labs_bringup': AMENT_PREFIX_PATH=/home/teehee/ros2_ws/install/labs_pkg:/home/teehee/ros2_ws/install/labs_bringup:/home/teehee/ros2_ws/install/lab_exam2_pkg:/home/teehee/ros2_ws/install/lab_interfaces:/home/teehee/ros2_ws/install/example_pkg:/opt/ros/humble CMAKE_PREFIX_PATH=/home/teehee/ros2_ws/install/lab_interfaces:/home/teehee/ros2_ws/install/labs_bringup:/home/teehee/ros2_ws/install/labs_pkg:/home/teehee/ros2_ws/install/lab_exam2_pkg:/home/teehee/ros2_ws/install/example_pkg:/opt/ros/humble /usr/bin/cmake /home/teehee/ros2_ws/src/labs_bringup -DCMAKE_INSTALL_PREFIX=/home/teehee/ros2_ws/install/labs_bringup
[0.165s] -- Found ament_cmake: 1.3.5 (/opt/ros/humble/share/ament_cmake/cmake)
[0.392s] -- Override CMake install command with custom implementation using symlinks instead of copying resources
[0.542s] -- Configuring done
[0.557s] -- Generating done
[0.562s] -- Build files have been written to: /home/teehee/ros2_ws/build/labs_bringup
[0.573s] Invoked command in '/home/teehee/ros2_ws/build/labs_bringup' returned '0': AMENT_PREFIX_PATH=/home/teehee/ros2_ws/install/labs_pkg:/home/teehee/ros2_ws/install/labs_bringup:/home/teehee/ros2_ws/install/lab_exam2_pkg:/home/teehee/ros2_ws/install/lab_interfaces:/home/teehee/ros2_ws/install/example_pkg:/opt/ros/humble CMAKE_PREFIX_PATH=/home/teehee/ros2_ws/install/lab_interfaces:/home/teehee/ros2_ws/install/labs_bringup:/home/teehee/ros2_ws/install/labs_pkg:/home/teehee/ros2_ws/install/lab_exam2_pkg:/home/teehee/ros2_ws/install/example_pkg:/opt/ros/humble /usr/bin/cmake /home/teehee/ros2_ws/src/labs_bringup -DCMAKE_INSTALL_PREFIX=/home/teehee/ros2_ws/install/labs_bringup
[0.581s] Invoking command in '/home/teehee/ros2_ws/build/labs_bringup': AMENT_PREFIX_PATH=/home/teehee/ros2_ws/install/labs_pkg:/home/teehee/ros2_ws/install/labs_bringup:/home/teehee/ros2_ws/install/lab_exam2_pkg:/home/teehee/ros2_ws/install/lab_interfaces:/home/teehee/ros2_ws/install/example_pkg:/opt/ros/humble CMAKE_PREFIX_PATH=/home/teehee/ros2_ws/install/lab_interfaces:/home/teehee/ros2_ws/install/labs_bringup:/home/teehee/ros2_ws/install/labs_pkg:/home/teehee/ros2_ws/install/lab_exam2_pkg:/home/teehee/ros2_ws/install/example_pkg:/opt/ros/humble /usr/bin/cmake --build /home/teehee/ros2_ws/build/labs_bringup -- -j4 -l4
[0.646s] Invoked command in '/home/teehee/ros2_ws/build/labs_bringup' returned '0': AMENT_PREFIX_PATH=/home/teehee/ros2_ws/install/labs_pkg:/home/teehee/ros2_ws/install/labs_bringup:/home/teehee/ros2_ws/install/lab_exam2_pkg:/home/teehee/ros2_ws/install/lab_interfaces:/home/teehee/ros2_ws/install/example_pkg:/opt/ros/humble CMAKE_PREFIX_PATH=/home/teehee/ros2_ws/install/lab_interfaces:/home/teehee/ros2_ws/install/labs_bringup:/home/teehee/ros2_ws/install/labs_pkg:/home/teehee/ros2_ws/install/lab_exam2_pkg:/home/teehee/ros2_ws/install/example_pkg:/opt/ros/humble /usr/bin/cmake --build /home/teehee/ros2_ws/build/labs_bringup -- -j4 -l4
[0.721s] Invoking command in '/home/teehee/ros2_ws/build/labs_bringup': AMENT_PREFIX_PATH=/home/teehee/ros2_ws/install/labs_pkg:/home/teehee/ros2_ws/install/labs_bringup:/home/teehee/ros2_ws/install/lab_exam2_pkg:/home/teehee/ros2_ws/install/lab_interfaces:/home/teehee/ros2_ws/install/example_pkg:/opt/ros/humble CMAKE_PREFIX_PATH=/home/teehee/ros2_ws/install/lab_interfaces:/home/teehee/ros2_ws/install/labs_bringup:/home/teehee/ros2_ws/install/labs_pkg:/home/teehee/ros2_ws/install/lab_exam2_pkg:/home/teehee/ros2_ws/install/example_pkg:/opt/ros/humble /usr/bin/cmake --install /home/teehee/ros2_ws/build/labs_bringup
[0.731s] -- Install configuration: ""
[0.732s] -- Execute custom install script
[0.733s] -- Up-to-date symlink: /home/teehee/ros2_ws/install/labs_bringup/share/labs_bringup/launch/integer_adder.launch.py
[0.733s] -- Up-to-date symlink: /home/teehee/ros2_ws/install/labs_bringup/share/labs_bringup/launch/lab_ex11.launch.py
[0.733s] -- Up-to-date symlink: /home/teehee/ros2_ws/install/labs_bringup/share/labs_bringup/launch/talker_listener.launch.py
[0.734s] -- Up-to-date symlink: /home/teehee/ros2_ws/install/labs_bringup/share/labs_bringup/launch/talker_listener_basic.launch.py
[0.734s] -- Up-to-date symlink: /home/teehee/ros2_ws/install/labs_bringup/share/labs_bringup/launch/turtlesim_drivesquare.launch.py
[0.734s] -- Up-to-date symlink: /home/teehee/ros2_ws/install/labs_bringup/share/ament_index/resource_index/package_run_dependencies/labs_bringup
[0.734s] -- Up-to-date symlink: /home/teehee/ros2_ws/install/labs_bringup/share/ament_index/resource_index/parent_prefix_path/labs_bringup
[0.734s] -- Up-to-date symlink: /home/teehee/ros2_ws/install/labs_bringup/share/labs_bringup/environment/ament_prefix_path.sh
[0.735s] -- Up-to-date symlink: /home/teehee/ros2_ws/install/labs_bringup/share/labs_bringup/environment/ament_prefix_path.dsv
[0.735s] -- Up-to-date symlink: /home/teehee/ros2_ws/install/labs_bringup/share/labs_bringup/environment/path.sh
[0.735s] -- Up-to-date symlink: /home/teehee/ros2_ws/install/labs_bringup/share/labs_bringup/environment/path.dsv
[0.736s] -- Up-to-date symlink: /home/teehee/ros2_ws/install/labs_bringup/share/labs_bringup/local_setup.bash
[0.736s] -- Up-to-date symlink: /home/teehee/ros2_ws/install/labs_bringup/share/labs_bringup/local_setup.sh
[0.737s] -- Up-to-date symlink: /home/teehee/ros2_ws/install/labs_bringup/share/labs_bringup/local_setup.zsh
[0.737s] -- Up-to-date symlink: /home/teehee/ros2_ws/install/labs_bringup/share/labs_bringup/local_setup.dsv
[0.737s] -- Symlinking: /home/teehee/ros2_ws/install/labs_bringup/share/labs_bringup/package.dsv
[0.753s] -- Up-to-date symlink: /home/teehee/ros2_ws/install/labs_bringup/share/ament_index/resource_index/packages/labs_bringup
[0.753s] -- Up-to-date symlink: /home/teehee/ros2_ws/install/labs_bringup/share/labs_bringup/cmake/labs_bringupConfig.cmake
[0.753s] -- Up-to-date symlink: /home/teehee/ros2_ws/install/labs_bringup/share/labs_bringup/cmake/labs_bringupConfig-version.cmake
[0.754s] -- Up-to-date symlink: /home/teehee/ros2_ws/install/labs_bringup/share/labs_bringup/package.xml
[0.756s] Invoked command in '/home/teehee/ros2_ws/build/labs_bringup' returned '0': AMENT_PREFIX_PATH=/home/teehee/ros2_ws/install/labs_pkg:/home/teehee/ros2_ws/install/labs_bringup:/home/teehee/ros2_ws/install/lab_exam2_pkg:/home/teehee/ros2_ws/install/lab_interfaces:/home/teehee/ros2_ws/install/example_pkg:/opt/ros/humble CMAKE_PREFIX_PATH=/home/teehee/ros2_ws/install/lab_interfaces:/home/teehee/ros2_ws/install/labs_bringup:/home/teehee/ros2_ws/install/labs_pkg:/home/teehee/ros2_ws/install/lab_exam2_pkg:/home/teehee/ros2_ws/install/example_pkg:/opt/ros/humble /usr/bin/cmake --install /home/teehee/ros2_ws/build/labs_bringup
