[0.579s] DEBUG:colcon:Command line arguments: ['/usr/bin/colcon', 'build', '--packages-select', 'pylab04', '--symlink-install']
[0.579s] DEBUG:colcon:Parsed command line arguments: Namespace(log_base=None, log_level=None, verb_name='build', build_base='build', install_base='install', merge_install=False, symlink_install=True, test_result_base=None, continue_on_error=False, executor='parallel', parallel_workers=4, event_handlers=None, ignore_user_meta=False, metas=['./colcon.meta'], base_paths=['.'], packages_ignore=None, packages_ignore_regex=None, paths=None, packages_up_to=None, packages_up_to_regex=None, packages_above=None, packages_above_and_dependencies=None, packages_above_depth=None, packages_select_by_dep=None, packages_skip_by_dep=None, packages_skip_up_to=None, packages_select_build_failed=False, packages_skip_build_finished=False, packages_select_test_failures=False, packages_skip_test_passed=False, packages_select=['pylab04'], packages_skip=None, packages_select_regex=None, packages_skip_regex=None, packages_start=None, packages_end=None, allow_overriding=[], cmake_args=None, cmake_target=None, cmake_target_skip_unavailable=False, cmake_clean_cache=False, cmake_clean_first=False, cmake_force_configure=False, ament_cmake_args=None, catkin_cmake_args=None, catkin_skip_building_tests=False, verb_parser=<colcon_defaults.argument_parser.defaults.DefaultArgumentsDecorator object at 0x7fb1a42a3df0>, verb_extension=<colcon_core.verb.build.BuildVerb object at 0x7fb1a42a1c00>, main=<bound method BuildVerb.main of <colcon_core.verb.build.BuildVerb object at 0x7fb1a42a1c00>>)
[0.628s] Level 1:colcon.colcon_core.package_discovery:discover_packages(colcon_meta) check parameters
[0.628s] Level 1:colcon.colcon_core.package_discovery:discover_packages(recursive) check parameters
[0.628s] Level 1:colcon.colcon_core.package_discovery:discover_packages(ignore) check parameters
[0.628s] Level 1:colcon.colcon_core.package_discovery:discover_packages(path) check parameters
[0.628s] Level 1:colcon.colcon_core.package_discovery:discover_packages(colcon_meta) discover
[0.628s] Level 1:colcon.colcon_core.package_discovery:discover_packages(recursive) discover
[0.628s] INFO:colcon.colcon_core.package_discovery:Crawling recursively for packages in '/home/teehee/ros2_ws'
[0.628s] Level 1:colcon.colcon_core.package_identification:_identify(.) by extensions ['ignore', 'ignore_ament_install']
[0.628s] Level 1:colcon.colcon_core.package_identification:_identify(.) by extension 'ignore'
[0.628s] Level 1:colcon.colcon_core.package_identification:_identify(.) by extension 'ignore_ament_install'
[0.629s] Level 1:colcon.colcon_core.package_identification:_identify(.) by extensions ['colcon_pkg']
[0.629s] Level 1:colcon.colcon_core.package_identification:_identify(.) by extension 'colcon_pkg'
[0.629s] Level 1:colcon.colcon_core.package_identification:_identify(.) by extensions ['colcon_meta']
[0.629s] Level 1:colcon.colcon_core.package_identification:_identify(.) by extension 'colcon_meta'
[0.629s] Level 1:colcon.colcon_core.package_identification:_identify(.) by extensions ['ros']
[0.629s] Level 1:colcon.colcon_core.package_identification:_identify(.) by extension 'ros'
[0.637s] Level 1:colcon.colcon_core.package_identification:_identify(.) by extensions ['cmake', 'python']
[0.637s] Level 1:colcon.colcon_core.package_identification:_identify(.) by extension 'cmake'
[0.638s] Level 1:colcon.colcon_core.package_identification:_identify(.) by extension 'python'
[0.638s] Level 1:colcon.colcon_core.package_identification:_identify(.) by extensions ['python_setup_py']
[0.638s] Level 1:colcon.colcon_core.package_identification:_identify(.) by extension 'python_setup_py'
[0.638s] Level 1:colcon.colcon_core.package_identification:_identify(build) by extensions ['ignore', 'ignore_ament_install']
[0.638s] Level 1:colcon.colcon_core.package_identification:_identify(build) by extension 'ignore'
[0.638s] Level 1:colcon.colcon_core.package_identification:_identify(build) ignored
[0.638s] Level 1:colcon.colcon_core.package_identification:_identify(install) by extensions ['ignore', 'ignore_ament_install']
[0.638s] Level 1:colcon.colcon_core.package_identification:_identify(install) by extension 'ignore'
[0.638s] Level 1:colcon.colcon_core.package_identification:_identify(install) ignored
[0.638s] Level 1:colcon.colcon_core.package_identification:_identify(log) by extensions ['ignore', 'ignore_ament_install']
[0.638s] Level 1:colcon.colcon_core.package_identification:_identify(log) by extension 'ignore'
[0.638s] Level 1:colcon.colcon_core.package_identification:_identify(log) ignored
[0.638s] Level 1:colcon.colcon_core.package_identification:_identify(src) by extensions ['ignore', 'ignore_ament_install']
[0.639s] Level 1:colcon.colcon_core.package_identification:_identify(src) by extension 'ignore'
[0.639s] Level 1:colcon.colcon_core.package_identification:_identify(src) by extension 'ignore_ament_install'
[0.639s] Level 1:colcon.colcon_core.package_identification:_identify(src) by extensions ['colcon_pkg']
[0.639s] Level 1:colcon.colcon_core.package_identification:_identify(src) by extension 'colcon_pkg'
[0.639s] Level 1:colcon.colcon_core.package_identification:_identify(src) by extensions ['colcon_meta']
[0.639s] Level 1:colcon.colcon_core.package_identification:_identify(src) by extension 'colcon_meta'
[0.639s] Level 1:colcon.colcon_core.package_identification:_identify(src) by extensions ['ros']
[0.639s] Level 1:colcon.colcon_core.package_identification:_identify(src) by extension 'ros'
[0.639s] Level 1:colcon.colcon_core.package_identification:_identify(src) by extensions ['cmake', 'python']
[0.639s] Level 1:colcon.colcon_core.package_identification:_identify(src) by extension 'cmake'
[0.639s] Level 1:colcon.colcon_core.package_identification:_identify(src) by extension 'python'
[0.639s] Level 1:colcon.colcon_core.package_identification:_identify(src) by extensions ['python_setup_py']
[0.639s] Level 1:colcon.colcon_core.package_identification:_identify(src) by extension 'python_setup_py'
[0.639s] Level 1:colcon.colcon_core.package_identification:_identify(src/exercise_3_4) by extensions ['ignore', 'ignore_ament_install']
[0.639s] Level 1:colcon.colcon_core.package_identification:_identify(src/exercise_3_4) by extension 'ignore'
[0.639s] Level 1:colcon.colcon_core.package_identification:_identify(src/exercise_3_4) by extension 'ignore_ament_install'
[0.639s] Level 1:colcon.colcon_core.package_identification:_identify(src/exercise_3_4) by extensions ['colcon_pkg']
[0.639s] Level 1:colcon.colcon_core.package_identification:_identify(src/exercise_3_4) by extension 'colcon_pkg'
[0.639s] Level 1:colcon.colcon_core.package_identification:_identify(src/exercise_3_4) by extensions ['colcon_meta']
[0.639s] Level 1:colcon.colcon_core.package_identification:_identify(src/exercise_3_4) by extension 'colcon_meta'
[0.639s] Level 1:colcon.colcon_core.package_identification:_identify(src/exercise_3_4) by extensions ['ros']
[0.639s] Level 1:colcon.colcon_core.package_identification:_identify(src/exercise_3_4) by extension 'ros'
[0.639s] Level 1:colcon.colcon_core.package_identification:_identify(src/exercise_3_4) by extensions ['cmake', 'python']
[0.639s] Level 1:colcon.colcon_core.package_identification:_identify(src/exercise_3_4) by extension 'cmake'
[0.639s] Level 1:colcon.colcon_core.package_identification:_identify(src/exercise_3_4) by extension 'python'
[0.639s] Level 1:colcon.colcon_core.package_identification:_identify(src/exercise_3_4) by extensions ['python_setup_py']
[0.639s] Level 1:colcon.colcon_core.package_identification:_identify(src/exercise_3_4) by extension 'python_setup_py'
[0.639s] Level 1:colcon.colcon_core.package_identification:_identify(src/exercise_3_4/launch) by extensions ['ignore', 'ignore_ament_install']
[0.640s] Level 1:colcon.colcon_core.package_identification:_identify(src/exercise_3_4/launch) by extension 'ignore'
[0.640s] Level 1:colcon.colcon_core.package_identification:_identify(src/exercise_3_4/launch) by extension 'ignore_ament_install'
[0.640s] Level 1:colcon.colcon_core.package_identification:_identify(src/exercise_3_4/launch) by extensions ['colcon_pkg']
[0.640s] Level 1:colcon.colcon_core.package_identification:_identify(src/exercise_3_4/launch) by extension 'colcon_pkg'
[0.640s] Level 1:colcon.colcon_core.package_identification:_identify(src/exercise_3_4/launch) by extensions ['colcon_meta']
[0.640s] Level 1:colcon.colcon_core.package_identification:_identify(src/exercise_3_4/launch) by extension 'colcon_meta'
[0.640s] Level 1:colcon.colcon_core.package_identification:_identify(src/exercise_3_4/launch) by extensions ['ros']
[0.640s] Level 1:colcon.colcon_core.package_identification:_identify(src/exercise_3_4/launch) by extension 'ros'
[0.640s] Level 1:colcon.colcon_core.package_identification:_identify(src/exercise_3_4/launch) by extensions ['cmake', 'python']
[0.640s] Level 1:colcon.colcon_core.package_identification:_identify(src/exercise_3_4/launch) by extension 'cmake'
[0.640s] Level 1:colcon.colcon_core.package_identification:_identify(src/exercise_3_4/launch) by extension 'python'
[0.640s] Level 1:colcon.colcon_core.package_identification:_identify(src/exercise_3_4/launch) by extensions ['python_setup_py']
[0.640s] Level 1:colcon.colcon_core.package_identification:_identify(src/exercise_3_4/launch) by extension 'python_setup_py'
[0.640s] Level 1:colcon.colcon_core.package_identification:_identify(src/lab03) by extensions ['ignore', 'ignore_ament_install']
[0.640s] Level 1:colcon.colcon_core.package_identification:_identify(src/lab03) by extension 'ignore'
[0.640s] Level 1:colcon.colcon_core.package_identification:_identify(src/lab03) by extension 'ignore_ament_install'
[0.640s] Level 1:colcon.colcon_core.package_identification:_identify(src/lab03) by extensions ['colcon_pkg']
[0.640s] Level 1:colcon.colcon_core.package_identification:_identify(src/lab03) by extension 'colcon_pkg'
[0.640s] Level 1:colcon.colcon_core.package_identification:_identify(src/lab03) by extensions ['colcon_meta']
[0.640s] Level 1:colcon.colcon_core.package_identification:_identify(src/lab03) by extension 'colcon_meta'
[0.640s] Level 1:colcon.colcon_core.package_identification:_identify(src/lab03) by extensions ['ros']
[0.640s] Level 1:colcon.colcon_core.package_identification:_identify(src/lab03) by extension 'ros'
[0.640s] Level 1:colcon.colcon_core.package_identification:_identify(src/lab03) by extensions ['cmake', 'python']
[0.640s] Level 1:colcon.colcon_core.package_identification:_identify(src/lab03) by extension 'cmake'
[0.640s] Level 1:colcon.colcon_core.package_identification:_identify(src/lab03) by extension 'python'
[0.640s] Level 1:colcon.colcon_core.package_identification:_identify(src/lab03) by extensions ['python_setup_py']
[0.641s] Level 1:colcon.colcon_core.package_identification:_identify(src/lab03) by extension 'python_setup_py'
[0.641s] Level 1:colcon.colcon_core.package_identification:_identify(src/lab03/exercise_3_4) by extensions ['ignore', 'ignore_ament_install']
[0.641s] Level 1:colcon.colcon_core.package_identification:_identify(src/lab03/exercise_3_4) by extension 'ignore'
[0.641s] Level 1:colcon.colcon_core.package_identification:_identify(src/lab03/exercise_3_4) by extension 'ignore_ament_install'
[0.641s] Level 1:colcon.colcon_core.package_identification:_identify(src/lab03/exercise_3_4) by extensions ['colcon_pkg']
[0.641s] Level 1:colcon.colcon_core.package_identification:_identify(src/lab03/exercise_3_4) by extension 'colcon_pkg'
[0.641s] Level 1:colcon.colcon_core.package_identification:_identify(src/lab03/exercise_3_4) by extensions ['colcon_meta']
[0.641s] Level 1:colcon.colcon_core.package_identification:_identify(src/lab03/exercise_3_4) by extension 'colcon_meta'
[0.641s] Level 1:colcon.colcon_core.package_identification:_identify(src/lab03/exercise_3_4) by extensions ['ros']
[0.641s] Level 1:colcon.colcon_core.package_identification:_identify(src/lab03/exercise_3_4) by extension 'ros'
[0.643s] DEBUG:colcon.colcon_core.package_identification:Package 'src/lab03/exercise_3_4' with type 'ros.ament_cmake' and name 'exercise_3_4'
[0.643s] Level 1:colcon.colcon_core.package_identification:_identify(src/lab03/exersice_2_1) by extensions ['ignore', 'ignore_ament_install']
[0.644s] Level 1:colcon.colcon_core.package_identification:_identify(src/lab03/exersice_2_1) by extension 'ignore'
[0.644s] Level 1:colcon.colcon_core.package_identification:_identify(src/lab03/exersice_2_1) by extension 'ignore_ament_install'
[0.644s] Level 1:colcon.colcon_core.package_identification:_identify(src/lab03/exersice_2_1) by extensions ['colcon_pkg']
[0.644s] Level 1:colcon.colcon_core.package_identification:_identify(src/lab03/exersice_2_1) by extension 'colcon_pkg'
[0.644s] Level 1:colcon.colcon_core.package_identification:_identify(src/lab03/exersice_2_1) by extensions ['colcon_meta']
[0.644s] Level 1:colcon.colcon_core.package_identification:_identify(src/lab03/exersice_2_1) by extension 'colcon_meta'
[0.644s] Level 1:colcon.colcon_core.package_identification:_identify(src/lab03/exersice_2_1) by extensions ['ros']
[0.644s] Level 1:colcon.colcon_core.package_identification:_identify(src/lab03/exersice_2_1) by extension 'ros'
[0.644s] DEBUG:colcon.colcon_core.package_identification:Package 'src/lab03/exersice_2_1' with type 'ros.ament_cmake' and name 'exersice_2_1'
[0.644s] Level 1:colcon.colcon_core.package_identification:_identify(src/lab03/exersice_2_2) by extensions ['ignore', 'ignore_ament_install']
[0.644s] Level 1:colcon.colcon_core.package_identification:_identify(src/lab03/exersice_2_2) by extension 'ignore'
[0.644s] Level 1:colcon.colcon_core.package_identification:_identify(src/lab03/exersice_2_2) by extension 'ignore_ament_install'
[0.644s] Level 1:colcon.colcon_core.package_identification:_identify(src/lab03/exersice_2_2) by extensions ['colcon_pkg']
[0.645s] Level 1:colcon.colcon_core.package_identification:_identify(src/lab03/exersice_2_2) by extension 'colcon_pkg'
[0.645s] Level 1:colcon.colcon_core.package_identification:_identify(src/lab03/exersice_2_2) by extensions ['colcon_meta']
[0.645s] Level 1:colcon.colcon_core.package_identification:_identify(src/lab03/exersice_2_2) by extension 'colcon_meta'
[0.645s] Level 1:colcon.colcon_core.package_identification:_identify(src/lab03/exersice_2_2) by extensions ['ros']
[0.645s] Level 1:colcon.colcon_core.package_identification:_identify(src/lab03/exersice_2_2) by extension 'ros'
[0.645s] DEBUG:colcon.colcon_core.package_identification:Package 'src/lab03/exersice_2_2' with type 'ros.ament_cmake' and name 'exersice_2_2'
[0.645s] Level 1:colcon.colcon_core.package_identification:_identify(src/lab04) by extensions ['ignore', 'ignore_ament_install']
[0.645s] Level 1:colcon.colcon_core.package_identification:_identify(src/lab04) by extension 'ignore'
[0.645s] Level 1:colcon.colcon_core.package_identification:_identify(src/lab04) by extension 'ignore_ament_install'
[0.645s] Level 1:colcon.colcon_core.package_identification:_identify(src/lab04) by extensions ['colcon_pkg']
[0.646s] Level 1:colcon.colcon_core.package_identification:_identify(src/lab04) by extension 'colcon_pkg'
[0.646s] Level 1:colcon.colcon_core.package_identification:_identify(src/lab04) by extensions ['colcon_meta']
[0.646s] Level 1:colcon.colcon_core.package_identification:_identify(src/lab04) by extension 'colcon_meta'
[0.646s] Level 1:colcon.colcon_core.package_identification:_identify(src/lab04) by extensions ['ros']
[0.646s] Level 1:colcon.colcon_core.package_identification:_identify(src/lab04) by extension 'ros'
[0.646s] DEBUG:colcon.colcon_core.package_identification:Package 'src/lab04' with type 'ros.ament_cmake' and name 'lab04'
[0.646s] Level 1:colcon.colcon_core.package_identification:_identify(src/lab2urdf) by extensions ['ignore', 'ignore_ament_install']
[0.646s] Level 1:colcon.colcon_core.package_identification:_identify(src/lab2urdf) by extension 'ignore'
[0.646s] Level 1:colcon.colcon_core.package_identification:_identify(src/lab2urdf) by extension 'ignore_ament_install'
[0.646s] Level 1:colcon.colcon_core.package_identification:_identify(src/lab2urdf) by extensions ['colcon_pkg']
[0.646s] Level 1:colcon.colcon_core.package_identification:_identify(src/lab2urdf) by extension 'colcon_pkg'
[0.646s] Level 1:colcon.colcon_core.package_identification:_identify(src/lab2urdf) by extensions ['colcon_meta']
[0.646s] Level 1:colcon.colcon_core.package_identification:_identify(src/lab2urdf) by extension 'colcon_meta'
[0.646s] Level 1:colcon.colcon_core.package_identification:_identify(src/lab2urdf) by extensions ['ros']
[0.646s] Level 1:colcon.colcon_core.package_identification:_identify(src/lab2urdf) by extension 'ros'
[0.647s] DEBUG:colcon.colcon_core.package_identification:Package 'src/lab2urdf' with type 'ros.ament_cmake' and name 'lab2urdf'
[0.647s] Level 1:colcon.colcon_core.package_identification:_identify(src/pylab04) by extensions ['ignore', 'ignore_ament_install']
[0.647s] Level 1:colcon.colcon_core.package_identification:_identify(src/pylab04) by extension 'ignore'
[0.647s] Level 1:colcon.colcon_core.package_identification:_identify(src/pylab04) by extension 'ignore_ament_install'
[0.647s] Level 1:colcon.colcon_core.package_identification:_identify(src/pylab04) by extensions ['colcon_pkg']
[0.647s] Level 1:colcon.colcon_core.package_identification:_identify(src/pylab04) by extension 'colcon_pkg'
[0.647s] Level 1:colcon.colcon_core.package_identification:_identify(src/pylab04) by extensions ['colcon_meta']
[0.647s] Level 1:colcon.colcon_core.package_identification:_identify(src/pylab04) by extension 'colcon_meta'
[0.647s] Level 1:colcon.colcon_core.package_identification:_identify(src/pylab04) by extensions ['ros']
[0.647s] Level 1:colcon.colcon_core.package_identification:_identify(src/pylab04) by extension 'ros'
[0.648s] DEBUG:colcon.colcon_core.package_identification:Package 'src/pylab04' with type 'ros.ament_python' and name 'pylab04'
[0.648s] Level 1:colcon.colcon_core.package_identification:_identify(src/robot1) by extensions ['ignore', 'ignore_ament_install']
[0.648s] Level 1:colcon.colcon_core.package_identification:_identify(src/robot1) by extension 'ignore'
[0.648s] Level 1:colcon.colcon_core.package_identification:_identify(src/robot1) by extension 'ignore_ament_install'
[0.648s] Level 1:colcon.colcon_core.package_identification:_identify(src/robot1) by extensions ['colcon_pkg']
[0.648s] Level 1:colcon.colcon_core.package_identification:_identify(src/robot1) by extension 'colcon_pkg'
[0.648s] Level 1:colcon.colcon_core.package_identification:_identify(src/robot1) by extensions ['colcon_meta']
[0.648s] Level 1:colcon.colcon_core.package_identification:_identify(src/robot1) by extension 'colcon_meta'
[0.648s] Level 1:colcon.colcon_core.package_identification:_identify(src/robot1) by extensions ['ros']
[0.648s] Level 1:colcon.colcon_core.package_identification:_identify(src/robot1) by extension 'ros'
[0.649s] DEBUG:colcon.colcon_core.package_identification:Package 'src/robot1' with type 'ros.ament_cmake' and name 'robot1'
[0.649s] Level 1:colcon.colcon_core.package_identification:_identify(src/tf2_pkg) by extensions ['ignore', 'ignore_ament_install']
[0.649s] Level 1:colcon.colcon_core.package_identification:_identify(src/tf2_pkg) by extension 'ignore'
[0.649s] Level 1:colcon.colcon_core.package_identification:_identify(src/tf2_pkg) by extension 'ignore_ament_install'
[0.649s] Level 1:colcon.colcon_core.package_identification:_identify(src/tf2_pkg) by extensions ['colcon_pkg']
[0.649s] Level 1:colcon.colcon_core.package_identification:_identify(src/tf2_pkg) by extension 'colcon_pkg'
[0.649s] Level 1:colcon.colcon_core.package_identification:_identify(src/tf2_pkg) by extensions ['colcon_meta']
[0.649s] Level 1:colcon.colcon_core.package_identification:_identify(src/tf2_pkg) by extension 'colcon_meta'
[0.649s] Level 1:colcon.colcon_core.package_identification:_identify(src/tf2_pkg) by extensions ['ros']
[0.649s] Level 1:colcon.colcon_core.package_identification:_identify(src/tf2_pkg) by extension 'ros'
[0.650s] DEBUG:colcon.colcon_core.package_identification:Package 'src/tf2_pkg' with type 'ros.ament_python' and name 'tf2_pkg'
[0.650s] Level 1:colcon.colcon_core.package_identification:_identify(src/urdf_example) by extensions ['ignore', 'ignore_ament_install']
[0.650s] Level 1:colcon.colcon_core.package_identification:_identify(src/urdf_example) by extension 'ignore'
[0.650s] Level 1:colcon.colcon_core.package_identification:_identify(src/urdf_example) by extension 'ignore_ament_install'
[0.650s] Level 1:colcon.colcon_core.package_identification:_identify(src/urdf_example) by extensions ['colcon_pkg']
[0.650s] Level 1:colcon.colcon_core.package_identification:_identify(src/urdf_example) by extension 'colcon_pkg'
[0.650s] Level 1:colcon.colcon_core.package_identification:_identify(src/urdf_example) by extensions ['colcon_meta']
[0.650s] Level 1:colcon.colcon_core.package_identification:_identify(src/urdf_example) by extension 'colcon_meta'
[0.650s] Level 1:colcon.colcon_core.package_identification:_identify(src/urdf_example) by extensions ['ros']
[0.650s] Level 1:colcon.colcon_core.package_identification:_identify(src/urdf_example) by extension 'ros'
[0.651s] DEBUG:colcon.colcon_core.package_identification:Package 'src/urdf_example' with type 'ros.ament_cmake' and name 'urdf_example'
[0.651s] Level 1:colcon.colcon_core.package_discovery:discover_packages(recursive) using defaults
[0.651s] Level 1:colcon.colcon_core.package_discovery:discover_packages(ignore) discover
[0.651s] Level 1:colcon.colcon_core.package_discovery:discover_packages(ignore) using defaults
[0.651s] Level 1:colcon.colcon_core.package_discovery:discover_packages(path) discover
[0.651s] Level 1:colcon.colcon_core.package_discovery:discover_packages(path) using defaults
[0.689s] INFO:colcon.colcon_core.package_selection:Skipping not selected package 'exercise_3_4' in 'src/lab03/exercise_3_4'
[0.689s] INFO:colcon.colcon_core.package_selection:Skipping not selected package 'exersice_2_1' in 'src/lab03/exersice_2_1'
[0.689s] INFO:colcon.colcon_core.package_selection:Skipping not selected package 'exersice_2_2' in 'src/lab03/exersice_2_2'
[0.689s] INFO:colcon.colcon_core.package_selection:Skipping not selected package 'lab04' in 'src/lab04'
[0.689s] INFO:colcon.colcon_core.package_selection:Skipping not selected package 'lab2urdf' in 'src/lab2urdf'
[0.690s] INFO:colcon.colcon_core.package_selection:Skipping not selected package 'robot1' in 'src/robot1'
[0.690s] INFO:colcon.colcon_core.package_selection:Skipping not selected package 'tf2_pkg' in 'src/tf2_pkg'
[0.690s] INFO:colcon.colcon_core.package_selection:Skipping not selected package 'urdf_example' in 'src/urdf_example'
[0.701s] Level 1:colcon.colcon_core.package_discovery:discover_packages(prefix_path) check parameters
[0.701s] Level 1:colcon.colcon_core.package_discovery:discover_packages(prefix_path) discover
[0.716s] DEBUG:colcon.colcon_installed_package_information.package_discovery:Found 14 installed packages in /home/teehee/ros2_ws/install
[0.723s] DEBUG:colcon.colcon_installed_package_information.package_discovery:Found 278 installed packages in /opt/ros/humble
[0.723s] Level 1:colcon.colcon_core.package_discovery:discover_packages(prefix_path) using defaults
[0.770s] Level 5:colcon.colcon_core.verb:set package 'pylab04' build argument 'cmake_args' from command line to 'None'
[0.770s] Level 5:colcon.colcon_core.verb:set package 'pylab04' build argument 'cmake_target' from command line to 'None'
[0.770s] Level 5:colcon.colcon_core.verb:set package 'pylab04' build argument 'cmake_target_skip_unavailable' from command line to 'False'
[0.770s] Level 5:colcon.colcon_core.verb:set package 'pylab04' build argument 'cmake_clean_cache' from command line to 'False'
[0.770s] Level 5:colcon.colcon_core.verb:set package 'pylab04' build argument 'cmake_clean_first' from command line to 'False'
[0.770s] Level 5:colcon.colcon_core.verb:set package 'pylab04' build argument 'cmake_force_configure' from command line to 'False'
[0.770s] Level 5:colcon.colcon_core.verb:set package 'pylab04' build argument 'ament_cmake_args' from command line to 'None'
[0.770s] Level 5:colcon.colcon_core.verb:set package 'pylab04' build argument 'catkin_cmake_args' from command line to 'None'
[0.770s] Level 5:colcon.colcon_core.verb:set package 'pylab04' build argument 'catkin_skip_building_tests' from command line to 'False'
[0.770s] DEBUG:colcon.colcon_core.verb:Building package 'pylab04' with the following arguments: {'ament_cmake_args': None, 'build_base': '/home/teehee/ros2_ws/build/pylab04', 'catkin_cmake_args': None, 'catkin_skip_building_tests': False, 'cmake_args': None, 'cmake_clean_cache': False, 'cmake_clean_first': False, 'cmake_force_configure': False, 'cmake_target': None, 'cmake_target_skip_unavailable': False, 'install_base': '/home/teehee/ros2_ws/install/pylab04', 'merge_install': False, 'path': '/home/teehee/ros2_ws/src/pylab04', 'symlink_install': True, 'test_result_base': None}
[0.775s] INFO:colcon.colcon_core.executor:Executing jobs using 'parallel' executor
[0.782s] DEBUG:colcon.colcon_parallel_executor.executor.parallel:run_until_complete
[0.782s] INFO:colcon.colcon_ros.task.ament_python.build:Building ROS package in '/home/teehee/ros2_ws/src/pylab04' with build type 'ament_python'
[0.782s] Level 1:colcon.colcon_core.shell:create_environment_hook('pylab04', 'ament_prefix_path')
[0.794s] INFO:colcon.colcon_core.plugin_system:Skipping extension 'colcon_core.shell.bat': Not used on non-Windows systems
[0.794s] INFO:colcon.colcon_core.shell:Creating environment hook '/home/teehee/ros2_ws/install/pylab04/share/pylab04/hook/ament_prefix_path.ps1'
[0.795s] INFO:colcon.colcon_core.shell:Creating environment descriptor '/home/teehee/ros2_ws/install/pylab04/share/pylab04/hook/ament_prefix_path.dsv'
[0.796s] INFO:colcon.colcon_core.shell:Creating environment hook '/home/teehee/ros2_ws/install/pylab04/share/pylab04/hook/ament_prefix_path.sh'
[0.806s] INFO:colcon.colcon_core.shell:Skip shell extension 'powershell' for command environment: Not usable outside of PowerShell
[0.807s] DEBUG:colcon.colcon_core.shell:Skip shell extension 'dsv' for command environment
[0.961s] INFO:colcon.colcon_core.task.python.build:Building Python package in '/home/teehee/ros2_ws/src/pylab04'
[0.968s] INFO:colcon.colcon_core.shell:Skip shell extension 'powershell' for command environment: Not usable outside of PowerShell
[0.968s] DEBUG:colcon.colcon_core.shell:Skip shell extension 'dsv' for command environment
[1.198s] DEBUG:colcon.colcon_core.event_handler.log_command:Invoking command in '/home/teehee/ros2_ws/build/pylab04': PYTHONPATH=/home/teehee/ros2_ws/build/pylab04/prefix_override:/home/teehee/ros2_ws/install/pylab04/lib/python3.10/site-packages:${PYTHONPATH} /usr/bin/python3 setup.py develop --editable --build-directory /home/teehee/ros2_ws/build/pylab04/build --no-deps install_data
[1.412s] Level 1:colcon.colcon_core.shell:create_environment_hook('pylab04', 'pythonpath_develop')
[1.413s] DEBUG:colcon.colcon_core.event_handler.log_command:Invoked command in '/home/teehee/ros2_ws/build/pylab04' returned '0': PYTHONPATH=/home/teehee/ros2_ws/build/pylab04/prefix_override:/home/teehee/ros2_ws/install/pylab04/lib/python3.10/site-packages:${PYTHONPATH} /usr/bin/python3 setup.py develop --editable --build-directory /home/teehee/ros2_ws/build/pylab04/build --no-deps install_data
[1.418s] INFO:colcon.colcon_core.shell:Creating environment hook '/home/teehee/ros2_ws/build/pylab04/share/pylab04/hook/pythonpath_develop.ps1'
[1.419s] INFO:colcon.colcon_core.shell:Creating environment descriptor '/home/teehee/ros2_ws/build/pylab04/share/pylab04/hook/pythonpath_develop.dsv'
[1.419s] INFO:colcon.colcon_core.shell:Creating environment hook '/home/teehee/ros2_ws/build/pylab04/share/pylab04/hook/pythonpath_develop.sh'
[1.430s] Level 1:colcon.colcon_core.environment:checking '/home/teehee/ros2_ws/install/pylab04' for CMake module files
[1.430s] Level 1:colcon.colcon_core.environment:checking '/home/teehee/ros2_ws/install/pylab04' for CMake config files
[1.430s] Level 1:colcon.colcon_core.environment:checking '/home/teehee/ros2_ws/install/pylab04/lib'
[1.430s] Level 1:colcon.colcon_core.environment:checking '/home/teehee/ros2_ws/install/pylab04/bin'
[1.430s] Level 1:colcon.colcon_core.environment:checking '/home/teehee/ros2_ws/install/pylab04/lib/pkgconfig/pylab04.pc'
[1.431s] Level 1:colcon.colcon_core.environment:checking '/home/teehee/ros2_ws/install/pylab04/lib/python3.10/site-packages'
[1.431s] Level 1:colcon.colcon_core.shell:create_environment_hook('pylab04', 'pythonpath')
[1.436s] INFO:colcon.colcon_core.shell:Creating environment hook '/home/teehee/ros2_ws/install/pylab04/share/pylab04/hook/pythonpath.ps1'
[1.437s] INFO:colcon.colcon_core.shell:Creating environment descriptor '/home/teehee/ros2_ws/install/pylab04/share/pylab04/hook/pythonpath.dsv'
[1.437s] INFO:colcon.colcon_core.shell:Creating environment hook '/home/teehee/ros2_ws/install/pylab04/share/pylab04/hook/pythonpath.sh'
[1.437s] Level 1:colcon.colcon_core.environment:checking '/home/teehee/ros2_ws/install/pylab04/bin'
[1.437s] Level 1:colcon.colcon_core.environment:create_environment_scripts_only(pylab04)
[1.443s] INFO:colcon.colcon_core.shell:Creating package script '/home/teehee/ros2_ws/install/pylab04/share/pylab04/package.ps1'
[1.444s] INFO:colcon.colcon_core.shell:Creating package descriptor '/home/teehee/ros2_ws/install/pylab04/share/pylab04/package.dsv'
[1.445s] INFO:colcon.colcon_core.shell:Creating package script '/home/teehee/ros2_ws/install/pylab04/share/pylab04/package.sh'
[1.446s] INFO:colcon.colcon_core.shell:Creating package script '/home/teehee/ros2_ws/install/pylab04/share/pylab04/package.bash'
[1.447s] INFO:colcon.colcon_core.shell:Creating package script '/home/teehee/ros2_ws/install/pylab04/share/pylab04/package.zsh'
[1.448s] Level 1:colcon.colcon_core.environment:create_file_with_runtime_dependencies(/home/teehee/ros2_ws/install/pylab04/share/colcon-core/packages/pylab04)
[1.448s] DEBUG:colcon.colcon_parallel_executor.executor.parallel:closing loop
[1.448s] DEBUG:colcon.colcon_parallel_executor.executor.parallel:loop closed
[1.448s] DEBUG:colcon.colcon_parallel_executor.executor.parallel:run_until_complete finished with '0'
[1.448s] DEBUG:colcon.colcon_core.event_reactor:joining thread
[1.470s] INFO:colcon.colcon_core.plugin_system:Skipping extension 'colcon_notification.desktop_notification.terminal_notifier': Not used on non-Darwin systems
[1.470s] INFO:colcon.colcon_core.plugin_system:Skipping extension 'colcon_notification.desktop_notification.win32': Not used on non-Windows systems
[1.470s] INFO:colcon.colcon_notification.desktop_notification:Sending desktop notification using 'notify2'
[1.487s] DEBUG:colcon.colcon_core.event_reactor:joined thread
[1.493s] INFO:colcon.colcon_core.shell:Creating prefix script '/home/teehee/ros2_ws/install/local_setup.ps1'
[1.495s] INFO:colcon.colcon_core.shell:Creating prefix util module '/home/teehee/ros2_ws/install/_local_setup_util_ps1.py'
[1.501s] INFO:colcon.colcon_core.shell:Creating prefix chain script '/home/teehee/ros2_ws/install/setup.ps1'
[1.509s] INFO:colcon.colcon_core.shell:Creating prefix script '/home/teehee/ros2_ws/install/local_setup.sh'
[1.510s] INFO:colcon.colcon_core.shell:Creating prefix util module '/home/teehee/ros2_ws/install/_local_setup_util_sh.py'
[1.511s] INFO:colcon.colcon_core.shell:Creating prefix chain script '/home/teehee/ros2_ws/install/setup.sh'
[1.525s] INFO:colcon.colcon_core.shell:Creating prefix script '/home/teehee/ros2_ws/install/local_setup.bash'
[1.526s] INFO:colcon.colcon_core.shell:Creating prefix chain script '/home/teehee/ros2_ws/install/setup.bash'
[1.533s] INFO:colcon.colcon_core.shell:Creating prefix script '/home/teehee/ros2_ws/install/local_setup.zsh'
[1.534s] INFO:colcon.colcon_core.shell:Creating prefix chain script '/home/teehee/ros2_ws/install/setup.zsh'
