-- Found ament_cmake: 1.3.6 (/opt/ros/humble/share/ament_cmake/cmake)
-- Override CMake install command with custom implementation using symlinks instead of copying resources
-- Configuring done
-- Generating done
-- Build files have been written to: /home/teehee/ros2_ws/build/labs_bringup
-- Install configuration: ""
-- Execute custom install script
-- Symlinking: /home/teehee/ros2_ws/install/labs_bringup/share/labs_bringup/launch/ex16.launch.py
-- Symlinking: /home/teehee/ros2_ws/install/labs_bringup/share/labs_bringup/launch/integer_adder.launch.py
-- Symlinking: /home/teehee/ros2_ws/install/labs_bringup/share/labs_bringup/launch/lab_ex11.launch.py
-- Symlinking: /home/teehee/ros2_ws/install/labs_bringup/share/labs_bringup/launch/talker_listener.launch.py
-- Symlinking: /home/teehee/ros2_ws/install/labs_bringup/share/labs_bringup/launch/talker_listener_basic.launch.py
-- Symlinking: /home/teehee/ros2_ws/install/labs_bringup/share/labs_bringup/launch/tb4_drivesquare.launch.py
-- Symlinking: /home/teehee/ros2_ws/install/labs_bringup/share/labs_bringup/launch/transform_point.launch.py
-- Symlinking: /home/teehee/ros2_ws/install/labs_bringup/share/labs_bringup/launch/turtlesim_drivesquare.launch.py
-- Symlinking: /home/teehee/ros2_ws/install/labs_bringup/share/ament_index/resource_index/package_run_dependencies/labs_bringup
-- Symlinking: /home/teehee/ros2_ws/install/labs_bringup/share/ament_index/resource_index/parent_prefix_path/labs_bringup
-- Symlinking: /home/teehee/ros2_ws/install/labs_bringup/share/labs_bringup/environment/ament_prefix_path.sh
-- Symlinking: /home/teehee/ros2_ws/install/labs_bringup/share/labs_bringup/environment/ament_prefix_path.dsv
-- Symlinking: /home/teehee/ros2_ws/install/labs_bringup/share/labs_bringup/environment/path.sh
-- Symlinking: /home/teehee/ros2_ws/install/labs_bringup/share/labs_bringup/environment/path.dsv
-- Symlinking: /home/teehee/ros2_ws/install/labs_bringup/share/labs_bringup/local_setup.bash
-- Symlinking: /home/teehee/ros2_ws/install/labs_bringup/share/labs_bringup/local_setup.sh
-- Symlinking: /home/teehee/ros2_ws/install/labs_bringup/share/labs_bringup/local_setup.zsh
-- Symlinking: /home/teehee/ros2_ws/install/labs_bringup/share/labs_bringup/local_setup.dsv
-- Symlinking: /home/teehee/ros2_ws/install/labs_bringup/share/labs_bringup/package.dsv
-- Symlinking: /home/teehee/ros2_ws/install/labs_bringup/share/ament_index/resource_index/packages/labs_bringup
-- Symlinking: /home/teehee/ros2_ws/install/labs_bringup/share/labs_bringup/cmake/labs_bringupConfig.cmake
-- Symlinking: /home/teehee/ros2_ws/install/labs_bringup/share/labs_bringup/cmake/labs_bringupConfig-version.cmake
-- Symlinking: /home/teehee/ros2_ws/install/labs_bringup/share/labs_bringup/package.xml
