[0.068s] Invoking command in '/home/teehee/ros2_ws/build/labs_bringup': CMAKE_PREFIX_PATH=${CMAKE_PREFIX_PATH}:/home/teehee/ros2_ws/install/tf2_pkg:/home/teehee/ros2_ws/install/labs_pkg:/home/teehee/ros2_ws/install/lab_exam2_pkg:/home/teehee/ros2_ws/install/example_pkg:/opt/ros/humble /usr/bin/cmake /home/teehee/ros2_ws/src/labs_bringup -DAMENT_CMAKE_SYMLINK_INSTALL=1 -DCMAKE_INSTALL_PREFIX=/home/teehee/ros2_ws/install/labs_bringup
[0.082s] -- Found ament_cmake: 1.3.6 (/opt/ros/humble/share/ament_cmake/cmake)
[0.224s] -- Override CMake install command with custom implementation using symlinks instead of copying resources
[0.298s] -- Configuring done
[0.303s] -- Generating done
[0.306s] -- Build files have been written to: /home/teehee/ros2_ws/build/labs_bringup
[0.310s] Invoked command in '/home/teehee/ros2_ws/build/labs_bringup' returned '0': CMAKE_PREFIX_PATH=${CMAKE_PREFIX_PATH}:/home/teehee/ros2_ws/install/tf2_pkg:/home/teehee/ros2_ws/install/labs_pkg:/home/teehee/ros2_ws/install/lab_exam2_pkg:/home/teehee/ros2_ws/install/example_pkg:/opt/ros/humble /usr/bin/cmake /home/teehee/ros2_ws/src/labs_bringup -DAMENT_CMAKE_SYMLINK_INSTALL=1 -DCMAKE_INSTALL_PREFIX=/home/teehee/ros2_ws/install/labs_bringup
[0.313s] Invoking command in '/home/teehee/ros2_ws/build/labs_bringup': CMAKE_PREFIX_PATH=${CMAKE_PREFIX_PATH}:/home/teehee/ros2_ws/install/tf2_pkg:/home/teehee/ros2_ws/install/labs_pkg:/home/teehee/ros2_ws/install/lab_exam2_pkg:/home/teehee/ros2_ws/install/example_pkg:/opt/ros/humble /usr/bin/cmake --build /home/teehee/ros2_ws/build/labs_bringup -- -j4 -l4
[0.376s] Invoked command in '/home/teehee/ros2_ws/build/labs_bringup' returned '0': CMAKE_PREFIX_PATH=${CMAKE_PREFIX_PATH}:/home/teehee/ros2_ws/install/tf2_pkg:/home/teehee/ros2_ws/install/labs_pkg:/home/teehee/ros2_ws/install/lab_exam2_pkg:/home/teehee/ros2_ws/install/example_pkg:/opt/ros/humble /usr/bin/cmake --build /home/teehee/ros2_ws/build/labs_bringup -- -j4 -l4
[0.441s] Invoking command in '/home/teehee/ros2_ws/build/labs_bringup': CMAKE_PREFIX_PATH=${CMAKE_PREFIX_PATH}:/home/teehee/ros2_ws/install/tf2_pkg:/home/teehee/ros2_ws/install/labs_pkg:/home/teehee/ros2_ws/install/lab_exam2_pkg:/home/teehee/ros2_ws/install/example_pkg:/opt/ros/humble /usr/bin/cmake --install /home/teehee/ros2_ws/build/labs_bringup
[0.452s] -- Install configuration: ""
[0.452s] -- Execute custom install script
[0.452s] -- Symlinking: /home/teehee/ros2_ws/install/labs_bringup/share/labs_bringup/launch/ex16.launch.py
[0.465s] -- Symlinking: /home/teehee/ros2_ws/install/labs_bringup/share/labs_bringup/launch/integer_adder.launch.py
[0.476s] -- Symlinking: /home/teehee/ros2_ws/install/labs_bringup/share/labs_bringup/launch/lab_ex11.launch.py
[0.488s] -- Symlinking: /home/teehee/ros2_ws/install/labs_bringup/share/labs_bringup/launch/talker_listener.launch.py
[0.499s] -- Symlinking: /home/teehee/ros2_ws/install/labs_bringup/share/labs_bringup/launch/talker_listener_basic.launch.py
[0.512s] -- Symlinking: /home/teehee/ros2_ws/install/labs_bringup/share/labs_bringup/launch/tb4_drivesquare.launch.py
[0.524s] -- Symlinking: /home/teehee/ros2_ws/install/labs_bringup/share/labs_bringup/launch/transform_point.launch.py
[0.535s] -- Symlinking: /home/teehee/ros2_ws/install/labs_bringup/share/labs_bringup/launch/turtlesim_drivesquare.launch.py
[0.551s] -- Symlinking: /home/teehee/ros2_ws/install/labs_bringup/share/ament_index/resource_index/package_run_dependencies/labs_bringup
[0.566s] -- Symlinking: /home/teehee/ros2_ws/install/labs_bringup/share/ament_index/resource_index/parent_prefix_path/labs_bringup
[0.578s] -- Symlinking: /home/teehee/ros2_ws/install/labs_bringup/share/labs_bringup/environment/ament_prefix_path.sh
[0.589s] -- Symlinking: /home/teehee/ros2_ws/install/labs_bringup/share/labs_bringup/environment/ament_prefix_path.dsv
[0.600s] -- Symlinking: /home/teehee/ros2_ws/install/labs_bringup/share/labs_bringup/environment/path.sh
[0.613s] -- Symlinking: /home/teehee/ros2_ws/install/labs_bringup/share/labs_bringup/environment/path.dsv
[0.624s] -- Symlinking: /home/teehee/ros2_ws/install/labs_bringup/share/labs_bringup/local_setup.bash
[0.645s] -- Symlinking: /home/teehee/ros2_ws/install/labs_bringup/share/labs_bringup/local_setup.sh
[0.658s] -- Symlinking: /home/teehee/ros2_ws/install/labs_bringup/share/labs_bringup/local_setup.zsh
[0.670s] -- Symlinking: /home/teehee/ros2_ws/install/labs_bringup/share/labs_bringup/local_setup.dsv
[0.683s] -- Symlinking: /home/teehee/ros2_ws/install/labs_bringup/share/labs_bringup/package.dsv
[0.694s] -- Symlinking: /home/teehee/ros2_ws/install/labs_bringup/share/ament_index/resource_index/packages/labs_bringup
[0.706s] -- Symlinking: /home/teehee/ros2_ws/install/labs_bringup/share/labs_bringup/cmake/labs_bringupConfig.cmake
[0.718s] -- Symlinking: /home/teehee/ros2_ws/install/labs_bringup/share/labs_bringup/cmake/labs_bringupConfig-version.cmake
[0.729s] -- Symlinking: /home/teehee/ros2_ws/install/labs_bringup/share/labs_bringup/package.xml
[0.754s] Invoked command in '/home/teehee/ros2_ws/build/labs_bringup' returned '0': CMAKE_PREFIX_PATH=${CMAKE_PREFIX_PATH}:/home/teehee/ros2_ws/install/tf2_pkg:/home/teehee/ros2_ws/install/labs_pkg:/home/teehee/ros2_ws/install/lab_exam2_pkg:/home/teehee/ros2_ws/install/example_pkg:/opt/ros/humble /usr/bin/cmake --install /home/teehee/ros2_ws/build/labs_bringup
