-- Found ament_cmake: 1.3.8 (/opt/ros/humble/share/ament_cmake/cmake)
-- Override CMake install command with custom implementation using symlinks instead of copying resources
-- Found ament_lint_auto: 0.12.10 (/opt/ros/humble/share/ament_lint_auto/cmake)
-- Added test 'flake8' to check Python code syntax and style conventions
-- Added test 'lint_cmake' to check CMake code style
-- Added test 'pep257' to check Python code against some of the docstring style conventions in PEP 257
-- Added test 'xmllint' to check XML markup files
-- Configuring done
-- Generating done
-- Build files have been written to: /home/teehee/ros2_ws/build/lab05
-- Install configuration: ""
-- Execute custom install script
-- Up-to-date symlink: /home/teehee/ros2_ws/install/lab05/share/ament_index/resource_index/package_run_dependencies/lab05
-- Up-to-date symlink: /home/teehee/ros2_ws/install/lab05/share/ament_index/resource_index/parent_prefix_path/lab05
-- Up-to-date symlink: /home/teehee/ros2_ws/install/lab05/share/lab05/environment/ament_prefix_path.sh
-- Up-to-date symlink: /home/teehee/ros2_ws/install/lab05/share/lab05/environment/ament_prefix_path.dsv
-- Up-to-date symlink: /home/teehee/ros2_ws/install/lab05/share/lab05/environment/path.sh
-- Up-to-date symlink: /home/teehee/ros2_ws/install/lab05/share/lab05/environment/path.dsv
-- Up-to-date symlink: /home/teehee/ros2_ws/install/lab05/share/lab05/local_setup.bash
-- Up-to-date symlink: /home/teehee/ros2_ws/install/lab05/share/lab05/local_setup.sh
-- Up-to-date symlink: /home/teehee/ros2_ws/install/lab05/share/lab05/local_setup.zsh
-- Up-to-date symlink: /home/teehee/ros2_ws/install/lab05/share/lab05/local_setup.dsv
-- Symlinking: /home/teehee/ros2_ws/install/lab05/share/lab05/package.dsv
-- Up-to-date symlink: /home/teehee/ros2_ws/install/lab05/share/ament_index/resource_index/packages/lab05
-- Up-to-date symlink: /home/teehee/ros2_ws/install/lab05/share/lab05/cmake/lab05Config.cmake
-- Up-to-date symlink: /home/teehee/ros2_ws/install/lab05/share/lab05/cmake/lab05Config-version.cmake
-- Up-to-date symlink: /home/teehee/ros2_ws/install/lab05/share/lab05/package.xml
-- Symlinking: /home/teehee/ros2_ws/install/lab05/share/lab05/description/box.sdf
-- Symlinking: /home/teehee/ros2_ws/install/lab05/share/lab05/description/box.urdf
-- Symlinking: /home/teehee/ros2_ws/install/lab05/share/lab05/description/box.urdf.xacro
-- Symlinking: /home/teehee/ros2_ws/install/lab05/share/lab05/description/box_core.xacro
-- Symlinking: /home/teehee/ros2_ws/install/lab05/share/lab05/description/bridges.yaml
-- Symlinking: /home/teehee/ros2_ws/install/lab05/share/lab05/description/camera.xacro
-- Symlinking: /home/teehee/ros2_ws/install/lab05/share/lab05/description/colors.xacro
-- Symlinking: /home/teehee/ros2_ws/install/lab05/share/lab05/description/depth_camera.xacro
-- Symlinking: /home/teehee/ros2_ws/install/lab05/share/lab05/description/ekf.yaml
-- Symlinking: /home/teehee/ros2_ws/install/lab05/share/lab05/description/gazebo.xacro
-- Symlinking: /home/teehee/ros2_ws/install/lab05/share/lab05/description/greenbox.sdf
-- Symlinking: /home/teehee/ros2_ws/install/lab05/share/lab05/description/greenbox.urdf
-- Symlinking: /home/teehee/ros2_ws/install/lab05/share/lab05/description/greenbox.urdf.xacro
-- Symlinking: /home/teehee/ros2_ws/install/lab05/share/lab05/description/greenbox2.sdf
-- Symlinking: /home/teehee/ros2_ws/install/lab05/share/lab05/description/greenbox2.urdf
-- Symlinking: /home/teehee/ros2_ws/install/lab05/share/lab05/description/greenbox2.urdf.xacro
-- Symlinking: /home/teehee/ros2_ws/install/lab05/share/lab05/description/greenbox_core.xacro
-- Symlinking: /home/teehee/ros2_ws/install/lab05/share/lab05/description/greenbox_core2.xacro
-- Symlinking: /home/teehee/ros2_ws/install/lab05/share/lab05/description/inertial.xacro
-- Symlinking: /home/teehee/ros2_ws/install/lab05/share/lab05/description/lidar.xacro
-- Symlinking: /home/teehee/ros2_ws/install/lab05/share/lab05/description/redbox.sdf
-- Symlinking: /home/teehee/ros2_ws/install/lab05/share/lab05/description/redbox.urdf
-- Symlinking: /home/teehee/ros2_ws/install/lab05/share/lab05/description/redbox.urdf.xacro
-- Symlinking: /home/teehee/ros2_ws/install/lab05/share/lab05/description/redbox_core.xacro
-- Symlinking: /home/teehee/ros2_ws/install/lab05/share/lab05/description/robot.sdf
-- Symlinking: /home/teehee/ros2_ws/install/lab05/share/lab05/description/robot.urdf
-- Symlinking: /home/teehee/ros2_ws/install/lab05/share/lab05/description/robot.urdf.xacro
-- Symlinking: /home/teehee/ros2_ws/install/lab05/share/lab05/description/robot_core.xacro
-- Symlinking: /home/teehee/ros2_ws/install/lab05/share/lab05/launch/rsp.launch.py
-- Symlinking: /home/teehee/ros2_ws/install/lab05/share/lab05/worlds/construction_world.sdf
-- Symlinking: /home/teehee/ros2_ws/install/lab05/share/lab05/worlds/ex_4_2.sdf
-- Symlinking: /home/teehee/ros2_ws/install/lab05/share/lab05/worlds/ex_4_3.sdf
-- Symlinking: /home/teehee/ros2_ws/install/lab05/share/lab05/worlds/ex_4_5.sdf
-- Symlinking: /home/teehee/ros2_ws/install/lab05/share/lab05/worlds/world.sdf
