[0.072s] Invoking command in '/home/teehee/ros2_ws/build/lab05': CMAKE_PREFIX_PATH=${CMAKE_PREFIX_PATH}:/home/teehee/ros2_ws/install/tf2_pkg:/home/teehee/ros2_ws/install/pylab_exam1:/home/teehee/ros2_ws/install/pylab04:/home/teehee/ros2_ws/install/labs_pkg:/home/teehee/ros2_ws/install/labex6:/home/teehee/ros2_ws/install/lab_exam2_pkg:/home/teehee/ros2_ws/install/example_pkg:/opt/ros/humble /usr/bin/cmake --build /home/teehee/ros2_ws/build/lab05 -- -j8 -l8
[0.104s] -- Found ament_cmake: 1.3.8 (/opt/ros/humble/share/ament_cmake/cmake)
[0.253s] -- Override CMake install command with custom implementation using symlinks instead of copying resources
[0.261s] -- Found ament_lint_auto: 0.12.10 (/opt/ros/humble/share/ament_lint_auto/cmake)
[0.335s] -- Added test 'flake8' to check Python code syntax and style conventions
[0.336s] -- Added test 'lint_cmake' to check CMake code style
[0.337s] -- Added test 'pep257' to check Python code against some of the docstring style conventions in PEP 257
[0.346s] -- Added test 'xmllint' to check XML markup files
[0.349s] -- Configuring done
[0.355s] -- Generating done
[0.357s] -- Build files have been written to: /home/teehee/ros2_ws/build/lab05
[0.385s] Invoked command in '/home/teehee/ros2_ws/build/lab05' returned '0': CMAKE_PREFIX_PATH=${CMAKE_PREFIX_PATH}:/home/teehee/ros2_ws/install/tf2_pkg:/home/teehee/ros2_ws/install/pylab_exam1:/home/teehee/ros2_ws/install/pylab04:/home/teehee/ros2_ws/install/labs_pkg:/home/teehee/ros2_ws/install/labex6:/home/teehee/ros2_ws/install/lab_exam2_pkg:/home/teehee/ros2_ws/install/example_pkg:/opt/ros/humble /usr/bin/cmake --build /home/teehee/ros2_ws/build/lab05 -- -j8 -l8
[0.462s] Invoking command in '/home/teehee/ros2_ws/build/lab05': CMAKE_PREFIX_PATH=${CMAKE_PREFIX_PATH}:/home/teehee/ros2_ws/install/tf2_pkg:/home/teehee/ros2_ws/install/pylab_exam1:/home/teehee/ros2_ws/install/pylab04:/home/teehee/ros2_ws/install/labs_pkg:/home/teehee/ros2_ws/install/labex6:/home/teehee/ros2_ws/install/lab_exam2_pkg:/home/teehee/ros2_ws/install/example_pkg:/opt/ros/humble /usr/bin/cmake --install /home/teehee/ros2_ws/build/lab05
[0.471s] -- Install configuration: ""
[0.471s] -- Execute custom install script
[0.471s] -- Up-to-date symlink: /home/teehee/ros2_ws/install/lab05/share/ament_index/resource_index/package_run_dependencies/lab05
[0.471s] -- Up-to-date symlink: /home/teehee/ros2_ws/install/lab05/share/ament_index/resource_index/parent_prefix_path/lab05
[0.472s] -- Up-to-date symlink: /home/teehee/ros2_ws/install/lab05/share/lab05/environment/ament_prefix_path.sh
[0.472s] -- Up-to-date symlink: /home/teehee/ros2_ws/install/lab05/share/lab05/environment/ament_prefix_path.dsv
[0.474s] -- Up-to-date symlink: /home/teehee/ros2_ws/install/lab05/share/lab05/environment/path.sh
[0.474s] -- Up-to-date symlink: /home/teehee/ros2_ws/install/lab05/share/lab05/environment/path.dsv
[0.479s] -- Up-to-date symlink: /home/teehee/ros2_ws/install/lab05/share/lab05/local_setup.bash
[0.479s] -- Up-to-date symlink: /home/teehee/ros2_ws/install/lab05/share/lab05/local_setup.sh
[0.479s] -- Up-to-date symlink: /home/teehee/ros2_ws/install/lab05/share/lab05/local_setup.zsh
[0.480s] -- Up-to-date symlink: /home/teehee/ros2_ws/install/lab05/share/lab05/local_setup.dsv
[0.480s] -- Symlinking: /home/teehee/ros2_ws/install/lab05/share/lab05/package.dsv
[0.494s] -- Up-to-date symlink: /home/teehee/ros2_ws/install/lab05/share/ament_index/resource_index/packages/lab05
[0.494s] -- Up-to-date symlink: /home/teehee/ros2_ws/install/lab05/share/lab05/cmake/lab05Config.cmake
[0.494s] -- Up-to-date symlink: /home/teehee/ros2_ws/install/lab05/share/lab05/cmake/lab05Config-version.cmake
[0.494s] -- Up-to-date symlink: /home/teehee/ros2_ws/install/lab05/share/lab05/package.xml
[0.495s] -- Symlinking: /home/teehee/ros2_ws/install/lab05/share/lab05/description/box.sdf
[0.507s] -- Symlinking: /home/teehee/ros2_ws/install/lab05/share/lab05/description/box.urdf
[0.518s] -- Symlinking: /home/teehee/ros2_ws/install/lab05/share/lab05/description/box.urdf.xacro
[0.530s] -- Symlinking: /home/teehee/ros2_ws/install/lab05/share/lab05/description/box_core.xacro
[0.545s] -- Symlinking: /home/teehee/ros2_ws/install/lab05/share/lab05/description/bridges.yaml
[0.557s] -- Symlinking: /home/teehee/ros2_ws/install/lab05/share/lab05/description/camera.xacro
[0.570s] -- Symlinking: /home/teehee/ros2_ws/install/lab05/share/lab05/description/colors.xacro
[0.582s] -- Symlinking: /home/teehee/ros2_ws/install/lab05/share/lab05/description/depth_camera.xacro
[0.595s] -- Symlinking: /home/teehee/ros2_ws/install/lab05/share/lab05/description/ekf.yaml
[0.606s] -- Symlinking: /home/teehee/ros2_ws/install/lab05/share/lab05/description/gazebo.xacro
[0.618s] -- Symlinking: /home/teehee/ros2_ws/install/lab05/share/lab05/description/greenbox.sdf
[0.629s] -- Symlinking: /home/teehee/ros2_ws/install/lab05/share/lab05/description/greenbox.urdf
[0.645s] -- Symlinking: /home/teehee/ros2_ws/install/lab05/share/lab05/description/greenbox.urdf.xacro
[0.652s] -- Symlinking: /home/teehee/ros2_ws/install/lab05/share/lab05/description/greenbox2.sdf
[0.663s] -- Symlinking: /home/teehee/ros2_ws/install/lab05/share/lab05/description/greenbox2.urdf
[0.674s] -- Symlinking: /home/teehee/ros2_ws/install/lab05/share/lab05/description/greenbox2.urdf.xacro
[0.686s] -- Symlinking: /home/teehee/ros2_ws/install/lab05/share/lab05/description/greenbox_core.xacro
[0.697s] -- Symlinking: /home/teehee/ros2_ws/install/lab05/share/lab05/description/greenbox_core2.xacro
[0.711s] -- Symlinking: /home/teehee/ros2_ws/install/lab05/share/lab05/description/inertial.xacro
[0.722s] -- Symlinking: /home/teehee/ros2_ws/install/lab05/share/lab05/description/lidar.xacro
[0.734s] -- Symlinking: /home/teehee/ros2_ws/install/lab05/share/lab05/description/redbox.sdf
[0.747s] -- Symlinking: /home/teehee/ros2_ws/install/lab05/share/lab05/description/redbox.urdf
[0.761s] -- Symlinking: /home/teehee/ros2_ws/install/lab05/share/lab05/description/redbox.urdf.xacro
[0.772s] -- Symlinking: /home/teehee/ros2_ws/install/lab05/share/lab05/description/redbox_core.xacro
[0.783s] -- Symlinking: /home/teehee/ros2_ws/install/lab05/share/lab05/description/robot.sdf
[0.795s] -- Symlinking: /home/teehee/ros2_ws/install/lab05/share/lab05/description/robot.urdf
[0.806s] -- Symlinking: /home/teehee/ros2_ws/install/lab05/share/lab05/description/robot.urdf.xacro
[0.818s] -- Symlinking: /home/teehee/ros2_ws/install/lab05/share/lab05/description/robot_core.xacro
[0.829s] -- Symlinking: /home/teehee/ros2_ws/install/lab05/share/lab05/launch/rsp.launch.py
[0.849s] -- Symlinking: /home/teehee/ros2_ws/install/lab05/share/lab05/worlds/construction_world.sdf
[0.860s] -- Symlinking: /home/teehee/ros2_ws/install/lab05/share/lab05/worlds/ex_4_2.sdf
[0.870s] -- Symlinking: /home/teehee/ros2_ws/install/lab05/share/lab05/worlds/ex_4_3.sdf
[0.882s] -- Symlinking: /home/teehee/ros2_ws/install/lab05/share/lab05/worlds/ex_4_5.sdf
[0.893s] -- Symlinking: /home/teehee/ros2_ws/install/lab05/share/lab05/worlds/world.sdf
[0.908s] Invoked command in '/home/teehee/ros2_ws/build/lab05' returned '0': CMAKE_PREFIX_PATH=${CMAKE_PREFIX_PATH}:/home/teehee/ros2_ws/install/tf2_pkg:/home/teehee/ros2_ws/install/pylab_exam1:/home/teehee/ros2_ws/install/pylab04:/home/teehee/ros2_ws/install/labs_pkg:/home/teehee/ros2_ws/install/labex6:/home/teehee/ros2_ws/install/lab_exam2_pkg:/home/teehee/ros2_ws/install/example_pkg:/opt/ros/humble /usr/bin/cmake --install /home/teehee/ros2_ws/build/lab05
