[0.082s] Invoking command in '/home/teehee/ros2_ws/build/lab04': CMAKE_PREFIX_PATH=${CMAKE_PREFIX_PATH}:/home/teehee/ros2_ws/install/tf2_pkg:/home/teehee/ros2_ws/install/labs_pkg:/home/teehee/ros2_ws/install/labex6:/home/teehee/ros2_ws/install/lab_exam2_pkg:/home/teehee/ros2_ws/install/example_pkg:/opt/ros/humble /usr/bin/cmake /home/teehee/ros2_ws/src/lab04 -DAMENT_CMAKE_SYMLINK_INSTALL=1 -DCMAKE_INSTALL_PREFIX=/home/teehee/ros2_ws/install/lab04
[0.328s] -- The C compiler identification is GNU 11.4.0
[0.538s] -- The CXX compiler identification is GNU 11.4.0
[0.560s] -- Detecting C compiler ABI info
[0.681s] -- Detecting C compiler ABI info - done
[0.687s] -- Check for working C compiler: /usr/bin/cc - skipped
[0.688s] -- Detecting C compile features
[0.689s] -- Detecting C compile features - done
[0.695s] -- Detecting CXX compiler ABI info
[0.843s] -- Detecting CXX compiler ABI info - done
[0.848s] -- Check for working CXX compiler: /usr/bin/c++ - skipped
[0.849s] -- Detecting CXX compile features
[0.849s] -- Detecting CXX compile features - done
[0.879s] -- Found ament_cmake: 1.3.7 (/opt/ros/humble/share/ament_cmake/cmake)
[1.103s] -- Found Python3: /usr/bin/python3.10 (found version "3.10.12") found components: Interpreter 
[1.205s] -- Override CMake install command with custom implementation using symlinks instead of copying resources
[1.297s] -- Found ament_lint_auto: 0.12.10 (/opt/ros/humble/share/ament_lint_auto/cmake)
[1.426s] -- Added test 'flake8' to check Python code syntax and style conventions
[1.427s] -- Added test 'lint_cmake' to check CMake code style
[1.428s] -- Added test 'pep257' to check Python code against some of the docstring style conventions in PEP 257
[1.432s] -- Added test 'xmllint' to check XML markup files
[1.437s] -- Configuring done
[1.441s] -- Generating done
[1.442s] -- Build files have been written to: /home/teehee/ros2_ws/build/lab04
[1.447s] Invoked command in '/home/teehee/ros2_ws/build/lab04' returned '0': CMAKE_PREFIX_PATH=${CMAKE_PREFIX_PATH}:/home/teehee/ros2_ws/install/tf2_pkg:/home/teehee/ros2_ws/install/labs_pkg:/home/teehee/ros2_ws/install/labex6:/home/teehee/ros2_ws/install/lab_exam2_pkg:/home/teehee/ros2_ws/install/example_pkg:/opt/ros/humble /usr/bin/cmake /home/teehee/ros2_ws/src/lab04 -DAMENT_CMAKE_SYMLINK_INSTALL=1 -DCMAKE_INSTALL_PREFIX=/home/teehee/ros2_ws/install/lab04
[1.451s] Invoking command in '/home/teehee/ros2_ws/build/lab04': CMAKE_PREFIX_PATH=${CMAKE_PREFIX_PATH}:/home/teehee/ros2_ws/install/tf2_pkg:/home/teehee/ros2_ws/install/labs_pkg:/home/teehee/ros2_ws/install/labex6:/home/teehee/ros2_ws/install/lab_exam2_pkg:/home/teehee/ros2_ws/install/example_pkg:/opt/ros/humble /usr/bin/cmake --build /home/teehee/ros2_ws/build/lab04 -- -j4 -l4
[1.520s] Invoked command in '/home/teehee/ros2_ws/build/lab04' returned '0': CMAKE_PREFIX_PATH=${CMAKE_PREFIX_PATH}:/home/teehee/ros2_ws/install/tf2_pkg:/home/teehee/ros2_ws/install/labs_pkg:/home/teehee/ros2_ws/install/labex6:/home/teehee/ros2_ws/install/lab_exam2_pkg:/home/teehee/ros2_ws/install/example_pkg:/opt/ros/humble /usr/bin/cmake --build /home/teehee/ros2_ws/build/lab04 -- -j4 -l4
[1.559s] Invoking command in '/home/teehee/ros2_ws/build/lab04': CMAKE_PREFIX_PATH=${CMAKE_PREFIX_PATH}:/home/teehee/ros2_ws/install/tf2_pkg:/home/teehee/ros2_ws/install/labs_pkg:/home/teehee/ros2_ws/install/labex6:/home/teehee/ros2_ws/install/lab_exam2_pkg:/home/teehee/ros2_ws/install/example_pkg:/opt/ros/humble /usr/bin/cmake --install /home/teehee/ros2_ws/build/lab04
[1.567s] -- Install configuration: ""
[1.568s] -- Execute custom install script
[1.568s] -- Symlinking: /home/teehee/ros2_ws/install/lab04/share/ament_index/resource_index/package_run_dependencies/lab04
[1.595s] -- Symlinking: /home/teehee/ros2_ws/install/lab04/share/ament_index/resource_index/parent_prefix_path/lab04
[1.608s] -- Symlinking: /home/teehee/ros2_ws/install/lab04/share/lab04/environment/ament_prefix_path.sh
[1.621s] -- Symlinking: /home/teehee/ros2_ws/install/lab04/share/lab04/environment/ament_prefix_path.dsv
[1.633s] -- Symlinking: /home/teehee/ros2_ws/install/lab04/share/lab04/environment/path.sh
[1.645s] -- Symlinking: /home/teehee/ros2_ws/install/lab04/share/lab04/environment/path.dsv
[1.657s] -- Symlinking: /home/teehee/ros2_ws/install/lab04/share/lab04/local_setup.bash
[1.668s] -- Symlinking: /home/teehee/ros2_ws/install/lab04/share/lab04/local_setup.sh
[1.679s] -- Symlinking: /home/teehee/ros2_ws/install/lab04/share/lab04/local_setup.zsh
[1.692s] -- Symlinking: /home/teehee/ros2_ws/install/lab04/share/lab04/local_setup.dsv
[1.706s] -- Symlinking: /home/teehee/ros2_ws/install/lab04/share/lab04/package.dsv
[1.718s] -- Symlinking: /home/teehee/ros2_ws/install/lab04/share/ament_index/resource_index/packages/lab04
[1.731s] -- Symlinking: /home/teehee/ros2_ws/install/lab04/share/lab04/cmake/lab04Config.cmake
[1.742s] -- Symlinking: /home/teehee/ros2_ws/install/lab04/share/lab04/cmake/lab04Config-version.cmake
[1.754s] -- Symlinking: /home/teehee/ros2_ws/install/lab04/share/lab04/package.xml
[1.766s] -- Symlinking: /home/teehee/ros2_ws/install/lab04/share/lab04/description/bridges.yaml
[1.777s] -- Symlinking: /home/teehee/ros2_ws/install/lab04/share/lab04/description/colors.xacro
[1.788s] -- Symlinking: /home/teehee/ros2_ws/install/lab04/share/lab04/description/gazebo.xacro
[1.802s] -- Symlinking: /home/teehee/ros2_ws/install/lab04/share/lab04/description/inertial.xacro
[1.814s] -- Symlinking: /home/teehee/ros2_ws/install/lab04/share/lab04/description/lidar.xacro
[1.829s] -- Symlinking: /home/teehee/ros2_ws/install/lab04/share/lab04/description/robot.sdf
[1.841s] -- Symlinking: /home/teehee/ros2_ws/install/lab04/share/lab04/description/robot.urdf
[1.853s] -- Symlinking: /home/teehee/ros2_ws/install/lab04/share/lab04/description/robot.urdf.xacro
[1.865s] -- Symlinking: /home/teehee/ros2_ws/install/lab04/share/lab04/description/robot_core.xacro
[1.877s] -- Symlinking: /home/teehee/ros2_ws/install/lab04/share/lab04/launch/rsp.launch.py
[1.889s] -- Symlinking: /home/teehee/ros2_ws/install/lab04/share/lab04/worlds/world.sdf
[1.910s] Invoked command in '/home/teehee/ros2_ws/build/lab04' returned '0': CMAKE_PREFIX_PATH=${CMAKE_PREFIX_PATH}:/home/teehee/ros2_ws/install/tf2_pkg:/home/teehee/ros2_ws/install/labs_pkg:/home/teehee/ros2_ws/install/labex6:/home/teehee/ros2_ws/install/lab_exam2_pkg:/home/teehee/ros2_ws/install/example_pkg:/opt/ros/humble /usr/bin/cmake --install /home/teehee/ros2_ws/build/lab04
