running egg_info
writing ../../build/tf2_pkg/tf2_pkg.egg-info/PKG-INFO
writing dependency_links to ../../build/tf2_pkg/tf2_pkg.egg-info/dependency_links.txt
writing entry points to ../../build/tf2_pkg/tf2_pkg.egg-info/entry_points.txt
writing requirements to ../../build/tf2_pkg/tf2_pkg.egg-info/requires.txt
writing top-level names to ../../build/tf2_pkg/tf2_pkg.egg-info/top_level.txt
reading manifest file '../../build/tf2_pkg/tf2_pkg.egg-info/SOURCES.txt'
writing manifest file '../../build/tf2_pkg/tf2_pkg.egg-info/SOURCES.txt'
running build
running build_py
running install
/usr/lib/python3/dist-packages/setuptools/command/install.py:34: SetuptoolsDeprecationWarning: setup.py install is deprecated. Use build and pip and other standards-based tools.
  warnings.warn(
running install_lib
running install_data
running install_egg_info
removing '/home/teehee/ros2_ws/install/tf2_pkg/lib/python3.10/site-packages/tf2_pkg-0.0.0-py3.10.egg-info' (and everything under it)
Copying ../../build/tf2_pkg/tf2_pkg.egg-info to /home/teehee/ros2_ws/install/tf2_pkg/lib/python3.10/site-packages/tf2_pkg-0.0.0-py3.10.egg-info
running install_scripts
Installing control_turtle script to /home/teehee/ros2_ws/install/tf2_pkg/lib/tf2_pkg
Installing spawn_turtles script to /home/teehee/ros2_ws/install/tf2_pkg/lib/tf2_pkg
Installing tf_broadcaster1 script to /home/teehee/ros2_ws/install/tf2_pkg/lib/tf2_pkg
Installing tf_broadcaster2 script to /home/teehee/ros2_ws/install/tf2_pkg/lib/tf2_pkg
Installing tf_broadcaster3 script to /home/teehee/ros2_ws/install/tf2_pkg/lib/tf2_pkg
Installing tf_broadcaster4 script to /home/teehee/ros2_ws/install/tf2_pkg/lib/tf2_pkg
Installing tf_broadcaster_ex14 script to /home/teehee/ros2_ws/install/tf2_pkg/lib/tf2_pkg
Installing tf_listener script to /home/teehee/ros2_ws/install/tf2_pkg/lib/tf2_pkg
Installing tf_listener1 script to /home/teehee/ros2_ws/install/tf2_pkg/lib/tf2_pkg
Installing tf_listener2 script to /home/teehee/ros2_ws/install/tf2_pkg/lib/tf2_pkg
Installing transform_point script to /home/teehee/ros2_ws/install/tf2_pkg/lib/tf2_pkg
Installing turtle_monitor script to /home/teehee/ros2_ws/install/tf2_pkg/lib/tf2_pkg
writing list of installed files to '/home/teehee/ros2_ws/build/tf2_pkg/install.log'
