[0.678s] Invoking command in '/home/teehee/ros2_ws/src/tf2_pkg': PYTHONPATH=/home/teehee/ros2_ws/build/tf2_pkg/prefix_override:/home/teehee/ros2_ws/install/tf2_pkg/lib/python3.10/site-packages:${PYTHONPATH} /usr/bin/python3 setup.py egg_info --egg-base ../../build/tf2_pkg build --build-base /home/teehee/ros2_ws/build/tf2_pkg/build install --record /home/teehee/ros2_ws/build/tf2_pkg/install.log --single-version-externally-managed
[0.896s] running egg_info
[0.897s] writing ../../build/tf2_pkg/tf2_pkg.egg-info/PKG-INFO
[0.898s] writing dependency_links to ../../build/tf2_pkg/tf2_pkg.egg-info/dependency_links.txt
[0.898s] writing entry points to ../../build/tf2_pkg/tf2_pkg.egg-info/entry_points.txt
[0.899s] writing requirements to ../../build/tf2_pkg/tf2_pkg.egg-info/requires.txt
[0.899s] writing top-level names to ../../build/tf2_pkg/tf2_pkg.egg-info/top_level.txt
[0.900s] reading manifest file '../../build/tf2_pkg/tf2_pkg.egg-info/SOURCES.txt'
[0.902s] writing manifest file '../../build/tf2_pkg/tf2_pkg.egg-info/SOURCES.txt'
[0.902s] running build
[0.902s] running build_py
[0.902s] running install
[0.903s] /usr/lib/python3/dist-packages/setuptools/command/install.py:34: SetuptoolsDeprecationWarning: setup.py install is deprecated. Use build and pip and other standards-based tools.
[0.903s]   warnings.warn(
[0.903s] running install_lib
[0.904s] running install_data
[0.905s] running install_egg_info
[0.906s] removing '/home/teehee/ros2_ws/install/tf2_pkg/lib/python3.10/site-packages/tf2_pkg-0.0.0-py3.10.egg-info' (and everything under it)
[0.907s] Copying ../../build/tf2_pkg/tf2_pkg.egg-info to /home/teehee/ros2_ws/install/tf2_pkg/lib/python3.10/site-packages/tf2_pkg-0.0.0-py3.10.egg-info
[0.908s] running install_scripts
[0.930s] Installing control_turtle script to /home/teehee/ros2_ws/install/tf2_pkg/lib/tf2_pkg
[0.930s] Installing spawn_turtles script to /home/teehee/ros2_ws/install/tf2_pkg/lib/tf2_pkg
[0.930s] Installing tf_broadcaster1 script to /home/teehee/ros2_ws/install/tf2_pkg/lib/tf2_pkg
[0.930s] Installing tf_broadcaster2 script to /home/teehee/ros2_ws/install/tf2_pkg/lib/tf2_pkg
[0.930s] Installing tf_broadcaster3 script to /home/teehee/ros2_ws/install/tf2_pkg/lib/tf2_pkg
[0.930s] Installing tf_broadcaster4 script to /home/teehee/ros2_ws/install/tf2_pkg/lib/tf2_pkg
[0.930s] Installing tf_broadcaster_ex14 script to /home/teehee/ros2_ws/install/tf2_pkg/lib/tf2_pkg
[0.930s] Installing tf_listener script to /home/teehee/ros2_ws/install/tf2_pkg/lib/tf2_pkg
[0.930s] Installing tf_listener1 script to /home/teehee/ros2_ws/install/tf2_pkg/lib/tf2_pkg
[0.930s] Installing tf_listener2 script to /home/teehee/ros2_ws/install/tf2_pkg/lib/tf2_pkg
[0.930s] Installing transform_point script to /home/teehee/ros2_ws/install/tf2_pkg/lib/tf2_pkg
[0.931s] Installing turtle_monitor script to /home/teehee/ros2_ws/install/tf2_pkg/lib/tf2_pkg
[0.931s] writing list of installed files to '/home/teehee/ros2_ws/build/tf2_pkg/install.log'
[0.962s] Invoked command in '/home/teehee/ros2_ws/src/tf2_pkg' returned '0': PYTHONPATH=/home/teehee/ros2_ws/build/tf2_pkg/prefix_override:/home/teehee/ros2_ws/install/tf2_pkg/lib/python3.10/site-packages:${PYTHONPATH} /usr/bin/python3 setup.py egg_info --egg-base ../../build/tf2_pkg build --build-base /home/teehee/ros2_ws/build/tf2_pkg/build install --record /home/teehee/ros2_ws/build/tf2_pkg/install.log --single-version-externally-managed
