[0.453s] Invoking command in '/home/teehee/ros2_ws/build/example_pkg': PYTHONPATH=/home/teehee/ros2_ws/build/example_pkg/prefix_override:/home/teehee/ros2_ws/install/example_pkg/lib/python3.10/site-packages:${PYTHONPATH} /usr/bin/python3 setup.py develop --editable --build-directory /home/teehee/ros2_ws/build/example_pkg/build --no-deps install_data
[0.645s] running develop
[0.646s] /usr/lib/python3/dist-packages/setuptools/command/easy_install.py:158: EasyInstallDeprecationWarning: easy_install command is deprecated. Use build and pip and other standards-based tools.
[0.646s]   warnings.warn(
[0.647s] /usr/lib/python3/dist-packages/setuptools/command/install.py:34: SetuptoolsDeprecationWarning: setup.py install is deprecated. Use build and pip and other standards-based tools.
[0.647s]   warnings.warn(
[0.757s] running egg_info
[0.757s] writing example_pkg.egg-info/PKG-INFO
[0.758s] writing dependency_links to example_pkg.egg-info/dependency_links.txt
[0.758s] writing entry points to example_pkg.egg-info/entry_points.txt
[0.758s] writing requirements to example_pkg.egg-info/requires.txt
[0.758s] writing top-level names to example_pkg.egg-info/top_level.txt
[0.760s] reading manifest file 'example_pkg.egg-info/SOURCES.txt'
[0.761s] writing manifest file 'example_pkg.egg-info/SOURCES.txt'
[0.761s] running build_ext
[0.762s] Creating /home/teehee/ros2_ws/install/example_pkg/lib/python3.10/site-packages/example-pkg.egg-link (link to .)
[0.762s] Installing ex_node script to /home/teehee/ros2_ws/install/example_pkg/lib/example_pkg
[0.763s] 
[0.763s] Installed /home/teehee/ros2_ws/build/example_pkg
[0.763s] running install_data
[0.792s] Invoked command in '/home/teehee/ros2_ws/build/example_pkg' returned '0': PYTHONPATH=/home/teehee/ros2_ws/build/example_pkg/prefix_override:/home/teehee/ros2_ws/install/example_pkg/lib/python3.10/site-packages:${PYTHONPATH} /usr/bin/python3 setup.py develop --editable --build-directory /home/teehee/ros2_ws/build/example_pkg/build --no-deps install_data
