[0.804s] Invoking command in '/home/teehee/ros2_ws/build/pylab05': PYTHONPATH=/home/teehee/ros2_ws/build/pylab05/prefix_override:/home/teehee/ros2_ws/install/pylab05/lib/python3.10/site-packages:${PYTHONPATH} /usr/bin/python3 setup.py develop --editable --build-directory /home/teehee/ros2_ws/build/pylab05/build --no-deps install_data
[1.038s] running develop
[1.048s] /usr/lib/python3/dist-packages/setuptools/command/easy_install.py:158: EasyInstallDeprecationWarning: easy_install command is deprecated. Use build and pip and other standards-based tools.
[1.048s]   warnings.warn(
[1.049s] /usr/lib/python3/dist-packages/setuptools/command/install.py:34: SetuptoolsDeprecationWarning: setup.py install is deprecated. Use build and pip and other standards-based tools.
[1.049s]   warnings.warn(
[1.196s] running egg_info
[1.196s] creating pylab05.egg-info
[1.196s] writing pylab05.egg-info/PKG-INFO
[1.196s] writing dependency_links to pylab05.egg-info/dependency_links.txt
[1.197s] writing entry points to pylab05.egg-info/entry_points.txt
[1.198s] writing requirements to pylab05.egg-info/requires.txt
[1.198s] writing top-level names to pylab05.egg-info/top_level.txt
[1.198s] writing manifest file 'pylab05.egg-info/SOURCES.txt'
[1.199s] reading manifest file 'pylab05.egg-info/SOURCES.txt'
[1.200s] writing manifest file 'pylab05.egg-info/SOURCES.txt'
[1.202s] running build_ext
[1.202s] Creating /home/teehee/ros2_ws/install/pylab05/lib/python3.10/site-packages/pylab05.egg-link (link to .)
[1.202s] Installing around_wall script to /home/teehee/ros2_ws/install/pylab05/lib/pylab05
[1.203s] Installing ex52_control script to /home/teehee/ros2_ws/install/pylab05/lib/pylab05
[1.203s] Installing go_to_red script to /home/teehee/ros2_ws/install/pylab05/lib/pylab05
[1.203s] Installing stop_at_wall script to /home/teehee/ros2_ws/install/pylab05/lib/pylab05
[1.203s] 
[1.204s] Installed /home/teehee/ros2_ws/build/pylab05
[1.204s] running install_data
[1.204s] creating /home/teehee/ros2_ws/install/pylab05/share/ament_index
[1.204s] creating /home/teehee/ros2_ws/install/pylab05/share/ament_index/resource_index
[1.204s] creating /home/teehee/ros2_ws/install/pylab05/share/ament_index/resource_index/packages
[1.204s] copying resource/pylab05 -> /home/teehee/ros2_ws/install/pylab05/share/ament_index/resource_index/packages
[1.204s] copying package.xml -> /home/teehee/ros2_ws/install/pylab05/share/pylab05
[1.228s] Invoked command in '/home/teehee/ros2_ws/build/pylab05' returned '0': PYTHONPATH=/home/teehee/ros2_ws/build/pylab05/prefix_override:/home/teehee/ros2_ws/install/pylab05/lib/python3.10/site-packages:${PYTHONPATH} /usr/bin/python3 setup.py develop --editable --build-directory /home/teehee/ros2_ws/build/pylab05/build --no-deps install_data
