[0.061s] Invoking command in '/home/teehee/ros2_ws/build/lab_interfaces': CMAKE_PREFIX_PATH=${CMAKE_PREFIX_PATH}:/home/teehee/ros2_ws/install/labs_pkg:/home/teehee/ros2_ws/install/example_pkg:/opt/ros/humble /usr/bin/cmake --build /home/teehee/ros2_ws/build/lab_interfaces -- -j4 -l4
[0.096s] -- Found ament_cmake: 1.3.5 (/opt/ros/humble/share/ament_cmake/cmake)
[0.239s] -- Found rosidl_default_generators: 1.2.0 (/opt/ros/humble/share/rosidl_default_generators/cmake)
[0.240s] -- Using all available rosidl_typesupport_c: rosidl_typesupport_fastrtps_c;rosidl_typesupport_introspection_c
[0.245s] -- Found rosidl_adapter: 3.1.5 (/opt/ros/humble/share/rosidl_adapter/cmake)
[0.272s] -- Using all available rosidl_typesupport_cpp: rosidl_typesupport_fastrtps_cpp;rosidl_typesupport_introspection_cpp
[0.558s] -- Found ament_cmake_ros: 0.10.0 (/opt/ros/humble/share/ament_cmake_ros/cmake)
[0.736s] -- Using all available rosidl_typesupport_c: rosidl_typesupport_fastrtps_c;rosidl_typesupport_introspection_c
[0.975s] -- Using all available rosidl_typesupport_cpp: rosidl_typesupport_fastrtps_cpp;rosidl_typesupport_introspection_cpp
[0.998s] -- Found python_cmake_module: 0.10.0 (/opt/ros/humble/share/python_cmake_module/cmake)
[1.021s] -- Using PYTHON_EXECUTABLE: /usr/bin/python3
[1.021s] -- Using PYTHON_INCLUDE_DIRS: /usr/include/python3.10
[1.021s] -- Using PYTHON_LIBRARIES: /usr/lib/x86_64-linux-gnu/libpython3.10.so
[1.038s] -- Configuring done
[1.095s] -- Generating done
[1.102s] -- Build files have been written to: /home/teehee/ros2_ws/build/lab_interfaces
[1.135s] [  1%] [34m[1mGenerating C code for ROS interfaces[0m
[1.149s] [  2%] [34m[1mGenerating C++ code for ROS interfaces[0m
[1.163s] [  2%] Built target ament_cmake_python_copy_lab_interfaces
[1.414s] running egg_info
[1.414s] writing lab_interfaces.egg-info/PKG-INFO
[1.415s] writing dependency_links to lab_interfaces.egg-info/dependency_links.txt
[1.415s] writing top-level names to lab_interfaces.egg-info/top_level.txt
[1.417s] reading manifest file 'lab_interfaces.egg-info/SOURCES.txt'
[1.418s] writing manifest file 'lab_interfaces.egg-info/SOURCES.txt'
[1.449s] [  2%] Built target ament_cmake_python_build_lab_interfaces_egg
[1.813s] [  2%] Built target lab_interfaces__cpp
[1.823s] [35m[1mConsolidate compiler generated dependencies of target lab_interfaces__rosidl_generator_c[0m
[1.827s] [  3%] [34m[1mGenerating C++ introspection for ROS interfaces[0m
[1.828s] [  4%] [34m[1mGenerating C++ type support for eProsima Fast-RTPS[0m
[1.838s] [  5%] [34m[1mGenerating C++ type support dispatch for ROS interfaces[0m
[1.844s] [  6%] [32mBuilding C object CMakeFiles/lab_interfaces__rosidl_generator_c.dir/rosidl_generator_c/lab_interfaces/msg/detail/num__functions.c.o[0m
[1.902s] [  8%] [32mBuilding C object CMakeFiles/lab_interfaces__rosidl_generator_c.dir/rosidl_generator_c/lab_interfaces/msg/detail/num_array__functions.c.o[0m
[1.961s] [  9%] [32mBuilding C object CMakeFiles/lab_interfaces__rosidl_generator_c.dir/rosidl_generator_c/lab_interfaces/msg/detail/turtle__functions.c.o[0m
[2.027s] [ 10%] [32mBuilding C object CMakeFiles/lab_interfaces__rosidl_generator_c.dir/rosidl_generator_c/lab_interfaces/msg/detail/turtle_array__functions.c.o[0m
[2.078s] [ 11%] [32mBuilding C object CMakeFiles/lab_interfaces__rosidl_generator_c.dir/rosidl_generator_c/lab_interfaces/srv/detail/measure_wall_dist__functions.c.o[0m
[2.150s] [ 12%] [32mBuilding C object CMakeFiles/lab_interfaces__rosidl_generator_c.dir/rosidl_generator_c/lab_interfaces/msg/detail/wall_distance_measurement__functions.c.o[0m
[2.201s] [ 13%] [32mBuilding C object CMakeFiles/lab_interfaces__rosidl_generator_c.dir/rosidl_generator_c/lab_interfaces/msg/detail/wall_distance_array__functions.c.o[0m
[2.214s] [35m[1mConsolidate compiler generated dependencies of target lab_interfaces__rosidl_typesupport_cpp[0m
[2.237s] [ 14%] [32mBuilding CXX object CMakeFiles/lab_interfaces__rosidl_typesupport_cpp.dir/rosidl_typesupport_cpp/lab_interfaces/msg/num__type_support.cpp.o[0m
[2.261s] [ 16%] [32mBuilding C object CMakeFiles/lab_interfaces__rosidl_generator_c.dir/rosidl_generator_c/lab_interfaces/msg/detail/wall_distance_statistics__functions.c.o[0m
[2.316s] [ 17%] [32m[1mLinking C shared library liblab_interfaces__rosidl_generator_c.so[0m
[2.361s] [35m[1mConsolidate compiler generated dependencies of target lab_interfaces__rosidl_typesupport_introspection_cpp[0m
[2.369s] [ 17%] Built target lab_interfaces__rosidl_generator_c
[2.384s] [ 18%] [34m[1mGenerating C type support for eProsima Fast-RTPS[0m
[2.384s] [ 19%] [32mBuilding CXX object CMakeFiles/lab_interfaces__rosidl_typesupport_introspection_cpp.dir/rosidl_typesupport_introspection_cpp/lab_interfaces/msg/detail/num__type_support.cpp.o[0m
[2.398s] [35m[1mConsolidate compiler generated dependencies of target lab_interfaces__rosidl_typesupport_fastrtps_cpp[0m
[2.425s] [ 20%] [32mBuilding CXX object CMakeFiles/lab_interfaces__rosidl_typesupport_fastrtps_cpp.dir/rosidl_typesupport_fastrtps_cpp/lab_interfaces/msg/detail/dds_fastrtps/num__type_support.cpp.o[0m
[2.489s] [ 21%] [32mBuilding CXX object CMakeFiles/lab_interfaces__rosidl_typesupport_cpp.dir/rosidl_typesupport_cpp/lab_interfaces/msg/num_array__type_support.cpp.o[0m
[2.798s] [ 22%] [32mBuilding CXX object CMakeFiles/lab_interfaces__rosidl_typesupport_cpp.dir/rosidl_typesupport_cpp/lab_interfaces/msg/turtle__type_support.cpp.o[0m
[2.851s] [ 24%] [32mBuilding CXX object CMakeFiles/lab_interfaces__rosidl_typesupport_introspection_cpp.dir/rosidl_typesupport_introspection_cpp/lab_interfaces/msg/detail/num_array__type_support.cpp.o[0m
[2.854s] [ 25%] [32mBuilding CXX object CMakeFiles/lab_interfaces__rosidl_typesupport_fastrtps_cpp.dir/rosidl_typesupport_fastrtps_cpp/lab_interfaces/msg/detail/dds_fastrtps/num_array__type_support.cpp.o[0m
[2.956s] [35m[1mConsolidate compiler generated dependencies of target lab_interfaces__rosidl_typesupport_fastrtps_c[0m
[2.981s] [ 26%] [32mBuilding CXX object CMakeFiles/lab_interfaces__rosidl_typesupport_fastrtps_c.dir/rosidl_typesupport_fastrtps_c/lab_interfaces/msg/detail/num__type_support_c.cpp.o[0m
[3.038s] [ 27%] [32mBuilding CXX object CMakeFiles/lab_interfaces__rosidl_typesupport_cpp.dir/rosidl_typesupport_cpp/lab_interfaces/msg/turtle_array__type_support.cpp.o[0m
[3.265s] [ 28%] [32mBuilding CXX object CMakeFiles/lab_interfaces__rosidl_typesupport_introspection_cpp.dir/rosidl_typesupport_introspection_cpp/lab_interfaces/msg/detail/turtle__type_support.cpp.o[0m
[3.288s] [ 29%] [32mBuilding CXX object CMakeFiles/lab_interfaces__rosidl_typesupport_fastrtps_cpp.dir/rosidl_typesupport_fastrtps_cpp/lab_interfaces/msg/detail/dds_fastrtps/turtle__type_support.cpp.o[0m
[3.326s] [ 31%] [32mBuilding CXX object CMakeFiles/lab_interfaces__rosidl_typesupport_cpp.dir/rosidl_typesupport_cpp/lab_interfaces/srv/measure_wall_dist__type_support.cpp.o[0m
[3.348s] [ 32%] [32mBuilding CXX object CMakeFiles/lab_interfaces__rosidl_typesupport_fastrtps_c.dir/rosidl_typesupport_fastrtps_c/lab_interfaces/msg/detail/num_array__type_support_c.cpp.o[0m
[3.556s] [ 33%] [32mBuilding CXX object CMakeFiles/lab_interfaces__rosidl_typesupport_cpp.dir/rosidl_typesupport_cpp/lab_interfaces/msg/wall_distance_measurement__type_support.cpp.o[0m
[3.607s] [ 34%] [32mBuilding CXX object CMakeFiles/lab_interfaces__rosidl_typesupport_introspection_cpp.dir/rosidl_typesupport_introspection_cpp/lab_interfaces/msg/detail/turtle_array__type_support.cpp.o[0m
[3.648s] [ 35%] [32mBuilding CXX object CMakeFiles/lab_interfaces__rosidl_typesupport_fastrtps_c.dir/rosidl_typesupport_fastrtps_c/lab_interfaces/msg/detail/turtle__type_support_c.cpp.o[0m
[3.664s] [ 36%] [32mBuilding CXX object CMakeFiles/lab_interfaces__rosidl_typesupport_fastrtps_cpp.dir/rosidl_typesupport_fastrtps_cpp/lab_interfaces/msg/detail/dds_fastrtps/turtle_array__type_support.cpp.o[0m
[3.816s] [ 37%] [32mBuilding CXX object CMakeFiles/lab_interfaces__rosidl_typesupport_cpp.dir/rosidl_typesupport_cpp/lab_interfaces/msg/wall_distance_array__type_support.cpp.o[0m
[3.966s] [ 39%] [32mBuilding CXX object CMakeFiles/lab_interfaces__rosidl_typesupport_fastrtps_c.dir/rosidl_typesupport_fastrtps_c/lab_interfaces/msg/detail/turtle_array__type_support_c.cpp.o[0m
[3.988s] [ 40%] [32mBuilding CXX object CMakeFiles/lab_interfaces__rosidl_typesupport_introspection_cpp.dir/rosidl_typesupport_introspection_cpp/lab_interfaces/srv/detail/measure_wall_dist__type_support.cpp.o[0m
[4.070s] [ 41%] [32mBuilding CXX object CMakeFiles/lab_interfaces__rosidl_typesupport_cpp.dir/rosidl_typesupport_cpp/lab_interfaces/msg/wall_distance_statistics__type_support.cpp.o[0m
[4.073s] [ 42%] [32mBuilding CXX object CMakeFiles/lab_interfaces__rosidl_typesupport_fastrtps_cpp.dir/rosidl_typesupport_fastrtps_cpp/lab_interfaces/srv/detail/dds_fastrtps/measure_wall_dist__type_support.cpp.o[0m
[4.322s] [ 43%] [32mBuilding CXX object CMakeFiles/lab_interfaces__rosidl_typesupport_fastrtps_c.dir/rosidl_typesupport_fastrtps_c/lab_interfaces/srv/detail/measure_wall_dist__type_support_c.cpp.o[0m
[4.349s] [ 45%] [32m[1mLinking CXX shared library liblab_interfaces__rosidl_typesupport_cpp.so[0m
[4.349s] [ 45%] [32mBuilding CXX object CMakeFiles/lab_interfaces__rosidl_typesupport_introspection_cpp.dir/rosidl_typesupport_introspection_cpp/lab_interfaces/msg/detail/wall_distance_measurement__type_support.cpp.o[0m
[4.454s] [ 47%] [32mBuilding CXX object CMakeFiles/lab_interfaces__rosidl_typesupport_fastrtps_cpp.dir/rosidl_typesupport_fastrtps_cpp/lab_interfaces/msg/detail/dds_fastrtps/wall_distance_measurement__type_support.cpp.o[0m
[4.457s] [ 47%] Built target lab_interfaces__rosidl_typesupport_cpp
[4.472s] [ 48%] [34m[1mGenerating C introspection for ROS interfaces[0m
[4.638s] [ 49%] [32mBuilding CXX object CMakeFiles/lab_interfaces__rosidl_typesupport_fastrtps_c.dir/rosidl_typesupport_fastrtps_c/lab_interfaces/msg/detail/wall_distance_measurement__type_support_c.cpp.o[0m
[4.713s] [ 50%] [32mBuilding CXX object CMakeFiles/lab_interfaces__rosidl_typesupport_introspection_cpp.dir/rosidl_typesupport_introspection_cpp/lab_interfaces/msg/detail/wall_distance_array__type_support.cpp.o[0m
[4.819s] [ 51%] [32mBuilding CXX object CMakeFiles/lab_interfaces__rosidl_typesupport_fastrtps_cpp.dir/rosidl_typesupport_fastrtps_cpp/lab_interfaces/msg/detail/dds_fastrtps/wall_distance_array__type_support.cpp.o[0m
[4.955s] [ 52%] [32mBuilding CXX object CMakeFiles/lab_interfaces__rosidl_typesupport_fastrtps_c.dir/rosidl_typesupport_fastrtps_c/lab_interfaces/msg/detail/wall_distance_array__type_support_c.cpp.o[0m
[5.001s] [35m[1mConsolidate compiler generated dependencies of target lab_interfaces__rosidl_typesupport_introspection_c[0m
[5.019s] [ 54%] [32mBuilding C object CMakeFiles/lab_interfaces__rosidl_typesupport_introspection_c.dir/rosidl_typesupport_introspection_c/lab_interfaces/msg/detail/num__type_support.c.o[0m
[5.078s] [ 55%] [32mBuilding C object CMakeFiles/lab_interfaces__rosidl_typesupport_introspection_c.dir/rosidl_typesupport_introspection_c/lab_interfaces/msg/detail/num_array__type_support.c.o[0m
[5.106s] [ 56%] [32mBuilding CXX object CMakeFiles/lab_interfaces__rosidl_typesupport_introspection_cpp.dir/rosidl_typesupport_introspection_cpp/lab_interfaces/msg/detail/wall_distance_statistics__type_support.cpp.o[0m
[5.120s] [ 57%] [32mBuilding C object CMakeFiles/lab_interfaces__rosidl_typesupport_introspection_c.dir/rosidl_typesupport_introspection_c/lab_interfaces/msg/detail/turtle__type_support.c.o[0m
[5.238s] [ 58%] [32mBuilding CXX object CMakeFiles/lab_interfaces__rosidl_typesupport_fastrtps_cpp.dir/rosidl_typesupport_fastrtps_cpp/lab_interfaces/msg/detail/dds_fastrtps/wall_distance_statistics__type_support.cpp.o[0m
[5.257s] [ 59%] [32mBuilding C object CMakeFiles/lab_interfaces__rosidl_typesupport_introspection_c.dir/rosidl_typesupport_introspection_c/lab_interfaces/msg/detail/turtle_array__type_support.c.o[0m
[5.301s] [ 62%] [32mBuilding C object CMakeFiles/lab_interfaces__rosidl_typesupport_introspection_c.dir/rosidl_typesupport_introspection_c/lab_interfaces/srv/detail/measure_wall_dist__type_support.c.o[0m
[5.301s] [ 62%] [32mBuilding CXX object CMakeFiles/lab_interfaces__rosidl_typesupport_fastrtps_c.dir/rosidl_typesupport_fastrtps_c/lab_interfaces/msg/detail/wall_distance_statistics__type_support_c.cpp.o[0m
[5.345s] [ 63%] [32mBuilding C object CMakeFiles/lab_interfaces__rosidl_typesupport_introspection_c.dir/rosidl_typesupport_introspection_c/lab_interfaces/msg/detail/wall_distance_measurement__type_support.c.o[0m
[5.397s] [ 64%] [32mBuilding C object CMakeFiles/lab_interfaces__rosidl_typesupport_introspection_c.dir/rosidl_typesupport_introspection_c/lab_interfaces/msg/detail/wall_distance_array__type_support.c.o[0m
[5.441s] [ 65%] [32mBuilding C object CMakeFiles/lab_interfaces__rosidl_typesupport_introspection_c.dir/rosidl_typesupport_introspection_c/lab_interfaces/msg/detail/wall_distance_statistics__type_support.c.o[0m
[5.444s] [ 66%] [32m[1mLinking CXX shared library liblab_interfaces__rosidl_typesupport_introspection_cpp.so[0m
[5.481s] [ 67%] [32m[1mLinking C shared library liblab_interfaces__rosidl_typesupport_introspection_c.so[0m
[5.526s] [ 67%] Built target lab_interfaces__rosidl_typesupport_introspection_c
[5.553s] [ 68%] [34m[1mGenerating C type support dispatch for ROS interfaces[0m
[5.563s] [ 68%] Built target lab_interfaces__rosidl_typesupport_introspection_cpp
[5.620s] [ 70%] [32m[1mLinking CXX shared library liblab_interfaces__rosidl_typesupport_fastrtps_c.so[0m
[5.622s] [ 71%] [32m[1mLinking CXX shared library liblab_interfaces__rosidl_typesupport_fastrtps_cpp.so[0m
[5.724s] [ 71%] Built target lab_interfaces__rosidl_typesupport_fastrtps_cpp
[5.726s] [ 71%] Built target lab_interfaces__rosidl_typesupport_fastrtps_c
[5.854s] [35m[1mConsolidate compiler generated dependencies of target lab_interfaces__rosidl_typesupport_c[0m
[5.871s] [ 74%] [32mBuilding CXX object CMakeFiles/lab_interfaces__rosidl_typesupport_c.dir/rosidl_typesupport_c/lab_interfaces/msg/num__type_support.cpp.o[0m
[5.871s] [ 74%] [32mBuilding CXX object CMakeFiles/lab_interfaces__rosidl_typesupport_c.dir/rosidl_typesupport_c/lab_interfaces/msg/num_array__type_support.cpp.o[0m
[5.871s] [ 74%] [32mBuilding CXX object CMakeFiles/lab_interfaces__rosidl_typesupport_c.dir/rosidl_typesupport_c/lab_interfaces/msg/turtle_array__type_support.cpp.o[0m
[5.872s] [ 75%] [32mBuilding CXX object CMakeFiles/lab_interfaces__rosidl_typesupport_c.dir/rosidl_typesupport_c/lab_interfaces/msg/turtle__type_support.cpp.o[0m
[5.910s] [ 77%] [32mBuilding CXX object CMakeFiles/lab_interfaces__rosidl_typesupport_c.dir/rosidl_typesupport_c/lab_interfaces/srv/measure_wall_dist__type_support.cpp.o[0m
[5.910s] [ 78%] [32mBuilding CXX object CMakeFiles/lab_interfaces__rosidl_typesupport_c.dir/rosidl_typesupport_c/lab_interfaces/msg/wall_distance_measurement__type_support.cpp.o[0m
[5.916s] [ 79%] [32mBuilding CXX object CMakeFiles/lab_interfaces__rosidl_typesupport_c.dir/rosidl_typesupport_c/lab_interfaces/msg/wall_distance_array__type_support.cpp.o[0m
[5.916s] [ 80%] [32mBuilding CXX object CMakeFiles/lab_interfaces__rosidl_typesupport_c.dir/rosidl_typesupport_c/lab_interfaces/msg/wall_distance_statistics__type_support.cpp.o[0m
[5.960s] [ 81%] [32m[1mLinking CXX shared library liblab_interfaces__rosidl_typesupport_c.so[0m
[6.013s] [ 81%] Built target lab_interfaces__rosidl_typesupport_c
[6.042s] [ 81%] Built target lab_interfaces
[6.072s] [ 82%] [34m[1mGenerating Python code for ROS interfaces[0m
[6.844s] [ 82%] Built target lab_interfaces__py
[6.861s] [35m[1mConsolidate compiler generated dependencies of target lab_interfaces__rosidl_generator_py[0m
[6.890s] [ 86%] [32mBuilding C object CMakeFiles/lab_interfaces__rosidl_generator_py.dir/rosidl_generator_py/lab_interfaces/msg/_num_s.c.o[0m
[6.890s] [ 86%] [32mBuilding C object CMakeFiles/lab_interfaces__rosidl_generator_py.dir/rosidl_generator_py/lab_interfaces/msg/_turtle_array_s.c.o[0m
[6.890s] [ 87%] [32mBuilding C object CMakeFiles/lab_interfaces__rosidl_generator_py.dir/rosidl_generator_py/lab_interfaces/msg/_turtle_s.c.o[0m
[6.890s] [ 86%] [32mBuilding C object CMakeFiles/lab_interfaces__rosidl_generator_py.dir/rosidl_generator_py/lab_interfaces/msg/_num_array_s.c.o[0m
[6.986s] [ 88%] [32mBuilding C object CMakeFiles/lab_interfaces__rosidl_generator_py.dir/rosidl_generator_py/lab_interfaces/srv/_measure_wall_dist_s.c.o[0m
[6.986s] [ 89%] [32mBuilding C object CMakeFiles/lab_interfaces__rosidl_generator_py.dir/rosidl_generator_py/lab_interfaces/msg/_wall_distance_measurement_s.c.o[0m
[6.986s] [ 90%] [32mBuilding C object CMakeFiles/lab_interfaces__rosidl_generator_py.dir/rosidl_generator_py/lab_interfaces/msg/_wall_distance_statistics_s.c.o[0m
[6.986s] [ 91%] [32mBuilding C object CMakeFiles/lab_interfaces__rosidl_generator_py.dir/rosidl_generator_py/lab_interfaces/msg/_wall_distance_array_s.c.o[0m
[7.092s] [ 93%] [32m[1mLinking C shared library rosidl_generator_py/lab_interfaces/liblab_interfaces__rosidl_generator_py.so[0m
[7.148s] [ 93%] Built target lab_interfaces__rosidl_generator_py
[7.163s] [35m[1mConsolidate compiler generated dependencies of target lab_interfaces__rosidl_typesupport_fastrtps_c__pyext[0m
[7.163s] [35m[1mConsolidate compiler generated dependencies of target lab_interfaces__rosidl_typesupport_introspection_c__pyext[0m
[7.164s] [35m[1mConsolidate compiler generated dependencies of target lab_interfaces__rosidl_typesupport_c__pyext[0m
[7.183s] [ 95%] [32mBuilding C object CMakeFiles/lab_interfaces__rosidl_typesupport_c__pyext.dir/rosidl_generator_py/lab_interfaces/_lab_interfaces_s.ep.rosidl_typesupport_c.c.o[0m
[7.183s] [ 95%] [32mBuilding C object CMakeFiles/lab_interfaces__rosidl_typesupport_introspection_c__pyext.dir/rosidl_generator_py/lab_interfaces/_lab_interfaces_s.ep.rosidl_typesupport_introspection_c.c.o[0m
[7.183s] [ 96%] [32mBuilding C object CMakeFiles/lab_interfaces__rosidl_typesupport_fastrtps_c__pyext.dir/rosidl_generator_py/lab_interfaces/_lab_interfaces_s.ep.rosidl_typesupport_fastrtps_c.c.o[0m
[7.301s] [ 98%] [32m[1mLinking C shared library rosidl_generator_py/lab_interfaces/lab_interfaces_s__rosidl_typesupport_introspection_c.cpython-310-x86_64-linux-gnu.so[0m
[7.302s] [ 98%] [32m[1mLinking C shared library rosidl_generator_py/lab_interfaces/lab_interfaces_s__rosidl_typesupport_c.cpython-310-x86_64-linux-gnu.so[0m
[7.304s] [100%] [32m[1mLinking C shared library rosidl_generator_py/lab_interfaces/lab_interfaces_s__rosidl_typesupport_fastrtps_c.cpython-310-x86_64-linux-gnu.so[0m
[7.350s] [100%] Built target lab_interfaces__rosidl_typesupport_fastrtps_c__pyext
[7.350s] [100%] Built target lab_interfaces__rosidl_typesupport_c__pyext
[7.353s] [100%] Built target lab_interfaces__rosidl_typesupport_introspection_c__pyext
[7.371s] Invoked command in '/home/teehee/ros2_ws/build/lab_interfaces' returned '0': CMAKE_PREFIX_PATH=${CMAKE_PREFIX_PATH}:/home/teehee/ros2_ws/install/labs_pkg:/home/teehee/ros2_ws/install/example_pkg:/opt/ros/humble /usr/bin/cmake --build /home/teehee/ros2_ws/build/lab_interfaces -- -j4 -l4
[7.825s] Invoking command in '/home/teehee/ros2_ws/build/lab_interfaces': CMAKE_PREFIX_PATH=${CMAKE_PREFIX_PATH}:/home/teehee/ros2_ws/install/labs_pkg:/home/teehee/ros2_ws/install/example_pkg:/opt/ros/humble /usr/bin/cmake --install /home/teehee/ros2_ws/build/lab_interfaces
[7.835s] -- Install configuration: ""
[7.835s] -- Up-to-date: /home/teehee/ros2_ws/install/lab_interfaces/share/ament_index/resource_index/rosidl_interfaces/lab_interfaces
[7.835s] -- Up-to-date: /home/teehee/ros2_ws/install/lab_interfaces/include/lab_interfaces/lab_interfaces
[7.835s] -- Up-to-date: /home/teehee/ros2_ws/install/lab_interfaces/include/lab_interfaces/lab_interfaces/srv
[7.836s] -- Up-to-date: /home/teehee/ros2_ws/install/lab_interfaces/include/lab_interfaces/lab_interfaces/srv/detail
[7.836s] -- Installing: /home/teehee/ros2_ws/install/lab_interfaces/include/lab_interfaces/lab_interfaces/srv/detail/measure_wall_dist__struct.h
[7.836s] -- Installing: /home/teehee/ros2_ws/install/lab_interfaces/include/lab_interfaces/lab_interfaces/srv/detail/measure_wall_dist__type_support.h
[7.836s] -- Installing: /home/teehee/ros2_ws/install/lab_interfaces/include/lab_interfaces/lab_interfaces/srv/detail/measure_wall_dist__functions.h
[7.836s] -- Installing: /home/teehee/ros2_ws/install/lab_interfaces/include/lab_interfaces/lab_interfaces/srv/detail/measure_wall_dist__functions.c
[7.836s] -- Installing: /home/teehee/ros2_ws/install/lab_interfaces/include/lab_interfaces/lab_interfaces/srv/measure_wall_dist.h
[7.837s] -- Up-to-date: /home/teehee/ros2_ws/install/lab_interfaces/include/lab_interfaces/lab_interfaces/msg
[7.837s] -- Installing: /home/teehee/ros2_ws/install/lab_interfaces/include/lab_interfaces/lab_interfaces/msg/wall_distance_array.h
[7.837s] -- Installing: /home/teehee/ros2_ws/install/lab_interfaces/include/lab_interfaces/lab_interfaces/msg/num.h
[7.838s] -- Installing: /home/teehee/ros2_ws/install/lab_interfaces/include/lab_interfaces/lab_interfaces/msg/turtle_array.h
[7.838s] -- Up-to-date: /home/teehee/ros2_ws/install/lab_interfaces/include/lab_interfaces/lab_interfaces/msg/rosidl_generator_c__visibility_control.h
[7.838s] -- Up-to-date: /home/teehee/ros2_ws/install/lab_interfaces/include/lab_interfaces/lab_interfaces/msg/detail
[7.838s] -- Installing: /home/teehee/ros2_ws/install/lab_interfaces/include/lab_interfaces/lab_interfaces/msg/detail/turtle_array__type_support.h
[7.838s] -- Installing: /home/teehee/ros2_ws/install/lab_interfaces/include/lab_interfaces/lab_interfaces/msg/detail/wall_distance_measurement__functions.c
[7.838s] -- Installing: /home/teehee/ros2_ws/install/lab_interfaces/include/lab_interfaces/lab_interfaces/msg/detail/wall_distance_statistics__functions.c
[7.838s] -- Installing: /home/teehee/ros2_ws/install/lab_interfaces/include/lab_interfaces/lab_interfaces/msg/detail/turtle_array__functions.c
[7.839s] -- Installing: /home/teehee/ros2_ws/install/lab_interfaces/include/lab_interfaces/lab_interfaces/msg/detail/wall_distance_measurement__struct.h
[7.839s] -- Installing: /home/teehee/ros2_ws/install/lab_interfaces/include/lab_interfaces/lab_interfaces/msg/detail/wall_distance_measurement__type_support.h
[7.839s] -- Installing: /home/teehee/ros2_ws/install/lab_interfaces/include/lab_interfaces/lab_interfaces/msg/detail/wall_distance_array__type_support.h
[7.839s] -- Installing: /home/teehee/ros2_ws/install/lab_interfaces/include/lab_interfaces/lab_interfaces/msg/detail/num_array__struct.h
[7.839s] -- Installing: /home/teehee/ros2_ws/install/lab_interfaces/include/lab_interfaces/lab_interfaces/msg/detail/num__functions.c
[7.840s] -- Installing: /home/teehee/ros2_ws/install/lab_interfaces/include/lab_interfaces/lab_interfaces/msg/detail/wall_distance_statistics__type_support.h
[7.840s] -- Installing: /home/teehee/ros2_ws/install/lab_interfaces/include/lab_interfaces/lab_interfaces/msg/detail/turtle_array__functions.h
[7.840s] -- Installing: /home/teehee/ros2_ws/install/lab_interfaces/include/lab_interfaces/lab_interfaces/msg/detail/turtle__struct.h
[7.841s] -- Installing: /home/teehee/ros2_ws/install/lab_interfaces/include/lab_interfaces/lab_interfaces/msg/detail/wall_distance_statistics__struct.h
[7.844s] -- Installing: /home/teehee/ros2_ws/install/lab_interfaces/include/lab_interfaces/lab_interfaces/msg/detail/wall_distance_statistics__functions.h
[7.844s] -- Installing: /home/teehee/ros2_ws/install/lab_interfaces/include/lab_interfaces/lab_interfaces/msg/detail/num_array__functions.c
[7.844s] -- Installing: /home/teehee/ros2_ws/install/lab_interfaces/include/lab_interfaces/lab_interfaces/msg/detail/wall_distance_array__struct.h
[7.845s] -- Installing: /home/teehee/ros2_ws/install/lab_interfaces/include/lab_interfaces/lab_interfaces/msg/detail/turtle__functions.h
[7.845s] -- Installing: /home/teehee/ros2_ws/install/lab_interfaces/include/lab_interfaces/lab_interfaces/msg/detail/turtle_array__struct.h
[7.845s] -- Installing: /home/teehee/ros2_ws/install/lab_interfaces/include/lab_interfaces/lab_interfaces/msg/detail/num_array__type_support.h
[7.845s] -- Installing: /home/teehee/ros2_ws/install/lab_interfaces/include/lab_interfaces/lab_interfaces/msg/detail/wall_distance_array__functions.c
[7.846s] -- Installing: /home/teehee/ros2_ws/install/lab_interfaces/include/lab_interfaces/lab_interfaces/msg/detail/num_array__functions.h
[7.846s] -- Installing: /home/teehee/ros2_ws/install/lab_interfaces/include/lab_interfaces/lab_interfaces/msg/detail/wall_distance_measurement__functions.h
[7.846s] -- Installing: /home/teehee/ros2_ws/install/lab_interfaces/include/lab_interfaces/lab_interfaces/msg/detail/turtle__functions.c
[7.846s] -- Installing: /home/teehee/ros2_ws/install/lab_interfaces/include/lab_interfaces/lab_interfaces/msg/detail/num__functions.h
[7.847s] -- Installing: /home/teehee/ros2_ws/install/lab_interfaces/include/lab_interfaces/lab_interfaces/msg/detail/num__type_support.h
[7.847s] -- Installing: /home/teehee/ros2_ws/install/lab_interfaces/include/lab_interfaces/lab_interfaces/msg/detail/num__struct.h
[7.847s] -- Installing: /home/teehee/ros2_ws/install/lab_interfaces/include/lab_interfaces/lab_interfaces/msg/detail/turtle__type_support.h
[7.847s] -- Installing: /home/teehee/ros2_ws/install/lab_interfaces/include/lab_interfaces/lab_interfaces/msg/detail/wall_distance_array__functions.h
[7.848s] -- Installing: /home/teehee/ros2_ws/install/lab_interfaces/include/lab_interfaces/lab_interfaces/msg/num_array.h
[7.848s] -- Installing: /home/teehee/ros2_ws/install/lab_interfaces/include/lab_interfaces/lab_interfaces/msg/wall_distance_measurement.h
[7.848s] -- Installing: /home/teehee/ros2_ws/install/lab_interfaces/include/lab_interfaces/lab_interfaces/msg/turtle.h
[7.848s] -- Installing: /home/teehee/ros2_ws/install/lab_interfaces/include/lab_interfaces/lab_interfaces/msg/wall_distance_statistics.h
[7.849s] -- Up-to-date: /home/teehee/ros2_ws/install/lab_interfaces/share/lab_interfaces/environment/library_path.sh
[7.849s] -- Installing: /home/teehee/ros2_ws/install/lab_interfaces/share/lab_interfaces/environment/library_path.dsv
[7.849s] -- Installing: /home/teehee/ros2_ws/install/lab_interfaces/lib/liblab_interfaces__rosidl_generator_c.so
[7.850s] -- Set runtime path of "/home/teehee/ros2_ws/install/lab_interfaces/lib/liblab_interfaces__rosidl_generator_c.so" to ""
[7.850s] -- Up-to-date: /home/teehee/ros2_ws/install/lab_interfaces/include/lab_interfaces/lab_interfaces
[7.850s] -- Up-to-date: /home/teehee/ros2_ws/install/lab_interfaces/include/lab_interfaces/lab_interfaces/srv
[7.850s] -- Up-to-date: /home/teehee/ros2_ws/install/lab_interfaces/include/lab_interfaces/lab_interfaces/srv/detail
[7.850s] -- Installing: /home/teehee/ros2_ws/install/lab_interfaces/include/lab_interfaces/lab_interfaces/srv/detail/measure_wall_dist__rosidl_typesupport_fastrtps_c.h
[7.850s] -- Up-to-date: /home/teehee/ros2_ws/install/lab_interfaces/include/lab_interfaces/lab_interfaces/msg
[7.850s] -- Up-to-date: /home/teehee/ros2_ws/install/lab_interfaces/include/lab_interfaces/lab_interfaces/msg/detail
[7.850s] -- Installing: /home/teehee/ros2_ws/install/lab_interfaces/include/lab_interfaces/lab_interfaces/msg/detail/num_array__rosidl_typesupport_fastrtps_c.h
[7.850s] -- Installing: /home/teehee/ros2_ws/install/lab_interfaces/include/lab_interfaces/lab_interfaces/msg/detail/turtle_array__rosidl_typesupport_fastrtps_c.h
[7.851s] -- Installing: /home/teehee/ros2_ws/install/lab_interfaces/include/lab_interfaces/lab_interfaces/msg/detail/turtle__rosidl_typesupport_fastrtps_c.h
[7.851s] -- Installing: /home/teehee/ros2_ws/install/lab_interfaces/include/lab_interfaces/lab_interfaces/msg/detail/num__rosidl_typesupport_fastrtps_c.h
[7.851s] -- Installing: /home/teehee/ros2_ws/install/lab_interfaces/include/lab_interfaces/lab_interfaces/msg/detail/wall_distance_statistics__rosidl_typesupport_fastrtps_c.h
[7.852s] -- Installing: /home/teehee/ros2_ws/install/lab_interfaces/include/lab_interfaces/lab_interfaces/msg/detail/wall_distance_measurement__rosidl_typesupport_fastrtps_c.h
[7.852s] -- Installing: /home/teehee/ros2_ws/install/lab_interfaces/include/lab_interfaces/lab_interfaces/msg/detail/wall_distance_array__rosidl_typesupport_fastrtps_c.h
[7.852s] -- Up-to-date: /home/teehee/ros2_ws/install/lab_interfaces/include/lab_interfaces/lab_interfaces/msg/rosidl_typesupport_fastrtps_c__visibility_control.h
[7.852s] -- Installing: /home/teehee/ros2_ws/install/lab_interfaces/lib/liblab_interfaces__rosidl_typesupport_fastrtps_c.so
[7.853s] -- Set runtime path of "/home/teehee/ros2_ws/install/lab_interfaces/lib/liblab_interfaces__rosidl_typesupport_fastrtps_c.so" to ""
[7.853s] -- Up-to-date: /home/teehee/ros2_ws/install/lab_interfaces/include/lab_interfaces/lab_interfaces
[7.853s] -- Up-to-date: /home/teehee/ros2_ws/install/lab_interfaces/include/lab_interfaces/lab_interfaces/srv
[7.853s] -- Up-to-date: /home/teehee/ros2_ws/install/lab_interfaces/include/lab_interfaces/lab_interfaces/srv/detail
[7.853s] -- Installing: /home/teehee/ros2_ws/install/lab_interfaces/include/lab_interfaces/lab_interfaces/srv/detail/measure_wall_dist__type_support.c
[7.853s] -- Installing: /home/teehee/ros2_ws/install/lab_interfaces/include/lab_interfaces/lab_interfaces/srv/detail/measure_wall_dist__rosidl_typesupport_introspection_c.h
[7.853s] -- Up-to-date: /home/teehee/ros2_ws/install/lab_interfaces/include/lab_interfaces/lab_interfaces/msg
[7.853s] -- Up-to-date: /home/teehee/ros2_ws/install/lab_interfaces/include/lab_interfaces/lab_interfaces/msg/detail
[7.854s] -- Installing: /home/teehee/ros2_ws/install/lab_interfaces/include/lab_interfaces/lab_interfaces/msg/detail/num__rosidl_typesupport_introspection_c.h
[7.854s] -- Installing: /home/teehee/ros2_ws/install/lab_interfaces/include/lab_interfaces/lab_interfaces/msg/detail/wall_distance_measurement__type_support.c
[7.854s] -- Installing: /home/teehee/ros2_ws/install/lab_interfaces/include/lab_interfaces/lab_interfaces/msg/detail/turtle__rosidl_typesupport_introspection_c.h
[7.854s] -- Installing: /home/teehee/ros2_ws/install/lab_interfaces/include/lab_interfaces/lab_interfaces/msg/detail/num_array__type_support.c
[7.855s] -- Installing: /home/teehee/ros2_ws/install/lab_interfaces/include/lab_interfaces/lab_interfaces/msg/detail/wall_distance_array__type_support.c
[7.855s] -- Installing: /home/teehee/ros2_ws/install/lab_interfaces/include/lab_interfaces/lab_interfaces/msg/detail/turtle__type_support.c
[7.855s] -- Installing: /home/teehee/ros2_ws/install/lab_interfaces/include/lab_interfaces/lab_interfaces/msg/detail/turtle_array__type_support.c
[7.855s] -- Installing: /home/teehee/ros2_ws/install/lab_interfaces/include/lab_interfaces/lab_interfaces/msg/detail/wall_distance_statistics__rosidl_typesupport_introspection_c.h
[7.855s] -- Installing: /home/teehee/ros2_ws/install/lab_interfaces/include/lab_interfaces/lab_interfaces/msg/detail/wall_distance_array__rosidl_typesupport_introspection_c.h
[7.856s] -- Installing: /home/teehee/ros2_ws/install/lab_interfaces/include/lab_interfaces/lab_interfaces/msg/detail/wall_distance_measurement__rosidl_typesupport_introspection_c.h
[7.856s] -- Installing: /home/teehee/ros2_ws/install/lab_interfaces/include/lab_interfaces/lab_interfaces/msg/detail/wall_distance_statistics__type_support.c
[7.856s] -- Installing: /home/teehee/ros2_ws/install/lab_interfaces/include/lab_interfaces/lab_interfaces/msg/detail/num__type_support.c
[7.856s] -- Installing: /home/teehee/ros2_ws/install/lab_interfaces/include/lab_interfaces/lab_interfaces/msg/detail/num_array__rosidl_typesupport_introspection_c.h
[7.857s] -- Installing: /home/teehee/ros2_ws/install/lab_interfaces/include/lab_interfaces/lab_interfaces/msg/detail/turtle_array__rosidl_typesupport_introspection_c.h
[7.857s] -- Up-to-date: /home/teehee/ros2_ws/install/lab_interfaces/include/lab_interfaces/lab_interfaces/msg/rosidl_typesupport_introspection_c__visibility_control.h
[7.857s] -- Installing: /home/teehee/ros2_ws/install/lab_interfaces/lib/liblab_interfaces__rosidl_typesupport_introspection_c.so
[7.858s] -- Set runtime path of "/home/teehee/ros2_ws/install/lab_interfaces/lib/liblab_interfaces__rosidl_typesupport_introspection_c.so" to ""
[7.858s] -- Installing: /home/teehee/ros2_ws/install/lab_interfaces/lib/liblab_interfaces__rosidl_typesupport_c.so
[7.858s] -- Set runtime path of "/home/teehee/ros2_ws/install/lab_interfaces/lib/liblab_interfaces__rosidl_typesupport_c.so" to ""
[7.859s] -- Up-to-date: /home/teehee/ros2_ws/install/lab_interfaces/include/lab_interfaces/lab_interfaces
[7.859s] -- Up-to-date: /home/teehee/ros2_ws/install/lab_interfaces/include/lab_interfaces/lab_interfaces/srv
[7.859s] -- Up-to-date: /home/teehee/ros2_ws/install/lab_interfaces/include/lab_interfaces/lab_interfaces/srv/detail
[7.859s] -- Installing: /home/teehee/ros2_ws/install/lab_interfaces/include/lab_interfaces/lab_interfaces/srv/detail/measure_wall_dist__traits.hpp
[7.859s] -- Installing: /home/teehee/ros2_ws/install/lab_interfaces/include/lab_interfaces/lab_interfaces/srv/detail/measure_wall_dist__struct.hpp
[7.859s] -- Installing: /home/teehee/ros2_ws/install/lab_interfaces/include/lab_interfaces/lab_interfaces/srv/detail/measure_wall_dist__builder.hpp
[7.860s] -- Installing: /home/teehee/ros2_ws/install/lab_interfaces/include/lab_interfaces/lab_interfaces/srv/measure_wall_dist.hpp
[7.860s] -- Up-to-date: /home/teehee/ros2_ws/install/lab_interfaces/include/lab_interfaces/lab_interfaces/msg
[7.860s] -- Installing: /home/teehee/ros2_ws/install/lab_interfaces/include/lab_interfaces/lab_interfaces/msg/wall_distance_measurement.hpp
[7.860s] -- Installing: /home/teehee/ros2_ws/install/lab_interfaces/include/lab_interfaces/lab_interfaces/msg/turtle_array.hpp
[7.860s] -- Installing: /home/teehee/ros2_ws/install/lab_interfaces/include/lab_interfaces/lab_interfaces/msg/wall_distance_statistics.hpp
[7.860s] -- Up-to-date: /home/teehee/ros2_ws/install/lab_interfaces/include/lab_interfaces/lab_interfaces/msg/detail
[7.861s] -- Installing: /home/teehee/ros2_ws/install/lab_interfaces/include/lab_interfaces/lab_interfaces/msg/detail/turtle__traits.hpp
[7.861s] -- Installing: /home/teehee/ros2_ws/install/lab_interfaces/include/lab_interfaces/lab_interfaces/msg/detail/wall_distance_statistics__traits.hpp
[7.861s] -- Installing: /home/teehee/ros2_ws/install/lab_interfaces/include/lab_interfaces/lab_interfaces/msg/detail/wall_distance_array__traits.hpp
[7.861s] -- Installing: /home/teehee/ros2_ws/install/lab_interfaces/include/lab_interfaces/lab_interfaces/msg/detail/wall_distance_statistics__struct.hpp
[7.862s] -- Installing: /home/teehee/ros2_ws/install/lab_interfaces/include/lab_interfaces/lab_interfaces/msg/detail/turtle__builder.hpp
[7.862s] -- Installing: /home/teehee/ros2_ws/install/lab_interfaces/include/lab_interfaces/lab_interfaces/msg/detail/turtle_array__builder.hpp
[7.862s] -- Installing: /home/teehee/ros2_ws/install/lab_interfaces/include/lab_interfaces/lab_interfaces/msg/detail/wall_distance_statistics__builder.hpp
[7.862s] -- Installing: /home/teehee/ros2_ws/install/lab_interfaces/include/lab_interfaces/lab_interfaces/msg/detail/wall_distance_array__struct.hpp
[7.862s] -- Installing: /home/teehee/ros2_ws/install/lab_interfaces/include/lab_interfaces/lab_interfaces/msg/detail/wall_distance_measurement__builder.hpp
[7.863s] -- Installing: /home/teehee/ros2_ws/install/lab_interfaces/include/lab_interfaces/lab_interfaces/msg/detail/turtle_array__struct.hpp
[7.863s] -- Installing: /home/teehee/ros2_ws/install/lab_interfaces/include/lab_interfaces/lab_interfaces/msg/detail/wall_distance_array__builder.hpp
[7.863s] -- Installing: /home/teehee/ros2_ws/install/lab_interfaces/include/lab_interfaces/lab_interfaces/msg/detail/num__traits.hpp
[7.863s] -- Installing: /home/teehee/ros2_ws/install/lab_interfaces/include/lab_interfaces/lab_interfaces/msg/detail/wall_distance_measurement__struct.hpp
[7.864s] -- Installing: /home/teehee/ros2_ws/install/lab_interfaces/include/lab_interfaces/lab_interfaces/msg/detail/num_array__struct.hpp
[7.864s] -- Installing: /home/teehee/ros2_ws/install/lab_interfaces/include/lab_interfaces/lab_interfaces/msg/detail/num_array__traits.hpp
[7.864s] -- Installing: /home/teehee/ros2_ws/install/lab_interfaces/include/lab_interfaces/lab_interfaces/msg/detail/wall_distance_measurement__traits.hpp
[7.864s] -- Installing: /home/teehee/ros2_ws/install/lab_interfaces/include/lab_interfaces/lab_interfaces/msg/detail/num__builder.hpp
[7.864s] -- Installing: /home/teehee/ros2_ws/install/lab_interfaces/include/lab_interfaces/lab_interfaces/msg/detail/turtle__struct.hpp
[7.865s] -- Installing: /home/teehee/ros2_ws/install/lab_interfaces/include/lab_interfaces/lab_interfaces/msg/detail/num__struct.hpp
[7.865s] -- Installing: /home/teehee/ros2_ws/install/lab_interfaces/include/lab_interfaces/lab_interfaces/msg/detail/num_array__builder.hpp
[7.865s] -- Installing: /home/teehee/ros2_ws/install/lab_interfaces/include/lab_interfaces/lab_interfaces/msg/detail/turtle_array__traits.hpp
[7.865s] -- Installing: /home/teehee/ros2_ws/install/lab_interfaces/include/lab_interfaces/lab_interfaces/msg/num_array.hpp
[7.866s] -- Installing: /home/teehee/ros2_ws/install/lab_interfaces/include/lab_interfaces/lab_interfaces/msg/num.hpp
[7.866s] -- Installing: /home/teehee/ros2_ws/install/lab_interfaces/include/lab_interfaces/lab_interfaces/msg/wall_distance_array.hpp
[7.866s] -- Installing: /home/teehee/ros2_ws/install/lab_interfaces/include/lab_interfaces/lab_interfaces/msg/turtle.hpp
[7.866s] -- Up-to-date: /home/teehee/ros2_ws/install/lab_interfaces/include/lab_interfaces/lab_interfaces
[7.866s] -- Up-to-date: /home/teehee/ros2_ws/install/lab_interfaces/include/lab_interfaces/lab_interfaces/srv
[7.867s] -- Up-to-date: /home/teehee/ros2_ws/install/lab_interfaces/include/lab_interfaces/lab_interfaces/srv/detail
[7.867s] -- Installing: /home/teehee/ros2_ws/install/lab_interfaces/include/lab_interfaces/lab_interfaces/srv/detail/measure_wall_dist__rosidl_typesupport_fastrtps_cpp.hpp
[7.867s] -- Up-to-date: /home/teehee/ros2_ws/install/lab_interfaces/include/lab_interfaces/lab_interfaces/srv/detail/dds_fastrtps
[7.867s] -- Up-to-date: /home/teehee/ros2_ws/install/lab_interfaces/include/lab_interfaces/lab_interfaces/msg
[7.867s] -- Up-to-date: /home/teehee/ros2_ws/install/lab_interfaces/include/lab_interfaces/lab_interfaces/msg/detail
[7.867s] -- Installing: /home/teehee/ros2_ws/install/lab_interfaces/include/lab_interfaces/lab_interfaces/msg/detail/wall_distance_statistics__rosidl_typesupport_fastrtps_cpp.hpp
[7.867s] -- Installing: /home/teehee/ros2_ws/install/lab_interfaces/include/lab_interfaces/lab_interfaces/msg/detail/turtle__rosidl_typesupport_fastrtps_cpp.hpp
[7.868s] -- Installing: /home/teehee/ros2_ws/install/lab_interfaces/include/lab_interfaces/lab_interfaces/msg/detail/wall_distance_array__rosidl_typesupport_fastrtps_cpp.hpp
[7.868s] -- Installing: /home/teehee/ros2_ws/install/lab_interfaces/include/lab_interfaces/lab_interfaces/msg/detail/turtle_array__rosidl_typesupport_fastrtps_cpp.hpp
[7.868s] -- Up-to-date: /home/teehee/ros2_ws/install/lab_interfaces/include/lab_interfaces/lab_interfaces/msg/detail/dds_fastrtps
[7.868s] -- Installing: /home/teehee/ros2_ws/install/lab_interfaces/include/lab_interfaces/lab_interfaces/msg/detail/wall_distance_measurement__rosidl_typesupport_fastrtps_cpp.hpp
[7.868s] -- Installing: /home/teehee/ros2_ws/install/lab_interfaces/include/lab_interfaces/lab_interfaces/msg/detail/num__rosidl_typesupport_fastrtps_cpp.hpp
[7.869s] -- Installing: /home/teehee/ros2_ws/install/lab_interfaces/include/lab_interfaces/lab_interfaces/msg/detail/num_array__rosidl_typesupport_fastrtps_cpp.hpp
[7.869s] -- Up-to-date: /home/teehee/ros2_ws/install/lab_interfaces/include/lab_interfaces/lab_interfaces/msg/rosidl_typesupport_fastrtps_cpp__visibility_control.h
[7.869s] -- Installing: /home/teehee/ros2_ws/install/lab_interfaces/lib/liblab_interfaces__rosidl_typesupport_fastrtps_cpp.so
[7.870s] -- Set runtime path of "/home/teehee/ros2_ws/install/lab_interfaces/lib/liblab_interfaces__rosidl_typesupport_fastrtps_cpp.so" to ""
[7.870s] -- Up-to-date: /home/teehee/ros2_ws/install/lab_interfaces/include/lab_interfaces/lab_interfaces
[7.870s] -- Up-to-date: /home/teehee/ros2_ws/install/lab_interfaces/include/lab_interfaces/lab_interfaces/srv
[7.871s] -- Up-to-date: /home/teehee/ros2_ws/install/lab_interfaces/include/lab_interfaces/lab_interfaces/srv/detail
[7.871s] -- Installing: /home/teehee/ros2_ws/install/lab_interfaces/include/lab_interfaces/lab_interfaces/srv/detail/measure_wall_dist__rosidl_typesupport_introspection_cpp.hpp
[7.871s] -- Installing: /home/teehee/ros2_ws/install/lab_interfaces/include/lab_interfaces/lab_interfaces/srv/detail/measure_wall_dist__type_support.cpp
[7.871s] -- Up-to-date: /home/teehee/ros2_ws/install/lab_interfaces/include/lab_interfaces/lab_interfaces/msg
[7.871s] -- Up-to-date: /home/teehee/ros2_ws/install/lab_interfaces/include/lab_interfaces/lab_interfaces/msg/detail
[7.871s] -- Installing: /home/teehee/ros2_ws/install/lab_interfaces/include/lab_interfaces/lab_interfaces/msg/detail/wall_distance_array__type_support.cpp
[7.872s] -- Installing: /home/teehee/ros2_ws/install/lab_interfaces/include/lab_interfaces/lab_interfaces/msg/detail/num__type_support.cpp
[7.872s] -- Installing: /home/teehee/ros2_ws/install/lab_interfaces/include/lab_interfaces/lab_interfaces/msg/detail/turtle_array__rosidl_typesupport_introspection_cpp.hpp
[7.872s] -- Installing: /home/teehee/ros2_ws/install/lab_interfaces/include/lab_interfaces/lab_interfaces/msg/detail/wall_distance_measurement__rosidl_typesupport_introspection_cpp.hpp
[7.872s] -- Installing: /home/teehee/ros2_ws/install/lab_interfaces/include/lab_interfaces/lab_interfaces/msg/detail/wall_distance_array__rosidl_typesupport_introspection_cpp.hpp
[7.872s] -- Installing: /home/teehee/ros2_ws/install/lab_interfaces/include/lab_interfaces/lab_interfaces/msg/detail/num_array__type_support.cpp
[7.872s] -- Installing: /home/teehee/ros2_ws/install/lab_interfaces/include/lab_interfaces/lab_interfaces/msg/detail/num_array__rosidl_typesupport_introspection_cpp.hpp
[7.873s] -- Installing: /home/teehee/ros2_ws/install/lab_interfaces/include/lab_interfaces/lab_interfaces/msg/detail/turtle_array__type_support.cpp
[7.873s] -- Installing: /home/teehee/ros2_ws/install/lab_interfaces/include/lab_interfaces/lab_interfaces/msg/detail/wall_distance_measurement__type_support.cpp
[7.873s] -- Installing: /home/teehee/ros2_ws/install/lab_interfaces/include/lab_interfaces/lab_interfaces/msg/detail/wall_distance_statistics__type_support.cpp
[7.874s] -- Installing: /home/teehee/ros2_ws/install/lab_interfaces/include/lab_interfaces/lab_interfaces/msg/detail/turtle__rosidl_typesupport_introspection_cpp.hpp
[7.874s] -- Installing: /home/teehee/ros2_ws/install/lab_interfaces/include/lab_interfaces/lab_interfaces/msg/detail/num__rosidl_typesupport_introspection_cpp.hpp
[7.874s] -- Installing: /home/teehee/ros2_ws/install/lab_interfaces/include/lab_interfaces/lab_interfaces/msg/detail/turtle__type_support.cpp
[7.874s] -- Installing: /home/teehee/ros2_ws/install/lab_interfaces/include/lab_interfaces/lab_interfaces/msg/detail/wall_distance_statistics__rosidl_typesupport_introspection_cpp.hpp
[7.875s] -- Installing: /home/teehee/ros2_ws/install/lab_interfaces/lib/liblab_interfaces__rosidl_typesupport_introspection_cpp.so
[7.875s] -- Set runtime path of "/home/teehee/ros2_ws/install/lab_interfaces/lib/liblab_interfaces__rosidl_typesupport_introspection_cpp.so" to ""
[7.875s] -- Installing: /home/teehee/ros2_ws/install/lab_interfaces/lib/liblab_interfaces__rosidl_typesupport_cpp.so
[7.876s] -- Set runtime path of "/home/teehee/ros2_ws/install/lab_interfaces/lib/liblab_interfaces__rosidl_typesupport_cpp.so" to ""
[7.876s] -- Up-to-date: /home/teehee/ros2_ws/install/lab_interfaces/share/lab_interfaces/environment/pythonpath.sh
[7.876s] -- Installing: /home/teehee/ros2_ws/install/lab_interfaces/share/lab_interfaces/environment/pythonpath.dsv
[7.876s] -- Up-to-date: /home/teehee/ros2_ws/install/lab_interfaces/local/lib/python3.10/dist-packages/lab_interfaces-0.0.0-py3.10.egg-info
[7.876s] -- Installing: /home/teehee/ros2_ws/install/lab_interfaces/local/lib/python3.10/dist-packages/lab_interfaces-0.0.0-py3.10.egg-info/SOURCES.txt
[7.877s] -- Installing: /home/teehee/ros2_ws/install/lab_interfaces/local/lib/python3.10/dist-packages/lab_interfaces-0.0.0-py3.10.egg-info/dependency_links.txt
[7.877s] -- Installing: /home/teehee/ros2_ws/install/lab_interfaces/local/lib/python3.10/dist-packages/lab_interfaces-0.0.0-py3.10.egg-info/PKG-INFO
[7.877s] -- Installing: /home/teehee/ros2_ws/install/lab_interfaces/local/lib/python3.10/dist-packages/lab_interfaces-0.0.0-py3.10.egg-info/top_level.txt
[7.877s] -- Up-to-date: /home/teehee/ros2_ws/install/lab_interfaces/local/lib/python3.10/dist-packages/lab_interfaces
[7.877s] -- Installing: /home/teehee/ros2_ws/install/lab_interfaces/local/lib/python3.10/dist-packages/lab_interfaces/_lab_interfaces_s.ep.rosidl_typesupport_introspection_c.c
[7.878s] -- Installing: /home/teehee/ros2_ws/install/lab_interfaces/local/lib/python3.10/dist-packages/lab_interfaces/lab_interfaces_s__rosidl_typesupport_c.cpython-310-x86_64-linux-gnu.so
[7.878s] -- Installing: /home/teehee/ros2_ws/install/lab_interfaces/local/lib/python3.10/dist-packages/lab_interfaces/__init__.py
[7.878s] -- Installing: /home/teehee/ros2_ws/install/lab_interfaces/local/lib/python3.10/dist-packages/lab_interfaces/_lab_interfaces_s.ep.rosidl_typesupport_c.c
[7.879s] -- Installing: /home/teehee/ros2_ws/install/lab_interfaces/local/lib/python3.10/dist-packages/lab_interfaces/lab_interfaces_s__rosidl_typesupport_introspection_c.cpython-310-x86_64-linux-gnu.so
[7.879s] -- Installing: /home/teehee/ros2_ws/install/lab_interfaces/local/lib/python3.10/dist-packages/lab_interfaces/_lab_interfaces_s.ep.rosidl_typesupport_fastrtps_c.c
[7.879s] -- Up-to-date: /home/teehee/ros2_ws/install/lab_interfaces/local/lib/python3.10/dist-packages/lab_interfaces/srv
[7.879s] -- Installing: /home/teehee/ros2_ws/install/lab_interfaces/local/lib/python3.10/dist-packages/lab_interfaces/srv/_measure_wall_dist_s.c
[7.879s] -- Installing: /home/teehee/ros2_ws/install/lab_interfaces/local/lib/python3.10/dist-packages/lab_interfaces/srv/__init__.py
[7.880s] -- Installing: /home/teehee/ros2_ws/install/lab_interfaces/local/lib/python3.10/dist-packages/lab_interfaces/srv/_measure_wall_dist.py
[7.880s] -- Installing: /home/teehee/ros2_ws/install/lab_interfaces/local/lib/python3.10/dist-packages/lab_interfaces/liblab_interfaces__rosidl_generator_py.so
[7.880s] -- Installing: /home/teehee/ros2_ws/install/lab_interfaces/local/lib/python3.10/dist-packages/lab_interfaces/lab_interfaces_s__rosidl_typesupport_fastrtps_c.cpython-310-x86_64-linux-gnu.so
[7.881s] -- Up-to-date: /home/teehee/ros2_ws/install/lab_interfaces/local/lib/python3.10/dist-packages/lab_interfaces/msg
[7.881s] -- Installing: /home/teehee/ros2_ws/install/lab_interfaces/local/lib/python3.10/dist-packages/lab_interfaces/msg/__init__.py
[7.881s] -- Installing: /home/teehee/ros2_ws/install/lab_interfaces/local/lib/python3.10/dist-packages/lab_interfaces/msg/_wall_distance_measurement_s.c
[7.881s] -- Installing: /home/teehee/ros2_ws/install/lab_interfaces/local/lib/python3.10/dist-packages/lab_interfaces/msg/_turtle.py
[7.881s] -- Installing: /home/teehee/ros2_ws/install/lab_interfaces/local/lib/python3.10/dist-packages/lab_interfaces/msg/_wall_distance_array.py
[7.882s] -- Installing: /home/teehee/ros2_ws/install/lab_interfaces/local/lib/python3.10/dist-packages/lab_interfaces/msg/_wall_distance_statistics.py
[7.882s] -- Installing: /home/teehee/ros2_ws/install/lab_interfaces/local/lib/python3.10/dist-packages/lab_interfaces/msg/_num_array.py
[7.882s] -- Installing: /home/teehee/ros2_ws/install/lab_interfaces/local/lib/python3.10/dist-packages/lab_interfaces/msg/_turtle_array_s.c
[7.882s] -- Installing: /home/teehee/ros2_ws/install/lab_interfaces/local/lib/python3.10/dist-packages/lab_interfaces/msg/_num.py
[7.882s] -- Installing: /home/teehee/ros2_ws/install/lab_interfaces/local/lib/python3.10/dist-packages/lab_interfaces/msg/_wall_distance_statistics_s.c
[7.883s] -- Installing: /home/teehee/ros2_ws/install/lab_interfaces/local/lib/python3.10/dist-packages/lab_interfaces/msg/_wall_distance_measurement.py
[7.883s] -- Installing: /home/teehee/ros2_ws/install/lab_interfaces/local/lib/python3.10/dist-packages/lab_interfaces/msg/_turtle_s.c
[7.883s] -- Installing: /home/teehee/ros2_ws/install/lab_interfaces/local/lib/python3.10/dist-packages/lab_interfaces/msg/_turtle_array.py
[7.883s] -- Installing: /home/teehee/ros2_ws/install/lab_interfaces/local/lib/python3.10/dist-packages/lab_interfaces/msg/_wall_distance_array_s.c
[7.884s] -- Installing: /home/teehee/ros2_ws/install/lab_interfaces/local/lib/python3.10/dist-packages/lab_interfaces/msg/_num_s.c
[7.884s] -- Installing: /home/teehee/ros2_ws/install/lab_interfaces/local/lib/python3.10/dist-packages/lab_interfaces/msg/_num_array_s.c
[7.929s] Listing '/home/teehee/ros2_ws/install/lab_interfaces/local/lib/python3.10/dist-packages/lab_interfaces'...
[7.929s] Compiling '/home/teehee/ros2_ws/install/lab_interfaces/local/lib/python3.10/dist-packages/lab_interfaces/__init__.py'...
[7.929s] Listing '/home/teehee/ros2_ws/install/lab_interfaces/local/lib/python3.10/dist-packages/lab_interfaces/msg'...
[7.929s] Compiling '/home/teehee/ros2_ws/install/lab_interfaces/local/lib/python3.10/dist-packages/lab_interfaces/msg/__init__.py'...
[7.929s] Compiling '/home/teehee/ros2_ws/install/lab_interfaces/local/lib/python3.10/dist-packages/lab_interfaces/msg/_num.py'...
[7.929s] Compiling '/home/teehee/ros2_ws/install/lab_interfaces/local/lib/python3.10/dist-packages/lab_interfaces/msg/_num_array.py'...
[7.929s] Compiling '/home/teehee/ros2_ws/install/lab_interfaces/local/lib/python3.10/dist-packages/lab_interfaces/msg/_turtle.py'...
[7.929s] Compiling '/home/teehee/ros2_ws/install/lab_interfaces/local/lib/python3.10/dist-packages/lab_interfaces/msg/_turtle_array.py'...
[7.930s] Compiling '/home/teehee/ros2_ws/install/lab_interfaces/local/lib/python3.10/dist-packages/lab_interfaces/msg/_wall_distance_array.py'...
[7.930s] Compiling '/home/teehee/ros2_ws/install/lab_interfaces/local/lib/python3.10/dist-packages/lab_interfaces/msg/_wall_distance_measurement.py'...
[7.930s] Compiling '/home/teehee/ros2_ws/install/lab_interfaces/local/lib/python3.10/dist-packages/lab_interfaces/msg/_wall_distance_statistics.py'...
[7.930s] Listing '/home/teehee/ros2_ws/install/lab_interfaces/local/lib/python3.10/dist-packages/lab_interfaces/srv'...
[7.930s] Compiling '/home/teehee/ros2_ws/install/lab_interfaces/local/lib/python3.10/dist-packages/lab_interfaces/srv/__init__.py'...
[7.930s] Compiling '/home/teehee/ros2_ws/install/lab_interfaces/local/lib/python3.10/dist-packages/lab_interfaces/srv/_measure_wall_dist.py'...
[7.935s] -- Installing: /home/teehee/ros2_ws/install/lab_interfaces/local/lib/python3.10/dist-packages/lab_interfaces/lab_interfaces_s__rosidl_typesupport_fastrtps_c.cpython-310-x86_64-linux-gnu.so
[7.935s] -- Set runtime path of "/home/teehee/ros2_ws/install/lab_interfaces/local/lib/python3.10/dist-packages/lab_interfaces/lab_interfaces_s__rosidl_typesupport_fastrtps_c.cpython-310-x86_64-linux-gnu.so" to ""
[7.935s] -- Installing: /home/teehee/ros2_ws/install/lab_interfaces/local/lib/python3.10/dist-packages/lab_interfaces/lab_interfaces_s__rosidl_typesupport_introspection_c.cpython-310-x86_64-linux-gnu.so
[7.935s] -- Set runtime path of "/home/teehee/ros2_ws/install/lab_interfaces/local/lib/python3.10/dist-packages/lab_interfaces/lab_interfaces_s__rosidl_typesupport_introspection_c.cpython-310-x86_64-linux-gnu.so" to ""
[7.936s] -- Installing: /home/teehee/ros2_ws/install/lab_interfaces/local/lib/python3.10/dist-packages/lab_interfaces/lab_interfaces_s__rosidl_typesupport_c.cpython-310-x86_64-linux-gnu.so
[7.936s] -- Set runtime path of "/home/teehee/ros2_ws/install/lab_interfaces/local/lib/python3.10/dist-packages/lab_interfaces/lab_interfaces_s__rosidl_typesupport_c.cpython-310-x86_64-linux-gnu.so" to ""
[7.936s] -- Installing: /home/teehee/ros2_ws/install/lab_interfaces/lib/liblab_interfaces__rosidl_generator_py.so
[7.937s] -- Set runtime path of "/home/teehee/ros2_ws/install/lab_interfaces/lib/liblab_interfaces__rosidl_generator_py.so" to ""
[7.937s] -- Up-to-date: /home/teehee/ros2_ws/install/lab_interfaces/share/lab_interfaces/msg/Num.idl
[7.938s] -- Up-to-date: /home/teehee/ros2_ws/install/lab_interfaces/share/lab_interfaces/msg/NumArray.idl
[7.938s] -- Installing: /home/teehee/ros2_ws/install/lab_interfaces/share/lab_interfaces/msg/Turtle.idl
[7.938s] -- Up-to-date: /home/teehee/ros2_ws/install/lab_interfaces/share/lab_interfaces/msg/TurtleArray.idl
[7.938s] -- Up-to-date: /home/teehee/ros2_ws/install/lab_interfaces/share/lab_interfaces/srv/MeasureWallDist.idl
[7.938s] -- Up-to-date: /home/teehee/ros2_ws/install/lab_interfaces/share/lab_interfaces/msg/WallDistanceMeasurement.idl
[7.938s] -- Up-to-date: /home/teehee/ros2_ws/install/lab_interfaces/share/lab_interfaces/msg/WallDistanceArray.idl
[7.939s] -- Up-to-date: /home/teehee/ros2_ws/install/lab_interfaces/share/lab_interfaces/msg/WallDistanceStatistics.idl
[7.939s] -- Up-to-date: /home/teehee/ros2_ws/install/lab_interfaces/share/lab_interfaces/msg/Num.msg
[7.939s] -- Up-to-date: /home/teehee/ros2_ws/install/lab_interfaces/share/lab_interfaces/msg/NumArray.msg
[7.939s] -- Installing: /home/teehee/ros2_ws/install/lab_interfaces/share/lab_interfaces/msg/Turtle.msg
[7.940s] -- Up-to-date: /home/teehee/ros2_ws/install/lab_interfaces/share/lab_interfaces/msg/TurtleArray.msg
[7.940s] -- Up-to-date: /home/teehee/ros2_ws/install/lab_interfaces/share/lab_interfaces/srv/MeasureWallDist.srv
[7.940s] -- Up-to-date: /home/teehee/ros2_ws/install/lab_interfaces/share/lab_interfaces/srv/MeasureWallDist_Request.msg
[7.940s] -- Up-to-date: /home/teehee/ros2_ws/install/lab_interfaces/share/lab_interfaces/srv/MeasureWallDist_Response.msg
[7.940s] -- Up-to-date: /home/teehee/ros2_ws/install/lab_interfaces/share/lab_interfaces/msg/WallDistanceMeasurement.msg
[7.940s] -- Up-to-date: /home/teehee/ros2_ws/install/lab_interfaces/share/lab_interfaces/msg/WallDistanceArray.msg
[7.940s] -- Up-to-date: /home/teehee/ros2_ws/install/lab_interfaces/share/lab_interfaces/msg/WallDistanceStatistics.msg
[7.940s] -- Up-to-date: /home/teehee/ros2_ws/install/lab_interfaces/share/ament_index/resource_index/package_run_dependencies/lab_interfaces
[7.940s] -- Up-to-date: /home/teehee/ros2_ws/install/lab_interfaces/share/ament_index/resource_index/parent_prefix_path/lab_interfaces
[7.941s] -- Up-to-date: /home/teehee/ros2_ws/install/lab_interfaces/share/lab_interfaces/environment/ament_prefix_path.sh
[7.941s] -- Installing: /home/teehee/ros2_ws/install/lab_interfaces/share/lab_interfaces/environment/ament_prefix_path.dsv
[7.941s] -- Up-to-date: /home/teehee/ros2_ws/install/lab_interfaces/share/lab_interfaces/environment/path.sh
[7.941s] -- Installing: /home/teehee/ros2_ws/install/lab_interfaces/share/lab_interfaces/environment/path.dsv
[7.941s] -- Up-to-date: /home/teehee/ros2_ws/install/lab_interfaces/share/lab_interfaces/local_setup.bash
[7.941s] -- Up-to-date: /home/teehee/ros2_ws/install/lab_interfaces/share/lab_interfaces/local_setup.sh
[7.941s] -- Up-to-date: /home/teehee/ros2_ws/install/lab_interfaces/share/lab_interfaces/local_setup.zsh
[7.942s] -- Installing: /home/teehee/ros2_ws/install/lab_interfaces/share/lab_interfaces/local_setup.dsv
[7.942s] -- Installing: /home/teehee/ros2_ws/install/lab_interfaces/share/lab_interfaces/package.dsv
[7.942s] -- Up-to-date: /home/teehee/ros2_ws/install/lab_interfaces/share/ament_index/resource_index/packages/lab_interfaces
[7.943s] -- Up-to-date: /home/teehee/ros2_ws/install/lab_interfaces/share/lab_interfaces/cmake/export_lab_interfaces__rosidl_generator_cExport.cmake
[7.943s] -- Up-to-date: /home/teehee/ros2_ws/install/lab_interfaces/share/lab_interfaces/cmake/export_lab_interfaces__rosidl_generator_cExport-noconfig.cmake
[7.943s] -- Up-to-date: /home/teehee/ros2_ws/install/lab_interfaces/share/lab_interfaces/cmake/export_lab_interfaces__rosidl_typesupport_fastrtps_cExport.cmake
[7.943s] -- Up-to-date: /home/teehee/ros2_ws/install/lab_interfaces/share/lab_interfaces/cmake/export_lab_interfaces__rosidl_typesupport_fastrtps_cExport-noconfig.cmake
[7.943s] -- Up-to-date: /home/teehee/ros2_ws/install/lab_interfaces/share/lab_interfaces/cmake/lab_interfaces__rosidl_typesupport_introspection_cExport.cmake
[7.944s] -- Up-to-date: /home/teehee/ros2_ws/install/lab_interfaces/share/lab_interfaces/cmake/lab_interfaces__rosidl_typesupport_introspection_cExport-noconfig.cmake
[7.944s] -- Up-to-date: /home/teehee/ros2_ws/install/lab_interfaces/share/lab_interfaces/cmake/lab_interfaces__rosidl_typesupport_cExport.cmake
[7.944s] -- Up-to-date: /home/teehee/ros2_ws/install/lab_interfaces/share/lab_interfaces/cmake/lab_interfaces__rosidl_typesupport_cExport-noconfig.cmake
[7.944s] -- Up-to-date: /home/teehee/ros2_ws/install/lab_interfaces/share/lab_interfaces/cmake/export_lab_interfaces__rosidl_generator_cppExport.cmake
[7.944s] -- Up-to-date: /home/teehee/ros2_ws/install/lab_interfaces/share/lab_interfaces/cmake/export_lab_interfaces__rosidl_typesupport_fastrtps_cppExport.cmake
[7.944s] -- Up-to-date: /home/teehee/ros2_ws/install/lab_interfaces/share/lab_interfaces/cmake/export_lab_interfaces__rosidl_typesupport_fastrtps_cppExport-noconfig.cmake
[7.944s] -- Up-to-date: /home/teehee/ros2_ws/install/lab_interfaces/share/lab_interfaces/cmake/lab_interfaces__rosidl_typesupport_introspection_cppExport.cmake
[7.945s] -- Up-to-date: /home/teehee/ros2_ws/install/lab_interfaces/share/lab_interfaces/cmake/lab_interfaces__rosidl_typesupport_introspection_cppExport-noconfig.cmake
[7.945s] -- Up-to-date: /home/teehee/ros2_ws/install/lab_interfaces/share/lab_interfaces/cmake/lab_interfaces__rosidl_typesupport_cppExport.cmake
[7.945s] -- Up-to-date: /home/teehee/ros2_ws/install/lab_interfaces/share/lab_interfaces/cmake/lab_interfaces__rosidl_typesupport_cppExport-noconfig.cmake
[7.946s] -- Up-to-date: /home/teehee/ros2_ws/install/lab_interfaces/share/lab_interfaces/cmake/export_lab_interfaces__rosidl_generator_pyExport.cmake
[7.946s] -- Up-to-date: /home/teehee/ros2_ws/install/lab_interfaces/share/lab_interfaces/cmake/export_lab_interfaces__rosidl_generator_pyExport-noconfig.cmake
[7.946s] -- Up-to-date: /home/teehee/ros2_ws/install/lab_interfaces/share/lab_interfaces/cmake/rosidl_cmake-extras.cmake
[7.946s] -- Up-to-date: /home/teehee/ros2_ws/install/lab_interfaces/share/lab_interfaces/cmake/ament_cmake_export_include_directories-extras.cmake
[7.946s] -- Up-to-date: /home/teehee/ros2_ws/install/lab_interfaces/share/lab_interfaces/cmake/ament_cmake_export_libraries-extras.cmake
[7.946s] -- Up-to-date: /home/teehee/ros2_ws/install/lab_interfaces/share/lab_interfaces/cmake/ament_cmake_export_targets-extras.cmake
[7.946s] -- Up-to-date: /home/teehee/ros2_ws/install/lab_interfaces/share/lab_interfaces/cmake/rosidl_cmake_export_typesupport_targets-extras.cmake
[7.946s] -- Up-to-date: /home/teehee/ros2_ws/install/lab_interfaces/share/lab_interfaces/cmake/ament_cmake_export_dependencies-extras.cmake
[7.946s] -- Up-to-date: /home/teehee/ros2_ws/install/lab_interfaces/share/lab_interfaces/cmake/rosidl_cmake_export_typesupport_libraries-extras.cmake
[7.946s] -- Up-to-date: /home/teehee/ros2_ws/install/lab_interfaces/share/lab_interfaces/cmake/lab_interfacesConfig.cmake
[7.946s] -- Up-to-date: /home/teehee/ros2_ws/install/lab_interfaces/share/lab_interfaces/cmake/lab_interfacesConfig-version.cmake
[7.946s] -- Up-to-date: /home/teehee/ros2_ws/install/lab_interfaces/share/lab_interfaces/package.xml
[7.949s] Invoked command in '/home/teehee/ros2_ws/build/lab_interfaces' returned '0': CMAKE_PREFIX_PATH=${CMAKE_PREFIX_PATH}:/home/teehee/ros2_ws/install/labs_pkg:/home/teehee/ros2_ws/install/example_pkg:/opt/ros/humble /usr/bin/cmake --install /home/teehee/ros2_ws/build/lab_interfaces
