[0.927s] DEBUG:colcon:Command line arguments: ['/usr/bin/colcon', 'build', '--packages-select', 'lab04', '--symlink-install']
[0.927s] DEBUG:colcon:Parsed command line arguments: Namespace(log_base=None, log_level=None, verb_name='build', build_base='build', install_base='install', merge_install=False, symlink_install=True, test_result_base=None, continue_on_error=False, executor='parallel', parallel_workers=4, event_handlers=None, ignore_user_meta=False, metas=['./colcon.meta'], base_paths=['.'], packages_ignore=None, packages_ignore_regex=None, paths=None, packages_up_to=None, packages_up_to_regex=None, packages_above=None, packages_above_and_dependencies=None, packages_above_depth=None, packages_select_by_dep=None, packages_skip_by_dep=None, packages_skip_up_to=None, packages_select_build_failed=False, packages_skip_build_finished=False, packages_select_test_failures=False, packages_skip_test_passed=False, packages_select=['lab04'], packages_skip=None, packages_select_regex=None, packages_skip_regex=None, packages_start=None, packages_end=None, allow_overriding=[], cmake_args=None, cmake_target=None, cmake_target_skip_unavailable=False, cmake_clean_cache=False, cmake_clean_first=False, cmake_force_configure=False, ament_cmake_args=None, catkin_cmake_args=None, catkin_skip_building_tests=False, verb_parser=<colcon_defaults.argument_parser.defaults.DefaultArgumentsDecorator object at 0x7fc525dcb040>, verb_extension=<colcon_core.verb.build.BuildVerb object at 0x7fc5261bfd60>, main=<bound method BuildVerb.main of <colcon_core.verb.build.BuildVerb object at 0x7fc5261bfd60>>)
[0.972s] Level 1:colcon.colcon_core.package_discovery:discover_packages(colcon_meta) check parameters
[0.972s] Level 1:colcon.colcon_core.package_discovery:discover_packages(recursive) check parameters
[0.972s] Level 1:colcon.colcon_core.package_discovery:discover_packages(ignore) check parameters
[0.972s] Level 1:colcon.colcon_core.package_discovery:discover_packages(path) check parameters
[0.972s] Level 1:colcon.colcon_core.package_discovery:discover_packages(colcon_meta) discover
[0.973s] Level 1:colcon.colcon_core.package_discovery:discover_packages(recursive) discover
[0.973s] INFO:colcon.colcon_core.package_discovery:Crawling recursively for packages in '/home/teehee/ros2_ws'
[0.973s] Level 1:colcon.colcon_core.package_identification:_identify(.) by extensions ['ignore', 'ignore_ament_install']
[0.974s] Level 1:colcon.colcon_core.package_identification:_identify(.) by extension 'ignore'
[0.974s] Level 1:colcon.colcon_core.package_identification:_identify(.) by extension 'ignore_ament_install'
[0.974s] Level 1:colcon.colcon_core.package_identification:_identify(.) by extensions ['colcon_pkg']
[0.974s] Level 1:colcon.colcon_core.package_identification:_identify(.) by extension 'colcon_pkg'
[0.974s] Level 1:colcon.colcon_core.package_identification:_identify(.) by extensions ['colcon_meta']
[0.974s] Level 1:colcon.colcon_core.package_identification:_identify(.) by extension 'colcon_meta'
[0.974s] Level 1:colcon.colcon_core.package_identification:_identify(.) by extensions ['ros']
[0.974s] Level 1:colcon.colcon_core.package_identification:_identify(.) by extension 'ros'
[0.984s] Level 1:colcon.colcon_core.package_identification:_identify(.) by extensions ['cmake', 'python']
[0.984s] Level 1:colcon.colcon_core.package_identification:_identify(.) by extension 'cmake'
[0.984s] Level 1:colcon.colcon_core.package_identification:_identify(.) by extension 'python'
[0.984s] Level 1:colcon.colcon_core.package_identification:_identify(.) by extensions ['python_setup_py']
[0.984s] Level 1:colcon.colcon_core.package_identification:_identify(.) by extension 'python_setup_py'
[0.984s] Level 1:colcon.colcon_core.package_identification:_identify(build) by extensions ['ignore', 'ignore_ament_install']
[0.984s] Level 1:colcon.colcon_core.package_identification:_identify(build) by extension 'ignore'
[0.984s] Level 1:colcon.colcon_core.package_identification:_identify(build) ignored
[0.985s] Level 1:colcon.colcon_core.package_identification:_identify(install) by extensions ['ignore', 'ignore_ament_install']
[0.985s] Level 1:colcon.colcon_core.package_identification:_identify(install) by extension 'ignore'
[0.985s] Level 1:colcon.colcon_core.package_identification:_identify(install) ignored
[0.985s] Level 1:colcon.colcon_core.package_identification:_identify(log) by extensions ['ignore', 'ignore_ament_install']
[0.985s] Level 1:colcon.colcon_core.package_identification:_identify(log) by extension 'ignore'
[0.985s] Level 1:colcon.colcon_core.package_identification:_identify(log) ignored
[0.985s] Level 1:colcon.colcon_core.package_identification:_identify(src) by extensions ['ignore', 'ignore_ament_install']
[0.985s] Level 1:colcon.colcon_core.package_identification:_identify(src) by extension 'ignore'
[0.985s] Level 1:colcon.colcon_core.package_identification:_identify(src) by extension 'ignore_ament_install'
[0.986s] Level 1:colcon.colcon_core.package_identification:_identify(src) by extensions ['colcon_pkg']
[0.986s] Level 1:colcon.colcon_core.package_identification:_identify(src) by extension 'colcon_pkg'
[0.986s] Level 1:colcon.colcon_core.package_identification:_identify(src) by extensions ['colcon_meta']
[0.986s] Level 1:colcon.colcon_core.package_identification:_identify(src) by extension 'colcon_meta'
[0.986s] Level 1:colcon.colcon_core.package_identification:_identify(src) by extensions ['ros']
[0.986s] Level 1:colcon.colcon_core.package_identification:_identify(src) by extension 'ros'
[0.986s] Level 1:colcon.colcon_core.package_identification:_identify(src) by extensions ['cmake', 'python']
[0.986s] Level 1:colcon.colcon_core.package_identification:_identify(src) by extension 'cmake'
[0.986s] Level 1:colcon.colcon_core.package_identification:_identify(src) by extension 'python'
[0.986s] Level 1:colcon.colcon_core.package_identification:_identify(src) by extensions ['python_setup_py']
[0.986s] Level 1:colcon.colcon_core.package_identification:_identify(src) by extension 'python_setup_py'
[0.987s] Level 1:colcon.colcon_core.package_identification:_identify(src/lab03) by extensions ['ignore', 'ignore_ament_install']
[0.987s] Level 1:colcon.colcon_core.package_identification:_identify(src/lab03) by extension 'ignore'
[0.987s] Level 1:colcon.colcon_core.package_identification:_identify(src/lab03) by extension 'ignore_ament_install'
[0.987s] Level 1:colcon.colcon_core.package_identification:_identify(src/lab03) by extensions ['colcon_pkg']
[0.987s] Level 1:colcon.colcon_core.package_identification:_identify(src/lab03) by extension 'colcon_pkg'
[0.987s] Level 1:colcon.colcon_core.package_identification:_identify(src/lab03) by extensions ['colcon_meta']
[0.987s] Level 1:colcon.colcon_core.package_identification:_identify(src/lab03) by extension 'colcon_meta'
[0.987s] Level 1:colcon.colcon_core.package_identification:_identify(src/lab03) by extensions ['ros']
[0.987s] Level 1:colcon.colcon_core.package_identification:_identify(src/lab03) by extension 'ros'
[0.987s] Level 1:colcon.colcon_core.package_identification:_identify(src/lab03) by extensions ['cmake', 'python']
[0.987s] Level 1:colcon.colcon_core.package_identification:_identify(src/lab03) by extension 'cmake'
[0.987s] Level 1:colcon.colcon_core.package_identification:_identify(src/lab03) by extension 'python'
[0.987s] Level 1:colcon.colcon_core.package_identification:_identify(src/lab03) by extensions ['python_setup_py']
[0.987s] Level 1:colcon.colcon_core.package_identification:_identify(src/lab03) by extension 'python_setup_py'
[0.987s] Level 1:colcon.colcon_core.package_identification:_identify(src/lab03/exercise_3_4) by extensions ['ignore', 'ignore_ament_install']
[0.987s] Level 1:colcon.colcon_core.package_identification:_identify(src/lab03/exercise_3_4) by extension 'ignore'
[0.987s] Level 1:colcon.colcon_core.package_identification:_identify(src/lab03/exercise_3_4) by extension 'ignore_ament_install'
[0.988s] Level 1:colcon.colcon_core.package_identification:_identify(src/lab03/exercise_3_4) by extensions ['colcon_pkg']
[0.988s] Level 1:colcon.colcon_core.package_identification:_identify(src/lab03/exercise_3_4) by extension 'colcon_pkg'
[0.988s] Level 1:colcon.colcon_core.package_identification:_identify(src/lab03/exercise_3_4) by extensions ['colcon_meta']
[0.988s] Level 1:colcon.colcon_core.package_identification:_identify(src/lab03/exercise_3_4) by extension 'colcon_meta'
[0.988s] Level 1:colcon.colcon_core.package_identification:_identify(src/lab03/exercise_3_4) by extensions ['ros']
[0.988s] Level 1:colcon.colcon_core.package_identification:_identify(src/lab03/exercise_3_4) by extension 'ros'
[0.990s] DEBUG:colcon.colcon_core.package_identification:Package 'src/lab03/exercise_3_4' with type 'ros.ament_cmake' and name 'exercise_3_4'
[0.990s] Level 1:colcon.colcon_core.package_identification:_identify(src/lab03/exersice_2_1) by extensions ['ignore', 'ignore_ament_install']
[0.990s] Level 1:colcon.colcon_core.package_identification:_identify(src/lab03/exersice_2_1) by extension 'ignore'
[0.990s] Level 1:colcon.colcon_core.package_identification:_identify(src/lab03/exersice_2_1) by extension 'ignore_ament_install'
[0.990s] Level 1:colcon.colcon_core.package_identification:_identify(src/lab03/exersice_2_1) by extensions ['colcon_pkg']
[0.990s] Level 1:colcon.colcon_core.package_identification:_identify(src/lab03/exersice_2_1) by extension 'colcon_pkg'
[0.990s] Level 1:colcon.colcon_core.package_identification:_identify(src/lab03/exersice_2_1) by extensions ['colcon_meta']
[0.990s] Level 1:colcon.colcon_core.package_identification:_identify(src/lab03/exersice_2_1) by extension 'colcon_meta'
[0.990s] Level 1:colcon.colcon_core.package_identification:_identify(src/lab03/exersice_2_1) by extensions ['ros']
[0.990s] Level 1:colcon.colcon_core.package_identification:_identify(src/lab03/exersice_2_1) by extension 'ros'
[0.991s] DEBUG:colcon.colcon_core.package_identification:Package 'src/lab03/exersice_2_1' with type 'ros.ament_cmake' and name 'exersice_2_1'
[0.991s] Level 1:colcon.colcon_core.package_identification:_identify(src/lab03/exersice_2_2) by extensions ['ignore', 'ignore_ament_install']
[0.991s] Level 1:colcon.colcon_core.package_identification:_identify(src/lab03/exersice_2_2) by extension 'ignore'
[0.991s] Level 1:colcon.colcon_core.package_identification:_identify(src/lab03/exersice_2_2) by extension 'ignore_ament_install'
[0.991s] Level 1:colcon.colcon_core.package_identification:_identify(src/lab03/exersice_2_2) by extensions ['colcon_pkg']
[0.991s] Level 1:colcon.colcon_core.package_identification:_identify(src/lab03/exersice_2_2) by extension 'colcon_pkg'
[0.991s] Level 1:colcon.colcon_core.package_identification:_identify(src/lab03/exersice_2_2) by extensions ['colcon_meta']
[0.991s] Level 1:colcon.colcon_core.package_identification:_identify(src/lab03/exersice_2_2) by extension 'colcon_meta'
[0.991s] Level 1:colcon.colcon_core.package_identification:_identify(src/lab03/exersice_2_2) by extensions ['ros']
[0.991s] Level 1:colcon.colcon_core.package_identification:_identify(src/lab03/exersice_2_2) by extension 'ros'
[0.992s] DEBUG:colcon.colcon_core.package_identification:Package 'src/lab03/exersice_2_2' with type 'ros.ament_cmake' and name 'exersice_2_2'
[0.992s] Level 1:colcon.colcon_core.package_identification:_identify(src/lab04) by extensions ['ignore', 'ignore_ament_install']
[0.992s] Level 1:colcon.colcon_core.package_identification:_identify(src/lab04) by extension 'ignore'
[0.992s] Level 1:colcon.colcon_core.package_identification:_identify(src/lab04) by extension 'ignore_ament_install'
[0.992s] Level 1:colcon.colcon_core.package_identification:_identify(src/lab04) by extensions ['colcon_pkg']
[0.992s] Level 1:colcon.colcon_core.package_identification:_identify(src/lab04) by extension 'colcon_pkg'
[0.992s] Level 1:colcon.colcon_core.package_identification:_identify(src/lab04) by extensions ['colcon_meta']
[0.992s] Level 1:colcon.colcon_core.package_identification:_identify(src/lab04) by extension 'colcon_meta'
[0.992s] Level 1:colcon.colcon_core.package_identification:_identify(src/lab04) by extensions ['ros']
[0.992s] Level 1:colcon.colcon_core.package_identification:_identify(src/lab04) by extension 'ros'
[0.992s] DEBUG:colcon.colcon_core.package_identification:Package 'src/lab04' with type 'ros.ament_cmake' and name 'lab04'
[0.993s] Level 1:colcon.colcon_core.package_identification:_identify(src/lab2urdf) by extensions ['ignore', 'ignore_ament_install']
[0.993s] Level 1:colcon.colcon_core.package_identification:_identify(src/lab2urdf) by extension 'ignore'
[0.993s] Level 1:colcon.colcon_core.package_identification:_identify(src/lab2urdf) by extension 'ignore_ament_install'
[0.993s] Level 1:colcon.colcon_core.package_identification:_identify(src/lab2urdf) by extensions ['colcon_pkg']
[0.993s] Level 1:colcon.colcon_core.package_identification:_identify(src/lab2urdf) by extension 'colcon_pkg'
[0.993s] Level 1:colcon.colcon_core.package_identification:_identify(src/lab2urdf) by extensions ['colcon_meta']
[0.993s] Level 1:colcon.colcon_core.package_identification:_identify(src/lab2urdf) by extension 'colcon_meta'
[0.993s] Level 1:colcon.colcon_core.package_identification:_identify(src/lab2urdf) by extensions ['ros']
[0.993s] Level 1:colcon.colcon_core.package_identification:_identify(src/lab2urdf) by extension 'ros'
[0.994s] DEBUG:colcon.colcon_core.package_identification:Package 'src/lab2urdf' with type 'ros.ament_cmake' and name 'lab2urdf'
[0.994s] Level 1:colcon.colcon_core.package_identification:_identify(src/robot1) by extensions ['ignore', 'ignore_ament_install']
[0.994s] Level 1:colcon.colcon_core.package_identification:_identify(src/robot1) by extension 'ignore'
[0.994s] Level 1:colcon.colcon_core.package_identification:_identify(src/robot1) by extension 'ignore_ament_install'
[0.994s] Level 1:colcon.colcon_core.package_identification:_identify(src/robot1) by extensions ['colcon_pkg']
[0.994s] Level 1:colcon.colcon_core.package_identification:_identify(src/robot1) by extension 'colcon_pkg'
[0.994s] Level 1:colcon.colcon_core.package_identification:_identify(src/robot1) by extensions ['colcon_meta']
[0.994s] Level 1:colcon.colcon_core.package_identification:_identify(src/robot1) by extension 'colcon_meta'
[0.994s] Level 1:colcon.colcon_core.package_identification:_identify(src/robot1) by extensions ['ros']
[0.994s] Level 1:colcon.colcon_core.package_identification:_identify(src/robot1) by extension 'ros'
[0.994s] DEBUG:colcon.colcon_core.package_identification:Package 'src/robot1' with type 'ros.ament_cmake' and name 'robot1'
[0.995s] Level 1:colcon.colcon_core.package_identification:_identify(src/tf2_pkg) by extensions ['ignore', 'ignore_ament_install']
[0.995s] Level 1:colcon.colcon_core.package_identification:_identify(src/tf2_pkg) by extension 'ignore'
[0.995s] Level 1:colcon.colcon_core.package_identification:_identify(src/tf2_pkg) by extension 'ignore_ament_install'
[0.995s] Level 1:colcon.colcon_core.package_identification:_identify(src/tf2_pkg) by extensions ['colcon_pkg']
[0.995s] Level 1:colcon.colcon_core.package_identification:_identify(src/tf2_pkg) by extension 'colcon_pkg'
[0.995s] Level 1:colcon.colcon_core.package_identification:_identify(src/tf2_pkg) by extensions ['colcon_meta']
[0.995s] Level 1:colcon.colcon_core.package_identification:_identify(src/tf2_pkg) by extension 'colcon_meta'
[0.995s] Level 1:colcon.colcon_core.package_identification:_identify(src/tf2_pkg) by extensions ['ros']
[0.995s] Level 1:colcon.colcon_core.package_identification:_identify(src/tf2_pkg) by extension 'ros'
[0.995s] DEBUG:colcon.colcon_core.package_identification:Package 'src/tf2_pkg' with type 'ros.ament_python' and name 'tf2_pkg'
[0.996s] Level 1:colcon.colcon_core.package_identification:_identify(src/urdf_example) by extensions ['ignore', 'ignore_ament_install']
[0.996s] Level 1:colcon.colcon_core.package_identification:_identify(src/urdf_example) by extension 'ignore'
[0.996s] Level 1:colcon.colcon_core.package_identification:_identify(src/urdf_example) by extension 'ignore_ament_install'
[0.996s] Level 1:colcon.colcon_core.package_identification:_identify(src/urdf_example) by extensions ['colcon_pkg']
[0.996s] Level 1:colcon.colcon_core.package_identification:_identify(src/urdf_example) by extension 'colcon_pkg'
[0.996s] Level 1:colcon.colcon_core.package_identification:_identify(src/urdf_example) by extensions ['colcon_meta']
[0.996s] Level 1:colcon.colcon_core.package_identification:_identify(src/urdf_example) by extension 'colcon_meta'
[0.996s] Level 1:colcon.colcon_core.package_identification:_identify(src/urdf_example) by extensions ['ros']
[0.996s] Level 1:colcon.colcon_core.package_identification:_identify(src/urdf_example) by extension 'ros'
[0.996s] DEBUG:colcon.colcon_core.package_identification:Package 'src/urdf_example' with type 'ros.ament_cmake' and name 'urdf_example'
[0.996s] Level 1:colcon.colcon_core.package_discovery:discover_packages(recursive) using defaults
[0.996s] Level 1:colcon.colcon_core.package_discovery:discover_packages(ignore) discover
[0.996s] Level 1:colcon.colcon_core.package_discovery:discover_packages(ignore) using defaults
[0.996s] Level 1:colcon.colcon_core.package_discovery:discover_packages(path) discover
[0.996s] Level 1:colcon.colcon_core.package_discovery:discover_packages(path) using defaults
[1.057s] INFO:colcon.colcon_core.package_selection:Skipping not selected package 'exercise_3_4' in 'src/lab03/exercise_3_4'
[1.057s] INFO:colcon.colcon_core.package_selection:Skipping not selected package 'exersice_2_1' in 'src/lab03/exersice_2_1'
[1.057s] INFO:colcon.colcon_core.package_selection:Skipping not selected package 'exersice_2_2' in 'src/lab03/exersice_2_2'
[1.057s] INFO:colcon.colcon_core.package_selection:Skipping not selected package 'lab2urdf' in 'src/lab2urdf'
[1.057s] INFO:colcon.colcon_core.package_selection:Skipping not selected package 'robot1' in 'src/robot1'
[1.057s] INFO:colcon.colcon_core.package_selection:Skipping not selected package 'tf2_pkg' in 'src/tf2_pkg'
[1.057s] INFO:colcon.colcon_core.package_selection:Skipping not selected package 'urdf_example' in 'src/urdf_example'
[1.083s] Level 1:colcon.colcon_core.package_discovery:discover_packages(prefix_path) check parameters
[1.083s] Level 1:colcon.colcon_core.package_discovery:discover_packages(prefix_path) discover
[1.113s] DEBUG:colcon.colcon_installed_package_information.package_discovery:Found 13 installed packages in /home/teehee/ros2_ws/install
[1.128s] DEBUG:colcon.colcon_installed_package_information.package_discovery:Found 279 installed packages in /opt/ros/humble
[1.129s] Level 1:colcon.colcon_core.package_discovery:discover_packages(prefix_path) using defaults
[1.214s] Level 5:colcon.colcon_core.verb:set package 'lab04' build argument 'cmake_args' from command line to 'None'
[1.214s] Level 5:colcon.colcon_core.verb:set package 'lab04' build argument 'cmake_target' from command line to 'None'
[1.214s] Level 5:colcon.colcon_core.verb:set package 'lab04' build argument 'cmake_target_skip_unavailable' from command line to 'False'
[1.214s] Level 5:colcon.colcon_core.verb:set package 'lab04' build argument 'cmake_clean_cache' from command line to 'False'
[1.214s] Level 5:colcon.colcon_core.verb:set package 'lab04' build argument 'cmake_clean_first' from command line to 'False'
[1.214s] Level 5:colcon.colcon_core.verb:set package 'lab04' build argument 'cmake_force_configure' from command line to 'False'
[1.214s] Level 5:colcon.colcon_core.verb:set package 'lab04' build argument 'ament_cmake_args' from command line to 'None'
[1.214s] Level 5:colcon.colcon_core.verb:set package 'lab04' build argument 'catkin_cmake_args' from command line to 'None'
[1.214s] Level 5:colcon.colcon_core.verb:set package 'lab04' build argument 'catkin_skip_building_tests' from command line to 'False'
[1.214s] DEBUG:colcon.colcon_core.verb:Building package 'lab04' with the following arguments: {'ament_cmake_args': None, 'build_base': '/home/teehee/ros2_ws/build/lab04', 'catkin_cmake_args': None, 'catkin_skip_building_tests': False, 'cmake_args': None, 'cmake_clean_cache': False, 'cmake_clean_first': False, 'cmake_force_configure': False, 'cmake_target': None, 'cmake_target_skip_unavailable': False, 'install_base': '/home/teehee/ros2_ws/install/lab04', 'merge_install': False, 'path': '/home/teehee/ros2_ws/src/lab04', 'symlink_install': True, 'test_result_base': None}
[1.226s] INFO:colcon.colcon_core.executor:Executing jobs using 'parallel' executor
[1.242s] DEBUG:colcon.colcon_parallel_executor.executor.parallel:run_until_complete
[1.243s] INFO:colcon.colcon_ros.task.ament_cmake.build:Building ROS package in '/home/teehee/ros2_ws/src/lab04' with build type 'ament_cmake'
[1.243s] INFO:colcon.colcon_cmake.task.cmake.build:Building CMake package in '/home/teehee/ros2_ws/src/lab04'
[1.260s] INFO:colcon.colcon_core.plugin_system:Skipping extension 'colcon_core.shell.bat': Not used on non-Windows systems
[1.260s] INFO:colcon.colcon_core.shell:Skip shell extension 'powershell' for command environment: Not usable outside of PowerShell
[1.260s] DEBUG:colcon.colcon_core.shell:Skip shell extension 'dsv' for command environment
[1.343s] DEBUG:colcon.colcon_core.event_handler.log_command:Invoking command in '/home/teehee/ros2_ws/build/lab04': CMAKE_PREFIX_PATH=${CMAKE_PREFIX_PATH}:/home/teehee/ros2_ws/install/tf2_pkg:/home/teehee/ros2_ws/install/labs_pkg:/home/teehee/ros2_ws/install/labex6:/home/teehee/ros2_ws/install/lab_exam2_pkg:/home/teehee/ros2_ws/install/example_pkg:/opt/ros/humble /usr/bin/cmake --build /home/teehee/ros2_ws/build/lab04 -- -j4 -l4
[1.408s] DEBUG:colcon.colcon_core.event_handler.log_command:Invoked command in '/home/teehee/ros2_ws/build/lab04' returned '0': CMAKE_PREFIX_PATH=${CMAKE_PREFIX_PATH}:/home/teehee/ros2_ws/install/tf2_pkg:/home/teehee/ros2_ws/install/labs_pkg:/home/teehee/ros2_ws/install/labex6:/home/teehee/ros2_ws/install/lab_exam2_pkg:/home/teehee/ros2_ws/install/example_pkg:/opt/ros/humble /usr/bin/cmake --build /home/teehee/ros2_ws/build/lab04 -- -j4 -l4
[1.467s] DEBUG:colcon.colcon_core.event_handler.log_command:Invoking command in '/home/teehee/ros2_ws/build/lab04': CMAKE_PREFIX_PATH=${CMAKE_PREFIX_PATH}:/home/teehee/ros2_ws/install/tf2_pkg:/home/teehee/ros2_ws/install/labs_pkg:/home/teehee/ros2_ws/install/labex6:/home/teehee/ros2_ws/install/lab_exam2_pkg:/home/teehee/ros2_ws/install/example_pkg:/opt/ros/humble /usr/bin/cmake --install /home/teehee/ros2_ws/build/lab04
[1.497s] Level 1:colcon.colcon_core.environment:create_environment_scripts_only(lab04)
[1.498s] DEBUG:colcon.colcon_core.event_handler.log_command:Invoked command in '/home/teehee/ros2_ws/build/lab04' returned '0': CMAKE_PREFIX_PATH=${CMAKE_PREFIX_PATH}:/home/teehee/ros2_ws/install/tf2_pkg:/home/teehee/ros2_ws/install/labs_pkg:/home/teehee/ros2_ws/install/labex6:/home/teehee/ros2_ws/install/lab_exam2_pkg:/home/teehee/ros2_ws/install/example_pkg:/opt/ros/humble /usr/bin/cmake --install /home/teehee/ros2_ws/build/lab04
[1.514s] Level 1:colcon.colcon_core.environment:checking '/home/teehee/ros2_ws/install/lab04' for CMake module files
[1.515s] Level 1:colcon.colcon_core.environment:checking '/home/teehee/ros2_ws/install/lab04' for CMake config files
[1.515s] Level 1:colcon.colcon_core.shell:create_environment_hook('lab04', 'cmake_prefix_path')
[1.527s] INFO:colcon.colcon_core.shell:Creating environment hook '/home/teehee/ros2_ws/install/lab04/share/lab04/hook/cmake_prefix_path.ps1'
[1.529s] INFO:colcon.colcon_core.shell:Creating environment descriptor '/home/teehee/ros2_ws/install/lab04/share/lab04/hook/cmake_prefix_path.dsv'
[1.530s] INFO:colcon.colcon_core.shell:Creating environment hook '/home/teehee/ros2_ws/install/lab04/share/lab04/hook/cmake_prefix_path.sh'
[1.531s] Level 1:colcon.colcon_core.environment:checking '/home/teehee/ros2_ws/install/lab04/bin'
[1.531s] Level 1:colcon.colcon_core.environment:checking '/home/teehee/ros2_ws/install/lab04/lib/pkgconfig/lab04.pc'
[1.531s] Level 1:colcon.colcon_core.environment:checking '/home/teehee/ros2_ws/install/lab04/lib/python3.10/site-packages'
[1.532s] Level 1:colcon.colcon_core.environment:checking '/home/teehee/ros2_ws/install/lab04/bin'
[1.544s] INFO:colcon.colcon_core.shell:Creating package script '/home/teehee/ros2_ws/install/lab04/share/lab04/package.ps1'
[1.547s] INFO:colcon.colcon_core.shell:Creating package descriptor '/home/teehee/ros2_ws/install/lab04/share/lab04/package.dsv'
[1.547s] INFO:colcon.colcon_core.shell:Creating package script '/home/teehee/ros2_ws/install/lab04/share/lab04/package.sh'
[1.549s] INFO:colcon.colcon_core.shell:Creating package script '/home/teehee/ros2_ws/install/lab04/share/lab04/package.bash'
[1.550s] INFO:colcon.colcon_core.shell:Creating package script '/home/teehee/ros2_ws/install/lab04/share/lab04/package.zsh'
[1.551s] Level 1:colcon.colcon_core.environment:create_file_with_runtime_dependencies(/home/teehee/ros2_ws/install/lab04/share/colcon-core/packages/lab04)
[1.601s] Level 1:colcon.colcon_core.environment:create_environment_scripts_only(lab04)
[1.615s] Level 1:colcon.colcon_core.environment:checking '/home/teehee/ros2_ws/install/lab04' for CMake module files
[1.616s] Level 1:colcon.colcon_core.environment:checking '/home/teehee/ros2_ws/install/lab04' for CMake config files
[1.616s] Level 1:colcon.colcon_core.shell:create_environment_hook('lab04', 'cmake_prefix_path')
[1.629s] INFO:colcon.colcon_core.shell:Creating environment hook '/home/teehee/ros2_ws/install/lab04/share/lab04/hook/cmake_prefix_path.ps1'
[1.630s] INFO:colcon.colcon_core.shell:Creating environment descriptor '/home/teehee/ros2_ws/install/lab04/share/lab04/hook/cmake_prefix_path.dsv'
[1.631s] INFO:colcon.colcon_core.shell:Creating environment hook '/home/teehee/ros2_ws/install/lab04/share/lab04/hook/cmake_prefix_path.sh'
[1.632s] Level 1:colcon.colcon_core.environment:checking '/home/teehee/ros2_ws/install/lab04/bin'
[1.632s] Level 1:colcon.colcon_core.environment:checking '/home/teehee/ros2_ws/install/lab04/lib/pkgconfig/lab04.pc'
[1.632s] Level 1:colcon.colcon_core.environment:checking '/home/teehee/ros2_ws/install/lab04/lib/python3.10/site-packages'
[1.632s] Level 1:colcon.colcon_core.environment:checking '/home/teehee/ros2_ws/install/lab04/bin'
[1.645s] INFO:colcon.colcon_core.shell:Creating package script '/home/teehee/ros2_ws/install/lab04/share/lab04/package.ps1'
[1.647s] INFO:colcon.colcon_core.shell:Creating package descriptor '/home/teehee/ros2_ws/install/lab04/share/lab04/package.dsv'
[1.649s] INFO:colcon.colcon_core.shell:Creating package script '/home/teehee/ros2_ws/install/lab04/share/lab04/package.sh'
[1.650s] INFO:colcon.colcon_core.shell:Creating package script '/home/teehee/ros2_ws/install/lab04/share/lab04/package.bash'
[1.650s] INFO:colcon.colcon_core.shell:Creating package script '/home/teehee/ros2_ws/install/lab04/share/lab04/package.zsh'
[1.651s] Level 1:colcon.colcon_core.environment:create_file_with_runtime_dependencies(/home/teehee/ros2_ws/install/lab04/share/colcon-core/packages/lab04)
[1.652s] DEBUG:colcon.colcon_parallel_executor.executor.parallel:closing loop
[1.652s] DEBUG:colcon.colcon_parallel_executor.executor.parallel:loop closed
[1.653s] DEBUG:colcon.colcon_parallel_executor.executor.parallel:run_until_complete finished with '0'
[1.653s] DEBUG:colcon.colcon_core.event_reactor:joining thread
[1.672s] INFO:colcon.colcon_core.plugin_system:Skipping extension 'colcon_notification.desktop_notification.terminal_notifier': Not used on non-Darwin systems
[1.672s] INFO:colcon.colcon_core.plugin_system:Skipping extension 'colcon_notification.desktop_notification.win32': Not used on non-Windows systems
[1.672s] INFO:colcon.colcon_notification.desktop_notification:Sending desktop notification using 'notify2'
[1.692s] DEBUG:colcon.colcon_core.event_reactor:joined thread
[1.715s] INFO:colcon.colcon_core.shell:Creating prefix script '/home/teehee/ros2_ws/install/local_setup.ps1'
[1.718s] INFO:colcon.colcon_core.shell:Creating prefix util module '/home/teehee/ros2_ws/install/_local_setup_util_ps1.py'
[1.719s] INFO:colcon.colcon_core.shell:Creating prefix chain script '/home/teehee/ros2_ws/install/setup.ps1'
[1.733s] INFO:colcon.colcon_core.shell:Creating prefix script '/home/teehee/ros2_ws/install/local_setup.sh'
[1.734s] INFO:colcon.colcon_core.shell:Creating prefix util module '/home/teehee/ros2_ws/install/_local_setup_util_sh.py'
[1.735s] INFO:colcon.colcon_core.shell:Creating prefix chain script '/home/teehee/ros2_ws/install/setup.sh'
[1.749s] INFO:colcon.colcon_core.shell:Creating prefix script '/home/teehee/ros2_ws/install/local_setup.bash'
[1.751s] INFO:colcon.colcon_core.shell:Creating prefix chain script '/home/teehee/ros2_ws/install/setup.bash'
[1.766s] INFO:colcon.colcon_core.shell:Creating prefix script '/home/teehee/ros2_ws/install/local_setup.zsh'
[1.768s] INFO:colcon.colcon_core.shell:Creating prefix chain script '/home/teehee/ros2_ws/install/setup.zsh'
