[0.030s] Invoking command in '/home/teehee/ros2_ws/build/exersice_2_1': CMAKE_PREFIX_PATH=${CMAKE_PREFIX_PATH}:/home/teehee/ros2_ws/install/tf2_pkg:/home/teehee/ros2_ws/install/labs_pkg:/home/teehee/ros2_ws/install/labex6:/home/teehee/ros2_ws/install/lab_exam2_pkg:/home/teehee/ros2_ws/install/example_pkg:/opt/ros/humble /usr/bin/cmake /home/teehee/ros2_ws/src/exersice_2_1 -DAMENT_CMAKE_SYMLINK_INSTALL=1 -DCMAKE_INSTALL_PREFIX=/home/teehee/ros2_ws/install/exersice_2_1
[0.077s] -- The C compiler identification is GNU 11.4.0
[0.112s] -- The CXX compiler identification is GNU 11.4.0
[0.117s] -- Detecting C compiler ABI info
[0.178s] -- Detecting C compiler ABI info - done
[0.182s] -- Check for working C compiler: /usr/bin/cc - skipped
[0.182s] -- Detecting C compile features
[0.183s] -- Detecting C compile features - done
[0.185s] -- Detecting CXX compiler ABI info
[0.251s] -- Detecting CXX compiler ABI info - done
[0.256s] -- Check for working CXX compiler: /usr/bin/c++ - skipped
[0.256s] -- Detecting CXX compile features
[0.256s] -- Detecting CXX compile features - done
[0.258s] -- Found ament_cmake: 1.3.6 (/opt/ros/humble/share/ament_cmake/cmake)
[0.361s] -- Found Python3: /usr/bin/python3.10 (found version "3.10.12") found components: Interpreter 
[0.397s] -- Override CMake install command with custom implementation using symlinks instead of copying resources
[0.413s] -- Found ament_lint_auto: 0.12.9 (/opt/ros/humble/share/ament_lint_auto/cmake)
[0.461s] -- Added test 'lint_cmake' to check CMake code style
[0.463s] -- Added test 'xmllint' to check XML markup files
[0.463s] -- Configuring done
[0.465s] -- Generating done
[0.465s] -- Build files have been written to: /home/teehee/ros2_ws/build/exersice_2_1
[0.469s] Invoked command in '/home/teehee/ros2_ws/build/exersice_2_1' returned '0': CMAKE_PREFIX_PATH=${CMAKE_PREFIX_PATH}:/home/teehee/ros2_ws/install/tf2_pkg:/home/teehee/ros2_ws/install/labs_pkg:/home/teehee/ros2_ws/install/labex6:/home/teehee/ros2_ws/install/lab_exam2_pkg:/home/teehee/ros2_ws/install/example_pkg:/opt/ros/humble /usr/bin/cmake /home/teehee/ros2_ws/src/exersice_2_1 -DAMENT_CMAKE_SYMLINK_INSTALL=1 -DCMAKE_INSTALL_PREFIX=/home/teehee/ros2_ws/install/exersice_2_1
[0.470s] Invoking command in '/home/teehee/ros2_ws/build/exersice_2_1': CMAKE_PREFIX_PATH=${CMAKE_PREFIX_PATH}:/home/teehee/ros2_ws/install/tf2_pkg:/home/teehee/ros2_ws/install/labs_pkg:/home/teehee/ros2_ws/install/labex6:/home/teehee/ros2_ws/install/lab_exam2_pkg:/home/teehee/ros2_ws/install/example_pkg:/opt/ros/humble /usr/bin/cmake --build /home/teehee/ros2_ws/build/exersice_2_1 -- -j4 -l4
[0.495s] Invoked command in '/home/teehee/ros2_ws/build/exersice_2_1' returned '0': CMAKE_PREFIX_PATH=${CMAKE_PREFIX_PATH}:/home/teehee/ros2_ws/install/tf2_pkg:/home/teehee/ros2_ws/install/labs_pkg:/home/teehee/ros2_ws/install/labex6:/home/teehee/ros2_ws/install/lab_exam2_pkg:/home/teehee/ros2_ws/install/example_pkg:/opt/ros/humble /usr/bin/cmake --build /home/teehee/ros2_ws/build/exersice_2_1 -- -j4 -l4
[0.524s] Invoking command in '/home/teehee/ros2_ws/build/exersice_2_1': CMAKE_PREFIX_PATH=${CMAKE_PREFIX_PATH}:/home/teehee/ros2_ws/install/tf2_pkg:/home/teehee/ros2_ws/install/labs_pkg:/home/teehee/ros2_ws/install/labex6:/home/teehee/ros2_ws/install/lab_exam2_pkg:/home/teehee/ros2_ws/install/example_pkg:/opt/ros/humble /usr/bin/cmake --install /home/teehee/ros2_ws/build/exersice_2_1
[0.528s] -- Install configuration: ""
[0.529s] -- Execute custom install script
[0.529s] -- Symlinking: /home/teehee/ros2_ws/install/exersice_2_1/share/ament_index/resource_index/package_run_dependencies/exersice_2_1
[0.535s] -- Symlinking: /home/teehee/ros2_ws/install/exersice_2_1/share/ament_index/resource_index/parent_prefix_path/exersice_2_1
[0.547s] -- Symlinking: /home/teehee/ros2_ws/install/exersice_2_1/share/exersice_2_1/environment/ament_prefix_path.sh
[0.553s] -- Symlinking: /home/teehee/ros2_ws/install/exersice_2_1/share/exersice_2_1/environment/ament_prefix_path.dsv
[0.558s] -- Symlinking: /home/teehee/ros2_ws/install/exersice_2_1/share/exersice_2_1/environment/path.sh
[0.564s] -- Symlinking: /home/teehee/ros2_ws/install/exersice_2_1/share/exersice_2_1/environment/path.dsv
[0.569s] -- Symlinking: /home/teehee/ros2_ws/install/exersice_2_1/share/exersice_2_1/local_setup.bash
[0.574s] -- Symlinking: /home/teehee/ros2_ws/install/exersice_2_1/share/exersice_2_1/local_setup.sh
[0.580s] -- Symlinking: /home/teehee/ros2_ws/install/exersice_2_1/share/exersice_2_1/local_setup.zsh
[0.585s] -- Symlinking: /home/teehee/ros2_ws/install/exersice_2_1/share/exersice_2_1/local_setup.dsv
[0.590s] -- Symlinking: /home/teehee/ros2_ws/install/exersice_2_1/share/exersice_2_1/package.dsv
[0.596s] -- Symlinking: /home/teehee/ros2_ws/install/exersice_2_1/share/ament_index/resource_index/packages/exersice_2_1
[0.601s] -- Symlinking: /home/teehee/ros2_ws/install/exersice_2_1/share/exersice_2_1/cmake/exersice_2_1Config.cmake
[0.607s] -- Symlinking: /home/teehee/ros2_ws/install/exersice_2_1/share/exersice_2_1/cmake/exersice_2_1Config-version.cmake
[0.613s] -- Symlinking: /home/teehee/ros2_ws/install/exersice_2_1/share/exersice_2_1/package.xml
[0.619s] -- Symlinking: /home/teehee/ros2_ws/install/exersice_2_1/share/exersice_2_1/description/colors.xacro
[0.624s] -- Symlinking: /home/teehee/ros2_ws/install/exersice_2_1/share/exersice_2_1/description/exercise_2_1.urdf.xacro
[0.630s] -- Symlinking: /home/teehee/ros2_ws/install/exersice_2_1/share/exersice_2_1/description/inertial.xacro
[0.637s] Invoked command in '/home/teehee/ros2_ws/build/exersice_2_1' returned '0': CMAKE_PREFIX_PATH=${CMAKE_PREFIX_PATH}:/home/teehee/ros2_ws/install/tf2_pkg:/home/teehee/ros2_ws/install/labs_pkg:/home/teehee/ros2_ws/install/labex6:/home/teehee/ros2_ws/install/lab_exam2_pkg:/home/teehee/ros2_ws/install/example_pkg:/opt/ros/humble /usr/bin/cmake --install /home/teehee/ros2_ws/build/exersice_2_1
