[0.716s] Invoking command in '/home/teehee/ros2_ws/build/labs_pkg': PYTHONPATH=/home/teehee/ros2_ws/build/labs_pkg/prefix_override:/home/teehee/ros2_ws/install/labs_pkg/lib/python3.10/site-packages:${PYTHONPATH} /usr/bin/python3 setup.py develop --editable --build-directory /home/teehee/ros2_ws/build/labs_pkg/build --no-deps install_data
[0.927s] running develop
[0.933s] /usr/lib/python3/dist-packages/setuptools/command/easy_install.py:158: EasyInstallDeprecationWarning: easy_install command is deprecated. Use build and pip and other standards-based tools.
[0.933s]   warnings.warn(
[0.933s] /usr/lib/python3/dist-packages/setuptools/command/install.py:34: SetuptoolsDeprecationWarning: setup.py install is deprecated. Use build and pip and other standards-based tools.
[0.933s]   warnings.warn(
[1.079s] running egg_info
[1.079s] writing labs_pkg.egg-info/PKG-INFO
[1.082s] writing dependency_links to labs_pkg.egg-info/dependency_links.txt
[1.082s] writing entry points to labs_pkg.egg-info/entry_points.txt
[1.082s] writing requirements to labs_pkg.egg-info/requires.txt
[1.082s] writing top-level names to labs_pkg.egg-info/top_level.txt
[1.084s] reading manifest file 'labs_pkg.egg-info/SOURCES.txt'
[1.085s] writing manifest file 'labs_pkg.egg-info/SOURCES.txt'
[1.087s] running build_ext
[1.087s] Creating /home/teehee/ros2_ws/install/labs_pkg/lib/python3.10/site-packages/labs-pkg.egg-link (link to .)
[1.088s] Installing cumulative_adder script to /home/teehee/ros2_ws/install/labs_pkg/lib/labs_pkg
[1.088s] Installing integer_publisher script to /home/teehee/ros2_ws/install/labs_pkg/lib/labs_pkg
[1.088s] Installing my_listener script to /home/teehee/ros2_ws/install/labs_pkg/lib/labs_pkg
[1.089s] Installing my_talker script to /home/teehee/ros2_ws/install/labs_pkg/lib/labs_pkg
[1.089s] 
[1.089s] Installed /home/teehee/ros2_ws/build/labs_pkg
[1.089s] running install_data
[1.134s] Invoked command in '/home/teehee/ros2_ws/build/labs_pkg' returned '0': PYTHONPATH=/home/teehee/ros2_ws/build/labs_pkg/prefix_override:/home/teehee/ros2_ws/install/labs_pkg/lib/python3.10/site-packages:${PYTHONPATH} /usr/bin/python3 setup.py develop --editable --build-directory /home/teehee/ros2_ws/build/labs_pkg/build --no-deps install_data
