[0.766s] Invoking command in '/home/teehee/ros2_ws/build/tf2_pkg': PYTHONPATH=/home/teehee/ros2_ws/build/tf2_pkg/prefix_override:/home/teehee/ros2_ws/install/tf2_pkg/lib/python3.10/site-packages:${PYTHONPATH} /usr/bin/python3 setup.py develop --editable --build-directory /home/teehee/ros2_ws/build/tf2_pkg/build --no-deps install_data
[0.996s] running develop
[0.999s] /usr/lib/python3/dist-packages/setuptools/command/easy_install.py:158: EasyInstallDeprecationWarning: easy_install command is deprecated. Use build and pip and other standards-based tools.
[0.999s]   warnings.warn(
[1.001s] /usr/lib/python3/dist-packages/setuptools/command/install.py:34: SetuptoolsDeprecationWarning: setup.py install is deprecated. Use build and pip and other standards-based tools.
[1.001s]   warnings.warn(
[1.139s] running egg_info
[1.139s] writing tf2_pkg.egg-info/PKG-INFO
[1.140s] writing dependency_links to tf2_pkg.egg-info/dependency_links.txt
[1.140s] writing entry points to tf2_pkg.egg-info/entry_points.txt
[1.141s] writing requirements to tf2_pkg.egg-info/requires.txt
[1.141s] writing top-level names to tf2_pkg.egg-info/top_level.txt
[1.143s] reading manifest file 'tf2_pkg.egg-info/SOURCES.txt'
[1.144s] writing manifest file 'tf2_pkg.egg-info/SOURCES.txt'
[1.146s] running build_ext
[1.146s] Creating /home/teehee/ros2_ws/install/tf2_pkg/lib/python3.10/site-packages/tf2-pkg.egg-link (link to .)
[1.147s] Installing tf_broadcaster1 script to /home/teehee/ros2_ws/install/tf2_pkg/lib/tf2_pkg
[1.147s] Installing tf_broadcaster2 script to /home/teehee/ros2_ws/install/tf2_pkg/lib/tf2_pkg
[1.148s] Installing tf_listener script to /home/teehee/ros2_ws/install/tf2_pkg/lib/tf2_pkg
[1.148s] 
[1.148s] Installed /home/teehee/ros2_ws/build/tf2_pkg
[1.148s] running install_data
[1.175s] Invoked command in '/home/teehee/ros2_ws/build/tf2_pkg' returned '0': PYTHONPATH=/home/teehee/ros2_ws/build/tf2_pkg/prefix_override:/home/teehee/ros2_ws/install/tf2_pkg/lib/python3.10/site-packages:${PYTHONPATH} /usr/bin/python3 setup.py develop --editable --build-directory /home/teehee/ros2_ws/build/tf2_pkg/build --no-deps install_data
