[0.333s] Invoking command in '/home/teehee/ros2_ws/build/exersice_2_1': CMAKE_PREFIX_PATH=${CMAKE_PREFIX_PATH}:/home/teehee/ros2_ws/install/tf2_pkg:/home/teehee/ros2_ws/install/labs_pkg:/home/teehee/ros2_ws/install/labex6:/home/teehee/ros2_ws/install/lab_exam2_pkg:/home/teehee/ros2_ws/install/example_pkg:/opt/ros/humble /usr/bin/cmake /home/teehee/ros2_ws/src/exersice_2_1 -DCMAKE_INSTALL_PREFIX=/home/teehee/ros2_ws/install/exersice_2_1
[0.370s] -- Found ament_cmake: 1.3.6 (/opt/ros/humble/share/ament_cmake/cmake)
[0.437s] -- Override CMake install command with custom implementation using symlinks instead of copying resources
[0.438s] -- Found ament_lint_auto: 0.12.9 (/opt/ros/humble/share/ament_lint_auto/cmake)
[0.491s] -- Added test 'flake8' to check Python code syntax and style conventions
[0.491s] -- Added test 'lint_cmake' to check CMake code style
[0.492s] -- Added test 'pep257' to check Python code against some of the docstring style conventions in PEP 257
[0.492s] -- Added test 'xmllint' to check XML markup files
[0.495s] -- Configuring done
[0.498s] -- Generating done
[0.500s] -- Build files have been written to: /home/teehee/ros2_ws/build/exersice_2_1
[0.502s] Invoked command in '/home/teehee/ros2_ws/build/exersice_2_1' returned '0': CMAKE_PREFIX_PATH=${CMAKE_PREFIX_PATH}:/home/teehee/ros2_ws/install/tf2_pkg:/home/teehee/ros2_ws/install/labs_pkg:/home/teehee/ros2_ws/install/labex6:/home/teehee/ros2_ws/install/lab_exam2_pkg:/home/teehee/ros2_ws/install/example_pkg:/opt/ros/humble /usr/bin/cmake /home/teehee/ros2_ws/src/exersice_2_1 -DCMAKE_INSTALL_PREFIX=/home/teehee/ros2_ws/install/exersice_2_1
[0.502s] Invoking command in '/home/teehee/ros2_ws/build/exersice_2_1': CMAKE_PREFIX_PATH=${CMAKE_PREFIX_PATH}:/home/teehee/ros2_ws/install/tf2_pkg:/home/teehee/ros2_ws/install/labs_pkg:/home/teehee/ros2_ws/install/labex6:/home/teehee/ros2_ws/install/lab_exam2_pkg:/home/teehee/ros2_ws/install/example_pkg:/opt/ros/humble /usr/bin/cmake --build /home/teehee/ros2_ws/build/exersice_2_1 -- -j4 -l4
[0.544s] Invoked command in '/home/teehee/ros2_ws/build/exersice_2_1' returned '0': CMAKE_PREFIX_PATH=${CMAKE_PREFIX_PATH}:/home/teehee/ros2_ws/install/tf2_pkg:/home/teehee/ros2_ws/install/labs_pkg:/home/teehee/ros2_ws/install/labex6:/home/teehee/ros2_ws/install/lab_exam2_pkg:/home/teehee/ros2_ws/install/example_pkg:/opt/ros/humble /usr/bin/cmake --build /home/teehee/ros2_ws/build/exersice_2_1 -- -j4 -l4
[0.611s] Invoking command in '/home/teehee/ros2_ws/build/exersice_2_1': CMAKE_PREFIX_PATH=${CMAKE_PREFIX_PATH}:/home/teehee/ros2_ws/install/tf2_pkg:/home/teehee/ros2_ws/install/labs_pkg:/home/teehee/ros2_ws/install/labex6:/home/teehee/ros2_ws/install/lab_exam2_pkg:/home/teehee/ros2_ws/install/example_pkg:/opt/ros/humble /usr/bin/cmake --install /home/teehee/ros2_ws/build/exersice_2_1
[0.618s] -- Install configuration: ""
[0.618s] -- Execute custom install script
[0.618s] -- Up-to-date symlink: /home/teehee/ros2_ws/install/exersice_2_1/share/ament_index/resource_index/package_run_dependencies/exersice_2_1
[0.618s] -- Up-to-date symlink: /home/teehee/ros2_ws/install/exersice_2_1/share/ament_index/resource_index/parent_prefix_path/exersice_2_1
[0.619s] -- Up-to-date symlink: /home/teehee/ros2_ws/install/exersice_2_1/share/exersice_2_1/environment/ament_prefix_path.sh
[0.619s] -- Up-to-date symlink: /home/teehee/ros2_ws/install/exersice_2_1/share/exersice_2_1/environment/ament_prefix_path.dsv
[0.619s] -- Up-to-date symlink: /home/teehee/ros2_ws/install/exersice_2_1/share/exersice_2_1/environment/path.sh
[0.619s] -- Up-to-date symlink: /home/teehee/ros2_ws/install/exersice_2_1/share/exersice_2_1/environment/path.dsv
[0.619s] -- Up-to-date symlink: /home/teehee/ros2_ws/install/exersice_2_1/share/exersice_2_1/local_setup.bash
[0.619s] -- Up-to-date symlink: /home/teehee/ros2_ws/install/exersice_2_1/share/exersice_2_1/local_setup.sh
[0.619s] -- Up-to-date symlink: /home/teehee/ros2_ws/install/exersice_2_1/share/exersice_2_1/local_setup.zsh
[0.620s] -- Up-to-date symlink: /home/teehee/ros2_ws/install/exersice_2_1/share/exersice_2_1/local_setup.dsv
[0.620s] -- Symlinking: /home/teehee/ros2_ws/install/exersice_2_1/share/exersice_2_1/package.dsv
[0.640s] -- Up-to-date symlink: /home/teehee/ros2_ws/install/exersice_2_1/share/ament_index/resource_index/packages/exersice_2_1
[0.642s] -- Up-to-date symlink: /home/teehee/ros2_ws/install/exersice_2_1/share/exersice_2_1/cmake/exersice_2_1Config.cmake
[0.644s] -- Up-to-date symlink: /home/teehee/ros2_ws/install/exersice_2_1/share/exersice_2_1/cmake/exersice_2_1Config-version.cmake
[0.646s] -- Up-to-date symlink: /home/teehee/ros2_ws/install/exersice_2_1/share/exersice_2_1/package.xml
[0.646s] -- Up-to-date symlink: /home/teehee/ros2_ws/install/exersice_2_1/share/exersice_2_1/description/colors.xacro
[0.646s] -- Up-to-date symlink: /home/teehee/ros2_ws/install/exersice_2_1/share/exersice_2_1/description/exercise_2_1.urdf.xacro
[0.646s] -- Up-to-date symlink: /home/teehee/ros2_ws/install/exersice_2_1/share/exersice_2_1/description/inertial.xacro
[0.647s] -- Up-to-date symlink: /home/teehee/ros2_ws/install/exersice_2_1/share/exersice_2_1/launch/rsp.launch.py
[0.647s] Invoked command in '/home/teehee/ros2_ws/build/exersice_2_1' returned '0': CMAKE_PREFIX_PATH=${CMAKE_PREFIX_PATH}:/home/teehee/ros2_ws/install/tf2_pkg:/home/teehee/ros2_ws/install/labs_pkg:/home/teehee/ros2_ws/install/labex6:/home/teehee/ros2_ws/install/lab_exam2_pkg:/home/teehee/ros2_ws/install/example_pkg:/opt/ros/humble /usr/bin/cmake --install /home/teehee/ros2_ws/build/exersice_2_1
