[0.666s] Invoking command in '/home/teehee/ros2_ws/build/labs_pkg': PYTHONPATH=/home/teehee/ros2_ws/build/labs_pkg/prefix_override:/home/teehee/ros2_ws/install/labs_pkg/lib/python3.10/site-packages:${PYTHONPATH} /usr/bin/python3 setup.py develop --editable --build-directory /home/teehee/ros2_ws/build/labs_pkg/build --no-deps install_data
[0.900s] running develop
[0.901s] /usr/lib/python3/dist-packages/setuptools/command/easy_install.py:158: EasyInstallDeprecationWarning: easy_install command is deprecated. Use build and pip and other standards-based tools.
[0.901s]   warnings.warn(
[0.902s] /usr/lib/python3/dist-packages/setuptools/command/install.py:34: SetuptoolsDeprecationWarning: setup.py install is deprecated. Use build and pip and other standards-based tools.
[0.902s]   warnings.warn(
[1.034s] running egg_info
[1.034s] writing labs_pkg.egg-info/PKG-INFO
[1.036s] writing dependency_links to labs_pkg.egg-info/dependency_links.txt
[1.036s] writing entry points to labs_pkg.egg-info/entry_points.txt
[1.036s] writing requirements to labs_pkg.egg-info/requires.txt
[1.036s] writing top-level names to labs_pkg.egg-info/top_level.txt
[1.038s] reading manifest file 'labs_pkg.egg-info/SOURCES.txt'
[1.040s] writing manifest file 'labs_pkg.egg-info/SOURCES.txt'
[1.041s] running build_ext
[1.041s] Creating /home/teehee/ros2_ws/install/labs_pkg/lib/python3.10/site-packages/labs-pkg.egg-link (link to .)
[1.042s] Installing add2ints_client script to /home/teehee/ros2_ws/install/labs_pkg/lib/labs_pkg
[1.042s] Installing add2ints_client_no_oop script to /home/teehee/ros2_ws/install/labs_pkg/lib/labs_pkg
[1.043s] Installing add2ints_server script to /home/teehee/ros2_ws/install/labs_pkg/lib/labs_pkg
[1.043s] Installing control_turtle script to /home/teehee/ros2_ws/install/labs_pkg/lib/labs_pkg
[1.043s] Installing cumulative_adder script to /home/teehee/ros2_ws/install/labs_pkg/lib/labs_pkg
[1.043s] Installing integer_publisher script to /home/teehee/ros2_ws/install/labs_pkg/lib/labs_pkg
[1.044s] Installing my_listener script to /home/teehee/ros2_ws/install/labs_pkg/lib/labs_pkg
[1.044s] Installing my_talker script to /home/teehee/ros2_ws/install/labs_pkg/lib/labs_pkg
[1.044s] Installing spawn_turtles script to /home/teehee/ros2_ws/install/labs_pkg/lib/labs_pkg
[1.044s] Installing turtlesim_move script to /home/teehee/ros2_ws/install/labs_pkg/lib/labs_pkg
[1.044s] Installing wall_dist_measurement script to /home/teehee/ros2_ws/install/labs_pkg/lib/labs_pkg
[1.045s] 
[1.045s] Installed /home/teehee/ros2_ws/build/labs_pkg
[1.045s] running install_data
[1.079s] Invoked command in '/home/teehee/ros2_ws/build/labs_pkg' returned '0': PYTHONPATH=/home/teehee/ros2_ws/build/labs_pkg/prefix_override:/home/teehee/ros2_ws/install/labs_pkg/lib/python3.10/site-packages:${PYTHONPATH} /usr/bin/python3 setup.py develop --editable --build-directory /home/teehee/ros2_ws/build/labs_pkg/build --no-deps install_data
