[0.394s] DEBUG:colcon:Command line arguments: ['/usr/bin/colcon', 'build', '--packages-select', 'lab04', '--symlink-install']
[0.395s] DEBUG:colcon:Parsed command line arguments: Namespace(log_base=None, log_level=None, verb_name='build', build_base='build', install_base='install', merge_install=False, symlink_install=True, test_result_base=None, continue_on_error=False, executor='parallel', parallel_workers=4, event_handlers=None, ignore_user_meta=False, metas=['./colcon.meta'], base_paths=['.'], packages_ignore=None, packages_ignore_regex=None, paths=None, packages_up_to=None, packages_up_to_regex=None, packages_above=None, packages_above_and_dependencies=None, packages_above_depth=None, packages_select_by_dep=None, packages_skip_by_dep=None, packages_skip_up_to=None, packages_select_build_failed=False, packages_skip_build_finished=False, packages_select_test_failures=False, packages_skip_test_passed=False, packages_select=['lab04'], packages_skip=None, packages_select_regex=None, packages_skip_regex=None, packages_start=None, packages_end=None, allow_overriding=[], cmake_args=None, cmake_target=None, cmake_target_skip_unavailable=False, cmake_clean_cache=False, cmake_clean_first=False, cmake_force_configure=False, ament_cmake_args=None, catkin_cmake_args=None, catkin_skip_building_tests=False, verb_parser=<colcon_defaults.argument_parser.defaults.DefaultArgumentsDecorator object at 0x7f423aa5ae30>, verb_extension=<colcon_core.verb.build.BuildVerb object at 0x7f423aeb3cd0>, main=<bound method BuildVerb.main of <colcon_core.verb.build.BuildVerb object at 0x7f423aeb3cd0>>)
[0.415s] Level 1:colcon.colcon_core.package_discovery:discover_packages(colcon_meta) check parameters
[0.415s] Level 1:colcon.colcon_core.package_discovery:discover_packages(recursive) check parameters
[0.415s] Level 1:colcon.colcon_core.package_discovery:discover_packages(ignore) check parameters
[0.415s] Level 1:colcon.colcon_core.package_discovery:discover_packages(path) check parameters
[0.415s] Level 1:colcon.colcon_core.package_discovery:discover_packages(colcon_meta) discover
[0.415s] Level 1:colcon.colcon_core.package_discovery:discover_packages(recursive) discover
[0.415s] INFO:colcon.colcon_core.package_discovery:Crawling recursively for packages in '/home/teehee/ros2_ws'
[0.415s] Level 1:colcon.colcon_core.package_identification:_identify(.) by extensions ['ignore', 'ignore_ament_install']
[0.415s] Level 1:colcon.colcon_core.package_identification:_identify(.) by extension 'ignore'
[0.415s] Level 1:colcon.colcon_core.package_identification:_identify(.) by extension 'ignore_ament_install'
[0.415s] Level 1:colcon.colcon_core.package_identification:_identify(.) by extensions ['colcon_pkg']
[0.415s] Level 1:colcon.colcon_core.package_identification:_identify(.) by extension 'colcon_pkg'
[0.415s] Level 1:colcon.colcon_core.package_identification:_identify(.) by extensions ['colcon_meta']
[0.415s] Level 1:colcon.colcon_core.package_identification:_identify(.) by extension 'colcon_meta'
[0.415s] Level 1:colcon.colcon_core.package_identification:_identify(.) by extensions ['ros']
[0.415s] Level 1:colcon.colcon_core.package_identification:_identify(.) by extension 'ros'
[0.421s] Level 1:colcon.colcon_core.package_identification:_identify(.) by extensions ['cmake', 'python']
[0.421s] Level 1:colcon.colcon_core.package_identification:_identify(.) by extension 'cmake'
[0.421s] Level 1:colcon.colcon_core.package_identification:_identify(.) by extension 'python'
[0.421s] Level 1:colcon.colcon_core.package_identification:_identify(.) by extensions ['python_setup_py']
[0.421s] Level 1:colcon.colcon_core.package_identification:_identify(.) by extension 'python_setup_py'
[0.421s] Level 1:colcon.colcon_core.package_identification:_identify(build) by extensions ['ignore', 'ignore_ament_install']
[0.421s] Level 1:colcon.colcon_core.package_identification:_identify(build) by extension 'ignore'
[0.421s] Level 1:colcon.colcon_core.package_identification:_identify(build) ignored
[0.422s] Level 1:colcon.colcon_core.package_identification:_identify(install) by extensions ['ignore', 'ignore_ament_install']
[0.422s] Level 1:colcon.colcon_core.package_identification:_identify(install) by extension 'ignore'
[0.422s] Level 1:colcon.colcon_core.package_identification:_identify(install) ignored
[0.422s] Level 1:colcon.colcon_core.package_identification:_identify(log) by extensions ['ignore', 'ignore_ament_install']
[0.422s] Level 1:colcon.colcon_core.package_identification:_identify(log) by extension 'ignore'
[0.422s] Level 1:colcon.colcon_core.package_identification:_identify(log) ignored
[0.422s] Level 1:colcon.colcon_core.package_identification:_identify(src) by extensions ['ignore', 'ignore_ament_install']
[0.422s] Level 1:colcon.colcon_core.package_identification:_identify(src) by extension 'ignore'
[0.422s] Level 1:colcon.colcon_core.package_identification:_identify(src) by extension 'ignore_ament_install'
[0.422s] Level 1:colcon.colcon_core.package_identification:_identify(src) by extensions ['colcon_pkg']
[0.422s] Level 1:colcon.colcon_core.package_identification:_identify(src) by extension 'colcon_pkg'
[0.422s] Level 1:colcon.colcon_core.package_identification:_identify(src) by extensions ['colcon_meta']
[0.422s] Level 1:colcon.colcon_core.package_identification:_identify(src) by extension 'colcon_meta'
[0.422s] Level 1:colcon.colcon_core.package_identification:_identify(src) by extensions ['ros']
[0.422s] Level 1:colcon.colcon_core.package_identification:_identify(src) by extension 'ros'
[0.422s] Level 1:colcon.colcon_core.package_identification:_identify(src) by extensions ['cmake', 'python']
[0.422s] Level 1:colcon.colcon_core.package_identification:_identify(src) by extension 'cmake'
[0.422s] Level 1:colcon.colcon_core.package_identification:_identify(src) by extension 'python'
[0.422s] Level 1:colcon.colcon_core.package_identification:_identify(src) by extensions ['python_setup_py']
[0.422s] Level 1:colcon.colcon_core.package_identification:_identify(src) by extension 'python_setup_py'
[0.422s] Level 1:colcon.colcon_core.package_identification:_identify(src/exercise_3_4) by extensions ['ignore', 'ignore_ament_install']
[0.422s] Level 1:colcon.colcon_core.package_identification:_identify(src/exercise_3_4) by extension 'ignore'
[0.422s] Level 1:colcon.colcon_core.package_identification:_identify(src/exercise_3_4) by extension 'ignore_ament_install'
[0.422s] Level 1:colcon.colcon_core.package_identification:_identify(src/exercise_3_4) by extensions ['colcon_pkg']
[0.422s] Level 1:colcon.colcon_core.package_identification:_identify(src/exercise_3_4) by extension 'colcon_pkg'
[0.422s] Level 1:colcon.colcon_core.package_identification:_identify(src/exercise_3_4) by extensions ['colcon_meta']
[0.422s] Level 1:colcon.colcon_core.package_identification:_identify(src/exercise_3_4) by extension 'colcon_meta'
[0.422s] Level 1:colcon.colcon_core.package_identification:_identify(src/exercise_3_4) by extensions ['ros']
[0.422s] Level 1:colcon.colcon_core.package_identification:_identify(src/exercise_3_4) by extension 'ros'
[0.422s] Level 1:colcon.colcon_core.package_identification:_identify(src/exercise_3_4) by extensions ['cmake', 'python']
[0.422s] Level 1:colcon.colcon_core.package_identification:_identify(src/exercise_3_4) by extension 'cmake'
[0.422s] Level 1:colcon.colcon_core.package_identification:_identify(src/exercise_3_4) by extension 'python'
[0.422s] Level 1:colcon.colcon_core.package_identification:_identify(src/exercise_3_4) by extensions ['python_setup_py']
[0.422s] Level 1:colcon.colcon_core.package_identification:_identify(src/exercise_3_4) by extension 'python_setup_py'
[0.422s] Level 1:colcon.colcon_core.package_identification:_identify(src/exercise_3_4/launch) by extensions ['ignore', 'ignore_ament_install']
[0.422s] Level 1:colcon.colcon_core.package_identification:_identify(src/exercise_3_4/launch) by extension 'ignore'
[0.423s] Level 1:colcon.colcon_core.package_identification:_identify(src/exercise_3_4/launch) by extension 'ignore_ament_install'
[0.423s] Level 1:colcon.colcon_core.package_identification:_identify(src/exercise_3_4/launch) by extensions ['colcon_pkg']
[0.423s] Level 1:colcon.colcon_core.package_identification:_identify(src/exercise_3_4/launch) by extension 'colcon_pkg'
[0.423s] Level 1:colcon.colcon_core.package_identification:_identify(src/exercise_3_4/launch) by extensions ['colcon_meta']
[0.423s] Level 1:colcon.colcon_core.package_identification:_identify(src/exercise_3_4/launch) by extension 'colcon_meta'
[0.423s] Level 1:colcon.colcon_core.package_identification:_identify(src/exercise_3_4/launch) by extensions ['ros']
[0.423s] Level 1:colcon.colcon_core.package_identification:_identify(src/exercise_3_4/launch) by extension 'ros'
[0.423s] Level 1:colcon.colcon_core.package_identification:_identify(src/exercise_3_4/launch) by extensions ['cmake', 'python']
[0.423s] Level 1:colcon.colcon_core.package_identification:_identify(src/exercise_3_4/launch) by extension 'cmake'
[0.423s] Level 1:colcon.colcon_core.package_identification:_identify(src/exercise_3_4/launch) by extension 'python'
[0.423s] Level 1:colcon.colcon_core.package_identification:_identify(src/exercise_3_4/launch) by extensions ['python_setup_py']
[0.423s] Level 1:colcon.colcon_core.package_identification:_identify(src/exercise_3_4/launch) by extension 'python_setup_py'
[0.423s] Level 1:colcon.colcon_core.package_identification:_identify(src/lab03) by extensions ['ignore', 'ignore_ament_install']
[0.423s] Level 1:colcon.colcon_core.package_identification:_identify(src/lab03) by extension 'ignore'
[0.423s] Level 1:colcon.colcon_core.package_identification:_identify(src/lab03) by extension 'ignore_ament_install'
[0.423s] Level 1:colcon.colcon_core.package_identification:_identify(src/lab03) by extensions ['colcon_pkg']
[0.423s] Level 1:colcon.colcon_core.package_identification:_identify(src/lab03) by extension 'colcon_pkg'
[0.423s] Level 1:colcon.colcon_core.package_identification:_identify(src/lab03) by extensions ['colcon_meta']
[0.423s] Level 1:colcon.colcon_core.package_identification:_identify(src/lab03) by extension 'colcon_meta'
[0.423s] Level 1:colcon.colcon_core.package_identification:_identify(src/lab03) by extensions ['ros']
[0.423s] Level 1:colcon.colcon_core.package_identification:_identify(src/lab03) by extension 'ros'
[0.423s] Level 1:colcon.colcon_core.package_identification:_identify(src/lab03) by extensions ['cmake', 'python']
[0.423s] Level 1:colcon.colcon_core.package_identification:_identify(src/lab03) by extension 'cmake'
[0.423s] Level 1:colcon.colcon_core.package_identification:_identify(src/lab03) by extension 'python'
[0.423s] Level 1:colcon.colcon_core.package_identification:_identify(src/lab03) by extensions ['python_setup_py']
[0.423s] Level 1:colcon.colcon_core.package_identification:_identify(src/lab03) by extension 'python_setup_py'
[0.423s] Level 1:colcon.colcon_core.package_identification:_identify(src/lab03/exercise_3_4) by extensions ['ignore', 'ignore_ament_install']
[0.423s] Level 1:colcon.colcon_core.package_identification:_identify(src/lab03/exercise_3_4) by extension 'ignore'
[0.423s] Level 1:colcon.colcon_core.package_identification:_identify(src/lab03/exercise_3_4) by extension 'ignore_ament_install'
[0.423s] Level 1:colcon.colcon_core.package_identification:_identify(src/lab03/exercise_3_4) by extensions ['colcon_pkg']
[0.423s] Level 1:colcon.colcon_core.package_identification:_identify(src/lab03/exercise_3_4) by extension 'colcon_pkg'
[0.423s] Level 1:colcon.colcon_core.package_identification:_identify(src/lab03/exercise_3_4) by extensions ['colcon_meta']
[0.423s] Level 1:colcon.colcon_core.package_identification:_identify(src/lab03/exercise_3_4) by extension 'colcon_meta'
[0.423s] Level 1:colcon.colcon_core.package_identification:_identify(src/lab03/exercise_3_4) by extensions ['ros']
[0.423s] Level 1:colcon.colcon_core.package_identification:_identify(src/lab03/exercise_3_4) by extension 'ros'
[0.424s] DEBUG:colcon.colcon_core.package_identification:Package 'src/lab03/exercise_3_4' with type 'ros.ament_cmake' and name 'exercise_3_4'
[0.424s] Level 1:colcon.colcon_core.package_identification:_identify(src/lab03/exersice_2_1) by extensions ['ignore', 'ignore_ament_install']
[0.425s] Level 1:colcon.colcon_core.package_identification:_identify(src/lab03/exersice_2_1) by extension 'ignore'
[0.425s] Level 1:colcon.colcon_core.package_identification:_identify(src/lab03/exersice_2_1) by extension 'ignore_ament_install'
[0.425s] Level 1:colcon.colcon_core.package_identification:_identify(src/lab03/exersice_2_1) by extensions ['colcon_pkg']
[0.425s] Level 1:colcon.colcon_core.package_identification:_identify(src/lab03/exersice_2_1) by extension 'colcon_pkg'
[0.425s] Level 1:colcon.colcon_core.package_identification:_identify(src/lab03/exersice_2_1) by extensions ['colcon_meta']
[0.425s] Level 1:colcon.colcon_core.package_identification:_identify(src/lab03/exersice_2_1) by extension 'colcon_meta'
[0.425s] Level 1:colcon.colcon_core.package_identification:_identify(src/lab03/exersice_2_1) by extensions ['ros']
[0.425s] Level 1:colcon.colcon_core.package_identification:_identify(src/lab03/exersice_2_1) by extension 'ros'
[0.425s] DEBUG:colcon.colcon_core.package_identification:Package 'src/lab03/exersice_2_1' with type 'ros.ament_cmake' and name 'exersice_2_1'
[0.425s] Level 1:colcon.colcon_core.package_identification:_identify(src/lab03/exersice_2_2) by extensions ['ignore', 'ignore_ament_install']
[0.425s] Level 1:colcon.colcon_core.package_identification:_identify(src/lab03/exersice_2_2) by extension 'ignore'
[0.425s] Level 1:colcon.colcon_core.package_identification:_identify(src/lab03/exersice_2_2) by extension 'ignore_ament_install'
[0.425s] Level 1:colcon.colcon_core.package_identification:_identify(src/lab03/exersice_2_2) by extensions ['colcon_pkg']
[0.425s] Level 1:colcon.colcon_core.package_identification:_identify(src/lab03/exersice_2_2) by extension 'colcon_pkg'
[0.425s] Level 1:colcon.colcon_core.package_identification:_identify(src/lab03/exersice_2_2) by extensions ['colcon_meta']
[0.425s] Level 1:colcon.colcon_core.package_identification:_identify(src/lab03/exersice_2_2) by extension 'colcon_meta'
[0.425s] Level 1:colcon.colcon_core.package_identification:_identify(src/lab03/exersice_2_2) by extensions ['ros']
[0.425s] Level 1:colcon.colcon_core.package_identification:_identify(src/lab03/exersice_2_2) by extension 'ros'
[0.425s] DEBUG:colcon.colcon_core.package_identification:Package 'src/lab03/exersice_2_2' with type 'ros.ament_cmake' and name 'exersice_2_2'
[0.425s] Level 1:colcon.colcon_core.package_identification:_identify(src/lab04) by extensions ['ignore', 'ignore_ament_install']
[0.425s] Level 1:colcon.colcon_core.package_identification:_identify(src/lab04) by extension 'ignore'
[0.426s] Level 1:colcon.colcon_core.package_identification:_identify(src/lab04) by extension 'ignore_ament_install'
[0.426s] Level 1:colcon.colcon_core.package_identification:_identify(src/lab04) by extensions ['colcon_pkg']
[0.426s] Level 1:colcon.colcon_core.package_identification:_identify(src/lab04) by extension 'colcon_pkg'
[0.426s] Level 1:colcon.colcon_core.package_identification:_identify(src/lab04) by extensions ['colcon_meta']
[0.426s] Level 1:colcon.colcon_core.package_identification:_identify(src/lab04) by extension 'colcon_meta'
[0.426s] Level 1:colcon.colcon_core.package_identification:_identify(src/lab04) by extensions ['ros']
[0.426s] Level 1:colcon.colcon_core.package_identification:_identify(src/lab04) by extension 'ros'
[0.426s] DEBUG:colcon.colcon_core.package_identification:Package 'src/lab04' with type 'ros.ament_cmake' and name 'lab04'
[0.426s] Level 1:colcon.colcon_core.package_identification:_identify(src/lab2urdf) by extensions ['ignore', 'ignore_ament_install']
[0.426s] Level 1:colcon.colcon_core.package_identification:_identify(src/lab2urdf) by extension 'ignore'
[0.426s] Level 1:colcon.colcon_core.package_identification:_identify(src/lab2urdf) by extension 'ignore_ament_install'
[0.426s] Level 1:colcon.colcon_core.package_identification:_identify(src/lab2urdf) by extensions ['colcon_pkg']
[0.426s] Level 1:colcon.colcon_core.package_identification:_identify(src/lab2urdf) by extension 'colcon_pkg'
[0.426s] Level 1:colcon.colcon_core.package_identification:_identify(src/lab2urdf) by extensions ['colcon_meta']
[0.426s] Level 1:colcon.colcon_core.package_identification:_identify(src/lab2urdf) by extension 'colcon_meta'
[0.426s] Level 1:colcon.colcon_core.package_identification:_identify(src/lab2urdf) by extensions ['ros']
[0.426s] Level 1:colcon.colcon_core.package_identification:_identify(src/lab2urdf) by extension 'ros'
[0.427s] DEBUG:colcon.colcon_core.package_identification:Package 'src/lab2urdf' with type 'ros.ament_cmake' and name 'lab2urdf'
[0.427s] Level 1:colcon.colcon_core.package_identification:_identify(src/pylab04) by extensions ['ignore', 'ignore_ament_install']
[0.427s] Level 1:colcon.colcon_core.package_identification:_identify(src/pylab04) by extension 'ignore'
[0.427s] Level 1:colcon.colcon_core.package_identification:_identify(src/pylab04) by extension 'ignore_ament_install'
[0.427s] Level 1:colcon.colcon_core.package_identification:_identify(src/pylab04) by extensions ['colcon_pkg']
[0.427s] Level 1:colcon.colcon_core.package_identification:_identify(src/pylab04) by extension 'colcon_pkg'
[0.427s] Level 1:colcon.colcon_core.package_identification:_identify(src/pylab04) by extensions ['colcon_meta']
[0.427s] Level 1:colcon.colcon_core.package_identification:_identify(src/pylab04) by extension 'colcon_meta'
[0.427s] Level 1:colcon.colcon_core.package_identification:_identify(src/pylab04) by extensions ['ros']
[0.427s] Level 1:colcon.colcon_core.package_identification:_identify(src/pylab04) by extension 'ros'
[0.427s] DEBUG:colcon.colcon_core.package_identification:Package 'src/pylab04' with type 'ros.ament_python' and name 'pylab04'
[0.427s] Level 1:colcon.colcon_core.package_identification:_identify(src/robot1) by extensions ['ignore', 'ignore_ament_install']
[0.427s] Level 1:colcon.colcon_core.package_identification:_identify(src/robot1) by extension 'ignore'
[0.427s] Level 1:colcon.colcon_core.package_identification:_identify(src/robot1) by extension 'ignore_ament_install'
[0.427s] Level 1:colcon.colcon_core.package_identification:_identify(src/robot1) by extensions ['colcon_pkg']
[0.427s] Level 1:colcon.colcon_core.package_identification:_identify(src/robot1) by extension 'colcon_pkg'
[0.427s] Level 1:colcon.colcon_core.package_identification:_identify(src/robot1) by extensions ['colcon_meta']
[0.427s] Level 1:colcon.colcon_core.package_identification:_identify(src/robot1) by extension 'colcon_meta'
[0.428s] Level 1:colcon.colcon_core.package_identification:_identify(src/robot1) by extensions ['ros']
[0.428s] Level 1:colcon.colcon_core.package_identification:_identify(src/robot1) by extension 'ros'
[0.428s] DEBUG:colcon.colcon_core.package_identification:Package 'src/robot1' with type 'ros.ament_cmake' and name 'robot1'
[0.428s] Level 1:colcon.colcon_core.package_identification:_identify(src/tf2_pkg) by extensions ['ignore', 'ignore_ament_install']
[0.428s] Level 1:colcon.colcon_core.package_identification:_identify(src/tf2_pkg) by extension 'ignore'
[0.428s] Level 1:colcon.colcon_core.package_identification:_identify(src/tf2_pkg) by extension 'ignore_ament_install'
[0.428s] Level 1:colcon.colcon_core.package_identification:_identify(src/tf2_pkg) by extensions ['colcon_pkg']
[0.428s] Level 1:colcon.colcon_core.package_identification:_identify(src/tf2_pkg) by extension 'colcon_pkg'
[0.428s] Level 1:colcon.colcon_core.package_identification:_identify(src/tf2_pkg) by extensions ['colcon_meta']
[0.428s] Level 1:colcon.colcon_core.package_identification:_identify(src/tf2_pkg) by extension 'colcon_meta'
[0.428s] Level 1:colcon.colcon_core.package_identification:_identify(src/tf2_pkg) by extensions ['ros']
[0.428s] Level 1:colcon.colcon_core.package_identification:_identify(src/tf2_pkg) by extension 'ros'
[0.428s] DEBUG:colcon.colcon_core.package_identification:Package 'src/tf2_pkg' with type 'ros.ament_python' and name 'tf2_pkg'
[0.428s] Level 1:colcon.colcon_core.package_identification:_identify(src/urdf_example) by extensions ['ignore', 'ignore_ament_install']
[0.428s] Level 1:colcon.colcon_core.package_identification:_identify(src/urdf_example) by extension 'ignore'
[0.428s] Level 1:colcon.colcon_core.package_identification:_identify(src/urdf_example) by extension 'ignore_ament_install'
[0.428s] Level 1:colcon.colcon_core.package_identification:_identify(src/urdf_example) by extensions ['colcon_pkg']
[0.428s] Level 1:colcon.colcon_core.package_identification:_identify(src/urdf_example) by extension 'colcon_pkg'
[0.428s] Level 1:colcon.colcon_core.package_identification:_identify(src/urdf_example) by extensions ['colcon_meta']
[0.428s] Level 1:colcon.colcon_core.package_identification:_identify(src/urdf_example) by extension 'colcon_meta'
[0.428s] Level 1:colcon.colcon_core.package_identification:_identify(src/urdf_example) by extensions ['ros']
[0.428s] Level 1:colcon.colcon_core.package_identification:_identify(src/urdf_example) by extension 'ros'
[0.429s] DEBUG:colcon.colcon_core.package_identification:Package 'src/urdf_example' with type 'ros.ament_cmake' and name 'urdf_example'
[0.429s] Level 1:colcon.colcon_core.package_discovery:discover_packages(recursive) using defaults
[0.429s] Level 1:colcon.colcon_core.package_discovery:discover_packages(ignore) discover
[0.429s] Level 1:colcon.colcon_core.package_discovery:discover_packages(ignore) using defaults
[0.429s] Level 1:colcon.colcon_core.package_discovery:discover_packages(path) discover
[0.429s] Level 1:colcon.colcon_core.package_discovery:discover_packages(path) using defaults
[0.456s] INFO:colcon.colcon_core.package_selection:Skipping not selected package 'exercise_3_4' in 'src/lab03/exercise_3_4'
[0.456s] INFO:colcon.colcon_core.package_selection:Skipping not selected package 'exersice_2_1' in 'src/lab03/exersice_2_1'
[0.456s] INFO:colcon.colcon_core.package_selection:Skipping not selected package 'exersice_2_2' in 'src/lab03/exersice_2_2'
[0.456s] INFO:colcon.colcon_core.package_selection:Skipping not selected package 'lab2urdf' in 'src/lab2urdf'
[0.456s] INFO:colcon.colcon_core.package_selection:Skipping not selected package 'pylab04' in 'src/pylab04'
[0.456s] INFO:colcon.colcon_core.package_selection:Skipping not selected package 'robot1' in 'src/robot1'
[0.456s] INFO:colcon.colcon_core.package_selection:Skipping not selected package 'tf2_pkg' in 'src/tf2_pkg'
[0.456s] INFO:colcon.colcon_core.package_selection:Skipping not selected package 'urdf_example' in 'src/urdf_example'
[0.466s] Level 1:colcon.colcon_core.package_discovery:discover_packages(prefix_path) check parameters
[0.466s] Level 1:colcon.colcon_core.package_discovery:discover_packages(prefix_path) discover
[0.479s] DEBUG:colcon.colcon_installed_package_information.package_discovery:Found 14 installed packages in /home/teehee/ros2_ws/install
[0.485s] DEBUG:colcon.colcon_installed_package_information.package_discovery:Found 278 installed packages in /opt/ros/humble
[0.485s] Level 1:colcon.colcon_core.package_discovery:discover_packages(prefix_path) using defaults
[0.524s] Level 5:colcon.colcon_core.verb:set package 'lab04' build argument 'cmake_args' from command line to 'None'
[0.524s] Level 5:colcon.colcon_core.verb:set package 'lab04' build argument 'cmake_target' from command line to 'None'
[0.524s] Level 5:colcon.colcon_core.verb:set package 'lab04' build argument 'cmake_target_skip_unavailable' from command line to 'False'
[0.524s] Level 5:colcon.colcon_core.verb:set package 'lab04' build argument 'cmake_clean_cache' from command line to 'False'
[0.524s] Level 5:colcon.colcon_core.verb:set package 'lab04' build argument 'cmake_clean_first' from command line to 'False'
[0.524s] Level 5:colcon.colcon_core.verb:set package 'lab04' build argument 'cmake_force_configure' from command line to 'False'
[0.524s] Level 5:colcon.colcon_core.verb:set package 'lab04' build argument 'ament_cmake_args' from command line to 'None'
[0.524s] Level 5:colcon.colcon_core.verb:set package 'lab04' build argument 'catkin_cmake_args' from command line to 'None'
[0.524s] Level 5:colcon.colcon_core.verb:set package 'lab04' build argument 'catkin_skip_building_tests' from command line to 'False'
[0.524s] DEBUG:colcon.colcon_core.verb:Building package 'lab04' with the following arguments: {'ament_cmake_args': None, 'build_base': '/home/teehee/ros2_ws/build/lab04', 'catkin_cmake_args': None, 'catkin_skip_building_tests': False, 'cmake_args': None, 'cmake_clean_cache': False, 'cmake_clean_first': False, 'cmake_force_configure': False, 'cmake_target': None, 'cmake_target_skip_unavailable': False, 'install_base': '/home/teehee/ros2_ws/install/lab04', 'merge_install': False, 'path': '/home/teehee/ros2_ws/src/lab04', 'symlink_install': True, 'test_result_base': None}
[0.530s] INFO:colcon.colcon_core.executor:Executing jobs using 'parallel' executor
[0.536s] DEBUG:colcon.colcon_parallel_executor.executor.parallel:run_until_complete
[0.536s] INFO:colcon.colcon_ros.task.ament_cmake.build:Building ROS package in '/home/teehee/ros2_ws/src/lab04' with build type 'ament_cmake'
[0.536s] INFO:colcon.colcon_cmake.task.cmake.build:Building CMake package in '/home/teehee/ros2_ws/src/lab04'
[0.544s] INFO:colcon.colcon_core.plugin_system:Skipping extension 'colcon_core.shell.bat': Not used on non-Windows systems
[0.544s] INFO:colcon.colcon_core.shell:Skip shell extension 'powershell' for command environment: Not usable outside of PowerShell
[0.544s] DEBUG:colcon.colcon_core.shell:Skip shell extension 'dsv' for command environment
[0.570s] DEBUG:colcon.colcon_core.event_handler.log_command:Invoking command in '/home/teehee/ros2_ws/build/lab04': CMAKE_PREFIX_PATH=${CMAKE_PREFIX_PATH}:/home/teehee/ros2_ws/install/tf2_pkg:/home/teehee/ros2_ws/install/labs_pkg:/home/teehee/ros2_ws/install/labex6:/home/teehee/ros2_ws/install/lab_exam2_pkg:/home/teehee/ros2_ws/install/example_pkg:/opt/ros/humble /usr/bin/cmake /home/teehee/ros2_ws/src/lab04 -DAMENT_CMAKE_SYMLINK_INSTALL=1 -DCMAKE_INSTALL_PREFIX=/home/teehee/ros2_ws/install/lab04
[0.731s] DEBUG:colcon.colcon_core.event_handler.log_command:Invoked command in '/home/teehee/ros2_ws/build/lab04' returned '0': CMAKE_PREFIX_PATH=${CMAKE_PREFIX_PATH}:/home/teehee/ros2_ws/install/tf2_pkg:/home/teehee/ros2_ws/install/labs_pkg:/home/teehee/ros2_ws/install/labex6:/home/teehee/ros2_ws/install/lab_exam2_pkg:/home/teehee/ros2_ws/install/example_pkg:/opt/ros/humble /usr/bin/cmake /home/teehee/ros2_ws/src/lab04 -DAMENT_CMAKE_SYMLINK_INSTALL=1 -DCMAKE_INSTALL_PREFIX=/home/teehee/ros2_ws/install/lab04
[0.731s] DEBUG:colcon.colcon_core.event_handler.log_command:Invoking command in '/home/teehee/ros2_ws/build/lab04': CMAKE_PREFIX_PATH=${CMAKE_PREFIX_PATH}:/home/teehee/ros2_ws/install/tf2_pkg:/home/teehee/ros2_ws/install/labs_pkg:/home/teehee/ros2_ws/install/labex6:/home/teehee/ros2_ws/install/lab_exam2_pkg:/home/teehee/ros2_ws/install/example_pkg:/opt/ros/humble /usr/bin/cmake --build /home/teehee/ros2_ws/build/lab04 -- -j4 -l4
[0.757s] DEBUG:colcon.colcon_core.event_handler.log_command:Invoked command in '/home/teehee/ros2_ws/build/lab04' returned '0': CMAKE_PREFIX_PATH=${CMAKE_PREFIX_PATH}:/home/teehee/ros2_ws/install/tf2_pkg:/home/teehee/ros2_ws/install/labs_pkg:/home/teehee/ros2_ws/install/labex6:/home/teehee/ros2_ws/install/lab_exam2_pkg:/home/teehee/ros2_ws/install/example_pkg:/opt/ros/humble /usr/bin/cmake --build /home/teehee/ros2_ws/build/lab04 -- -j4 -l4
[0.793s] DEBUG:colcon.colcon_core.event_handler.log_command:Invoking command in '/home/teehee/ros2_ws/build/lab04': CMAKE_PREFIX_PATH=${CMAKE_PREFIX_PATH}:/home/teehee/ros2_ws/install/tf2_pkg:/home/teehee/ros2_ws/install/labs_pkg:/home/teehee/ros2_ws/install/labex6:/home/teehee/ros2_ws/install/lab_exam2_pkg:/home/teehee/ros2_ws/install/example_pkg:/opt/ros/humble /usr/bin/cmake --install /home/teehee/ros2_ws/build/lab04
[0.825s] Level 1:colcon.colcon_core.environment:create_environment_scripts_only(lab04)
[0.825s] DEBUG:colcon.colcon_core.event_handler.log_command:Invoked command in '/home/teehee/ros2_ws/build/lab04' returned '0': CMAKE_PREFIX_PATH=${CMAKE_PREFIX_PATH}:/home/teehee/ros2_ws/install/tf2_pkg:/home/teehee/ros2_ws/install/labs_pkg:/home/teehee/ros2_ws/install/labex6:/home/teehee/ros2_ws/install/lab_exam2_pkg:/home/teehee/ros2_ws/install/example_pkg:/opt/ros/humble /usr/bin/cmake --install /home/teehee/ros2_ws/build/lab04
[0.832s] Level 1:colcon.colcon_core.environment:checking '/home/teehee/ros2_ws/install/lab04' for CMake module files
[0.832s] Level 1:colcon.colcon_core.environment:checking '/home/teehee/ros2_ws/install/lab04' for CMake config files
[0.832s] Level 1:colcon.colcon_core.shell:create_environment_hook('lab04', 'cmake_prefix_path')
[0.839s] INFO:colcon.colcon_core.shell:Creating environment hook '/home/teehee/ros2_ws/install/lab04/share/lab04/hook/cmake_prefix_path.ps1'
[0.839s] INFO:colcon.colcon_core.shell:Creating environment descriptor '/home/teehee/ros2_ws/install/lab04/share/lab04/hook/cmake_prefix_path.dsv'
[0.839s] INFO:colcon.colcon_core.shell:Creating environment hook '/home/teehee/ros2_ws/install/lab04/share/lab04/hook/cmake_prefix_path.sh'
[0.840s] Level 1:colcon.colcon_core.environment:checking '/home/teehee/ros2_ws/install/lab04/bin'
[0.840s] Level 1:colcon.colcon_core.environment:checking '/home/teehee/ros2_ws/install/lab04/lib/pkgconfig/lab04.pc'
[0.841s] Level 1:colcon.colcon_core.environment:checking '/home/teehee/ros2_ws/install/lab04/lib/python3.10/site-packages'
[0.841s] Level 1:colcon.colcon_core.environment:checking '/home/teehee/ros2_ws/install/lab04/bin'
[0.846s] INFO:colcon.colcon_core.shell:Creating package script '/home/teehee/ros2_ws/install/lab04/share/lab04/package.ps1'
[0.847s] INFO:colcon.colcon_core.shell:Creating package descriptor '/home/teehee/ros2_ws/install/lab04/share/lab04/package.dsv'
[0.847s] INFO:colcon.colcon_core.shell:Creating package script '/home/teehee/ros2_ws/install/lab04/share/lab04/package.sh'
[0.848s] INFO:colcon.colcon_core.shell:Creating package script '/home/teehee/ros2_ws/install/lab04/share/lab04/package.bash'
[0.848s] INFO:colcon.colcon_core.shell:Creating package script '/home/teehee/ros2_ws/install/lab04/share/lab04/package.zsh'
[0.848s] Level 1:colcon.colcon_core.environment:create_file_with_runtime_dependencies(/home/teehee/ros2_ws/install/lab04/share/colcon-core/packages/lab04)
[0.884s] Level 1:colcon.colcon_core.environment:create_environment_scripts_only(lab04)
[0.890s] Level 1:colcon.colcon_core.environment:checking '/home/teehee/ros2_ws/install/lab04' for CMake module files
[0.890s] Level 1:colcon.colcon_core.environment:checking '/home/teehee/ros2_ws/install/lab04' for CMake config files
[0.890s] Level 1:colcon.colcon_core.shell:create_environment_hook('lab04', 'cmake_prefix_path')
[0.896s] INFO:colcon.colcon_core.shell:Creating environment hook '/home/teehee/ros2_ws/install/lab04/share/lab04/hook/cmake_prefix_path.ps1'
[0.896s] INFO:colcon.colcon_core.shell:Creating environment descriptor '/home/teehee/ros2_ws/install/lab04/share/lab04/hook/cmake_prefix_path.dsv'
[0.896s] INFO:colcon.colcon_core.shell:Creating environment hook '/home/teehee/ros2_ws/install/lab04/share/lab04/hook/cmake_prefix_path.sh'
[0.897s] Level 1:colcon.colcon_core.environment:checking '/home/teehee/ros2_ws/install/lab04/bin'
[0.897s] Level 1:colcon.colcon_core.environment:checking '/home/teehee/ros2_ws/install/lab04/lib/pkgconfig/lab04.pc'
[0.897s] Level 1:colcon.colcon_core.environment:checking '/home/teehee/ros2_ws/install/lab04/lib/python3.10/site-packages'
[0.897s] Level 1:colcon.colcon_core.environment:checking '/home/teehee/ros2_ws/install/lab04/bin'
[0.902s] INFO:colcon.colcon_core.shell:Creating package script '/home/teehee/ros2_ws/install/lab04/share/lab04/package.ps1'
[0.903s] INFO:colcon.colcon_core.shell:Creating package descriptor '/home/teehee/ros2_ws/install/lab04/share/lab04/package.dsv'
[0.903s] INFO:colcon.colcon_core.shell:Creating package script '/home/teehee/ros2_ws/install/lab04/share/lab04/package.sh'
[0.904s] INFO:colcon.colcon_core.shell:Creating package script '/home/teehee/ros2_ws/install/lab04/share/lab04/package.bash'
[0.904s] INFO:colcon.colcon_core.shell:Creating package script '/home/teehee/ros2_ws/install/lab04/share/lab04/package.zsh'
[0.904s] Level 1:colcon.colcon_core.environment:create_file_with_runtime_dependencies(/home/teehee/ros2_ws/install/lab04/share/colcon-core/packages/lab04)
[0.905s] DEBUG:colcon.colcon_parallel_executor.executor.parallel:closing loop
[0.905s] DEBUG:colcon.colcon_parallel_executor.executor.parallel:loop closed
[0.905s] DEBUG:colcon.colcon_parallel_executor.executor.parallel:run_until_complete finished with '0'
[0.905s] DEBUG:colcon.colcon_core.event_reactor:joining thread
[0.913s] INFO:colcon.colcon_core.plugin_system:Skipping extension 'colcon_notification.desktop_notification.terminal_notifier': Not used on non-Darwin systems
[0.913s] INFO:colcon.colcon_core.plugin_system:Skipping extension 'colcon_notification.desktop_notification.win32': Not used on non-Windows systems
[0.914s] INFO:colcon.colcon_notification.desktop_notification:Sending desktop notification using 'notify2'
[0.923s] DEBUG:colcon.colcon_core.event_reactor:joined thread
[0.934s] INFO:colcon.colcon_core.shell:Creating prefix script '/home/teehee/ros2_ws/install/local_setup.ps1'
[0.934s] INFO:colcon.colcon_core.shell:Creating prefix util module '/home/teehee/ros2_ws/install/_local_setup_util_ps1.py'
[0.935s] INFO:colcon.colcon_core.shell:Creating prefix chain script '/home/teehee/ros2_ws/install/setup.ps1'
[0.942s] INFO:colcon.colcon_core.shell:Creating prefix script '/home/teehee/ros2_ws/install/local_setup.sh'
[0.945s] INFO:colcon.colcon_core.shell:Creating prefix util module '/home/teehee/ros2_ws/install/_local_setup_util_sh.py'
[0.946s] INFO:colcon.colcon_core.shell:Creating prefix chain script '/home/teehee/ros2_ws/install/setup.sh'
[0.956s] INFO:colcon.colcon_core.shell:Creating prefix script '/home/teehee/ros2_ws/install/local_setup.bash'
[0.957s] INFO:colcon.colcon_core.shell:Creating prefix chain script '/home/teehee/ros2_ws/install/setup.bash'
[0.963s] INFO:colcon.colcon_core.shell:Creating prefix script '/home/teehee/ros2_ws/install/local_setup.zsh'
[0.964s] INFO:colcon.colcon_core.shell:Creating prefix chain script '/home/teehee/ros2_ws/install/setup.zsh'
