[0.842s] Invoking command in '/home/teehee/ros2_ws/build/pylab_exam1': PYTHONPATH=/home/teehee/ros2_ws/build/pylab_exam1/prefix_override:/home/teehee/ros2_ws/install/pylab_exam1/lib/python3.10/site-packages:${PYTHONPATH} /usr/bin/python3 setup.py develop --editable --build-directory /home/teehee/ros2_ws/build/pylab_exam1/build --no-deps install_data
[1.071s] running develop
[1.080s] /usr/lib/python3/dist-packages/setuptools/command/easy_install.py:158: EasyInstallDeprecationWarning: easy_install command is deprecated. Use build and pip and other standards-based tools.
[1.080s]   warnings.warn(
[1.081s] /usr/lib/python3/dist-packages/setuptools/command/install.py:34: SetuptoolsDeprecationWarning: setup.py install is deprecated. Use build and pip and other standards-based tools.
[1.081s]   warnings.warn(
[1.255s] running egg_info
[1.255s] writing pylab_exam1.egg-info/PKG-INFO
[1.257s] writing dependency_links to pylab_exam1.egg-info/dependency_links.txt
[1.257s] writing entry points to pylab_exam1.egg-info/entry_points.txt
[1.257s] writing requirements to pylab_exam1.egg-info/requires.txt
[1.257s] writing top-level names to pylab_exam1.egg-info/top_level.txt
[1.259s] reading manifest file 'pylab_exam1.egg-info/SOURCES.txt'
[1.261s] writing manifest file 'pylab_exam1.egg-info/SOURCES.txt'
[1.262s] running build_ext
[1.263s] Creating /home/teehee/ros2_ws/install/pylab_exam1/lib/python3.10/site-packages/pylab-exam1.egg-link (link to .)
[1.264s] Installing around_wall script to /home/teehee/ros2_ws/install/pylab_exam1/lib/pylab_exam1
[1.264s] Installing broadcast script to /home/teehee/ros2_ws/install/pylab_exam1/lib/pylab_exam1
[1.264s] Installing go_to_red script to /home/teehee/ros2_ws/install/pylab_exam1/lib/pylab_exam1
[1.265s] Installing labmaze script to /home/teehee/ros2_ws/install/pylab_exam1/lib/pylab_exam1
[1.265s] Installing listener script to /home/teehee/ros2_ws/install/pylab_exam1/lib/pylab_exam1
[1.265s] Installing stop_at_wall script to /home/teehee/ros2_ws/install/pylab_exam1/lib/pylab_exam1
[1.265s] 
[1.265s] Installed /home/teehee/ros2_ws/build/pylab_exam1
[1.265s] running install_data
[1.314s] Invoked command in '/home/teehee/ros2_ws/build/pylab_exam1' returned '0': PYTHONPATH=/home/teehee/ros2_ws/build/pylab_exam1/prefix_override:/home/teehee/ros2_ws/install/pylab_exam1/lib/python3.10/site-packages:${PYTHONPATH} /usr/bin/python3 setup.py develop --editable --build-directory /home/teehee/ros2_ws/build/pylab_exam1/build --no-deps install_data
