[1.018s] Invoking command in '/home/teehee/ros2_ws/build/pylab05': PYTHONPATH=/home/teehee/ros2_ws/build/pylab05/prefix_override:/home/teehee/ros2_ws/install/pylab05/lib/python3.10/site-packages:${PYTHONPATH} /usr/bin/python3 setup.py develop --editable --build-directory /home/teehee/ros2_ws/build/pylab05/build --no-deps install_data
[1.244s] running develop
[1.248s] /usr/lib/python3/dist-packages/setuptools/command/easy_install.py:158: EasyInstallDeprecationWarning: easy_install command is deprecated. Use build and pip and other standards-based tools.
[1.249s]   warnings.warn(
[1.260s] /usr/lib/python3/dist-packages/setuptools/command/install.py:34: SetuptoolsDeprecationWarning: setup.py install is deprecated. Use build and pip and other standards-based tools.
[1.260s]   warnings.warn(
[1.364s] running egg_info
[1.364s] writing pylab05.egg-info/PKG-INFO
[1.364s] writing dependency_links to pylab05.egg-info/dependency_links.txt
[1.364s] writing entry points to pylab05.egg-info/entry_points.txt
[1.371s] writing requirements to pylab05.egg-info/requires.txt
[1.389s] writing top-level names to pylab05.egg-info/top_level.txt
[1.389s] reading manifest file 'pylab05.egg-info/SOURCES.txt'
[1.389s] writing manifest file 'pylab05.egg-info/SOURCES.txt'
[1.397s] running build_ext
[1.397s] Creating /home/teehee/ros2_ws/install/pylab05/lib/python3.10/site-packages/pylab05.egg-link (link to .)
[1.397s] Installing around_wall script to /home/teehee/ros2_ws/install/pylab05/lib/pylab05
[1.397s] Installing ex52_control script to /home/teehee/ros2_ws/install/pylab05/lib/pylab05
[1.397s] Installing ex53_keyboard_control script to /home/teehee/ros2_ws/install/pylab05/lib/pylab05
[1.397s] Installing go_to_red script to /home/teehee/ros2_ws/install/pylab05/lib/pylab05
[1.397s] Installing point_cloud2 script to /home/teehee/ros2_ws/install/pylab05/lib/pylab05
[1.397s] Installing stop_at_wall script to /home/teehee/ros2_ws/install/pylab05/lib/pylab05
[1.397s] 
[1.397s] Installed /home/teehee/ros2_ws/build/pylab05
[1.397s] running install_data
[1.441s] Invoked command in '/home/teehee/ros2_ws/build/pylab05' returned '0': PYTHONPATH=/home/teehee/ros2_ws/build/pylab05/prefix_override:/home/teehee/ros2_ws/install/pylab05/lib/python3.10/site-packages:${PYTHONPATH} /usr/bin/python3 setup.py develop --editable --build-directory /home/teehee/ros2_ws/build/pylab05/build --no-deps install_data
