[0.091s] Invoking command in '/home/teehee/ros2_ws/build/labs_bringup': AMENT_PREFIX_PATH=/home/teehee/ros2_ws/install/labs_pkg:/home/teehee/ros2_ws/install/labs_bringup:/home/teehee/ros2_ws/install/lab_exam2_pkg:/home/teehee/ros2_ws/install/lab_interfaces:/home/teehee/ros2_ws/install/example_pkg:/opt/ros/humble CMAKE_PREFIX_PATH=/home/teehee/ros2_ws/install/lab_interfaces:/home/teehee/ros2_ws/install/labs_bringup:/home/teehee/ros2_ws/install/labs_pkg:/home/teehee/ros2_ws/install/lab_exam2_pkg:/home/teehee/ros2_ws/install/example_pkg:/opt/ros/humble /usr/bin/cmake --build /home/teehee/ros2_ws/build/labs_bringup -- -j4 -l4
[0.160s] Invoked command in '/home/teehee/ros2_ws/build/labs_bringup' returned '0': AMENT_PREFIX_PATH=/home/teehee/ros2_ws/install/labs_pkg:/home/teehee/ros2_ws/install/labs_bringup:/home/teehee/ros2_ws/install/lab_exam2_pkg:/home/teehee/ros2_ws/install/lab_interfaces:/home/teehee/ros2_ws/install/example_pkg:/opt/ros/humble CMAKE_PREFIX_PATH=/home/teehee/ros2_ws/install/lab_interfaces:/home/teehee/ros2_ws/install/labs_bringup:/home/teehee/ros2_ws/install/labs_pkg:/home/teehee/ros2_ws/install/lab_exam2_pkg:/home/teehee/ros2_ws/install/example_pkg:/opt/ros/humble /usr/bin/cmake --build /home/teehee/ros2_ws/build/labs_bringup -- -j4 -l4
[0.222s] Invoking command in '/home/teehee/ros2_ws/build/labs_bringup': AMENT_PREFIX_PATH=/home/teehee/ros2_ws/install/labs_pkg:/home/teehee/ros2_ws/install/labs_bringup:/home/teehee/ros2_ws/install/lab_exam2_pkg:/home/teehee/ros2_ws/install/lab_interfaces:/home/teehee/ros2_ws/install/example_pkg:/opt/ros/humble CMAKE_PREFIX_PATH=/home/teehee/ros2_ws/install/lab_interfaces:/home/teehee/ros2_ws/install/labs_bringup:/home/teehee/ros2_ws/install/labs_pkg:/home/teehee/ros2_ws/install/lab_exam2_pkg:/home/teehee/ros2_ws/install/example_pkg:/opt/ros/humble /usr/bin/cmake --install /home/teehee/ros2_ws/build/labs_bringup
[0.230s] -- Install configuration: ""
[0.231s] -- Execute custom install script
[0.232s] -- Up-to-date symlink: /home/teehee/ros2_ws/install/labs_bringup/share/labs_bringup/launch/talker_listener_basic.launch.py
[0.232s] -- Up-to-date symlink: /home/teehee/ros2_ws/install/labs_bringup/share/ament_index/resource_index/package_run_dependencies/labs_bringup
[0.232s] -- Up-to-date symlink: /home/teehee/ros2_ws/install/labs_bringup/share/ament_index/resource_index/parent_prefix_path/labs_bringup
[0.232s] -- Up-to-date symlink: /home/teehee/ros2_ws/install/labs_bringup/share/labs_bringup/environment/ament_prefix_path.sh
[0.232s] -- Up-to-date symlink: /home/teehee/ros2_ws/install/labs_bringup/share/labs_bringup/environment/ament_prefix_path.dsv
[0.233s] -- Up-to-date symlink: /home/teehee/ros2_ws/install/labs_bringup/share/labs_bringup/environment/path.sh
[0.233s] -- Up-to-date symlink: /home/teehee/ros2_ws/install/labs_bringup/share/labs_bringup/environment/path.dsv
[0.233s] -- Up-to-date symlink: /home/teehee/ros2_ws/install/labs_bringup/share/labs_bringup/local_setup.bash
[0.234s] -- Up-to-date symlink: /home/teehee/ros2_ws/install/labs_bringup/share/labs_bringup/local_setup.sh
[0.234s] -- Up-to-date symlink: /home/teehee/ros2_ws/install/labs_bringup/share/labs_bringup/local_setup.zsh
[0.234s] -- Up-to-date symlink: /home/teehee/ros2_ws/install/labs_bringup/share/labs_bringup/local_setup.dsv
[0.234s] -- Symlinking: /home/teehee/ros2_ws/install/labs_bringup/share/labs_bringup/package.dsv
[0.251s] -- Up-to-date symlink: /home/teehee/ros2_ws/install/labs_bringup/share/ament_index/resource_index/packages/labs_bringup
[0.251s] -- Up-to-date symlink: /home/teehee/ros2_ws/install/labs_bringup/share/labs_bringup/cmake/labs_bringupConfig.cmake
[0.251s] -- Up-to-date symlink: /home/teehee/ros2_ws/install/labs_bringup/share/labs_bringup/cmake/labs_bringupConfig-version.cmake
[0.252s] -- Up-to-date symlink: /home/teehee/ros2_ws/install/labs_bringup/share/labs_bringup/package.xml
[0.268s] Invoked command in '/home/teehee/ros2_ws/build/labs_bringup' returned '0': AMENT_PREFIX_PATH=/home/teehee/ros2_ws/install/labs_pkg:/home/teehee/ros2_ws/install/labs_bringup:/home/teehee/ros2_ws/install/lab_exam2_pkg:/home/teehee/ros2_ws/install/lab_interfaces:/home/teehee/ros2_ws/install/example_pkg:/opt/ros/humble CMAKE_PREFIX_PATH=/home/teehee/ros2_ws/install/lab_interfaces:/home/teehee/ros2_ws/install/labs_bringup:/home/teehee/ros2_ws/install/labs_pkg:/home/teehee/ros2_ws/install/lab_exam2_pkg:/home/teehee/ros2_ws/install/example_pkg:/opt/ros/humble /usr/bin/cmake --install /home/teehee/ros2_ws/build/labs_bringup
