running develop
running egg_info
writing ../../build/labs_pkg/labs_pkg.egg-info/PKG-INFO
writing dependency_links to ../../build/labs_pkg/labs_pkg.egg-info/dependency_links.txt
writing entry points to ../../build/labs_pkg/labs_pkg.egg-info/entry_points.txt
writing requirements to ../../build/labs_pkg/labs_pkg.egg-info/requires.txt
writing top-level names to ../../build/labs_pkg/labs_pkg.egg-info/top_level.txt
reading manifest file '../../build/labs_pkg/labs_pkg.egg-info/SOURCES.txt'
writing manifest file '../../build/labs_pkg/labs_pkg.egg-info/SOURCES.txt'
running build
running build_py
copying labs_pkg/my_talker.py -> /home/teehee/ros2_ws/build/labs_pkg/build/lib/labs_pkg
running install
running install_lib
copying /home/teehee/ros2_ws/build/labs_pkg/build/lib/labs_pkg/my_talker.py -> /home/teehee/ros2_ws/install/labs_pkg/lib/python3.10/site-packages/labs_pkg
byte-compiling /home/teehee/ros2_ws/install/labs_pkg/lib/python3.10/site-packages/labs_pkg/my_talker.py to my_talker.cpython-310.pyc
running install_data
running install_egg_info
removing '/home/teehee/ros2_ws/install/labs_pkg/lib/python3.10/site-packages/labs_pkg-0.0.0-py3.10.egg-info' (and everything under it)
Copying ../../build/labs_pkg/labs_pkg.egg-info to /home/teehee/ros2_ws/install/labs_pkg/lib/python3.10/site-packages/labs_pkg-0.0.0-py3.10.egg-info
running install_scripts
Installing my_talker script to /home/teehee/ros2_ws/install/labs_pkg/lib/labs_pkg
writing list of installed files to '/home/teehee/ros2_ws/build/labs_pkg/install.log'
