[0.592s] Invoking command in '/home/teehee/ros2_ws/build/labs_pkg': PYTHONPATH=/home/teehee/ros2_ws/build/labs_pkg/prefix_override:/home/teehee/ros2_ws/install/labs_pkg/lib/python3.10/site-packages:${PYTHONPATH} /usr/bin/python3 setup.py develop --uninstall --editable --build-directory /home/teehee/ros2_ws/build/labs_pkg/build
[0.790s] running develop
[0.790s] /usr/lib/python3/dist-packages/setuptools/command/easy_install.py:158: EasyInstallDeprecationWarning: easy_install command is deprecated. Use build and pip and other standards-based tools.
[0.790s]   warnings.warn(
[0.791s] /usr/lib/python3/dist-packages/setuptools/command/install.py:34: SetuptoolsDeprecationWarning: setup.py install is deprecated. Use build and pip and other standards-based tools.
[0.791s]   warnings.warn(
[0.941s] Invoked command in '/home/teehee/ros2_ws/build/labs_pkg' returned '0': PYTHONPATH=/home/teehee/ros2_ws/build/labs_pkg/prefix_override:/home/teehee/ros2_ws/install/labs_pkg/lib/python3.10/site-packages:${PYTHONPATH} /usr/bin/python3 setup.py develop --uninstall --editable --build-directory /home/teehee/ros2_ws/build/labs_pkg/build
[0.943s] Invoking command in '/home/teehee/ros2_ws/src/labs_pkg': PYTHONPATH=/home/teehee/ros2_ws/build/labs_pkg/prefix_override:/home/teehee/ros2_ws/install/labs_pkg/lib/python3.10/site-packages:${PYTHONPATH} /usr/bin/python3 setup.py egg_info --egg-base ../../build/labs_pkg build --build-base /home/teehee/ros2_ws/build/labs_pkg/build install --record /home/teehee/ros2_ws/build/labs_pkg/install.log --single-version-externally-managed
[1.148s] running egg_info
[1.148s] writing ../../build/labs_pkg/labs_pkg.egg-info/PKG-INFO
[1.149s] writing dependency_links to ../../build/labs_pkg/labs_pkg.egg-info/dependency_links.txt
[1.149s] writing entry points to ../../build/labs_pkg/labs_pkg.egg-info/entry_points.txt
[1.150s] writing requirements to ../../build/labs_pkg/labs_pkg.egg-info/requires.txt
[1.150s] writing top-level names to ../../build/labs_pkg/labs_pkg.egg-info/top_level.txt
[1.153s] reading manifest file '../../build/labs_pkg/labs_pkg.egg-info/SOURCES.txt'
[1.153s] writing manifest file '../../build/labs_pkg/labs_pkg.egg-info/SOURCES.txt'
[1.154s] running build
[1.154s] running build_py
[1.154s] copying labs_pkg/my_talker.py -> /home/teehee/ros2_ws/build/labs_pkg/build/lib/labs_pkg
[1.155s] running install
[1.155s] /usr/lib/python3/dist-packages/setuptools/command/install.py:34: SetuptoolsDeprecationWarning: setup.py install is deprecated. Use build and pip and other standards-based tools.
[1.155s]   warnings.warn(
[1.155s] running install_lib
[1.156s] copying /home/teehee/ros2_ws/build/labs_pkg/build/lib/labs_pkg/my_talker.py -> /home/teehee/ros2_ws/install/labs_pkg/lib/python3.10/site-packages/labs_pkg
[1.157s] byte-compiling /home/teehee/ros2_ws/install/labs_pkg/lib/python3.10/site-packages/labs_pkg/my_talker.py to my_talker.cpython-310.pyc
[1.157s] running install_data
[1.158s] running install_egg_info
[1.159s] removing '/home/teehee/ros2_ws/install/labs_pkg/lib/python3.10/site-packages/labs_pkg-0.0.0-py3.10.egg-info' (and everything under it)
[1.159s] Copying ../../build/labs_pkg/labs_pkg.egg-info to /home/teehee/ros2_ws/install/labs_pkg/lib/python3.10/site-packages/labs_pkg-0.0.0-py3.10.egg-info
[1.161s] running install_scripts
[1.184s] Installing my_talker script to /home/teehee/ros2_ws/install/labs_pkg/lib/labs_pkg
[1.184s] writing list of installed files to '/home/teehee/ros2_ws/build/labs_pkg/install.log'
[1.215s] Invoked command in '/home/teehee/ros2_ws/src/labs_pkg' returned '0': PYTHONPATH=/home/teehee/ros2_ws/build/labs_pkg/prefix_override:/home/teehee/ros2_ws/install/labs_pkg/lib/python3.10/site-packages:${PYTHONPATH} /usr/bin/python3 setup.py egg_info --egg-base ../../build/labs_pkg build --build-base /home/teehee/ros2_ws/build/labs_pkg/build install --record /home/teehee/ros2_ws/build/labs_pkg/install.log --single-version-externally-managed
