[0.058s] Invoking command in '/home/teehee/ros2_ws/build/lab04': CMAKE_PREFIX_PATH=${CMAKE_PREFIX_PATH}:/home/teehee/ros2_ws/install/tf2_pkg:/home/teehee/ros2_ws/install/labs_pkg:/home/teehee/ros2_ws/install/labex6:/home/teehee/ros2_ws/install/lab_exam2_pkg:/home/teehee/ros2_ws/install/example_pkg:/opt/ros/humble /usr/bin/cmake --build /home/teehee/ros2_ws/build/lab04 -- -j4 -l4
[0.096s] -- Found ament_cmake: 1.3.7 (/opt/ros/humble/share/ament_cmake/cmake)
[0.206s] -- Override CMake install command with custom implementation using symlinks instead of copying resources
[0.246s] -- Found ament_lint_auto: 0.12.10 (/opt/ros/humble/share/ament_lint_auto/cmake)
[0.299s] -- Added test 'flake8' to check Python code syntax and style conventions
[0.300s] -- Added test 'lint_cmake' to check CMake code style
[0.300s] -- Added test 'pep257' to check Python code against some of the docstring style conventions in PEP 257
[0.301s] -- Added test 'xmllint' to check XML markup files
[0.304s] -- Configuring done
[0.312s] -- Generating done
[0.314s] -- Build files have been written to: /home/teehee/ros2_ws/build/lab04
[0.328s] Invoked command in '/home/teehee/ros2_ws/build/lab04' returned '0': CMAKE_PREFIX_PATH=${CMAKE_PREFIX_PATH}:/home/teehee/ros2_ws/install/tf2_pkg:/home/teehee/ros2_ws/install/labs_pkg:/home/teehee/ros2_ws/install/labex6:/home/teehee/ros2_ws/install/lab_exam2_pkg:/home/teehee/ros2_ws/install/example_pkg:/opt/ros/humble /usr/bin/cmake --build /home/teehee/ros2_ws/build/lab04 -- -j4 -l4
[0.364s] Invoking command in '/home/teehee/ros2_ws/build/lab04': CMAKE_PREFIX_PATH=${CMAKE_PREFIX_PATH}:/home/teehee/ros2_ws/install/tf2_pkg:/home/teehee/ros2_ws/install/labs_pkg:/home/teehee/ros2_ws/install/labex6:/home/teehee/ros2_ws/install/lab_exam2_pkg:/home/teehee/ros2_ws/install/example_pkg:/opt/ros/humble /usr/bin/cmake --install /home/teehee/ros2_ws/build/lab04
[0.368s] -- Install configuration: ""
[0.369s] -- Execute custom install script
[0.369s] -- Up-to-date symlink: /home/teehee/ros2_ws/install/lab04/share/ament_index/resource_index/package_run_dependencies/lab04
[0.370s] -- Up-to-date symlink: /home/teehee/ros2_ws/install/lab04/share/ament_index/resource_index/parent_prefix_path/lab04
[0.370s] -- Up-to-date symlink: /home/teehee/ros2_ws/install/lab04/share/lab04/environment/ament_prefix_path.sh
[0.371s] -- Up-to-date symlink: /home/teehee/ros2_ws/install/lab04/share/lab04/environment/ament_prefix_path.dsv
[0.371s] -- Up-to-date symlink: /home/teehee/ros2_ws/install/lab04/share/lab04/environment/path.sh
[0.372s] -- Up-to-date symlink: /home/teehee/ros2_ws/install/lab04/share/lab04/environment/path.dsv
[0.372s] -- Up-to-date symlink: /home/teehee/ros2_ws/install/lab04/share/lab04/local_setup.bash
[0.373s] -- Up-to-date symlink: /home/teehee/ros2_ws/install/lab04/share/lab04/local_setup.sh
[0.373s] -- Up-to-date symlink: /home/teehee/ros2_ws/install/lab04/share/lab04/local_setup.zsh
[0.373s] -- Up-to-date symlink: /home/teehee/ros2_ws/install/lab04/share/lab04/local_setup.dsv
[0.374s] -- Symlinking: /home/teehee/ros2_ws/install/lab04/share/lab04/package.dsv
[0.380s] -- Up-to-date symlink: /home/teehee/ros2_ws/install/lab04/share/ament_index/resource_index/packages/lab04
[0.380s] -- Up-to-date symlink: /home/teehee/ros2_ws/install/lab04/share/lab04/cmake/lab04Config.cmake
[0.381s] -- Up-to-date symlink: /home/teehee/ros2_ws/install/lab04/share/lab04/cmake/lab04Config-version.cmake
[0.381s] -- Up-to-date symlink: /home/teehee/ros2_ws/install/lab04/share/lab04/package.xml
[0.381s] -- Up-to-date symlink: /home/teehee/ros2_ws/install/lab04/share/lab04/description/bridges.yaml
[0.382s] -- Up-to-date symlink: /home/teehee/ros2_ws/install/lab04/share/lab04/description/colors.xacro
[0.382s] -- Up-to-date symlink: /home/teehee/ros2_ws/install/lab04/share/lab04/description/gazebo.xacro
[0.382s] -- Up-to-date symlink: /home/teehee/ros2_ws/install/lab04/share/lab04/description/inertial.xacro
[0.383s] -- Up-to-date symlink: /home/teehee/ros2_ws/install/lab04/share/lab04/description/lidar.xacro
[0.383s] -- Up-to-date symlink: /home/teehee/ros2_ws/install/lab04/share/lab04/description/robot.sdf
[0.383s] -- Up-to-date symlink: /home/teehee/ros2_ws/install/lab04/share/lab04/description/robot.urdf
[0.384s] -- Up-to-date symlink: /home/teehee/ros2_ws/install/lab04/share/lab04/description/robot.urdf.xacro
[0.384s] -- Up-to-date symlink: /home/teehee/ros2_ws/install/lab04/share/lab04/description/robot_core.xacro
[0.384s] -- Symlinking: /home/teehee/ros2_ws/install/lab04/share/lab04/description/stopatwall.py
[0.390s] -- Up-to-date symlink: /home/teehee/ros2_ws/install/lab04/share/lab04/launch/rsp.launch.py
[0.390s] -- Symlinking: /home/teehee/ros2_ws/install/lab04/share/lab04/worlds/ex_4_1.sdf
[0.396s] -- Symlinking: /home/teehee/ros2_ws/install/lab04/share/lab04/worlds/ex_4_2.sdf
[0.401s] -- Up-to-date symlink: /home/teehee/ros2_ws/install/lab04/share/lab04/worlds/world.sdf
[0.402s] Invoked command in '/home/teehee/ros2_ws/build/lab04' returned '0': CMAKE_PREFIX_PATH=${CMAKE_PREFIX_PATH}:/home/teehee/ros2_ws/install/tf2_pkg:/home/teehee/ros2_ws/install/labs_pkg:/home/teehee/ros2_ws/install/labex6:/home/teehee/ros2_ws/install/lab_exam2_pkg:/home/teehee/ros2_ws/install/example_pkg:/opt/ros/humble /usr/bin/cmake --install /home/teehee/ros2_ws/build/lab04
