/home/teehee/ros2_ws/install/tf2_pkg/lib/python3.10/site-packages/tf2_pkg/tf_broadcaster4.py
/home/teehee/ros2_ws/install/tf2_pkg/lib/python3.10/site-packages/tf2_pkg/__init__.py
/home/teehee/ros2_ws/install/tf2_pkg/lib/python3.10/site-packages/tf2_pkg/turtle_monitor.py
/home/teehee/ros2_ws/install/tf2_pkg/lib/python3.10/site-packages/tf2_pkg/tf_broadcaster2.py
/home/teehee/ros2_ws/install/tf2_pkg/lib/python3.10/site-packages/tf2_pkg/transform_point.py
/home/teehee/ros2_ws/install/tf2_pkg/lib/python3.10/site-packages/tf2_pkg/turtle1_broadcaster.py
/home/teehee/ros2_ws/install/tf2_pkg/lib/python3.10/site-packages/tf2_pkg/tf_listener2.py
/home/teehee/ros2_ws/install/tf2_pkg/lib/python3.10/site-packages/tf2_pkg/tf_broadcaster1.py
/home/teehee/ros2_ws/install/tf2_pkg/lib/python3.10/site-packages/tf2_pkg/turtle_broadcaster.py
/home/teehee/ros2_ws/install/tf2_pkg/lib/python3.10/site-packages/tf2_pkg/spawn_turtles.py
/home/teehee/ros2_ws/install/tf2_pkg/lib/python3.10/site-packages/tf2_pkg/tf_broadcaster_ex14.py
/home/teehee/ros2_ws/install/tf2_pkg/lib/python3.10/site-packages/tf2_pkg/tf_listener.py
/home/teehee/ros2_ws/install/tf2_pkg/lib/python3.10/site-packages/tf2_pkg/control_turtle.py
/home/teehee/ros2_ws/install/tf2_pkg/lib/python3.10/site-packages/tf2_pkg/tf_listener1.py
/home/teehee/ros2_ws/install/tf2_pkg/lib/python3.10/site-packages/tf2_pkg/tf_broadcaster3.py
/home/teehee/ros2_ws/install/tf2_pkg/lib/python3.10/site-packages/tf2_pkg/__pycache__/tf_broadcaster4.cpython-310.pyc
/home/teehee/ros2_ws/install/tf2_pkg/lib/python3.10/site-packages/tf2_pkg/__pycache__/__init__.cpython-310.pyc
/home/teehee/ros2_ws/install/tf2_pkg/lib/python3.10/site-packages/tf2_pkg/__pycache__/turtle_monitor.cpython-310.pyc
/home/teehee/ros2_ws/install/tf2_pkg/lib/python3.10/site-packages/tf2_pkg/__pycache__/tf_broadcaster2.cpython-310.pyc
/home/teehee/ros2_ws/install/tf2_pkg/lib/python3.10/site-packages/tf2_pkg/__pycache__/transform_point.cpython-310.pyc
/home/teehee/ros2_ws/install/tf2_pkg/lib/python3.10/site-packages/tf2_pkg/__pycache__/turtle1_broadcaster.cpython-310.pyc
/home/teehee/ros2_ws/install/tf2_pkg/lib/python3.10/site-packages/tf2_pkg/__pycache__/tf_listener2.cpython-310.pyc
/home/teehee/ros2_ws/install/tf2_pkg/lib/python3.10/site-packages/tf2_pkg/__pycache__/tf_broadcaster1.cpython-310.pyc
/home/teehee/ros2_ws/install/tf2_pkg/lib/python3.10/site-packages/tf2_pkg/__pycache__/turtle_broadcaster.cpython-310.pyc
/home/teehee/ros2_ws/install/tf2_pkg/lib/python3.10/site-packages/tf2_pkg/__pycache__/spawn_turtles.cpython-310.pyc
/home/teehee/ros2_ws/install/tf2_pkg/lib/python3.10/site-packages/tf2_pkg/__pycache__/tf_broadcaster_ex14.cpython-310.pyc
/home/teehee/ros2_ws/install/tf2_pkg/lib/python3.10/site-packages/tf2_pkg/__pycache__/tf_listener.cpython-310.pyc
/home/teehee/ros2_ws/install/tf2_pkg/lib/python3.10/site-packages/tf2_pkg/__pycache__/control_turtle.cpython-310.pyc
/home/teehee/ros2_ws/install/tf2_pkg/lib/python3.10/site-packages/tf2_pkg/__pycache__/tf_listener1.cpython-310.pyc
/home/teehee/ros2_ws/install/tf2_pkg/lib/python3.10/site-packages/tf2_pkg/__pycache__/tf_broadcaster3.cpython-310.pyc
/home/teehee/ros2_ws/install/tf2_pkg/share/ament_index/resource_index/packages/tf2_pkg
/home/teehee/ros2_ws/install/tf2_pkg/share/tf2_pkg/package.xml
/home/teehee/ros2_ws/install/tf2_pkg/lib/python3.10/site-packages/tf2_pkg-0.0.0-py3.10.egg-info/requires.txt
/home/teehee/ros2_ws/install/tf2_pkg/lib/python3.10/site-packages/tf2_pkg-0.0.0-py3.10.egg-info/SOURCES.txt
/home/teehee/ros2_ws/install/tf2_pkg/lib/python3.10/site-packages/tf2_pkg-0.0.0-py3.10.egg-info/dependency_links.txt
/home/teehee/ros2_ws/install/tf2_pkg/lib/python3.10/site-packages/tf2_pkg-0.0.0-py3.10.egg-info/zip-safe
/home/teehee/ros2_ws/install/tf2_pkg/lib/python3.10/site-packages/tf2_pkg-0.0.0-py3.10.egg-info/entry_points.txt
/home/teehee/ros2_ws/install/tf2_pkg/lib/python3.10/site-packages/tf2_pkg-0.0.0-py3.10.egg-info/PKG-INFO
/home/teehee/ros2_ws/install/tf2_pkg/lib/python3.10/site-packages/tf2_pkg-0.0.0-py3.10.egg-info/top_level.txt
/home/teehee/ros2_ws/install/tf2_pkg/lib/tf2_pkg/control_turtle
/home/teehee/ros2_ws/install/tf2_pkg/lib/tf2_pkg/spawn_turtles
/home/teehee/ros2_ws/install/tf2_pkg/lib/tf2_pkg/tf_broadcaster1
/home/teehee/ros2_ws/install/tf2_pkg/lib/tf2_pkg/tf_broadcaster2
/home/teehee/ros2_ws/install/tf2_pkg/lib/tf2_pkg/tf_broadcaster3
/home/teehee/ros2_ws/install/tf2_pkg/lib/tf2_pkg/tf_broadcaster4
/home/teehee/ros2_ws/install/tf2_pkg/lib/tf2_pkg/tf_broadcaster_ex14
/home/teehee/ros2_ws/install/tf2_pkg/lib/tf2_pkg/tf_listener
/home/teehee/ros2_ws/install/tf2_pkg/lib/tf2_pkg/tf_listener1
/home/teehee/ros2_ws/install/tf2_pkg/lib/tf2_pkg/tf_listener2
/home/teehee/ros2_ws/install/tf2_pkg/lib/tf2_pkg/transform_point
/home/teehee/ros2_ws/install/tf2_pkg/lib/tf2_pkg/turtle1_broadcaster
/home/teehee/ros2_ws/install/tf2_pkg/lib/tf2_pkg/turtle_broadcaster
/home/teehee/ros2_ws/install/tf2_pkg/lib/tf2_pkg/turtle_monitor
