[35m[1mConsolidate compiler generated dependencies of target lab_interfaces__rosidl_generator_c[0m
[  2%] Built target lab_interfaces__cpp
[  2%] Built target ament_cmake_python_symlink_lab_interfaces
[ 12%] Built target lab_interfaces__rosidl_generator_c
[35m[1mConsolidate compiler generated dependencies of target lab_interfaces__rosidl_typesupport_introspection_cpp[0m
[35m[1mConsolidate compiler generated dependencies of target lab_interfaces__rosidl_typesupport_fastrtps_cpp[0m
[35m[1mConsolidate compiler generated dependencies of target lab_interfaces__rosidl_typesupport_cpp[0m
[ 23%] Built target lab_interfaces__rosidl_typesupport_introspection_cpp
[ 34%] Built target lab_interfaces__rosidl_typesupport_cpp
[ 44%] Built target lab_interfaces__rosidl_typesupport_fastrtps_cpp
[35m[1mConsolidate compiler generated dependencies of target lab_interfaces__rosidl_typesupport_fastrtps_c[0m
[35m[1mConsolidate compiler generated dependencies of target lab_interfaces__rosidl_typesupport_introspection_c[0m
[35m[1mConsolidate compiler generated dependencies of target lab_interfaces__rosidl_typesupport_c[0m
[ 55%] Built target lab_interfaces__rosidl_typesupport_fastrtps_c
[ 65%] Built target lab_interfaces__rosidl_typesupport_introspection_c
[ 76%] Built target lab_interfaces__rosidl_typesupport_c
[ 76%] Built target lab_interfaces
[ 78%] Built target lab_interfaces__py
[35m[1mConsolidate compiler generated dependencies of target lab_interfaces__rosidl_generator_py[0m
[ 87%] Built target lab_interfaces__rosidl_generator_py
[35m[1mConsolidate compiler generated dependencies of target lab_interfaces__rosidl_typesupport_fastrtps_c__pyext[0m
[35m[1mConsolidate compiler generated dependencies of target lab_interfaces__rosidl_typesupport_introspection_c__pyext[0m
running egg_info
writing lab_interfaces.egg-info/PKG-INFO
writing dependency_links to lab_interfaces.egg-info/dependency_links.txt
writing top-level names to lab_interfaces.egg-info/top_level.txt
reading manifest file 'lab_interfaces.egg-info/SOURCES.txt'
writing manifest file 'lab_interfaces.egg-info/SOURCES.txt'
[35m[1mConsolidate compiler generated dependencies of target lab_interfaces__rosidl_typesupport_c__pyext[0m
[ 91%] Built target lab_interfaces__rosidl_typesupport_fastrtps_c__pyext
[ 91%] Built target ament_cmake_python_build_lab_interfaces_egg
[ 95%] Built target lab_interfaces__rosidl_typesupport_introspection_c__pyext
[100%] Built target lab_interfaces__rosidl_typesupport_c__pyext
-- Install configuration: ""
-- Execute custom install script
-- Up-to-date symlink: /home/teehee/ros2_ws/install/lab_interfaces/share/ament_index/resource_index/rosidl_interfaces/lab_interfaces
-- Up-to-date symlink: /home/teehee/ros2_ws/install/lab_interfaces/include/lab_interfaces/lab_interfaces/msg/detail/turtle__functions.h
-- Up-to-date symlink: /home/teehee/ros2_ws/install/lab_interfaces/include/lab_interfaces/lab_interfaces/msg/detail/turtle__struct.h
-- Up-to-date symlink: /home/teehee/ros2_ws/install/lab_interfaces/include/lab_interfaces/lab_interfaces/msg/detail/turtle__type_support.h
-- Up-to-date symlink: /home/teehee/ros2_ws/install/lab_interfaces/include/lab_interfaces/lab_interfaces/msg/detail/turtle_array__functions.h
-- Up-to-date symlink: /home/teehee/ros2_ws/install/lab_interfaces/include/lab_interfaces/lab_interfaces/msg/detail/turtle_array__struct.h
-- Up-to-date symlink: /home/teehee/ros2_ws/install/lab_interfaces/include/lab_interfaces/lab_interfaces/msg/detail/turtle_array__type_support.h
-- Up-to-date symlink: /home/teehee/ros2_ws/install/lab_interfaces/include/lab_interfaces/lab_interfaces/msg/rosidl_generator_c__visibility_control.h
-- Up-to-date symlink: /home/teehee/ros2_ws/install/lab_interfaces/include/lab_interfaces/lab_interfaces/msg/turtle.h
-- Up-to-date symlink: /home/teehee/ros2_ws/install/lab_interfaces/include/lab_interfaces/lab_interfaces/msg/turtle_array.h
-- Up-to-date symlink: /home/teehee/ros2_ws/install/lab_interfaces/include/lab_interfaces/lab_interfaces/srv/capture_turtle.h
-- Up-to-date symlink: /home/teehee/ros2_ws/install/lab_interfaces/include/lab_interfaces/lab_interfaces/srv/detail/capture_turtle__functions.h
-- Up-to-date symlink: /home/teehee/ros2_ws/install/lab_interfaces/include/lab_interfaces/lab_interfaces/srv/detail/capture_turtle__struct.h
-- Up-to-date symlink: /home/teehee/ros2_ws/install/lab_interfaces/include/lab_interfaces/lab_interfaces/srv/detail/capture_turtle__type_support.h
-- Up-to-date symlink: /home/teehee/ros2_ws/install/lab_interfaces/share/lab_interfaces/environment/library_path.sh
-- Up-to-date symlink: /home/teehee/ros2_ws/install/lab_interfaces/share/lab_interfaces/environment/library_path.dsv
-- Up-to-date symlink: /home/teehee/ros2_ws/install/lab_interfaces/include/lab_interfaces/lab_interfaces/msg/detail/turtle__rosidl_typesupport_fastrtps_c.h
-- Up-to-date symlink: /home/teehee/ros2_ws/install/lab_interfaces/include/lab_interfaces/lab_interfaces/msg/detail/turtle_array__rosidl_typesupport_fastrtps_c.h
-- Up-to-date symlink: /home/teehee/ros2_ws/install/lab_interfaces/include/lab_interfaces/lab_interfaces/msg/rosidl_typesupport_fastrtps_c__visibility_control.h
-- Up-to-date symlink: /home/teehee/ros2_ws/install/lab_interfaces/include/lab_interfaces/lab_interfaces/srv/detail/capture_turtle__rosidl_typesupport_fastrtps_c.h
-- Up-to-date symlink: /home/teehee/ros2_ws/install/lab_interfaces/include/lab_interfaces/lab_interfaces/msg/detail/turtle__rosidl_typesupport_introspection_c.h
-- Up-to-date symlink: /home/teehee/ros2_ws/install/lab_interfaces/include/lab_interfaces/lab_interfaces/msg/detail/turtle_array__rosidl_typesupport_introspection_c.h
-- Up-to-date symlink: /home/teehee/ros2_ws/install/lab_interfaces/include/lab_interfaces/lab_interfaces/msg/rosidl_typesupport_introspection_c__visibility_control.h
-- Up-to-date symlink: /home/teehee/ros2_ws/install/lab_interfaces/include/lab_interfaces/lab_interfaces/srv/detail/capture_turtle__rosidl_typesupport_introspection_c.h
-- Up-to-date symlink: /home/teehee/ros2_ws/install/lab_interfaces/include/lab_interfaces/lab_interfaces/msg/detail/turtle__builder.hpp
-- Up-to-date symlink: /home/teehee/ros2_ws/install/lab_interfaces/include/lab_interfaces/lab_interfaces/msg/detail/turtle__struct.hpp
-- Up-to-date symlink: /home/teehee/ros2_ws/install/lab_interfaces/include/lab_interfaces/lab_interfaces/msg/detail/turtle__traits.hpp
-- Up-to-date symlink: /home/teehee/ros2_ws/install/lab_interfaces/include/lab_interfaces/lab_interfaces/msg/detail/turtle_array__builder.hpp
-- Up-to-date symlink: /home/teehee/ros2_ws/install/lab_interfaces/include/lab_interfaces/lab_interfaces/msg/detail/turtle_array__struct.hpp
-- Up-to-date symlink: /home/teehee/ros2_ws/install/lab_interfaces/include/lab_interfaces/lab_interfaces/msg/detail/turtle_array__traits.hpp
-- Up-to-date symlink: /home/teehee/ros2_ws/install/lab_interfaces/include/lab_interfaces/lab_interfaces/msg/turtle.hpp
-- Up-to-date symlink: /home/teehee/ros2_ws/install/lab_interfaces/include/lab_interfaces/lab_interfaces/msg/turtle_array.hpp
-- Up-to-date symlink: /home/teehee/ros2_ws/install/lab_interfaces/include/lab_interfaces/lab_interfaces/srv/capture_turtle.hpp
-- Up-to-date symlink: /home/teehee/ros2_ws/install/lab_interfaces/include/lab_interfaces/lab_interfaces/srv/detail/capture_turtle__builder.hpp
-- Up-to-date symlink: /home/teehee/ros2_ws/install/lab_interfaces/include/lab_interfaces/lab_interfaces/srv/detail/capture_turtle__struct.hpp
-- Up-to-date symlink: /home/teehee/ros2_ws/install/lab_interfaces/include/lab_interfaces/lab_interfaces/srv/detail/capture_turtle__traits.hpp
-- Up-to-date symlink: /home/teehee/ros2_ws/install/lab_interfaces/include/lab_interfaces/lab_interfaces/msg/detail/turtle__rosidl_typesupport_fastrtps_cpp.hpp
-- Up-to-date symlink: /home/teehee/ros2_ws/install/lab_interfaces/include/lab_interfaces/lab_interfaces/msg/detail/turtle_array__rosidl_typesupport_fastrtps_cpp.hpp
-- Up-to-date symlink: /home/teehee/ros2_ws/install/lab_interfaces/include/lab_interfaces/lab_interfaces/msg/rosidl_typesupport_fastrtps_cpp__visibility_control.h
-- Up-to-date symlink: /home/teehee/ros2_ws/install/lab_interfaces/include/lab_interfaces/lab_interfaces/srv/detail/capture_turtle__rosidl_typesupport_fastrtps_cpp.hpp
-- Up-to-date symlink: /home/teehee/ros2_ws/install/lab_interfaces/include/lab_interfaces/lab_interfaces/msg/detail/turtle__rosidl_typesupport_introspection_cpp.hpp
-- Up-to-date symlink: /home/teehee/ros2_ws/install/lab_interfaces/include/lab_interfaces/lab_interfaces/msg/detail/turtle_array__rosidl_typesupport_introspection_cpp.hpp
-- Up-to-date symlink: /home/teehee/ros2_ws/install/lab_interfaces/include/lab_interfaces/lab_interfaces/srv/detail/capture_turtle__rosidl_typesupport_introspection_cpp.hpp
-- Up-to-date symlink: /home/teehee/ros2_ws/install/lab_interfaces/share/lab_interfaces/environment/pythonpath.sh
-- Up-to-date symlink: /home/teehee/ros2_ws/install/lab_interfaces/share/lab_interfaces/environment/pythonpath.dsv
-- Up-to-date symlink: /home/teehee/ros2_ws/install/lab_interfaces/local/lib/python3.10/dist-packages/lab_interfaces-0.0.0-py3.10.egg-info/PKG-INFO
-- Up-to-date symlink: /home/teehee/ros2_ws/install/lab_interfaces/local/lib/python3.10/dist-packages/lab_interfaces-0.0.0-py3.10.egg-info/SOURCES.txt
-- Up-to-date symlink: /home/teehee/ros2_ws/install/lab_interfaces/local/lib/python3.10/dist-packages/lab_interfaces-0.0.0-py3.10.egg-info/dependency_links.txt
-- Up-to-date symlink: /home/teehee/ros2_ws/install/lab_interfaces/local/lib/python3.10/dist-packages/lab_interfaces-0.0.0-py3.10.egg-info/top_level.txt
-- Up-to-date symlink: /home/teehee/ros2_ws/install/lab_interfaces/local/lib/python3.10/dist-packages/lab_interfaces/__init__.py
-- Up-to-date symlink: /home/teehee/ros2_ws/install/lab_interfaces/local/lib/python3.10/dist-packages/lab_interfaces/_lab_interfaces_s.ep.rosidl_typesupport_c.c
-- Up-to-date symlink: /home/teehee/ros2_ws/install/lab_interfaces/local/lib/python3.10/dist-packages/lab_interfaces/_lab_interfaces_s.ep.rosidl_typesupport_fastrtps_c.c
-- Up-to-date symlink: /home/teehee/ros2_ws/install/lab_interfaces/local/lib/python3.10/dist-packages/lab_interfaces/_lab_interfaces_s.ep.rosidl_typesupport_introspection_c.c
-- Up-to-date symlink: /home/teehee/ros2_ws/install/lab_interfaces/local/lib/python3.10/dist-packages/lab_interfaces/lab_interfaces_s__rosidl_typesupport_c.cpython-310-x86_64-linux-gnu.so
-- Up-to-date symlink: /home/teehee/ros2_ws/install/lab_interfaces/local/lib/python3.10/dist-packages/lab_interfaces/lab_interfaces_s__rosidl_typesupport_fastrtps_c.cpython-310-x86_64-linux-gnu.so
-- Up-to-date symlink: /home/teehee/ros2_ws/install/lab_interfaces/local/lib/python3.10/dist-packages/lab_interfaces/lab_interfaces_s__rosidl_typesupport_introspection_c.cpython-310-x86_64-linux-gnu.so
-- Up-to-date symlink: /home/teehee/ros2_ws/install/lab_interfaces/local/lib/python3.10/dist-packages/lab_interfaces/liblab_interfaces__rosidl_generator_py.so
-- Up-to-date symlink: /home/teehee/ros2_ws/install/lab_interfaces/local/lib/python3.10/dist-packages/lab_interfaces/msg/__init__.py
-- Up-to-date symlink: /home/teehee/ros2_ws/install/lab_interfaces/local/lib/python3.10/dist-packages/lab_interfaces/msg/_turtle.py
-- Up-to-date symlink: /home/teehee/ros2_ws/install/lab_interfaces/local/lib/python3.10/dist-packages/lab_interfaces/msg/_turtle_array.py
-- Up-to-date symlink: /home/teehee/ros2_ws/install/lab_interfaces/local/lib/python3.10/dist-packages/lab_interfaces/msg/_turtle_array_s.c
-- Up-to-date symlink: /home/teehee/ros2_ws/install/lab_interfaces/local/lib/python3.10/dist-packages/lab_interfaces/msg/_turtle_s.c
-- Up-to-date symlink: /home/teehee/ros2_ws/install/lab_interfaces/local/lib/python3.10/dist-packages/lab_interfaces/srv/__init__.py
-- Up-to-date symlink: /home/teehee/ros2_ws/install/lab_interfaces/local/lib/python3.10/dist-packages/lab_interfaces/srv/_capture_turtle.py
-- Up-to-date symlink: /home/teehee/ros2_ws/install/lab_interfaces/local/lib/python3.10/dist-packages/lab_interfaces/srv/_capture_turtle_s.c
-- Up-to-date symlink: /home/teehee/ros2_ws/install/lab_interfaces/local/lib/python3.10/dist-packages/lab_interfaces/lab_interfaces_s__rosidl_typesupport_fastrtps_c.cpython-310-x86_64-linux-gnu.so
-- Up-to-date symlink: /home/teehee/ros2_ws/install/lab_interfaces/local/lib/python3.10/dist-packages/lab_interfaces/lab_interfaces_s__rosidl_typesupport_introspection_c.cpython-310-x86_64-linux-gnu.so
-- Up-to-date symlink: /home/teehee/ros2_ws/install/lab_interfaces/local/lib/python3.10/dist-packages/lab_interfaces/lab_interfaces_s__rosidl_typesupport_c.cpython-310-x86_64-linux-gnu.so
-- Up-to-date symlink: /home/teehee/ros2_ws/install/lab_interfaces/share/lab_interfaces/msg/Turtle.idl
-- Up-to-date symlink: /home/teehee/ros2_ws/install/lab_interfaces/share/lab_interfaces/msg/TurtleArray.idl
-- Up-to-date symlink: /home/teehee/ros2_ws/install/lab_interfaces/share/lab_interfaces/srv/CaptureTurtle.idl
-- Up-to-date symlink: /home/teehee/ros2_ws/install/lab_interfaces/share/lab_interfaces/msg/Turtle.msg
-- Up-to-date symlink: /home/teehee/ros2_ws/install/lab_interfaces/share/lab_interfaces/msg/TurtleArray.msg
-- Up-to-date symlink: /home/teehee/ros2_ws/install/lab_interfaces/share/lab_interfaces/srv/CaptureTurtle.srv
-- Up-to-date symlink: /home/teehee/ros2_ws/install/lab_interfaces/share/lab_interfaces/srv/CaptureTurtle_Request.msg
-- Up-to-date symlink: /home/teehee/ros2_ws/install/lab_interfaces/share/lab_interfaces/srv/CaptureTurtle_Response.msg
-- Up-to-date symlink: /home/teehee/ros2_ws/install/lab_interfaces/share/ament_index/resource_index/package_run_dependencies/lab_interfaces
-- Up-to-date symlink: /home/teehee/ros2_ws/install/lab_interfaces/share/ament_index/resource_index/parent_prefix_path/lab_interfaces
-- Up-to-date symlink: /home/teehee/ros2_ws/install/lab_interfaces/share/lab_interfaces/environment/ament_prefix_path.sh
-- Up-to-date symlink: /home/teehee/ros2_ws/install/lab_interfaces/share/lab_interfaces/environment/ament_prefix_path.dsv
-- Up-to-date symlink: /home/teehee/ros2_ws/install/lab_interfaces/share/lab_interfaces/environment/path.sh
-- Up-to-date symlink: /home/teehee/ros2_ws/install/lab_interfaces/share/lab_interfaces/environment/path.dsv
-- Up-to-date symlink: /home/teehee/ros2_ws/install/lab_interfaces/share/lab_interfaces/local_setup.bash
-- Up-to-date symlink: /home/teehee/ros2_ws/install/lab_interfaces/share/lab_interfaces/local_setup.sh
-- Up-to-date symlink: /home/teehee/ros2_ws/install/lab_interfaces/share/lab_interfaces/local_setup.zsh
-- Up-to-date symlink: /home/teehee/ros2_ws/install/lab_interfaces/share/lab_interfaces/local_setup.dsv
-- Symlinking: /home/teehee/ros2_ws/install/lab_interfaces/share/lab_interfaces/package.dsv
-- Up-to-date symlink: /home/teehee/ros2_ws/install/lab_interfaces/share/ament_index/resource_index/packages/lab_interfaces
-- Up-to-date symlink: /home/teehee/ros2_ws/install/lab_interfaces/share/lab_interfaces/cmake/rosidl_cmake-extras.cmake
-- Up-to-date symlink: /home/teehee/ros2_ws/install/lab_interfaces/share/lab_interfaces/cmake/ament_cmake_export_include_directories-extras.cmake
-- Up-to-date symlink: /home/teehee/ros2_ws/install/lab_interfaces/share/lab_interfaces/cmake/ament_cmake_export_libraries-extras.cmake
-- Up-to-date symlink: /home/teehee/ros2_ws/install/lab_interfaces/share/lab_interfaces/cmake/ament_cmake_export_targets-extras.cmake
-- Up-to-date symlink: /home/teehee/ros2_ws/install/lab_interfaces/share/lab_interfaces/cmake/rosidl_cmake_export_typesupport_targets-extras.cmake
-- Up-to-date symlink: /home/teehee/ros2_ws/install/lab_interfaces/share/lab_interfaces/cmake/ament_cmake_export_dependencies-extras.cmake
-- Up-to-date symlink: /home/teehee/ros2_ws/install/lab_interfaces/share/lab_interfaces/cmake/rosidl_cmake_export_typesupport_libraries-extras.cmake
-- Up-to-date symlink: /home/teehee/ros2_ws/install/lab_interfaces/share/lab_interfaces/cmake/lab_interfacesConfig.cmake
-- Up-to-date symlink: /home/teehee/ros2_ws/install/lab_interfaces/share/lab_interfaces/cmake/lab_interfacesConfig-version.cmake
-- Up-to-date symlink: /home/teehee/ros2_ws/install/lab_interfaces/share/lab_interfaces/package.xml
-- Up-to-date: /home/teehee/ros2_ws/install/lab_interfaces/lib/liblab_interfaces__rosidl_generator_c.so
-- Up-to-date: /home/teehee/ros2_ws/install/lab_interfaces/lib/liblab_interfaces__rosidl_typesupport_fastrtps_c.so
-- Up-to-date: /home/teehee/ros2_ws/install/lab_interfaces/lib/liblab_interfaces__rosidl_typesupport_introspection_c.so
-- Up-to-date: /home/teehee/ros2_ws/install/lab_interfaces/lib/liblab_interfaces__rosidl_typesupport_c.so
-- Up-to-date: /home/teehee/ros2_ws/install/lab_interfaces/lib/liblab_interfaces__rosidl_typesupport_fastrtps_cpp.so
-- Up-to-date: /home/teehee/ros2_ws/install/lab_interfaces/lib/liblab_interfaces__rosidl_typesupport_introspection_cpp.so
-- Up-to-date: /home/teehee/ros2_ws/install/lab_interfaces/lib/liblab_interfaces__rosidl_typesupport_cpp.so
Listing '/home/teehee/ros2_ws/install/lab_interfaces/local/lib/python3.10/dist-packages/lab_interfaces'...
Listing '/home/teehee/ros2_ws/install/lab_interfaces/local/lib/python3.10/dist-packages/lab_interfaces/msg'...
Listing '/home/teehee/ros2_ws/install/lab_interfaces/local/lib/python3.10/dist-packages/lab_interfaces/srv'...
-- Up-to-date: /home/teehee/ros2_ws/install/lab_interfaces/lib/liblab_interfaces__rosidl_generator_py.so
-- Up-to-date: /home/teehee/ros2_ws/install/lab_interfaces/share/lab_interfaces/cmake/export_lab_interfaces__rosidl_generator_cExport.cmake
-- Up-to-date: /home/teehee/ros2_ws/install/lab_interfaces/share/lab_interfaces/cmake/export_lab_interfaces__rosidl_generator_cExport-noconfig.cmake
-- Up-to-date: /home/teehee/ros2_ws/install/lab_interfaces/share/lab_interfaces/cmake/export_lab_interfaces__rosidl_typesupport_fastrtps_cExport.cmake
-- Up-to-date: /home/teehee/ros2_ws/install/lab_interfaces/share/lab_interfaces/cmake/export_lab_interfaces__rosidl_typesupport_fastrtps_cExport-noconfig.cmake
-- Up-to-date: /home/teehee/ros2_ws/install/lab_interfaces/share/lab_interfaces/cmake/lab_interfaces__rosidl_typesupport_introspection_cExport.cmake
-- Up-to-date: /home/teehee/ros2_ws/install/lab_interfaces/share/lab_interfaces/cmake/lab_interfaces__rosidl_typesupport_introspection_cExport-noconfig.cmake
-- Up-to-date: /home/teehee/ros2_ws/install/lab_interfaces/share/lab_interfaces/cmake/lab_interfaces__rosidl_typesupport_cExport.cmake
-- Up-to-date: /home/teehee/ros2_ws/install/lab_interfaces/share/lab_interfaces/cmake/lab_interfaces__rosidl_typesupport_cExport-noconfig.cmake
-- Up-to-date: /home/teehee/ros2_ws/install/lab_interfaces/share/lab_interfaces/cmake/export_lab_interfaces__rosidl_generator_cppExport.cmake
-- Up-to-date: /home/teehee/ros2_ws/install/lab_interfaces/share/lab_interfaces/cmake/export_lab_interfaces__rosidl_typesupport_fastrtps_cppExport.cmake
-- Up-to-date: /home/teehee/ros2_ws/install/lab_interfaces/share/lab_interfaces/cmake/export_lab_interfaces__rosidl_typesupport_fastrtps_cppExport-noconfig.cmake
-- Up-to-date: /home/teehee/ros2_ws/install/lab_interfaces/share/lab_interfaces/cmake/lab_interfaces__rosidl_typesupport_introspection_cppExport.cmake
-- Up-to-date: /home/teehee/ros2_ws/install/lab_interfaces/share/lab_interfaces/cmake/lab_interfaces__rosidl_typesupport_introspection_cppExport-noconfig.cmake
-- Up-to-date: /home/teehee/ros2_ws/install/lab_interfaces/share/lab_interfaces/cmake/lab_interfaces__rosidl_typesupport_cppExport.cmake
-- Up-to-date: /home/teehee/ros2_ws/install/lab_interfaces/share/lab_interfaces/cmake/lab_interfaces__rosidl_typesupport_cppExport-noconfig.cmake
-- Up-to-date: /home/teehee/ros2_ws/install/lab_interfaces/share/lab_interfaces/cmake/export_lab_interfaces__rosidl_generator_pyExport.cmake
-- Up-to-date: /home/teehee/ros2_ws/install/lab_interfaces/share/lab_interfaces/cmake/export_lab_interfaces__rosidl_generator_pyExport-noconfig.cmake
