[0.835s] Invoking command in '/home/.engr-ece/rgz834/lab_05/build/lab05_py': PYTHONPATH=/home/.engr-ece/rgz834/lab_05/build/lab05_py/prefix_override:/home/.engr-ece/rgz834/lab_05/install/lab05_py/lib/python3.10/site-packages:${PYTHONPATH} /usr/bin/python3 setup.py develop --editable --build-directory /home/.engr-ece/rgz834/lab_05/build/lab05_py/build --no-deps install_data
[1.117s] running develop
[1.117s] /usr/lib/python3/dist-packages/setuptools/command/easy_install.py:158: EasyInstallDeprecationWarning: easy_install command is deprecated. Use build and pip and other standards-based tools.
[1.117s]   warnings.warn(
[1.118s] /usr/lib/python3/dist-packages/setuptools/command/install.py:34: SetuptoolsDeprecationWarning: setup.py install is deprecated. Use build and pip and other standards-based tools.
[1.118s]   warnings.warn(
[1.362s] running egg_info
[1.363s] writing lab05_py.egg-info/PKG-INFO
[1.368s] writing dependency_links to lab05_py.egg-info/dependency_links.txt
[1.373s] writing entry points to lab05_py.egg-info/entry_points.txt
[1.376s] writing requirements to lab05_py.egg-info/requires.txt
[1.379s] writing top-level names to lab05_py.egg-info/top_level.txt
[1.389s] reading manifest file 'lab05_py.egg-info/SOURCES.txt'
[1.391s] writing manifest file 'lab05_py.egg-info/SOURCES.txt'
[1.396s] running build_ext
[1.396s] Creating /home/.engr-ece/rgz834/lab_05/install/lab05_py/lib/python3.10/site-packages/lab05-py.egg-link (link to .)
[1.404s] Installing depth_camera script to /home/.engr-ece/rgz834/lab_05/install/lab05_py/lib/lab05_py
[1.411s] 
[1.411s] Installed /home/.engr-ece/rgz834/lab_05/build/lab05_py
[1.412s] running install_data
[1.435s] Invoked command in '/home/.engr-ece/rgz834/lab_05/build/lab05_py' returned '0': PYTHONPATH=/home/.engr-ece/rgz834/lab_05/build/lab05_py/prefix_override:/home/.engr-ece/rgz834/lab_05/install/lab05_py/lib/python3.10/site-packages:${PYTHONPATH} /usr/bin/python3 setup.py develop --editable --build-directory /home/.engr-ece/rgz834/lab_05/build/lab05_py/build --no-deps install_data
