[0.041s] Invoking command in '/home/teehee/ros2_ws/build/urdf_example': CMAKE_PREFIX_PATH=${CMAKE_PREFIX_PATH}:/home/teehee/ros2_ws/install/tf2_pkg:/home/teehee/ros2_ws/install/labs_pkg:/home/teehee/ros2_ws/install/labex6:/home/teehee/ros2_ws/install/lab_exam2_pkg:/home/teehee/ros2_ws/install/example_pkg:/opt/ros/humble /usr/bin/cmake /home/teehee/ros2_ws/src/urdf_example -DAMENT_CMAKE_SYMLINK_INSTALL=1 -DCMAKE_INSTALL_PREFIX=/home/teehee/ros2_ws/install/urdf_example
[0.132s] -- The C compiler identification is GNU 11.4.0
[0.226s] -- The CXX compiler identification is GNU 11.4.0
[0.244s] -- Detecting C compiler ABI info
[0.305s] -- Detecting C compiler ABI info - done
[0.308s] -- Check for working C compiler: /usr/bin/cc - skipped
[0.308s] -- Detecting C compile features
[0.309s] -- Detecting C compile features - done
[0.312s] -- Detecting CXX compiler ABI info
[0.394s] -- Detecting CXX compiler ABI info - done
[0.397s] -- Check for working CXX compiler: /usr/bin/c++ - skipped
[0.398s] -- Detecting CXX compile features
[0.398s] -- Detecting CXX compile features - done
[0.413s] -- Found ament_cmake: 1.3.6 (/opt/ros/humble/share/ament_cmake/cmake)
[0.523s] -- Found Python3: /usr/bin/python3.10 (found version "3.10.12") found components: Interpreter 
[0.574s] -- Override CMake install command with custom implementation using symlinks instead of copying resources
[0.612s] -- Found ament_lint_auto: 0.12.9 (/opt/ros/humble/share/ament_lint_auto/cmake)
[0.675s] -- Added test 'flake8' to check Python code syntax and style conventions
[0.676s] -- Added test 'lint_cmake' to check CMake code style
[0.676s] -- Added test 'pep257' to check Python code against some of the docstring style conventions in PEP 257
[0.677s] -- Added test 'xmllint' to check XML markup files
[0.681s] -- Configuring done
[0.682s] -- Generating done
[0.682s] -- Build files have been written to: /home/teehee/ros2_ws/build/urdf_example
[0.686s] Invoked command in '/home/teehee/ros2_ws/build/urdf_example' returned '0': CMAKE_PREFIX_PATH=${CMAKE_PREFIX_PATH}:/home/teehee/ros2_ws/install/tf2_pkg:/home/teehee/ros2_ws/install/labs_pkg:/home/teehee/ros2_ws/install/labex6:/home/teehee/ros2_ws/install/lab_exam2_pkg:/home/teehee/ros2_ws/install/example_pkg:/opt/ros/humble /usr/bin/cmake /home/teehee/ros2_ws/src/urdf_example -DAMENT_CMAKE_SYMLINK_INSTALL=1 -DCMAKE_INSTALL_PREFIX=/home/teehee/ros2_ws/install/urdf_example
[0.687s] Invoking command in '/home/teehee/ros2_ws/build/urdf_example': CMAKE_PREFIX_PATH=${CMAKE_PREFIX_PATH}:/home/teehee/ros2_ws/install/tf2_pkg:/home/teehee/ros2_ws/install/labs_pkg:/home/teehee/ros2_ws/install/labex6:/home/teehee/ros2_ws/install/lab_exam2_pkg:/home/teehee/ros2_ws/install/example_pkg:/opt/ros/humble /usr/bin/cmake --build /home/teehee/ros2_ws/build/urdf_example -- -j4 -l4
[0.714s] Invoked command in '/home/teehee/ros2_ws/build/urdf_example' returned '0': CMAKE_PREFIX_PATH=${CMAKE_PREFIX_PATH}:/home/teehee/ros2_ws/install/tf2_pkg:/home/teehee/ros2_ws/install/labs_pkg:/home/teehee/ros2_ws/install/labex6:/home/teehee/ros2_ws/install/lab_exam2_pkg:/home/teehee/ros2_ws/install/example_pkg:/opt/ros/humble /usr/bin/cmake --build /home/teehee/ros2_ws/build/urdf_example -- -j4 -l4
[0.750s] Invoking command in '/home/teehee/ros2_ws/build/urdf_example': CMAKE_PREFIX_PATH=${CMAKE_PREFIX_PATH}:/home/teehee/ros2_ws/install/tf2_pkg:/home/teehee/ros2_ws/install/labs_pkg:/home/teehee/ros2_ws/install/labex6:/home/teehee/ros2_ws/install/lab_exam2_pkg:/home/teehee/ros2_ws/install/example_pkg:/opt/ros/humble /usr/bin/cmake --install /home/teehee/ros2_ws/build/urdf_example
[0.755s] -- Install configuration: ""
[0.756s] -- Execute custom install script
[0.757s] -- Symlinking: /home/teehee/ros2_ws/install/urdf_example/share/ament_index/resource_index/package_run_dependencies/urdf_example
[0.763s] -- Symlinking: /home/teehee/ros2_ws/install/urdf_example/share/ament_index/resource_index/parent_prefix_path/urdf_example
[0.769s] -- Symlinking: /home/teehee/ros2_ws/install/urdf_example/share/urdf_example/environment/ament_prefix_path.sh
[0.775s] -- Symlinking: /home/teehee/ros2_ws/install/urdf_example/share/urdf_example/environment/ament_prefix_path.dsv
[0.781s] -- Symlinking: /home/teehee/ros2_ws/install/urdf_example/share/urdf_example/environment/path.sh
[0.788s] -- Symlinking: /home/teehee/ros2_ws/install/urdf_example/share/urdf_example/environment/path.dsv
[0.794s] -- Symlinking: /home/teehee/ros2_ws/install/urdf_example/share/urdf_example/local_setup.bash
[0.800s] -- Symlinking: /home/teehee/ros2_ws/install/urdf_example/share/urdf_example/local_setup.sh
[0.806s] -- Symlinking: /home/teehee/ros2_ws/install/urdf_example/share/urdf_example/local_setup.zsh
[0.812s] -- Symlinking: /home/teehee/ros2_ws/install/urdf_example/share/urdf_example/local_setup.dsv
[0.818s] -- Symlinking: /home/teehee/ros2_ws/install/urdf_example/share/urdf_example/package.dsv
[0.825s] -- Symlinking: /home/teehee/ros2_ws/install/urdf_example/share/ament_index/resource_index/packages/urdf_example
[0.832s] -- Symlinking: /home/teehee/ros2_ws/install/urdf_example/share/urdf_example/cmake/urdf_exampleConfig.cmake
[0.837s] -- Symlinking: /home/teehee/ros2_ws/install/urdf_example/share/urdf_example/cmake/urdf_exampleConfig-version.cmake
[0.843s] -- Symlinking: /home/teehee/ros2_ws/install/urdf_example/share/urdf_example/package.xml
[0.871s] -- Symlinking: /home/teehee/ros2_ws/install/urdf_example/share/urdf_example/description/example_include.xacro
[0.886s] -- Symlinking: /home/teehee/ros2_ws/install/urdf_example/share/urdf_example/description/example_robot.urdf.xacro
[0.892s] -- Symlinking: /home/teehee/ros2_ws/install/urdf_example/share/urdf_example/launch/rsp.launch.py
[0.909s] Invoked command in '/home/teehee/ros2_ws/build/urdf_example' returned '0': CMAKE_PREFIX_PATH=${CMAKE_PREFIX_PATH}:/home/teehee/ros2_ws/install/tf2_pkg:/home/teehee/ros2_ws/install/labs_pkg:/home/teehee/ros2_ws/install/labex6:/home/teehee/ros2_ws/install/lab_exam2_pkg:/home/teehee/ros2_ws/install/example_pkg:/opt/ros/humble /usr/bin/cmake --install /home/teehee/ros2_ws/build/urdf_example
