[0.963s] Invoking command in '/home/.engr-ece/rgz834/lab_05/src/build/lab05_py': PYTHONPATH=/home/.engr-ece/rgz834/lab_05/src/build/lab05_py/prefix_override:/home/.engr-ece/rgz834/lab_05/src/install/lab05_py/lib/python3.10/site-packages:${PYTHONPATH} /usr/bin/python3 setup.py develop --editable --build-directory /home/.engr-ece/rgz834/lab_05/src/build/lab05_py/build --no-deps install_data
[1.245s] running develop
[1.252s] /usr/lib/python3/dist-packages/setuptools/command/easy_install.py:158: EasyInstallDeprecationWarning: easy_install command is deprecated. Use build and pip and other standards-based tools.
[1.254s]   warnings.warn(
[1.255s] /usr/lib/python3/dist-packages/setuptools/command/install.py:34: SetuptoolsDeprecationWarning: setup.py install is deprecated. Use build and pip and other standards-based tools.
[1.255s]   warnings.warn(
[1.484s] running egg_info
[1.486s] creating lab05_py.egg-info
[1.488s] writing lab05_py.egg-info/PKG-INFO
[1.495s] writing dependency_links to lab05_py.egg-info/dependency_links.txt
[1.499s] writing entry points to lab05_py.egg-info/entry_points.txt
[1.503s] writing requirements to lab05_py.egg-info/requires.txt
[1.506s] writing top-level names to lab05_py.egg-info/top_level.txt
[1.521s] writing manifest file 'lab05_py.egg-info/SOURCES.txt'
[1.530s] reading manifest file 'lab05_py.egg-info/SOURCES.txt'
[1.534s] writing manifest file 'lab05_py.egg-info/SOURCES.txt'
[1.536s] running build_ext
[1.538s] Creating /home/.engr-ece/rgz834/lab_05/src/install/lab05_py/lib/python3.10/site-packages/lab05-py.egg-link (link to .)
[1.545s] Installing depth_camera script to /home/.engr-ece/rgz834/lab_05/src/install/lab05_py/lib/lab05_py
[1.553s] 
[1.554s] Installed /home/.engr-ece/rgz834/lab_05/src/build/lab05_py
[1.555s] running install_data
[1.556s] creating /home/.engr-ece/rgz834/lab_05/src/install/lab05_py/share/ament_index
[1.557s] creating /home/.engr-ece/rgz834/lab_05/src/install/lab05_py/share/ament_index/resource_index
[1.558s] creating /home/.engr-ece/rgz834/lab_05/src/install/lab05_py/share/ament_index/resource_index/packages
[1.561s] copying resource/lab05_py -> /home/.engr-ece/rgz834/lab_05/src/install/lab05_py/share/ament_index/resource_index/packages
[1.568s] copying package.xml -> /home/.engr-ece/rgz834/lab_05/src/install/lab05_py/share/lab05_py
[1.603s] Invoked command in '/home/.engr-ece/rgz834/lab_05/src/build/lab05_py' returned '0': PYTHONPATH=/home/.engr-ece/rgz834/lab_05/src/build/lab05_py/prefix_override:/home/.engr-ece/rgz834/lab_05/src/install/lab05_py/lib/python3.10/site-packages:${PYTHONPATH} /usr/bin/python3 setup.py develop --editable --build-directory /home/.engr-ece/rgz834/lab_05/src/build/lab05_py/build --no-deps install_data
