[0.335s] DEBUG:colcon:Command line arguments: ['/usr/bin/colcon', 'build', '--packages-select', 'lab05_py', '--symlink-install']
[0.335s] DEBUG:colcon:Parsed command line arguments: Namespace(log_base=None, log_level=None, verb_name='build', build_base='build', install_base='install', merge_install=False, symlink_install=True, test_result_base=None, continue_on_error=False, executor='parallel', parallel_workers=16, event_handlers=None, ignore_user_meta=False, metas=['./colcon.meta'], base_paths=['.'], packages_ignore=None, packages_ignore_regex=None, paths=None, packages_up_to=None, packages_up_to_regex=None, packages_above=None, packages_above_and_dependencies=None, packages_above_depth=None, packages_select_by_dep=None, packages_skip_by_dep=None, packages_skip_up_to=None, packages_select_build_failed=False, packages_skip_build_finished=False, packages_select_test_failures=False, packages_skip_test_passed=False, packages_select=['lab05_py'], packages_skip=None, packages_select_regex=None, packages_skip_regex=None, packages_start=None, packages_end=None, allow_overriding=[], cmake_args=None, cmake_target=None, cmake_target_skip_unavailable=False, cmake_clean_cache=False, cmake_clean_first=False, cmake_force_configure=False, ament_cmake_args=None, catkin_cmake_args=None, catkin_skip_building_tests=False, verb_parser=<colcon_defaults.argument_parser.defaults.DefaultArgumentsDecorator object at 0x7f817ce9f880>, verb_extension=<colcon_core.verb.build.BuildVerb object at 0x7f817d8f1000>, main=<bound method BuildVerb.main of <colcon_core.verb.build.BuildVerb object at 0x7f817d8f1000>>)
[0.358s] Level 1:colcon.colcon_core.package_discovery:discover_packages(colcon_meta) check parameters
[0.359s] Level 1:colcon.colcon_core.package_discovery:discover_packages(recursive) check parameters
[0.359s] Level 1:colcon.colcon_core.package_discovery:discover_packages(ignore) check parameters
[0.359s] Level 1:colcon.colcon_core.package_discovery:discover_packages(path) check parameters
[0.359s] Level 1:colcon.colcon_core.package_discovery:discover_packages(colcon_meta) discover
[0.359s] Level 1:colcon.colcon_core.package_discovery:discover_packages(recursive) discover
[0.359s] INFO:colcon.colcon_core.package_discovery:Crawling recursively for packages in '/home/.engr-ece/rgz834/lab_05'
[0.359s] Level 1:colcon.colcon_core.package_identification:_identify(.) by extensions ['ignore', 'ignore_ament_install']
[0.359s] Level 1:colcon.colcon_core.package_identification:_identify(.) by extension 'ignore'
[0.359s] Level 1:colcon.colcon_core.package_identification:_identify(.) by extension 'ignore_ament_install'
[0.360s] Level 1:colcon.colcon_core.package_identification:_identify(.) by extensions ['colcon_pkg']
[0.360s] Level 1:colcon.colcon_core.package_identification:_identify(.) by extension 'colcon_pkg'
[0.360s] Level 1:colcon.colcon_core.package_identification:_identify(.) by extensions ['colcon_meta']
[0.360s] Level 1:colcon.colcon_core.package_identification:_identify(.) by extension 'colcon_meta'
[0.360s] Level 1:colcon.colcon_core.package_identification:_identify(.) by extensions ['ros']
[0.360s] Level 1:colcon.colcon_core.package_identification:_identify(.) by extension 'ros'
[0.369s] Level 1:colcon.colcon_core.package_identification:_identify(.) by extensions ['cmake', 'python']
[0.369s] Level 1:colcon.colcon_core.package_identification:_identify(.) by extension 'cmake'
[0.369s] Level 1:colcon.colcon_core.package_identification:_identify(.) by extension 'python'
[0.369s] Level 1:colcon.colcon_core.package_identification:_identify(.) by extensions ['python_setup_py']
[0.369s] Level 1:colcon.colcon_core.package_identification:_identify(.) by extension 'python_setup_py'
[0.370s] Level 1:colcon.colcon_core.package_identification:_identify(build) by extensions ['ignore', 'ignore_ament_install']
[0.370s] Level 1:colcon.colcon_core.package_identification:_identify(build) by extension 'ignore'
[0.370s] Level 1:colcon.colcon_core.package_identification:_identify(build) ignored
[0.370s] Level 1:colcon.colcon_core.package_identification:_identify(install) by extensions ['ignore', 'ignore_ament_install']
[0.370s] Level 1:colcon.colcon_core.package_identification:_identify(install) by extension 'ignore'
[0.370s] Level 1:colcon.colcon_core.package_identification:_identify(install) ignored
[0.372s] Level 1:colcon.colcon_core.package_identification:_identify(log) by extensions ['ignore', 'ignore_ament_install']
[0.372s] Level 1:colcon.colcon_core.package_identification:_identify(log) by extension 'ignore'
[0.372s] Level 1:colcon.colcon_core.package_identification:_identify(log) ignored
[0.373s] Level 1:colcon.colcon_core.package_identification:_identify(src) by extensions ['ignore', 'ignore_ament_install']
[0.373s] Level 1:colcon.colcon_core.package_identification:_identify(src) by extension 'ignore'
[0.373s] Level 1:colcon.colcon_core.package_identification:_identify(src) by extension 'ignore_ament_install'
[0.373s] Level 1:colcon.colcon_core.package_identification:_identify(src) by extensions ['colcon_pkg']
[0.373s] Level 1:colcon.colcon_core.package_identification:_identify(src) by extension 'colcon_pkg'
[0.373s] Level 1:colcon.colcon_core.package_identification:_identify(src) by extensions ['colcon_meta']
[0.373s] Level 1:colcon.colcon_core.package_identification:_identify(src) by extension 'colcon_meta'
[0.373s] Level 1:colcon.colcon_core.package_identification:_identify(src) by extensions ['ros']
[0.373s] Level 1:colcon.colcon_core.package_identification:_identify(src) by extension 'ros'
[0.373s] Level 1:colcon.colcon_core.package_identification:_identify(src) by extensions ['cmake', 'python']
[0.373s] Level 1:colcon.colcon_core.package_identification:_identify(src) by extension 'cmake'
[0.373s] Level 1:colcon.colcon_core.package_identification:_identify(src) by extension 'python'
[0.373s] Level 1:colcon.colcon_core.package_identification:_identify(src) by extensions ['python_setup_py']
[0.373s] Level 1:colcon.colcon_core.package_identification:_identify(src) by extension 'python_setup_py'
[0.374s] Level 1:colcon.colcon_core.package_identification:_identify(src/build) by extensions ['ignore', 'ignore_ament_install']
[0.374s] Level 1:colcon.colcon_core.package_identification:_identify(src/build) by extension 'ignore'
[0.375s] Level 1:colcon.colcon_core.package_identification:_identify(src/build) ignored
[0.375s] Level 1:colcon.colcon_core.package_identification:_identify(src/install) by extensions ['ignore', 'ignore_ament_install']
[0.375s] Level 1:colcon.colcon_core.package_identification:_identify(src/install) by extension 'ignore'
[0.376s] Level 1:colcon.colcon_core.package_identification:_identify(src/install) ignored
[0.376s] Level 1:colcon.colcon_core.package_identification:_identify(src/lab05_py) by extensions ['ignore', 'ignore_ament_install']
[0.376s] Level 1:colcon.colcon_core.package_identification:_identify(src/lab05_py) by extension 'ignore'
[0.376s] Level 1:colcon.colcon_core.package_identification:_identify(src/lab05_py) by extension 'ignore_ament_install'
[0.376s] Level 1:colcon.colcon_core.package_identification:_identify(src/lab05_py) by extensions ['colcon_pkg']
[0.376s] Level 1:colcon.colcon_core.package_identification:_identify(src/lab05_py) by extension 'colcon_pkg'
[0.377s] Level 1:colcon.colcon_core.package_identification:_identify(src/lab05_py) by extensions ['colcon_meta']
[0.377s] Level 1:colcon.colcon_core.package_identification:_identify(src/lab05_py) by extension 'colcon_meta'
[0.377s] Level 1:colcon.colcon_core.package_identification:_identify(src/lab05_py) by extensions ['ros']
[0.377s] Level 1:colcon.colcon_core.package_identification:_identify(src/lab05_py) by extension 'ros'
[0.380s] DEBUG:colcon.colcon_core.package_identification:Package 'src/lab05_py' with type 'ros.ament_python' and name 'lab05_py'
[0.380s] Level 1:colcon.colcon_core.package_identification:_identify(src/lab_05) by extensions ['ignore', 'ignore_ament_install']
[0.381s] Level 1:colcon.colcon_core.package_identification:_identify(src/lab_05) by extension 'ignore'
[0.381s] Level 1:colcon.colcon_core.package_identification:_identify(src/lab_05) by extension 'ignore_ament_install'
[0.381s] Level 1:colcon.colcon_core.package_identification:_identify(src/lab_05) by extensions ['colcon_pkg']
[0.381s] Level 1:colcon.colcon_core.package_identification:_identify(src/lab_05) by extension 'colcon_pkg'
[0.381s] Level 1:colcon.colcon_core.package_identification:_identify(src/lab_05) by extensions ['colcon_meta']
[0.381s] Level 1:colcon.colcon_core.package_identification:_identify(src/lab_05) by extension 'colcon_meta'
[0.381s] Level 1:colcon.colcon_core.package_identification:_identify(src/lab_05) by extensions ['ros']
[0.381s] Level 1:colcon.colcon_core.package_identification:_identify(src/lab_05) by extension 'ros'
[0.382s] DEBUG:colcon.colcon_core.package_identification:Package 'src/lab_05' with type 'ros.ament_cmake' and name 'lab_05'
[0.384s] Level 1:colcon.colcon_core.package_identification:_identify(src/log) by extensions ['ignore', 'ignore_ament_install']
[0.384s] Level 1:colcon.colcon_core.package_identification:_identify(src/log) by extension 'ignore'
[0.385s] Level 1:colcon.colcon_core.package_identification:_identify(src/log) ignored
[0.385s] Level 1:colcon.colcon_core.package_discovery:discover_packages(recursive) using defaults
[0.385s] Level 1:colcon.colcon_core.package_discovery:discover_packages(ignore) discover
[0.385s] Level 1:colcon.colcon_core.package_discovery:discover_packages(ignore) using defaults
[0.385s] Level 1:colcon.colcon_core.package_discovery:discover_packages(path) discover
[0.385s] Level 1:colcon.colcon_core.package_discovery:discover_packages(path) using defaults
[0.406s] INFO:colcon.colcon_core.package_selection:Skipping not selected package 'lab_05' in 'src/lab_05'
[0.406s] Level 1:colcon.colcon_core.package_discovery:discover_packages(prefix_path) check parameters
[0.406s] Level 1:colcon.colcon_core.package_discovery:discover_packages(prefix_path) discover
[0.463s] DEBUG:colcon.colcon_installed_package_information.package_discovery:Found 17 installed packages in /home/rgz834/engr-ece/ros2_ws/install
[0.465s] DEBUG:colcon.colcon_installed_package_information.package_discovery:Found 384 installed packages in /opt/ros/humble
[0.467s] Level 1:colcon.colcon_core.package_discovery:discover_packages(prefix_path) using defaults
[0.582s] Level 5:colcon.colcon_core.verb:set package 'lab05_py' build argument 'cmake_args' from command line to 'None'
[0.582s] Level 5:colcon.colcon_core.verb:set package 'lab05_py' build argument 'cmake_target' from command line to 'None'
[0.582s] Level 5:colcon.colcon_core.verb:set package 'lab05_py' build argument 'cmake_target_skip_unavailable' from command line to 'False'
[0.582s] Level 5:colcon.colcon_core.verb:set package 'lab05_py' build argument 'cmake_clean_cache' from command line to 'False'
[0.582s] Level 5:colcon.colcon_core.verb:set package 'lab05_py' build argument 'cmake_clean_first' from command line to 'False'
[0.582s] Level 5:colcon.colcon_core.verb:set package 'lab05_py' build argument 'cmake_force_configure' from command line to 'False'
[0.582s] Level 5:colcon.colcon_core.verb:set package 'lab05_py' build argument 'ament_cmake_args' from command line to 'None'
[0.582s] Level 5:colcon.colcon_core.verb:set package 'lab05_py' build argument 'catkin_cmake_args' from command line to 'None'
[0.582s] Level 5:colcon.colcon_core.verb:set package 'lab05_py' build argument 'catkin_skip_building_tests' from command line to 'False'
[0.582s] DEBUG:colcon.colcon_core.verb:Building package 'lab05_py' with the following arguments: {'ament_cmake_args': None, 'build_base': '/home/.engr-ece/rgz834/lab_05/build/lab05_py', 'catkin_cmake_args': None, 'catkin_skip_building_tests': False, 'cmake_args': None, 'cmake_clean_cache': False, 'cmake_clean_first': False, 'cmake_force_configure': False, 'cmake_target': None, 'cmake_target_skip_unavailable': False, 'install_base': '/home/.engr-ece/rgz834/lab_05/install/lab05_py', 'merge_install': False, 'path': '/home/.engr-ece/rgz834/lab_05/src/lab05_py', 'symlink_install': True, 'test_result_base': None}
[0.583s] INFO:colcon.colcon_core.executor:Executing jobs using 'parallel' executor
[0.585s] DEBUG:colcon.colcon_parallel_executor.executor.parallel:run_until_complete
[0.585s] INFO:colcon.colcon_ros.task.ament_python.build:Building ROS package in '/home/.engr-ece/rgz834/lab_05/src/lab05_py' with build type 'ament_python'
[0.585s] Level 1:colcon.colcon_core.shell:create_environment_hook('lab05_py', 'ament_prefix_path')
[0.589s] INFO:colcon.colcon_core.plugin_system:Skipping extension 'colcon_core.shell.bat': Not used on non-Windows systems
[0.589s] INFO:colcon.colcon_core.shell:Creating environment hook '/home/.engr-ece/rgz834/lab_05/install/lab05_py/share/lab05_py/hook/ament_prefix_path.ps1'
[0.599s] INFO:colcon.colcon_core.shell:Creating environment descriptor '/home/.engr-ece/rgz834/lab_05/install/lab05_py/share/lab05_py/hook/ament_prefix_path.dsv'
[0.603s] INFO:colcon.colcon_core.shell:Creating environment hook '/home/.engr-ece/rgz834/lab_05/install/lab05_py/share/lab05_py/hook/ament_prefix_path.sh'
[0.608s] INFO:colcon.colcon_core.shell:Skip shell extension 'powershell' for command environment: Not usable outside of PowerShell
[0.608s] DEBUG:colcon.colcon_core.shell:Skip shell extension 'dsv' for command environment
[0.919s] INFO:colcon.colcon_core.task.python.build:Building Python package in '/home/.engr-ece/rgz834/lab_05/src/lab05_py'
[0.921s] INFO:colcon.colcon_core.shell:Skip shell extension 'powershell' for command environment: Not usable outside of PowerShell
[0.921s] DEBUG:colcon.colcon_core.shell:Skip shell extension 'dsv' for command environment
[1.422s] DEBUG:colcon.colcon_core.event_handler.log_command:Invoking command in '/home/.engr-ece/rgz834/lab_05/build/lab05_py': PYTHONPATH=/home/.engr-ece/rgz834/lab_05/build/lab05_py/prefix_override:/home/.engr-ece/rgz834/lab_05/install/lab05_py/lib/python3.10/site-packages:${PYTHONPATH} /usr/bin/python3 setup.py develop --editable --build-directory /home/.engr-ece/rgz834/lab_05/build/lab05_py/build --no-deps install_data
[2.021s] Level 1:colcon.colcon_core.shell:create_environment_hook('lab05_py', 'pythonpath_develop')
[2.022s] INFO:colcon.colcon_core.shell:Creating environment hook '/home/.engr-ece/rgz834/lab_05/build/lab05_py/share/lab05_py/hook/pythonpath_develop.ps1'
[2.023s] DEBUG:colcon.colcon_core.event_handler.log_command:Invoked command in '/home/.engr-ece/rgz834/lab_05/build/lab05_py' returned '0': PYTHONPATH=/home/.engr-ece/rgz834/lab_05/build/lab05_py/prefix_override:/home/.engr-ece/rgz834/lab_05/install/lab05_py/lib/python3.10/site-packages:${PYTHONPATH} /usr/bin/python3 setup.py develop --editable --build-directory /home/.engr-ece/rgz834/lab_05/build/lab05_py/build --no-deps install_data
[2.031s] INFO:colcon.colcon_core.shell:Creating environment descriptor '/home/.engr-ece/rgz834/lab_05/build/lab05_py/share/lab05_py/hook/pythonpath_develop.dsv'
[2.035s] INFO:colcon.colcon_core.shell:Creating environment hook '/home/.engr-ece/rgz834/lab_05/build/lab05_py/share/lab05_py/hook/pythonpath_develop.sh'
[2.042s] Level 1:colcon.colcon_core.environment:checking '/home/.engr-ece/rgz834/lab_05/install/lab05_py' for CMake module files
[2.046s] Level 1:colcon.colcon_core.environment:checking '/home/.engr-ece/rgz834/lab_05/install/lab05_py' for CMake config files
[2.055s] Level 1:colcon.colcon_core.environment:checking '/home/.engr-ece/rgz834/lab_05/install/lab05_py/lib'
[2.056s] Level 1:colcon.colcon_core.environment:checking '/home/.engr-ece/rgz834/lab_05/install/lab05_py/bin'
[2.057s] Level 1:colcon.colcon_core.environment:checking '/home/.engr-ece/rgz834/lab_05/install/lab05_py/lib/pkgconfig/lab05_py.pc'
[2.057s] Level 1:colcon.colcon_core.environment:checking '/home/.engr-ece/rgz834/lab_05/install/lab05_py/lib/python3.10/site-packages'
[2.058s] Level 1:colcon.colcon_core.shell:create_environment_hook('lab05_py', 'pythonpath')
[2.059s] INFO:colcon.colcon_core.shell:Creating environment hook '/home/.engr-ece/rgz834/lab_05/install/lab05_py/share/lab05_py/hook/pythonpath.ps1'
[2.062s] INFO:colcon.colcon_core.shell:Creating environment descriptor '/home/.engr-ece/rgz834/lab_05/install/lab05_py/share/lab05_py/hook/pythonpath.dsv'
[2.065s] INFO:colcon.colcon_core.shell:Creating environment hook '/home/.engr-ece/rgz834/lab_05/install/lab05_py/share/lab05_py/hook/pythonpath.sh'
[2.069s] Level 1:colcon.colcon_core.environment:checking '/home/.engr-ece/rgz834/lab_05/install/lab05_py/bin'
[2.069s] Level 1:colcon.colcon_core.environment:create_environment_scripts_only(lab05_py)
[2.071s] INFO:colcon.colcon_core.shell:Creating package script '/home/.engr-ece/rgz834/lab_05/install/lab05_py/share/lab05_py/package.ps1'
[2.075s] INFO:colcon.colcon_core.shell:Creating package descriptor '/home/.engr-ece/rgz834/lab_05/install/lab05_py/share/lab05_py/package.dsv'
[2.079s] INFO:colcon.colcon_core.shell:Creating package script '/home/.engr-ece/rgz834/lab_05/install/lab05_py/share/lab05_py/package.sh'
[2.083s] INFO:colcon.colcon_core.shell:Creating package script '/home/.engr-ece/rgz834/lab_05/install/lab05_py/share/lab05_py/package.bash'
[2.087s] INFO:colcon.colcon_core.shell:Creating package script '/home/.engr-ece/rgz834/lab_05/install/lab05_py/share/lab05_py/package.zsh'
[2.091s] Level 1:colcon.colcon_core.environment:create_file_with_runtime_dependencies(/home/.engr-ece/rgz834/lab_05/install/lab05_py/share/colcon-core/packages/lab05_py)
[2.097s] DEBUG:colcon.colcon_parallel_executor.executor.parallel:closing loop
[2.097s] DEBUG:colcon.colcon_parallel_executor.executor.parallel:loop closed
[2.097s] DEBUG:colcon.colcon_parallel_executor.executor.parallel:run_until_complete finished with '0'
[2.097s] DEBUG:colcon.colcon_core.event_reactor:joining thread
[2.112s] INFO:colcon.colcon_core.plugin_system:Skipping extension 'colcon_notification.desktop_notification.terminal_notifier': Not used on non-Darwin systems
[2.112s] INFO:colcon.colcon_core.plugin_system:Skipping extension 'colcon_notification.desktop_notification.win32': Not used on non-Windows systems
[2.112s] INFO:colcon.colcon_notification.desktop_notification:Sending desktop notification using 'notify2'
[2.118s] DEBUG:colcon.colcon_core.event_reactor:joined thread
[2.120s] INFO:colcon.colcon_core.shell:Creating prefix script '/home/.engr-ece/rgz834/lab_05/install/local_setup.ps1'
[2.123s] INFO:colcon.colcon_core.shell:Creating prefix util module '/home/.engr-ece/rgz834/lab_05/install/_local_setup_util_ps1.py'
[2.129s] INFO:colcon.colcon_core.shell:Creating prefix chain script '/home/.engr-ece/rgz834/lab_05/install/setup.ps1'
[2.152s] INFO:colcon.colcon_core.shell:Creating prefix script '/home/.engr-ece/rgz834/lab_05/install/local_setup.sh'
[2.157s] INFO:colcon.colcon_core.shell:Creating prefix util module '/home/.engr-ece/rgz834/lab_05/install/_local_setup_util_sh.py'
[2.163s] INFO:colcon.colcon_core.shell:Creating prefix chain script '/home/.engr-ece/rgz834/lab_05/install/setup.sh'
[2.187s] INFO:colcon.colcon_core.shell:Creating prefix script '/home/.engr-ece/rgz834/lab_05/install/local_setup.bash'
[2.191s] INFO:colcon.colcon_core.shell:Creating prefix chain script '/home/.engr-ece/rgz834/lab_05/install/setup.bash'
[2.214s] INFO:colcon.colcon_core.shell:Creating prefix script '/home/.engr-ece/rgz834/lab_05/install/local_setup.zsh'
[2.217s] INFO:colcon.colcon_core.shell:Creating prefix chain script '/home/.engr-ece/rgz834/lab_05/install/setup.zsh'
