[1.004s] Invoking command in '/home/teehee/ros2_ws/build/lab_exam2_pkg': PYTHONPATH=/home/teehee/ros2_ws/build/lab_exam2_pkg/prefix_override:/home/teehee/ros2_ws/install/lab_exam2_pkg/lib/python3.10/site-packages:${PYTHONPATH} /usr/bin/python3 setup.py develop --editable --build-directory /home/teehee/ros2_ws/build/lab_exam2_pkg/build --no-deps install_data
[1.293s] running develop
[1.295s] /usr/lib/python3/dist-packages/setuptools/command/easy_install.py:158: EasyInstallDeprecationWarning: easy_install command is deprecated. Use build and pip and other standards-based tools.
[1.296s]   warnings.warn(
[1.297s] /usr/lib/python3/dist-packages/setuptools/command/install.py:34: SetuptoolsDeprecationWarning: setup.py install is deprecated. Use build and pip and other standards-based tools.
[1.298s]   warnings.warn(
[1.449s] running egg_info
[1.450s] writing lab_exam2_pkg.egg-info/PKG-INFO
[1.451s] writing dependency_links to lab_exam2_pkg.egg-info/dependency_links.txt
[1.451s] writing entry points to lab_exam2_pkg.egg-info/entry_points.txt
[1.451s] writing requirements to lab_exam2_pkg.egg-info/requires.txt
[1.452s] writing top-level names to lab_exam2_pkg.egg-info/top_level.txt
[1.453s] reading manifest file 'lab_exam2_pkg.egg-info/SOURCES.txt'
[1.455s] writing manifest file 'lab_exam2_pkg.egg-info/SOURCES.txt'
[1.462s] running build_ext
[1.469s] Creating /home/teehee/ros2_ws/install/lab_exam2_pkg/lib/python3.10/site-packages/lab-exam2-pkg.egg-link (link to .)
[1.469s] Installing movefile script to /home/teehee/ros2_ws/install/lab_exam2_pkg/lib/lab_exam2_pkg
[1.469s] Installing turtlesim_scan script to /home/teehee/ros2_ws/install/lab_exam2_pkg/lib/lab_exam2_pkg
[1.469s] 
[1.469s] Installed /home/teehee/ros2_ws/build/lab_exam2_pkg
[1.469s] running install_data
[1.511s] Invoked command in '/home/teehee/ros2_ws/build/lab_exam2_pkg' returned '0': PYTHONPATH=/home/teehee/ros2_ws/build/lab_exam2_pkg/prefix_override:/home/teehee/ros2_ws/install/lab_exam2_pkg/lib/python3.10/site-packages:${PYTHONPATH} /usr/bin/python3 setup.py develop --editable --build-directory /home/teehee/ros2_ws/build/lab_exam2_pkg/build --no-deps install_data
