[0.083s] Invoking command in '/home/teehee/ros2_ws/src/lab_interfaces/build/lab_interfaces': CMAKE_PREFIX_PATH=${CMAKE_PREFIX_PATH}:/home/teehee/ros2_ws/install/tf2_pkg:/home/teehee/ros2_ws/install/labs_pkg:/home/teehee/ros2_ws/install/lab_exam2_pkg:/home/teehee/ros2_ws/install/example_pkg:/opt/ros/humble /usr/bin/cmake --build /home/teehee/ros2_ws/src/lab_interfaces/build/lab_interfaces -- -j4 -l4
[0.164s] [ 10%] Built target lab_interfaces__rosidl_generator_c
[0.173s] [ 12%] Built target lab_interfaces__cpp
[0.188s] [ 12%] Built target ament_cmake_python_copy_lab_interfaces
[0.196s] [ 23%] Built target lab_interfaces__rosidl_typesupport_introspection_c
[0.200s] [ 34%] Built target lab_interfaces__rosidl_typesupport_fastrtps_c
[0.206s] [ 44%] Built target lab_interfaces__rosidl_typesupport_c
[0.222s] [ 55%] Built target lab_interfaces__rosidl_typesupport_fastrtps_cpp
[0.237s] [ 65%] Built target lab_interfaces__rosidl_typesupport_introspection_cpp
[0.248s] [ 76%] Built target lab_interfaces__rosidl_typesupport_cpp
[0.279s] [ 76%] Built target lab_interfaces
[0.308s] [ 78%] Built target lab_interfaces__py
[0.369s] [ 87%] Built target lab_interfaces__rosidl_generator_py
[0.407s] [ 93%] Built target lab_interfaces__rosidl_typesupport_c__pyext
[0.407s] [ 95%] Built target lab_interfaces__rosidl_typesupport_introspection_c__pyext
[0.441s] [100%] Built target lab_interfaces__rosidl_typesupport_fastrtps_c__pyext
[0.459s] running egg_info
[0.461s] writing lab_interfaces.egg-info/PKG-INFO
[0.462s] writing dependency_links to lab_interfaces.egg-info/dependency_links.txt
[0.462s] writing top-level names to lab_interfaces.egg-info/top_level.txt
[0.464s] reading manifest file 'lab_interfaces.egg-info/SOURCES.txt'
[0.465s] writing manifest file 'lab_interfaces.egg-info/SOURCES.txt'
[0.500s] [100%] Built target ament_cmake_python_build_lab_interfaces_egg
[0.521s] Invoked command in '/home/teehee/ros2_ws/src/lab_interfaces/build/lab_interfaces' returned '0': CMAKE_PREFIX_PATH=${CMAKE_PREFIX_PATH}:/home/teehee/ros2_ws/install/tf2_pkg:/home/teehee/ros2_ws/install/labs_pkg:/home/teehee/ros2_ws/install/lab_exam2_pkg:/home/teehee/ros2_ws/install/example_pkg:/opt/ros/humble /usr/bin/cmake --build /home/teehee/ros2_ws/src/lab_interfaces/build/lab_interfaces -- -j4 -l4
[0.761s] Invoking command in '/home/teehee/ros2_ws/src/lab_interfaces/build/lab_interfaces': CMAKE_PREFIX_PATH=${CMAKE_PREFIX_PATH}:/home/teehee/ros2_ws/install/tf2_pkg:/home/teehee/ros2_ws/install/labs_pkg:/home/teehee/ros2_ws/install/lab_exam2_pkg:/home/teehee/ros2_ws/install/example_pkg:/opt/ros/humble /usr/bin/cmake --install /home/teehee/ros2_ws/src/lab_interfaces/build/lab_interfaces
[0.771s] -- Install configuration: ""
[0.772s] -- Up-to-date: /home/teehee/ros2_ws/src/lab_interfaces/install/lab_interfaces/share/ament_index/resource_index/rosidl_interfaces/lab_interfaces
[0.772s] -- Up-to-date: /home/teehee/ros2_ws/src/lab_interfaces/install/lab_interfaces/include/lab_interfaces/lab_interfaces
[0.772s] -- Up-to-date: /home/teehee/ros2_ws/src/lab_interfaces/install/lab_interfaces/include/lab_interfaces/lab_interfaces/srv
[0.772s] -- Up-to-date: /home/teehee/ros2_ws/src/lab_interfaces/install/lab_interfaces/include/lab_interfaces/lab_interfaces/srv/detail
[0.773s] -- Up-to-date: /home/teehee/ros2_ws/src/lab_interfaces/install/lab_interfaces/include/lab_interfaces/lab_interfaces/srv/detail/capture_turtle__struct.h
[0.773s] -- Up-to-date: /home/teehee/ros2_ws/src/lab_interfaces/install/lab_interfaces/include/lab_interfaces/lab_interfaces/srv/detail/capture_turtle__functions.h
[0.773s] -- Up-to-date: /home/teehee/ros2_ws/src/lab_interfaces/install/lab_interfaces/include/lab_interfaces/lab_interfaces/srv/detail/capture_turtle__functions.c
[0.773s] -- Up-to-date: /home/teehee/ros2_ws/src/lab_interfaces/install/lab_interfaces/include/lab_interfaces/lab_interfaces/srv/detail/capture_turtle__type_support.h
[0.773s] -- Up-to-date: /home/teehee/ros2_ws/src/lab_interfaces/install/lab_interfaces/include/lab_interfaces/lab_interfaces/srv/capture_turtle.h
[0.773s] -- Up-to-date: /home/teehee/ros2_ws/src/lab_interfaces/install/lab_interfaces/include/lab_interfaces/lab_interfaces/msg
[0.773s] -- Up-to-date: /home/teehee/ros2_ws/src/lab_interfaces/install/lab_interfaces/include/lab_interfaces/lab_interfaces/msg/turtle_array.h
[0.773s] -- Up-to-date: /home/teehee/ros2_ws/src/lab_interfaces/install/lab_interfaces/include/lab_interfaces/lab_interfaces/msg/rosidl_generator_c__visibility_control.h
[0.773s] -- Up-to-date: /home/teehee/ros2_ws/src/lab_interfaces/install/lab_interfaces/include/lab_interfaces/lab_interfaces/msg/detail
[0.773s] -- Up-to-date: /home/teehee/ros2_ws/src/lab_interfaces/install/lab_interfaces/include/lab_interfaces/lab_interfaces/msg/detail/turtle_array__type_support.h
[0.773s] -- Up-to-date: /home/teehee/ros2_ws/src/lab_interfaces/install/lab_interfaces/include/lab_interfaces/lab_interfaces/msg/detail/turtle_array__functions.c
[0.773s] -- Up-to-date: /home/teehee/ros2_ws/src/lab_interfaces/install/lab_interfaces/include/lab_interfaces/lab_interfaces/msg/detail/turtle_array__functions.h
[0.774s] -- Up-to-date: /home/teehee/ros2_ws/src/lab_interfaces/install/lab_interfaces/include/lab_interfaces/lab_interfaces/msg/detail/turtle__struct.h
[0.774s] -- Up-to-date: /home/teehee/ros2_ws/src/lab_interfaces/install/lab_interfaces/include/lab_interfaces/lab_interfaces/msg/detail/turtle__functions.h
[0.774s] -- Up-to-date: /home/teehee/ros2_ws/src/lab_interfaces/install/lab_interfaces/include/lab_interfaces/lab_interfaces/msg/detail/turtle_array__struct.h
[0.774s] -- Up-to-date: /home/teehee/ros2_ws/src/lab_interfaces/install/lab_interfaces/include/lab_interfaces/lab_interfaces/msg/detail/turtle__functions.c
[0.774s] -- Up-to-date: /home/teehee/ros2_ws/src/lab_interfaces/install/lab_interfaces/include/lab_interfaces/lab_interfaces/msg/detail/turtle__type_support.h
[0.775s] -- Up-to-date: /home/teehee/ros2_ws/src/lab_interfaces/install/lab_interfaces/include/lab_interfaces/lab_interfaces/msg/turtle.h
[0.775s] -- Up-to-date: /home/teehee/ros2_ws/src/lab_interfaces/install/lab_interfaces/share/lab_interfaces/environment/library_path.sh
[0.775s] -- Up-to-date: /home/teehee/ros2_ws/src/lab_interfaces/install/lab_interfaces/share/lab_interfaces/environment/library_path.dsv
[0.775s] -- Up-to-date: /home/teehee/ros2_ws/src/lab_interfaces/install/lab_interfaces/lib/liblab_interfaces__rosidl_generator_c.so
[0.776s] -- Up-to-date: /home/teehee/ros2_ws/src/lab_interfaces/install/lab_interfaces/include/lab_interfaces/lab_interfaces
[0.776s] -- Up-to-date: /home/teehee/ros2_ws/src/lab_interfaces/install/lab_interfaces/include/lab_interfaces/lab_interfaces/srv
[0.777s] -- Up-to-date: /home/teehee/ros2_ws/src/lab_interfaces/install/lab_interfaces/include/lab_interfaces/lab_interfaces/srv/detail
[0.777s] -- Up-to-date: /home/teehee/ros2_ws/src/lab_interfaces/install/lab_interfaces/include/lab_interfaces/lab_interfaces/srv/detail/capture_turtle__rosidl_typesupport_fastrtps_c.h
[0.777s] -- Up-to-date: /home/teehee/ros2_ws/src/lab_interfaces/install/lab_interfaces/include/lab_interfaces/lab_interfaces/msg
[0.777s] -- Up-to-date: /home/teehee/ros2_ws/src/lab_interfaces/install/lab_interfaces/include/lab_interfaces/lab_interfaces/msg/detail
[0.778s] -- Up-to-date: /home/teehee/ros2_ws/src/lab_interfaces/install/lab_interfaces/include/lab_interfaces/lab_interfaces/msg/detail/turtle_array__rosidl_typesupport_fastrtps_c.h
[0.778s] -- Up-to-date: /home/teehee/ros2_ws/src/lab_interfaces/install/lab_interfaces/include/lab_interfaces/lab_interfaces/msg/detail/turtle__rosidl_typesupport_fastrtps_c.h
[0.778s] -- Up-to-date: /home/teehee/ros2_ws/src/lab_interfaces/install/lab_interfaces/include/lab_interfaces/lab_interfaces/msg/rosidl_typesupport_fastrtps_c__visibility_control.h
[0.778s] -- Up-to-date: /home/teehee/ros2_ws/src/lab_interfaces/install/lab_interfaces/lib/liblab_interfaces__rosidl_typesupport_fastrtps_c.so
[0.778s] -- Up-to-date: /home/teehee/ros2_ws/src/lab_interfaces/install/lab_interfaces/include/lab_interfaces/lab_interfaces
[0.778s] -- Up-to-date: /home/teehee/ros2_ws/src/lab_interfaces/install/lab_interfaces/include/lab_interfaces/lab_interfaces/srv
[0.778s] -- Up-to-date: /home/teehee/ros2_ws/src/lab_interfaces/install/lab_interfaces/include/lab_interfaces/lab_interfaces/srv/detail
[0.779s] -- Up-to-date: /home/teehee/ros2_ws/src/lab_interfaces/install/lab_interfaces/include/lab_interfaces/lab_interfaces/srv/detail/capture_turtle__rosidl_typesupport_introspection_c.h
[0.779s] -- Up-to-date: /home/teehee/ros2_ws/src/lab_interfaces/install/lab_interfaces/include/lab_interfaces/lab_interfaces/srv/detail/capture_turtle__type_support.c
[0.779s] -- Up-to-date: /home/teehee/ros2_ws/src/lab_interfaces/install/lab_interfaces/include/lab_interfaces/lab_interfaces/msg
[0.779s] -- Up-to-date: /home/teehee/ros2_ws/src/lab_interfaces/install/lab_interfaces/include/lab_interfaces/lab_interfaces/msg/detail
[0.780s] -- Up-to-date: /home/teehee/ros2_ws/src/lab_interfaces/install/lab_interfaces/include/lab_interfaces/lab_interfaces/msg/detail/turtle__rosidl_typesupport_introspection_c.h
[0.780s] -- Up-to-date: /home/teehee/ros2_ws/src/lab_interfaces/install/lab_interfaces/include/lab_interfaces/lab_interfaces/msg/detail/turtle__type_support.c
[0.780s] -- Up-to-date: /home/teehee/ros2_ws/src/lab_interfaces/install/lab_interfaces/include/lab_interfaces/lab_interfaces/msg/detail/turtle_array__type_support.c
[0.780s] -- Up-to-date: /home/teehee/ros2_ws/src/lab_interfaces/install/lab_interfaces/include/lab_interfaces/lab_interfaces/msg/detail/turtle_array__rosidl_typesupport_introspection_c.h
[0.780s] -- Up-to-date: /home/teehee/ros2_ws/src/lab_interfaces/install/lab_interfaces/include/lab_interfaces/lab_interfaces/msg/rosidl_typesupport_introspection_c__visibility_control.h
[0.780s] -- Up-to-date: /home/teehee/ros2_ws/src/lab_interfaces/install/lab_interfaces/lib/liblab_interfaces__rosidl_typesupport_introspection_c.so
[0.781s] -- Up-to-date: /home/teehee/ros2_ws/src/lab_interfaces/install/lab_interfaces/lib/liblab_interfaces__rosidl_typesupport_c.so
[0.781s] -- Up-to-date: /home/teehee/ros2_ws/src/lab_interfaces/install/lab_interfaces/include/lab_interfaces/lab_interfaces
[0.781s] -- Up-to-date: /home/teehee/ros2_ws/src/lab_interfaces/install/lab_interfaces/include/lab_interfaces/lab_interfaces/srv
[0.781s] -- Up-to-date: /home/teehee/ros2_ws/src/lab_interfaces/install/lab_interfaces/include/lab_interfaces/lab_interfaces/srv/detail
[0.782s] -- Up-to-date: /home/teehee/ros2_ws/src/lab_interfaces/install/lab_interfaces/include/lab_interfaces/lab_interfaces/srv/detail/capture_turtle__struct.hpp
[0.782s] -- Up-to-date: /home/teehee/ros2_ws/src/lab_interfaces/install/lab_interfaces/include/lab_interfaces/lab_interfaces/srv/detail/capture_turtle__traits.hpp
[0.782s] -- Up-to-date: /home/teehee/ros2_ws/src/lab_interfaces/install/lab_interfaces/include/lab_interfaces/lab_interfaces/srv/detail/capture_turtle__builder.hpp
[0.782s] -- Up-to-date: /home/teehee/ros2_ws/src/lab_interfaces/install/lab_interfaces/include/lab_interfaces/lab_interfaces/srv/capture_turtle.hpp
[0.782s] -- Up-to-date: /home/teehee/ros2_ws/src/lab_interfaces/install/lab_interfaces/include/lab_interfaces/lab_interfaces/msg
[0.782s] -- Up-to-date: /home/teehee/ros2_ws/src/lab_interfaces/install/lab_interfaces/include/lab_interfaces/lab_interfaces/msg/turtle_array.hpp
[0.782s] -- Up-to-date: /home/teehee/ros2_ws/src/lab_interfaces/install/lab_interfaces/include/lab_interfaces/lab_interfaces/msg/detail
[0.782s] -- Up-to-date: /home/teehee/ros2_ws/src/lab_interfaces/install/lab_interfaces/include/lab_interfaces/lab_interfaces/msg/detail/turtle__traits.hpp
[0.782s] -- Up-to-date: /home/teehee/ros2_ws/src/lab_interfaces/install/lab_interfaces/include/lab_interfaces/lab_interfaces/msg/detail/turtle__builder.hpp
[0.782s] -- Up-to-date: /home/teehee/ros2_ws/src/lab_interfaces/install/lab_interfaces/include/lab_interfaces/lab_interfaces/msg/detail/turtle_array__builder.hpp
[0.782s] -- Up-to-date: /home/teehee/ros2_ws/src/lab_interfaces/install/lab_interfaces/include/lab_interfaces/lab_interfaces/msg/detail/turtle_array__struct.hpp
[0.782s] -- Up-to-date: /home/teehee/ros2_ws/src/lab_interfaces/install/lab_interfaces/include/lab_interfaces/lab_interfaces/msg/detail/turtle__struct.hpp
[0.782s] -- Up-to-date: /home/teehee/ros2_ws/src/lab_interfaces/install/lab_interfaces/include/lab_interfaces/lab_interfaces/msg/detail/turtle_array__traits.hpp
[0.782s] -- Up-to-date: /home/teehee/ros2_ws/src/lab_interfaces/install/lab_interfaces/include/lab_interfaces/lab_interfaces/msg/turtle.hpp
[0.782s] -- Up-to-date: /home/teehee/ros2_ws/src/lab_interfaces/install/lab_interfaces/include/lab_interfaces/lab_interfaces
[0.782s] -- Up-to-date: /home/teehee/ros2_ws/src/lab_interfaces/install/lab_interfaces/include/lab_interfaces/lab_interfaces/srv
[0.783s] -- Up-to-date: /home/teehee/ros2_ws/src/lab_interfaces/install/lab_interfaces/include/lab_interfaces/lab_interfaces/srv/detail
[0.783s] -- Up-to-date: /home/teehee/ros2_ws/src/lab_interfaces/install/lab_interfaces/include/lab_interfaces/lab_interfaces/srv/detail/dds_fastrtps
[0.783s] -- Up-to-date: /home/teehee/ros2_ws/src/lab_interfaces/install/lab_interfaces/include/lab_interfaces/lab_interfaces/srv/detail/capture_turtle__rosidl_typesupport_fastrtps_cpp.hpp
[0.783s] -- Up-to-date: /home/teehee/ros2_ws/src/lab_interfaces/install/lab_interfaces/include/lab_interfaces/lab_interfaces/msg
[0.783s] -- Up-to-date: /home/teehee/ros2_ws/src/lab_interfaces/install/lab_interfaces/include/lab_interfaces/lab_interfaces/msg/detail
[0.783s] -- Up-to-date: /home/teehee/ros2_ws/src/lab_interfaces/install/lab_interfaces/include/lab_interfaces/lab_interfaces/msg/detail/turtle__rosidl_typesupport_fastrtps_cpp.hpp
[0.783s] -- Up-to-date: /home/teehee/ros2_ws/src/lab_interfaces/install/lab_interfaces/include/lab_interfaces/lab_interfaces/msg/detail/turtle_array__rosidl_typesupport_fastrtps_cpp.hpp
[0.783s] -- Up-to-date: /home/teehee/ros2_ws/src/lab_interfaces/install/lab_interfaces/include/lab_interfaces/lab_interfaces/msg/detail/dds_fastrtps
[0.783s] -- Up-to-date: /home/teehee/ros2_ws/src/lab_interfaces/install/lab_interfaces/include/lab_interfaces/lab_interfaces/msg/rosidl_typesupport_fastrtps_cpp__visibility_control.h
[0.783s] -- Up-to-date: /home/teehee/ros2_ws/src/lab_interfaces/install/lab_interfaces/lib/liblab_interfaces__rosidl_typesupport_fastrtps_cpp.so
[0.783s] -- Up-to-date: /home/teehee/ros2_ws/src/lab_interfaces/install/lab_interfaces/include/lab_interfaces/lab_interfaces
[0.783s] -- Up-to-date: /home/teehee/ros2_ws/src/lab_interfaces/install/lab_interfaces/include/lab_interfaces/lab_interfaces/srv
[0.783s] -- Up-to-date: /home/teehee/ros2_ws/src/lab_interfaces/install/lab_interfaces/include/lab_interfaces/lab_interfaces/srv/detail
[0.783s] -- Up-to-date: /home/teehee/ros2_ws/src/lab_interfaces/install/lab_interfaces/include/lab_interfaces/lab_interfaces/srv/detail/capture_turtle__type_support.cpp
[0.783s] -- Up-to-date: /home/teehee/ros2_ws/src/lab_interfaces/install/lab_interfaces/include/lab_interfaces/lab_interfaces/srv/detail/capture_turtle__rosidl_typesupport_introspection_cpp.hpp
[0.783s] -- Up-to-date: /home/teehee/ros2_ws/src/lab_interfaces/install/lab_interfaces/include/lab_interfaces/lab_interfaces/msg
[0.783s] -- Up-to-date: /home/teehee/ros2_ws/src/lab_interfaces/install/lab_interfaces/include/lab_interfaces/lab_interfaces/msg/detail
[0.783s] -- Up-to-date: /home/teehee/ros2_ws/src/lab_interfaces/install/lab_interfaces/include/lab_interfaces/lab_interfaces/msg/detail/turtle_array__rosidl_typesupport_introspection_cpp.hpp
[0.783s] -- Up-to-date: /home/teehee/ros2_ws/src/lab_interfaces/install/lab_interfaces/include/lab_interfaces/lab_interfaces/msg/detail/turtle_array__type_support.cpp
[0.783s] -- Up-to-date: /home/teehee/ros2_ws/src/lab_interfaces/install/lab_interfaces/include/lab_interfaces/lab_interfaces/msg/detail/turtle__rosidl_typesupport_introspection_cpp.hpp
[0.784s] -- Up-to-date: /home/teehee/ros2_ws/src/lab_interfaces/install/lab_interfaces/include/lab_interfaces/lab_interfaces/msg/detail/turtle__type_support.cpp
[0.784s] -- Up-to-date: /home/teehee/ros2_ws/src/lab_interfaces/install/lab_interfaces/lib/liblab_interfaces__rosidl_typesupport_introspection_cpp.so
[0.784s] -- Up-to-date: /home/teehee/ros2_ws/src/lab_interfaces/install/lab_interfaces/lib/liblab_interfaces__rosidl_typesupport_cpp.so
[0.784s] -- Up-to-date: /home/teehee/ros2_ws/src/lab_interfaces/install/lab_interfaces/share/lab_interfaces/environment/pythonpath.sh
[0.784s] -- Up-to-date: /home/teehee/ros2_ws/src/lab_interfaces/install/lab_interfaces/share/lab_interfaces/environment/pythonpath.dsv
[0.784s] -- Up-to-date: /home/teehee/ros2_ws/src/lab_interfaces/install/lab_interfaces/local/lib/python3.10/dist-packages/lab_interfaces-0.0.0-py3.10.egg-info
[0.784s] -- Installing: /home/teehee/ros2_ws/src/lab_interfaces/install/lab_interfaces/local/lib/python3.10/dist-packages/lab_interfaces-0.0.0-py3.10.egg-info/SOURCES.txt
[0.784s] -- Installing: /home/teehee/ros2_ws/src/lab_interfaces/install/lab_interfaces/local/lib/python3.10/dist-packages/lab_interfaces-0.0.0-py3.10.egg-info/dependency_links.txt
[0.784s] -- Installing: /home/teehee/ros2_ws/src/lab_interfaces/install/lab_interfaces/local/lib/python3.10/dist-packages/lab_interfaces-0.0.0-py3.10.egg-info/PKG-INFO
[0.784s] -- Installing: /home/teehee/ros2_ws/src/lab_interfaces/install/lab_interfaces/local/lib/python3.10/dist-packages/lab_interfaces-0.0.0-py3.10.egg-info/top_level.txt
[0.784s] -- Up-to-date: /home/teehee/ros2_ws/src/lab_interfaces/install/lab_interfaces/local/lib/python3.10/dist-packages/lab_interfaces
[0.784s] -- Up-to-date: /home/teehee/ros2_ws/src/lab_interfaces/install/lab_interfaces/local/lib/python3.10/dist-packages/lab_interfaces/_lab_interfaces_s.ep.rosidl_typesupport_introspection_c.c
[0.784s] -- Up-to-date: /home/teehee/ros2_ws/src/lab_interfaces/install/lab_interfaces/local/lib/python3.10/dist-packages/lab_interfaces/lab_interfaces_s__rosidl_typesupport_c.cpython-310-x86_64-linux-gnu.so
[0.784s] -- Up-to-date: /home/teehee/ros2_ws/src/lab_interfaces/install/lab_interfaces/local/lib/python3.10/dist-packages/lab_interfaces/__init__.py
[0.784s] -- Up-to-date: /home/teehee/ros2_ws/src/lab_interfaces/install/lab_interfaces/local/lib/python3.10/dist-packages/lab_interfaces/_lab_interfaces_s.ep.rosidl_typesupport_c.c
[0.784s] -- Up-to-date: /home/teehee/ros2_ws/src/lab_interfaces/install/lab_interfaces/local/lib/python3.10/dist-packages/lab_interfaces/lab_interfaces_s__rosidl_typesupport_introspection_c.cpython-310-x86_64-linux-gnu.so
[0.784s] -- Up-to-date: /home/teehee/ros2_ws/src/lab_interfaces/install/lab_interfaces/local/lib/python3.10/dist-packages/lab_interfaces/_lab_interfaces_s.ep.rosidl_typesupport_fastrtps_c.c
[0.784s] -- Up-to-date: /home/teehee/ros2_ws/src/lab_interfaces/install/lab_interfaces/local/lib/python3.10/dist-packages/lab_interfaces/srv
[0.784s] -- Up-to-date: /home/teehee/ros2_ws/src/lab_interfaces/install/lab_interfaces/local/lib/python3.10/dist-packages/lab_interfaces/srv/__init__.py
[0.785s] -- Up-to-date: /home/teehee/ros2_ws/src/lab_interfaces/install/lab_interfaces/local/lib/python3.10/dist-packages/lab_interfaces/srv/_capture_turtle.py
[0.785s] -- Up-to-date: /home/teehee/ros2_ws/src/lab_interfaces/install/lab_interfaces/local/lib/python3.10/dist-packages/lab_interfaces/srv/_capture_turtle_s.c
[0.785s] -- Up-to-date: /home/teehee/ros2_ws/src/lab_interfaces/install/lab_interfaces/local/lib/python3.10/dist-packages/lab_interfaces/liblab_interfaces__rosidl_generator_py.so
[0.785s] -- Up-to-date: /home/teehee/ros2_ws/src/lab_interfaces/install/lab_interfaces/local/lib/python3.10/dist-packages/lab_interfaces/lab_interfaces_s__rosidl_typesupport_fastrtps_c.cpython-310-x86_64-linux-gnu.so
[0.785s] -- Up-to-date: /home/teehee/ros2_ws/src/lab_interfaces/install/lab_interfaces/local/lib/python3.10/dist-packages/lab_interfaces/msg
[0.785s] -- Up-to-date: /home/teehee/ros2_ws/src/lab_interfaces/install/lab_interfaces/local/lib/python3.10/dist-packages/lab_interfaces/msg/__init__.py
[0.785s] -- Up-to-date: /home/teehee/ros2_ws/src/lab_interfaces/install/lab_interfaces/local/lib/python3.10/dist-packages/lab_interfaces/msg/_turtle.py
[0.785s] -- Up-to-date: /home/teehee/ros2_ws/src/lab_interfaces/install/lab_interfaces/local/lib/python3.10/dist-packages/lab_interfaces/msg/_turtle_array_s.c
[0.785s] -- Up-to-date: /home/teehee/ros2_ws/src/lab_interfaces/install/lab_interfaces/local/lib/python3.10/dist-packages/lab_interfaces/msg/_turtle_s.c
[0.785s] -- Up-to-date: /home/teehee/ros2_ws/src/lab_interfaces/install/lab_interfaces/local/lib/python3.10/dist-packages/lab_interfaces/msg/_turtle_array.py
[0.815s] Listing '/home/teehee/ros2_ws/src/lab_interfaces/install/lab_interfaces/local/lib/python3.10/dist-packages/lab_interfaces'...
[0.815s] Listing '/home/teehee/ros2_ws/src/lab_interfaces/install/lab_interfaces/local/lib/python3.10/dist-packages/lab_interfaces/msg'...
[0.815s] Listing '/home/teehee/ros2_ws/src/lab_interfaces/install/lab_interfaces/local/lib/python3.10/dist-packages/lab_interfaces/srv'...
[0.819s] -- Up-to-date: /home/teehee/ros2_ws/src/lab_interfaces/install/lab_interfaces/local/lib/python3.10/dist-packages/lab_interfaces/lab_interfaces_s__rosidl_typesupport_fastrtps_c.cpython-310-x86_64-linux-gnu.so
[0.819s] -- Up-to-date: /home/teehee/ros2_ws/src/lab_interfaces/install/lab_interfaces/local/lib/python3.10/dist-packages/lab_interfaces/lab_interfaces_s__rosidl_typesupport_introspection_c.cpython-310-x86_64-linux-gnu.so
[0.819s] -- Up-to-date: /home/teehee/ros2_ws/src/lab_interfaces/install/lab_interfaces/local/lib/python3.10/dist-packages/lab_interfaces/lab_interfaces_s__rosidl_typesupport_c.cpython-310-x86_64-linux-gnu.so
[0.819s] -- Up-to-date: /home/teehee/ros2_ws/src/lab_interfaces/install/lab_interfaces/lib/liblab_interfaces__rosidl_generator_py.so
[0.819s] -- Up-to-date: /home/teehee/ros2_ws/src/lab_interfaces/install/lab_interfaces/share/lab_interfaces/msg/Turtle.idl
[0.819s] -- Up-to-date: /home/teehee/ros2_ws/src/lab_interfaces/install/lab_interfaces/share/lab_interfaces/msg/TurtleArray.idl
[0.820s] -- Up-to-date: /home/teehee/ros2_ws/src/lab_interfaces/install/lab_interfaces/share/lab_interfaces/srv/CaptureTurtle.idl
[0.820s] -- Up-to-date: /home/teehee/ros2_ws/src/lab_interfaces/install/lab_interfaces/share/lab_interfaces/msg/Turtle.msg
[0.820s] -- Up-to-date: /home/teehee/ros2_ws/src/lab_interfaces/install/lab_interfaces/share/lab_interfaces/msg/TurtleArray.msg
[0.820s] -- Up-to-date: /home/teehee/ros2_ws/src/lab_interfaces/install/lab_interfaces/share/lab_interfaces/srv/CaptureTurtle.srv
[0.820s] -- Up-to-date: /home/teehee/ros2_ws/src/lab_interfaces/install/lab_interfaces/share/lab_interfaces/srv/CaptureTurtle_Request.msg
[0.821s] -- Up-to-date: /home/teehee/ros2_ws/src/lab_interfaces/install/lab_interfaces/share/lab_interfaces/srv/CaptureTurtle_Response.msg
[0.821s] -- Up-to-date: /home/teehee/ros2_ws/src/lab_interfaces/install/lab_interfaces/share/ament_index/resource_index/package_run_dependencies/lab_interfaces
[0.821s] -- Up-to-date: /home/teehee/ros2_ws/src/lab_interfaces/install/lab_interfaces/share/ament_index/resource_index/parent_prefix_path/lab_interfaces
[0.821s] -- Up-to-date: /home/teehee/ros2_ws/src/lab_interfaces/install/lab_interfaces/share/lab_interfaces/environment/ament_prefix_path.sh
[0.821s] -- Up-to-date: /home/teehee/ros2_ws/src/lab_interfaces/install/lab_interfaces/share/lab_interfaces/environment/ament_prefix_path.dsv
[0.821s] -- Up-to-date: /home/teehee/ros2_ws/src/lab_interfaces/install/lab_interfaces/share/lab_interfaces/environment/path.sh
[0.821s] -- Up-to-date: /home/teehee/ros2_ws/src/lab_interfaces/install/lab_interfaces/share/lab_interfaces/environment/path.dsv
[0.822s] -- Up-to-date: /home/teehee/ros2_ws/src/lab_interfaces/install/lab_interfaces/share/lab_interfaces/local_setup.bash
[0.822s] -- Up-to-date: /home/teehee/ros2_ws/src/lab_interfaces/install/lab_interfaces/share/lab_interfaces/local_setup.sh
[0.822s] -- Up-to-date: /home/teehee/ros2_ws/src/lab_interfaces/install/lab_interfaces/share/lab_interfaces/local_setup.zsh
[0.822s] -- Up-to-date: /home/teehee/ros2_ws/src/lab_interfaces/install/lab_interfaces/share/lab_interfaces/local_setup.dsv
[0.822s] -- Installing: /home/teehee/ros2_ws/src/lab_interfaces/install/lab_interfaces/share/lab_interfaces/package.dsv
[0.822s] -- Up-to-date: /home/teehee/ros2_ws/src/lab_interfaces/install/lab_interfaces/share/ament_index/resource_index/packages/lab_interfaces
[0.822s] -- Up-to-date: /home/teehee/ros2_ws/src/lab_interfaces/install/lab_interfaces/share/lab_interfaces/cmake/export_lab_interfaces__rosidl_generator_cExport.cmake
[0.823s] -- Up-to-date: /home/teehee/ros2_ws/src/lab_interfaces/install/lab_interfaces/share/lab_interfaces/cmake/export_lab_interfaces__rosidl_generator_cExport-noconfig.cmake
[0.823s] -- Up-to-date: /home/teehee/ros2_ws/src/lab_interfaces/install/lab_interfaces/share/lab_interfaces/cmake/export_lab_interfaces__rosidl_typesupport_fastrtps_cExport.cmake
[0.823s] -- Up-to-date: /home/teehee/ros2_ws/src/lab_interfaces/install/lab_interfaces/share/lab_interfaces/cmake/export_lab_interfaces__rosidl_typesupport_fastrtps_cExport-noconfig.cmake
[0.823s] -- Up-to-date: /home/teehee/ros2_ws/src/lab_interfaces/install/lab_interfaces/share/lab_interfaces/cmake/lab_interfaces__rosidl_typesupport_introspection_cExport.cmake
[0.823s] -- Up-to-date: /home/teehee/ros2_ws/src/lab_interfaces/install/lab_interfaces/share/lab_interfaces/cmake/lab_interfaces__rosidl_typesupport_introspection_cExport-noconfig.cmake
[0.823s] -- Up-to-date: /home/teehee/ros2_ws/src/lab_interfaces/install/lab_interfaces/share/lab_interfaces/cmake/lab_interfaces__rosidl_typesupport_cExport.cmake
[0.823s] -- Up-to-date: /home/teehee/ros2_ws/src/lab_interfaces/install/lab_interfaces/share/lab_interfaces/cmake/lab_interfaces__rosidl_typesupport_cExport-noconfig.cmake
[0.823s] -- Up-to-date: /home/teehee/ros2_ws/src/lab_interfaces/install/lab_interfaces/share/lab_interfaces/cmake/export_lab_interfaces__rosidl_generator_cppExport.cmake
[0.823s] -- Up-to-date: /home/teehee/ros2_ws/src/lab_interfaces/install/lab_interfaces/share/lab_interfaces/cmake/export_lab_interfaces__rosidl_typesupport_fastrtps_cppExport.cmake
[0.823s] -- Up-to-date: /home/teehee/ros2_ws/src/lab_interfaces/install/lab_interfaces/share/lab_interfaces/cmake/export_lab_interfaces__rosidl_typesupport_fastrtps_cppExport-noconfig.cmake
[0.823s] -- Up-to-date: /home/teehee/ros2_ws/src/lab_interfaces/install/lab_interfaces/share/lab_interfaces/cmake/lab_interfaces__rosidl_typesupport_introspection_cppExport.cmake
[0.823s] -- Up-to-date: /home/teehee/ros2_ws/src/lab_interfaces/install/lab_interfaces/share/lab_interfaces/cmake/lab_interfaces__rosidl_typesupport_introspection_cppExport-noconfig.cmake
[0.823s] -- Up-to-date: /home/teehee/ros2_ws/src/lab_interfaces/install/lab_interfaces/share/lab_interfaces/cmake/lab_interfaces__rosidl_typesupport_cppExport.cmake
[0.823s] -- Up-to-date: /home/teehee/ros2_ws/src/lab_interfaces/install/lab_interfaces/share/lab_interfaces/cmake/lab_interfaces__rosidl_typesupport_cppExport-noconfig.cmake
[0.823s] -- Up-to-date: /home/teehee/ros2_ws/src/lab_interfaces/install/lab_interfaces/share/lab_interfaces/cmake/export_lab_interfaces__rosidl_generator_pyExport.cmake
[0.824s] -- Up-to-date: /home/teehee/ros2_ws/src/lab_interfaces/install/lab_interfaces/share/lab_interfaces/cmake/export_lab_interfaces__rosidl_generator_pyExport-noconfig.cmake
[0.824s] -- Up-to-date: /home/teehee/ros2_ws/src/lab_interfaces/install/lab_interfaces/share/lab_interfaces/cmake/rosidl_cmake-extras.cmake
[0.824s] -- Up-to-date: /home/teehee/ros2_ws/src/lab_interfaces/install/lab_interfaces/share/lab_interfaces/cmake/ament_cmake_export_include_directories-extras.cmake
[0.824s] -- Up-to-date: /home/teehee/ros2_ws/src/lab_interfaces/install/lab_interfaces/share/lab_interfaces/cmake/ament_cmake_export_libraries-extras.cmake
[0.824s] -- Up-to-date: /home/teehee/ros2_ws/src/lab_interfaces/install/lab_interfaces/share/lab_interfaces/cmake/ament_cmake_export_targets-extras.cmake
[0.824s] -- Up-to-date: /home/teehee/ros2_ws/src/lab_interfaces/install/lab_interfaces/share/lab_interfaces/cmake/rosidl_cmake_export_typesupport_targets-extras.cmake
[0.824s] -- Up-to-date: /home/teehee/ros2_ws/src/lab_interfaces/install/lab_interfaces/share/lab_interfaces/cmake/ament_cmake_export_dependencies-extras.cmake
[0.824s] -- Up-to-date: /home/teehee/ros2_ws/src/lab_interfaces/install/lab_interfaces/share/lab_interfaces/cmake/rosidl_cmake_export_typesupport_libraries-extras.cmake
[0.824s] -- Up-to-date: /home/teehee/ros2_ws/src/lab_interfaces/install/lab_interfaces/share/lab_interfaces/cmake/lab_interfacesConfig.cmake
[0.824s] -- Up-to-date: /home/teehee/ros2_ws/src/lab_interfaces/install/lab_interfaces/share/lab_interfaces/cmake/lab_interfacesConfig-version.cmake
[0.824s] -- Up-to-date: /home/teehee/ros2_ws/src/lab_interfaces/install/lab_interfaces/share/lab_interfaces/package.xml
[0.827s] Invoked command in '/home/teehee/ros2_ws/src/lab_interfaces/build/lab_interfaces' returned '0': CMAKE_PREFIX_PATH=${CMAKE_PREFIX_PATH}:/home/teehee/ros2_ws/install/tf2_pkg:/home/teehee/ros2_ws/install/labs_pkg:/home/teehee/ros2_ws/install/lab_exam2_pkg:/home/teehee/ros2_ws/install/example_pkg:/opt/ros/humble /usr/bin/cmake --install /home/teehee/ros2_ws/src/lab_interfaces/build/lab_interfaces
