[0.485s] Invoking command in '/home/teehee/ros2_ws/build/labs_pkg': PYTHONPATH=/home/teehee/ros2_ws/build/labs_pkg/prefix_override:/home/teehee/ros2_ws/install/labs_pkg/lib/python3.10/site-packages:${PYTHONPATH} /usr/bin/python3 setup.py develop --uninstall --editable --build-directory /home/teehee/ros2_ws/build/labs_pkg/build
[0.684s] running develop
[0.685s] /usr/lib/python3/dist-packages/setuptools/command/easy_install.py:158: EasyInstallDeprecationWarning: easy_install command is deprecated. Use build and pip and other standards-based tools.
[0.685s]   warnings.warn(
[0.686s] /usr/lib/python3/dist-packages/setuptools/command/install.py:34: SetuptoolsDeprecationWarning: setup.py install is deprecated. Use build and pip and other standards-based tools.
[0.686s]   warnings.warn(
[0.830s] Invoked command in '/home/teehee/ros2_ws/build/labs_pkg' returned '0': PYTHONPATH=/home/teehee/ros2_ws/build/labs_pkg/prefix_override:/home/teehee/ros2_ws/install/labs_pkg/lib/python3.10/site-packages:${PYTHONPATH} /usr/bin/python3 setup.py develop --uninstall --editable --build-directory /home/teehee/ros2_ws/build/labs_pkg/build
[0.832s] Invoking command in '/home/teehee/ros2_ws/src/labs_pkg': PYTHONPATH=/home/teehee/ros2_ws/build/labs_pkg/prefix_override:/home/teehee/ros2_ws/install/labs_pkg/lib/python3.10/site-packages:${PYTHONPATH} /usr/bin/python3 setup.py egg_info --egg-base ../../build/labs_pkg build --build-base /home/teehee/ros2_ws/build/labs_pkg/build install --record /home/teehee/ros2_ws/build/labs_pkg/install.log --single-version-externally-managed
[1.013s] running egg_info
[1.013s] writing ../../build/labs_pkg/labs_pkg.egg-info/PKG-INFO
[1.014s] writing dependency_links to ../../build/labs_pkg/labs_pkg.egg-info/dependency_links.txt
[1.014s] writing entry points to ../../build/labs_pkg/labs_pkg.egg-info/entry_points.txt
[1.014s] writing requirements to ../../build/labs_pkg/labs_pkg.egg-info/requires.txt
[1.014s] writing top-level names to ../../build/labs_pkg/labs_pkg.egg-info/top_level.txt
[1.016s] reading manifest file '../../build/labs_pkg/labs_pkg.egg-info/SOURCES.txt'
[1.017s] writing manifest file '../../build/labs_pkg/labs_pkg.egg-info/SOURCES.txt'
[1.017s] running build
[1.017s] running build_py
[1.018s] copying labs_pkg/turtlesim_move.py -> /home/teehee/ros2_ws/build/labs_pkg/build/lib/labs_pkg
[1.018s] running install
[1.019s] /usr/lib/python3/dist-packages/setuptools/command/install.py:34: SetuptoolsDeprecationWarning: setup.py install is deprecated. Use build and pip and other standards-based tools.
[1.019s]   warnings.warn(
[1.019s] running install_lib
[1.019s] copying /home/teehee/ros2_ws/build/labs_pkg/build/lib/labs_pkg/turtlesim_move.py -> /home/teehee/ros2_ws/install/labs_pkg/lib/python3.10/site-packages/labs_pkg
[1.020s] byte-compiling /home/teehee/ros2_ws/install/labs_pkg/lib/python3.10/site-packages/labs_pkg/turtlesim_move.py to turtlesim_move.cpython-310.pyc
[1.021s] running install_data
[1.021s] running install_egg_info
[1.022s] removing '/home/teehee/ros2_ws/install/labs_pkg/lib/python3.10/site-packages/labs_pkg-0.0.0-py3.10.egg-info' (and everything under it)
[1.023s] Copying ../../build/labs_pkg/labs_pkg.egg-info to /home/teehee/ros2_ws/install/labs_pkg/lib/python3.10/site-packages/labs_pkg-0.0.0-py3.10.egg-info
[1.024s] running install_scripts
[1.040s] Installing cumulative_adder script to /home/teehee/ros2_ws/install/labs_pkg/lib/labs_pkg
[1.042s] Installing integer_publisher script to /home/teehee/ros2_ws/install/labs_pkg/lib/labs_pkg
[1.042s] Installing my_listener script to /home/teehee/ros2_ws/install/labs_pkg/lib/labs_pkg
[1.042s] Installing turtlesim_move = labs_pkg.turtlesim_move:mainmy_talker script to /home/teehee/ros2_ws/install/labs_pkg/lib/labs_pkg
[1.042s] writing list of installed files to '/home/teehee/ros2_ws/build/labs_pkg/install.log'
[1.076s] Invoked command in '/home/teehee/ros2_ws/src/labs_pkg' returned '0': PYTHONPATH=/home/teehee/ros2_ws/build/labs_pkg/prefix_override:/home/teehee/ros2_ws/install/labs_pkg/lib/python3.10/site-packages:${PYTHONPATH} /usr/bin/python3 setup.py egg_info --egg-base ../../build/labs_pkg build --build-base /home/teehee/ros2_ws/build/labs_pkg/build install --record /home/teehee/ros2_ws/build/labs_pkg/install.log --single-version-externally-managed
