running egg_info
creating ../../build/lab_exam2_pkg/lab_exam2_pkg.egg-info
writing ../../build/lab_exam2_pkg/lab_exam2_pkg.egg-info/PKG-INFO
writing dependency_links to ../../build/lab_exam2_pkg/lab_exam2_pkg.egg-info/dependency_links.txt
writing entry points to ../../build/lab_exam2_pkg/lab_exam2_pkg.egg-info/entry_points.txt
writing requirements to ../../build/lab_exam2_pkg/lab_exam2_pkg.egg-info/requires.txt
writing top-level names to ../../build/lab_exam2_pkg/lab_exam2_pkg.egg-info/top_level.txt
writing manifest file '../../build/lab_exam2_pkg/lab_exam2_pkg.egg-info/SOURCES.txt'
reading manifest file '../../build/lab_exam2_pkg/lab_exam2_pkg.egg-info/SOURCES.txt'
writing manifest file '../../build/lab_exam2_pkg/lab_exam2_pkg.egg-info/SOURCES.txt'
running build
running build_py
creating /home/teehee/ros2_ws/build/lab_exam2_pkg/build
creating /home/teehee/ros2_ws/build/lab_exam2_pkg/build/lib
creating /home/teehee/ros2_ws/build/lab_exam2_pkg/build/lib/lab_exam2_pkg
copying lab_exam2_pkg/movefile copy.py -> /home/teehee/ros2_ws/build/lab_exam2_pkg/build/lib/lab_exam2_pkg
copying lab_exam2_pkg/turtlesim_scan.py -> /home/teehee/ros2_ws/build/lab_exam2_pkg/build/lib/lab_exam2_pkg
copying lab_exam2_pkg/__init__.py -> /home/teehee/ros2_ws/build/lab_exam2_pkg/build/lib/lab_exam2_pkg
copying lab_exam2_pkg/movefile.py -> /home/teehee/ros2_ws/build/lab_exam2_pkg/build/lib/lab_exam2_pkg
running install
running install_lib
creating /home/teehee/ros2_ws/install/lab_exam2_pkg/lib/python3.10/site-packages/lab_exam2_pkg
copying /home/teehee/ros2_ws/build/lab_exam2_pkg/build/lib/lab_exam2_pkg/movefile copy.py -> /home/teehee/ros2_ws/install/lab_exam2_pkg/lib/python3.10/site-packages/lab_exam2_pkg
copying /home/teehee/ros2_ws/build/lab_exam2_pkg/build/lib/lab_exam2_pkg/turtlesim_scan.py -> /home/teehee/ros2_ws/install/lab_exam2_pkg/lib/python3.10/site-packages/lab_exam2_pkg
copying /home/teehee/ros2_ws/build/lab_exam2_pkg/build/lib/lab_exam2_pkg/__init__.py -> /home/teehee/ros2_ws/install/lab_exam2_pkg/lib/python3.10/site-packages/lab_exam2_pkg
copying /home/teehee/ros2_ws/build/lab_exam2_pkg/build/lib/lab_exam2_pkg/movefile.py -> /home/teehee/ros2_ws/install/lab_exam2_pkg/lib/python3.10/site-packages/lab_exam2_pkg
byte-compiling /home/teehee/ros2_ws/install/lab_exam2_pkg/lib/python3.10/site-packages/lab_exam2_pkg/movefile copy.py to movefile copy.cpython-310.pyc
byte-compiling /home/teehee/ros2_ws/install/lab_exam2_pkg/lib/python3.10/site-packages/lab_exam2_pkg/turtlesim_scan.py to turtlesim_scan.cpython-310.pyc
byte-compiling /home/teehee/ros2_ws/install/lab_exam2_pkg/lib/python3.10/site-packages/lab_exam2_pkg/__init__.py to __init__.cpython-310.pyc
byte-compiling /home/teehee/ros2_ws/install/lab_exam2_pkg/lib/python3.10/site-packages/lab_exam2_pkg/movefile.py to movefile.cpython-310.pyc
running install_data
creating /home/teehee/ros2_ws/install/lab_exam2_pkg/share/ament_index
creating /home/teehee/ros2_ws/install/lab_exam2_pkg/share/ament_index/resource_index
creating /home/teehee/ros2_ws/install/lab_exam2_pkg/share/ament_index/resource_index/packages
copying resource/lab_exam2_pkg -> /home/teehee/ros2_ws/install/lab_exam2_pkg/share/ament_index/resource_index/packages
copying package.xml -> /home/teehee/ros2_ws/install/lab_exam2_pkg/share/lab_exam2_pkg
running install_egg_info
Copying ../../build/lab_exam2_pkg/lab_exam2_pkg.egg-info to /home/teehee/ros2_ws/install/lab_exam2_pkg/lib/python3.10/site-packages/lab_exam2_pkg-0.0.0-py3.10.egg-info
running install_scripts
Installing movefile script to /home/teehee/ros2_ws/install/lab_exam2_pkg/lib/lab_exam2_pkg
Installing turtlesim_scan script to /home/teehee/ros2_ws/install/lab_exam2_pkg/lib/lab_exam2_pkg
writing list of installed files to '/home/teehee/ros2_ws/build/lab_exam2_pkg/install.log'
