[0.590s] Invoking command in '/home/teehee/ros2_ws/build/labs_pkg': PYTHONPATH=/home/teehee/ros2_ws/build/labs_pkg/prefix_override:/home/teehee/ros2_ws/install/labs_pkg/lib/python3.10/site-packages:${PYTHONPATH} /usr/bin/python3 setup.py develop --editable --build-directory /home/teehee/ros2_ws/build/labs_pkg/build --no-deps install_data
[0.804s] running develop
[0.804s] /usr/lib/python3/dist-packages/setuptools/command/easy_install.py:158: EasyInstallDeprecationWarning: easy_install command is deprecated. Use build and pip and other standards-based tools.
[0.804s]   warnings.warn(
[0.805s] /usr/lib/python3/dist-packages/setuptools/command/install.py:34: SetuptoolsDeprecationWarning: setup.py install is deprecated. Use build and pip and other standards-based tools.
[0.805s]   warnings.warn(
[0.920s] running egg_info
[0.921s] writing labs_pkg.egg-info/PKG-INFO
[0.921s] writing dependency_links to labs_pkg.egg-info/dependency_links.txt
[0.921s] writing entry points to labs_pkg.egg-info/entry_points.txt
[0.921s] writing requirements to labs_pkg.egg-info/requires.txt
[0.921s] writing top-level names to labs_pkg.egg-info/top_level.txt
[0.923s] reading manifest file 'labs_pkg.egg-info/SOURCES.txt'
[0.924s] writing manifest file 'labs_pkg.egg-info/SOURCES.txt'
[0.925s] running build_ext
[0.925s] Creating /home/teehee/ros2_ws/install/labs_pkg/lib/python3.10/site-packages/labs-pkg.egg-link (link to .)
[0.926s] Installing my_talker script to /home/teehee/ros2_ws/install/labs_pkg/lib/labs_pkg
[0.926s] 
[0.926s] Installed /home/teehee/ros2_ws/build/labs_pkg
[0.926s] running install_data
[0.926s] copying resource/labs_pkg -> /home/teehee/ros2_ws/install/labs_pkg/share/ament_index/resource_index/packages
[0.926s] copying package.xml -> /home/teehee/ros2_ws/install/labs_pkg/share/labs_pkg
[0.969s] Invoked command in '/home/teehee/ros2_ws/build/labs_pkg' returned '0': PYTHONPATH=/home/teehee/ros2_ws/build/labs_pkg/prefix_override:/home/teehee/ros2_ws/install/labs_pkg/lib/python3.10/site-packages:${PYTHONPATH} /usr/bin/python3 setup.py develop --editable --build-directory /home/teehee/ros2_ws/build/labs_pkg/build --no-deps install_data
