[3.807s] DEBUG:colcon:Command line arguments: ['/usr/bin/colcon', 'build', '--packages-select', 'exercise_3_4', '--symlink-install']
[3.807s] DEBUG:colcon:Parsed command line arguments: Namespace(log_base=None, log_level=None, verb_name='build', build_base='build', install_base='install', merge_install=False, symlink_install=True, test_result_base=None, continue_on_error=False, executor='parallel', parallel_workers=4, event_handlers=None, ignore_user_meta=False, metas=['./colcon.meta'], base_paths=['.'], packages_ignore=None, packages_ignore_regex=None, paths=None, packages_up_to=None, packages_up_to_regex=None, packages_above=None, packages_above_and_dependencies=None, packages_above_depth=None, packages_select_by_dep=None, packages_skip_by_dep=None, packages_skip_up_to=None, packages_select_build_failed=False, packages_skip_build_finished=False, packages_select_test_failures=False, packages_skip_test_passed=False, packages_select=['exercise_3_4'], packages_skip=None, packages_select_regex=None, packages_skip_regex=None, packages_start=None, packages_end=None, allow_overriding=[], cmake_args=None, cmake_target=None, cmake_target_skip_unavailable=False, cmake_clean_cache=False, cmake_clean_first=False, cmake_force_configure=False, ament_cmake_args=None, catkin_cmake_args=None, catkin_skip_building_tests=False, verb_parser=<colcon_defaults.argument_parser.defaults.DefaultArgumentsDecorator object at 0x7f64c745afb0>, verb_extension=<colcon_core.verb.build.BuildVerb object at 0x7f64c78b3d60>, main=<bound method BuildVerb.main of <colcon_core.verb.build.BuildVerb object at 0x7f64c78b3d60>>)
[4.090s] Level 1:colcon.colcon_core.package_discovery:discover_packages(colcon_meta) check parameters
[4.091s] Level 1:colcon.colcon_core.package_discovery:discover_packages(recursive) check parameters
[4.091s] Level 1:colcon.colcon_core.package_discovery:discover_packages(ignore) check parameters
[4.091s] Level 1:colcon.colcon_core.package_discovery:discover_packages(path) check parameters
[4.091s] Level 1:colcon.colcon_core.package_discovery:discover_packages(colcon_meta) discover
[4.091s] Level 1:colcon.colcon_core.package_discovery:discover_packages(recursive) discover
[4.091s] INFO:colcon.colcon_core.package_discovery:Crawling recursively for packages in '/home/teehee/ros2_ws'
[4.092s] Level 1:colcon.colcon_core.package_identification:_identify(.) by extensions ['ignore', 'ignore_ament_install']
[4.092s] Level 1:colcon.colcon_core.package_identification:_identify(.) by extension 'ignore'
[4.092s] Level 1:colcon.colcon_core.package_identification:_identify(.) by extension 'ignore_ament_install'
[4.092s] Level 1:colcon.colcon_core.package_identification:_identify(.) by extensions ['colcon_pkg']
[4.092s] Level 1:colcon.colcon_core.package_identification:_identify(.) by extension 'colcon_pkg'
[4.092s] Level 1:colcon.colcon_core.package_identification:_identify(.) by extensions ['colcon_meta']
[4.092s] Level 1:colcon.colcon_core.package_identification:_identify(.) by extension 'colcon_meta'
[4.092s] Level 1:colcon.colcon_core.package_identification:_identify(.) by extensions ['ros']
[4.092s] Level 1:colcon.colcon_core.package_identification:_identify(.) by extension 'ros'
[4.119s] Level 1:colcon.colcon_core.package_identification:_identify(.) by extensions ['cmake', 'python']
[4.120s] Level 1:colcon.colcon_core.package_identification:_identify(.) by extension 'cmake'
[4.120s] Level 1:colcon.colcon_core.package_identification:_identify(.) by extension 'python'
[4.120s] Level 1:colcon.colcon_core.package_identification:_identify(.) by extensions ['python_setup_py']
[4.120s] Level 1:colcon.colcon_core.package_identification:_identify(.) by extension 'python_setup_py'
[4.120s] Level 1:colcon.colcon_core.package_identification:_identify(build) by extensions ['ignore', 'ignore_ament_install']
[4.121s] Level 1:colcon.colcon_core.package_identification:_identify(build) by extension 'ignore'
[4.121s] Level 1:colcon.colcon_core.package_identification:_identify(build) ignored
[4.121s] Level 1:colcon.colcon_core.package_identification:_identify(install) by extensions ['ignore', 'ignore_ament_install']
[4.122s] Level 1:colcon.colcon_core.package_identification:_identify(install) by extension 'ignore'
[4.122s] Level 1:colcon.colcon_core.package_identification:_identify(install) ignored
[4.122s] Level 1:colcon.colcon_core.package_identification:_identify(log) by extensions ['ignore', 'ignore_ament_install']
[4.122s] Level 1:colcon.colcon_core.package_identification:_identify(log) by extension 'ignore'
[4.122s] Level 1:colcon.colcon_core.package_identification:_identify(log) ignored
[4.123s] Level 1:colcon.colcon_core.package_identification:_identify(src) by extensions ['ignore', 'ignore_ament_install']
[4.123s] Level 1:colcon.colcon_core.package_identification:_identify(src) by extension 'ignore'
[4.123s] Level 1:colcon.colcon_core.package_identification:_identify(src) by extension 'ignore_ament_install'
[4.123s] Level 1:colcon.colcon_core.package_identification:_identify(src) by extensions ['colcon_pkg']
[4.123s] Level 1:colcon.colcon_core.package_identification:_identify(src) by extension 'colcon_pkg'
[4.123s] Level 1:colcon.colcon_core.package_identification:_identify(src) by extensions ['colcon_meta']
[4.123s] Level 1:colcon.colcon_core.package_identification:_identify(src) by extension 'colcon_meta'
[4.123s] Level 1:colcon.colcon_core.package_identification:_identify(src) by extensions ['ros']
[4.123s] Level 1:colcon.colcon_core.package_identification:_identify(src) by extension 'ros'
[4.124s] Level 1:colcon.colcon_core.package_identification:_identify(src) by extensions ['cmake', 'python']
[4.124s] Level 1:colcon.colcon_core.package_identification:_identify(src) by extension 'cmake'
[4.124s] Level 1:colcon.colcon_core.package_identification:_identify(src) by extension 'python'
[4.124s] Level 1:colcon.colcon_core.package_identification:_identify(src) by extensions ['python_setup_py']
[4.124s] Level 1:colcon.colcon_core.package_identification:_identify(src) by extension 'python_setup_py'
[4.124s] Level 1:colcon.colcon_core.package_identification:_identify(src/example_pkg) by extensions ['ignore', 'ignore_ament_install']
[4.124s] Level 1:colcon.colcon_core.package_identification:_identify(src/example_pkg) by extension 'ignore'
[4.124s] Level 1:colcon.colcon_core.package_identification:_identify(src/example_pkg) by extension 'ignore_ament_install'
[4.124s] Level 1:colcon.colcon_core.package_identification:_identify(src/example_pkg) by extensions ['colcon_pkg']
[4.125s] Level 1:colcon.colcon_core.package_identification:_identify(src/example_pkg) by extension 'colcon_pkg'
[4.125s] Level 1:colcon.colcon_core.package_identification:_identify(src/example_pkg) by extensions ['colcon_meta']
[4.125s] Level 1:colcon.colcon_core.package_identification:_identify(src/example_pkg) by extension 'colcon_meta'
[4.125s] Level 1:colcon.colcon_core.package_identification:_identify(src/example_pkg) by extensions ['ros']
[4.125s] Level 1:colcon.colcon_core.package_identification:_identify(src/example_pkg) by extension 'ros'
[4.135s] DEBUG:colcon.colcon_core.package_identification:Package 'src/example_pkg' with type 'ros.ament_python' and name 'example_pkg'
[4.136s] Level 1:colcon.colcon_core.package_identification:_identify(src/exercise_3_4) by extensions ['ignore', 'ignore_ament_install']
[4.136s] Level 1:colcon.colcon_core.package_identification:_identify(src/exercise_3_4) by extension 'ignore'
[4.136s] Level 1:colcon.colcon_core.package_identification:_identify(src/exercise_3_4) by extension 'ignore_ament_install'
[4.136s] Level 1:colcon.colcon_core.package_identification:_identify(src/exercise_3_4) by extensions ['colcon_pkg']
[4.136s] Level 1:colcon.colcon_core.package_identification:_identify(src/exercise_3_4) by extension 'colcon_pkg'
[4.136s] Level 1:colcon.colcon_core.package_identification:_identify(src/exercise_3_4) by extensions ['colcon_meta']
[4.136s] Level 1:colcon.colcon_core.package_identification:_identify(src/exercise_3_4) by extension 'colcon_meta'
[4.136s] Level 1:colcon.colcon_core.package_identification:_identify(src/exercise_3_4) by extensions ['ros']
[4.137s] Level 1:colcon.colcon_core.package_identification:_identify(src/exercise_3_4) by extension 'ros'
[4.137s] DEBUG:colcon.colcon_core.package_identification:Package 'src/exercise_3_4' with type 'ros.ament_cmake' and name 'exercise_3_4'
[4.138s] Level 1:colcon.colcon_core.package_identification:_identify(src/exersice_2_1) by extensions ['ignore', 'ignore_ament_install']
[4.138s] Level 1:colcon.colcon_core.package_identification:_identify(src/exersice_2_1) by extension 'ignore'
[4.138s] Level 1:colcon.colcon_core.package_identification:_identify(src/exersice_2_1) by extension 'ignore_ament_install'
[4.138s] Level 1:colcon.colcon_core.package_identification:_identify(src/exersice_2_1) by extensions ['colcon_pkg']
[4.138s] Level 1:colcon.colcon_core.package_identification:_identify(src/exersice_2_1) by extension 'colcon_pkg'
[4.138s] Level 1:colcon.colcon_core.package_identification:_identify(src/exersice_2_1) by extensions ['colcon_meta']
[4.138s] Level 1:colcon.colcon_core.package_identification:_identify(src/exersice_2_1) by extension 'colcon_meta'
[4.139s] Level 1:colcon.colcon_core.package_identification:_identify(src/exersice_2_1) by extensions ['ros']
[4.139s] Level 1:colcon.colcon_core.package_identification:_identify(src/exersice_2_1) by extension 'ros'
[4.141s] DEBUG:colcon.colcon_core.package_identification:Package 'src/exersice_2_1' with type 'ros.ament_cmake' and name 'exersice_2_1'
[4.142s] Level 1:colcon.colcon_core.package_identification:_identify(src/exersice_2_2) by extensions ['ignore', 'ignore_ament_install']
[4.142s] Level 1:colcon.colcon_core.package_identification:_identify(src/exersice_2_2) by extension 'ignore'
[4.142s] Level 1:colcon.colcon_core.package_identification:_identify(src/exersice_2_2) by extension 'ignore_ament_install'
[4.142s] Level 1:colcon.colcon_core.package_identification:_identify(src/exersice_2_2) by extensions ['colcon_pkg']
[4.142s] Level 1:colcon.colcon_core.package_identification:_identify(src/exersice_2_2) by extension 'colcon_pkg'
[4.142s] Level 1:colcon.colcon_core.package_identification:_identify(src/exersice_2_2) by extensions ['colcon_meta']
[4.142s] Level 1:colcon.colcon_core.package_identification:_identify(src/exersice_2_2) by extension 'colcon_meta'
[4.142s] Level 1:colcon.colcon_core.package_identification:_identify(src/exersice_2_2) by extensions ['ros']
[4.142s] Level 1:colcon.colcon_core.package_identification:_identify(src/exersice_2_2) by extension 'ros'
[4.144s] DEBUG:colcon.colcon_core.package_identification:Package 'src/exersice_2_2' with type 'ros.ament_cmake' and name 'exersice_2_2'
[4.145s] Level 1:colcon.colcon_core.package_identification:_identify(src/lab2urdf) by extensions ['ignore', 'ignore_ament_install']
[4.145s] Level 1:colcon.colcon_core.package_identification:_identify(src/lab2urdf) by extension 'ignore'
[4.145s] Level 1:colcon.colcon_core.package_identification:_identify(src/lab2urdf) by extension 'ignore_ament_install'
[4.145s] Level 1:colcon.colcon_core.package_identification:_identify(src/lab2urdf) by extensions ['colcon_pkg']
[4.145s] Level 1:colcon.colcon_core.package_identification:_identify(src/lab2urdf) by extension 'colcon_pkg'
[4.145s] Level 1:colcon.colcon_core.package_identification:_identify(src/lab2urdf) by extensions ['colcon_meta']
[4.146s] Level 1:colcon.colcon_core.package_identification:_identify(src/lab2urdf) by extension 'colcon_meta'
[4.146s] Level 1:colcon.colcon_core.package_identification:_identify(src/lab2urdf) by extensions ['ros']
[4.146s] Level 1:colcon.colcon_core.package_identification:_identify(src/lab2urdf) by extension 'ros'
[4.148s] DEBUG:colcon.colcon_core.package_identification:Package 'src/lab2urdf' with type 'ros.ament_cmake' and name 'lab2urdf'
[4.148s] Level 1:colcon.colcon_core.package_identification:_identify(src/lab_exam2_pkg) by extensions ['ignore', 'ignore_ament_install']
[4.149s] Level 1:colcon.colcon_core.package_identification:_identify(src/lab_exam2_pkg) by extension 'ignore'
[4.149s] Level 1:colcon.colcon_core.package_identification:_identify(src/lab_exam2_pkg) by extension 'ignore_ament_install'
[4.149s] Level 1:colcon.colcon_core.package_identification:_identify(src/lab_exam2_pkg) by extensions ['colcon_pkg']
[4.149s] Level 1:colcon.colcon_core.package_identification:_identify(src/lab_exam2_pkg) by extension 'colcon_pkg'
[4.149s] Level 1:colcon.colcon_core.package_identification:_identify(src/lab_exam2_pkg) by extensions ['colcon_meta']
[4.150s] Level 1:colcon.colcon_core.package_identification:_identify(src/lab_exam2_pkg) by extension 'colcon_meta'
[4.150s] Level 1:colcon.colcon_core.package_identification:_identify(src/lab_exam2_pkg) by extensions ['ros']
[4.150s] Level 1:colcon.colcon_core.package_identification:_identify(src/lab_exam2_pkg) by extension 'ros'
[4.154s] DEBUG:colcon.colcon_core.package_identification:Package 'src/lab_exam2_pkg' with type 'ros.ament_python' and name 'lab_exam2_pkg'
[4.155s] Level 1:colcon.colcon_core.package_identification:_identify(src/lab_interfaces) by extensions ['ignore', 'ignore_ament_install']
[4.155s] Level 1:colcon.colcon_core.package_identification:_identify(src/lab_interfaces) by extension 'ignore'
[4.155s] Level 1:colcon.colcon_core.package_identification:_identify(src/lab_interfaces) by extension 'ignore_ament_install'
[4.156s] Level 1:colcon.colcon_core.package_identification:_identify(src/lab_interfaces) by extensions ['colcon_pkg']
[4.156s] Level 1:colcon.colcon_core.package_identification:_identify(src/lab_interfaces) by extension 'colcon_pkg'
[4.156s] Level 1:colcon.colcon_core.package_identification:_identify(src/lab_interfaces) by extensions ['colcon_meta']
[4.156s] Level 1:colcon.colcon_core.package_identification:_identify(src/lab_interfaces) by extension 'colcon_meta'
[4.156s] Level 1:colcon.colcon_core.package_identification:_identify(src/lab_interfaces) by extensions ['ros']
[4.156s] Level 1:colcon.colcon_core.package_identification:_identify(src/lab_interfaces) by extension 'ros'
[4.159s] DEBUG:colcon.colcon_core.package_identification:Package 'src/lab_interfaces' with type 'ros.ament_cmake' and name 'lab_interfaces'
[4.160s] Level 1:colcon.colcon_core.package_identification:_identify(src/labex6) by extensions ['ignore', 'ignore_ament_install']
[4.160s] Level 1:colcon.colcon_core.package_identification:_identify(src/labex6) by extension 'ignore'
[4.160s] Level 1:colcon.colcon_core.package_identification:_identify(src/labex6) by extension 'ignore_ament_install'
[4.160s] Level 1:colcon.colcon_core.package_identification:_identify(src/labex6) by extensions ['colcon_pkg']
[4.160s] Level 1:colcon.colcon_core.package_identification:_identify(src/labex6) by extension 'colcon_pkg'
[4.160s] Level 1:colcon.colcon_core.package_identification:_identify(src/labex6) by extensions ['colcon_meta']
[4.160s] Level 1:colcon.colcon_core.package_identification:_identify(src/labex6) by extension 'colcon_meta'
[4.161s] Level 1:colcon.colcon_core.package_identification:_identify(src/labex6) by extensions ['ros']
[4.161s] Level 1:colcon.colcon_core.package_identification:_identify(src/labex6) by extension 'ros'
[4.165s] DEBUG:colcon.colcon_core.package_identification:Package 'src/labex6' with type 'ros.ament_python' and name 'labex6'
[4.165s] Level 1:colcon.colcon_core.package_identification:_identify(src/labs_bringup) by extensions ['ignore', 'ignore_ament_install']
[4.166s] Level 1:colcon.colcon_core.package_identification:_identify(src/labs_bringup) by extension 'ignore'
[4.166s] Level 1:colcon.colcon_core.package_identification:_identify(src/labs_bringup) by extension 'ignore_ament_install'
[4.166s] Level 1:colcon.colcon_core.package_identification:_identify(src/labs_bringup) by extensions ['colcon_pkg']
[4.166s] Level 1:colcon.colcon_core.package_identification:_identify(src/labs_bringup) by extension 'colcon_pkg'
[4.166s] Level 1:colcon.colcon_core.package_identification:_identify(src/labs_bringup) by extensions ['colcon_meta']
[4.166s] Level 1:colcon.colcon_core.package_identification:_identify(src/labs_bringup) by extension 'colcon_meta'
[4.166s] Level 1:colcon.colcon_core.package_identification:_identify(src/labs_bringup) by extensions ['ros']
[4.167s] Level 1:colcon.colcon_core.package_identification:_identify(src/labs_bringup) by extension 'ros'
[4.169s] DEBUG:colcon.colcon_core.package_identification:Package 'src/labs_bringup' with type 'ros.ament_cmake' and name 'labs_bringup'
[4.169s] Level 1:colcon.colcon_core.package_identification:_identify(src/labs_pkg) by extensions ['ignore', 'ignore_ament_install']
[4.170s] Level 1:colcon.colcon_core.package_identification:_identify(src/labs_pkg) by extension 'ignore'
[4.170s] Level 1:colcon.colcon_core.package_identification:_identify(src/labs_pkg) by extension 'ignore_ament_install'
[4.170s] Level 1:colcon.colcon_core.package_identification:_identify(src/labs_pkg) by extensions ['colcon_pkg']
[4.170s] Level 1:colcon.colcon_core.package_identification:_identify(src/labs_pkg) by extension 'colcon_pkg'
[4.170s] Level 1:colcon.colcon_core.package_identification:_identify(src/labs_pkg) by extensions ['colcon_meta']
[4.170s] Level 1:colcon.colcon_core.package_identification:_identify(src/labs_pkg) by extension 'colcon_meta'
[4.170s] Level 1:colcon.colcon_core.package_identification:_identify(src/labs_pkg) by extensions ['ros']
[4.170s] Level 1:colcon.colcon_core.package_identification:_identify(src/labs_pkg) by extension 'ros'
[4.175s] DEBUG:colcon.colcon_core.package_identification:Package 'src/labs_pkg' with type 'ros.ament_python' and name 'labs_pkg'
[4.175s] Level 1:colcon.colcon_core.package_identification:_identify(src/robot1) by extensions ['ignore', 'ignore_ament_install']
[4.175s] Level 1:colcon.colcon_core.package_identification:_identify(src/robot1) by extension 'ignore'
[4.175s] Level 1:colcon.colcon_core.package_identification:_identify(src/robot1) by extension 'ignore_ament_install'
[4.175s] Level 1:colcon.colcon_core.package_identification:_identify(src/robot1) by extensions ['colcon_pkg']
[4.175s] Level 1:colcon.colcon_core.package_identification:_identify(src/robot1) by extension 'colcon_pkg'
[4.175s] Level 1:colcon.colcon_core.package_identification:_identify(src/robot1) by extensions ['colcon_meta']
[4.175s] Level 1:colcon.colcon_core.package_identification:_identify(src/robot1) by extension 'colcon_meta'
[4.176s] Level 1:colcon.colcon_core.package_identification:_identify(src/robot1) by extensions ['ros']
[4.176s] Level 1:colcon.colcon_core.package_identification:_identify(src/robot1) by extension 'ros'
[4.179s] DEBUG:colcon.colcon_core.package_identification:Package 'src/robot1' with type 'ros.ament_cmake' and name 'robot1'
[4.179s] Level 1:colcon.colcon_core.package_identification:_identify(src/tf2_pkg) by extensions ['ignore', 'ignore_ament_install']
[4.179s] Level 1:colcon.colcon_core.package_identification:_identify(src/tf2_pkg) by extension 'ignore'
[4.179s] Level 1:colcon.colcon_core.package_identification:_identify(src/tf2_pkg) by extension 'ignore_ament_install'
[4.179s] Level 1:colcon.colcon_core.package_identification:_identify(src/tf2_pkg) by extensions ['colcon_pkg']
[4.179s] Level 1:colcon.colcon_core.package_identification:_identify(src/tf2_pkg) by extension 'colcon_pkg'
[4.179s] Level 1:colcon.colcon_core.package_identification:_identify(src/tf2_pkg) by extensions ['colcon_meta']
[4.180s] Level 1:colcon.colcon_core.package_identification:_identify(src/tf2_pkg) by extension 'colcon_meta'
[4.180s] Level 1:colcon.colcon_core.package_identification:_identify(src/tf2_pkg) by extensions ['ros']
[4.180s] Level 1:colcon.colcon_core.package_identification:_identify(src/tf2_pkg) by extension 'ros'
[4.184s] DEBUG:colcon.colcon_core.package_identification:Package 'src/tf2_pkg' with type 'ros.ament_python' and name 'tf2_pkg'
[4.184s] Level 1:colcon.colcon_core.package_identification:_identify(src/urdf_example) by extensions ['ignore', 'ignore_ament_install']
[4.184s] Level 1:colcon.colcon_core.package_identification:_identify(src/urdf_example) by extension 'ignore'
[4.185s] Level 1:colcon.colcon_core.package_identification:_identify(src/urdf_example) by extension 'ignore_ament_install'
[4.185s] Level 1:colcon.colcon_core.package_identification:_identify(src/urdf_example) by extensions ['colcon_pkg']
[4.185s] Level 1:colcon.colcon_core.package_identification:_identify(src/urdf_example) by extension 'colcon_pkg'
[4.185s] Level 1:colcon.colcon_core.package_identification:_identify(src/urdf_example) by extensions ['colcon_meta']
[4.186s] Level 1:colcon.colcon_core.package_identification:_identify(src/urdf_example) by extension 'colcon_meta'
[4.186s] Level 1:colcon.colcon_core.package_identification:_identify(src/urdf_example) by extensions ['ros']
[4.186s] Level 1:colcon.colcon_core.package_identification:_identify(src/urdf_example) by extension 'ros'
[4.188s] DEBUG:colcon.colcon_core.package_identification:Package 'src/urdf_example' with type 'ros.ament_cmake' and name 'urdf_example'
[4.188s] Level 1:colcon.colcon_core.package_discovery:discover_packages(recursive) using defaults
[4.188s] Level 1:colcon.colcon_core.package_discovery:discover_packages(ignore) discover
[4.188s] Level 1:colcon.colcon_core.package_discovery:discover_packages(ignore) using defaults
[4.188s] Level 1:colcon.colcon_core.package_discovery:discover_packages(path) discover
[4.188s] Level 1:colcon.colcon_core.package_discovery:discover_packages(path) using defaults
[4.425s] INFO:colcon.colcon_core.package_selection:Skipping not selected package 'example_pkg' in 'src/example_pkg'
[4.426s] INFO:colcon.colcon_core.package_selection:Skipping not selected package 'exersice_2_1' in 'src/exersice_2_1'
[4.426s] INFO:colcon.colcon_core.package_selection:Skipping not selected package 'exersice_2_2' in 'src/exersice_2_2'
[4.426s] INFO:colcon.colcon_core.package_selection:Skipping not selected package 'lab2urdf' in 'src/lab2urdf'
[4.426s] INFO:colcon.colcon_core.package_selection:Skipping not selected package 'lab_interfaces' in 'src/lab_interfaces'
[4.426s] INFO:colcon.colcon_core.package_selection:Skipping not selected package 'robot1' in 'src/robot1'
[4.426s] INFO:colcon.colcon_core.package_selection:Skipping not selected package 'tf2_pkg' in 'src/tf2_pkg'
[4.426s] INFO:colcon.colcon_core.package_selection:Skipping not selected package 'urdf_example' in 'src/urdf_example'
[4.426s] INFO:colcon.colcon_core.package_selection:Skipping not selected package 'lab_exam2_pkg' in 'src/lab_exam2_pkg'
[4.426s] INFO:colcon.colcon_core.package_selection:Skipping not selected package 'labex6' in 'src/labex6'
[4.426s] INFO:colcon.colcon_core.package_selection:Skipping not selected package 'labs_bringup' in 'src/labs_bringup'
[4.426s] INFO:colcon.colcon_core.package_selection:Skipping not selected package 'labs_pkg' in 'src/labs_pkg'
[4.515s] Level 1:colcon.colcon_core.package_discovery:discover_packages(prefix_path) check parameters
[4.515s] Level 1:colcon.colcon_core.package_discovery:discover_packages(prefix_path) discover
[4.615s] DEBUG:colcon.colcon_installed_package_information.package_discovery:Found 11 installed packages in /home/teehee/ros2_ws/install
[4.656s] DEBUG:colcon.colcon_installed_package_information.package_discovery:Found 279 installed packages in /opt/ros/humble
[4.658s] Level 1:colcon.colcon_core.package_discovery:discover_packages(prefix_path) using defaults
[4.912s] Level 5:colcon.colcon_core.verb:set package 'exercise_3_4' build argument 'cmake_args' from command line to 'None'
[4.913s] Level 5:colcon.colcon_core.verb:set package 'exercise_3_4' build argument 'cmake_target' from command line to 'None'
[4.913s] Level 5:colcon.colcon_core.verb:set package 'exercise_3_4' build argument 'cmake_target_skip_unavailable' from command line to 'False'
[4.913s] Level 5:colcon.colcon_core.verb:set package 'exercise_3_4' build argument 'cmake_clean_cache' from command line to 'False'
[4.913s] Level 5:colcon.colcon_core.verb:set package 'exercise_3_4' build argument 'cmake_clean_first' from command line to 'False'
[4.913s] Level 5:colcon.colcon_core.verb:set package 'exercise_3_4' build argument 'cmake_force_configure' from command line to 'False'
[4.913s] Level 5:colcon.colcon_core.verb:set package 'exercise_3_4' build argument 'ament_cmake_args' from command line to 'None'
[4.914s] Level 5:colcon.colcon_core.verb:set package 'exercise_3_4' build argument 'catkin_cmake_args' from command line to 'None'
[4.914s] Level 5:colcon.colcon_core.verb:set package 'exercise_3_4' build argument 'catkin_skip_building_tests' from command line to 'False'
[4.914s] DEBUG:colcon.colcon_core.verb:Building package 'exercise_3_4' with the following arguments: {'ament_cmake_args': None, 'build_base': '/home/teehee/ros2_ws/build/exercise_3_4', 'catkin_cmake_args': None, 'catkin_skip_building_tests': False, 'cmake_args': None, 'cmake_clean_cache': False, 'cmake_clean_first': False, 'cmake_force_configure': False, 'cmake_target': None, 'cmake_target_skip_unavailable': False, 'install_base': '/home/teehee/ros2_ws/install/exercise_3_4', 'merge_install': False, 'path': '/home/teehee/ros2_ws/src/exercise_3_4', 'symlink_install': True, 'test_result_base': None}
[4.959s] INFO:colcon.colcon_core.executor:Executing jobs using 'parallel' executor
[5.005s] DEBUG:colcon.colcon_parallel_executor.executor.parallel:run_until_complete
[5.006s] INFO:colcon.colcon_ros.task.ament_cmake.build:Building ROS package in '/home/teehee/ros2_ws/src/exercise_3_4' with build type 'ament_cmake'
[5.006s] INFO:colcon.colcon_cmake.task.cmake.build:Building CMake package in '/home/teehee/ros2_ws/src/exercise_3_4'
[5.106s] INFO:colcon.colcon_core.plugin_system:Skipping extension 'colcon_core.shell.bat': Not used on non-Windows systems
[5.107s] INFO:colcon.colcon_core.shell:Skip shell extension 'powershell' for command environment: Not usable outside of PowerShell
[5.107s] DEBUG:colcon.colcon_core.shell:Skip shell extension 'dsv' for command environment
[5.246s] DEBUG:colcon.colcon_core.event_handler.log_command:Invoking command in '/home/teehee/ros2_ws/build/exercise_3_4': CMAKE_PREFIX_PATH=${CMAKE_PREFIX_PATH}:/home/teehee/ros2_ws/install/tf2_pkg:/home/teehee/ros2_ws/install/labs_pkg:/home/teehee/ros2_ws/install/labex6:/home/teehee/ros2_ws/install/lab_exam2_pkg:/home/teehee/ros2_ws/install/example_pkg:/opt/ros/humble /usr/bin/cmake /home/teehee/ros2_ws/src/exercise_3_4 -DAMENT_CMAKE_SYMLINK_INSTALL=1 -DCMAKE_INSTALL_PREFIX=/home/teehee/ros2_ws/install/exercise_3_4
[8.587s] DEBUG:colcon.colcon_core.event_handler.log_command:Invoked command in '/home/teehee/ros2_ws/build/exercise_3_4' returned '0': CMAKE_PREFIX_PATH=${CMAKE_PREFIX_PATH}:/home/teehee/ros2_ws/install/tf2_pkg:/home/teehee/ros2_ws/install/labs_pkg:/home/teehee/ros2_ws/install/labex6:/home/teehee/ros2_ws/install/lab_exam2_pkg:/home/teehee/ros2_ws/install/example_pkg:/opt/ros/humble /usr/bin/cmake /home/teehee/ros2_ws/src/exercise_3_4 -DAMENT_CMAKE_SYMLINK_INSTALL=1 -DCMAKE_INSTALL_PREFIX=/home/teehee/ros2_ws/install/exercise_3_4
[8.594s] DEBUG:colcon.colcon_core.event_handler.log_command:Invoking command in '/home/teehee/ros2_ws/build/exercise_3_4': CMAKE_PREFIX_PATH=${CMAKE_PREFIX_PATH}:/home/teehee/ros2_ws/install/tf2_pkg:/home/teehee/ros2_ws/install/labs_pkg:/home/teehee/ros2_ws/install/labex6:/home/teehee/ros2_ws/install/lab_exam2_pkg:/home/teehee/ros2_ws/install/example_pkg:/opt/ros/humble /usr/bin/cmake --build /home/teehee/ros2_ws/build/exercise_3_4 -- -j4 -l4
[8.710s] DEBUG:colcon.colcon_core.event_handler.log_command:Invoked command in '/home/teehee/ros2_ws/build/exercise_3_4' returned '0': CMAKE_PREFIX_PATH=${CMAKE_PREFIX_PATH}:/home/teehee/ros2_ws/install/tf2_pkg:/home/teehee/ros2_ws/install/labs_pkg:/home/teehee/ros2_ws/install/labex6:/home/teehee/ros2_ws/install/lab_exam2_pkg:/home/teehee/ros2_ws/install/example_pkg:/opt/ros/humble /usr/bin/cmake --build /home/teehee/ros2_ws/build/exercise_3_4 -- -j4 -l4
[8.832s] DEBUG:colcon.colcon_core.event_handler.log_command:Invoking command in '/home/teehee/ros2_ws/build/exercise_3_4': CMAKE_PREFIX_PATH=${CMAKE_PREFIX_PATH}:/home/teehee/ros2_ws/install/tf2_pkg:/home/teehee/ros2_ws/install/labs_pkg:/home/teehee/ros2_ws/install/labex6:/home/teehee/ros2_ws/install/lab_exam2_pkg:/home/teehee/ros2_ws/install/example_pkg:/opt/ros/humble /usr/bin/cmake --install /home/teehee/ros2_ws/build/exercise_3_4
[9.692s] Level 1:colcon.colcon_core.environment:create_environment_scripts_only(exercise_3_4)
[9.700s] DEBUG:colcon.colcon_core.event_handler.log_command:Invoked command in '/home/teehee/ros2_ws/build/exercise_3_4' returned '0': CMAKE_PREFIX_PATH=${CMAKE_PREFIX_PATH}:/home/teehee/ros2_ws/install/tf2_pkg:/home/teehee/ros2_ws/install/labs_pkg:/home/teehee/ros2_ws/install/labex6:/home/teehee/ros2_ws/install/lab_exam2_pkg:/home/teehee/ros2_ws/install/example_pkg:/opt/ros/humble /usr/bin/cmake --install /home/teehee/ros2_ws/build/exercise_3_4
[9.775s] Level 1:colcon.colcon_core.environment:checking '/home/teehee/ros2_ws/install/exercise_3_4' for CMake module files
[9.776s] Level 1:colcon.colcon_core.environment:checking '/home/teehee/ros2_ws/install/exercise_3_4' for CMake config files
[9.776s] Level 1:colcon.colcon_core.shell:create_environment_hook('exercise_3_4', 'cmake_prefix_path')
[9.818s] INFO:colcon.colcon_core.shell:Creating environment hook '/home/teehee/ros2_ws/install/exercise_3_4/share/exercise_3_4/hook/cmake_prefix_path.ps1'
[9.835s] INFO:colcon.colcon_core.shell:Creating environment descriptor '/home/teehee/ros2_ws/install/exercise_3_4/share/exercise_3_4/hook/cmake_prefix_path.dsv'
[9.837s] INFO:colcon.colcon_core.shell:Creating environment hook '/home/teehee/ros2_ws/install/exercise_3_4/share/exercise_3_4/hook/cmake_prefix_path.sh'
[9.841s] Level 1:colcon.colcon_core.environment:checking '/home/teehee/ros2_ws/install/exercise_3_4/bin'
[9.841s] Level 1:colcon.colcon_core.environment:checking '/home/teehee/ros2_ws/install/exercise_3_4/lib/pkgconfig/exercise_3_4.pc'
[9.841s] Level 1:colcon.colcon_core.environment:checking '/home/teehee/ros2_ws/install/exercise_3_4/lib/python3.10/site-packages'
[9.842s] Level 1:colcon.colcon_core.environment:checking '/home/teehee/ros2_ws/install/exercise_3_4/bin'
[9.886s] INFO:colcon.colcon_core.shell:Creating package script '/home/teehee/ros2_ws/install/exercise_3_4/share/exercise_3_4/package.ps1'
[9.902s] INFO:colcon.colcon_core.shell:Creating package descriptor '/home/teehee/ros2_ws/install/exercise_3_4/share/exercise_3_4/package.dsv'
[9.905s] INFO:colcon.colcon_core.shell:Creating package script '/home/teehee/ros2_ws/install/exercise_3_4/share/exercise_3_4/package.sh'
[9.908s] INFO:colcon.colcon_core.shell:Creating package script '/home/teehee/ros2_ws/install/exercise_3_4/share/exercise_3_4/package.bash'
[9.912s] INFO:colcon.colcon_core.shell:Creating package script '/home/teehee/ros2_ws/install/exercise_3_4/share/exercise_3_4/package.zsh'
[9.934s] Level 1:colcon.colcon_core.environment:create_file_with_runtime_dependencies(/home/teehee/ros2_ws/install/exercise_3_4/share/colcon-core/packages/exercise_3_4)
[10.099s] Level 1:colcon.colcon_core.environment:create_environment_scripts_only(exercise_3_4)
[10.142s] Level 1:colcon.colcon_core.environment:checking '/home/teehee/ros2_ws/install/exercise_3_4' for CMake module files
[10.143s] Level 1:colcon.colcon_core.environment:checking '/home/teehee/ros2_ws/install/exercise_3_4' for CMake config files
[10.144s] Level 1:colcon.colcon_core.shell:create_environment_hook('exercise_3_4', 'cmake_prefix_path')
[10.192s] INFO:colcon.colcon_core.shell:Creating environment hook '/home/teehee/ros2_ws/install/exercise_3_4/share/exercise_3_4/hook/cmake_prefix_path.ps1'
[10.193s] INFO:colcon.colcon_core.shell:Creating environment descriptor '/home/teehee/ros2_ws/install/exercise_3_4/share/exercise_3_4/hook/cmake_prefix_path.dsv'
[10.195s] INFO:colcon.colcon_core.shell:Creating environment hook '/home/teehee/ros2_ws/install/exercise_3_4/share/exercise_3_4/hook/cmake_prefix_path.sh'
[10.196s] Level 1:colcon.colcon_core.environment:checking '/home/teehee/ros2_ws/install/exercise_3_4/bin'
[10.197s] Level 1:colcon.colcon_core.environment:checking '/home/teehee/ros2_ws/install/exercise_3_4/lib/pkgconfig/exercise_3_4.pc'
[10.197s] Level 1:colcon.colcon_core.environment:checking '/home/teehee/ros2_ws/install/exercise_3_4/lib/python3.10/site-packages'
[10.197s] Level 1:colcon.colcon_core.environment:checking '/home/teehee/ros2_ws/install/exercise_3_4/bin'
[10.231s] INFO:colcon.colcon_core.shell:Creating package script '/home/teehee/ros2_ws/install/exercise_3_4/share/exercise_3_4/package.ps1'
[10.232s] INFO:colcon.colcon_core.shell:Creating package descriptor '/home/teehee/ros2_ws/install/exercise_3_4/share/exercise_3_4/package.dsv'
[10.234s] INFO:colcon.colcon_core.shell:Creating package script '/home/teehee/ros2_ws/install/exercise_3_4/share/exercise_3_4/package.sh'
[10.236s] INFO:colcon.colcon_core.shell:Creating package script '/home/teehee/ros2_ws/install/exercise_3_4/share/exercise_3_4/package.bash'
[10.238s] INFO:colcon.colcon_core.shell:Creating package script '/home/teehee/ros2_ws/install/exercise_3_4/share/exercise_3_4/package.zsh'
[10.239s] Level 1:colcon.colcon_core.environment:create_file_with_runtime_dependencies(/home/teehee/ros2_ws/install/exercise_3_4/share/colcon-core/packages/exercise_3_4)
[10.241s] DEBUG:colcon.colcon_parallel_executor.executor.parallel:closing loop
[10.243s] DEBUG:colcon.colcon_parallel_executor.executor.parallel:loop closed
[10.243s] DEBUG:colcon.colcon_parallel_executor.executor.parallel:run_until_complete finished with '0'
[10.244s] DEBUG:colcon.colcon_core.event_reactor:joining thread
[10.342s] INFO:colcon.colcon_core.plugin_system:Skipping extension 'colcon_notification.desktop_notification.terminal_notifier': Not used on non-Darwin systems
[10.342s] INFO:colcon.colcon_core.plugin_system:Skipping extension 'colcon_notification.desktop_notification.win32': Not used on non-Windows systems
[10.342s] INFO:colcon.colcon_notification.desktop_notification:Sending desktop notification using 'notify2'
[10.433s] DEBUG:colcon.colcon_core.event_reactor:joined thread
[10.471s] INFO:colcon.colcon_core.shell:Creating prefix script '/home/teehee/ros2_ws/install/local_setup.ps1'
[10.479s] INFO:colcon.colcon_core.shell:Creating prefix util module '/home/teehee/ros2_ws/install/_local_setup_util_ps1.py'
[10.511s] INFO:colcon.colcon_core.shell:Creating prefix chain script '/home/teehee/ros2_ws/install/setup.ps1'
[10.603s] INFO:colcon.colcon_core.shell:Creating prefix script '/home/teehee/ros2_ws/install/local_setup.sh'
[10.606s] INFO:colcon.colcon_core.shell:Creating prefix util module '/home/teehee/ros2_ws/install/_local_setup_util_sh.py'
[10.607s] INFO:colcon.colcon_core.shell:Creating prefix chain script '/home/teehee/ros2_ws/install/setup.sh'
[10.730s] INFO:colcon.colcon_core.shell:Creating prefix script '/home/teehee/ros2_ws/install/local_setup.bash'
[10.735s] INFO:colcon.colcon_core.shell:Creating prefix chain script '/home/teehee/ros2_ws/install/setup.bash'
[10.828s] INFO:colcon.colcon_core.shell:Creating prefix script '/home/teehee/ros2_ws/install/local_setup.zsh'
[10.834s] INFO:colcon.colcon_core.shell:Creating prefix chain script '/home/teehee/ros2_ws/install/setup.zsh'
