[0.852s] Invoking command in '/home/teehee/ros2_ws/src/lab_exam2_pkg': CMAKE_PREFIX_PATH=/home/teehee/ros2_ws/install/lab_interfaces:/home/teehee/ros2_ws/install/exersice_2_1:/home/teehee/ros2_ws/install/urdf_example:/home/teehee/ros2_ws/install/labs_bringup PYTHONPATH=/home/teehee/ros2_ws/build/lab_exam2_pkg/prefix_override:/home/teehee/ros2_ws/install/lab_exam2_pkg/lib/python3.10/site-packages:${PYTHONPATH} /usr/bin/python3 setup.py egg_info --egg-base ../../build/lab_exam2_pkg build --build-base /home/teehee/ros2_ws/build/lab_exam2_pkg/build install --record /home/teehee/ros2_ws/build/lab_exam2_pkg/install.log --single-version-externally-managed
[0.968s] running egg_info
[0.969s] writing ../../build/lab_exam2_pkg/lab_exam2_pkg.egg-info/PKG-INFO
[0.969s] writing dependency_links to ../../build/lab_exam2_pkg/lab_exam2_pkg.egg-info/dependency_links.txt
[0.970s] writing entry points to ../../build/lab_exam2_pkg/lab_exam2_pkg.egg-info/entry_points.txt
[0.970s] writing requirements to ../../build/lab_exam2_pkg/lab_exam2_pkg.egg-info/requires.txt
[0.970s] writing top-level names to ../../build/lab_exam2_pkg/lab_exam2_pkg.egg-info/top_level.txt
[0.972s] reading manifest file '../../build/lab_exam2_pkg/lab_exam2_pkg.egg-info/SOURCES.txt'
[0.972s] writing manifest file '../../build/lab_exam2_pkg/lab_exam2_pkg.egg-info/SOURCES.txt'
[0.972s] running build
[0.972s] running build_py
[0.972s] running install
[0.972s] /usr/lib/python3/dist-packages/setuptools/command/install.py:34: SetuptoolsDeprecationWarning: setup.py install is deprecated. Use build and pip and other standards-based tools.
[0.972s]   warnings.warn(
[0.973s] running install_lib
[0.973s] running install_data
[0.974s] running install_egg_info
[0.974s] removing '/home/teehee/ros2_ws/install/lab_exam2_pkg/lib/python3.10/site-packages/lab_exam2_pkg-0.0.0-py3.10.egg-info' (and everything under it)
[0.975s] Copying ../../build/lab_exam2_pkg/lab_exam2_pkg.egg-info to /home/teehee/ros2_ws/install/lab_exam2_pkg/lib/python3.10/site-packages/lab_exam2_pkg-0.0.0-py3.10.egg-info
[0.975s] running install_scripts
[1.009s] Installing movefile script to /home/teehee/ros2_ws/install/lab_exam2_pkg/lib/lab_exam2_pkg
[1.009s] Installing turtlesim_scan script to /home/teehee/ros2_ws/install/lab_exam2_pkg/lib/lab_exam2_pkg
[1.009s] writing list of installed files to '/home/teehee/ros2_ws/build/lab_exam2_pkg/install.log'
[1.048s] Invoked command in '/home/teehee/ros2_ws/src/lab_exam2_pkg' returned '0': CMAKE_PREFIX_PATH=/home/teehee/ros2_ws/install/lab_interfaces:/home/teehee/ros2_ws/install/exersice_2_1:/home/teehee/ros2_ws/install/urdf_example:/home/teehee/ros2_ws/install/labs_bringup PYTHONPATH=/home/teehee/ros2_ws/build/lab_exam2_pkg/prefix_override:/home/teehee/ros2_ws/install/lab_exam2_pkg/lib/python3.10/site-packages:${PYTHONPATH} /usr/bin/python3 setup.py egg_info --egg-base ../../build/lab_exam2_pkg build --build-base /home/teehee/ros2_ws/build/lab_exam2_pkg/build install --record /home/teehee/ros2_ws/build/lab_exam2_pkg/install.log --single-version-externally-managed
