[0.013s] Invoking command in '/home/teehee/followTheLeader/build/action_interfaces': CMAKE_PREFIX_PATH=${CMAKE_PREFIX_PATH}:/home/teehee/ros2_ws/install/tf2_pkg:/home/teehee/ros2_ws/install/pylab_exam1:/home/teehee/ros2_ws/install/pylab05:/home/teehee/ros2_ws/install/pylab04:/home/teehee/ros2_ws/install/labs_pkg:/home/teehee/ros2_ws/install/labex6:/home/teehee/ros2_ws/install/lab_exam2_pkg:/home/teehee/ros2_ws/install/example_pkg:/opt/ros/humble /usr/bin/cmake --build /home/teehee/followTheLeader/build/action_interfaces -- -j8 -l8
[0.050s] [  3%] Built target action_interfaces__cpp
[0.073s] [  3%] Built target ament_cmake_python_symlink_action_interfaces
[0.090s] [ 12%] Built target action_interfaces__rosidl_typesupport_introspection_cpp
[0.235s] running egg_info
[0.235s] writing action_interfaces.egg-info/PKG-INFO
[0.236s] writing dependency_links to action_interfaces.egg-info/dependency_links.txt
[0.238s] writing top-level names to action_interfaces.egg-info/top_level.txt
[0.246s] reading manifest file 'action_interfaces.egg-info/SOURCES.txt'
[0.246s] writing manifest file 'action_interfaces.egg-info/SOURCES.txt'
[0.299s] [ 12%] Built target ament_cmake_python_build_action_interfaces_egg
[0.323s] [ 22%] Built target action_interfaces__rosidl_typesupport_fastrtps_cpp
[0.359s] [ 32%] Built target action_interfaces__rosidl_typesupport_cpp
[0.376s] [ 41%] Built target action_interfaces__rosidl_generator_c
[0.393s] [ 51%] Built target action_interfaces__rosidl_typesupport_fastrtps_c
[0.409s] [ 61%] Built target action_interfaces__rosidl_typesupport_c
[0.426s] [ 70%] Built target action_interfaces__rosidl_typesupport_introspection_c
[0.444s] [ 70%] Built target action_interfaces
[0.448s] gmake[1]: *** [CMakeFiles/Makefile2:589: action_interfaces__py/CMakeFiles/action_interfaces__py.dir/all] Interrupt
[0.449s] gmake: *** [Makefile:146: all] Interrupt
[0.454s] Invoked command in '/home/teehee/followTheLeader/build/action_interfaces' returned '-2': CMAKE_PREFIX_PATH=${CMAKE_PREFIX_PATH}:/home/teehee/ros2_ws/install/tf2_pkg:/home/teehee/ros2_ws/install/pylab_exam1:/home/teehee/ros2_ws/install/pylab05:/home/teehee/ros2_ws/install/pylab04:/home/teehee/ros2_ws/install/labs_pkg:/home/teehee/ros2_ws/install/labex6:/home/teehee/ros2_ws/install/lab_exam2_pkg:/home/teehee/ros2_ws/install/example_pkg:/opt/ros/humble /usr/bin/cmake --build /home/teehee/followTheLeader/build/action_interfaces -- -j8 -l8
