[0.100s] Invoking command in '/home/.engr-ece/rgz834/lab_05/src/build/lab_05': CMAKE_PREFIX_PATH=${CMAKE_PREFIX_PATH}:/home/rgz834/engr-ece/ros2_ws/install/tf2_pkg:/home/rgz834/engr-ece/ros2_ws/install/labs_pkg:/home/rgz834/engr-ece/ros2_ws/install/labex6:/home/rgz834/engr-ece/ros2_ws/install/labex13_pkg:/home/rgz834/engr-ece/ros2_ws/install/lab_exam3_pkg:/home/rgz834/engr-ece/ros2_ws/install/lab_exam2_pkg:/home/rgz834/engr-ece/ros2_ws/install/lab_4_pkg:/opt/ros/humble /usr/bin/cmake /home/.engr-ece/rgz834/lab_05/src/lab_05 -DAMENT_CMAKE_SYMLINK_INSTALL=1 -DCMAKE_INSTALL_PREFIX=/home/.engr-ece/rgz834/lab_05/src/install/lab_05
[0.235s] -- The C compiler identification is GNU 11.4.0
[0.368s] -- The CXX compiler identification is GNU 11.4.0
[0.390s] -- Detecting C compiler ABI info
[0.750s] -- Detecting C compiler ABI info - done
[0.768s] -- Check for working C compiler: /usr/bin/cc - skipped
[0.769s] -- Detecting C compile features
[0.769s] -- Detecting C compile features - done
[0.787s] -- Detecting CXX compiler ABI info
[1.079s] -- Detecting CXX compiler ABI info - done
[1.101s] -- Check for working CXX compiler: /usr/bin/c++ - skipped
[1.102s] -- Detecting CXX compile features
[1.103s] -- Detecting CXX compile features - done
[1.175s] -- Found ament_cmake: 1.3.5 (/opt/ros/humble/share/ament_cmake/cmake)
[1.452s] -- Found Python3: /usr/bin/python3.10 (found version "3.10.12") found components: Interpreter 
[1.548s] -- Override CMake install command with custom implementation using symlinks instead of copying resources
[2.350s] -- Found ament_lint_auto: 0.12.7 (/opt/ros/humble/share/ament_lint_auto/cmake)
[3.025s] -- Added test 'flake8' to check Python code syntax and style conventions
[3.039s] -- Added test 'lint_cmake' to check CMake code style
[3.047s] -- Added test 'pep257' to check Python code against some of the docstring style conventions in PEP 257
[3.093s] -- Added test 'xmllint' to check XML markup files
[3.152s] -- Configuring done
[3.306s] -- Generating done
[3.343s] -- Build files have been written to: /home/.engr-ece/rgz834/lab_05/src/build/lab_05
[3.346s] Invoked command in '/home/.engr-ece/rgz834/lab_05/src/build/lab_05' returned '0': CMAKE_PREFIX_PATH=${CMAKE_PREFIX_PATH}:/home/rgz834/engr-ece/ros2_ws/install/tf2_pkg:/home/rgz834/engr-ece/ros2_ws/install/labs_pkg:/home/rgz834/engr-ece/ros2_ws/install/labex6:/home/rgz834/engr-ece/ros2_ws/install/labex13_pkg:/home/rgz834/engr-ece/ros2_ws/install/lab_exam3_pkg:/home/rgz834/engr-ece/ros2_ws/install/lab_exam2_pkg:/home/rgz834/engr-ece/ros2_ws/install/lab_4_pkg:/opt/ros/humble /usr/bin/cmake /home/.engr-ece/rgz834/lab_05/src/lab_05 -DAMENT_CMAKE_SYMLINK_INSTALL=1 -DCMAKE_INSTALL_PREFIX=/home/.engr-ece/rgz834/lab_05/src/install/lab_05
[3.350s] Invoking command in '/home/.engr-ece/rgz834/lab_05/src/build/lab_05': CMAKE_PREFIX_PATH=${CMAKE_PREFIX_PATH}:/home/rgz834/engr-ece/ros2_ws/install/tf2_pkg:/home/rgz834/engr-ece/ros2_ws/install/labs_pkg:/home/rgz834/engr-ece/ros2_ws/install/labex6:/home/rgz834/engr-ece/ros2_ws/install/labex13_pkg:/home/rgz834/engr-ece/ros2_ws/install/lab_exam3_pkg:/home/rgz834/engr-ece/ros2_ws/install/lab_exam2_pkg:/home/rgz834/engr-ece/ros2_ws/install/lab_4_pkg:/opt/ros/humble /usr/bin/cmake --build /home/.engr-ece/rgz834/lab_05/src/build/lab_05 -- -j16 -l16
[3.389s] Invoked command in '/home/.engr-ece/rgz834/lab_05/src/build/lab_05' returned '0': CMAKE_PREFIX_PATH=${CMAKE_PREFIX_PATH}:/home/rgz834/engr-ece/ros2_ws/install/tf2_pkg:/home/rgz834/engr-ece/ros2_ws/install/labs_pkg:/home/rgz834/engr-ece/ros2_ws/install/labex6:/home/rgz834/engr-ece/ros2_ws/install/labex13_pkg:/home/rgz834/engr-ece/ros2_ws/install/lab_exam3_pkg:/home/rgz834/engr-ece/ros2_ws/install/lab_exam2_pkg:/home/rgz834/engr-ece/ros2_ws/install/lab_4_pkg:/opt/ros/humble /usr/bin/cmake --build /home/.engr-ece/rgz834/lab_05/src/build/lab_05 -- -j16 -l16
[3.415s] Invoking command in '/home/.engr-ece/rgz834/lab_05/src/build/lab_05': CMAKE_PREFIX_PATH=${CMAKE_PREFIX_PATH}:/home/rgz834/engr-ece/ros2_ws/install/tf2_pkg:/home/rgz834/engr-ece/ros2_ws/install/labs_pkg:/home/rgz834/engr-ece/ros2_ws/install/labex6:/home/rgz834/engr-ece/ros2_ws/install/labex13_pkg:/home/rgz834/engr-ece/ros2_ws/install/lab_exam3_pkg:/home/rgz834/engr-ece/ros2_ws/install/lab_exam2_pkg:/home/rgz834/engr-ece/ros2_ws/install/lab_4_pkg:/opt/ros/humble /usr/bin/cmake --install /home/.engr-ece/rgz834/lab_05/src/build/lab_05
[3.421s] -- Install configuration: ""
[3.463s] -- Execute custom install script
[3.463s] -- Symlinking: /home/.engr-ece/rgz834/lab_05/src/install/lab_05/share/lab_05/description/box.sdf
[3.463s] -- Symlinking: /home/.engr-ece/rgz834/lab_05/src/install/lab_05/share/lab_05/description/box.urdf
[3.463s] -- Symlinking: /home/.engr-ece/rgz834/lab_05/src/install/lab_05/share/lab_05/description/box.urdf.xacro
[3.467s] -- Symlinking: /home/.engr-ece/rgz834/lab_05/src/install/lab_05/share/lab_05/description/box.xacro
[3.475s] -- Symlinking: /home/.engr-ece/rgz834/lab_05/src/install/lab_05/share/lab_05/description/camera.xacro
[3.484s] -- Symlinking: /home/.engr-ece/rgz834/lab_05/src/install/lab_05/share/lab_05/description/colours.xacro
[3.492s] -- Symlinking: /home/.engr-ece/rgz834/lab_05/src/install/lab_05/share/lab_05/description/cubes.sdf
[3.501s] -- Symlinking: /home/.engr-ece/rgz834/lab_05/src/install/lab_05/share/lab_05/description/cubes.urdf
[3.510s] -- Symlinking: /home/.engr-ece/rgz834/lab_05/src/install/lab_05/share/lab_05/description/cubes.urdf.xacro
[3.518s] -- Symlinking: /home/.engr-ece/rgz834/lab_05/src/install/lab_05/share/lab_05/description/cubes.xacro
[3.526s] -- Symlinking: /home/.engr-ece/rgz834/lab_05/src/install/lab_05/share/lab_05/description/depth_camera.xacro
[3.536s] -- Symlinking: /home/.engr-ece/rgz834/lab_05/src/install/lab_05/share/lab_05/description/gazebo.xacro
[3.546s] -- Symlinking: /home/.engr-ece/rgz834/lab_05/src/install/lab_05/share/lab_05/description/inertial.xacro
[3.554s] -- Symlinking: /home/.engr-ece/rgz834/lab_05/src/install/lab_05/share/lab_05/description/lidar.xacro
[3.564s] -- Symlinking: /home/.engr-ece/rgz834/lab_05/src/install/lab_05/share/lab_05/description/robot.sdf
[3.573s] -- Symlinking: /home/.engr-ece/rgz834/lab_05/src/install/lab_05/share/lab_05/description/robot.urdf
[3.581s] -- Symlinking: /home/.engr-ece/rgz834/lab_05/src/install/lab_05/share/lab_05/description/robot.urdf.xacro
[3.589s] -- Symlinking: /home/.engr-ece/rgz834/lab_05/src/install/lab_05/share/lab_05/description/robot_core.xacro
[3.603s] -- Symlinking: /home/.engr-ece/rgz834/lab_05/src/install/lab_05/share/lab_05/launch/rsp.launch.py
[3.614s] [33mCMake Warning (dev) at ament_cmake_symlink_install/ament_cmake_symlink_install.cmake:62 (file):
[3.615s]   Policy CMP0009 is not set: FILE GLOB_RECURSE calls should not follow
[3.615s]   symlinks by default.  Run "cmake --help-policy CMP0009" for policy details.
[3.615s]   Use the cmake_policy command to set the policy and suppress this warning.
[3.615s] Call Stack (most recent call first):
[3.615s]   ament_cmake_symlink_install/ament_cmake_symlink_install.cmake:314 (ament_cmake_symlink_install_directory)
[3.615s]   cmake_install.cmake:46 (include)
[3.615s] This warning is for project developers.  Use -Wno-dev to suppress it.
[3.615s] [0m
[3.620s] -- Symlinking: /home/.engr-ece/rgz834/lab_05/src/install/lab_05/share/lab_05/worlds/bridges.yaml
[3.635s] -- Symlinking: /home/.engr-ece/rgz834/lab_05/src/install/lab_05/share/lab_05/worlds/build/.built_by
[3.692s] -- Symlinking: /home/.engr-ece/rgz834/lab_05/src/install/lab_05/share/lab_05/worlds/build/COLCON_IGNORE
[3.692s] -- Symlinking: /home/.engr-ece/rgz834/lab_05/src/install/lab_05/share/lab_05/worlds/cleanup.sh
[3.692s] -- Symlinking: /home/.engr-ece/rgz834/lab_05/src/install/lab_05/share/lab_05/worlds/ex_4_2.sdf
[3.692s] -- Symlinking: /home/.engr-ece/rgz834/lab_05/src/install/lab_05/share/lab_05/worlds/ex_4_5.sdf
[3.692s] -- Symlinking: /home/.engr-ece/rgz834/lab_05/src/install/lab_05/share/lab_05/worlds/ex_5_1.sdf
[3.692s] -- Symlinking: /home/.engr-ece/rgz834/lab_05/src/install/lab_05/share/lab_05/worlds/ex_5_1.sh
[3.728s] -- Symlinking: /home/.engr-ece/rgz834/lab_05/src/install/lab_05/share/lab_05/worlds/ex_5_3.sdf
[3.728s] -- Symlinking: /home/.engr-ece/rgz834/lab_05/src/install/lab_05/share/lab_05/worlds/install/.colcon_install_layout
[3.728s] -- Symlinking: /home/.engr-ece/rgz834/lab_05/src/install/lab_05/share/lab_05/worlds/install/COLCON_IGNORE
[3.730s] -- Symlinking: /home/.engr-ece/rgz834/lab_05/src/install/lab_05/share/lab_05/worlds/install/_local_setup_util_ps1.py
[3.739s] -- Symlinking: /home/.engr-ece/rgz834/lab_05/src/install/lab_05/share/lab_05/worlds/install/_local_setup_util_sh.py
[3.748s] -- Symlinking: /home/.engr-ece/rgz834/lab_05/src/install/lab_05/share/lab_05/worlds/install/local_setup.bash
[3.756s] -- Symlinking: /home/.engr-ece/rgz834/lab_05/src/install/lab_05/share/lab_05/worlds/install/local_setup.ps1
[3.766s] -- Symlinking: /home/.engr-ece/rgz834/lab_05/src/install/lab_05/share/lab_05/worlds/install/local_setup.sh
[3.775s] -- Symlinking: /home/.engr-ece/rgz834/lab_05/src/install/lab_05/share/lab_05/worlds/install/local_setup.zsh
[3.784s] -- Symlinking: /home/.engr-ece/rgz834/lab_05/src/install/lab_05/share/lab_05/worlds/install/setup.bash
[3.792s] -- Symlinking: /home/.engr-ece/rgz834/lab_05/src/install/lab_05/share/lab_05/worlds/install/setup.ps1
[3.801s] -- Symlinking: /home/.engr-ece/rgz834/lab_05/src/install/lab_05/share/lab_05/worlds/install/setup.sh
[3.809s] -- Symlinking: /home/.engr-ece/rgz834/lab_05/src/install/lab_05/share/lab_05/worlds/install/setup.zsh
[3.823s] -- Symlinking: /home/.engr-ece/rgz834/lab_05/src/install/lab_05/share/lab_05/worlds/log/COLCON_IGNORE
[3.838s] -- Symlinking: /home/.engr-ece/rgz834/lab_05/src/install/lab_05/share/lab_05/worlds/log/build_2024-02-08_12-33-30/events.log
[3.847s] -- Symlinking: /home/.engr-ece/rgz834/lab_05/src/install/lab_05/share/lab_05/worlds/log/build_2024-02-08_12-33-30/logger_all.log
[3.862s] -- Symlinking: /home/.engr-ece/rgz834/lab_05/src/install/lab_05/share/lab_05/worlds/log/latest/events.log
[3.876s] -- Symlinking: /home/.engr-ece/rgz834/lab_05/src/install/lab_05/share/lab_05/worlds/log/latest/logger_all.log
[3.891s] -- Symlinking: /home/.engr-ece/rgz834/lab_05/src/install/lab_05/share/lab_05/worlds/log/latest_build/events.log
[3.900s] -- Symlinking: /home/.engr-ece/rgz834/lab_05/src/install/lab_05/share/lab_05/worlds/log/latest_build/logger_all.log
[3.919s] -- Symlinking: /home/.engr-ece/rgz834/lab_05/src/install/lab_05/share/ament_index/resource_index/package_run_dependencies/lab_05
[3.934s] -- Symlinking: /home/.engr-ece/rgz834/lab_05/src/install/lab_05/share/ament_index/resource_index/parent_prefix_path/lab_05
[3.948s] -- Symlinking: /home/.engr-ece/rgz834/lab_05/src/install/lab_05/share/lab_05/environment/ament_prefix_path.sh
[3.958s] -- Symlinking: /home/.engr-ece/rgz834/lab_05/src/install/lab_05/share/lab_05/environment/ament_prefix_path.dsv
[3.968s] -- Symlinking: /home/.engr-ece/rgz834/lab_05/src/install/lab_05/share/lab_05/environment/path.sh
[3.977s] -- Symlinking: /home/.engr-ece/rgz834/lab_05/src/install/lab_05/share/lab_05/environment/path.dsv
[3.986s] -- Symlinking: /home/.engr-ece/rgz834/lab_05/src/install/lab_05/share/lab_05/local_setup.bash
[3.995s] -- Symlinking: /home/.engr-ece/rgz834/lab_05/src/install/lab_05/share/lab_05/local_setup.sh
[4.004s] -- Symlinking: /home/.engr-ece/rgz834/lab_05/src/install/lab_05/share/lab_05/local_setup.zsh
[4.013s] -- Symlinking: /home/.engr-ece/rgz834/lab_05/src/install/lab_05/share/lab_05/local_setup.dsv
[4.022s] -- Symlinking: /home/.engr-ece/rgz834/lab_05/src/install/lab_05/share/lab_05/package.dsv
[4.036s] -- Symlinking: /home/.engr-ece/rgz834/lab_05/src/install/lab_05/share/ament_index/resource_index/packages/lab_05
[4.051s] -- Symlinking: /home/.engr-ece/rgz834/lab_05/src/install/lab_05/share/lab_05/cmake/lab_05Config.cmake
[4.061s] -- Symlinking: /home/.engr-ece/rgz834/lab_05/src/install/lab_05/share/lab_05/cmake/lab_05Config-version.cmake
[4.070s] -- Symlinking: /home/.engr-ece/rgz834/lab_05/src/install/lab_05/share/lab_05/package.xml
[4.080s] Invoked command in '/home/.engr-ece/rgz834/lab_05/src/build/lab_05' returned '0': CMAKE_PREFIX_PATH=${CMAKE_PREFIX_PATH}:/home/rgz834/engr-ece/ros2_ws/install/tf2_pkg:/home/rgz834/engr-ece/ros2_ws/install/labs_pkg:/home/rgz834/engr-ece/ros2_ws/install/labex6:/home/rgz834/engr-ece/ros2_ws/install/labex13_pkg:/home/rgz834/engr-ece/ros2_ws/install/lab_exam3_pkg:/home/rgz834/engr-ece/ros2_ws/install/lab_exam2_pkg:/home/rgz834/engr-ece/ros2_ws/install/lab_4_pkg:/opt/ros/humble /usr/bin/cmake --install /home/.engr-ece/rgz834/lab_05/src/build/lab_05
