[1.345s] Invoking command in '/home/teehee/ros2_ws/build/tf2_pkg': PYTHONPATH=/home/teehee/ros2_ws/build/tf2_pkg/prefix_override:/home/teehee/ros2_ws/install/tf2_pkg/lib/python3.10/site-packages:${PYTHONPATH} /usr/bin/python3 setup.py develop --editable --build-directory /home/teehee/ros2_ws/build/tf2_pkg/build --no-deps install_data
[1.737s] running develop
[1.740s] /usr/lib/python3/dist-packages/setuptools/command/easy_install.py:158: EasyInstallDeprecationWarning: easy_install command is deprecated. Use build and pip and other standards-based tools.
[1.740s]   warnings.warn(
[1.743s] /usr/lib/python3/dist-packages/setuptools/command/install.py:34: SetuptoolsDeprecationWarning: setup.py install is deprecated. Use build and pip and other standards-based tools.
[1.743s]   warnings.warn(
[1.985s] running egg_info
[1.985s] writing tf2_pkg.egg-info/PKG-INFO
[1.989s] writing dependency_links to tf2_pkg.egg-info/dependency_links.txt
[1.991s] writing entry points to tf2_pkg.egg-info/entry_points.txt
[1.991s] writing requirements to tf2_pkg.egg-info/requires.txt
[1.991s] writing top-level names to tf2_pkg.egg-info/top_level.txt
[1.995s] reading manifest file 'tf2_pkg.egg-info/SOURCES.txt'
[1.998s] writing manifest file 'tf2_pkg.egg-info/SOURCES.txt'
[1.999s] running build_ext
[2.000s] Creating /home/teehee/ros2_ws/install/tf2_pkg/lib/python3.10/site-packages/tf2-pkg.egg-link (link to .)
[2.001s] Installing control_turtle script to /home/teehee/ros2_ws/install/tf2_pkg/lib/tf2_pkg
[2.002s] Installing spawn_turtles script to /home/teehee/ros2_ws/install/tf2_pkg/lib/tf2_pkg
[2.002s] Installing tf_broadcaster1 script to /home/teehee/ros2_ws/install/tf2_pkg/lib/tf2_pkg
[2.003s] Installing tf_broadcaster2 script to /home/teehee/ros2_ws/install/tf2_pkg/lib/tf2_pkg
[2.003s] Installing tf_broadcaster3 script to /home/teehee/ros2_ws/install/tf2_pkg/lib/tf2_pkg
[2.004s] Installing tf_broadcaster4 script to /home/teehee/ros2_ws/install/tf2_pkg/lib/tf2_pkg
[2.004s] Installing tf_broadcaster_ex14 script to /home/teehee/ros2_ws/install/tf2_pkg/lib/tf2_pkg
[2.005s] Installing tf_listener script to /home/teehee/ros2_ws/install/tf2_pkg/lib/tf2_pkg
[2.005s] Installing tf_listener1 script to /home/teehee/ros2_ws/install/tf2_pkg/lib/tf2_pkg
[2.005s] Installing tf_listener2 script to /home/teehee/ros2_ws/install/tf2_pkg/lib/tf2_pkg
[2.005s] Installing transform_point script to /home/teehee/ros2_ws/install/tf2_pkg/lib/tf2_pkg
[2.006s] Installing turtle1_broadcaster script to /home/teehee/ros2_ws/install/tf2_pkg/lib/tf2_pkg
[2.006s] Installing turtle_broadcaster script to /home/teehee/ros2_ws/install/tf2_pkg/lib/tf2_pkg
[2.006s] Installing turtle_monitor script to /home/teehee/ros2_ws/install/tf2_pkg/lib/tf2_pkg
[2.006s] 
[2.006s] Installed /home/teehee/ros2_ws/build/tf2_pkg
[2.006s] running install_data
[2.045s] Invoked command in '/home/teehee/ros2_ws/build/tf2_pkg' returned '0': PYTHONPATH=/home/teehee/ros2_ws/build/tf2_pkg/prefix_override:/home/teehee/ros2_ws/install/tf2_pkg/lib/python3.10/site-packages:${PYTHONPATH} /usr/bin/python3 setup.py develop --editable --build-directory /home/teehee/ros2_ws/build/tf2_pkg/build --no-deps install_data
