[0.484s] Invoking command in '/home/teehee/ros2_ws/build/labs_pkg': PYTHONPATH=/home/teehee/ros2_ws/build/labs_pkg/prefix_override:/home/teehee/ros2_ws/install/labs_pkg/lib/python3.10/site-packages:${PYTHONPATH} /usr/bin/python3 setup.py develop --uninstall --editable --build-directory /home/teehee/ros2_ws/build/labs_pkg/build
[0.662s] running develop
[0.662s] /usr/lib/python3/dist-packages/setuptools/command/easy_install.py:158: EasyInstallDeprecationWarning: easy_install command is deprecated. Use build and pip and other standards-based tools.
[0.663s]   warnings.warn(
[0.664s] /usr/lib/python3/dist-packages/setuptools/command/install.py:34: SetuptoolsDeprecationWarning: setup.py install is deprecated. Use build and pip and other standards-based tools.
[0.664s]   warnings.warn(
[0.778s] Removing /home/teehee/ros2_ws/install/labs_pkg/lib/python3.10/site-packages/labs-pkg.egg-link (link to .)
[0.800s] Invoked command in '/home/teehee/ros2_ws/build/labs_pkg' returned '0': PYTHONPATH=/home/teehee/ros2_ws/build/labs_pkg/prefix_override:/home/teehee/ros2_ws/install/labs_pkg/lib/python3.10/site-packages:${PYTHONPATH} /usr/bin/python3 setup.py develop --uninstall --editable --build-directory /home/teehee/ros2_ws/build/labs_pkg/build
[0.802s] Invoking command in '/home/teehee/ros2_ws/src/labs_pkg': PYTHONPATH=/home/teehee/ros2_ws/build/labs_pkg/prefix_override:/home/teehee/ros2_ws/install/labs_pkg/lib/python3.10/site-packages:${PYTHONPATH} /usr/bin/python3 setup.py egg_info --egg-base ../../build/labs_pkg build --build-base /home/teehee/ros2_ws/build/labs_pkg/build install --record /home/teehee/ros2_ws/build/labs_pkg/install.log --single-version-externally-managed
[0.965s] running egg_info
[0.967s] writing ../../build/labs_pkg/labs_pkg.egg-info/PKG-INFO
[0.967s] writing dependency_links to ../../build/labs_pkg/labs_pkg.egg-info/dependency_links.txt
[0.967s] writing entry points to ../../build/labs_pkg/labs_pkg.egg-info/entry_points.txt
[0.967s] writing requirements to ../../build/labs_pkg/labs_pkg.egg-info/requires.txt
[0.967s] writing top-level names to ../../build/labs_pkg/labs_pkg.egg-info/top_level.txt
[0.972s] /usr/lib/python3/dist-packages/setuptools/command/install.py:34: SetuptoolsDeprecationWarning: setup.py install is deprecated. Use build and pip and other standards-based tools.
[0.972s]   warnings.warn(
[0.972s] reading manifest file '../../build/labs_pkg/labs_pkg.egg-info/SOURCES.txt'
[0.972s] writing manifest file '../../build/labs_pkg/labs_pkg.egg-info/SOURCES.txt'
[0.972s] running build
[0.972s] running build_py
[0.972s] creating /home/teehee/ros2_ws/build/labs_pkg/build
[0.972s] creating /home/teehee/ros2_ws/build/labs_pkg/build/lib
[0.973s] creating /home/teehee/ros2_ws/build/labs_pkg/build/lib/labs_pkg
[0.973s] copying labs_pkg/__init__.py -> /home/teehee/ros2_ws/build/labs_pkg/build/lib/labs_pkg
[0.973s] copying labs_pkg/my_talker.py -> /home/teehee/ros2_ws/build/labs_pkg/build/lib/labs_pkg
[0.973s] running install
[0.973s] running install_lib
[0.977s] creating /home/teehee/ros2_ws/install/labs_pkg/lib/python3.10/site-packages/labs_pkg
[0.977s] copying /home/teehee/ros2_ws/build/labs_pkg/build/lib/labs_pkg/__init__.py -> /home/teehee/ros2_ws/install/labs_pkg/lib/python3.10/site-packages/labs_pkg
[0.977s] copying /home/teehee/ros2_ws/build/labs_pkg/build/lib/labs_pkg/my_talker.py -> /home/teehee/ros2_ws/install/labs_pkg/lib/python3.10/site-packages/labs_pkg
[0.977s] byte-compiling /home/teehee/ros2_ws/install/labs_pkg/lib/python3.10/site-packages/labs_pkg/__init__.py to __init__.cpython-310.pyc
[0.977s] byte-compiling /home/teehee/ros2_ws/install/labs_pkg/lib/python3.10/site-packages/labs_pkg/my_talker.py to my_talker.cpython-310.pyc
[0.977s] running install_data
[0.977s] running install_egg_info
[0.977s]   File "/home/teehee/ros2_ws/install/labs_pkg/lib/python3.10/site-packages/labs_pkg/my_talker.py", line 18
[0.977s]     		self.get_logger().info('Publishing: "Hello World: ' + str(self.counter_) + '"')↪→
[0.978s]     		                                                                               ^
[0.978s] SyntaxError: invalid character '↪' (U+21AA)
[0.978s] 
[0.983s] Copying ../../build/labs_pkg/labs_pkg.egg-info to /home/teehee/ros2_ws/install/labs_pkg/lib/python3.10/site-packages/labs_pkg-0.0.0-py3.10.egg-info
[0.991s] running install_scripts
[1.000s] Installing my_talker script to /home/teehee/ros2_ws/install/labs_pkg/lib/labs_pkg
[1.000s] writing list of installed files to '/home/teehee/ros2_ws/build/labs_pkg/install.log'
[1.034s] Invoked command in '/home/teehee/ros2_ws/src/labs_pkg' returned '0': PYTHONPATH=/home/teehee/ros2_ws/build/labs_pkg/prefix_override:/home/teehee/ros2_ws/install/labs_pkg/lib/python3.10/site-packages:${PYTHONPATH} /usr/bin/python3 setup.py egg_info --egg-base ../../build/labs_pkg build --build-base /home/teehee/ros2_ws/build/labs_pkg/build install --record /home/teehee/ros2_ws/build/labs_pkg/install.log --single-version-externally-managed
