[0.063s] Invoking command in '/home/teehee/ros2_ws/src/lab6/build/action_interfaces': CMAKE_PREFIX_PATH=${CMAKE_PREFIX_PATH}:/home/teehee/ros2_ws/install/tf2_pkg:/home/teehee/ros2_ws/install/pylab_exam1:/home/teehee/ros2_ws/install/pylab05:/home/teehee/ros2_ws/install/pylab04:/home/teehee/ros2_ws/install/labs_pkg:/home/teehee/ros2_ws/install/labex6:/home/teehee/ros2_ws/install/lab_exam2_pkg:/home/teehee/ros2_ws/install/example_pkg:/opt/ros/humble /usr/bin/cmake --build /home/teehee/ros2_ws/src/lab6/build/action_interfaces -- -j8 -l8
[0.213s] [  2%] Built target action_interfaces__cpp
[0.313s] [  2%] Built target ament_cmake_python_copy_action_interfaces
[0.368s] [35m[1mConsolidate compiler generated dependencies of target action_interfaces__rosidl_typesupport_introspection_cpp[0m
[0.435s] [ 12%] Built target action_interfaces__rosidl_typesupport_introspection_cpp
[0.772s] running egg_info
[0.772s] writing action_interfaces.egg-info/PKG-INFO
[0.772s] writing dependency_links to action_interfaces.egg-info/dependency_links.txt
[0.772s] writing top-level names to action_interfaces.egg-info/top_level.txt
[0.772s] reading manifest file 'action_interfaces.egg-info/SOURCES.txt'
[0.772s] writing manifest file 'action_interfaces.egg-info/SOURCES.txt'
[0.820s] [ 12%] Built target ament_cmake_python_build_action_interfaces_egg
[0.874s] [35m[1mConsolidate compiler generated dependencies of target action_interfaces__rosidl_typesupport_fastrtps_cpp[0m
[0.893s] [ 23%] Built target action_interfaces__rosidl_typesupport_fastrtps_cpp
[0.942s] [35m[1mConsolidate compiler generated dependencies of target action_interfaces__rosidl_typesupport_cpp[0m
[0.961s] [ 34%] Built target action_interfaces__rosidl_typesupport_cpp
[1.010s] [35m[1mConsolidate compiler generated dependencies of target action_interfaces__rosidl_generator_c[0m
[1.068s] [ 44%] Built target action_interfaces__rosidl_generator_c
[1.112s] [35m[1mConsolidate compiler generated dependencies of target action_interfaces__rosidl_typesupport_fastrtps_c[0m
[1.206s] [ 55%] Built target action_interfaces__rosidl_typesupport_fastrtps_c
[1.256s] [35m[1mConsolidate compiler generated dependencies of target action_interfaces__rosidl_typesupport_c[0m
[1.323s] [ 65%] Built target action_interfaces__rosidl_typesupport_c
[1.361s] [35m[1mConsolidate compiler generated dependencies of target action_interfaces__rosidl_typesupport_introspection_c[0m
[1.409s] [ 76%] Built target action_interfaces__rosidl_typesupport_introspection_c
[1.476s] [ 76%] Built target action_interfaces
[1.594s] [ 78%] Built target action_interfaces__py
[1.679s] [35m[1mConsolidate compiler generated dependencies of target action_interfaces__rosidl_generator_py[0m
[1.728s] [ 87%] Built target action_interfaces__rosidl_generator_py
[1.760s] [35m[1mConsolidate compiler generated dependencies of target action_interfaces__rosidl_typesupport_fastrtps_c__pyext[0m
[1.819s] [ 91%] Built target action_interfaces__rosidl_typesupport_fastrtps_c__pyext
[1.888s] [35m[1mConsolidate compiler generated dependencies of target action_interfaces__rosidl_typesupport_c__pyext[0m
[1.956s] [ 95%] Built target action_interfaces__rosidl_typesupport_c__pyext
[1.998s] [35m[1mConsolidate compiler generated dependencies of target action_interfaces__rosidl_typesupport_introspection_c__pyext[0m
[2.057s] [100%] Built target action_interfaces__rosidl_typesupport_introspection_c__pyext
[2.118s] Invoked command in '/home/teehee/ros2_ws/src/lab6/build/action_interfaces' returned '0': CMAKE_PREFIX_PATH=${CMAKE_PREFIX_PATH}:/home/teehee/ros2_ws/install/tf2_pkg:/home/teehee/ros2_ws/install/pylab_exam1:/home/teehee/ros2_ws/install/pylab05:/home/teehee/ros2_ws/install/pylab04:/home/teehee/ros2_ws/install/labs_pkg:/home/teehee/ros2_ws/install/labex6:/home/teehee/ros2_ws/install/lab_exam2_pkg:/home/teehee/ros2_ws/install/example_pkg:/opt/ros/humble /usr/bin/cmake --build /home/teehee/ros2_ws/src/lab6/build/action_interfaces -- -j8 -l8
[3.217s] Invoking command in '/home/teehee/ros2_ws/src/lab6/build/action_interfaces': CMAKE_PREFIX_PATH=${CMAKE_PREFIX_PATH}:/home/teehee/ros2_ws/install/tf2_pkg:/home/teehee/ros2_ws/install/pylab_exam1:/home/teehee/ros2_ws/install/pylab05:/home/teehee/ros2_ws/install/pylab04:/home/teehee/ros2_ws/install/labs_pkg:/home/teehee/ros2_ws/install/labex6:/home/teehee/ros2_ws/install/lab_exam2_pkg:/home/teehee/ros2_ws/install/example_pkg:/opt/ros/humble /usr/bin/cmake --install /home/teehee/ros2_ws/src/lab6/build/action_interfaces
[3.224s] -- Install configuration: ""
[3.225s] -- Up-to-date: /home/teehee/ros2_ws/src/lab6/install/action_interfaces/share/ament_index/resource_index/rosidl_interfaces/action_interfaces
[3.225s] -- Up-to-date: /home/teehee/ros2_ws/src/lab6/install/action_interfaces/include/action_interfaces/action_interfaces
[3.225s] -- Up-to-date: /home/teehee/ros2_ws/src/lab6/install/action_interfaces/include/action_interfaces/action_interfaces/action
[3.225s] -- Up-to-date: /home/teehee/ros2_ws/src/lab6/install/action_interfaces/include/action_interfaces/action_interfaces/action/detail
[3.225s] -- Up-to-date: /home/teehee/ros2_ws/src/lab6/install/action_interfaces/include/action_interfaces/action_interfaces/action/detail/maze__functions.c
[3.225s] -- Up-to-date: /home/teehee/ros2_ws/src/lab6/install/action_interfaces/include/action_interfaces/action_interfaces/action/detail/fibonacci__functions.h
[3.225s] -- Up-to-date: /home/teehee/ros2_ws/src/lab6/install/action_interfaces/include/action_interfaces/action_interfaces/action/detail/bubblesort__type_support.h
[3.225s] -- Up-to-date: /home/teehee/ros2_ws/src/lab6/install/action_interfaces/include/action_interfaces/action_interfaces/action/detail/maze__functions.h
[3.225s] -- Up-to-date: /home/teehee/ros2_ws/src/lab6/install/action_interfaces/include/action_interfaces/action_interfaces/action/detail/fibonacci__functions.c
[3.225s] -- Up-to-date: /home/teehee/ros2_ws/src/lab6/install/action_interfaces/include/action_interfaces/action_interfaces/action/detail/bubblesort__functions.c
[3.225s] -- Up-to-date: /home/teehee/ros2_ws/src/lab6/install/action_interfaces/include/action_interfaces/action_interfaces/action/detail/bubblesort__struct.h
[3.225s] -- Up-to-date: /home/teehee/ros2_ws/src/lab6/install/action_interfaces/include/action_interfaces/action_interfaces/action/detail/maze__type_support.h
[3.225s] -- Up-to-date: /home/teehee/ros2_ws/src/lab6/install/action_interfaces/include/action_interfaces/action_interfaces/action/detail/fibonacci__struct.h
[3.226s] -- Up-to-date: /home/teehee/ros2_ws/src/lab6/install/action_interfaces/include/action_interfaces/action_interfaces/action/detail/maze__struct.h
[3.226s] -- Up-to-date: /home/teehee/ros2_ws/src/lab6/install/action_interfaces/include/action_interfaces/action_interfaces/action/detail/bubblesort__functions.h
[3.226s] -- Up-to-date: /home/teehee/ros2_ws/src/lab6/install/action_interfaces/include/action_interfaces/action_interfaces/action/detail/fibonacci__type_support.h
[3.226s] -- Up-to-date: /home/teehee/ros2_ws/src/lab6/install/action_interfaces/include/action_interfaces/action_interfaces/action/maze.h
[3.226s] -- Up-to-date: /home/teehee/ros2_ws/src/lab6/install/action_interfaces/include/action_interfaces/action_interfaces/action/fibonacci.h
[3.226s] -- Up-to-date: /home/teehee/ros2_ws/src/lab6/install/action_interfaces/include/action_interfaces/action_interfaces/action/bubblesort.h
[3.226s] -- Up-to-date: /home/teehee/ros2_ws/src/lab6/install/action_interfaces/include/action_interfaces/action_interfaces/msg
[3.226s] -- Up-to-date: /home/teehee/ros2_ws/src/lab6/install/action_interfaces/include/action_interfaces/action_interfaces/msg/rosidl_generator_c__visibility_control.h
[3.226s] -- Up-to-date: /home/teehee/ros2_ws/src/lab6/install/action_interfaces/share/action_interfaces/environment/library_path.sh
[3.226s] -- Up-to-date: /home/teehee/ros2_ws/src/lab6/install/action_interfaces/share/action_interfaces/environment/library_path.dsv
[3.226s] -- Up-to-date: /home/teehee/ros2_ws/src/lab6/install/action_interfaces/lib/libaction_interfaces__rosidl_generator_c.so
[3.226s] -- Up-to-date: /home/teehee/ros2_ws/src/lab6/install/action_interfaces/include/action_interfaces/action_interfaces
[3.226s] -- Up-to-date: /home/teehee/ros2_ws/src/lab6/install/action_interfaces/include/action_interfaces/action_interfaces/action
[3.226s] -- Up-to-date: /home/teehee/ros2_ws/src/lab6/install/action_interfaces/include/action_interfaces/action_interfaces/action/detail
[3.227s] -- Up-to-date: /home/teehee/ros2_ws/src/lab6/install/action_interfaces/include/action_interfaces/action_interfaces/action/detail/maze__rosidl_typesupport_fastrtps_c.h
[3.227s] -- Up-to-date: /home/teehee/ros2_ws/src/lab6/install/action_interfaces/include/action_interfaces/action_interfaces/action/detail/bubblesort__rosidl_typesupport_fastrtps_c.h
[3.227s] -- Up-to-date: /home/teehee/ros2_ws/src/lab6/install/action_interfaces/include/action_interfaces/action_interfaces/action/detail/fibonacci__rosidl_typesupport_fastrtps_c.h
[3.227s] -- Up-to-date: /home/teehee/ros2_ws/src/lab6/install/action_interfaces/include/action_interfaces/action_interfaces/msg
[3.227s] -- Up-to-date: /home/teehee/ros2_ws/src/lab6/install/action_interfaces/include/action_interfaces/action_interfaces/msg/rosidl_typesupport_fastrtps_c__visibility_control.h
[3.227s] -- Up-to-date: /home/teehee/ros2_ws/src/lab6/install/action_interfaces/lib/libaction_interfaces__rosidl_typesupport_fastrtps_c.so
[3.227s] -- Up-to-date: /home/teehee/ros2_ws/src/lab6/install/action_interfaces/include/action_interfaces/action_interfaces
[3.227s] -- Up-to-date: /home/teehee/ros2_ws/src/lab6/install/action_interfaces/include/action_interfaces/action_interfaces/action
[3.227s] -- Up-to-date: /home/teehee/ros2_ws/src/lab6/install/action_interfaces/include/action_interfaces/action_interfaces/action/detail
[3.227s] -- Up-to-date: /home/teehee/ros2_ws/src/lab6/install/action_interfaces/include/action_interfaces/action_interfaces/action/detail/fibonacci__rosidl_typesupport_introspection_c.h
[3.227s] -- Up-to-date: /home/teehee/ros2_ws/src/lab6/install/action_interfaces/include/action_interfaces/action_interfaces/action/detail/maze__rosidl_typesupport_introspection_c.h
[3.227s] -- Up-to-date: /home/teehee/ros2_ws/src/lab6/install/action_interfaces/include/action_interfaces/action_interfaces/action/detail/bubblesort__rosidl_typesupport_introspection_c.h
[3.227s] -- Up-to-date: /home/teehee/ros2_ws/src/lab6/install/action_interfaces/include/action_interfaces/action_interfaces/action/detail/maze__type_support.c
[3.227s] -- Up-to-date: /home/teehee/ros2_ws/src/lab6/install/action_interfaces/include/action_interfaces/action_interfaces/action/detail/bubblesort__type_support.c
[3.227s] -- Up-to-date: /home/teehee/ros2_ws/src/lab6/install/action_interfaces/include/action_interfaces/action_interfaces/action/detail/fibonacci__type_support.c
[3.228s] -- Up-to-date: /home/teehee/ros2_ws/src/lab6/install/action_interfaces/include/action_interfaces/action_interfaces/msg
[3.228s] -- Up-to-date: /home/teehee/ros2_ws/src/lab6/install/action_interfaces/include/action_interfaces/action_interfaces/msg/rosidl_typesupport_introspection_c__visibility_control.h
[3.228s] -- Up-to-date: /home/teehee/ros2_ws/src/lab6/install/action_interfaces/lib/libaction_interfaces__rosidl_typesupport_introspection_c.so
[3.228s] -- Up-to-date: /home/teehee/ros2_ws/src/lab6/install/action_interfaces/lib/libaction_interfaces__rosidl_typesupport_c.so
[3.228s] -- Up-to-date: /home/teehee/ros2_ws/src/lab6/install/action_interfaces/include/action_interfaces/action_interfaces
[3.228s] -- Up-to-date: /home/teehee/ros2_ws/src/lab6/install/action_interfaces/include/action_interfaces/action_interfaces/action
[3.228s] -- Up-to-date: /home/teehee/ros2_ws/src/lab6/install/action_interfaces/include/action_interfaces/action_interfaces/action/maze.hpp
[3.228s] -- Up-to-date: /home/teehee/ros2_ws/src/lab6/install/action_interfaces/include/action_interfaces/action_interfaces/action/fibonacci.hpp
[3.228s] -- Up-to-date: /home/teehee/ros2_ws/src/lab6/install/action_interfaces/include/action_interfaces/action_interfaces/action/detail
[3.228s] -- Up-to-date: /home/teehee/ros2_ws/src/lab6/install/action_interfaces/include/action_interfaces/action_interfaces/action/detail/maze__builder.hpp
[3.228s] -- Up-to-date: /home/teehee/ros2_ws/src/lab6/install/action_interfaces/include/action_interfaces/action_interfaces/action/detail/fibonacci__builder.hpp
[3.228s] -- Up-to-date: /home/teehee/ros2_ws/src/lab6/install/action_interfaces/include/action_interfaces/action_interfaces/action/detail/bubblesort__builder.hpp
[3.228s] -- Up-to-date: /home/teehee/ros2_ws/src/lab6/install/action_interfaces/include/action_interfaces/action_interfaces/action/detail/maze__traits.hpp
[3.228s] -- Up-to-date: /home/teehee/ros2_ws/src/lab6/install/action_interfaces/include/action_interfaces/action_interfaces/action/detail/fibonacci__traits.hpp
[3.228s] -- Up-to-date: /home/teehee/ros2_ws/src/lab6/install/action_interfaces/include/action_interfaces/action_interfaces/action/detail/bubblesort__struct.hpp
[3.228s] -- Up-to-date: /home/teehee/ros2_ws/src/lab6/install/action_interfaces/include/action_interfaces/action_interfaces/action/detail/maze__struct.hpp
[3.228s] -- Up-to-date: /home/teehee/ros2_ws/src/lab6/install/action_interfaces/include/action_interfaces/action_interfaces/action/detail/bubblesort__traits.hpp
[3.228s] -- Up-to-date: /home/teehee/ros2_ws/src/lab6/install/action_interfaces/include/action_interfaces/action_interfaces/action/detail/fibonacci__struct.hpp
[3.228s] -- Up-to-date: /home/teehee/ros2_ws/src/lab6/install/action_interfaces/include/action_interfaces/action_interfaces/action/bubblesort.hpp
[3.228s] -- Up-to-date: /home/teehee/ros2_ws/src/lab6/install/action_interfaces/include/action_interfaces/action_interfaces
[3.228s] -- Up-to-date: /home/teehee/ros2_ws/src/lab6/install/action_interfaces/include/action_interfaces/action_interfaces/action
[3.228s] -- Up-to-date: /home/teehee/ros2_ws/src/lab6/install/action_interfaces/include/action_interfaces/action_interfaces/action/detail
[3.228s] -- Up-to-date: /home/teehee/ros2_ws/src/lab6/install/action_interfaces/include/action_interfaces/action_interfaces/action/detail/maze__rosidl_typesupport_fastrtps_cpp.hpp
[3.228s] -- Up-to-date: /home/teehee/ros2_ws/src/lab6/install/action_interfaces/include/action_interfaces/action_interfaces/action/detail/dds_fastrtps
[3.228s] -- Up-to-date: /home/teehee/ros2_ws/src/lab6/install/action_interfaces/include/action_interfaces/action_interfaces/action/detail/bubblesort__rosidl_typesupport_fastrtps_cpp.hpp
[3.228s] -- Up-to-date: /home/teehee/ros2_ws/src/lab6/install/action_interfaces/include/action_interfaces/action_interfaces/action/detail/fibonacci__rosidl_typesupport_fastrtps_cpp.hpp
[3.228s] -- Up-to-date: /home/teehee/ros2_ws/src/lab6/install/action_interfaces/include/action_interfaces/action_interfaces/msg
[3.228s] -- Up-to-date: /home/teehee/ros2_ws/src/lab6/install/action_interfaces/include/action_interfaces/action_interfaces/msg/rosidl_typesupport_fastrtps_cpp__visibility_control.h
[3.228s] -- Up-to-date: /home/teehee/ros2_ws/src/lab6/install/action_interfaces/lib/libaction_interfaces__rosidl_typesupport_fastrtps_cpp.so
[3.228s] -- Up-to-date: /home/teehee/ros2_ws/src/lab6/install/action_interfaces/include/action_interfaces/action_interfaces
[3.228s] -- Up-to-date: /home/teehee/ros2_ws/src/lab6/install/action_interfaces/include/action_interfaces/action_interfaces/action
[3.228s] -- Up-to-date: /home/teehee/ros2_ws/src/lab6/install/action_interfaces/include/action_interfaces/action_interfaces/action/detail
[3.228s] -- Up-to-date: /home/teehee/ros2_ws/src/lab6/install/action_interfaces/include/action_interfaces/action_interfaces/action/detail/fibonacci__rosidl_typesupport_introspection_cpp.hpp
[3.228s] -- Up-to-date: /home/teehee/ros2_ws/src/lab6/install/action_interfaces/include/action_interfaces/action_interfaces/action/detail/bubblesort__type_support.cpp
[3.228s] -- Up-to-date: /home/teehee/ros2_ws/src/lab6/install/action_interfaces/include/action_interfaces/action_interfaces/action/detail/bubblesort__rosidl_typesupport_introspection_cpp.hpp
[3.228s] -- Up-to-date: /home/teehee/ros2_ws/src/lab6/install/action_interfaces/include/action_interfaces/action_interfaces/action/detail/maze__type_support.cpp
[3.228s] -- Up-to-date: /home/teehee/ros2_ws/src/lab6/install/action_interfaces/include/action_interfaces/action_interfaces/action/detail/fibonacci__type_support.cpp
[3.228s] -- Up-to-date: /home/teehee/ros2_ws/src/lab6/install/action_interfaces/include/action_interfaces/action_interfaces/action/detail/maze__rosidl_typesupport_introspection_cpp.hpp
[3.228s] -- Up-to-date: /home/teehee/ros2_ws/src/lab6/install/action_interfaces/lib/libaction_interfaces__rosidl_typesupport_introspection_cpp.so
[3.228s] -- Up-to-date: /home/teehee/ros2_ws/src/lab6/install/action_interfaces/lib/libaction_interfaces__rosidl_typesupport_cpp.so
[3.228s] -- Up-to-date: /home/teehee/ros2_ws/src/lab6/install/action_interfaces/share/action_interfaces/environment/pythonpath.sh
[3.229s] -- Up-to-date: /home/teehee/ros2_ws/src/lab6/install/action_interfaces/share/action_interfaces/environment/pythonpath.dsv
[3.229s] -- Up-to-date: /home/teehee/ros2_ws/src/lab6/install/action_interfaces/local/lib/python3.10/dist-packages/action_interfaces-0.0.0-py3.10.egg-info
[3.229s] -- Installing: /home/teehee/ros2_ws/src/lab6/install/action_interfaces/local/lib/python3.10/dist-packages/action_interfaces-0.0.0-py3.10.egg-info/SOURCES.txt
[3.229s] -- Installing: /home/teehee/ros2_ws/src/lab6/install/action_interfaces/local/lib/python3.10/dist-packages/action_interfaces-0.0.0-py3.10.egg-info/dependency_links.txt
[3.229s] -- Installing: /home/teehee/ros2_ws/src/lab6/install/action_interfaces/local/lib/python3.10/dist-packages/action_interfaces-0.0.0-py3.10.egg-info/PKG-INFO
[3.229s] -- Installing: /home/teehee/ros2_ws/src/lab6/install/action_interfaces/local/lib/python3.10/dist-packages/action_interfaces-0.0.0-py3.10.egg-info/top_level.txt
[3.229s] -- Up-to-date: /home/teehee/ros2_ws/src/lab6/install/action_interfaces/local/lib/python3.10/dist-packages/action_interfaces
[3.229s] -- Up-to-date: /home/teehee/ros2_ws/src/lab6/install/action_interfaces/local/lib/python3.10/dist-packages/action_interfaces/_action_interfaces_s.ep.rosidl_typesupport_c.c
[3.229s] -- Up-to-date: /home/teehee/ros2_ws/src/lab6/install/action_interfaces/local/lib/python3.10/dist-packages/action_interfaces/_action_interfaces_s.ep.rosidl_typesupport_introspection_c.c
[3.236s] -- Up-to-date: /home/teehee/ros2_ws/src/lab6/install/action_interfaces/local/lib/python3.10/dist-packages/action_interfaces/__init__.py
[3.236s] -- Up-to-date: /home/teehee/ros2_ws/src/lab6/install/action_interfaces/local/lib/python3.10/dist-packages/action_interfaces/action_interfaces_s__rosidl_typesupport_fastrtps_c.cpython-310-x86_64-linux-gnu.so
[3.236s] -- Up-to-date: /home/teehee/ros2_ws/src/lab6/install/action_interfaces/local/lib/python3.10/dist-packages/action_interfaces/_action_interfaces_s.ep.rosidl_typesupport_fastrtps_c.c
[3.236s] -- Up-to-date: /home/teehee/ros2_ws/src/lab6/install/action_interfaces/local/lib/python3.10/dist-packages/action_interfaces/libaction_interfaces__rosidl_generator_py.so
[3.236s] -- Up-to-date: /home/teehee/ros2_ws/src/lab6/install/action_interfaces/local/lib/python3.10/dist-packages/action_interfaces/action_interfaces_s__rosidl_typesupport_introspection_c.cpython-310-x86_64-linux-gnu.so
[3.236s] -- Up-to-date: /home/teehee/ros2_ws/src/lab6/install/action_interfaces/local/lib/python3.10/dist-packages/action_interfaces/action_interfaces_s__rosidl_typesupport_c.cpython-310-x86_64-linux-gnu.so
[3.236s] -- Up-to-date: /home/teehee/ros2_ws/src/lab6/install/action_interfaces/local/lib/python3.10/dist-packages/action_interfaces/action
[3.236s] -- Up-to-date: /home/teehee/ros2_ws/src/lab6/install/action_interfaces/local/lib/python3.10/dist-packages/action_interfaces/action/_maze_s.c
[3.236s] -- Up-to-date: /home/teehee/ros2_ws/src/lab6/install/action_interfaces/local/lib/python3.10/dist-packages/action_interfaces/action/__init__.py
[3.236s] -- Up-to-date: /home/teehee/ros2_ws/src/lab6/install/action_interfaces/local/lib/python3.10/dist-packages/action_interfaces/action/_fibonacci.py
[3.236s] -- Up-to-date: /home/teehee/ros2_ws/src/lab6/install/action_interfaces/local/lib/python3.10/dist-packages/action_interfaces/action/_fibonacci_s.c
[3.236s] -- Up-to-date: /home/teehee/ros2_ws/src/lab6/install/action_interfaces/local/lib/python3.10/dist-packages/action_interfaces/action/_maze.py
[3.236s] -- Up-to-date: /home/teehee/ros2_ws/src/lab6/install/action_interfaces/local/lib/python3.10/dist-packages/action_interfaces/action/_bubblesort_s.c
[3.236s] -- Up-to-date: /home/teehee/ros2_ws/src/lab6/install/action_interfaces/local/lib/python3.10/dist-packages/action_interfaces/action/_bubblesort.py
[3.247s] Listing '/home/teehee/ros2_ws/src/lab6/install/action_interfaces/local/lib/python3.10/dist-packages/action_interfaces'...
[3.247s] Listing '/home/teehee/ros2_ws/src/lab6/install/action_interfaces/local/lib/python3.10/dist-packages/action_interfaces/action'...
[3.290s] -- Up-to-date: /home/teehee/ros2_ws/src/lab6/install/action_interfaces/local/lib/python3.10/dist-packages/action_interfaces/action_interfaces_s__rosidl_typesupport_fastrtps_c.cpython-310-x86_64-linux-gnu.so
[3.294s] -- Up-to-date: /home/teehee/ros2_ws/src/lab6/install/action_interfaces/local/lib/python3.10/dist-packages/action_interfaces/action_interfaces_s__rosidl_typesupport_introspection_c.cpython-310-x86_64-linux-gnu.so
[3.294s] -- Up-to-date: /home/teehee/ros2_ws/src/lab6/install/action_interfaces/local/lib/python3.10/dist-packages/action_interfaces/action_interfaces_s__rosidl_typesupport_c.cpython-310-x86_64-linux-gnu.so
[3.294s] -- Up-to-date: /home/teehee/ros2_ws/src/lab6/install/action_interfaces/lib/libaction_interfaces__rosidl_generator_py.so
[3.294s] -- Up-to-date: /home/teehee/ros2_ws/src/lab6/install/action_interfaces/share/action_interfaces/action/Fibonacci.idl
[3.294s] -- Up-to-date: /home/teehee/ros2_ws/src/lab6/install/action_interfaces/share/action_interfaces/action/Bubblesort.idl
[3.294s] -- Up-to-date: /home/teehee/ros2_ws/src/lab6/install/action_interfaces/share/action_interfaces/action/Maze.idl
[3.294s] -- Up-to-date: /home/teehee/ros2_ws/src/lab6/install/action_interfaces/share/action_interfaces/action/Fibonacci.action
[3.294s] -- Up-to-date: /home/teehee/ros2_ws/src/lab6/install/action_interfaces/share/action_interfaces/action/Bubblesort.action
[3.294s] -- Up-to-date: /home/teehee/ros2_ws/src/lab6/install/action_interfaces/share/action_interfaces/action/Maze.action
[3.294s] -- Up-to-date: /home/teehee/ros2_ws/src/lab6/install/action_interfaces/share/ament_index/resource_index/package_run_dependencies/action_interfaces
[3.294s] -- Up-to-date: /home/teehee/ros2_ws/src/lab6/install/action_interfaces/share/ament_index/resource_index/parent_prefix_path/action_interfaces
[3.294s] -- Up-to-date: /home/teehee/ros2_ws/src/lab6/install/action_interfaces/share/action_interfaces/environment/ament_prefix_path.sh
[3.294s] -- Up-to-date: /home/teehee/ros2_ws/src/lab6/install/action_interfaces/share/action_interfaces/environment/ament_prefix_path.dsv
[3.294s] -- Up-to-date: /home/teehee/ros2_ws/src/lab6/install/action_interfaces/share/action_interfaces/environment/path.sh
[3.294s] -- Up-to-date: /home/teehee/ros2_ws/src/lab6/install/action_interfaces/share/action_interfaces/environment/path.dsv
[3.294s] -- Up-to-date: /home/teehee/ros2_ws/src/lab6/install/action_interfaces/share/action_interfaces/local_setup.bash
[3.294s] -- Up-to-date: /home/teehee/ros2_ws/src/lab6/install/action_interfaces/share/action_interfaces/local_setup.sh
[3.294s] -- Up-to-date: /home/teehee/ros2_ws/src/lab6/install/action_interfaces/share/action_interfaces/local_setup.zsh
[3.294s] -- Up-to-date: /home/teehee/ros2_ws/src/lab6/install/action_interfaces/share/action_interfaces/local_setup.dsv
[3.294s] -- Installing: /home/teehee/ros2_ws/src/lab6/install/action_interfaces/share/action_interfaces/package.dsv
[3.294s] -- Up-to-date: /home/teehee/ros2_ws/src/lab6/install/action_interfaces/share/ament_index/resource_index/packages/action_interfaces
[3.294s] -- Up-to-date: /home/teehee/ros2_ws/src/lab6/install/action_interfaces/share/action_interfaces/cmake/export_action_interfaces__rosidl_generator_cExport.cmake
[3.294s] -- Up-to-date: /home/teehee/ros2_ws/src/lab6/install/action_interfaces/share/action_interfaces/cmake/export_action_interfaces__rosidl_generator_cExport-noconfig.cmake
[3.294s] -- Up-to-date: /home/teehee/ros2_ws/src/lab6/install/action_interfaces/share/action_interfaces/cmake/export_action_interfaces__rosidl_typesupport_fastrtps_cExport.cmake
[3.294s] -- Up-to-date: /home/teehee/ros2_ws/src/lab6/install/action_interfaces/share/action_interfaces/cmake/export_action_interfaces__rosidl_typesupport_fastrtps_cExport-noconfig.cmake
[3.294s] -- Up-to-date: /home/teehee/ros2_ws/src/lab6/install/action_interfaces/share/action_interfaces/cmake/action_interfaces__rosidl_typesupport_introspection_cExport.cmake
[3.294s] -- Up-to-date: /home/teehee/ros2_ws/src/lab6/install/action_interfaces/share/action_interfaces/cmake/action_interfaces__rosidl_typesupport_introspection_cExport-noconfig.cmake
[3.294s] -- Up-to-date: /home/teehee/ros2_ws/src/lab6/install/action_interfaces/share/action_interfaces/cmake/action_interfaces__rosidl_typesupport_cExport.cmake
[3.294s] -- Up-to-date: /home/teehee/ros2_ws/src/lab6/install/action_interfaces/share/action_interfaces/cmake/action_interfaces__rosidl_typesupport_cExport-noconfig.cmake
[3.294s] -- Up-to-date: /home/teehee/ros2_ws/src/lab6/install/action_interfaces/share/action_interfaces/cmake/export_action_interfaces__rosidl_generator_cppExport.cmake
[3.294s] -- Up-to-date: /home/teehee/ros2_ws/src/lab6/install/action_interfaces/share/action_interfaces/cmake/export_action_interfaces__rosidl_typesupport_fastrtps_cppExport.cmake
[3.294s] -- Up-to-date: /home/teehee/ros2_ws/src/lab6/install/action_interfaces/share/action_interfaces/cmake/export_action_interfaces__rosidl_typesupport_fastrtps_cppExport-noconfig.cmake
[3.294s] -- Up-to-date: /home/teehee/ros2_ws/src/lab6/install/action_interfaces/share/action_interfaces/cmake/action_interfaces__rosidl_typesupport_introspection_cppExport.cmake
[3.294s] -- Up-to-date: /home/teehee/ros2_ws/src/lab6/install/action_interfaces/share/action_interfaces/cmake/action_interfaces__rosidl_typesupport_introspection_cppExport-noconfig.cmake
[3.295s] -- Up-to-date: /home/teehee/ros2_ws/src/lab6/install/action_interfaces/share/action_interfaces/cmake/action_interfaces__rosidl_typesupport_cppExport.cmake
[3.295s] -- Up-to-date: /home/teehee/ros2_ws/src/lab6/install/action_interfaces/share/action_interfaces/cmake/action_interfaces__rosidl_typesupport_cppExport-noconfig.cmake
[3.295s] -- Up-to-date: /home/teehee/ros2_ws/src/lab6/install/action_interfaces/share/action_interfaces/cmake/export_action_interfaces__rosidl_generator_pyExport.cmake
[3.295s] -- Up-to-date: /home/teehee/ros2_ws/src/lab6/install/action_interfaces/share/action_interfaces/cmake/export_action_interfaces__rosidl_generator_pyExport-noconfig.cmake
[3.295s] -- Up-to-date: /home/teehee/ros2_ws/src/lab6/install/action_interfaces/share/action_interfaces/cmake/rosidl_cmake-extras.cmake
[3.295s] -- Up-to-date: /home/teehee/ros2_ws/src/lab6/install/action_interfaces/share/action_interfaces/cmake/ament_cmake_export_dependencies-extras.cmake
[3.295s] -- Up-to-date: /home/teehee/ros2_ws/src/lab6/install/action_interfaces/share/action_interfaces/cmake/ament_cmake_export_include_directories-extras.cmake
[3.295s] -- Up-to-date: /home/teehee/ros2_ws/src/lab6/install/action_interfaces/share/action_interfaces/cmake/ament_cmake_export_libraries-extras.cmake
[3.295s] -- Up-to-date: /home/teehee/ros2_ws/src/lab6/install/action_interfaces/share/action_interfaces/cmake/ament_cmake_export_targets-extras.cmake
[3.295s] -- Up-to-date: /home/teehee/ros2_ws/src/lab6/install/action_interfaces/share/action_interfaces/cmake/rosidl_cmake_export_typesupport_targets-extras.cmake
[3.295s] -- Up-to-date: /home/teehee/ros2_ws/src/lab6/install/action_interfaces/share/action_interfaces/cmake/rosidl_cmake_export_typesupport_libraries-extras.cmake
[3.295s] -- Up-to-date: /home/teehee/ros2_ws/src/lab6/install/action_interfaces/share/action_interfaces/cmake/action_interfacesConfig.cmake
[3.295s] -- Up-to-date: /home/teehee/ros2_ws/src/lab6/install/action_interfaces/share/action_interfaces/cmake/action_interfacesConfig-version.cmake
[3.295s] -- Up-to-date: /home/teehee/ros2_ws/src/lab6/install/action_interfaces/share/action_interfaces/package.xml
[3.303s] Invoked command in '/home/teehee/ros2_ws/src/lab6/build/action_interfaces' returned '0': CMAKE_PREFIX_PATH=${CMAKE_PREFIX_PATH}:/home/teehee/ros2_ws/install/tf2_pkg:/home/teehee/ros2_ws/install/pylab_exam1:/home/teehee/ros2_ws/install/pylab05:/home/teehee/ros2_ws/install/pylab04:/home/teehee/ros2_ws/install/labs_pkg:/home/teehee/ros2_ws/install/labex6:/home/teehee/ros2_ws/install/lab_exam2_pkg:/home/teehee/ros2_ws/install/example_pkg:/opt/ros/humble /usr/bin/cmake --install /home/teehee/ros2_ws/src/lab6/build/action_interfaces
