running egg_info
creating ../../build/labs_pkg/labs_pkg.egg-info
writing ../../build/labs_pkg/labs_pkg.egg-info/PKG-INFO
writing dependency_links to ../../build/labs_pkg/labs_pkg.egg-info/dependency_links.txt
writing entry points to ../../build/labs_pkg/labs_pkg.egg-info/entry_points.txt
writing requirements to ../../build/labs_pkg/labs_pkg.egg-info/requires.txt
writing top-level names to ../../build/labs_pkg/labs_pkg.egg-info/top_level.txt
writing manifest file '../../build/labs_pkg/labs_pkg.egg-info/SOURCES.txt'
reading manifest file '../../build/labs_pkg/labs_pkg.egg-info/SOURCES.txt'
writing manifest file '../../build/labs_pkg/labs_pkg.egg-info/SOURCES.txt'
running build
running build_py
creating /home/teehee/ros2_ws/build/labs_pkg/build
creating /home/teehee/ros2_ws/build/labs_pkg/build/lib
creating /home/teehee/ros2_ws/build/labs_pkg/build/lib/labs_pkg
copying labs_pkg/array_adder.py -> /home/teehee/ros2_ws/build/labs_pkg/build/lib/labs_pkg
copying labs_pkg/tb4_circles.py -> /home/teehee/ros2_ws/build/labs_pkg/build/lib/labs_pkg
copying labs_pkg/control_turtle_original2.py -> /home/teehee/ros2_ws/build/labs_pkg/build/lib/labs_pkg
copying labs_pkg/wall_dist_statistics.py -> /home/teehee/ros2_ws/build/labs_pkg/build/lib/labs_pkg
copying labs_pkg/integer_publisher_original.py -> /home/teehee/ros2_ws/build/labs_pkg/build/lib/labs_pkg
copying labs_pkg/turtlesim_drivesquare_old.py -> /home/teehee/ros2_ws/build/labs_pkg/build/lib/labs_pkg
copying labs_pkg/turtlesim_scan.py -> /home/teehee/ros2_ws/build/labs_pkg/build/lib/labs_pkg
copying labs_pkg/__init__.py -> /home/teehee/ros2_ws/build/labs_pkg/build/lib/labs_pkg
copying labs_pkg/turtle_monitor.py -> /home/teehee/ros2_ws/build/labs_pkg/build/lib/labs_pkg
copying labs_pkg/turtlesim_odom.py -> /home/teehee/ros2_ws/build/labs_pkg/build/lib/labs_pkg
copying labs_pkg/turtlesim_move.py -> /home/teehee/ros2_ws/build/labs_pkg/build/lib/labs_pkg
copying labs_pkg/tb4_stop_at_wall.py -> /home/teehee/ros2_ws/build/labs_pkg/build/lib/labs_pkg
/usr/lib/python3/dist-packages/setuptools/command/install.py:34: SetuptoolsDeprecationWarning: setup.py install is deprecated. Use build and pip and other standards-based tools.
  warnings.warn(
copying labs_pkg/integer_publisher.py -> /home/teehee/ros2_ws/build/labs_pkg/build/lib/labs_pkg
copying labs_pkg/turtlesim_circles.py -> /home/teehee/ros2_ws/build/labs_pkg/build/lib/labs_pkg
copying labs_pkg/turtlesim_stop_at_wall.py -> /home/teehee/ros2_ws/build/labs_pkg/build/lib/labs_pkg
copying labs_pkg/spawn_turtles.py -> /home/teehee/ros2_ws/build/labs_pkg/build/lib/labs_pkg
copying labs_pkg/my_talker.py -> /home/teehee/ros2_ws/build/labs_pkg/build/lib/labs_pkg
copying labs_pkg/control_turtle_original.py -> /home/teehee/ros2_ws/build/labs_pkg/build/lib/labs_pkg
copying labs_pkg/add2ints_server.py -> /home/teehee/ros2_ws/build/labs_pkg/build/lib/labs_pkg
copying labs_pkg/wall_dist_measurement.py -> /home/teehee/ros2_ws/build/labs_pkg/build/lib/labs_pkg
copying labs_pkg/integer_array_publisher.py -> /home/teehee/ros2_ws/build/labs_pkg/build/lib/labs_pkg
copying labs_pkg/add2ints_client_no_oop.py -> /home/teehee/ros2_ws/build/labs_pkg/build/lib/labs_pkg
copying labs_pkg/my_talker_original.py -> /home/teehee/ros2_ws/build/labs_pkg/build/lib/labs_pkg
copying labs_pkg/control_turtle.py -> /home/teehee/ros2_ws/build/labs_pkg/build/lib/labs_pkg
copying labs_pkg/add2ints_client.py -> /home/teehee/ros2_ws/build/labs_pkg/build/lib/labs_pkg
copying labs_pkg/wall_dist_measurement_server.py -> /home/teehee/ros2_ws/build/labs_pkg/build/lib/labs_pkg
copying labs_pkg/cumulative_adder_original.py -> /home/teehee/ros2_ws/build/labs_pkg/build/lib/labs_pkg
copying labs_pkg/wall_dist_statistics_client.py -> /home/teehee/ros2_ws/build/labs_pkg/build/lib/labs_pkg
copying labs_pkg/turtlesim_drivesquare.py -> /home/teehee/ros2_ws/build/labs_pkg/build/lib/labs_pkg
copying labs_pkg/spawn_turtles_original.py -> /home/teehee/ros2_ws/build/labs_pkg/build/lib/labs_pkg
copying labs_pkg/my_listener.py -> /home/teehee/ros2_ws/build/labs_pkg/build/lib/labs_pkg
copying labs_pkg/cumulative_adder.py -> /home/teehee/ros2_ws/build/labs_pkg/build/lib/labs_pkg
running install
running install_lib
creating /home/teehee/ros2_ws/install/labs_pkg/lib/python3.10/site-packages/labs_pkg
copying /home/teehee/ros2_ws/build/labs_pkg/build/lib/labs_pkg/array_adder.py -> /home/teehee/ros2_ws/install/labs_pkg/lib/python3.10/site-packages/labs_pkg
copying /home/teehee/ros2_ws/build/labs_pkg/build/lib/labs_pkg/tb4_circles.py -> /home/teehee/ros2_ws/install/labs_pkg/lib/python3.10/site-packages/labs_pkg
copying /home/teehee/ros2_ws/build/labs_pkg/build/lib/labs_pkg/control_turtle_original2.py -> /home/teehee/ros2_ws/install/labs_pkg/lib/python3.10/site-packages/labs_pkg
copying /home/teehee/ros2_ws/build/labs_pkg/build/lib/labs_pkg/wall_dist_statistics.py -> /home/teehee/ros2_ws/install/labs_pkg/lib/python3.10/site-packages/labs_pkg
copying /home/teehee/ros2_ws/build/labs_pkg/build/lib/labs_pkg/integer_publisher_original.py -> /home/teehee/ros2_ws/install/labs_pkg/lib/python3.10/site-packages/labs_pkg
copying /home/teehee/ros2_ws/build/labs_pkg/build/lib/labs_pkg/turtlesim_drivesquare_old.py -> /home/teehee/ros2_ws/install/labs_pkg/lib/python3.10/site-packages/labs_pkg
copying /home/teehee/ros2_ws/build/labs_pkg/build/lib/labs_pkg/turtlesim_scan.py -> /home/teehee/ros2_ws/install/labs_pkg/lib/python3.10/site-packages/labs_pkg
copying /home/teehee/ros2_ws/build/labs_pkg/build/lib/labs_pkg/__init__.py -> /home/teehee/ros2_ws/install/labs_pkg/lib/python3.10/site-packages/labs_pkg
copying /home/teehee/ros2_ws/build/labs_pkg/build/lib/labs_pkg/turtle_monitor.py -> /home/teehee/ros2_ws/install/labs_pkg/lib/python3.10/site-packages/labs_pkg
copying /home/teehee/ros2_ws/build/labs_pkg/build/lib/labs_pkg/turtlesim_odom.py -> /home/teehee/ros2_ws/install/labs_pkg/lib/python3.10/site-packages/labs_pkg
copying /home/teehee/ros2_ws/build/labs_pkg/build/lib/labs_pkg/turtlesim_move.py -> /home/teehee/ros2_ws/install/labs_pkg/lib/python3.10/site-packages/labs_pkg
copying /home/teehee/ros2_ws/build/labs_pkg/build/lib/labs_pkg/tb4_stop_at_wall.py -> /home/teehee/ros2_ws/install/labs_pkg/lib/python3.10/site-packages/labs_pkg
copying /home/teehee/ros2_ws/build/labs_pkg/build/lib/labs_pkg/integer_publisher.py -> /home/teehee/ros2_ws/install/labs_pkg/lib/python3.10/site-packages/labs_pkg
copying /home/teehee/ros2_ws/build/labs_pkg/build/lib/labs_pkg/turtlesim_circles.py -> /home/teehee/ros2_ws/install/labs_pkg/lib/python3.10/site-packages/labs_pkg
copying /home/teehee/ros2_ws/build/labs_pkg/build/lib/labs_pkg/turtlesim_stop_at_wall.py -> /home/teehee/ros2_ws/install/labs_pkg/lib/python3.10/site-packages/labs_pkg
copying /home/teehee/ros2_ws/build/labs_pkg/build/lib/labs_pkg/spawn_turtles.py -> /home/teehee/ros2_ws/install/labs_pkg/lib/python3.10/site-packages/labs_pkg
copying /home/teehee/ros2_ws/build/labs_pkg/build/lib/labs_pkg/my_talker.py -> /home/teehee/ros2_ws/install/labs_pkg/lib/python3.10/site-packages/labs_pkg
copying /home/teehee/ros2_ws/build/labs_pkg/build/lib/labs_pkg/control_turtle_original.py -> /home/teehee/ros2_ws/install/labs_pkg/lib/python3.10/site-packages/labs_pkg
copying /home/teehee/ros2_ws/build/labs_pkg/build/lib/labs_pkg/add2ints_server.py -> /home/teehee/ros2_ws/install/labs_pkg/lib/python3.10/site-packages/labs_pkg
copying /home/teehee/ros2_ws/build/labs_pkg/build/lib/labs_pkg/wall_dist_measurement.py -> /home/teehee/ros2_ws/install/labs_pkg/lib/python3.10/site-packages/labs_pkg
copying /home/teehee/ros2_ws/build/labs_pkg/build/lib/labs_pkg/integer_array_publisher.py -> /home/teehee/ros2_ws/install/labs_pkg/lib/python3.10/site-packages/labs_pkg
copying /home/teehee/ros2_ws/build/labs_pkg/build/lib/labs_pkg/add2ints_client_no_oop.py -> /home/teehee/ros2_ws/install/labs_pkg/lib/python3.10/site-packages/labs_pkg
copying /home/teehee/ros2_ws/build/labs_pkg/build/lib/labs_pkg/my_talker_original.py -> /home/teehee/ros2_ws/install/labs_pkg/lib/python3.10/site-packages/labs_pkg
copying /home/teehee/ros2_ws/build/labs_pkg/build/lib/labs_pkg/control_turtle.py -> /home/teehee/ros2_ws/install/labs_pkg/lib/python3.10/site-packages/labs_pkg
copying /home/teehee/ros2_ws/build/labs_pkg/build/lib/labs_pkg/add2ints_client.py -> /home/teehee/ros2_ws/install/labs_pkg/lib/python3.10/site-packages/labs_pkg
copying /home/teehee/ros2_ws/build/labs_pkg/build/lib/labs_pkg/wall_dist_measurement_server.py -> /home/teehee/ros2_ws/install/labs_pkg/lib/python3.10/site-packages/labs_pkg
copying /home/teehee/ros2_ws/build/labs_pkg/build/lib/labs_pkg/cumulative_adder_original.py -> /home/teehee/ros2_ws/install/labs_pkg/lib/python3.10/site-packages/labs_pkg
copying /home/teehee/ros2_ws/build/labs_pkg/build/lib/labs_pkg/wall_dist_statistics_client.py -> /home/teehee/ros2_ws/install/labs_pkg/lib/python3.10/site-packages/labs_pkg
copying /home/teehee/ros2_ws/build/labs_pkg/build/lib/labs_pkg/turtlesim_drivesquare.py -> /home/teehee/ros2_ws/install/labs_pkg/lib/python3.10/site-packages/labs_pkg
copying /home/teehee/ros2_ws/build/labs_pkg/build/lib/labs_pkg/spawn_turtles_original.py -> /home/teehee/ros2_ws/install/labs_pkg/lib/python3.10/site-packages/labs_pkg
copying /home/teehee/ros2_ws/build/labs_pkg/build/lib/labs_pkg/my_listener.py -> /home/teehee/ros2_ws/install/labs_pkg/lib/python3.10/site-packages/labs_pkg
copying /home/teehee/ros2_ws/build/labs_pkg/build/lib/labs_pkg/cumulative_adder.py -> /home/teehee/ros2_ws/install/labs_pkg/lib/python3.10/site-packages/labs_pkg
byte-compiling /home/teehee/ros2_ws/install/labs_pkg/lib/python3.10/site-packages/labs_pkg/array_adder.py to array_adder.cpython-310.pyc
byte-compiling /home/teehee/ros2_ws/install/labs_pkg/lib/python3.10/site-packages/labs_pkg/tb4_circles.py to tb4_circles.cpython-310.pyc
byte-compiling /home/teehee/ros2_ws/install/labs_pkg/lib/python3.10/site-packages/labs_pkg/control_turtle_original2.py to control_turtle_original2.cpython-310.pyc
byte-compiling /home/teehee/ros2_ws/install/labs_pkg/lib/python3.10/site-packages/labs_pkg/wall_dist_statistics.py to wall_dist_statistics.cpython-310.pyc
byte-compiling /home/teehee/ros2_ws/install/labs_pkg/lib/python3.10/site-packages/labs_pkg/integer_publisher_original.py to integer_publisher_original.cpython-310.pyc
byte-compiling /home/teehee/ros2_ws/install/labs_pkg/lib/python3.10/site-packages/labs_pkg/turtlesim_drivesquare_old.py to turtlesim_drivesquare_old.cpython-310.pyc
byte-compiling /home/teehee/ros2_ws/install/labs_pkg/lib/python3.10/site-packages/labs_pkg/turtlesim_scan.py to turtlesim_scan.cpython-310.pyc
byte-compiling /home/teehee/ros2_ws/install/labs_pkg/lib/python3.10/site-packages/labs_pkg/__init__.py to __init__.cpython-310.pyc
byte-compiling /home/teehee/ros2_ws/install/labs_pkg/lib/python3.10/site-packages/labs_pkg/turtle_monitor.py to turtle_monitor.cpython-310.pyc
byte-compiling /home/teehee/ros2_ws/install/labs_pkg/lib/python3.10/site-packages/labs_pkg/turtlesim_odom.py to turtlesim_odom.cpython-310.pyc
byte-compiling /home/teehee/ros2_ws/install/labs_pkg/lib/python3.10/site-packages/labs_pkg/turtlesim_move.py to turtlesim_move.cpython-310.pyc
byte-compiling /home/teehee/ros2_ws/install/labs_pkg/lib/python3.10/site-packages/labs_pkg/tb4_stop_at_wall.py to tb4_stop_at_wall.cpython-310.pyc
byte-compiling /home/teehee/ros2_ws/install/labs_pkg/lib/python3.10/site-packages/labs_pkg/integer_publisher.py to integer_publisher.cpython-310.pyc
byte-compiling /home/teehee/ros2_ws/install/labs_pkg/lib/python3.10/site-packages/labs_pkg/turtlesim_circles.py to turtlesim_circles.cpython-310.pyc
byte-compiling /home/teehee/ros2_ws/install/labs_pkg/lib/python3.10/site-packages/labs_pkg/turtlesim_stop_at_wall.py to turtlesim_stop_at_wall.cpython-310.pyc
byte-compiling /home/teehee/ros2_ws/install/labs_pkg/lib/python3.10/site-packages/labs_pkg/spawn_turtles.py to spawn_turtles.cpython-310.pyc
byte-compiling /home/teehee/ros2_ws/install/labs_pkg/lib/python3.10/site-packages/labs_pkg/my_talker.py to my_talker.cpython-310.pyc
byte-compiling /home/teehee/ros2_ws/install/labs_pkg/lib/python3.10/site-packages/labs_pkg/control_turtle_original.py to control_turtle_original.cpython-310.pyc
byte-compiling /home/teehee/ros2_ws/install/labs_pkg/lib/python3.10/site-packages/labs_pkg/add2ints_server.py to add2ints_server.cpython-310.pyc
byte-compiling /home/teehee/ros2_ws/install/labs_pkg/lib/python3.10/site-packages/labs_pkg/wall_dist_measurement.py to wall_dist_measurement.cpython-310.pyc
byte-compiling /home/teehee/ros2_ws/install/labs_pkg/lib/python3.10/site-packages/labs_pkg/integer_array_publisher.py to integer_array_publisher.cpython-310.pyc
byte-compiling /home/teehee/ros2_ws/install/labs_pkg/lib/python3.10/site-packages/labs_pkg/add2ints_client_no_oop.py to add2ints_client_no_oop.cpython-310.pyc
byte-compiling /home/teehee/ros2_ws/install/labs_pkg/lib/python3.10/site-packages/labs_pkg/my_talker_original.py to my_talker_original.cpython-310.pyc
byte-compiling /home/teehee/ros2_ws/install/labs_pkg/lib/python3.10/site-packages/labs_pkg/control_turtle.py to control_turtle.cpython-310.pyc
byte-compiling /home/teehee/ros2_ws/install/labs_pkg/lib/python3.10/site-packages/labs_pkg/add2ints_client.py to add2ints_client.cpython-310.pyc
byte-compiling /home/teehee/ros2_ws/install/labs_pkg/lib/python3.10/site-packages/labs_pkg/wall_dist_measurement_server.py to wall_dist_measurement_server.cpython-310.pyc
byte-compiling /home/teehee/ros2_ws/install/labs_pkg/lib/python3.10/site-packages/labs_pkg/cumulative_adder_original.py to cumulative_adder_original.cpython-310.pyc
byte-compiling /home/teehee/ros2_ws/install/labs_pkg/lib/python3.10/site-packages/labs_pkg/wall_dist_statistics_client.py to wall_dist_statistics_client.cpython-310.pyc
byte-compiling /home/teehee/ros2_ws/install/labs_pkg/lib/python3.10/site-packages/labs_pkg/turtlesim_drivesquare.py to turtlesim_drivesquare.cpython-310.pyc
byte-compiling /home/teehee/ros2_ws/install/labs_pkg/lib/python3.10/site-packages/labs_pkg/spawn_turtles_original.py to spawn_turtles_original.cpython-310.pyc
byte-compiling /home/teehee/ros2_ws/install/labs_pkg/lib/python3.10/site-packages/labs_pkg/my_listener.py to my_listener.cpython-310.pyc
byte-compiling /home/teehee/ros2_ws/install/labs_pkg/lib/python3.10/site-packages/labs_pkg/cumulative_adder.py to cumulative_adder.cpython-310.pyc
running install_data
creating /home/teehee/ros2_ws/install/labs_pkg/share/ament_index
creating /home/teehee/ros2_ws/install/labs_pkg/share/ament_index/resource_index
creating /home/teehee/ros2_ws/install/labs_pkg/share/ament_index/resource_index/packages
copying resource/labs_pkg -> /home/teehee/ros2_ws/install/labs_pkg/share/ament_index/resource_index/packages
copying package.xml -> /home/teehee/ros2_ws/install/labs_pkg/share/labs_pkg
running install_egg_info
Copying ../../build/labs_pkg/labs_pkg.egg-info to /home/teehee/ros2_ws/install/labs_pkg/lib/python3.10/site-packages/labs_pkg-0.0.0-py3.10.egg-info
running install_scripts
Installing add2ints_client script to /home/teehee/ros2_ws/install/labs_pkg/lib/labs_pkg
Installing add2ints_client_no_oop script to /home/teehee/ros2_ws/install/labs_pkg/lib/labs_pkg
Installing add2ints_server script to /home/teehee/ros2_ws/install/labs_pkg/lib/labs_pkg
Installing array_adder script to /home/teehee/ros2_ws/install/labs_pkg/lib/labs_pkg
Installing control_turtle script to /home/teehee/ros2_ws/install/labs_pkg/lib/labs_pkg
Installing cumulative_adder script to /home/teehee/ros2_ws/install/labs_pkg/lib/labs_pkg
Installing integer_array_publisher script to /home/teehee/ros2_ws/install/labs_pkg/lib/labs_pkg
Installing integer_publisher script to /home/teehee/ros2_ws/install/labs_pkg/lib/labs_pkg
Installing my_listener script to /home/teehee/ros2_ws/install/labs_pkg/lib/labs_pkg
Installing my_talker script to /home/teehee/ros2_ws/install/labs_pkg/lib/labs_pkg
Installing spawn_turtles script to /home/teehee/ros2_ws/install/labs_pkg/lib/labs_pkg
Installing tb4_circles script to /home/teehee/ros2_ws/install/labs_pkg/lib/labs_pkg
Installing tb4_stop_at_wall script to /home/teehee/ros2_ws/install/labs_pkg/lib/labs_pkg
Installing turtle_monitor script to /home/teehee/ros2_ws/install/labs_pkg/lib/labs_pkg
Installing turtlesim_circles script to /home/teehee/ros2_ws/install/labs_pkg/lib/labs_pkg
Installing turtlesim_drivesquare script to /home/teehee/ros2_ws/install/labs_pkg/lib/labs_pkg
Installing turtlesim_move script to /home/teehee/ros2_ws/install/labs_pkg/lib/labs_pkg
Installing turtlesim_odom script to /home/teehee/ros2_ws/install/labs_pkg/lib/labs_pkg
Installing turtlesim_scan script to /home/teehee/ros2_ws/install/labs_pkg/lib/labs_pkg
Installing turtlesim_stop_at_wall script to /home/teehee/ros2_ws/install/labs_pkg/lib/labs_pkg
Installing wall_dist_measurement script to /home/teehee/ros2_ws/install/labs_pkg/lib/labs_pkg
Installing wall_dist_measurement_server script to /home/teehee/ros2_ws/install/labs_pkg/lib/labs_pkg
Installing wall_dist_statistics script to /home/teehee/ros2_ws/install/labs_pkg/lib/labs_pkg
Installing wall_dist_statistics_client script to /home/teehee/ros2_ws/install/labs_pkg/lib/labs_pkg
writing list of installed files to '/home/teehee/ros2_ws/build/labs_pkg/install.log'
