[1.413s] Invoking command in '/home/teehee/ros2_ws/src/labs_pkg': CMAKE_PREFIX_PATH=/home/teehee/ros2_ws/install/lab_interfaces:/home/teehee/ros2_ws/install/labs_bringup PYTHONPATH=/home/teehee/ros2_ws/build/labs_pkg/prefix_override:/home/teehee/ros2_ws/install/labs_pkg/lib/python3.10/site-packages:${PYTHONPATH} /usr/bin/python3 setup.py egg_info --egg-base ../../build/labs_pkg build --build-base /home/teehee/ros2_ws/build/labs_pkg/build install --record /home/teehee/ros2_ws/build/labs_pkg/install.log --single-version-externally-managed
[1.643s] running egg_info
[1.643s] creating ../../build/labs_pkg/labs_pkg.egg-info
[1.643s] writing ../../build/labs_pkg/labs_pkg.egg-info/PKG-INFO
[1.643s] writing dependency_links to ../../build/labs_pkg/labs_pkg.egg-info/dependency_links.txt
[1.643s] writing entry points to ../../build/labs_pkg/labs_pkg.egg-info/entry_points.txt
[1.643s] writing requirements to ../../build/labs_pkg/labs_pkg.egg-info/requires.txt
[1.643s] writing top-level names to ../../build/labs_pkg/labs_pkg.egg-info/top_level.txt
[1.643s] writing manifest file '../../build/labs_pkg/labs_pkg.egg-info/SOURCES.txt'
[1.645s] reading manifest file '../../build/labs_pkg/labs_pkg.egg-info/SOURCES.txt'
[1.645s] writing manifest file '../../build/labs_pkg/labs_pkg.egg-info/SOURCES.txt'
[1.648s] running build
[1.663s] running build_py
[1.663s] creating /home/teehee/ros2_ws/build/labs_pkg/build
[1.663s] creating /home/teehee/ros2_ws/build/labs_pkg/build/lib
[1.663s] creating /home/teehee/ros2_ws/build/labs_pkg/build/lib/labs_pkg
[1.663s] copying labs_pkg/array_adder.py -> /home/teehee/ros2_ws/build/labs_pkg/build/lib/labs_pkg
[1.663s] copying labs_pkg/tb4_circles.py -> /home/teehee/ros2_ws/build/labs_pkg/build/lib/labs_pkg
[1.665s] copying labs_pkg/control_turtle_original2.py -> /home/teehee/ros2_ws/build/labs_pkg/build/lib/labs_pkg
[1.665s] copying labs_pkg/wall_dist_statistics.py -> /home/teehee/ros2_ws/build/labs_pkg/build/lib/labs_pkg
[1.665s] copying labs_pkg/integer_publisher_original.py -> /home/teehee/ros2_ws/build/labs_pkg/build/lib/labs_pkg
[1.668s] copying labs_pkg/turtlesim_drivesquare_old.py -> /home/teehee/ros2_ws/build/labs_pkg/build/lib/labs_pkg
[1.701s] copying labs_pkg/turtlesim_scan.py -> /home/teehee/ros2_ws/build/labs_pkg/build/lib/labs_pkg
[1.701s] copying labs_pkg/__init__.py -> /home/teehee/ros2_ws/build/labs_pkg/build/lib/labs_pkg
[1.701s] copying labs_pkg/turtle_monitor.py -> /home/teehee/ros2_ws/build/labs_pkg/build/lib/labs_pkg
[1.705s] copying labs_pkg/turtlesim_odom.py -> /home/teehee/ros2_ws/build/labs_pkg/build/lib/labs_pkg
[1.707s] copying labs_pkg/turtlesim_move.py -> /home/teehee/ros2_ws/build/labs_pkg/build/lib/labs_pkg
[1.710s] copying labs_pkg/tb4_stop_at_wall.py -> /home/teehee/ros2_ws/build/labs_pkg/build/lib/labs_pkg
[1.720s] /usr/lib/python3/dist-packages/setuptools/command/install.py:34: SetuptoolsDeprecationWarning: setup.py install is deprecated. Use build and pip and other standards-based tools.
[1.720s]   warnings.warn(
[1.731s] copying labs_pkg/integer_publisher.py -> /home/teehee/ros2_ws/build/labs_pkg/build/lib/labs_pkg
[1.731s] copying labs_pkg/turtlesim_circles.py -> /home/teehee/ros2_ws/build/labs_pkg/build/lib/labs_pkg
[1.731s] copying labs_pkg/turtlesim_stop_at_wall.py -> /home/teehee/ros2_ws/build/labs_pkg/build/lib/labs_pkg
[1.731s] copying labs_pkg/spawn_turtles.py -> /home/teehee/ros2_ws/build/labs_pkg/build/lib/labs_pkg
[1.731s] copying labs_pkg/my_talker.py -> /home/teehee/ros2_ws/build/labs_pkg/build/lib/labs_pkg
[1.731s] copying labs_pkg/control_turtle_original.py -> /home/teehee/ros2_ws/build/labs_pkg/build/lib/labs_pkg
[1.731s] copying labs_pkg/add2ints_server.py -> /home/teehee/ros2_ws/build/labs_pkg/build/lib/labs_pkg
[1.731s] copying labs_pkg/wall_dist_measurement.py -> /home/teehee/ros2_ws/build/labs_pkg/build/lib/labs_pkg
[1.731s] copying labs_pkg/integer_array_publisher.py -> /home/teehee/ros2_ws/build/labs_pkg/build/lib/labs_pkg
[1.732s] copying labs_pkg/add2ints_client_no_oop.py -> /home/teehee/ros2_ws/build/labs_pkg/build/lib/labs_pkg
[1.732s] copying labs_pkg/my_talker_original.py -> /home/teehee/ros2_ws/build/labs_pkg/build/lib/labs_pkg
[1.732s] copying labs_pkg/control_turtle.py -> /home/teehee/ros2_ws/build/labs_pkg/build/lib/labs_pkg
[1.732s] copying labs_pkg/add2ints_client.py -> /home/teehee/ros2_ws/build/labs_pkg/build/lib/labs_pkg
[1.732s] copying labs_pkg/wall_dist_measurement_server.py -> /home/teehee/ros2_ws/build/labs_pkg/build/lib/labs_pkg
[1.732s] copying labs_pkg/cumulative_adder_original.py -> /home/teehee/ros2_ws/build/labs_pkg/build/lib/labs_pkg
[1.732s] copying labs_pkg/wall_dist_statistics_client.py -> /home/teehee/ros2_ws/build/labs_pkg/build/lib/labs_pkg
[1.732s] copying labs_pkg/turtlesim_drivesquare.py -> /home/teehee/ros2_ws/build/labs_pkg/build/lib/labs_pkg
[1.732s] copying labs_pkg/spawn_turtles_original.py -> /home/teehee/ros2_ws/build/labs_pkg/build/lib/labs_pkg
[1.732s] copying labs_pkg/my_listener.py -> /home/teehee/ros2_ws/build/labs_pkg/build/lib/labs_pkg
[1.732s] copying labs_pkg/cumulative_adder.py -> /home/teehee/ros2_ws/build/labs_pkg/build/lib/labs_pkg
[1.732s] running install
[1.732s] running install_lib
[1.732s] creating /home/teehee/ros2_ws/install/labs_pkg/lib/python3.10/site-packages/labs_pkg
[1.732s] copying /home/teehee/ros2_ws/build/labs_pkg/build/lib/labs_pkg/array_adder.py -> /home/teehee/ros2_ws/install/labs_pkg/lib/python3.10/site-packages/labs_pkg
[1.732s] copying /home/teehee/ros2_ws/build/labs_pkg/build/lib/labs_pkg/tb4_circles.py -> /home/teehee/ros2_ws/install/labs_pkg/lib/python3.10/site-packages/labs_pkg
[1.732s] copying /home/teehee/ros2_ws/build/labs_pkg/build/lib/labs_pkg/control_turtle_original2.py -> /home/teehee/ros2_ws/install/labs_pkg/lib/python3.10/site-packages/labs_pkg
[1.732s] copying /home/teehee/ros2_ws/build/labs_pkg/build/lib/labs_pkg/wall_dist_statistics.py -> /home/teehee/ros2_ws/install/labs_pkg/lib/python3.10/site-packages/labs_pkg
[1.732s] copying /home/teehee/ros2_ws/build/labs_pkg/build/lib/labs_pkg/integer_publisher_original.py -> /home/teehee/ros2_ws/install/labs_pkg/lib/python3.10/site-packages/labs_pkg
[1.732s] copying /home/teehee/ros2_ws/build/labs_pkg/build/lib/labs_pkg/turtlesim_drivesquare_old.py -> /home/teehee/ros2_ws/install/labs_pkg/lib/python3.10/site-packages/labs_pkg
[1.733s] copying /home/teehee/ros2_ws/build/labs_pkg/build/lib/labs_pkg/turtlesim_scan.py -> /home/teehee/ros2_ws/install/labs_pkg/lib/python3.10/site-packages/labs_pkg
[1.733s] copying /home/teehee/ros2_ws/build/labs_pkg/build/lib/labs_pkg/__init__.py -> /home/teehee/ros2_ws/install/labs_pkg/lib/python3.10/site-packages/labs_pkg
[1.733s] copying /home/teehee/ros2_ws/build/labs_pkg/build/lib/labs_pkg/turtle_monitor.py -> /home/teehee/ros2_ws/install/labs_pkg/lib/python3.10/site-packages/labs_pkg
[1.733s] copying /home/teehee/ros2_ws/build/labs_pkg/build/lib/labs_pkg/turtlesim_odom.py -> /home/teehee/ros2_ws/install/labs_pkg/lib/python3.10/site-packages/labs_pkg
[1.733s] copying /home/teehee/ros2_ws/build/labs_pkg/build/lib/labs_pkg/turtlesim_move.py -> /home/teehee/ros2_ws/install/labs_pkg/lib/python3.10/site-packages/labs_pkg
[1.733s] copying /home/teehee/ros2_ws/build/labs_pkg/build/lib/labs_pkg/tb4_stop_at_wall.py -> /home/teehee/ros2_ws/install/labs_pkg/lib/python3.10/site-packages/labs_pkg
[1.733s] copying /home/teehee/ros2_ws/build/labs_pkg/build/lib/labs_pkg/integer_publisher.py -> /home/teehee/ros2_ws/install/labs_pkg/lib/python3.10/site-packages/labs_pkg
[1.733s] copying /home/teehee/ros2_ws/build/labs_pkg/build/lib/labs_pkg/turtlesim_circles.py -> /home/teehee/ros2_ws/install/labs_pkg/lib/python3.10/site-packages/labs_pkg
[1.733s] copying /home/teehee/ros2_ws/build/labs_pkg/build/lib/labs_pkg/turtlesim_stop_at_wall.py -> /home/teehee/ros2_ws/install/labs_pkg/lib/python3.10/site-packages/labs_pkg
[1.733s] copying /home/teehee/ros2_ws/build/labs_pkg/build/lib/labs_pkg/spawn_turtles.py -> /home/teehee/ros2_ws/install/labs_pkg/lib/python3.10/site-packages/labs_pkg
[1.733s] copying /home/teehee/ros2_ws/build/labs_pkg/build/lib/labs_pkg/my_talker.py -> /home/teehee/ros2_ws/install/labs_pkg/lib/python3.10/site-packages/labs_pkg
[1.733s] copying /home/teehee/ros2_ws/build/labs_pkg/build/lib/labs_pkg/control_turtle_original.py -> /home/teehee/ros2_ws/install/labs_pkg/lib/python3.10/site-packages/labs_pkg
[1.733s] copying /home/teehee/ros2_ws/build/labs_pkg/build/lib/labs_pkg/add2ints_server.py -> /home/teehee/ros2_ws/install/labs_pkg/lib/python3.10/site-packages/labs_pkg
[1.733s] copying /home/teehee/ros2_ws/build/labs_pkg/build/lib/labs_pkg/wall_dist_measurement.py -> /home/teehee/ros2_ws/install/labs_pkg/lib/python3.10/site-packages/labs_pkg
[1.733s] copying /home/teehee/ros2_ws/build/labs_pkg/build/lib/labs_pkg/integer_array_publisher.py -> /home/teehee/ros2_ws/install/labs_pkg/lib/python3.10/site-packages/labs_pkg
[1.733s] copying /home/teehee/ros2_ws/build/labs_pkg/build/lib/labs_pkg/add2ints_client_no_oop.py -> /home/teehee/ros2_ws/install/labs_pkg/lib/python3.10/site-packages/labs_pkg
[1.733s] copying /home/teehee/ros2_ws/build/labs_pkg/build/lib/labs_pkg/my_talker_original.py -> /home/teehee/ros2_ws/install/labs_pkg/lib/python3.10/site-packages/labs_pkg
[1.733s] copying /home/teehee/ros2_ws/build/labs_pkg/build/lib/labs_pkg/control_turtle.py -> /home/teehee/ros2_ws/install/labs_pkg/lib/python3.10/site-packages/labs_pkg
[1.733s] copying /home/teehee/ros2_ws/build/labs_pkg/build/lib/labs_pkg/add2ints_client.py -> /home/teehee/ros2_ws/install/labs_pkg/lib/python3.10/site-packages/labs_pkg
[1.733s] copying /home/teehee/ros2_ws/build/labs_pkg/build/lib/labs_pkg/wall_dist_measurement_server.py -> /home/teehee/ros2_ws/install/labs_pkg/lib/python3.10/site-packages/labs_pkg
[1.733s] copying /home/teehee/ros2_ws/build/labs_pkg/build/lib/labs_pkg/cumulative_adder_original.py -> /home/teehee/ros2_ws/install/labs_pkg/lib/python3.10/site-packages/labs_pkg
[1.734s] copying /home/teehee/ros2_ws/build/labs_pkg/build/lib/labs_pkg/wall_dist_statistics_client.py -> /home/teehee/ros2_ws/install/labs_pkg/lib/python3.10/site-packages/labs_pkg
[1.734s] copying /home/teehee/ros2_ws/build/labs_pkg/build/lib/labs_pkg/turtlesim_drivesquare.py -> /home/teehee/ros2_ws/install/labs_pkg/lib/python3.10/site-packages/labs_pkg
[1.734s] copying /home/teehee/ros2_ws/build/labs_pkg/build/lib/labs_pkg/spawn_turtles_original.py -> /home/teehee/ros2_ws/install/labs_pkg/lib/python3.10/site-packages/labs_pkg
[1.734s] copying /home/teehee/ros2_ws/build/labs_pkg/build/lib/labs_pkg/my_listener.py -> /home/teehee/ros2_ws/install/labs_pkg/lib/python3.10/site-packages/labs_pkg
[1.734s] copying /home/teehee/ros2_ws/build/labs_pkg/build/lib/labs_pkg/cumulative_adder.py -> /home/teehee/ros2_ws/install/labs_pkg/lib/python3.10/site-packages/labs_pkg
[1.734s] byte-compiling /home/teehee/ros2_ws/install/labs_pkg/lib/python3.10/site-packages/labs_pkg/array_adder.py to array_adder.cpython-310.pyc
[1.734s] byte-compiling /home/teehee/ros2_ws/install/labs_pkg/lib/python3.10/site-packages/labs_pkg/tb4_circles.py to tb4_circles.cpython-310.pyc
[1.734s] byte-compiling /home/teehee/ros2_ws/install/labs_pkg/lib/python3.10/site-packages/labs_pkg/control_turtle_original2.py to control_turtle_original2.cpython-310.pyc
[1.734s] byte-compiling /home/teehee/ros2_ws/install/labs_pkg/lib/python3.10/site-packages/labs_pkg/wall_dist_statistics.py to wall_dist_statistics.cpython-310.pyc
[1.734s] byte-compiling /home/teehee/ros2_ws/install/labs_pkg/lib/python3.10/site-packages/labs_pkg/integer_publisher_original.py to integer_publisher_original.cpython-310.pyc
[1.735s] byte-compiling /home/teehee/ros2_ws/install/labs_pkg/lib/python3.10/site-packages/labs_pkg/turtlesim_drivesquare_old.py to turtlesim_drivesquare_old.cpython-310.pyc
[1.736s] byte-compiling /home/teehee/ros2_ws/install/labs_pkg/lib/python3.10/site-packages/labs_pkg/turtlesim_scan.py to turtlesim_scan.cpython-310.pyc
[1.736s] byte-compiling /home/teehee/ros2_ws/install/labs_pkg/lib/python3.10/site-packages/labs_pkg/__init__.py to __init__.cpython-310.pyc
[1.737s] byte-compiling /home/teehee/ros2_ws/install/labs_pkg/lib/python3.10/site-packages/labs_pkg/turtle_monitor.py to turtle_monitor.cpython-310.pyc
[1.737s] byte-compiling /home/teehee/ros2_ws/install/labs_pkg/lib/python3.10/site-packages/labs_pkg/turtlesim_odom.py to turtlesim_odom.cpython-310.pyc
[1.738s] byte-compiling /home/teehee/ros2_ws/install/labs_pkg/lib/python3.10/site-packages/labs_pkg/turtlesim_move.py to turtlesim_move.cpython-310.pyc
[1.738s] byte-compiling /home/teehee/ros2_ws/install/labs_pkg/lib/python3.10/site-packages/labs_pkg/tb4_stop_at_wall.py to tb4_stop_at_wall.cpython-310.pyc
[1.739s] byte-compiling /home/teehee/ros2_ws/install/labs_pkg/lib/python3.10/site-packages/labs_pkg/integer_publisher.py to integer_publisher.cpython-310.pyc
[1.739s] byte-compiling /home/teehee/ros2_ws/install/labs_pkg/lib/python3.10/site-packages/labs_pkg/turtlesim_circles.py to turtlesim_circles.cpython-310.pyc
[1.740s] byte-compiling /home/teehee/ros2_ws/install/labs_pkg/lib/python3.10/site-packages/labs_pkg/turtlesim_stop_at_wall.py to turtlesim_stop_at_wall.cpython-310.pyc
[1.740s] byte-compiling /home/teehee/ros2_ws/install/labs_pkg/lib/python3.10/site-packages/labs_pkg/spawn_turtles.py to spawn_turtles.cpython-310.pyc
[1.741s] byte-compiling /home/teehee/ros2_ws/install/labs_pkg/lib/python3.10/site-packages/labs_pkg/my_talker.py to my_talker.cpython-310.pyc
[1.741s] byte-compiling /home/teehee/ros2_ws/install/labs_pkg/lib/python3.10/site-packages/labs_pkg/control_turtle_original.py to control_turtle_original.cpython-310.pyc
[1.742s] byte-compiling /home/teehee/ros2_ws/install/labs_pkg/lib/python3.10/site-packages/labs_pkg/add2ints_server.py to add2ints_server.cpython-310.pyc
[1.742s] byte-compiling /home/teehee/ros2_ws/install/labs_pkg/lib/python3.10/site-packages/labs_pkg/wall_dist_measurement.py to wall_dist_measurement.cpython-310.pyc
[1.743s] byte-compiling /home/teehee/ros2_ws/install/labs_pkg/lib/python3.10/site-packages/labs_pkg/integer_array_publisher.py to integer_array_publisher.cpython-310.pyc
[1.743s] byte-compiling /home/teehee/ros2_ws/install/labs_pkg/lib/python3.10/site-packages/labs_pkg/add2ints_client_no_oop.py to add2ints_client_no_oop.cpython-310.pyc
[1.744s] byte-compiling /home/teehee/ros2_ws/install/labs_pkg/lib/python3.10/site-packages/labs_pkg/my_talker_original.py to my_talker_original.cpython-310.pyc
[1.744s] byte-compiling /home/teehee/ros2_ws/install/labs_pkg/lib/python3.10/site-packages/labs_pkg/control_turtle.py to control_turtle.cpython-310.pyc
[1.745s] byte-compiling /home/teehee/ros2_ws/install/labs_pkg/lib/python3.10/site-packages/labs_pkg/add2ints_client.py to add2ints_client.cpython-310.pyc
[1.746s] byte-compiling /home/teehee/ros2_ws/install/labs_pkg/lib/python3.10/site-packages/labs_pkg/wall_dist_measurement_server.py to wall_dist_measurement_server.cpython-310.pyc
[1.746s] byte-compiling /home/teehee/ros2_ws/install/labs_pkg/lib/python3.10/site-packages/labs_pkg/cumulative_adder_original.py to cumulative_adder_original.cpython-310.pyc
[1.747s] byte-compiling /home/teehee/ros2_ws/install/labs_pkg/lib/python3.10/site-packages/labs_pkg/wall_dist_statistics_client.py to wall_dist_statistics_client.cpython-310.pyc
[1.751s] byte-compiling /home/teehee/ros2_ws/install/labs_pkg/lib/python3.10/site-packages/labs_pkg/turtlesim_drivesquare.py to turtlesim_drivesquare.cpython-310.pyc
[1.753s] byte-compiling /home/teehee/ros2_ws/install/labs_pkg/lib/python3.10/site-packages/labs_pkg/spawn_turtles_original.py to spawn_turtles_original.cpython-310.pyc
[1.756s] byte-compiling /home/teehee/ros2_ws/install/labs_pkg/lib/python3.10/site-packages/labs_pkg/my_listener.py to my_listener.cpython-310.pyc
[1.756s] byte-compiling /home/teehee/ros2_ws/install/labs_pkg/lib/python3.10/site-packages/labs_pkg/cumulative_adder.py to cumulative_adder.cpython-310.pyc
[1.757s] running install_data
[1.758s] creating /home/teehee/ros2_ws/install/labs_pkg/share/ament_index
[1.758s] creating /home/teehee/ros2_ws/install/labs_pkg/share/ament_index/resource_index
[1.758s] creating /home/teehee/ros2_ws/install/labs_pkg/share/ament_index/resource_index/packages
[1.759s] copying resource/labs_pkg -> /home/teehee/ros2_ws/install/labs_pkg/share/ament_index/resource_index/packages
[1.761s] copying package.xml -> /home/teehee/ros2_ws/install/labs_pkg/share/labs_pkg
[1.761s] running install_egg_info
[1.766s] Copying ../../build/labs_pkg/labs_pkg.egg-info to /home/teehee/ros2_ws/install/labs_pkg/lib/python3.10/site-packages/labs_pkg-0.0.0-py3.10.egg-info
[1.767s] running install_scripts
[1.814s] Installing add2ints_client script to /home/teehee/ros2_ws/install/labs_pkg/lib/labs_pkg
[1.815s] Installing add2ints_client_no_oop script to /home/teehee/ros2_ws/install/labs_pkg/lib/labs_pkg
[1.815s] Installing add2ints_server script to /home/teehee/ros2_ws/install/labs_pkg/lib/labs_pkg
[1.815s] Installing array_adder script to /home/teehee/ros2_ws/install/labs_pkg/lib/labs_pkg
[1.819s] Installing control_turtle script to /home/teehee/ros2_ws/install/labs_pkg/lib/labs_pkg
[1.819s] Installing cumulative_adder script to /home/teehee/ros2_ws/install/labs_pkg/lib/labs_pkg
[1.820s] Installing integer_array_publisher script to /home/teehee/ros2_ws/install/labs_pkg/lib/labs_pkg
[1.822s] Installing integer_publisher script to /home/teehee/ros2_ws/install/labs_pkg/lib/labs_pkg
[1.822s] Installing my_listener script to /home/teehee/ros2_ws/install/labs_pkg/lib/labs_pkg
[1.825s] Installing my_talker script to /home/teehee/ros2_ws/install/labs_pkg/lib/labs_pkg
[1.826s] Installing spawn_turtles script to /home/teehee/ros2_ws/install/labs_pkg/lib/labs_pkg
[1.830s] Installing tb4_circles script to /home/teehee/ros2_ws/install/labs_pkg/lib/labs_pkg
[1.830s] Installing tb4_stop_at_wall script to /home/teehee/ros2_ws/install/labs_pkg/lib/labs_pkg
[1.831s] Installing turtle_monitor script to /home/teehee/ros2_ws/install/labs_pkg/lib/labs_pkg
[1.831s] Installing turtlesim_circles script to /home/teehee/ros2_ws/install/labs_pkg/lib/labs_pkg
[1.834s] Installing turtlesim_drivesquare script to /home/teehee/ros2_ws/install/labs_pkg/lib/labs_pkg
[1.835s] Installing turtlesim_move script to /home/teehee/ros2_ws/install/labs_pkg/lib/labs_pkg
[1.835s] Installing turtlesim_odom script to /home/teehee/ros2_ws/install/labs_pkg/lib/labs_pkg
[1.836s] Installing turtlesim_scan script to /home/teehee/ros2_ws/install/labs_pkg/lib/labs_pkg
[1.837s] Installing turtlesim_stop_at_wall script to /home/teehee/ros2_ws/install/labs_pkg/lib/labs_pkg
[1.837s] Installing wall_dist_measurement script to /home/teehee/ros2_ws/install/labs_pkg/lib/labs_pkg
[1.838s] Installing wall_dist_measurement_server script to /home/teehee/ros2_ws/install/labs_pkg/lib/labs_pkg
[1.838s] Installing wall_dist_statistics script to /home/teehee/ros2_ws/install/labs_pkg/lib/labs_pkg
[1.839s] Installing wall_dist_statistics_client script to /home/teehee/ros2_ws/install/labs_pkg/lib/labs_pkg
[1.840s] writing list of installed files to '/home/teehee/ros2_ws/build/labs_pkg/install.log'
[1.979s] Invoked command in '/home/teehee/ros2_ws/src/labs_pkg' returned '0': CMAKE_PREFIX_PATH=/home/teehee/ros2_ws/install/lab_interfaces:/home/teehee/ros2_ws/install/labs_bringup PYTHONPATH=/home/teehee/ros2_ws/build/labs_pkg/prefix_override:/home/teehee/ros2_ws/install/labs_pkg/lib/python3.10/site-packages:${PYTHONPATH} /usr/bin/python3 setup.py egg_info --egg-base ../../build/labs_pkg build --build-base /home/teehee/ros2_ws/build/labs_pkg/build install --record /home/teehee/ros2_ws/build/labs_pkg/install.log --single-version-externally-managed
