[0.069s] Invoking command in '/home/teehee/ros2_ws/src/lab_interfaces/build/lab_interfaces': CMAKE_PREFIX_PATH=${CMAKE_PREFIX_PATH}:/home/teehee/ros2_ws/install/tf2_pkg:/home/teehee/ros2_ws/install/labs_pkg:/home/teehee/ros2_ws/install/lab_exam2_pkg:/home/teehee/ros2_ws/install/example_pkg:/opt/ros/humble /usr/bin/cmake --build /home/teehee/ros2_ws/src/lab_interfaces/build/lab_interfaces -- -j4 -l4
[0.095s] -- Found ament_cmake: 1.3.6 (/opt/ros/humble/share/ament_cmake/cmake)
[0.251s] -- Found rosidl_default_generators: 1.2.0 (/opt/ros/humble/share/rosidl_default_generators/cmake)
[0.252s] -- Using all available rosidl_typesupport_c: rosidl_typesupport_fastrtps_c;rosidl_typesupport_introspection_c
[0.255s] -- Found rosidl_adapter: 3.1.5 (/opt/ros/humble/share/rosidl_adapter/cmake)
[0.282s] -- Using all available rosidl_typesupport_cpp: rosidl_typesupport_fastrtps_cpp;rosidl_typesupport_introspection_cpp
[0.573s] -- Found ament_cmake_ros: 0.10.0 (/opt/ros/humble/share/ament_cmake_ros/cmake)
[0.775s] -- Using all available rosidl_typesupport_c: rosidl_typesupport_fastrtps_c;rosidl_typesupport_introspection_c
[1.026s] -- Using all available rosidl_typesupport_cpp: rosidl_typesupport_fastrtps_cpp;rosidl_typesupport_introspection_cpp
[1.050s] -- Found python_cmake_module: 0.10.0 (/opt/ros/humble/share/python_cmake_module/cmake)
[1.074s] -- Using PYTHON_EXECUTABLE: /usr/bin/python3
[1.075s] -- Using PYTHON_INCLUDE_DIRS: /usr/include/python3.10
[1.075s] -- Using PYTHON_LIBRARIES: /usr/lib/x86_64-linux-gnu/libpython3.10.so
[1.093s] -- Configuring done
[1.133s] -- Generating done
[1.140s] -- Build files have been written to: /home/teehee/ros2_ws/src/lab_interfaces/build/lab_interfaces
[1.173s] [  2%] [34m[1mGenerating C code for ROS interfaces[0m
[1.203s] [  4%] [34m[1mGenerating C++ code for ROS interfaces[0m
[1.216s] [  4%] Built target ament_cmake_python_copy_lab_interfaces
[1.488s] running egg_info
[1.489s] writing lab_interfaces.egg-info/PKG-INFO
[1.489s] writing dependency_links to lab_interfaces.egg-info/dependency_links.txt
[1.489s] writing top-level names to lab_interfaces.egg-info/top_level.txt
[1.491s] reading manifest file 'lab_interfaces.egg-info/SOURCES.txt'
[1.492s] writing manifest file 'lab_interfaces.egg-info/SOURCES.txt'
[1.533s] [  4%] Built target ament_cmake_python_build_lab_interfaces_egg
[1.578s] [  4%] Built target lab_interfaces__cpp
[1.592s] [  6%] [34m[1mGenerating C++ introspection for ROS interfaces[0m
[1.599s] [  8%] [34m[1mGenerating C++ type support dispatch for ROS interfaces[0m
[1.610s] [ 10%] [34m[1mGenerating C++ type support for eProsima Fast-RTPS[0m
[1.611s] [35m[1mConsolidate compiler generated dependencies of target lab_interfaces__rosidl_generator_c[0m
[1.639s] [ 12%] [32mBuilding C object CMakeFiles/lab_interfaces__rosidl_generator_c.dir/rosidl_generator_c/lab_interfaces/msg/detail/turtle__functions.c.o[0m
[1.693s] [ 14%] [32mBuilding C object CMakeFiles/lab_interfaces__rosidl_generator_c.dir/rosidl_generator_c/lab_interfaces/msg/detail/turtle_array__functions.c.o[0m
[1.752s] [ 17%] [32mBuilding C object CMakeFiles/lab_interfaces__rosidl_generator_c.dir/rosidl_generator_c/lab_interfaces/srv/detail/capture_turtle__functions.c.o[0m
[1.835s] [ 19%] [32m[1mLinking C shared library liblab_interfaces__rosidl_generator_c.so[0m
[1.920s] [ 19%] Built target lab_interfaces__rosidl_generator_c
[1.954s] [35m[1mConsolidate compiler generated dependencies of target lab_interfaces__rosidl_typesupport_introspection_cpp[0m
[1.955s] [ 21%] [34m[1mGenerating C type support for eProsima Fast-RTPS[0m
[1.967s] [35m[1mConsolidate compiler generated dependencies of target lab_interfaces__rosidl_typesupport_cpp[0m
[1.972s] [ 23%] [32mBuilding CXX object CMakeFiles/lab_interfaces__rosidl_typesupport_introspection_cpp.dir/rosidl_typesupport_introspection_cpp/lab_interfaces/msg/detail/turtle__type_support.cpp.o[0m
[2.001s] [ 25%] [32mBuilding CXX object CMakeFiles/lab_interfaces__rosidl_typesupport_cpp.dir/rosidl_typesupport_cpp/lab_interfaces/msg/turtle__type_support.cpp.o[0m
[2.043s] [35m[1mConsolidate compiler generated dependencies of target lab_interfaces__rosidl_typesupport_fastrtps_cpp[0m
[2.077s] [ 27%] [32mBuilding CXX object CMakeFiles/lab_interfaces__rosidl_typesupport_fastrtps_cpp.dir/rosidl_typesupport_fastrtps_cpp/lab_interfaces/msg/detail/dds_fastrtps/turtle__type_support.cpp.o[0m
[2.262s] [ 29%] [32mBuilding CXX object CMakeFiles/lab_interfaces__rosidl_typesupport_cpp.dir/rosidl_typesupport_cpp/lab_interfaces/msg/turtle_array__type_support.cpp.o[0m
[2.323s] [35m[1mConsolidate compiler generated dependencies of target lab_interfaces__rosidl_typesupport_fastrtps_c[0m
[2.359s] [ 31%] [32mBuilding CXX object CMakeFiles/lab_interfaces__rosidl_typesupport_introspection_cpp.dir/rosidl_typesupport_introspection_cpp/lab_interfaces/msg/detail/turtle_array__type_support.cpp.o[0m
[2.474s] [ 34%] [32mBuilding CXX object CMakeFiles/lab_interfaces__rosidl_typesupport_fastrtps_c.dir/rosidl_typesupport_fastrtps_c/lab_interfaces/msg/detail/turtle__type_support_c.cpp.o[0m
[2.538s] [ 36%] [32mBuilding CXX object CMakeFiles/lab_interfaces__rosidl_typesupport_cpp.dir/rosidl_typesupport_cpp/lab_interfaces/srv/capture_turtle__type_support.cpp.o[0m
[2.539s] [ 38%] [32mBuilding CXX object CMakeFiles/lab_interfaces__rosidl_typesupport_fastrtps_cpp.dir/rosidl_typesupport_fastrtps_cpp/lab_interfaces/msg/detail/dds_fastrtps/turtle_array__type_support.cpp.o[0m
[2.761s] [ 40%] [32mBuilding CXX object CMakeFiles/lab_interfaces__rosidl_typesupport_introspection_cpp.dir/rosidl_typesupport_introspection_cpp/lab_interfaces/srv/detail/capture_turtle__type_support.cpp.o[0m
[2.813s] [ 42%] [32m[1mLinking CXX shared library liblab_interfaces__rosidl_typesupport_cpp.so[0m
[2.852s] [ 44%] [32mBuilding CXX object CMakeFiles/lab_interfaces__rosidl_typesupport_fastrtps_c.dir/rosidl_typesupport_fastrtps_c/lab_interfaces/msg/detail/turtle_array__type_support_c.cpp.o[0m
[2.868s] [ 44%] Built target lab_interfaces__rosidl_typesupport_cpp
[2.883s] [ 46%] [34m[1mGenerating C introspection for ROS interfaces[0m
[3.034s] [ 48%] [32mBuilding CXX object CMakeFiles/lab_interfaces__rosidl_typesupport_fastrtps_cpp.dir/rosidl_typesupport_fastrtps_cpp/lab_interfaces/srv/detail/dds_fastrtps/capture_turtle__type_support.cpp.o[0m
[3.194s] [ 51%] [32mBuilding CXX object CMakeFiles/lab_interfaces__rosidl_typesupport_fastrtps_c.dir/rosidl_typesupport_fastrtps_c/lab_interfaces/srv/detail/capture_turtle__type_support_c.cpp.o[0m
[3.209s] [ 53%] [32m[1mLinking CXX shared library liblab_interfaces__rosidl_typesupport_introspection_cpp.so[0m
[3.308s] [ 53%] Built target lab_interfaces__rosidl_typesupport_introspection_cpp
[3.322s] [ 55%] [34m[1mGenerating C type support dispatch for ROS interfaces[0m
[3.352s] [35m[1mConsolidate compiler generated dependencies of target lab_interfaces__rosidl_typesupport_introspection_c[0m
[3.377s] [ 57%] [32mBuilding C object CMakeFiles/lab_interfaces__rosidl_typesupport_introspection_c.dir/rosidl_typesupport_introspection_c/lab_interfaces/msg/detail/turtle__type_support.c.o[0m
[3.419s] [ 59%] [32mBuilding C object CMakeFiles/lab_interfaces__rosidl_typesupport_introspection_c.dir/rosidl_typesupport_introspection_c/lab_interfaces/msg/detail/turtle_array__type_support.c.o[0m
[3.490s] [ 61%] [32mBuilding C object CMakeFiles/lab_interfaces__rosidl_typesupport_introspection_c.dir/rosidl_typesupport_introspection_c/lab_interfaces/srv/detail/capture_turtle__type_support.c.o[0m
[3.493s] [ 63%] [32m[1mLinking CXX shared library liblab_interfaces__rosidl_typesupport_fastrtps_cpp.so[0m
[3.535s] [ 65%] [32m[1mLinking C shared library liblab_interfaces__rosidl_typesupport_introspection_c.so[0m
[3.547s] [ 68%] [32m[1mLinking CXX shared library liblab_interfaces__rosidl_typesupport_fastrtps_c.so[0m
[3.594s] [ 68%] Built target lab_interfaces__rosidl_typesupport_introspection_c
[3.615s] [ 68%] Built target lab_interfaces__rosidl_typesupport_fastrtps_cpp
[3.639s] [35m[1mConsolidate compiler generated dependencies of target lab_interfaces__rosidl_typesupport_c[0m
[3.658s] [ 72%] [32mBuilding CXX object CMakeFiles/lab_interfaces__rosidl_typesupport_c.dir/rosidl_typesupport_c/lab_interfaces/msg/turtle_array__type_support.cpp.o[0m
[3.659s] [ 74%] [32mBuilding CXX object CMakeFiles/lab_interfaces__rosidl_typesupport_c.dir/rosidl_typesupport_c/lab_interfaces/msg/turtle__type_support.cpp.o[0m
[3.659s] [ 74%] [32mBuilding CXX object CMakeFiles/lab_interfaces__rosidl_typesupport_c.dir/rosidl_typesupport_c/lab_interfaces/srv/capture_turtle__type_support.cpp.o[0m
[3.659s] [ 74%] Built target lab_interfaces__rosidl_typesupport_fastrtps_c
[3.724s] [ 76%] [32m[1mLinking CXX shared library liblab_interfaces__rosidl_typesupport_c.so[0m
[3.779s] [ 76%] Built target lab_interfaces__rosidl_typesupport_c
[3.807s] [ 76%] Built target lab_interfaces
[3.837s] [ 78%] [34m[1mGenerating Python code for ROS interfaces[0m
[4.336s] [ 78%] Built target lab_interfaces__py
[4.351s] [35m[1mConsolidate compiler generated dependencies of target lab_interfaces__rosidl_generator_py[0m
[4.374s] [ 85%] [32mBuilding C object CMakeFiles/lab_interfaces__rosidl_generator_py.dir/rosidl_generator_py/lab_interfaces/msg/_turtle_array_s.c.o[0m
[4.374s] [ 85%] [32mBuilding C object CMakeFiles/lab_interfaces__rosidl_generator_py.dir/rosidl_generator_py/lab_interfaces/srv/_capture_turtle_s.c.o[0m
[4.375s] [ 85%] [32mBuilding C object CMakeFiles/lab_interfaces__rosidl_generator_py.dir/rosidl_generator_py/lab_interfaces/msg/_turtle_s.c.o[0m
[4.482s] [ 87%] [32m[1mLinking C shared library rosidl_generator_py/lab_interfaces/liblab_interfaces__rosidl_generator_py.so[0m
[4.536s] [ 87%] Built target lab_interfaces__rosidl_generator_py
[4.551s] [35m[1mConsolidate compiler generated dependencies of target lab_interfaces__rosidl_typesupport_fastrtps_c__pyext[0m
[4.551s] [35m[1mConsolidate compiler generated dependencies of target lab_interfaces__rosidl_typesupport_c__pyext[0m
[4.551s] [35m[1mConsolidate compiler generated dependencies of target lab_interfaces__rosidl_typesupport_introspection_c__pyext[0m
[4.570s] [ 89%] [32mBuilding C object CMakeFiles/lab_interfaces__rosidl_typesupport_c__pyext.dir/rosidl_generator_py/lab_interfaces/_lab_interfaces_s.ep.rosidl_typesupport_c.c.o[0m
[4.570s] [ 91%] [32mBuilding C object CMakeFiles/lab_interfaces__rosidl_typesupport_introspection_c__pyext.dir/rosidl_generator_py/lab_interfaces/_lab_interfaces_s.ep.rosidl_typesupport_introspection_c.c.o[0m
[4.580s] [ 93%] [32mBuilding C object CMakeFiles/lab_interfaces__rosidl_typesupport_fastrtps_c__pyext.dir/rosidl_generator_py/lab_interfaces/_lab_interfaces_s.ep.rosidl_typesupport_fastrtps_c.c.o[0m
[4.716s] [ 95%] [32m[1mLinking C shared library rosidl_generator_py/lab_interfaces/lab_interfaces_s__rosidl_typesupport_c.cpython-310-x86_64-linux-gnu.so[0m
[4.719s] [ 97%] [32m[1mLinking C shared library rosidl_generator_py/lab_interfaces/lab_interfaces_s__rosidl_typesupport_introspection_c.cpython-310-x86_64-linux-gnu.so[0m
[4.738s] [100%] [32m[1mLinking C shared library rosidl_generator_py/lab_interfaces/lab_interfaces_s__rosidl_typesupport_fastrtps_c.cpython-310-x86_64-linux-gnu.so[0m
[4.761s] [100%] Built target lab_interfaces__rosidl_typesupport_c__pyext
[4.771s] [100%] Built target lab_interfaces__rosidl_typesupport_introspection_c__pyext
[4.784s] [100%] Built target lab_interfaces__rosidl_typesupport_fastrtps_c__pyext
[4.817s] Invoked command in '/home/teehee/ros2_ws/src/lab_interfaces/build/lab_interfaces' returned '0': CMAKE_PREFIX_PATH=${CMAKE_PREFIX_PATH}:/home/teehee/ros2_ws/install/tf2_pkg:/home/teehee/ros2_ws/install/labs_pkg:/home/teehee/ros2_ws/install/lab_exam2_pkg:/home/teehee/ros2_ws/install/example_pkg:/opt/ros/humble /usr/bin/cmake --build /home/teehee/ros2_ws/src/lab_interfaces/build/lab_interfaces -- -j4 -l4
[5.023s] Invoking command in '/home/teehee/ros2_ws/src/lab_interfaces/build/lab_interfaces': CMAKE_PREFIX_PATH=${CMAKE_PREFIX_PATH}:/home/teehee/ros2_ws/install/tf2_pkg:/home/teehee/ros2_ws/install/labs_pkg:/home/teehee/ros2_ws/install/lab_exam2_pkg:/home/teehee/ros2_ws/install/example_pkg:/opt/ros/humble /usr/bin/cmake --install /home/teehee/ros2_ws/src/lab_interfaces/build/lab_interfaces
[5.034s] -- Install configuration: ""
[5.034s] -- Up-to-date: /home/teehee/ros2_ws/src/lab_interfaces/install/lab_interfaces/share/ament_index/resource_index/rosidl_interfaces/lab_interfaces
[5.034s] -- Up-to-date: /home/teehee/ros2_ws/src/lab_interfaces/install/lab_interfaces/include/lab_interfaces/lab_interfaces
[5.034s] -- Up-to-date: /home/teehee/ros2_ws/src/lab_interfaces/install/lab_interfaces/include/lab_interfaces/lab_interfaces/srv
[5.034s] -- Up-to-date: /home/teehee/ros2_ws/src/lab_interfaces/install/lab_interfaces/include/lab_interfaces/lab_interfaces/srv/detail
[5.034s] -- Installing: /home/teehee/ros2_ws/src/lab_interfaces/install/lab_interfaces/include/lab_interfaces/lab_interfaces/srv/detail/capture_turtle__struct.h
[5.035s] -- Installing: /home/teehee/ros2_ws/src/lab_interfaces/install/lab_interfaces/include/lab_interfaces/lab_interfaces/srv/detail/capture_turtle__functions.h
[5.036s] -- Installing: /home/teehee/ros2_ws/src/lab_interfaces/install/lab_interfaces/include/lab_interfaces/lab_interfaces/srv/detail/capture_turtle__functions.c
[5.036s] -- Installing: /home/teehee/ros2_ws/src/lab_interfaces/install/lab_interfaces/include/lab_interfaces/lab_interfaces/srv/detail/capture_turtle__type_support.h
[5.036s] -- Installing: /home/teehee/ros2_ws/src/lab_interfaces/install/lab_interfaces/include/lab_interfaces/lab_interfaces/srv/capture_turtle.h
[5.036s] -- Up-to-date: /home/teehee/ros2_ws/src/lab_interfaces/install/lab_interfaces/include/lab_interfaces/lab_interfaces/msg
[5.037s] -- Installing: /home/teehee/ros2_ws/src/lab_interfaces/install/lab_interfaces/include/lab_interfaces/lab_interfaces/msg/turtle_array.h
[5.037s] -- Up-to-date: /home/teehee/ros2_ws/src/lab_interfaces/install/lab_interfaces/include/lab_interfaces/lab_interfaces/msg/rosidl_generator_c__visibility_control.h
[5.037s] -- Up-to-date: /home/teehee/ros2_ws/src/lab_interfaces/install/lab_interfaces/include/lab_interfaces/lab_interfaces/msg/detail
[5.037s] -- Installing: /home/teehee/ros2_ws/src/lab_interfaces/install/lab_interfaces/include/lab_interfaces/lab_interfaces/msg/detail/turtle_array__type_support.h
[5.038s] -- Installing: /home/teehee/ros2_ws/src/lab_interfaces/install/lab_interfaces/include/lab_interfaces/lab_interfaces/msg/detail/turtle_array__functions.c
[5.038s] -- Installing: /home/teehee/ros2_ws/src/lab_interfaces/install/lab_interfaces/include/lab_interfaces/lab_interfaces/msg/detail/turtle_array__functions.h
[5.038s] -- Installing: /home/teehee/ros2_ws/src/lab_interfaces/install/lab_interfaces/include/lab_interfaces/lab_interfaces/msg/detail/turtle__struct.h
[5.038s] -- Installing: /home/teehee/ros2_ws/src/lab_interfaces/install/lab_interfaces/include/lab_interfaces/lab_interfaces/msg/detail/turtle__functions.h
[5.038s] -- Installing: /home/teehee/ros2_ws/src/lab_interfaces/install/lab_interfaces/include/lab_interfaces/lab_interfaces/msg/detail/turtle_array__struct.h
[5.039s] -- Installing: /home/teehee/ros2_ws/src/lab_interfaces/install/lab_interfaces/include/lab_interfaces/lab_interfaces/msg/detail/turtle__functions.c
[5.039s] -- Installing: /home/teehee/ros2_ws/src/lab_interfaces/install/lab_interfaces/include/lab_interfaces/lab_interfaces/msg/detail/turtle__type_support.h
[5.039s] -- Installing: /home/teehee/ros2_ws/src/lab_interfaces/install/lab_interfaces/include/lab_interfaces/lab_interfaces/msg/turtle.h
[5.039s] -- Up-to-date: /home/teehee/ros2_ws/src/lab_interfaces/install/lab_interfaces/share/lab_interfaces/environment/library_path.sh
[5.040s] -- Installing: /home/teehee/ros2_ws/src/lab_interfaces/install/lab_interfaces/share/lab_interfaces/environment/library_path.dsv
[5.040s] -- Installing: /home/teehee/ros2_ws/src/lab_interfaces/install/lab_interfaces/lib/liblab_interfaces__rosidl_generator_c.so
[5.041s] -- Set runtime path of "/home/teehee/ros2_ws/src/lab_interfaces/install/lab_interfaces/lib/liblab_interfaces__rosidl_generator_c.so" to ""
[5.041s] -- Up-to-date: /home/teehee/ros2_ws/src/lab_interfaces/install/lab_interfaces/include/lab_interfaces/lab_interfaces
[5.041s] -- Up-to-date: /home/teehee/ros2_ws/src/lab_interfaces/install/lab_interfaces/include/lab_interfaces/lab_interfaces/srv
[5.041s] -- Up-to-date: /home/teehee/ros2_ws/src/lab_interfaces/install/lab_interfaces/include/lab_interfaces/lab_interfaces/srv/detail
[5.041s] -- Installing: /home/teehee/ros2_ws/src/lab_interfaces/install/lab_interfaces/include/lab_interfaces/lab_interfaces/srv/detail/capture_turtle__rosidl_typesupport_fastrtps_c.h
[5.041s] -- Up-to-date: /home/teehee/ros2_ws/src/lab_interfaces/install/lab_interfaces/include/lab_interfaces/lab_interfaces/msg
[5.041s] -- Up-to-date: /home/teehee/ros2_ws/src/lab_interfaces/install/lab_interfaces/include/lab_interfaces/lab_interfaces/msg/detail
[5.041s] -- Installing: /home/teehee/ros2_ws/src/lab_interfaces/install/lab_interfaces/include/lab_interfaces/lab_interfaces/msg/detail/turtle_array__rosidl_typesupport_fastrtps_c.h
[5.042s] -- Installing: /home/teehee/ros2_ws/src/lab_interfaces/install/lab_interfaces/include/lab_interfaces/lab_interfaces/msg/detail/turtle__rosidl_typesupport_fastrtps_c.h
[5.042s] -- Up-to-date: /home/teehee/ros2_ws/src/lab_interfaces/install/lab_interfaces/include/lab_interfaces/lab_interfaces/msg/rosidl_typesupport_fastrtps_c__visibility_control.h
[5.042s] -- Installing: /home/teehee/ros2_ws/src/lab_interfaces/install/lab_interfaces/lib/liblab_interfaces__rosidl_typesupport_fastrtps_c.so
[5.042s] -- Set runtime path of "/home/teehee/ros2_ws/src/lab_interfaces/install/lab_interfaces/lib/liblab_interfaces__rosidl_typesupport_fastrtps_c.so" to ""
[5.042s] -- Up-to-date: /home/teehee/ros2_ws/src/lab_interfaces/install/lab_interfaces/include/lab_interfaces/lab_interfaces
[5.043s] -- Up-to-date: /home/teehee/ros2_ws/src/lab_interfaces/install/lab_interfaces/include/lab_interfaces/lab_interfaces/srv
[5.043s] -- Up-to-date: /home/teehee/ros2_ws/src/lab_interfaces/install/lab_interfaces/include/lab_interfaces/lab_interfaces/srv/detail
[5.043s] -- Installing: /home/teehee/ros2_ws/src/lab_interfaces/install/lab_interfaces/include/lab_interfaces/lab_interfaces/srv/detail/capture_turtle__rosidl_typesupport_introspection_c.h
[5.044s] -- Installing: /home/teehee/ros2_ws/src/lab_interfaces/install/lab_interfaces/include/lab_interfaces/lab_interfaces/srv/detail/capture_turtle__type_support.c
[5.044s] -- Up-to-date: /home/teehee/ros2_ws/src/lab_interfaces/install/lab_interfaces/include/lab_interfaces/lab_interfaces/msg
[5.044s] -- Up-to-date: /home/teehee/ros2_ws/src/lab_interfaces/install/lab_interfaces/include/lab_interfaces/lab_interfaces/msg/detail
[5.044s] -- Installing: /home/teehee/ros2_ws/src/lab_interfaces/install/lab_interfaces/include/lab_interfaces/lab_interfaces/msg/detail/turtle__rosidl_typesupport_introspection_c.h
[5.044s] -- Installing: /home/teehee/ros2_ws/src/lab_interfaces/install/lab_interfaces/include/lab_interfaces/lab_interfaces/msg/detail/turtle__type_support.c
[5.044s] -- Installing: /home/teehee/ros2_ws/src/lab_interfaces/install/lab_interfaces/include/lab_interfaces/lab_interfaces/msg/detail/turtle_array__type_support.c
[5.044s] -- Installing: /home/teehee/ros2_ws/src/lab_interfaces/install/lab_interfaces/include/lab_interfaces/lab_interfaces/msg/detail/turtle_array__rosidl_typesupport_introspection_c.h
[5.044s] -- Up-to-date: /home/teehee/ros2_ws/src/lab_interfaces/install/lab_interfaces/include/lab_interfaces/lab_interfaces/msg/rosidl_typesupport_introspection_c__visibility_control.h
[5.045s] -- Installing: /home/teehee/ros2_ws/src/lab_interfaces/install/lab_interfaces/lib/liblab_interfaces__rosidl_typesupport_introspection_c.so
[5.045s] -- Set runtime path of "/home/teehee/ros2_ws/src/lab_interfaces/install/lab_interfaces/lib/liblab_interfaces__rosidl_typesupport_introspection_c.so" to ""
[5.045s] -- Installing: /home/teehee/ros2_ws/src/lab_interfaces/install/lab_interfaces/lib/liblab_interfaces__rosidl_typesupport_c.so
[5.045s] -- Set runtime path of "/home/teehee/ros2_ws/src/lab_interfaces/install/lab_interfaces/lib/liblab_interfaces__rosidl_typesupport_c.so" to ""
[5.045s] -- Up-to-date: /home/teehee/ros2_ws/src/lab_interfaces/install/lab_interfaces/include/lab_interfaces/lab_interfaces
[5.046s] -- Up-to-date: /home/teehee/ros2_ws/src/lab_interfaces/install/lab_interfaces/include/lab_interfaces/lab_interfaces/srv
[5.046s] -- Up-to-date: /home/teehee/ros2_ws/src/lab_interfaces/install/lab_interfaces/include/lab_interfaces/lab_interfaces/srv/detail
[5.046s] -- Installing: /home/teehee/ros2_ws/src/lab_interfaces/install/lab_interfaces/include/lab_interfaces/lab_interfaces/srv/detail/capture_turtle__struct.hpp
[5.046s] -- Installing: /home/teehee/ros2_ws/src/lab_interfaces/install/lab_interfaces/include/lab_interfaces/lab_interfaces/srv/detail/capture_turtle__traits.hpp
[5.047s] -- Installing: /home/teehee/ros2_ws/src/lab_interfaces/install/lab_interfaces/include/lab_interfaces/lab_interfaces/srv/detail/capture_turtle__builder.hpp
[5.047s] -- Installing: /home/teehee/ros2_ws/src/lab_interfaces/install/lab_interfaces/include/lab_interfaces/lab_interfaces/srv/capture_turtle.hpp
[5.047s] -- Up-to-date: /home/teehee/ros2_ws/src/lab_interfaces/install/lab_interfaces/include/lab_interfaces/lab_interfaces/msg
[5.047s] -- Installing: /home/teehee/ros2_ws/src/lab_interfaces/install/lab_interfaces/include/lab_interfaces/lab_interfaces/msg/turtle_array.hpp
[5.048s] -- Up-to-date: /home/teehee/ros2_ws/src/lab_interfaces/install/lab_interfaces/include/lab_interfaces/lab_interfaces/msg/detail
[5.048s] -- Installing: /home/teehee/ros2_ws/src/lab_interfaces/install/lab_interfaces/include/lab_interfaces/lab_interfaces/msg/detail/turtle__traits.hpp
[5.048s] -- Installing: /home/teehee/ros2_ws/src/lab_interfaces/install/lab_interfaces/include/lab_interfaces/lab_interfaces/msg/detail/turtle__builder.hpp
[5.048s] -- Installing: /home/teehee/ros2_ws/src/lab_interfaces/install/lab_interfaces/include/lab_interfaces/lab_interfaces/msg/detail/turtle_array__builder.hpp
[5.049s] -- Installing: /home/teehee/ros2_ws/src/lab_interfaces/install/lab_interfaces/include/lab_interfaces/lab_interfaces/msg/detail/turtle_array__struct.hpp
[5.049s] -- Installing: /home/teehee/ros2_ws/src/lab_interfaces/install/lab_interfaces/include/lab_interfaces/lab_interfaces/msg/detail/turtle__struct.hpp
[5.049s] -- Installing: /home/teehee/ros2_ws/src/lab_interfaces/install/lab_interfaces/include/lab_interfaces/lab_interfaces/msg/detail/turtle_array__traits.hpp
[5.049s] -- Installing: /home/teehee/ros2_ws/src/lab_interfaces/install/lab_interfaces/include/lab_interfaces/lab_interfaces/msg/turtle.hpp
[5.049s] -- Up-to-date: /home/teehee/ros2_ws/src/lab_interfaces/install/lab_interfaces/include/lab_interfaces/lab_interfaces
[5.050s] -- Up-to-date: /home/teehee/ros2_ws/src/lab_interfaces/install/lab_interfaces/include/lab_interfaces/lab_interfaces/srv
[5.050s] -- Up-to-date: /home/teehee/ros2_ws/src/lab_interfaces/install/lab_interfaces/include/lab_interfaces/lab_interfaces/srv/detail
[5.050s] -- Up-to-date: /home/teehee/ros2_ws/src/lab_interfaces/install/lab_interfaces/include/lab_interfaces/lab_interfaces/srv/detail/dds_fastrtps
[5.050s] -- Installing: /home/teehee/ros2_ws/src/lab_interfaces/install/lab_interfaces/include/lab_interfaces/lab_interfaces/srv/detail/capture_turtle__rosidl_typesupport_fastrtps_cpp.hpp
[5.050s] -- Up-to-date: /home/teehee/ros2_ws/src/lab_interfaces/install/lab_interfaces/include/lab_interfaces/lab_interfaces/msg
[5.050s] -- Up-to-date: /home/teehee/ros2_ws/src/lab_interfaces/install/lab_interfaces/include/lab_interfaces/lab_interfaces/msg/detail
[5.050s] -- Installing: /home/teehee/ros2_ws/src/lab_interfaces/install/lab_interfaces/include/lab_interfaces/lab_interfaces/msg/detail/turtle__rosidl_typesupport_fastrtps_cpp.hpp
[5.050s] -- Installing: /home/teehee/ros2_ws/src/lab_interfaces/install/lab_interfaces/include/lab_interfaces/lab_interfaces/msg/detail/turtle_array__rosidl_typesupport_fastrtps_cpp.hpp
[5.050s] -- Up-to-date: /home/teehee/ros2_ws/src/lab_interfaces/install/lab_interfaces/include/lab_interfaces/lab_interfaces/msg/detail/dds_fastrtps
[5.050s] -- Up-to-date: /home/teehee/ros2_ws/src/lab_interfaces/install/lab_interfaces/include/lab_interfaces/lab_interfaces/msg/rosidl_typesupport_fastrtps_cpp__visibility_control.h
[5.051s] -- Installing: /home/teehee/ros2_ws/src/lab_interfaces/install/lab_interfaces/lib/liblab_interfaces__rosidl_typesupport_fastrtps_cpp.so
[5.051s] -- Set runtime path of "/home/teehee/ros2_ws/src/lab_interfaces/install/lab_interfaces/lib/liblab_interfaces__rosidl_typesupport_fastrtps_cpp.so" to ""
[5.051s] -- Up-to-date: /home/teehee/ros2_ws/src/lab_interfaces/install/lab_interfaces/include/lab_interfaces/lab_interfaces
[5.051s] -- Up-to-date: /home/teehee/ros2_ws/src/lab_interfaces/install/lab_interfaces/include/lab_interfaces/lab_interfaces/srv
[5.052s] -- Up-to-date: /home/teehee/ros2_ws/src/lab_interfaces/install/lab_interfaces/include/lab_interfaces/lab_interfaces/srv/detail
[5.052s] -- Installing: /home/teehee/ros2_ws/src/lab_interfaces/install/lab_interfaces/include/lab_interfaces/lab_interfaces/srv/detail/capture_turtle__type_support.cpp
[5.052s] -- Installing: /home/teehee/ros2_ws/src/lab_interfaces/install/lab_interfaces/include/lab_interfaces/lab_interfaces/srv/detail/capture_turtle__rosidl_typesupport_introspection_cpp.hpp
[5.052s] -- Up-to-date: /home/teehee/ros2_ws/src/lab_interfaces/install/lab_interfaces/include/lab_interfaces/lab_interfaces/msg
[5.052s] -- Up-to-date: /home/teehee/ros2_ws/src/lab_interfaces/install/lab_interfaces/include/lab_interfaces/lab_interfaces/msg/detail
[5.052s] -- Installing: /home/teehee/ros2_ws/src/lab_interfaces/install/lab_interfaces/include/lab_interfaces/lab_interfaces/msg/detail/turtle_array__rosidl_typesupport_introspection_cpp.hpp
[5.053s] -- Installing: /home/teehee/ros2_ws/src/lab_interfaces/install/lab_interfaces/include/lab_interfaces/lab_interfaces/msg/detail/turtle_array__type_support.cpp
[5.053s] -- Installing: /home/teehee/ros2_ws/src/lab_interfaces/install/lab_interfaces/include/lab_interfaces/lab_interfaces/msg/detail/turtle__rosidl_typesupport_introspection_cpp.hpp
[5.053s] -- Installing: /home/teehee/ros2_ws/src/lab_interfaces/install/lab_interfaces/include/lab_interfaces/lab_interfaces/msg/detail/turtle__type_support.cpp
[5.053s] -- Installing: /home/teehee/ros2_ws/src/lab_interfaces/install/lab_interfaces/lib/liblab_interfaces__rosidl_typesupport_introspection_cpp.so
[5.054s] -- Set runtime path of "/home/teehee/ros2_ws/src/lab_interfaces/install/lab_interfaces/lib/liblab_interfaces__rosidl_typesupport_introspection_cpp.so" to ""
[5.054s] -- Installing: /home/teehee/ros2_ws/src/lab_interfaces/install/lab_interfaces/lib/liblab_interfaces__rosidl_typesupport_cpp.so
[5.054s] -- Set runtime path of "/home/teehee/ros2_ws/src/lab_interfaces/install/lab_interfaces/lib/liblab_interfaces__rosidl_typesupport_cpp.so" to ""
[5.054s] -- Up-to-date: /home/teehee/ros2_ws/src/lab_interfaces/install/lab_interfaces/share/lab_interfaces/environment/pythonpath.sh
[5.054s] -- Installing: /home/teehee/ros2_ws/src/lab_interfaces/install/lab_interfaces/share/lab_interfaces/environment/pythonpath.dsv
[5.055s] -- Up-to-date: /home/teehee/ros2_ws/src/lab_interfaces/install/lab_interfaces/local/lib/python3.10/dist-packages/lab_interfaces-0.0.0-py3.10.egg-info
[5.055s] -- Installing: /home/teehee/ros2_ws/src/lab_interfaces/install/lab_interfaces/local/lib/python3.10/dist-packages/lab_interfaces-0.0.0-py3.10.egg-info/SOURCES.txt
[5.055s] -- Installing: /home/teehee/ros2_ws/src/lab_interfaces/install/lab_interfaces/local/lib/python3.10/dist-packages/lab_interfaces-0.0.0-py3.10.egg-info/dependency_links.txt
[5.055s] -- Installing: /home/teehee/ros2_ws/src/lab_interfaces/install/lab_interfaces/local/lib/python3.10/dist-packages/lab_interfaces-0.0.0-py3.10.egg-info/PKG-INFO
[5.056s] -- Installing: /home/teehee/ros2_ws/src/lab_interfaces/install/lab_interfaces/local/lib/python3.10/dist-packages/lab_interfaces-0.0.0-py3.10.egg-info/top_level.txt
[5.056s] -- Up-to-date: /home/teehee/ros2_ws/src/lab_interfaces/install/lab_interfaces/local/lib/python3.10/dist-packages/lab_interfaces
[5.056s] -- Installing: /home/teehee/ros2_ws/src/lab_interfaces/install/lab_interfaces/local/lib/python3.10/dist-packages/lab_interfaces/_lab_interfaces_s.ep.rosidl_typesupport_introspection_c.c
[5.056s] -- Installing: /home/teehee/ros2_ws/src/lab_interfaces/install/lab_interfaces/local/lib/python3.10/dist-packages/lab_interfaces/lab_interfaces_s__rosidl_typesupport_c.cpython-310-x86_64-linux-gnu.so
[5.056s] -- Installing: /home/teehee/ros2_ws/src/lab_interfaces/install/lab_interfaces/local/lib/python3.10/dist-packages/lab_interfaces/__init__.py
[5.057s] -- Installing: /home/teehee/ros2_ws/src/lab_interfaces/install/lab_interfaces/local/lib/python3.10/dist-packages/lab_interfaces/_lab_interfaces_s.ep.rosidl_typesupport_c.c
[5.057s] -- Installing: /home/teehee/ros2_ws/src/lab_interfaces/install/lab_interfaces/local/lib/python3.10/dist-packages/lab_interfaces/lab_interfaces_s__rosidl_typesupport_introspection_c.cpython-310-x86_64-linux-gnu.so
[5.057s] -- Installing: /home/teehee/ros2_ws/src/lab_interfaces/install/lab_interfaces/local/lib/python3.10/dist-packages/lab_interfaces/_lab_interfaces_s.ep.rosidl_typesupport_fastrtps_c.c
[5.058s] -- Up-to-date: /home/teehee/ros2_ws/src/lab_interfaces/install/lab_interfaces/local/lib/python3.10/dist-packages/lab_interfaces/srv
[5.058s] -- Installing: /home/teehee/ros2_ws/src/lab_interfaces/install/lab_interfaces/local/lib/python3.10/dist-packages/lab_interfaces/srv/__init__.py
[5.058s] -- Installing: /home/teehee/ros2_ws/src/lab_interfaces/install/lab_interfaces/local/lib/python3.10/dist-packages/lab_interfaces/srv/_capture_turtle.py
[5.058s] -- Installing: /home/teehee/ros2_ws/src/lab_interfaces/install/lab_interfaces/local/lib/python3.10/dist-packages/lab_interfaces/srv/_capture_turtle_s.c
[5.058s] -- Installing: /home/teehee/ros2_ws/src/lab_interfaces/install/lab_interfaces/local/lib/python3.10/dist-packages/lab_interfaces/liblab_interfaces__rosidl_generator_py.so
[5.059s] -- Installing: /home/teehee/ros2_ws/src/lab_interfaces/install/lab_interfaces/local/lib/python3.10/dist-packages/lab_interfaces/lab_interfaces_s__rosidl_typesupport_fastrtps_c.cpython-310-x86_64-linux-gnu.so
[5.059s] -- Up-to-date: /home/teehee/ros2_ws/src/lab_interfaces/install/lab_interfaces/local/lib/python3.10/dist-packages/lab_interfaces/msg
[5.060s] -- Installing: /home/teehee/ros2_ws/src/lab_interfaces/install/lab_interfaces/local/lib/python3.10/dist-packages/lab_interfaces/msg/__init__.py
[5.061s] -- Installing: /home/teehee/ros2_ws/src/lab_interfaces/install/lab_interfaces/local/lib/python3.10/dist-packages/lab_interfaces/msg/_turtle.py
[5.061s] -- Installing: /home/teehee/ros2_ws/src/lab_interfaces/install/lab_interfaces/local/lib/python3.10/dist-packages/lab_interfaces/msg/_turtle_array_s.c
[5.061s] -- Installing: /home/teehee/ros2_ws/src/lab_interfaces/install/lab_interfaces/local/lib/python3.10/dist-packages/lab_interfaces/msg/_turtle_s.c
[5.061s] -- Installing: /home/teehee/ros2_ws/src/lab_interfaces/install/lab_interfaces/local/lib/python3.10/dist-packages/lab_interfaces/msg/_turtle_array.py
[5.112s] Listing '/home/teehee/ros2_ws/src/lab_interfaces/install/lab_interfaces/local/lib/python3.10/dist-packages/lab_interfaces'...
[5.112s] Compiling '/home/teehee/ros2_ws/src/lab_interfaces/install/lab_interfaces/local/lib/python3.10/dist-packages/lab_interfaces/__init__.py'...
[5.112s] Listing '/home/teehee/ros2_ws/src/lab_interfaces/install/lab_interfaces/local/lib/python3.10/dist-packages/lab_interfaces/msg'...
[5.112s] Compiling '/home/teehee/ros2_ws/src/lab_interfaces/install/lab_interfaces/local/lib/python3.10/dist-packages/lab_interfaces/msg/__init__.py'...
[5.112s] Compiling '/home/teehee/ros2_ws/src/lab_interfaces/install/lab_interfaces/local/lib/python3.10/dist-packages/lab_interfaces/msg/_turtle.py'...
[5.112s] Compiling '/home/teehee/ros2_ws/src/lab_interfaces/install/lab_interfaces/local/lib/python3.10/dist-packages/lab_interfaces/msg/_turtle_array.py'...
[5.112s] Listing '/home/teehee/ros2_ws/src/lab_interfaces/install/lab_interfaces/local/lib/python3.10/dist-packages/lab_interfaces/srv'...
[5.112s] Compiling '/home/teehee/ros2_ws/src/lab_interfaces/install/lab_interfaces/local/lib/python3.10/dist-packages/lab_interfaces/srv/__init__.py'...
[5.113s] Compiling '/home/teehee/ros2_ws/src/lab_interfaces/install/lab_interfaces/local/lib/python3.10/dist-packages/lab_interfaces/srv/_capture_turtle.py'...
[5.113s] -- Installing: /home/teehee/ros2_ws/src/lab_interfaces/install/lab_interfaces/local/lib/python3.10/dist-packages/lab_interfaces/lab_interfaces_s__rosidl_typesupport_fastrtps_c.cpython-310-x86_64-linux-gnu.so
[5.113s] -- Set runtime path of "/home/teehee/ros2_ws/src/lab_interfaces/install/lab_interfaces/local/lib/python3.10/dist-packages/lab_interfaces/lab_interfaces_s__rosidl_typesupport_fastrtps_c.cpython-310-x86_64-linux-gnu.so" to ""
[5.113s] -- Installing: /home/teehee/ros2_ws/src/lab_interfaces/install/lab_interfaces/local/lib/python3.10/dist-packages/lab_interfaces/lab_interfaces_s__rosidl_typesupport_introspection_c.cpython-310-x86_64-linux-gnu.so
[5.113s] -- Set runtime path of "/home/teehee/ros2_ws/src/lab_interfaces/install/lab_interfaces/local/lib/python3.10/dist-packages/lab_interfaces/lab_interfaces_s__rosidl_typesupport_introspection_c.cpython-310-x86_64-linux-gnu.so" to ""
[5.113s] -- Installing: /home/teehee/ros2_ws/src/lab_interfaces/install/lab_interfaces/local/lib/python3.10/dist-packages/lab_interfaces/lab_interfaces_s__rosidl_typesupport_c.cpython-310-x86_64-linux-gnu.so
[5.113s] -- Set runtime path of "/home/teehee/ros2_ws/src/lab_interfaces/install/lab_interfaces/local/lib/python3.10/dist-packages/lab_interfaces/lab_interfaces_s__rosidl_typesupport_c.cpython-310-x86_64-linux-gnu.so" to ""
[5.113s] -- Installing: /home/teehee/ros2_ws/src/lab_interfaces/install/lab_interfaces/lib/liblab_interfaces__rosidl_generator_py.so
[5.113s] -- Set runtime path of "/home/teehee/ros2_ws/src/lab_interfaces/install/lab_interfaces/lib/liblab_interfaces__rosidl_generator_py.so" to ""
[5.113s] -- Up-to-date: /home/teehee/ros2_ws/src/lab_interfaces/install/lab_interfaces/share/lab_interfaces/msg/Turtle.idl
[5.114s] -- Installing: /home/teehee/ros2_ws/src/lab_interfaces/install/lab_interfaces/share/lab_interfaces/msg/TurtleArray.idl
[5.115s] -- Up-to-date: /home/teehee/ros2_ws/src/lab_interfaces/install/lab_interfaces/share/lab_interfaces/srv/CaptureTurtle.idl
[5.116s] -- Up-to-date: /home/teehee/ros2_ws/src/lab_interfaces/install/lab_interfaces/share/lab_interfaces/msg/Turtle.msg
[5.116s] -- Installing: /home/teehee/ros2_ws/src/lab_interfaces/install/lab_interfaces/share/lab_interfaces/msg/TurtleArray.msg
[5.116s] -- Up-to-date: /home/teehee/ros2_ws/src/lab_interfaces/install/lab_interfaces/share/lab_interfaces/srv/CaptureTurtle.srv
[5.117s] -- Up-to-date: /home/teehee/ros2_ws/src/lab_interfaces/install/lab_interfaces/share/lab_interfaces/srv/CaptureTurtle_Request.msg
[5.118s] -- Up-to-date: /home/teehee/ros2_ws/src/lab_interfaces/install/lab_interfaces/share/lab_interfaces/srv/CaptureTurtle_Response.msg
[5.118s] -- Up-to-date: /home/teehee/ros2_ws/src/lab_interfaces/install/lab_interfaces/share/ament_index/resource_index/package_run_dependencies/lab_interfaces
[5.118s] -- Up-to-date: /home/teehee/ros2_ws/src/lab_interfaces/install/lab_interfaces/share/ament_index/resource_index/parent_prefix_path/lab_interfaces
[5.118s] -- Up-to-date: /home/teehee/ros2_ws/src/lab_interfaces/install/lab_interfaces/share/lab_interfaces/environment/ament_prefix_path.sh
[5.119s] -- Installing: /home/teehee/ros2_ws/src/lab_interfaces/install/lab_interfaces/share/lab_interfaces/environment/ament_prefix_path.dsv
[5.119s] -- Up-to-date: /home/teehee/ros2_ws/src/lab_interfaces/install/lab_interfaces/share/lab_interfaces/environment/path.sh
[5.120s] -- Installing: /home/teehee/ros2_ws/src/lab_interfaces/install/lab_interfaces/share/lab_interfaces/environment/path.dsv
[5.124s] -- Up-to-date: /home/teehee/ros2_ws/src/lab_interfaces/install/lab_interfaces/share/lab_interfaces/local_setup.bash
[5.124s] -- Up-to-date: /home/teehee/ros2_ws/src/lab_interfaces/install/lab_interfaces/share/lab_interfaces/local_setup.sh
[5.124s] -- Up-to-date: /home/teehee/ros2_ws/src/lab_interfaces/install/lab_interfaces/share/lab_interfaces/local_setup.zsh
[5.125s] -- Installing: /home/teehee/ros2_ws/src/lab_interfaces/install/lab_interfaces/share/lab_interfaces/local_setup.dsv
[5.129s] -- Installing: /home/teehee/ros2_ws/src/lab_interfaces/install/lab_interfaces/share/lab_interfaces/package.dsv
[5.130s] -- Up-to-date: /home/teehee/ros2_ws/src/lab_interfaces/install/lab_interfaces/share/ament_index/resource_index/packages/lab_interfaces
[5.131s] -- Up-to-date: /home/teehee/ros2_ws/src/lab_interfaces/install/lab_interfaces/share/lab_interfaces/cmake/export_lab_interfaces__rosidl_generator_cExport.cmake
[5.132s] -- Up-to-date: /home/teehee/ros2_ws/src/lab_interfaces/install/lab_interfaces/share/lab_interfaces/cmake/export_lab_interfaces__rosidl_generator_cExport-noconfig.cmake
[5.132s] -- Up-to-date: /home/teehee/ros2_ws/src/lab_interfaces/install/lab_interfaces/share/lab_interfaces/cmake/export_lab_interfaces__rosidl_typesupport_fastrtps_cExport.cmake
[5.133s] -- Up-to-date: /home/teehee/ros2_ws/src/lab_interfaces/install/lab_interfaces/share/lab_interfaces/cmake/export_lab_interfaces__rosidl_typesupport_fastrtps_cExport-noconfig.cmake
[5.133s] -- Up-to-date: /home/teehee/ros2_ws/src/lab_interfaces/install/lab_interfaces/share/lab_interfaces/cmake/lab_interfaces__rosidl_typesupport_introspection_cExport.cmake
[5.133s] -- Up-to-date: /home/teehee/ros2_ws/src/lab_interfaces/install/lab_interfaces/share/lab_interfaces/cmake/lab_interfaces__rosidl_typesupport_introspection_cExport-noconfig.cmake
[5.133s] -- Up-to-date: /home/teehee/ros2_ws/src/lab_interfaces/install/lab_interfaces/share/lab_interfaces/cmake/lab_interfaces__rosidl_typesupport_cExport.cmake
[5.134s] -- Up-to-date: /home/teehee/ros2_ws/src/lab_interfaces/install/lab_interfaces/share/lab_interfaces/cmake/lab_interfaces__rosidl_typesupport_cExport-noconfig.cmake
[5.134s] -- Up-to-date: /home/teehee/ros2_ws/src/lab_interfaces/install/lab_interfaces/share/lab_interfaces/cmake/export_lab_interfaces__rosidl_generator_cppExport.cmake
[5.134s] -- Up-to-date: /home/teehee/ros2_ws/src/lab_interfaces/install/lab_interfaces/share/lab_interfaces/cmake/export_lab_interfaces__rosidl_typesupport_fastrtps_cppExport.cmake
[5.135s] -- Up-to-date: /home/teehee/ros2_ws/src/lab_interfaces/install/lab_interfaces/share/lab_interfaces/cmake/export_lab_interfaces__rosidl_typesupport_fastrtps_cppExport-noconfig.cmake
[5.135s] -- Up-to-date: /home/teehee/ros2_ws/src/lab_interfaces/install/lab_interfaces/share/lab_interfaces/cmake/lab_interfaces__rosidl_typesupport_introspection_cppExport.cmake
[5.135s] -- Up-to-date: /home/teehee/ros2_ws/src/lab_interfaces/install/lab_interfaces/share/lab_interfaces/cmake/lab_interfaces__rosidl_typesupport_introspection_cppExport-noconfig.cmake
[5.135s] -- Up-to-date: /home/teehee/ros2_ws/src/lab_interfaces/install/lab_interfaces/share/lab_interfaces/cmake/lab_interfaces__rosidl_typesupport_cppExport.cmake
[5.135s] -- Up-to-date: /home/teehee/ros2_ws/src/lab_interfaces/install/lab_interfaces/share/lab_interfaces/cmake/lab_interfaces__rosidl_typesupport_cppExport-noconfig.cmake
[5.137s] -- Up-to-date: /home/teehee/ros2_ws/src/lab_interfaces/install/lab_interfaces/share/lab_interfaces/cmake/export_lab_interfaces__rosidl_generator_pyExport.cmake
[5.138s] -- Up-to-date: /home/teehee/ros2_ws/src/lab_interfaces/install/lab_interfaces/share/lab_interfaces/cmake/export_lab_interfaces__rosidl_generator_pyExport-noconfig.cmake
[5.139s] -- Up-to-date: /home/teehee/ros2_ws/src/lab_interfaces/install/lab_interfaces/share/lab_interfaces/cmake/rosidl_cmake-extras.cmake
[5.140s] -- Up-to-date: /home/teehee/ros2_ws/src/lab_interfaces/install/lab_interfaces/share/lab_interfaces/cmake/ament_cmake_export_include_directories-extras.cmake
[5.140s] -- Up-to-date: /home/teehee/ros2_ws/src/lab_interfaces/install/lab_interfaces/share/lab_interfaces/cmake/ament_cmake_export_libraries-extras.cmake
[5.141s] -- Up-to-date: /home/teehee/ros2_ws/src/lab_interfaces/install/lab_interfaces/share/lab_interfaces/cmake/ament_cmake_export_targets-extras.cmake
[5.141s] -- Up-to-date: /home/teehee/ros2_ws/src/lab_interfaces/install/lab_interfaces/share/lab_interfaces/cmake/rosidl_cmake_export_typesupport_targets-extras.cmake
[5.142s] -- Up-to-date: /home/teehee/ros2_ws/src/lab_interfaces/install/lab_interfaces/share/lab_interfaces/cmake/ament_cmake_export_dependencies-extras.cmake
[5.142s] -- Up-to-date: /home/teehee/ros2_ws/src/lab_interfaces/install/lab_interfaces/share/lab_interfaces/cmake/rosidl_cmake_export_typesupport_libraries-extras.cmake
[5.143s] -- Up-to-date: /home/teehee/ros2_ws/src/lab_interfaces/install/lab_interfaces/share/lab_interfaces/cmake/lab_interfacesConfig.cmake
[5.143s] -- Up-to-date: /home/teehee/ros2_ws/src/lab_interfaces/install/lab_interfaces/share/lab_interfaces/cmake/lab_interfacesConfig-version.cmake
[5.144s] -- Up-to-date: /home/teehee/ros2_ws/src/lab_interfaces/install/lab_interfaces/share/lab_interfaces/package.xml
[5.144s] Invoked command in '/home/teehee/ros2_ws/src/lab_interfaces/build/lab_interfaces' returned '0': CMAKE_PREFIX_PATH=${CMAKE_PREFIX_PATH}:/home/teehee/ros2_ws/install/tf2_pkg:/home/teehee/ros2_ws/install/labs_pkg:/home/teehee/ros2_ws/install/lab_exam2_pkg:/home/teehee/ros2_ws/install/example_pkg:/opt/ros/humble /usr/bin/cmake --install /home/teehee/ros2_ws/src/lab_interfaces/build/lab_interfaces
