[0.549s] Invoking command in '/home/teehee/ros2_ws/build/labs_pkg': PYTHONPATH=/home/teehee/ros2_ws/build/labs_pkg/prefix_override:/home/teehee/ros2_ws/install/labs_pkg/lib/python3.10/site-packages:${PYTHONPATH} /usr/bin/python3 setup.py develop --editable --build-directory /home/teehee/ros2_ws/build/labs_pkg/build --no-deps install_data
[0.752s] running develop
[0.752s] /usr/lib/python3/dist-packages/setuptools/command/easy_install.py:158: EasyInstallDeprecationWarning: easy_install command is deprecated. Use build and pip and other standards-based tools.
[0.752s]   warnings.warn(
[0.753s] /usr/lib/python3/dist-packages/setuptools/command/install.py:34: SetuptoolsDeprecationWarning: setup.py install is deprecated. Use build and pip and other standards-based tools.
[0.753s]   warnings.warn(
[0.887s] running egg_info
[0.890s] writing labs_pkg.egg-info/PKG-INFO
[0.890s] writing dependency_links to labs_pkg.egg-info/dependency_links.txt
[0.890s] writing entry points to labs_pkg.egg-info/entry_points.txt
[0.890s] writing requirements to labs_pkg.egg-info/requires.txt
[0.890s] writing top-level names to labs_pkg.egg-info/top_level.txt
[0.891s] reading manifest file 'labs_pkg.egg-info/SOURCES.txt'
[0.892s] writing manifest file 'labs_pkg.egg-info/SOURCES.txt'
[0.893s] running build_ext
[0.893s] Creating /home/teehee/ros2_ws/install/labs_pkg/lib/python3.10/site-packages/labs-pkg.egg-link (link to .)
[0.894s] Installing my_listener = labs_pkg.my_listener:maininteger_publisher = labs_pkg.integer_publisher:maincumulative_adder script to /home/teehee/ros2_ws/install/labs_pkg/lib/labs_pkg
[0.895s] Installing my_talker script to /home/teehee/ros2_ws/install/labs_pkg/lib/labs_pkg
[0.895s] 
[0.895s] Installed /home/teehee/ros2_ws/build/labs_pkg
[0.895s] running install_data
[0.932s] Invoked command in '/home/teehee/ros2_ws/build/labs_pkg' returned '0': PYTHONPATH=/home/teehee/ros2_ws/build/labs_pkg/prefix_override:/home/teehee/ros2_ws/install/labs_pkg/lib/python3.10/site-packages:${PYTHONPATH} /usr/bin/python3 setup.py develop --editable --build-directory /home/teehee/ros2_ws/build/labs_pkg/build --no-deps install_data
