running develop
/usr/lib/python3/dist-packages/setuptools/command/easy_install.py:158: EasyInstallDeprecationWarning: easy_install command is deprecated. Use build and pip and other standards-based tools.
  warnings.warn(
/usr/lib/python3/dist-packages/setuptools/command/install.py:34: SetuptoolsDeprecationWarning: setup.py install is deprecated. Use build and pip and other standards-based tools.
  warnings.warn(
Removing /home/teehee/ros2_ws/install/example_pkg/lib/python3.10/site-packages/example-pkg.egg-link (link to .)
running egg_info
writing ../../build/example_pkg/example_pkg.egg-info/PKG-INFO
writing dependency_links to ../../build/example_pkg/example_pkg.egg-info/dependency_links.txt
writing entry points to ../../build/example_pkg/example_pkg.egg-info/entry_points.txt
writing requirements to ../../build/example_pkg/example_pkg.egg-info/requires.txt
writing top-level names to ../../build/example_pkg/example_pkg.egg-info/top_level.txt
reading manifest file '../../build/example_pkg/example_pkg.egg-info/SOURCES.txt'
writing manifest file '../../build/example_pkg/example_pkg.egg-info/SOURCES.txt'
running build
running build_py
copying example_pkg/example_node.py -> /home/teehee/ros2_ws/build/example_pkg/build/lib/example_pkg
running install
running install_lib
/usr/lib/python3/dist-packages/setuptools/command/install.py:34: SetuptoolsDeprecationWarning: setup.py install is deprecated. Use build and pip and other standards-based tools.
  warnings.warn(
creating /home/teehee/ros2_ws/install/example_pkg/lib/python3.10/site-packages/example_pkg
copying /home/teehee/ros2_ws/build/example_pkg/build/lib/example_pkg/__init__.py -> /home/teehee/ros2_ws/install/example_pkg/lib/python3.10/site-packages/example_pkg
copying /home/teehee/ros2_ws/build/example_pkg/build/lib/example_pkg/example_node.py -> /home/teehee/ros2_ws/install/example_pkg/lib/python3.10/site-packages/example_pkg
byte-compiling /home/teehee/ros2_ws/install/example_pkg/lib/python3.10/site-packages/example_pkg/__init__.py to __init__.cpython-310.pyc
byte-compiling /home/teehee/ros2_ws/install/example_pkg/lib/python3.10/site-packages/example_pkg/example_node.py to example_node.cpython-310.pyc
running install_data
running install_egg_info
Copying ../../build/example_pkg/example_pkg.egg-info to /home/teehee/ros2_ws/install/example_pkg/lib/python3.10/site-packages/example_pkg-0.0.0-py3.10.egg-info
running install_scripts
Installing ex_node script to /home/teehee/ros2_ws/install/example_pkg/lib/example_pkg
writing list of installed files to '/home/teehee/ros2_ws/build/example_pkg/install.log'
