[0.063s] Invoking command in '/home/teehee/ros2_ws/build/lab_interfaces': CMAKE_PREFIX_PATH=${CMAKE_PREFIX_PATH}:/home/teehee/ros2_ws/install/labs_pkg:/home/teehee/ros2_ws/install/example_pkg:/opt/ros/humble /usr/bin/cmake --build /home/teehee/ros2_ws/build/lab_interfaces -- -j4 -l4
[0.153s] [  2%] Built target lab_interfaces__cpp
[0.157s] [ 12%] Built target lab_interfaces__rosidl_generator_c
[0.164s] [ 12%] Built target ament_cmake_python_copy_lab_interfaces
[0.187s] [ 23%] Built target lab_interfaces__rosidl_typesupport_cpp
[0.188s] [ 34%] Built target lab_interfaces__rosidl_typesupport_fastrtps_cpp
[0.192s] [ 44%] Built target lab_interfaces__rosidl_typesupport_introspection_cpp
[0.200s] [ 55%] Built target lab_interfaces__rosidl_typesupport_fastrtps_c
[0.218s] [ 76%] Built target lab_interfaces__rosidl_typesupport_c
[0.218s] [ 76%] Built target lab_interfaces__rosidl_typesupport_introspection_c
[0.248s] [ 76%] Built target lab_interfaces
[0.277s] [ 78%] Built target lab_interfaces__py
[0.309s] [ 87%] Built target lab_interfaces__rosidl_generator_py
[0.338s] [ 95%] Built target lab_interfaces__rosidl_typesupport_introspection_c__pyext
[0.338s] [ 95%] Built target lab_interfaces__rosidl_typesupport_fastrtps_c__pyext
[0.338s] [100%] Built target lab_interfaces__rosidl_typesupport_c__pyext
[0.411s] running egg_info
[0.428s] writing lab_interfaces.egg-info/PKG-INFO
[0.428s] writing dependency_links to lab_interfaces.egg-info/dependency_links.txt
[0.429s] writing top-level names to lab_interfaces.egg-info/top_level.txt
[0.429s] reading manifest file 'lab_interfaces.egg-info/SOURCES.txt'
[0.429s] writing manifest file 'lab_interfaces.egg-info/SOURCES.txt'
[0.452s] [100%] Built target ament_cmake_python_build_lab_interfaces_egg
[0.476s] Invoked command in '/home/teehee/ros2_ws/build/lab_interfaces' returned '0': CMAKE_PREFIX_PATH=${CMAKE_PREFIX_PATH}:/home/teehee/ros2_ws/install/labs_pkg:/home/teehee/ros2_ws/install/example_pkg:/opt/ros/humble /usr/bin/cmake --build /home/teehee/ros2_ws/build/lab_interfaces -- -j4 -l4
[0.722s] Invoking command in '/home/teehee/ros2_ws/build/lab_interfaces': CMAKE_PREFIX_PATH=${CMAKE_PREFIX_PATH}:/home/teehee/ros2_ws/install/labs_pkg:/home/teehee/ros2_ws/install/example_pkg:/opt/ros/humble /usr/bin/cmake --install /home/teehee/ros2_ws/build/lab_interfaces
[0.733s] -- Install configuration: ""
[0.734s] -- Up-to-date: /home/teehee/ros2_ws/install/lab_interfaces/share/ament_index/resource_index/rosidl_interfaces/lab_interfaces
[0.734s] -- Up-to-date: /home/teehee/ros2_ws/install/lab_interfaces/include/lab_interfaces/lab_interfaces
[0.734s] -- Up-to-date: /home/teehee/ros2_ws/install/lab_interfaces/include/lab_interfaces/lab_interfaces/msg
[0.734s] -- Up-to-date: /home/teehee/ros2_ws/install/lab_interfaces/include/lab_interfaces/lab_interfaces/msg/wall_distance_array.h
[0.734s] -- Up-to-date: /home/teehee/ros2_ws/install/lab_interfaces/include/lab_interfaces/lab_interfaces/msg/rosidl_generator_c__visibility_control.h
[0.734s] -- Up-to-date: /home/teehee/ros2_ws/install/lab_interfaces/include/lab_interfaces/lab_interfaces/msg/detail
[0.735s] -- Up-to-date: /home/teehee/ros2_ws/install/lab_interfaces/include/lab_interfaces/lab_interfaces/msg/detail/wall_distance_measurement__functions.c
[0.735s] -- Up-to-date: /home/teehee/ros2_ws/install/lab_interfaces/include/lab_interfaces/lab_interfaces/msg/detail/wall_distance_statistics__functions.c
[0.735s] -- Up-to-date: /home/teehee/ros2_ws/install/lab_interfaces/include/lab_interfaces/lab_interfaces/msg/detail/wall_distance_measurement__struct.h
[0.736s] -- Up-to-date: /home/teehee/ros2_ws/install/lab_interfaces/include/lab_interfaces/lab_interfaces/msg/detail/wall_distance_measurement__type_support.h
[0.736s] -- Up-to-date: /home/teehee/ros2_ws/install/lab_interfaces/include/lab_interfaces/lab_interfaces/msg/detail/wall_distance_array__type_support.h
[0.736s] -- Up-to-date: /home/teehee/ros2_ws/install/lab_interfaces/include/lab_interfaces/lab_interfaces/msg/detail/wall_distance_statistics__type_support.h
[0.737s] -- Up-to-date: /home/teehee/ros2_ws/install/lab_interfaces/include/lab_interfaces/lab_interfaces/msg/detail/wall_distance_statistics__struct.h
[0.737s] -- Up-to-date: /home/teehee/ros2_ws/install/lab_interfaces/include/lab_interfaces/lab_interfaces/msg/detail/wall_distance_statistics__functions.h
[0.737s] -- Up-to-date: /home/teehee/ros2_ws/install/lab_interfaces/include/lab_interfaces/lab_interfaces/msg/detail/wall_distance_array__struct.h
[0.738s] -- Up-to-date: /home/teehee/ros2_ws/install/lab_interfaces/include/lab_interfaces/lab_interfaces/msg/detail/wall_distance_array__functions.c
[0.738s] -- Up-to-date: /home/teehee/ros2_ws/install/lab_interfaces/include/lab_interfaces/lab_interfaces/msg/detail/wall_distance_measurement__functions.h
[0.739s] -- Up-to-date: /home/teehee/ros2_ws/install/lab_interfaces/include/lab_interfaces/lab_interfaces/msg/detail/wall_distance_array__functions.h
[0.739s] -- Up-to-date: /home/teehee/ros2_ws/install/lab_interfaces/include/lab_interfaces/lab_interfaces/msg/wall_distance_measurement.h
[0.739s] -- Up-to-date: /home/teehee/ros2_ws/install/lab_interfaces/include/lab_interfaces/lab_interfaces/msg/wall_distance_statistics.h
[0.739s] -- Up-to-date: /home/teehee/ros2_ws/install/lab_interfaces/share/lab_interfaces/environment/library_path.sh
[0.739s] -- Up-to-date: /home/teehee/ros2_ws/install/lab_interfaces/share/lab_interfaces/environment/library_path.dsv
[0.739s] -- Up-to-date: /home/teehee/ros2_ws/install/lab_interfaces/lib/liblab_interfaces__rosidl_generator_c.so
[0.740s] -- Up-to-date: /home/teehee/ros2_ws/install/lab_interfaces/include/lab_interfaces/lab_interfaces
[0.740s] -- Up-to-date: /home/teehee/ros2_ws/install/lab_interfaces/include/lab_interfaces/lab_interfaces/msg
[0.740s] -- Up-to-date: /home/teehee/ros2_ws/install/lab_interfaces/include/lab_interfaces/lab_interfaces/msg/detail
[0.741s] -- Up-to-date: /home/teehee/ros2_ws/install/lab_interfaces/include/lab_interfaces/lab_interfaces/msg/detail/wall_distance_statistics__rosidl_typesupport_fastrtps_c.h
[0.741s] -- Up-to-date: /home/teehee/ros2_ws/install/lab_interfaces/include/lab_interfaces/lab_interfaces/msg/detail/wall_distance_measurement__rosidl_typesupport_fastrtps_c.h
[0.741s] -- Up-to-date: /home/teehee/ros2_ws/install/lab_interfaces/include/lab_interfaces/lab_interfaces/msg/detail/wall_distance_array__rosidl_typesupport_fastrtps_c.h
[0.741s] -- Up-to-date: /home/teehee/ros2_ws/install/lab_interfaces/include/lab_interfaces/lab_interfaces/msg/rosidl_typesupport_fastrtps_c__visibility_control.h
[0.741s] -- Up-to-date: /home/teehee/ros2_ws/install/lab_interfaces/lib/liblab_interfaces__rosidl_typesupport_fastrtps_c.so
[0.742s] -- Up-to-date: /home/teehee/ros2_ws/install/lab_interfaces/include/lab_interfaces/lab_interfaces
[0.742s] -- Up-to-date: /home/teehee/ros2_ws/install/lab_interfaces/include/lab_interfaces/lab_interfaces/msg
[0.742s] -- Up-to-date: /home/teehee/ros2_ws/install/lab_interfaces/include/lab_interfaces/lab_interfaces/msg/detail
[0.742s] -- Up-to-date: /home/teehee/ros2_ws/install/lab_interfaces/include/lab_interfaces/lab_interfaces/msg/detail/wall_distance_measurement__type_support.c
[0.742s] -- Up-to-date: /home/teehee/ros2_ws/install/lab_interfaces/include/lab_interfaces/lab_interfaces/msg/detail/wall_distance_array__type_support.c
[0.742s] -- Up-to-date: /home/teehee/ros2_ws/install/lab_interfaces/include/lab_interfaces/lab_interfaces/msg/detail/wall_distance_statistics__rosidl_typesupport_introspection_c.h
[0.742s] -- Up-to-date: /home/teehee/ros2_ws/install/lab_interfaces/include/lab_interfaces/lab_interfaces/msg/detail/wall_distance_array__rosidl_typesupport_introspection_c.h
[0.742s] -- Up-to-date: /home/teehee/ros2_ws/install/lab_interfaces/include/lab_interfaces/lab_interfaces/msg/detail/wall_distance_measurement__rosidl_typesupport_introspection_c.h
[0.743s] -- Up-to-date: /home/teehee/ros2_ws/install/lab_interfaces/include/lab_interfaces/lab_interfaces/msg/detail/wall_distance_statistics__type_support.c
[0.743s] -- Up-to-date: /home/teehee/ros2_ws/install/lab_interfaces/include/lab_interfaces/lab_interfaces/msg/rosidl_typesupport_introspection_c__visibility_control.h
[0.743s] -- Up-to-date: /home/teehee/ros2_ws/install/lab_interfaces/lib/liblab_interfaces__rosidl_typesupport_introspection_c.so
[0.743s] -- Up-to-date: /home/teehee/ros2_ws/install/lab_interfaces/lib/liblab_interfaces__rosidl_typesupport_c.so
[0.743s] -- Up-to-date: /home/teehee/ros2_ws/install/lab_interfaces/include/lab_interfaces/lab_interfaces
[0.743s] -- Up-to-date: /home/teehee/ros2_ws/install/lab_interfaces/include/lab_interfaces/lab_interfaces/msg
[0.743s] -- Up-to-date: /home/teehee/ros2_ws/install/lab_interfaces/include/lab_interfaces/lab_interfaces/msg/wall_distance_measurement.hpp
[0.743s] -- Up-to-date: /home/teehee/ros2_ws/install/lab_interfaces/include/lab_interfaces/lab_interfaces/msg/wall_distance_statistics.hpp
[0.743s] -- Up-to-date: /home/teehee/ros2_ws/install/lab_interfaces/include/lab_interfaces/lab_interfaces/msg/detail
[0.744s] -- Up-to-date: /home/teehee/ros2_ws/install/lab_interfaces/include/lab_interfaces/lab_interfaces/msg/detail/wall_distance_statistics__traits.hpp
[0.744s] -- Up-to-date: /home/teehee/ros2_ws/install/lab_interfaces/include/lab_interfaces/lab_interfaces/msg/detail/wall_distance_array__traits.hpp
[0.744s] -- Up-to-date: /home/teehee/ros2_ws/install/lab_interfaces/include/lab_interfaces/lab_interfaces/msg/detail/wall_distance_statistics__struct.hpp
[0.744s] -- Up-to-date: /home/teehee/ros2_ws/install/lab_interfaces/include/lab_interfaces/lab_interfaces/msg/detail/wall_distance_statistics__builder.hpp
[0.744s] -- Up-to-date: /home/teehee/ros2_ws/install/lab_interfaces/include/lab_interfaces/lab_interfaces/msg/detail/wall_distance_array__struct.hpp
[0.744s] -- Up-to-date: /home/teehee/ros2_ws/install/lab_interfaces/include/lab_interfaces/lab_interfaces/msg/detail/wall_distance_measurement__builder.hpp
[0.744s] -- Up-to-date: /home/teehee/ros2_ws/install/lab_interfaces/include/lab_interfaces/lab_interfaces/msg/detail/wall_distance_array__builder.hpp
[0.746s] -- Up-to-date: /home/teehee/ros2_ws/install/lab_interfaces/include/lab_interfaces/lab_interfaces/msg/detail/wall_distance_measurement__struct.hpp
[0.746s] -- Up-to-date: /home/teehee/ros2_ws/install/lab_interfaces/include/lab_interfaces/lab_interfaces/msg/detail/wall_distance_measurement__traits.hpp
[0.746s] -- Up-to-date: /home/teehee/ros2_ws/install/lab_interfaces/include/lab_interfaces/lab_interfaces/msg/wall_distance_array.hpp
[0.746s] -- Up-to-date: /home/teehee/ros2_ws/install/lab_interfaces/include/lab_interfaces/lab_interfaces
[0.746s] -- Up-to-date: /home/teehee/ros2_ws/install/lab_interfaces/include/lab_interfaces/lab_interfaces/msg
[0.746s] -- Up-to-date: /home/teehee/ros2_ws/install/lab_interfaces/include/lab_interfaces/lab_interfaces/msg/detail
[0.746s] -- Up-to-date: /home/teehee/ros2_ws/install/lab_interfaces/include/lab_interfaces/lab_interfaces/msg/detail/wall_distance_statistics__rosidl_typesupport_fastrtps_cpp.hpp
[0.746s] -- Up-to-date: /home/teehee/ros2_ws/install/lab_interfaces/include/lab_interfaces/lab_interfaces/msg/detail/wall_distance_array__rosidl_typesupport_fastrtps_cpp.hpp
[0.746s] -- Up-to-date: /home/teehee/ros2_ws/install/lab_interfaces/include/lab_interfaces/lab_interfaces/msg/detail/dds_fastrtps
[0.747s] -- Up-to-date: /home/teehee/ros2_ws/install/lab_interfaces/include/lab_interfaces/lab_interfaces/msg/detail/wall_distance_measurement__rosidl_typesupport_fastrtps_cpp.hpp
[0.747s] -- Up-to-date: /home/teehee/ros2_ws/install/lab_interfaces/include/lab_interfaces/lab_interfaces/msg/rosidl_typesupport_fastrtps_cpp__visibility_control.h
[0.747s] -- Up-to-date: /home/teehee/ros2_ws/install/lab_interfaces/lib/liblab_interfaces__rosidl_typesupport_fastrtps_cpp.so
[0.747s] -- Up-to-date: /home/teehee/ros2_ws/install/lab_interfaces/include/lab_interfaces/lab_interfaces
[0.747s] -- Up-to-date: /home/teehee/ros2_ws/install/lab_interfaces/include/lab_interfaces/lab_interfaces/msg
[0.747s] -- Up-to-date: /home/teehee/ros2_ws/install/lab_interfaces/include/lab_interfaces/lab_interfaces/msg/detail
[0.747s] -- Up-to-date: /home/teehee/ros2_ws/install/lab_interfaces/include/lab_interfaces/lab_interfaces/msg/detail/wall_distance_array__type_support.cpp
[0.747s] -- Up-to-date: /home/teehee/ros2_ws/install/lab_interfaces/include/lab_interfaces/lab_interfaces/msg/detail/wall_distance_measurement__rosidl_typesupport_introspection_cpp.hpp
[0.747s] -- Up-to-date: /home/teehee/ros2_ws/install/lab_interfaces/include/lab_interfaces/lab_interfaces/msg/detail/wall_distance_array__rosidl_typesupport_introspection_cpp.hpp
[0.747s] -- Up-to-date: /home/teehee/ros2_ws/install/lab_interfaces/include/lab_interfaces/lab_interfaces/msg/detail/wall_distance_measurement__type_support.cpp
[0.747s] -- Up-to-date: /home/teehee/ros2_ws/install/lab_interfaces/include/lab_interfaces/lab_interfaces/msg/detail/wall_distance_statistics__type_support.cpp
[0.747s] -- Up-to-date: /home/teehee/ros2_ws/install/lab_interfaces/include/lab_interfaces/lab_interfaces/msg/detail/wall_distance_statistics__rosidl_typesupport_introspection_cpp.hpp
[0.747s] -- Up-to-date: /home/teehee/ros2_ws/install/lab_interfaces/lib/liblab_interfaces__rosidl_typesupport_introspection_cpp.so
[0.747s] -- Up-to-date: /home/teehee/ros2_ws/install/lab_interfaces/lib/liblab_interfaces__rosidl_typesupport_cpp.so
[0.747s] -- Up-to-date: /home/teehee/ros2_ws/install/lab_interfaces/share/lab_interfaces/environment/pythonpath.sh
[0.747s] -- Up-to-date: /home/teehee/ros2_ws/install/lab_interfaces/share/lab_interfaces/environment/pythonpath.dsv
[0.747s] -- Up-to-date: /home/teehee/ros2_ws/install/lab_interfaces/local/lib/python3.10/dist-packages/lab_interfaces-0.0.0-py3.10.egg-info
[0.747s] -- Installing: /home/teehee/ros2_ws/install/lab_interfaces/local/lib/python3.10/dist-packages/lab_interfaces-0.0.0-py3.10.egg-info/SOURCES.txt
[0.747s] -- Installing: /home/teehee/ros2_ws/install/lab_interfaces/local/lib/python3.10/dist-packages/lab_interfaces-0.0.0-py3.10.egg-info/dependency_links.txt
[0.747s] -- Installing: /home/teehee/ros2_ws/install/lab_interfaces/local/lib/python3.10/dist-packages/lab_interfaces-0.0.0-py3.10.egg-info/PKG-INFO
[0.748s] -- Installing: /home/teehee/ros2_ws/install/lab_interfaces/local/lib/python3.10/dist-packages/lab_interfaces-0.0.0-py3.10.egg-info/top_level.txt
[0.748s] -- Up-to-date: /home/teehee/ros2_ws/install/lab_interfaces/local/lib/python3.10/dist-packages/lab_interfaces
[0.748s] -- Up-to-date: /home/teehee/ros2_ws/install/lab_interfaces/local/lib/python3.10/dist-packages/lab_interfaces/_lab_interfaces_s.ep.rosidl_typesupport_introspection_c.c
[0.748s] -- Up-to-date: /home/teehee/ros2_ws/install/lab_interfaces/local/lib/python3.10/dist-packages/lab_interfaces/lab_interfaces_s__rosidl_typesupport_c.cpython-310-x86_64-linux-gnu.so
[0.748s] -- Up-to-date: /home/teehee/ros2_ws/install/lab_interfaces/local/lib/python3.10/dist-packages/lab_interfaces/__init__.py
[0.748s] -- Up-to-date: /home/teehee/ros2_ws/install/lab_interfaces/local/lib/python3.10/dist-packages/lab_interfaces/_lab_interfaces_s.ep.rosidl_typesupport_c.c
[0.748s] -- Up-to-date: /home/teehee/ros2_ws/install/lab_interfaces/local/lib/python3.10/dist-packages/lab_interfaces/lab_interfaces_s__rosidl_typesupport_introspection_c.cpython-310-x86_64-linux-gnu.so
[0.748s] -- Up-to-date: /home/teehee/ros2_ws/install/lab_interfaces/local/lib/python3.10/dist-packages/lab_interfaces/_lab_interfaces_s.ep.rosidl_typesupport_fastrtps_c.c
[0.748s] -- Up-to-date: /home/teehee/ros2_ws/install/lab_interfaces/local/lib/python3.10/dist-packages/lab_interfaces/liblab_interfaces__rosidl_generator_py.so
[0.748s] -- Up-to-date: /home/teehee/ros2_ws/install/lab_interfaces/local/lib/python3.10/dist-packages/lab_interfaces/lab_interfaces_s__rosidl_typesupport_fastrtps_c.cpython-310-x86_64-linux-gnu.so
[0.748s] -- Up-to-date: /home/teehee/ros2_ws/install/lab_interfaces/local/lib/python3.10/dist-packages/lab_interfaces/msg
[0.748s] -- Up-to-date: /home/teehee/ros2_ws/install/lab_interfaces/local/lib/python3.10/dist-packages/lab_interfaces/msg/__init__.py
[0.748s] -- Up-to-date: /home/teehee/ros2_ws/install/lab_interfaces/local/lib/python3.10/dist-packages/lab_interfaces/msg/_wall_distance_measurement_s.c
[0.748s] -- Up-to-date: /home/teehee/ros2_ws/install/lab_interfaces/local/lib/python3.10/dist-packages/lab_interfaces/msg/_wall_distance_array.py
[0.748s] -- Up-to-date: /home/teehee/ros2_ws/install/lab_interfaces/local/lib/python3.10/dist-packages/lab_interfaces/msg/_wall_distance_statistics.py
[0.748s] -- Up-to-date: /home/teehee/ros2_ws/install/lab_interfaces/local/lib/python3.10/dist-packages/lab_interfaces/msg/_wall_distance_statistics_s.c
[0.748s] -- Up-to-date: /home/teehee/ros2_ws/install/lab_interfaces/local/lib/python3.10/dist-packages/lab_interfaces/msg/_wall_distance_measurement.py
[0.748s] -- Up-to-date: /home/teehee/ros2_ws/install/lab_interfaces/local/lib/python3.10/dist-packages/lab_interfaces/msg/_wall_distance_array_s.c
[0.779s] Listing '/home/teehee/ros2_ws/install/lab_interfaces/local/lib/python3.10/dist-packages/lab_interfaces'...
[0.779s] Listing '/home/teehee/ros2_ws/install/lab_interfaces/local/lib/python3.10/dist-packages/lab_interfaces/msg'...
[0.784s] -- Up-to-date: /home/teehee/ros2_ws/install/lab_interfaces/local/lib/python3.10/dist-packages/lab_interfaces/lab_interfaces_s__rosidl_typesupport_fastrtps_c.cpython-310-x86_64-linux-gnu.so
[0.784s] -- Up-to-date: /home/teehee/ros2_ws/install/lab_interfaces/local/lib/python3.10/dist-packages/lab_interfaces/lab_interfaces_s__rosidl_typesupport_introspection_c.cpython-310-x86_64-linux-gnu.so
[0.784s] -- Up-to-date: /home/teehee/ros2_ws/install/lab_interfaces/local/lib/python3.10/dist-packages/lab_interfaces/lab_interfaces_s__rosidl_typesupport_c.cpython-310-x86_64-linux-gnu.so
[0.785s] -- Up-to-date: /home/teehee/ros2_ws/install/lab_interfaces/lib/liblab_interfaces__rosidl_generator_py.so
[0.785s] -- Up-to-date: /home/teehee/ros2_ws/install/lab_interfaces/share/lab_interfaces/msg/WallDistanceMeasurement.idl
[0.785s] -- Up-to-date: /home/teehee/ros2_ws/install/lab_interfaces/share/lab_interfaces/msg/WallDistanceArray.idl
[0.785s] -- Up-to-date: /home/teehee/ros2_ws/install/lab_interfaces/share/lab_interfaces/msg/WallDistanceStatistics.idl
[0.785s] -- Up-to-date: /home/teehee/ros2_ws/install/lab_interfaces/share/lab_interfaces/msg/WallDistanceMeasurement.msg
[0.785s] -- Up-to-date: /home/teehee/ros2_ws/install/lab_interfaces/share/lab_interfaces/msg/WallDistanceArray.msg
[0.785s] -- Up-to-date: /home/teehee/ros2_ws/install/lab_interfaces/share/lab_interfaces/msg/WallDistanceStatistics.msg
[0.786s] -- Up-to-date: /home/teehee/ros2_ws/install/lab_interfaces/share/ament_index/resource_index/package_run_dependencies/lab_interfaces
[0.786s] -- Up-to-date: /home/teehee/ros2_ws/install/lab_interfaces/share/ament_index/resource_index/parent_prefix_path/lab_interfaces
[0.786s] -- Up-to-date: /home/teehee/ros2_ws/install/lab_interfaces/share/lab_interfaces/environment/ament_prefix_path.sh
[0.786s] -- Up-to-date: /home/teehee/ros2_ws/install/lab_interfaces/share/lab_interfaces/environment/ament_prefix_path.dsv
[0.786s] -- Up-to-date: /home/teehee/ros2_ws/install/lab_interfaces/share/lab_interfaces/environment/path.sh
[0.786s] -- Up-to-date: /home/teehee/ros2_ws/install/lab_interfaces/share/lab_interfaces/environment/path.dsv
[0.786s] -- Up-to-date: /home/teehee/ros2_ws/install/lab_interfaces/share/lab_interfaces/local_setup.bash
[0.786s] -- Up-to-date: /home/teehee/ros2_ws/install/lab_interfaces/share/lab_interfaces/local_setup.sh
[0.786s] -- Up-to-date: /home/teehee/ros2_ws/install/lab_interfaces/share/lab_interfaces/local_setup.zsh
[0.787s] -- Up-to-date: /home/teehee/ros2_ws/install/lab_interfaces/share/lab_interfaces/local_setup.dsv
[0.787s] -- Installing: /home/teehee/ros2_ws/install/lab_interfaces/share/lab_interfaces/package.dsv
[0.787s] -- Up-to-date: /home/teehee/ros2_ws/install/lab_interfaces/share/ament_index/resource_index/packages/lab_interfaces
[0.787s] -- Up-to-date: /home/teehee/ros2_ws/install/lab_interfaces/share/lab_interfaces/cmake/export_lab_interfaces__rosidl_generator_cExport.cmake
[0.787s] -- Up-to-date: /home/teehee/ros2_ws/install/lab_interfaces/share/lab_interfaces/cmake/export_lab_interfaces__rosidl_generator_cExport-noconfig.cmake
[0.787s] -- Up-to-date: /home/teehee/ros2_ws/install/lab_interfaces/share/lab_interfaces/cmake/export_lab_interfaces__rosidl_typesupport_fastrtps_cExport.cmake
[0.787s] -- Up-to-date: /home/teehee/ros2_ws/install/lab_interfaces/share/lab_interfaces/cmake/export_lab_interfaces__rosidl_typesupport_fastrtps_cExport-noconfig.cmake
[0.788s] -- Up-to-date: /home/teehee/ros2_ws/install/lab_interfaces/share/lab_interfaces/cmake/lab_interfaces__rosidl_typesupport_introspection_cExport.cmake
[0.788s] -- Up-to-date: /home/teehee/ros2_ws/install/lab_interfaces/share/lab_interfaces/cmake/lab_interfaces__rosidl_typesupport_introspection_cExport-noconfig.cmake
[0.788s] -- Up-to-date: /home/teehee/ros2_ws/install/lab_interfaces/share/lab_interfaces/cmake/lab_interfaces__rosidl_typesupport_cExport.cmake
[0.788s] -- Up-to-date: /home/teehee/ros2_ws/install/lab_interfaces/share/lab_interfaces/cmake/lab_interfaces__rosidl_typesupport_cExport-noconfig.cmake
[0.788s] -- Up-to-date: /home/teehee/ros2_ws/install/lab_interfaces/share/lab_interfaces/cmake/export_lab_interfaces__rosidl_generator_cppExport.cmake
[0.788s] -- Up-to-date: /home/teehee/ros2_ws/install/lab_interfaces/share/lab_interfaces/cmake/export_lab_interfaces__rosidl_typesupport_fastrtps_cppExport.cmake
[0.788s] -- Up-to-date: /home/teehee/ros2_ws/install/lab_interfaces/share/lab_interfaces/cmake/export_lab_interfaces__rosidl_typesupport_fastrtps_cppExport-noconfig.cmake
[0.788s] -- Up-to-date: /home/teehee/ros2_ws/install/lab_interfaces/share/lab_interfaces/cmake/lab_interfaces__rosidl_typesupport_introspection_cppExport.cmake
[0.789s] -- Up-to-date: /home/teehee/ros2_ws/install/lab_interfaces/share/lab_interfaces/cmake/lab_interfaces__rosidl_typesupport_introspection_cppExport-noconfig.cmake
[0.789s] -- Up-to-date: /home/teehee/ros2_ws/install/lab_interfaces/share/lab_interfaces/cmake/lab_interfaces__rosidl_typesupport_cppExport.cmake
[0.789s] -- Up-to-date: /home/teehee/ros2_ws/install/lab_interfaces/share/lab_interfaces/cmake/lab_interfaces__rosidl_typesupport_cppExport-noconfig.cmake
[0.789s] -- Up-to-date: /home/teehee/ros2_ws/install/lab_interfaces/share/lab_interfaces/cmake/export_lab_interfaces__rosidl_generator_pyExport.cmake
[0.789s] -- Up-to-date: /home/teehee/ros2_ws/install/lab_interfaces/share/lab_interfaces/cmake/export_lab_interfaces__rosidl_generator_pyExport-noconfig.cmake
[0.789s] -- Up-to-date: /home/teehee/ros2_ws/install/lab_interfaces/share/lab_interfaces/cmake/rosidl_cmake-extras.cmake
[0.789s] -- Up-to-date: /home/teehee/ros2_ws/install/lab_interfaces/share/lab_interfaces/cmake/ament_cmake_export_include_directories-extras.cmake
[0.790s] -- Up-to-date: /home/teehee/ros2_ws/install/lab_interfaces/share/lab_interfaces/cmake/ament_cmake_export_libraries-extras.cmake
[0.790s] -- Up-to-date: /home/teehee/ros2_ws/install/lab_interfaces/share/lab_interfaces/cmake/ament_cmake_export_targets-extras.cmake
[0.790s] -- Up-to-date: /home/teehee/ros2_ws/install/lab_interfaces/share/lab_interfaces/cmake/rosidl_cmake_export_typesupport_targets-extras.cmake
[0.790s] -- Up-to-date: /home/teehee/ros2_ws/install/lab_interfaces/share/lab_interfaces/cmake/ament_cmake_export_dependencies-extras.cmake
[0.790s] -- Up-to-date: /home/teehee/ros2_ws/install/lab_interfaces/share/lab_interfaces/cmake/rosidl_cmake_export_typesupport_libraries-extras.cmake
[0.790s] -- Up-to-date: /home/teehee/ros2_ws/install/lab_interfaces/share/lab_interfaces/cmake/lab_interfacesConfig.cmake
[0.790s] -- Up-to-date: /home/teehee/ros2_ws/install/lab_interfaces/share/lab_interfaces/cmake/lab_interfacesConfig-version.cmake
[0.790s] -- Up-to-date: /home/teehee/ros2_ws/install/lab_interfaces/share/lab_interfaces/package.xml
[0.794s] Invoked command in '/home/teehee/ros2_ws/build/lab_interfaces' returned '0': CMAKE_PREFIX_PATH=${CMAKE_PREFIX_PATH}:/home/teehee/ros2_ws/install/labs_pkg:/home/teehee/ros2_ws/install/example_pkg:/opt/ros/humble /usr/bin/cmake --install /home/teehee/ros2_ws/build/lab_interfaces
