[0.084s] Invoking command in '/home/teehee/ros2_ws/build/labs_bringup': AMENT_PREFIX_PATH=/home/teehee/ros2_ws/install/labs_pkg:/home/teehee/ros2_ws/install/tf2_pkg:/home/teehee/ros2_ws/install/labs_bringup:/home/teehee/ros2_ws/install/lab_exam2_pkg:/home/teehee/ros2_ws/install/lab_interfaces:/home/teehee/ros2_ws/install/example_pkg:/opt/ros/humble CMAKE_PREFIX_PATH=/home/teehee/ros2_ws/install/lab_interfaces:/home/teehee/ros2_ws/install/labs_bringup:/home/teehee/ros2_ws/install/tf2_pkg:/home/teehee/ros2_ws/install/labs_pkg:/home/teehee/ros2_ws/install/lab_exam2_pkg:/home/teehee/ros2_ws/install/example_pkg:/opt/ros/humble PYTHONPATH=/home/teehee/ros2_ws/build/labs_pkg:/home/teehee/ros2_ws/install/labs_pkg/lib/python3.10/site-packages:/home/teehee/ros2_ws/build/tf2_pkg:/home/teehee/ros2_ws/install/tf2_pkg/lib/python3.10/site-packages:/home/teehee/ros2_ws/build/lab_exam2_pkg:/home/teehee/ros2_ws/install/lab_exam2_pkg/lib/python3.10/site-packages:/home/teehee/ros2_ws/install/lab_interfaces/local/lib/python3.10/dist-packages:/home/teehee/ros2_ws/install/example_pkg/lib/python3.10/site-packages:/opt/ros/humble/lib/python3.10/site-packages:/opt/ros/humble/local/lib/python3.10/dist-packages /usr/bin/cmake --build /home/teehee/ros2_ws/build/labs_bringup -- -j4 -l4
[0.192s] Invoked command in '/home/teehee/ros2_ws/build/labs_bringup' returned '0': AMENT_PREFIX_PATH=/home/teehee/ros2_ws/install/labs_pkg:/home/teehee/ros2_ws/install/tf2_pkg:/home/teehee/ros2_ws/install/labs_bringup:/home/teehee/ros2_ws/install/lab_exam2_pkg:/home/teehee/ros2_ws/install/lab_interfaces:/home/teehee/ros2_ws/install/example_pkg:/opt/ros/humble CMAKE_PREFIX_PATH=/home/teehee/ros2_ws/install/lab_interfaces:/home/teehee/ros2_ws/install/labs_bringup:/home/teehee/ros2_ws/install/tf2_pkg:/home/teehee/ros2_ws/install/labs_pkg:/home/teehee/ros2_ws/install/lab_exam2_pkg:/home/teehee/ros2_ws/install/example_pkg:/opt/ros/humble PYTHONPATH=/home/teehee/ros2_ws/build/labs_pkg:/home/teehee/ros2_ws/install/labs_pkg/lib/python3.10/site-packages:/home/teehee/ros2_ws/build/tf2_pkg:/home/teehee/ros2_ws/install/tf2_pkg/lib/python3.10/site-packages:/home/teehee/ros2_ws/build/lab_exam2_pkg:/home/teehee/ros2_ws/install/lab_exam2_pkg/lib/python3.10/site-packages:/home/teehee/ros2_ws/install/lab_interfaces/local/lib/python3.10/dist-packages:/home/teehee/ros2_ws/install/example_pkg/lib/python3.10/site-packages:/opt/ros/humble/lib/python3.10/site-packages:/opt/ros/humble/local/lib/python3.10/dist-packages /usr/bin/cmake --build /home/teehee/ros2_ws/build/labs_bringup -- -j4 -l4
[0.260s] Invoking command in '/home/teehee/ros2_ws/build/labs_bringup': AMENT_PREFIX_PATH=/home/teehee/ros2_ws/install/labs_pkg:/home/teehee/ros2_ws/install/tf2_pkg:/home/teehee/ros2_ws/install/labs_bringup:/home/teehee/ros2_ws/install/lab_exam2_pkg:/home/teehee/ros2_ws/install/lab_interfaces:/home/teehee/ros2_ws/install/example_pkg:/opt/ros/humble CMAKE_PREFIX_PATH=/home/teehee/ros2_ws/install/lab_interfaces:/home/teehee/ros2_ws/install/labs_bringup:/home/teehee/ros2_ws/install/tf2_pkg:/home/teehee/ros2_ws/install/labs_pkg:/home/teehee/ros2_ws/install/lab_exam2_pkg:/home/teehee/ros2_ws/install/example_pkg:/opt/ros/humble PYTHONPATH=/home/teehee/ros2_ws/build/labs_pkg:/home/teehee/ros2_ws/install/labs_pkg/lib/python3.10/site-packages:/home/teehee/ros2_ws/build/tf2_pkg:/home/teehee/ros2_ws/install/tf2_pkg/lib/python3.10/site-packages:/home/teehee/ros2_ws/build/lab_exam2_pkg:/home/teehee/ros2_ws/install/lab_exam2_pkg/lib/python3.10/site-packages:/home/teehee/ros2_ws/install/lab_interfaces/local/lib/python3.10/dist-packages:/home/teehee/ros2_ws/install/example_pkg/lib/python3.10/site-packages:/opt/ros/humble/lib/python3.10/site-packages:/opt/ros/humble/local/lib/python3.10/dist-packages /usr/bin/cmake --install /home/teehee/ros2_ws/build/labs_bringup
[0.269s] -- Install configuration: ""
[0.273s] -- Execute custom install script
[0.275s] -- Up-to-date symlink: /home/teehee/ros2_ws/install/labs_bringup/share/labs_bringup/launch/integer_adder.launch.py
[0.276s] -- Up-to-date symlink: /home/teehee/ros2_ws/install/labs_bringup/share/labs_bringup/launch/lab_ex11.launch.py
[0.276s] -- Up-to-date symlink: /home/teehee/ros2_ws/install/labs_bringup/share/labs_bringup/launch/talker_listener.launch.py
[0.276s] -- Up-to-date symlink: /home/teehee/ros2_ws/install/labs_bringup/share/labs_bringup/launch/talker_listener_basic.launch.py
[0.276s] -- Symlinking: /home/teehee/ros2_ws/install/labs_bringup/share/labs_bringup/launch/tb4_drivesquare.launch.py
[0.289s] -- Symlinking: /home/teehee/ros2_ws/install/labs_bringup/share/labs_bringup/launch/transform_point.launch.py
[0.301s] -- Up-to-date symlink: /home/teehee/ros2_ws/install/labs_bringup/share/labs_bringup/launch/turtlesim_drivesquare.launch.py
[0.301s] -- Up-to-date symlink: /home/teehee/ros2_ws/install/labs_bringup/share/ament_index/resource_index/package_run_dependencies/labs_bringup
[0.303s] -- Up-to-date symlink: /home/teehee/ros2_ws/install/labs_bringup/share/ament_index/resource_index/parent_prefix_path/labs_bringup
[0.303s] -- Up-to-date symlink: /home/teehee/ros2_ws/install/labs_bringup/share/labs_bringup/environment/ament_prefix_path.sh
[0.303s] -- Up-to-date symlink: /home/teehee/ros2_ws/install/labs_bringup/share/labs_bringup/environment/ament_prefix_path.dsv
[0.304s] -- Up-to-date symlink: /home/teehee/ros2_ws/install/labs_bringup/share/labs_bringup/environment/path.sh
[0.304s] -- Up-to-date symlink: /home/teehee/ros2_ws/install/labs_bringup/share/labs_bringup/environment/path.dsv
[0.304s] -- Up-to-date symlink: /home/teehee/ros2_ws/install/labs_bringup/share/labs_bringup/local_setup.bash
[0.304s] -- Up-to-date symlink: /home/teehee/ros2_ws/install/labs_bringup/share/labs_bringup/local_setup.sh
[0.304s] -- Up-to-date symlink: /home/teehee/ros2_ws/install/labs_bringup/share/labs_bringup/local_setup.zsh
[0.304s] -- Up-to-date symlink: /home/teehee/ros2_ws/install/labs_bringup/share/labs_bringup/local_setup.dsv
[0.305s] -- Symlinking: /home/teehee/ros2_ws/install/labs_bringup/share/labs_bringup/package.dsv
[0.319s] -- Up-to-date symlink: /home/teehee/ros2_ws/install/labs_bringup/share/ament_index/resource_index/packages/labs_bringup
[0.319s] -- Up-to-date symlink: /home/teehee/ros2_ws/install/labs_bringup/share/labs_bringup/cmake/labs_bringupConfig.cmake
[0.319s] -- Up-to-date symlink: /home/teehee/ros2_ws/install/labs_bringup/share/labs_bringup/cmake/labs_bringupConfig-version.cmake
[0.319s] -- Up-to-date symlink: /home/teehee/ros2_ws/install/labs_bringup/share/labs_bringup/package.xml
[0.323s] Invoked command in '/home/teehee/ros2_ws/build/labs_bringup' returned '0': AMENT_PREFIX_PATH=/home/teehee/ros2_ws/install/labs_pkg:/home/teehee/ros2_ws/install/tf2_pkg:/home/teehee/ros2_ws/install/labs_bringup:/home/teehee/ros2_ws/install/lab_exam2_pkg:/home/teehee/ros2_ws/install/lab_interfaces:/home/teehee/ros2_ws/install/example_pkg:/opt/ros/humble CMAKE_PREFIX_PATH=/home/teehee/ros2_ws/install/lab_interfaces:/home/teehee/ros2_ws/install/labs_bringup:/home/teehee/ros2_ws/install/tf2_pkg:/home/teehee/ros2_ws/install/labs_pkg:/home/teehee/ros2_ws/install/lab_exam2_pkg:/home/teehee/ros2_ws/install/example_pkg:/opt/ros/humble PYTHONPATH=/home/teehee/ros2_ws/build/labs_pkg:/home/teehee/ros2_ws/install/labs_pkg/lib/python3.10/site-packages:/home/teehee/ros2_ws/build/tf2_pkg:/home/teehee/ros2_ws/install/tf2_pkg/lib/python3.10/site-packages:/home/teehee/ros2_ws/build/lab_exam2_pkg:/home/teehee/ros2_ws/install/lab_exam2_pkg/lib/python3.10/site-packages:/home/teehee/ros2_ws/install/lab_interfaces/local/lib/python3.10/dist-packages:/home/teehee/ros2_ws/install/example_pkg/lib/python3.10/site-packages:/opt/ros/humble/lib/python3.10/site-packages:/opt/ros/humble/local/lib/python3.10/dist-packages /usr/bin/cmake --install /home/teehee/ros2_ws/build/labs_bringup
