[0.071s] Invoking command in '/home/teehee/ros2_ws/build/robot1': CMAKE_PREFIX_PATH=${CMAKE_PREFIX_PATH}:/home/teehee/ros2_ws/install/tf2_pkg:/home/teehee/ros2_ws/install/labs_pkg:/home/teehee/ros2_ws/install/labex6:/home/teehee/ros2_ws/install/lab_exam2_pkg:/home/teehee/ros2_ws/install/example_pkg:/opt/ros/humble /usr/bin/cmake --build /home/teehee/ros2_ws/build/robot1 -- -j4 -l4
[0.137s] -- Found ament_cmake: 1.3.7 (/opt/ros/humble/share/ament_cmake/cmake)
[0.359s] -- Override CMake install command with custom implementation using symlinks instead of copying resources
[0.406s] -- Found ament_lint_auto: 0.12.10 (/opt/ros/humble/share/ament_lint_auto/cmake)
[0.514s] -- Added test 'flake8' to check Python code syntax and style conventions
[0.515s] -- Added test 'lint_cmake' to check CMake code style
[0.515s] -- Added test 'pep257' to check Python code against some of the docstring style conventions in PEP 257
[0.517s] -- Added test 'xmllint' to check XML markup files
[0.524s] -- Configuring done
[0.537s] -- Generating done
[0.539s] -- Build files have been written to: /home/teehee/ros2_ws/build/robot1
[0.570s] Invoked command in '/home/teehee/ros2_ws/build/robot1' returned '0': CMAKE_PREFIX_PATH=${CMAKE_PREFIX_PATH}:/home/teehee/ros2_ws/install/tf2_pkg:/home/teehee/ros2_ws/install/labs_pkg:/home/teehee/ros2_ws/install/labex6:/home/teehee/ros2_ws/install/lab_exam2_pkg:/home/teehee/ros2_ws/install/example_pkg:/opt/ros/humble /usr/bin/cmake --build /home/teehee/ros2_ws/build/robot1 -- -j4 -l4
[0.624s] Invoking command in '/home/teehee/ros2_ws/build/robot1': CMAKE_PREFIX_PATH=${CMAKE_PREFIX_PATH}:/home/teehee/ros2_ws/install/tf2_pkg:/home/teehee/ros2_ws/install/labs_pkg:/home/teehee/ros2_ws/install/labex6:/home/teehee/ros2_ws/install/lab_exam2_pkg:/home/teehee/ros2_ws/install/example_pkg:/opt/ros/humble /usr/bin/cmake --install /home/teehee/ros2_ws/build/robot1
[0.642s] -- Install configuration: ""
[0.642s] -- Execute custom install script
[0.642s] -- Up-to-date symlink: /home/teehee/ros2_ws/install/robot1/share/ament_index/resource_index/package_run_dependencies/robot1
[0.644s] -- Up-to-date symlink: /home/teehee/ros2_ws/install/robot1/share/ament_index/resource_index/parent_prefix_path/robot1
[0.644s] -- Up-to-date symlink: /home/teehee/ros2_ws/install/robot1/share/robot1/environment/ament_prefix_path.sh
[0.644s] -- Up-to-date symlink: /home/teehee/ros2_ws/install/robot1/share/robot1/environment/ament_prefix_path.dsv
[0.645s] -- Up-to-date symlink: /home/teehee/ros2_ws/install/robot1/share/robot1/environment/path.sh
[0.646s] -- Up-to-date symlink: /home/teehee/ros2_ws/install/robot1/share/robot1/environment/path.dsv
[0.646s] -- Up-to-date symlink: /home/teehee/ros2_ws/install/robot1/share/robot1/local_setup.bash
[0.648s] -- Up-to-date symlink: /home/teehee/ros2_ws/install/robot1/share/robot1/local_setup.sh
[0.649s] -- Up-to-date symlink: /home/teehee/ros2_ws/install/robot1/share/robot1/local_setup.zsh
[0.649s] -- Up-to-date symlink: /home/teehee/ros2_ws/install/robot1/share/robot1/local_setup.dsv
[0.649s] -- Symlinking: /home/teehee/ros2_ws/install/robot1/share/robot1/package.dsv
[0.662s] -- Up-to-date symlink: /home/teehee/ros2_ws/install/robot1/share/ament_index/resource_index/packages/robot1
[0.663s] -- Up-to-date symlink: /home/teehee/ros2_ws/install/robot1/share/robot1/cmake/robot1Config.cmake
[0.663s] -- Up-to-date symlink: /home/teehee/ros2_ws/install/robot1/share/robot1/cmake/robot1Config-version.cmake
[0.664s] -- Up-to-date symlink: /home/teehee/ros2_ws/install/robot1/share/robot1/package.xml
[0.665s] -- Up-to-date symlink: /home/teehee/ros2_ws/install/robot1/share/robot1/description/colors.xacro
[0.665s] -- Up-to-date symlink: /home/teehee/ros2_ws/install/robot1/share/robot1/description/inertial.xacro
[0.666s] -- Up-to-date symlink: /home/teehee/ros2_ws/install/robot1/share/robot1/description/robot.urdf.xacro
[0.667s] -- Up-to-date symlink: /home/teehee/ros2_ws/install/robot1/share/robot1/description/robot_core.xacro
[0.669s] [31mCMake Error at ament_cmake_symlink_install/ament_cmake_symlink_install.cmake:100 (message):
[0.669s]   ament_cmake_symlink_install_directory() can't find
[0.669s]   '/home/teehee/ros2_ws/src/robot1/worlds'
[0.669s] Call Stack (most recent call first):
[0.669s]   ament_cmake_symlink_install/ament_cmake_symlink_install.cmake:356 (ament_cmake_symlink_install_directory)
[0.669s]   cmake_install.cmake:46 (include)
[0.669s] 
[0.669s] [0m
[0.670s] -- Up-to-date symlink: /home/teehee/ros2_ws/install/robot1/share/robot1/launch/rsp.launch.py
[0.673s] Invoked command in '/home/teehee/ros2_ws/build/robot1' returned '1': CMAKE_PREFIX_PATH=${CMAKE_PREFIX_PATH}:/home/teehee/ros2_ws/install/tf2_pkg:/home/teehee/ros2_ws/install/labs_pkg:/home/teehee/ros2_ws/install/labex6:/home/teehee/ros2_ws/install/lab_exam2_pkg:/home/teehee/ros2_ws/install/example_pkg:/opt/ros/humble /usr/bin/cmake --install /home/teehee/ros2_ws/build/robot1
