[0.628s] Invoking command in '/home/teehee/ros2_ws/build/labs_pkg': PYTHONPATH=/home/teehee/ros2_ws/build/labs_pkg/prefix_override:/home/teehee/ros2_ws/install/labs_pkg/lib/python3.10/site-packages:${PYTHONPATH} /usr/bin/python3 setup.py develop --editable --build-directory /home/teehee/ros2_ws/build/labs_pkg/build --no-deps install_data
[0.856s] running develop
[0.860s] /usr/lib/python3/dist-packages/setuptools/command/easy_install.py:158: EasyInstallDeprecationWarning: easy_install command is deprecated. Use build and pip and other standards-based tools.
[0.860s]   warnings.warn(
[0.862s] /usr/lib/python3/dist-packages/setuptools/command/install.py:34: SetuptoolsDeprecationWarning: setup.py install is deprecated. Use build and pip and other standards-based tools.
[0.862s]   warnings.warn(
[0.993s] running egg_info
[0.993s] creating labs_pkg.egg-info
[0.994s] writing labs_pkg.egg-info/PKG-INFO
[0.994s] writing dependency_links to labs_pkg.egg-info/dependency_links.txt
[0.994s] writing entry points to labs_pkg.egg-info/entry_points.txt
[0.994s] writing requirements to labs_pkg.egg-info/requires.txt
[0.994s] writing top-level names to labs_pkg.egg-info/top_level.txt
[0.994s] writing manifest file 'labs_pkg.egg-info/SOURCES.txt'
[0.996s] reading manifest file 'labs_pkg.egg-info/SOURCES.txt'
[0.996s] writing manifest file 'labs_pkg.egg-info/SOURCES.txt'
[0.998s] running build_ext
[0.998s] Creating /home/teehee/ros2_ws/install/labs_pkg/lib/python3.10/site-packages/labs-pkg.egg-link (link to .)
[0.999s] Installing my_talker script to /home/teehee/ros2_ws/install/labs_pkg/lib/labs_pkg
[0.999s] 
[0.999s] Installed /home/teehee/ros2_ws/build/labs_pkg
[1.000s] running install_data
[1.000s] creating /home/teehee/ros2_ws/install/labs_pkg/share/ament_index
[1.000s] creating /home/teehee/ros2_ws/install/labs_pkg/share/ament_index/resource_index
[1.000s] creating /home/teehee/ros2_ws/install/labs_pkg/share/ament_index/resource_index/packages
[1.000s] copying resource/labs_pkg -> /home/teehee/ros2_ws/install/labs_pkg/share/ament_index/resource_index/packages
[1.000s] copying package.xml -> /home/teehee/ros2_ws/install/labs_pkg/share/labs_pkg
[1.051s] Invoked command in '/home/teehee/ros2_ws/build/labs_pkg' returned '0': PYTHONPATH=/home/teehee/ros2_ws/build/labs_pkg/prefix_override:/home/teehee/ros2_ws/install/labs_pkg/lib/python3.10/site-packages:${PYTHONPATH} /usr/bin/python3 setup.py develop --editable --build-directory /home/teehee/ros2_ws/build/labs_pkg/build --no-deps install_data
