[0.072s] Invoking command in '/home/teehee/ros2_ws/build/labs_bringup': CMAKE_PREFIX_PATH=${CMAKE_PREFIX_PATH}:/home/teehee/ros2_ws/install/tf2_pkg:/home/teehee/ros2_ws/install/labs_pkg:/home/teehee/ros2_ws/install/lab_exam2_pkg:/home/teehee/ros2_ws/install/example_pkg:/opt/ros/humble PYTHONPATH=/home/teehee/ros2_ws/install/tf2_pkg/lib/python3.10/site-packages:/home/teehee/ros2_ws/build/tf2_pkg:/home/teehee/ros2_ws/build/labs_pkg:/home/teehee/ros2_ws/install/labs_pkg/lib/python3.10/site-packages:/home/teehee/ros2_ws/build/lab_exam2_pkg:/home/teehee/ros2_ws/install/lab_exam2_pkg/lib/python3.10/site-packages:/home/teehee/ros2_ws/install/lab_interfaces/local/lib/python3.10/dist-packages:/home/teehee/ros2_ws/install/example_pkg/lib/python3.10/site-packages:/opt/ros/humble/lib/python3.10/site-packages:/opt/ros/humble/local/lib/python3.10/dist-packages /usr/bin/cmake /home/teehee/ros2_ws/src/labs_bringup -DCMAKE_INSTALL_PREFIX=/home/teehee/ros2_ws/install/labs_bringup
[0.159s] -- The C compiler identification is GNU 11.4.0
[0.229s] -- The CXX compiler identification is GNU 11.4.0
[0.244s] -- Detecting C compiler ABI info
[0.430s] -- Detecting C compiler ABI info - done
[0.441s] -- Check for working C compiler: /usr/bin/cc - skipped
[0.444s] -- Detecting C compile features
[0.447s] -- Detecting C compile features - done
[0.458s] -- Detecting CXX compiler ABI info
[0.612s] -- Detecting CXX compiler ABI info - done
[0.612s] -- Check for working CXX compiler: /usr/bin/c++ - skipped
[0.613s] -- Detecting CXX compile features
[0.614s] -- Detecting CXX compile features - done
[0.617s] -- Found ament_cmake: 1.3.6 (/opt/ros/humble/share/ament_cmake/cmake)
[0.826s] -- Found Python3: /usr/bin/python3.10 (found version "3.10.12") found components: Interpreter 
[0.970s] -- Configuring done
[0.975s] -- Generating done
[0.978s] -- Build files have been written to: /home/teehee/ros2_ws/build/labs_bringup
[1.876s] Invoked command in '/home/teehee/ros2_ws/build/labs_bringup' returned '0': CMAKE_PREFIX_PATH=${CMAKE_PREFIX_PATH}:/home/teehee/ros2_ws/install/tf2_pkg:/home/teehee/ros2_ws/install/labs_pkg:/home/teehee/ros2_ws/install/lab_exam2_pkg:/home/teehee/ros2_ws/install/example_pkg:/opt/ros/humble PYTHONPATH=/home/teehee/ros2_ws/install/tf2_pkg/lib/python3.10/site-packages:/home/teehee/ros2_ws/build/tf2_pkg:/home/teehee/ros2_ws/build/labs_pkg:/home/teehee/ros2_ws/install/labs_pkg/lib/python3.10/site-packages:/home/teehee/ros2_ws/build/lab_exam2_pkg:/home/teehee/ros2_ws/install/lab_exam2_pkg/lib/python3.10/site-packages:/home/teehee/ros2_ws/install/lab_interfaces/local/lib/python3.10/dist-packages:/home/teehee/ros2_ws/install/example_pkg/lib/python3.10/site-packages:/opt/ros/humble/lib/python3.10/site-packages:/opt/ros/humble/local/lib/python3.10/dist-packages /usr/bin/cmake /home/teehee/ros2_ws/src/labs_bringup -DCMAKE_INSTALL_PREFIX=/home/teehee/ros2_ws/install/labs_bringup
[1.876s] Invoking command in '/home/teehee/ros2_ws/build/labs_bringup': CMAKE_PREFIX_PATH=${CMAKE_PREFIX_PATH}:/home/teehee/ros2_ws/install/tf2_pkg:/home/teehee/ros2_ws/install/labs_pkg:/home/teehee/ros2_ws/install/lab_exam2_pkg:/home/teehee/ros2_ws/install/example_pkg:/opt/ros/humble PYTHONPATH=/home/teehee/ros2_ws/install/tf2_pkg/lib/python3.10/site-packages:/home/teehee/ros2_ws/build/tf2_pkg:/home/teehee/ros2_ws/build/labs_pkg:/home/teehee/ros2_ws/install/labs_pkg/lib/python3.10/site-packages:/home/teehee/ros2_ws/build/lab_exam2_pkg:/home/teehee/ros2_ws/install/lab_exam2_pkg/lib/python3.10/site-packages:/home/teehee/ros2_ws/install/lab_interfaces/local/lib/python3.10/dist-packages:/home/teehee/ros2_ws/install/example_pkg/lib/python3.10/site-packages:/opt/ros/humble/lib/python3.10/site-packages:/opt/ros/humble/local/lib/python3.10/dist-packages /usr/bin/cmake --build /home/teehee/ros2_ws/build/labs_bringup -- -j4 -l4
[2.178s] Invoked command in '/home/teehee/ros2_ws/build/labs_bringup' returned '0': CMAKE_PREFIX_PATH=${CMAKE_PREFIX_PATH}:/home/teehee/ros2_ws/install/tf2_pkg:/home/teehee/ros2_ws/install/labs_pkg:/home/teehee/ros2_ws/install/lab_exam2_pkg:/home/teehee/ros2_ws/install/example_pkg:/opt/ros/humble PYTHONPATH=/home/teehee/ros2_ws/install/tf2_pkg/lib/python3.10/site-packages:/home/teehee/ros2_ws/build/tf2_pkg:/home/teehee/ros2_ws/build/labs_pkg:/home/teehee/ros2_ws/install/labs_pkg/lib/python3.10/site-packages:/home/teehee/ros2_ws/build/lab_exam2_pkg:/home/teehee/ros2_ws/install/lab_exam2_pkg/lib/python3.10/site-packages:/home/teehee/ros2_ws/install/lab_interfaces/local/lib/python3.10/dist-packages:/home/teehee/ros2_ws/install/example_pkg/lib/python3.10/site-packages:/opt/ros/humble/lib/python3.10/site-packages:/opt/ros/humble/local/lib/python3.10/dist-packages /usr/bin/cmake --build /home/teehee/ros2_ws/build/labs_bringup -- -j4 -l4
[2.402s] Invoking command in '/home/teehee/ros2_ws/build/labs_bringup': CMAKE_PREFIX_PATH=${CMAKE_PREFIX_PATH}:/home/teehee/ros2_ws/install/tf2_pkg:/home/teehee/ros2_ws/install/labs_pkg:/home/teehee/ros2_ws/install/lab_exam2_pkg:/home/teehee/ros2_ws/install/example_pkg:/opt/ros/humble PYTHONPATH=/home/teehee/ros2_ws/install/tf2_pkg/lib/python3.10/site-packages:/home/teehee/ros2_ws/build/tf2_pkg:/home/teehee/ros2_ws/build/labs_pkg:/home/teehee/ros2_ws/install/labs_pkg/lib/python3.10/site-packages:/home/teehee/ros2_ws/build/lab_exam2_pkg:/home/teehee/ros2_ws/install/lab_exam2_pkg/lib/python3.10/site-packages:/home/teehee/ros2_ws/install/lab_interfaces/local/lib/python3.10/dist-packages:/home/teehee/ros2_ws/install/example_pkg/lib/python3.10/site-packages:/opt/ros/humble/lib/python3.10/site-packages:/opt/ros/humble/local/lib/python3.10/dist-packages /usr/bin/cmake --install /home/teehee/ros2_ws/build/labs_bringup
[2.515s] -- Install configuration: ""
[2.515s] -- Installing: /home/teehee/ros2_ws/install/labs_bringup/share/labs_bringup/launch
[2.515s] -- Installing: /home/teehee/ros2_ws/install/labs_bringup/share/labs_bringup/launch/integer_adder.launch.py
[2.515s] -- Installing: /home/teehee/ros2_ws/install/labs_bringup/share/labs_bringup/launch/talker_listener_basic.launch.py
[2.515s] -- Installing: /home/teehee/ros2_ws/install/labs_bringup/share/labs_bringup/launch/lab_ex11.launch.py
[2.515s] -- Installing: /home/teehee/ros2_ws/install/labs_bringup/share/labs_bringup/launch/ex16.launch.py
[2.515s] -- Installing: /home/teehee/ros2_ws/install/labs_bringup/share/labs_bringup/launch/tb4_drivesquare.launch.py
[2.515s] -- Installing: /home/teehee/ros2_ws/install/labs_bringup/share/labs_bringup/launch/talker_listener.launch.py
[2.524s] -- Installing: /home/teehee/ros2_ws/install/labs_bringup/share/labs_bringup/launch/turtlesim_drivesquare.launch.py
[2.532s] -- Installing: /home/teehee/ros2_ws/install/labs_bringup/share/labs_bringup/launch/transform_point.launch.py
[2.533s] -- Installing: /home/teehee/ros2_ws/install/labs_bringup/share/ament_index/resource_index/package_run_dependencies/labs_bringup
[2.533s] -- Installing: /home/teehee/ros2_ws/install/labs_bringup/share/ament_index/resource_index/parent_prefix_path/labs_bringup
[2.533s] -- Installing: /home/teehee/ros2_ws/install/labs_bringup/share/labs_bringup/environment/ament_prefix_path.sh
[2.533s] -- Installing: /home/teehee/ros2_ws/install/labs_bringup/share/labs_bringup/environment/ament_prefix_path.dsv
[2.533s] -- Installing: /home/teehee/ros2_ws/install/labs_bringup/share/labs_bringup/environment/path.sh
[2.533s] -- Installing: /home/teehee/ros2_ws/install/labs_bringup/share/labs_bringup/environment/path.dsv
[2.533s] -- Installing: /home/teehee/ros2_ws/install/labs_bringup/share/labs_bringup/local_setup.bash
[2.533s] -- Installing: /home/teehee/ros2_ws/install/labs_bringup/share/labs_bringup/local_setup.sh
[2.533s] -- Installing: /home/teehee/ros2_ws/install/labs_bringup/share/labs_bringup/local_setup.zsh
[2.533s] -- Installing: /home/teehee/ros2_ws/install/labs_bringup/share/labs_bringup/local_setup.dsv
[2.534s] -- Installing: /home/teehee/ros2_ws/install/labs_bringup/share/labs_bringup/package.dsv
[2.534s] -- Installing: /home/teehee/ros2_ws/install/labs_bringup/share/ament_index/resource_index/packages/labs_bringup
[2.534s] -- Installing: /home/teehee/ros2_ws/install/labs_bringup/share/labs_bringup/cmake/labs_bringupConfig.cmake
[2.534s] -- Installing: /home/teehee/ros2_ws/install/labs_bringup/share/labs_bringup/cmake/labs_bringupConfig-version.cmake
[2.534s] -- Installing: /home/teehee/ros2_ws/install/labs_bringup/share/labs_bringup/package.xml
[2.751s] Invoked command in '/home/teehee/ros2_ws/build/labs_bringup' returned '0': CMAKE_PREFIX_PATH=${CMAKE_PREFIX_PATH}:/home/teehee/ros2_ws/install/tf2_pkg:/home/teehee/ros2_ws/install/labs_pkg:/home/teehee/ros2_ws/install/lab_exam2_pkg:/home/teehee/ros2_ws/install/example_pkg:/opt/ros/humble PYTHONPATH=/home/teehee/ros2_ws/install/tf2_pkg/lib/python3.10/site-packages:/home/teehee/ros2_ws/build/tf2_pkg:/home/teehee/ros2_ws/build/labs_pkg:/home/teehee/ros2_ws/install/labs_pkg/lib/python3.10/site-packages:/home/teehee/ros2_ws/build/lab_exam2_pkg:/home/teehee/ros2_ws/install/lab_exam2_pkg/lib/python3.10/site-packages:/home/teehee/ros2_ws/install/lab_interfaces/local/lib/python3.10/dist-packages:/home/teehee/ros2_ws/install/example_pkg/lib/python3.10/site-packages:/opt/ros/humble/lib/python3.10/site-packages:/opt/ros/humble/local/lib/python3.10/dist-packages /usr/bin/cmake --install /home/teehee/ros2_ws/build/labs_bringup
