[0.554s] Invoking command in '/home/teehee/ros2_ws/build/labs_pkg': PYTHONPATH=/home/teehee/ros2_ws/build/labs_pkg/prefix_override:/home/teehee/ros2_ws/install/labs_pkg/lib/python3.10/site-packages:${PYTHONPATH} /usr/bin/python3 setup.py develop --editable --build-directory /home/teehee/ros2_ws/build/labs_pkg/build --no-deps install_data
[0.764s] running develop
[0.764s] /usr/lib/python3/dist-packages/setuptools/command/easy_install.py:158: EasyInstallDeprecationWarning: easy_install command is deprecated. Use build and pip and other standards-based tools.
[0.764s]   warnings.warn(
[0.765s] /usr/lib/python3/dist-packages/setuptools/command/install.py:34: SetuptoolsDeprecationWarning: setup.py install is deprecated. Use build and pip and other standards-based tools.
[0.765s]   warnings.warn(
[0.892s] running egg_info
[0.892s] writing labs_pkg.egg-info/PKG-INFO
[0.893s] writing dependency_links to labs_pkg.egg-info/dependency_links.txt
[0.893s] writing entry points to labs_pkg.egg-info/entry_points.txt
[0.894s] writing requirements to labs_pkg.egg-info/requires.txt
[0.894s] writing top-level names to labs_pkg.egg-info/top_level.txt
[0.896s] reading manifest file 'labs_pkg.egg-info/SOURCES.txt'
[0.897s] writing manifest file 'labs_pkg.egg-info/SOURCES.txt'
[0.898s] running build_ext
[0.898s] Creating /home/teehee/ros2_ws/install/labs_pkg/lib/python3.10/site-packages/labs-pkg.egg-link (link to .)
[0.899s] Installing cumulative_adder script to /home/teehee/ros2_ws/install/labs_pkg/lib/labs_pkg
[0.899s] Installing integer_publisher script to /home/teehee/ros2_ws/install/labs_pkg/lib/labs_pkg
[0.899s] 
[0.899s] Installed /home/teehee/ros2_ws/build/labs_pkg
[0.899s] running install_data
[0.941s] Invoked command in '/home/teehee/ros2_ws/build/labs_pkg' returned '0': PYTHONPATH=/home/teehee/ros2_ws/build/labs_pkg/prefix_override:/home/teehee/ros2_ws/install/labs_pkg/lib/python3.10/site-packages:${PYTHONPATH} /usr/bin/python3 setup.py develop --editable --build-directory /home/teehee/ros2_ws/build/labs_pkg/build --no-deps install_data
