[0.402s] DEBUG:colcon:Command line arguments: ['/usr/bin/colcon', 'build', '--packages-select', 'robot1', '--symlink-install']
[0.402s] DEBUG:colcon:Parsed command line arguments: Namespace(log_base=None, log_level=None, verb_name='build', build_base='build', install_base='install', merge_install=False, symlink_install=True, test_result_base=None, continue_on_error=False, executor='parallel', parallel_workers=4, event_handlers=None, ignore_user_meta=False, metas=['./colcon.meta'], base_paths=['.'], packages_ignore=None, packages_ignore_regex=None, paths=None, packages_up_to=None, packages_up_to_regex=None, packages_above=None, packages_above_and_dependencies=None, packages_above_depth=None, packages_select_by_dep=None, packages_skip_by_dep=None, packages_skip_up_to=None, packages_select_build_failed=False, packages_skip_build_finished=False, packages_select_test_failures=False, packages_skip_test_passed=False, packages_select=['robot1'], packages_skip=None, packages_select_regex=None, packages_skip_regex=None, packages_start=None, packages_end=None, allow_overriding=[], cmake_args=None, cmake_target=None, cmake_target_skip_unavailable=False, cmake_clean_cache=False, cmake_clean_first=False, cmake_force_configure=False, ament_cmake_args=None, catkin_cmake_args=None, catkin_skip_building_tests=False, verb_parser=<colcon_defaults.argument_parser.defaults.DefaultArgumentsDecorator object at 0x7f0d2a7d7040>, verb_extension=<colcon_core.verb.build.BuildVerb object at 0x7f0d2abb7820>, main=<bound method BuildVerb.main of <colcon_core.verb.build.BuildVerb object at 0x7f0d2abb7820>>)
[0.422s] Level 1:colcon.colcon_core.package_discovery:discover_packages(colcon_meta) check parameters
[0.422s] Level 1:colcon.colcon_core.package_discovery:discover_packages(recursive) check parameters
[0.422s] Level 1:colcon.colcon_core.package_discovery:discover_packages(ignore) check parameters
[0.422s] Level 1:colcon.colcon_core.package_discovery:discover_packages(path) check parameters
[0.422s] Level 1:colcon.colcon_core.package_discovery:discover_packages(colcon_meta) discover
[0.422s] Level 1:colcon.colcon_core.package_discovery:discover_packages(recursive) discover
[0.422s] INFO:colcon.colcon_core.package_discovery:Crawling recursively for packages in '/home/teehee/ros2_ws'
[0.422s] Level 1:colcon.colcon_core.package_identification:_identify(.) by extensions ['ignore', 'ignore_ament_install']
[0.422s] Level 1:colcon.colcon_core.package_identification:_identify(.) by extension 'ignore'
[0.423s] Level 1:colcon.colcon_core.package_identification:_identify(.) by extension 'ignore_ament_install'
[0.423s] Level 1:colcon.colcon_core.package_identification:_identify(.) by extensions ['colcon_pkg']
[0.423s] Level 1:colcon.colcon_core.package_identification:_identify(.) by extension 'colcon_pkg'
[0.423s] Level 1:colcon.colcon_core.package_identification:_identify(.) by extensions ['colcon_meta']
[0.423s] Level 1:colcon.colcon_core.package_identification:_identify(.) by extension 'colcon_meta'
[0.423s] Level 1:colcon.colcon_core.package_identification:_identify(.) by extensions ['ros']
[0.423s] Level 1:colcon.colcon_core.package_identification:_identify(.) by extension 'ros'
[0.428s] Level 1:colcon.colcon_core.package_identification:_identify(.) by extensions ['cmake', 'python']
[0.429s] Level 1:colcon.colcon_core.package_identification:_identify(.) by extension 'cmake'
[0.429s] Level 1:colcon.colcon_core.package_identification:_identify(.) by extension 'python'
[0.429s] Level 1:colcon.colcon_core.package_identification:_identify(.) by extensions ['python_setup_py']
[0.429s] Level 1:colcon.colcon_core.package_identification:_identify(.) by extension 'python_setup_py'
[0.429s] Level 1:colcon.colcon_core.package_identification:_identify(build) by extensions ['ignore', 'ignore_ament_install']
[0.429s] Level 1:colcon.colcon_core.package_identification:_identify(build) by extension 'ignore'
[0.429s] Level 1:colcon.colcon_core.package_identification:_identify(build) ignored
[0.429s] Level 1:colcon.colcon_core.package_identification:_identify(install) by extensions ['ignore', 'ignore_ament_install']
[0.429s] Level 1:colcon.colcon_core.package_identification:_identify(install) by extension 'ignore'
[0.429s] Level 1:colcon.colcon_core.package_identification:_identify(install) ignored
[0.429s] Level 1:colcon.colcon_core.package_identification:_identify(log) by extensions ['ignore', 'ignore_ament_install']
[0.429s] Level 1:colcon.colcon_core.package_identification:_identify(log) by extension 'ignore'
[0.429s] Level 1:colcon.colcon_core.package_identification:_identify(log) ignored
[0.429s] Level 1:colcon.colcon_core.package_identification:_identify(src) by extensions ['ignore', 'ignore_ament_install']
[0.429s] Level 1:colcon.colcon_core.package_identification:_identify(src) by extension 'ignore'
[0.429s] Level 1:colcon.colcon_core.package_identification:_identify(src) by extension 'ignore_ament_install'
[0.429s] Level 1:colcon.colcon_core.package_identification:_identify(src) by extensions ['colcon_pkg']
[0.429s] Level 1:colcon.colcon_core.package_identification:_identify(src) by extension 'colcon_pkg'
[0.429s] Level 1:colcon.colcon_core.package_identification:_identify(src) by extensions ['colcon_meta']
[0.429s] Level 1:colcon.colcon_core.package_identification:_identify(src) by extension 'colcon_meta'
[0.429s] Level 1:colcon.colcon_core.package_identification:_identify(src) by extensions ['ros']
[0.429s] Level 1:colcon.colcon_core.package_identification:_identify(src) by extension 'ros'
[0.429s] Level 1:colcon.colcon_core.package_identification:_identify(src) by extensions ['cmake', 'python']
[0.429s] Level 1:colcon.colcon_core.package_identification:_identify(src) by extension 'cmake'
[0.429s] Level 1:colcon.colcon_core.package_identification:_identify(src) by extension 'python'
[0.430s] Level 1:colcon.colcon_core.package_identification:_identify(src) by extensions ['python_setup_py']
[0.430s] Level 1:colcon.colcon_core.package_identification:_identify(src) by extension 'python_setup_py'
[0.430s] Level 1:colcon.colcon_core.package_identification:_identify(src/exercise_2_1) by extensions ['ignore', 'ignore_ament_install']
[0.430s] Level 1:colcon.colcon_core.package_identification:_identify(src/exercise_2_1) by extension 'ignore'
[0.430s] Level 1:colcon.colcon_core.package_identification:_identify(src/exercise_2_1) by extension 'ignore_ament_install'
[0.430s] Level 1:colcon.colcon_core.package_identification:_identify(src/exercise_2_1) by extensions ['colcon_pkg']
[0.430s] Level 1:colcon.colcon_core.package_identification:_identify(src/exercise_2_1) by extension 'colcon_pkg'
[0.430s] Level 1:colcon.colcon_core.package_identification:_identify(src/exercise_2_1) by extensions ['colcon_meta']
[0.430s] Level 1:colcon.colcon_core.package_identification:_identify(src/exercise_2_1) by extension 'colcon_meta'
[0.430s] Level 1:colcon.colcon_core.package_identification:_identify(src/exercise_2_1) by extensions ['ros']
[0.430s] Level 1:colcon.colcon_core.package_identification:_identify(src/exercise_2_1) by extension 'ros'
[0.431s] DEBUG:colcon.colcon_core.package_identification:Package 'src/exercise_2_1' with type 'ros.ament_cmake' and name 'exercise_2_1'
[0.431s] Level 1:colcon.colcon_core.package_identification:_identify(src/exercise_2_2) by extensions ['ignore', 'ignore_ament_install']
[0.431s] Level 1:colcon.colcon_core.package_identification:_identify(src/exercise_2_2) by extension 'ignore'
[0.431s] Level 1:colcon.colcon_core.package_identification:_identify(src/exercise_2_2) by extension 'ignore_ament_install'
[0.431s] Level 1:colcon.colcon_core.package_identification:_identify(src/exercise_2_2) by extensions ['colcon_pkg']
[0.431s] Level 1:colcon.colcon_core.package_identification:_identify(src/exercise_2_2) by extension 'colcon_pkg'
[0.431s] Level 1:colcon.colcon_core.package_identification:_identify(src/exercise_2_2) by extensions ['colcon_meta']
[0.431s] Level 1:colcon.colcon_core.package_identification:_identify(src/exercise_2_2) by extension 'colcon_meta'
[0.431s] Level 1:colcon.colcon_core.package_identification:_identify(src/exercise_2_2) by extensions ['ros']
[0.431s] Level 1:colcon.colcon_core.package_identification:_identify(src/exercise_2_2) by extension 'ros'
[0.432s] DEBUG:colcon.colcon_core.package_identification:Package 'src/exercise_2_2' with type 'ros.ament_cmake' and name 'exercise_2_2'
[0.432s] Level 1:colcon.colcon_core.package_identification:_identify(src/robot1) by extensions ['ignore', 'ignore_ament_install']
[0.432s] Level 1:colcon.colcon_core.package_identification:_identify(src/robot1) by extension 'ignore'
[0.432s] Level 1:colcon.colcon_core.package_identification:_identify(src/robot1) by extension 'ignore_ament_install'
[0.432s] Level 1:colcon.colcon_core.package_identification:_identify(src/robot1) by extensions ['colcon_pkg']
[0.432s] Level 1:colcon.colcon_core.package_identification:_identify(src/robot1) by extension 'colcon_pkg'
[0.432s] Level 1:colcon.colcon_core.package_identification:_identify(src/robot1) by extensions ['colcon_meta']
[0.432s] Level 1:colcon.colcon_core.package_identification:_identify(src/robot1) by extension 'colcon_meta'
[0.432s] Level 1:colcon.colcon_core.package_identification:_identify(src/robot1) by extensions ['ros']
[0.432s] Level 1:colcon.colcon_core.package_identification:_identify(src/robot1) by extension 'ros'
[0.432s] DEBUG:colcon.colcon_core.package_identification:Package 'src/robot1' with type 'ros.ament_cmake' and name 'robot1'
[0.432s] Level 1:colcon.colcon_core.package_identification:_identify(src/urdf_example) by extensions ['ignore', 'ignore_ament_install']
[0.432s] Level 1:colcon.colcon_core.package_identification:_identify(src/urdf_example) by extension 'ignore'
[0.432s] Level 1:colcon.colcon_core.package_identification:_identify(src/urdf_example) by extension 'ignore_ament_install'
[0.432s] Level 1:colcon.colcon_core.package_identification:_identify(src/urdf_example) by extensions ['colcon_pkg']
[0.432s] Level 1:colcon.colcon_core.package_identification:_identify(src/urdf_example) by extension 'colcon_pkg'
[0.432s] Level 1:colcon.colcon_core.package_identification:_identify(src/urdf_example) by extensions ['colcon_meta']
[0.432s] Level 1:colcon.colcon_core.package_identification:_identify(src/urdf_example) by extension 'colcon_meta'
[0.433s] Level 1:colcon.colcon_core.package_identification:_identify(src/urdf_example) by extensions ['ros']
[0.433s] Level 1:colcon.colcon_core.package_identification:_identify(src/urdf_example) by extension 'ros'
[0.433s] DEBUG:colcon.colcon_core.package_identification:Package 'src/urdf_example' with type 'ros.ament_cmake' and name 'urdf_example'
[0.433s] Level 1:colcon.colcon_core.package_identification:_identify(src(1)) by extensions ['ignore', 'ignore_ament_install']
[0.433s] Level 1:colcon.colcon_core.package_identification:_identify(src(1)) by extension 'ignore'
[0.433s] Level 1:colcon.colcon_core.package_identification:_identify(src(1)) by extension 'ignore_ament_install'
[0.433s] Level 1:colcon.colcon_core.package_identification:_identify(src(1)) by extensions ['colcon_pkg']
[0.433s] Level 1:colcon.colcon_core.package_identification:_identify(src(1)) by extension 'colcon_pkg'
[0.433s] Level 1:colcon.colcon_core.package_identification:_identify(src(1)) by extensions ['colcon_meta']
[0.433s] Level 1:colcon.colcon_core.package_identification:_identify(src(1)) by extension 'colcon_meta'
[0.433s] Level 1:colcon.colcon_core.package_identification:_identify(src(1)) by extensions ['ros']
[0.433s] Level 1:colcon.colcon_core.package_identification:_identify(src(1)) by extension 'ros'
[0.433s] Level 1:colcon.colcon_core.package_identification:_identify(src(1)) by extensions ['cmake', 'python']
[0.433s] Level 1:colcon.colcon_core.package_identification:_identify(src(1)) by extension 'cmake'
[0.433s] Level 1:colcon.colcon_core.package_identification:_identify(src(1)) by extension 'python'
[0.433s] Level 1:colcon.colcon_core.package_identification:_identify(src(1)) by extensions ['python_setup_py']
[0.433s] Level 1:colcon.colcon_core.package_identification:_identify(src(1)) by extension 'python_setup_py'
[0.433s] Level 1:colcon.colcon_core.package_identification:_identify(src(1)/example_pkg) by extensions ['ignore', 'ignore_ament_install']
[0.433s] Level 1:colcon.colcon_core.package_identification:_identify(src(1)/example_pkg) by extension 'ignore'
[0.433s] Level 1:colcon.colcon_core.package_identification:_identify(src(1)/example_pkg) by extension 'ignore_ament_install'
[0.433s] Level 1:colcon.colcon_core.package_identification:_identify(src(1)/example_pkg) by extensions ['colcon_pkg']
[0.433s] Level 1:colcon.colcon_core.package_identification:_identify(src(1)/example_pkg) by extension 'colcon_pkg'
[0.433s] Level 1:colcon.colcon_core.package_identification:_identify(src(1)/example_pkg) by extensions ['colcon_meta']
[0.433s] Level 1:colcon.colcon_core.package_identification:_identify(src(1)/example_pkg) by extension 'colcon_meta'
[0.433s] Level 1:colcon.colcon_core.package_identification:_identify(src(1)/example_pkg) by extensions ['ros']
[0.433s] Level 1:colcon.colcon_core.package_identification:_identify(src(1)/example_pkg) by extension 'ros'
[0.434s] DEBUG:colcon.colcon_core.package_identification:Package 'src(1)/example_pkg' with type 'ros.ament_python' and name 'example_pkg'
[0.434s] Level 1:colcon.colcon_core.package_identification:_identify(src(1)/exercise_3_4) by extensions ['ignore', 'ignore_ament_install']
[0.434s] Level 1:colcon.colcon_core.package_identification:_identify(src(1)/exercise_3_4) by extension 'ignore'
[0.434s] Level 1:colcon.colcon_core.package_identification:_identify(src(1)/exercise_3_4) by extension 'ignore_ament_install'
[0.434s] Level 1:colcon.colcon_core.package_identification:_identify(src(1)/exercise_3_4) by extensions ['colcon_pkg']
[0.434s] Level 1:colcon.colcon_core.package_identification:_identify(src(1)/exercise_3_4) by extension 'colcon_pkg'
[0.434s] Level 1:colcon.colcon_core.package_identification:_identify(src(1)/exercise_3_4) by extensions ['colcon_meta']
[0.434s] Level 1:colcon.colcon_core.package_identification:_identify(src(1)/exercise_3_4) by extension 'colcon_meta'
[0.434s] Level 1:colcon.colcon_core.package_identification:_identify(src(1)/exercise_3_4) by extensions ['ros']
[0.434s] Level 1:colcon.colcon_core.package_identification:_identify(src(1)/exercise_3_4) by extension 'ros'
[0.434s] DEBUG:colcon.colcon_core.package_identification:Package 'src(1)/exercise_3_4' with type 'ros.ament_cmake' and name 'exercise_3_4'
[0.434s] Level 1:colcon.colcon_core.package_identification:_identify(src(1)/exersice_2_1) by extensions ['ignore', 'ignore_ament_install']
[0.434s] Level 1:colcon.colcon_core.package_identification:_identify(src(1)/exersice_2_1) by extension 'ignore'
[0.434s] Level 1:colcon.colcon_core.package_identification:_identify(src(1)/exersice_2_1) by extension 'ignore_ament_install'
[0.434s] Level 1:colcon.colcon_core.package_identification:_identify(src(1)/exersice_2_1) by extensions ['colcon_pkg']
[0.434s] Level 1:colcon.colcon_core.package_identification:_identify(src(1)/exersice_2_1) by extension 'colcon_pkg'
[0.434s] Level 1:colcon.colcon_core.package_identification:_identify(src(1)/exersice_2_1) by extensions ['colcon_meta']
[0.434s] Level 1:colcon.colcon_core.package_identification:_identify(src(1)/exersice_2_1) by extension 'colcon_meta'
[0.434s] Level 1:colcon.colcon_core.package_identification:_identify(src(1)/exersice_2_1) by extensions ['ros']
[0.434s] Level 1:colcon.colcon_core.package_identification:_identify(src(1)/exersice_2_1) by extension 'ros'
[0.435s] DEBUG:colcon.colcon_core.package_identification:Package 'src(1)/exersice_2_1' with type 'ros.ament_cmake' and name 'exersice_2_1'
[0.435s] Level 1:colcon.colcon_core.package_identification:_identify(src(1)/exersice_2_2) by extensions ['ignore', 'ignore_ament_install']
[0.435s] Level 1:colcon.colcon_core.package_identification:_identify(src(1)/exersice_2_2) by extension 'ignore'
[0.435s] Level 1:colcon.colcon_core.package_identification:_identify(src(1)/exersice_2_2) by extension 'ignore_ament_install'
[0.435s] Level 1:colcon.colcon_core.package_identification:_identify(src(1)/exersice_2_2) by extensions ['colcon_pkg']
[0.435s] Level 1:colcon.colcon_core.package_identification:_identify(src(1)/exersice_2_2) by extension 'colcon_pkg'
[0.435s] Level 1:colcon.colcon_core.package_identification:_identify(src(1)/exersice_2_2) by extensions ['colcon_meta']
[0.435s] Level 1:colcon.colcon_core.package_identification:_identify(src(1)/exersice_2_2) by extension 'colcon_meta'
[0.435s] Level 1:colcon.colcon_core.package_identification:_identify(src(1)/exersice_2_2) by extensions ['ros']
[0.435s] Level 1:colcon.colcon_core.package_identification:_identify(src(1)/exersice_2_2) by extension 'ros'
[0.435s] DEBUG:colcon.colcon_core.package_identification:Package 'src(1)/exersice_2_2' with type 'ros.ament_cmake' and name 'exersice_2_2'
[0.435s] Level 1:colcon.colcon_core.package_identification:_identify(src(1)/lab2urdf) by extensions ['ignore', 'ignore_ament_install']
[0.435s] Level 1:colcon.colcon_core.package_identification:_identify(src(1)/lab2urdf) by extension 'ignore'
[0.435s] Level 1:colcon.colcon_core.package_identification:_identify(src(1)/lab2urdf) by extension 'ignore_ament_install'
[0.435s] Level 1:colcon.colcon_core.package_identification:_identify(src(1)/lab2urdf) by extensions ['colcon_pkg']
[0.435s] Level 1:colcon.colcon_core.package_identification:_identify(src(1)/lab2urdf) by extension 'colcon_pkg'
[0.435s] Level 1:colcon.colcon_core.package_identification:_identify(src(1)/lab2urdf) by extensions ['colcon_meta']
[0.435s] Level 1:colcon.colcon_core.package_identification:_identify(src(1)/lab2urdf) by extension 'colcon_meta'
[0.435s] Level 1:colcon.colcon_core.package_identification:_identify(src(1)/lab2urdf) by extensions ['ros']
[0.435s] Level 1:colcon.colcon_core.package_identification:_identify(src(1)/lab2urdf) by extension 'ros'
[0.436s] DEBUG:colcon.colcon_core.package_identification:Package 'src(1)/lab2urdf' with type 'ros.ament_cmake' and name 'lab2urdf'
[0.436s] Level 1:colcon.colcon_core.package_identification:_identify(src(1)/lab_exam2_pkg) by extensions ['ignore', 'ignore_ament_install']
[0.436s] Level 1:colcon.colcon_core.package_identification:_identify(src(1)/lab_exam2_pkg) by extension 'ignore'
[0.436s] Level 1:colcon.colcon_core.package_identification:_identify(src(1)/lab_exam2_pkg) by extension 'ignore_ament_install'
[0.436s] Level 1:colcon.colcon_core.package_identification:_identify(src(1)/lab_exam2_pkg) by extensions ['colcon_pkg']
[0.436s] Level 1:colcon.colcon_core.package_identification:_identify(src(1)/lab_exam2_pkg) by extension 'colcon_pkg'
[0.436s] Level 1:colcon.colcon_core.package_identification:_identify(src(1)/lab_exam2_pkg) by extensions ['colcon_meta']
[0.436s] Level 1:colcon.colcon_core.package_identification:_identify(src(1)/lab_exam2_pkg) by extension 'colcon_meta'
[0.436s] Level 1:colcon.colcon_core.package_identification:_identify(src(1)/lab_exam2_pkg) by extensions ['ros']
[0.436s] Level 1:colcon.colcon_core.package_identification:_identify(src(1)/lab_exam2_pkg) by extension 'ros'
[0.436s] DEBUG:colcon.colcon_core.package_identification:Package 'src(1)/lab_exam2_pkg' with type 'ros.ament_python' and name 'lab_exam2_pkg'
[0.437s] Level 1:colcon.colcon_core.package_identification:_identify(src(1)/lab_interfaces) by extensions ['ignore', 'ignore_ament_install']
[0.437s] Level 1:colcon.colcon_core.package_identification:_identify(src(1)/lab_interfaces) by extension 'ignore'
[0.437s] Level 1:colcon.colcon_core.package_identification:_identify(src(1)/lab_interfaces) by extension 'ignore_ament_install'
[0.437s] Level 1:colcon.colcon_core.package_identification:_identify(src(1)/lab_interfaces) by extensions ['colcon_pkg']
[0.437s] Level 1:colcon.colcon_core.package_identification:_identify(src(1)/lab_interfaces) by extension 'colcon_pkg'
[0.437s] Level 1:colcon.colcon_core.package_identification:_identify(src(1)/lab_interfaces) by extensions ['colcon_meta']
[0.437s] Level 1:colcon.colcon_core.package_identification:_identify(src(1)/lab_interfaces) by extension 'colcon_meta'
[0.437s] Level 1:colcon.colcon_core.package_identification:_identify(src(1)/lab_interfaces) by extensions ['ros']
[0.437s] Level 1:colcon.colcon_core.package_identification:_identify(src(1)/lab_interfaces) by extension 'ros'
[0.437s] DEBUG:colcon.colcon_core.package_identification:Package 'src(1)/lab_interfaces' with type 'ros.ament_cmake' and name 'lab_interfaces'
[0.437s] Level 1:colcon.colcon_core.package_identification:_identify(src(1)/labex6) by extensions ['ignore', 'ignore_ament_install']
[0.437s] Level 1:colcon.colcon_core.package_identification:_identify(src(1)/labex6) by extension 'ignore'
[0.437s] Level 1:colcon.colcon_core.package_identification:_identify(src(1)/labex6) by extension 'ignore_ament_install'
[0.437s] Level 1:colcon.colcon_core.package_identification:_identify(src(1)/labex6) by extensions ['colcon_pkg']
[0.437s] Level 1:colcon.colcon_core.package_identification:_identify(src(1)/labex6) by extension 'colcon_pkg'
[0.437s] Level 1:colcon.colcon_core.package_identification:_identify(src(1)/labex6) by extensions ['colcon_meta']
[0.437s] Level 1:colcon.colcon_core.package_identification:_identify(src(1)/labex6) by extension 'colcon_meta'
[0.437s] Level 1:colcon.colcon_core.package_identification:_identify(src(1)/labex6) by extensions ['ros']
[0.437s] Level 1:colcon.colcon_core.package_identification:_identify(src(1)/labex6) by extension 'ros'
[0.438s] DEBUG:colcon.colcon_core.package_identification:Package 'src(1)/labex6' with type 'ros.ament_python' and name 'labex6'
[0.438s] Level 1:colcon.colcon_core.package_identification:_identify(src(1)/labs_bringup) by extensions ['ignore', 'ignore_ament_install']
[0.438s] Level 1:colcon.colcon_core.package_identification:_identify(src(1)/labs_bringup) by extension 'ignore'
[0.438s] Level 1:colcon.colcon_core.package_identification:_identify(src(1)/labs_bringup) by extension 'ignore_ament_install'
[0.438s] Level 1:colcon.colcon_core.package_identification:_identify(src(1)/labs_bringup) by extensions ['colcon_pkg']
[0.438s] Level 1:colcon.colcon_core.package_identification:_identify(src(1)/labs_bringup) by extension 'colcon_pkg'
[0.438s] Level 1:colcon.colcon_core.package_identification:_identify(src(1)/labs_bringup) by extensions ['colcon_meta']
[0.438s] Level 1:colcon.colcon_core.package_identification:_identify(src(1)/labs_bringup) by extension 'colcon_meta'
[0.438s] Level 1:colcon.colcon_core.package_identification:_identify(src(1)/labs_bringup) by extensions ['ros']
[0.438s] Level 1:colcon.colcon_core.package_identification:_identify(src(1)/labs_bringup) by extension 'ros'
[0.438s] DEBUG:colcon.colcon_core.package_identification:Package 'src(1)/labs_bringup' with type 'ros.ament_cmake' and name 'labs_bringup'
[0.438s] Level 1:colcon.colcon_core.package_identification:_identify(src(1)/labs_pkg) by extensions ['ignore', 'ignore_ament_install']
[0.438s] Level 1:colcon.colcon_core.package_identification:_identify(src(1)/labs_pkg) by extension 'ignore'
[0.438s] Level 1:colcon.colcon_core.package_identification:_identify(src(1)/labs_pkg) by extension 'ignore_ament_install'
[0.439s] Level 1:colcon.colcon_core.package_identification:_identify(src(1)/labs_pkg) by extensions ['colcon_pkg']
[0.439s] Level 1:colcon.colcon_core.package_identification:_identify(src(1)/labs_pkg) by extension 'colcon_pkg'
[0.439s] Level 1:colcon.colcon_core.package_identification:_identify(src(1)/labs_pkg) by extensions ['colcon_meta']
[0.439s] Level 1:colcon.colcon_core.package_identification:_identify(src(1)/labs_pkg) by extension 'colcon_meta'
[0.439s] Level 1:colcon.colcon_core.package_identification:_identify(src(1)/labs_pkg) by extensions ['ros']
[0.439s] Level 1:colcon.colcon_core.package_identification:_identify(src(1)/labs_pkg) by extension 'ros'
[0.439s] DEBUG:colcon.colcon_core.package_identification:Package 'src(1)/labs_pkg' with type 'ros.ament_python' and name 'labs_pkg'
[0.439s] Level 1:colcon.colcon_core.package_identification:_identify(src(1)/robot1) by extensions ['ignore', 'ignore_ament_install']
[0.439s] Level 1:colcon.colcon_core.package_identification:_identify(src(1)/robot1) by extension 'ignore'
[0.439s] Level 1:colcon.colcon_core.package_identification:_identify(src(1)/robot1) by extension 'ignore_ament_install'
[0.439s] Level 1:colcon.colcon_core.package_identification:_identify(src(1)/robot1) by extensions ['colcon_pkg']
[0.439s] Level 1:colcon.colcon_core.package_identification:_identify(src(1)/robot1) by extension 'colcon_pkg'
[0.439s] Level 1:colcon.colcon_core.package_identification:_identify(src(1)/robot1) by extensions ['colcon_meta']
[0.439s] Level 1:colcon.colcon_core.package_identification:_identify(src(1)/robot1) by extension 'colcon_meta'
[0.439s] Level 1:colcon.colcon_core.package_identification:_identify(src(1)/robot1) by extensions ['ros']
[0.439s] Level 1:colcon.colcon_core.package_identification:_identify(src(1)/robot1) by extension 'ros'
[0.439s] DEBUG:colcon.colcon_core.package_identification:Package 'src(1)/robot1' with type 'ros.ament_cmake' and name 'robot1'
[0.440s] Level 1:colcon.colcon_core.package_identification:_identify(src(1)/tf2_pkg) by extensions ['ignore', 'ignore_ament_install']
[0.440s] Level 1:colcon.colcon_core.package_identification:_identify(src(1)/tf2_pkg) by extension 'ignore'
[0.440s] Level 1:colcon.colcon_core.package_identification:_identify(src(1)/tf2_pkg) by extension 'ignore_ament_install'
[0.440s] Level 1:colcon.colcon_core.package_identification:_identify(src(1)/tf2_pkg) by extensions ['colcon_pkg']
[0.440s] Level 1:colcon.colcon_core.package_identification:_identify(src(1)/tf2_pkg) by extension 'colcon_pkg'
[0.440s] Level 1:colcon.colcon_core.package_identification:_identify(src(1)/tf2_pkg) by extensions ['colcon_meta']
[0.440s] Level 1:colcon.colcon_core.package_identification:_identify(src(1)/tf2_pkg) by extension 'colcon_meta'
[0.440s] Level 1:colcon.colcon_core.package_identification:_identify(src(1)/tf2_pkg) by extensions ['ros']
[0.440s] Level 1:colcon.colcon_core.package_identification:_identify(src(1)/tf2_pkg) by extension 'ros'
[0.440s] DEBUG:colcon.colcon_core.package_identification:Package 'src(1)/tf2_pkg' with type 'ros.ament_python' and name 'tf2_pkg'
[0.440s] Level 1:colcon.colcon_core.package_identification:_identify(src(1)/urdf_example) by extensions ['ignore', 'ignore_ament_install']
[0.440s] Level 1:colcon.colcon_core.package_identification:_identify(src(1)/urdf_example) by extension 'ignore'
[0.440s] Level 1:colcon.colcon_core.package_identification:_identify(src(1)/urdf_example) by extension 'ignore_ament_install'
[0.440s] Level 1:colcon.colcon_core.package_identification:_identify(src(1)/urdf_example) by extensions ['colcon_pkg']
[0.440s] Level 1:colcon.colcon_core.package_identification:_identify(src(1)/urdf_example) by extension 'colcon_pkg'
[0.440s] Level 1:colcon.colcon_core.package_identification:_identify(src(1)/urdf_example) by extensions ['colcon_meta']
[0.440s] Level 1:colcon.colcon_core.package_identification:_identify(src(1)/urdf_example) by extension 'colcon_meta'
[0.440s] Level 1:colcon.colcon_core.package_identification:_identify(src(1)/urdf_example) by extensions ['ros']
[0.440s] Level 1:colcon.colcon_core.package_identification:_identify(src(1)/urdf_example) by extension 'ros'
[0.441s] DEBUG:colcon.colcon_core.package_identification:Package 'src(1)/urdf_example' with type 'ros.ament_cmake' and name 'urdf_example'
[0.441s] Level 1:colcon.colcon_core.package_discovery:discover_packages(recursive) using defaults
[0.441s] Level 1:colcon.colcon_core.package_discovery:discover_packages(ignore) discover
[0.441s] Level 1:colcon.colcon_core.package_discovery:discover_packages(ignore) using defaults
[0.441s] Level 1:colcon.colcon_core.package_discovery:discover_packages(path) discover
[0.441s] Level 1:colcon.colcon_core.package_discovery:discover_packages(path) using defaults
[0.468s] INFO:colcon.colcon_core.package_selection:Skipping not selected package 'example_pkg' in 'src(1)/example_pkg'
[0.468s] INFO:colcon.colcon_core.package_selection:Skipping not selected package 'exercise_2_1' in 'src/exercise_2_1'
[0.468s] INFO:colcon.colcon_core.package_selection:Skipping not selected package 'exercise_2_2' in 'src/exercise_2_2'
[0.468s] INFO:colcon.colcon_core.package_selection:Skipping not selected package 'exercise_3_4' in 'src(1)/exercise_3_4'
[0.468s] INFO:colcon.colcon_core.package_selection:Skipping not selected package 'exersice_2_1' in 'src(1)/exersice_2_1'
[0.468s] INFO:colcon.colcon_core.package_selection:Skipping not selected package 'exersice_2_2' in 'src(1)/exersice_2_2'
[0.468s] INFO:colcon.colcon_core.package_selection:Skipping not selected package 'lab2urdf' in 'src(1)/lab2urdf'
[0.468s] INFO:colcon.colcon_core.package_selection:Skipping not selected package 'lab_interfaces' in 'src(1)/lab_interfaces'
[0.468s] INFO:colcon.colcon_core.package_selection:Skipping not selected package 'tf2_pkg' in 'src(1)/tf2_pkg'
[0.468s] INFO:colcon.colcon_core.package_selection:Skipping not selected package 'urdf_example' in 'src/urdf_example'
[0.468s] INFO:colcon.colcon_core.package_selection:Skipping not selected package 'urdf_example' in 'src(1)/urdf_example'
[0.468s] INFO:colcon.colcon_core.package_selection:Skipping not selected package 'lab_exam2_pkg' in 'src(1)/lab_exam2_pkg'
[0.468s] INFO:colcon.colcon_core.package_selection:Skipping not selected package 'labex6' in 'src(1)/labex6'
[0.468s] INFO:colcon.colcon_core.package_selection:Skipping not selected package 'labs_bringup' in 'src(1)/labs_bringup'
[0.468s] INFO:colcon.colcon_core.package_selection:Skipping not selected package 'labs_pkg' in 'src(1)/labs_pkg'
[0.479s] Level 1:colcon.colcon_core.package_discovery:discover_packages(prefix_path) check parameters
[0.479s] Level 1:colcon.colcon_core.package_discovery:discover_packages(prefix_path) discover
[0.492s] DEBUG:colcon.colcon_installed_package_information.package_discovery:Found 12 installed packages in /home/teehee/ros2_ws/install
[0.498s] DEBUG:colcon.colcon_installed_package_information.package_discovery:Found 278 installed packages in /opt/ros/humble
[0.499s] Level 1:colcon.colcon_core.package_discovery:discover_packages(prefix_path) using defaults
[0.532s] ERROR:colcon:colcon build: Duplicate package names not supported:
- robot1:
  - src(1)/robot1
  - src/robot1
