[0.069s] Invoking command in '/home/teehee/ros2_ws/src/lab_interfaces/build/lab_interfaces': CMAKE_PREFIX_PATH=${CMAKE_PREFIX_PATH}:/home/teehee/ros2_ws/install/tf2_pkg:/home/teehee/ros2_ws/install/labs_pkg:/home/teehee/ros2_ws/install/lab_exam2_pkg:/home/teehee/ros2_ws/install/example_pkg:/opt/ros/humble /usr/bin/cmake --build /home/teehee/ros2_ws/src/lab_interfaces/build/lab_interfaces -- -j4 -l4
[0.134s] [35m[1mConsolidate compiler generated dependencies of target lab_interfaces__rosidl_generator_c[0m
[0.150s] [ 10%] Built target lab_interfaces__rosidl_generator_c
[0.157s] [ 12%] Built target lab_interfaces__cpp
[0.176s] [35m[1mConsolidate compiler generated dependencies of target lab_interfaces__rosidl_typesupport_c[0m
[0.189s] [ 12%] Built target ament_cmake_python_copy_lab_interfaces
[0.189s] [35m[1mConsolidate compiler generated dependencies of target lab_interfaces__rosidl_typesupport_introspection_c[0m
[0.189s] [35m[1mConsolidate compiler generated dependencies of target lab_interfaces__rosidl_typesupport_fastrtps_c[0m
[0.206s] [ 23%] Built target lab_interfaces__rosidl_typesupport_introspection_c
[0.208s] [ 34%] Built target lab_interfaces__rosidl_typesupport_c
[0.209s] [35m[1mConsolidate compiler generated dependencies of target lab_interfaces__rosidl_typesupport_fastrtps_cpp[0m
[0.218s] [ 44%] Built target lab_interfaces__rosidl_typesupport_fastrtps_c
[0.231s] [35m[1mConsolidate compiler generated dependencies of target lab_interfaces__rosidl_typesupport_introspection_cpp[0m
[0.252s] [ 55%] Built target lab_interfaces__rosidl_typesupport_fastrtps_cpp
[0.254s] [35m[1mConsolidate compiler generated dependencies of target lab_interfaces__rosidl_typesupport_cpp[0m
[0.276s] [ 65%] Built target lab_interfaces__rosidl_typesupport_introspection_cpp
[0.283s] [ 76%] Built target lab_interfaces__rosidl_typesupport_cpp
[0.310s] [ 76%] Built target lab_interfaces
[0.341s] [ 78%] Built target lab_interfaces__py
[0.358s] [35m[1mConsolidate compiler generated dependencies of target lab_interfaces__rosidl_generator_py[0m
[0.392s] [ 87%] Built target lab_interfaces__rosidl_generator_py
[0.408s] [35m[1mConsolidate compiler generated dependencies of target lab_interfaces__rosidl_typesupport_c__pyext[0m
[0.408s] [35m[1mConsolidate compiler generated dependencies of target lab_interfaces__rosidl_typesupport_fastrtps_c__pyext[0m
[0.409s] [35m[1mConsolidate compiler generated dependencies of target lab_interfaces__rosidl_typesupport_introspection_c__pyext[0m
[0.432s] [ 95%] Built target lab_interfaces__rosidl_typesupport_c__pyext
[0.434s] [ 95%] Built target lab_interfaces__rosidl_typesupport_introspection_c__pyext
[0.445s] running egg_info
[0.458s] writing lab_interfaces.egg-info/PKG-INFO
[0.458s] writing dependency_links to lab_interfaces.egg-info/dependency_links.txt
[0.458s] writing top-level names to lab_interfaces.egg-info/top_level.txt
[0.458s] reading manifest file 'lab_interfaces.egg-info/SOURCES.txt'
[0.459s] writing manifest file 'lab_interfaces.egg-info/SOURCES.txt'
[0.490s] [100%] Built target lab_interfaces__rosidl_typesupport_fastrtps_c__pyext
[0.502s] [100%] Built target ament_cmake_python_build_lab_interfaces_egg
[0.520s] Invoked command in '/home/teehee/ros2_ws/src/lab_interfaces/build/lab_interfaces' returned '0': CMAKE_PREFIX_PATH=${CMAKE_PREFIX_PATH}:/home/teehee/ros2_ws/install/tf2_pkg:/home/teehee/ros2_ws/install/labs_pkg:/home/teehee/ros2_ws/install/lab_exam2_pkg:/home/teehee/ros2_ws/install/example_pkg:/opt/ros/humble /usr/bin/cmake --build /home/teehee/ros2_ws/src/lab_interfaces/build/lab_interfaces -- -j4 -l4
[0.755s] Invoking command in '/home/teehee/ros2_ws/src/lab_interfaces/build/lab_interfaces': CMAKE_PREFIX_PATH=${CMAKE_PREFIX_PATH}:/home/teehee/ros2_ws/install/tf2_pkg:/home/teehee/ros2_ws/install/labs_pkg:/home/teehee/ros2_ws/install/lab_exam2_pkg:/home/teehee/ros2_ws/install/example_pkg:/opt/ros/humble /usr/bin/cmake --install /home/teehee/ros2_ws/src/lab_interfaces/build/lab_interfaces
[0.764s] -- Install configuration: ""
[0.764s] -- Up-to-date: /home/teehee/ros2_ws/src/lab_interfaces/install/lab_interfaces/share/ament_index/resource_index/rosidl_interfaces/lab_interfaces
[0.764s] -- Up-to-date: /home/teehee/ros2_ws/src/lab_interfaces/install/lab_interfaces/include/lab_interfaces/lab_interfaces
[0.765s] -- Up-to-date: /home/teehee/ros2_ws/src/lab_interfaces/install/lab_interfaces/include/lab_interfaces/lab_interfaces/srv
[0.765s] -- Up-to-date: /home/teehee/ros2_ws/src/lab_interfaces/install/lab_interfaces/include/lab_interfaces/lab_interfaces/srv/detail
[0.766s] -- Up-to-date: /home/teehee/ros2_ws/src/lab_interfaces/install/lab_interfaces/include/lab_interfaces/lab_interfaces/srv/detail/capture_turtle__struct.h
[0.766s] -- Up-to-date: /home/teehee/ros2_ws/src/lab_interfaces/install/lab_interfaces/include/lab_interfaces/lab_interfaces/srv/detail/capture_turtle__functions.h
[0.766s] -- Up-to-date: /home/teehee/ros2_ws/src/lab_interfaces/install/lab_interfaces/include/lab_interfaces/lab_interfaces/srv/detail/capture_turtle__functions.c
[0.766s] -- Up-to-date: /home/teehee/ros2_ws/src/lab_interfaces/install/lab_interfaces/include/lab_interfaces/lab_interfaces/srv/detail/capture_turtle__type_support.h
[0.766s] -- Up-to-date: /home/teehee/ros2_ws/src/lab_interfaces/install/lab_interfaces/include/lab_interfaces/lab_interfaces/srv/capture_turtle.h
[0.766s] -- Up-to-date: /home/teehee/ros2_ws/src/lab_interfaces/install/lab_interfaces/include/lab_interfaces/lab_interfaces/msg
[0.766s] -- Up-to-date: /home/teehee/ros2_ws/src/lab_interfaces/install/lab_interfaces/include/lab_interfaces/lab_interfaces/msg/turtle_array.h
[0.766s] -- Up-to-date: /home/teehee/ros2_ws/src/lab_interfaces/install/lab_interfaces/include/lab_interfaces/lab_interfaces/msg/rosidl_generator_c__visibility_control.h
[0.766s] -- Up-to-date: /home/teehee/ros2_ws/src/lab_interfaces/install/lab_interfaces/include/lab_interfaces/lab_interfaces/msg/detail
[0.766s] -- Up-to-date: /home/teehee/ros2_ws/src/lab_interfaces/install/lab_interfaces/include/lab_interfaces/lab_interfaces/msg/detail/turtle_array__type_support.h
[0.767s] -- Up-to-date: /home/teehee/ros2_ws/src/lab_interfaces/install/lab_interfaces/include/lab_interfaces/lab_interfaces/msg/detail/turtle_array__functions.c
[0.767s] -- Up-to-date: /home/teehee/ros2_ws/src/lab_interfaces/install/lab_interfaces/include/lab_interfaces/lab_interfaces/msg/detail/turtle_array__functions.h
[0.768s] -- Up-to-date: /home/teehee/ros2_ws/src/lab_interfaces/install/lab_interfaces/include/lab_interfaces/lab_interfaces/msg/detail/turtle__struct.h
[0.768s] -- Up-to-date: /home/teehee/ros2_ws/src/lab_interfaces/install/lab_interfaces/include/lab_interfaces/lab_interfaces/msg/detail/turtle__functions.h
[0.768s] -- Up-to-date: /home/teehee/ros2_ws/src/lab_interfaces/install/lab_interfaces/include/lab_interfaces/lab_interfaces/msg/detail/turtle_array__struct.h
[0.768s] -- Up-to-date: /home/teehee/ros2_ws/src/lab_interfaces/install/lab_interfaces/include/lab_interfaces/lab_interfaces/msg/detail/turtle__functions.c
[0.769s] -- Up-to-date: /home/teehee/ros2_ws/src/lab_interfaces/install/lab_interfaces/include/lab_interfaces/lab_interfaces/msg/detail/turtle__type_support.h
[0.770s] -- Up-to-date: /home/teehee/ros2_ws/src/lab_interfaces/install/lab_interfaces/include/lab_interfaces/lab_interfaces/msg/turtle.h
[0.770s] -- Up-to-date: /home/teehee/ros2_ws/src/lab_interfaces/install/lab_interfaces/share/lab_interfaces/environment/library_path.sh
[0.770s] -- Up-to-date: /home/teehee/ros2_ws/src/lab_interfaces/install/lab_interfaces/share/lab_interfaces/environment/library_path.dsv
[0.770s] -- Up-to-date: /home/teehee/ros2_ws/src/lab_interfaces/install/lab_interfaces/lib/liblab_interfaces__rosidl_generator_c.so
[0.770s] -- Up-to-date: /home/teehee/ros2_ws/src/lab_interfaces/install/lab_interfaces/include/lab_interfaces/lab_interfaces
[0.770s] -- Up-to-date: /home/teehee/ros2_ws/src/lab_interfaces/install/lab_interfaces/include/lab_interfaces/lab_interfaces/srv
[0.770s] -- Up-to-date: /home/teehee/ros2_ws/src/lab_interfaces/install/lab_interfaces/include/lab_interfaces/lab_interfaces/srv/detail
[0.770s] -- Up-to-date: /home/teehee/ros2_ws/src/lab_interfaces/install/lab_interfaces/include/lab_interfaces/lab_interfaces/srv/detail/capture_turtle__rosidl_typesupport_fastrtps_c.h
[0.770s] -- Up-to-date: /home/teehee/ros2_ws/src/lab_interfaces/install/lab_interfaces/include/lab_interfaces/lab_interfaces/msg
[0.770s] -- Up-to-date: /home/teehee/ros2_ws/src/lab_interfaces/install/lab_interfaces/include/lab_interfaces/lab_interfaces/msg/detail
[0.770s] -- Up-to-date: /home/teehee/ros2_ws/src/lab_interfaces/install/lab_interfaces/include/lab_interfaces/lab_interfaces/msg/detail/turtle_array__rosidl_typesupport_fastrtps_c.h
[0.771s] -- Up-to-date: /home/teehee/ros2_ws/src/lab_interfaces/install/lab_interfaces/include/lab_interfaces/lab_interfaces/msg/detail/turtle__rosidl_typesupport_fastrtps_c.h
[0.771s] -- Up-to-date: /home/teehee/ros2_ws/src/lab_interfaces/install/lab_interfaces/include/lab_interfaces/lab_interfaces/msg/rosidl_typesupport_fastrtps_c__visibility_control.h
[0.771s] -- Up-to-date: /home/teehee/ros2_ws/src/lab_interfaces/install/lab_interfaces/lib/liblab_interfaces__rosidl_typesupport_fastrtps_c.so
[0.771s] -- Up-to-date: /home/teehee/ros2_ws/src/lab_interfaces/install/lab_interfaces/include/lab_interfaces/lab_interfaces
[0.771s] -- Up-to-date: /home/teehee/ros2_ws/src/lab_interfaces/install/lab_interfaces/include/lab_interfaces/lab_interfaces/srv
[0.771s] -- Up-to-date: /home/teehee/ros2_ws/src/lab_interfaces/install/lab_interfaces/include/lab_interfaces/lab_interfaces/srv/detail
[0.771s] -- Up-to-date: /home/teehee/ros2_ws/src/lab_interfaces/install/lab_interfaces/include/lab_interfaces/lab_interfaces/srv/detail/capture_turtle__rosidl_typesupport_introspection_c.h
[0.771s] -- Up-to-date: /home/teehee/ros2_ws/src/lab_interfaces/install/lab_interfaces/include/lab_interfaces/lab_interfaces/srv/detail/capture_turtle__type_support.c
[0.771s] -- Up-to-date: /home/teehee/ros2_ws/src/lab_interfaces/install/lab_interfaces/include/lab_interfaces/lab_interfaces/msg
[0.771s] -- Up-to-date: /home/teehee/ros2_ws/src/lab_interfaces/install/lab_interfaces/include/lab_interfaces/lab_interfaces/msg/detail
[0.771s] -- Up-to-date: /home/teehee/ros2_ws/src/lab_interfaces/install/lab_interfaces/include/lab_interfaces/lab_interfaces/msg/detail/turtle__rosidl_typesupport_introspection_c.h
[0.771s] -- Up-to-date: /home/teehee/ros2_ws/src/lab_interfaces/install/lab_interfaces/include/lab_interfaces/lab_interfaces/msg/detail/turtle__type_support.c
[0.771s] -- Up-to-date: /home/teehee/ros2_ws/src/lab_interfaces/install/lab_interfaces/include/lab_interfaces/lab_interfaces/msg/detail/turtle_array__type_support.c
[0.771s] -- Up-to-date: /home/teehee/ros2_ws/src/lab_interfaces/install/lab_interfaces/include/lab_interfaces/lab_interfaces/msg/detail/turtle_array__rosidl_typesupport_introspection_c.h
[0.771s] -- Up-to-date: /home/teehee/ros2_ws/src/lab_interfaces/install/lab_interfaces/include/lab_interfaces/lab_interfaces/msg/rosidl_typesupport_introspection_c__visibility_control.h
[0.771s] -- Up-to-date: /home/teehee/ros2_ws/src/lab_interfaces/install/lab_interfaces/lib/liblab_interfaces__rosidl_typesupport_introspection_c.so
[0.771s] -- Up-to-date: /home/teehee/ros2_ws/src/lab_interfaces/install/lab_interfaces/lib/liblab_interfaces__rosidl_typesupport_c.so
[0.771s] -- Up-to-date: /home/teehee/ros2_ws/src/lab_interfaces/install/lab_interfaces/include/lab_interfaces/lab_interfaces
[0.772s] -- Up-to-date: /home/teehee/ros2_ws/src/lab_interfaces/install/lab_interfaces/include/lab_interfaces/lab_interfaces/srv
[0.772s] -- Up-to-date: /home/teehee/ros2_ws/src/lab_interfaces/install/lab_interfaces/include/lab_interfaces/lab_interfaces/srv/detail
[0.772s] -- Up-to-date: /home/teehee/ros2_ws/src/lab_interfaces/install/lab_interfaces/include/lab_interfaces/lab_interfaces/srv/detail/capture_turtle__struct.hpp
[0.772s] -- Up-to-date: /home/teehee/ros2_ws/src/lab_interfaces/install/lab_interfaces/include/lab_interfaces/lab_interfaces/srv/detail/capture_turtle__traits.hpp
[0.772s] -- Up-to-date: /home/teehee/ros2_ws/src/lab_interfaces/install/lab_interfaces/include/lab_interfaces/lab_interfaces/srv/detail/capture_turtle__builder.hpp
[0.772s] -- Up-to-date: /home/teehee/ros2_ws/src/lab_interfaces/install/lab_interfaces/include/lab_interfaces/lab_interfaces/srv/capture_turtle.hpp
[0.772s] -- Up-to-date: /home/teehee/ros2_ws/src/lab_interfaces/install/lab_interfaces/include/lab_interfaces/lab_interfaces/msg
[0.772s] -- Up-to-date: /home/teehee/ros2_ws/src/lab_interfaces/install/lab_interfaces/include/lab_interfaces/lab_interfaces/msg/turtle_array.hpp
[0.772s] -- Up-to-date: /home/teehee/ros2_ws/src/lab_interfaces/install/lab_interfaces/include/lab_interfaces/lab_interfaces/msg/detail
[0.772s] -- Up-to-date: /home/teehee/ros2_ws/src/lab_interfaces/install/lab_interfaces/include/lab_interfaces/lab_interfaces/msg/detail/turtle__traits.hpp
[0.772s] -- Up-to-date: /home/teehee/ros2_ws/src/lab_interfaces/install/lab_interfaces/include/lab_interfaces/lab_interfaces/msg/detail/turtle__builder.hpp
[0.772s] -- Up-to-date: /home/teehee/ros2_ws/src/lab_interfaces/install/lab_interfaces/include/lab_interfaces/lab_interfaces/msg/detail/turtle_array__builder.hpp
[0.772s] -- Up-to-date: /home/teehee/ros2_ws/src/lab_interfaces/install/lab_interfaces/include/lab_interfaces/lab_interfaces/msg/detail/turtle_array__struct.hpp
[0.772s] -- Up-to-date: /home/teehee/ros2_ws/src/lab_interfaces/install/lab_interfaces/include/lab_interfaces/lab_interfaces/msg/detail/turtle__struct.hpp
[0.772s] -- Up-to-date: /home/teehee/ros2_ws/src/lab_interfaces/install/lab_interfaces/include/lab_interfaces/lab_interfaces/msg/detail/turtle_array__traits.hpp
[0.772s] -- Up-to-date: /home/teehee/ros2_ws/src/lab_interfaces/install/lab_interfaces/include/lab_interfaces/lab_interfaces/msg/turtle.hpp
[0.772s] -- Up-to-date: /home/teehee/ros2_ws/src/lab_interfaces/install/lab_interfaces/include/lab_interfaces/lab_interfaces
[0.772s] -- Up-to-date: /home/teehee/ros2_ws/src/lab_interfaces/install/lab_interfaces/include/lab_interfaces/lab_interfaces/srv
[0.773s] -- Up-to-date: /home/teehee/ros2_ws/src/lab_interfaces/install/lab_interfaces/include/lab_interfaces/lab_interfaces/srv/detail
[0.773s] -- Up-to-date: /home/teehee/ros2_ws/src/lab_interfaces/install/lab_interfaces/include/lab_interfaces/lab_interfaces/srv/detail/dds_fastrtps
[0.773s] -- Up-to-date: /home/teehee/ros2_ws/src/lab_interfaces/install/lab_interfaces/include/lab_interfaces/lab_interfaces/srv/detail/capture_turtle__rosidl_typesupport_fastrtps_cpp.hpp
[0.773s] -- Up-to-date: /home/teehee/ros2_ws/src/lab_interfaces/install/lab_interfaces/include/lab_interfaces/lab_interfaces/msg
[0.773s] -- Up-to-date: /home/teehee/ros2_ws/src/lab_interfaces/install/lab_interfaces/include/lab_interfaces/lab_interfaces/msg/detail
[0.773s] -- Up-to-date: /home/teehee/ros2_ws/src/lab_interfaces/install/lab_interfaces/include/lab_interfaces/lab_interfaces/msg/detail/turtle__rosidl_typesupport_fastrtps_cpp.hpp
[0.774s] -- Up-to-date: /home/teehee/ros2_ws/src/lab_interfaces/install/lab_interfaces/include/lab_interfaces/lab_interfaces/msg/detail/turtle_array__rosidl_typesupport_fastrtps_cpp.hpp
[0.774s] -- Up-to-date: /home/teehee/ros2_ws/src/lab_interfaces/install/lab_interfaces/include/lab_interfaces/lab_interfaces/msg/detail/dds_fastrtps
[0.774s] -- Up-to-date: /home/teehee/ros2_ws/src/lab_interfaces/install/lab_interfaces/include/lab_interfaces/lab_interfaces/msg/rosidl_typesupport_fastrtps_cpp__visibility_control.h
[0.774s] -- Up-to-date: /home/teehee/ros2_ws/src/lab_interfaces/install/lab_interfaces/lib/liblab_interfaces__rosidl_typesupport_fastrtps_cpp.so
[0.774s] -- Up-to-date: /home/teehee/ros2_ws/src/lab_interfaces/install/lab_interfaces/include/lab_interfaces/lab_interfaces
[0.774s] -- Up-to-date: /home/teehee/ros2_ws/src/lab_interfaces/install/lab_interfaces/include/lab_interfaces/lab_interfaces/srv
[0.774s] -- Up-to-date: /home/teehee/ros2_ws/src/lab_interfaces/install/lab_interfaces/include/lab_interfaces/lab_interfaces/srv/detail
[0.774s] -- Up-to-date: /home/teehee/ros2_ws/src/lab_interfaces/install/lab_interfaces/include/lab_interfaces/lab_interfaces/srv/detail/capture_turtle__type_support.cpp
[0.774s] -- Up-to-date: /home/teehee/ros2_ws/src/lab_interfaces/install/lab_interfaces/include/lab_interfaces/lab_interfaces/srv/detail/capture_turtle__rosidl_typesupport_introspection_cpp.hpp
[0.774s] -- Up-to-date: /home/teehee/ros2_ws/src/lab_interfaces/install/lab_interfaces/include/lab_interfaces/lab_interfaces/msg
[0.774s] -- Up-to-date: /home/teehee/ros2_ws/src/lab_interfaces/install/lab_interfaces/include/lab_interfaces/lab_interfaces/msg/detail
[0.775s] -- Up-to-date: /home/teehee/ros2_ws/src/lab_interfaces/install/lab_interfaces/include/lab_interfaces/lab_interfaces/msg/detail/turtle_array__rosidl_typesupport_introspection_cpp.hpp
[0.775s] -- Up-to-date: /home/teehee/ros2_ws/src/lab_interfaces/install/lab_interfaces/include/lab_interfaces/lab_interfaces/msg/detail/turtle_array__type_support.cpp
[0.775s] -- Up-to-date: /home/teehee/ros2_ws/src/lab_interfaces/install/lab_interfaces/include/lab_interfaces/lab_interfaces/msg/detail/turtle__rosidl_typesupport_introspection_cpp.hpp
[0.775s] -- Up-to-date: /home/teehee/ros2_ws/src/lab_interfaces/install/lab_interfaces/include/lab_interfaces/lab_interfaces/msg/detail/turtle__type_support.cpp
[0.775s] -- Up-to-date: /home/teehee/ros2_ws/src/lab_interfaces/install/lab_interfaces/lib/liblab_interfaces__rosidl_typesupport_introspection_cpp.so
[0.775s] -- Up-to-date: /home/teehee/ros2_ws/src/lab_interfaces/install/lab_interfaces/lib/liblab_interfaces__rosidl_typesupport_cpp.so
[0.775s] -- Up-to-date: /home/teehee/ros2_ws/src/lab_interfaces/install/lab_interfaces/share/lab_interfaces/environment/pythonpath.sh
[0.775s] -- Up-to-date: /home/teehee/ros2_ws/src/lab_interfaces/install/lab_interfaces/share/lab_interfaces/environment/pythonpath.dsv
[0.775s] -- Up-to-date: /home/teehee/ros2_ws/src/lab_interfaces/install/lab_interfaces/local/lib/python3.10/dist-packages/lab_interfaces-0.0.0-py3.10.egg-info
[0.775s] -- Installing: /home/teehee/ros2_ws/src/lab_interfaces/install/lab_interfaces/local/lib/python3.10/dist-packages/lab_interfaces-0.0.0-py3.10.egg-info/SOURCES.txt
[0.775s] -- Installing: /home/teehee/ros2_ws/src/lab_interfaces/install/lab_interfaces/local/lib/python3.10/dist-packages/lab_interfaces-0.0.0-py3.10.egg-info/dependency_links.txt
[0.775s] -- Installing: /home/teehee/ros2_ws/src/lab_interfaces/install/lab_interfaces/local/lib/python3.10/dist-packages/lab_interfaces-0.0.0-py3.10.egg-info/PKG-INFO
[0.775s] -- Installing: /home/teehee/ros2_ws/src/lab_interfaces/install/lab_interfaces/local/lib/python3.10/dist-packages/lab_interfaces-0.0.0-py3.10.egg-info/top_level.txt
[0.775s] -- Up-to-date: /home/teehee/ros2_ws/src/lab_interfaces/install/lab_interfaces/local/lib/python3.10/dist-packages/lab_interfaces
[0.775s] -- Up-to-date: /home/teehee/ros2_ws/src/lab_interfaces/install/lab_interfaces/local/lib/python3.10/dist-packages/lab_interfaces/_lab_interfaces_s.ep.rosidl_typesupport_introspection_c.c
[0.775s] -- Up-to-date: /home/teehee/ros2_ws/src/lab_interfaces/install/lab_interfaces/local/lib/python3.10/dist-packages/lab_interfaces/lab_interfaces_s__rosidl_typesupport_c.cpython-310-x86_64-linux-gnu.so
[0.775s] -- Up-to-date: /home/teehee/ros2_ws/src/lab_interfaces/install/lab_interfaces/local/lib/python3.10/dist-packages/lab_interfaces/__init__.py
[0.775s] -- Up-to-date: /home/teehee/ros2_ws/src/lab_interfaces/install/lab_interfaces/local/lib/python3.10/dist-packages/lab_interfaces/_lab_interfaces_s.ep.rosidl_typesupport_c.c
[0.775s] -- Up-to-date: /home/teehee/ros2_ws/src/lab_interfaces/install/lab_interfaces/local/lib/python3.10/dist-packages/lab_interfaces/lab_interfaces_s__rosidl_typesupport_introspection_c.cpython-310-x86_64-linux-gnu.so
[0.776s] -- Up-to-date: /home/teehee/ros2_ws/src/lab_interfaces/install/lab_interfaces/local/lib/python3.10/dist-packages/lab_interfaces/_lab_interfaces_s.ep.rosidl_typesupport_fastrtps_c.c
[0.776s] -- Up-to-date: /home/teehee/ros2_ws/src/lab_interfaces/install/lab_interfaces/local/lib/python3.10/dist-packages/lab_interfaces/srv
[0.776s] -- Up-to-date: /home/teehee/ros2_ws/src/lab_interfaces/install/lab_interfaces/local/lib/python3.10/dist-packages/lab_interfaces/srv/__init__.py
[0.776s] -- Up-to-date: /home/teehee/ros2_ws/src/lab_interfaces/install/lab_interfaces/local/lib/python3.10/dist-packages/lab_interfaces/srv/_capture_turtle.py
[0.776s] -- Up-to-date: /home/teehee/ros2_ws/src/lab_interfaces/install/lab_interfaces/local/lib/python3.10/dist-packages/lab_interfaces/srv/_capture_turtle_s.c
[0.776s] -- Up-to-date: /home/teehee/ros2_ws/src/lab_interfaces/install/lab_interfaces/local/lib/python3.10/dist-packages/lab_interfaces/liblab_interfaces__rosidl_generator_py.so
[0.776s] -- Up-to-date: /home/teehee/ros2_ws/src/lab_interfaces/install/lab_interfaces/local/lib/python3.10/dist-packages/lab_interfaces/lab_interfaces_s__rosidl_typesupport_fastrtps_c.cpython-310-x86_64-linux-gnu.so
[0.776s] -- Up-to-date: /home/teehee/ros2_ws/src/lab_interfaces/install/lab_interfaces/local/lib/python3.10/dist-packages/lab_interfaces/msg
[0.776s] -- Up-to-date: /home/teehee/ros2_ws/src/lab_interfaces/install/lab_interfaces/local/lib/python3.10/dist-packages/lab_interfaces/msg/__init__.py
[0.776s] -- Up-to-date: /home/teehee/ros2_ws/src/lab_interfaces/install/lab_interfaces/local/lib/python3.10/dist-packages/lab_interfaces/msg/_turtle.py
[0.776s] -- Up-to-date: /home/teehee/ros2_ws/src/lab_interfaces/install/lab_interfaces/local/lib/python3.10/dist-packages/lab_interfaces/msg/_turtle_array_s.c
[0.776s] -- Up-to-date: /home/teehee/ros2_ws/src/lab_interfaces/install/lab_interfaces/local/lib/python3.10/dist-packages/lab_interfaces/msg/_turtle_s.c
[0.776s] -- Up-to-date: /home/teehee/ros2_ws/src/lab_interfaces/install/lab_interfaces/local/lib/python3.10/dist-packages/lab_interfaces/msg/_turtle_array.py
[0.806s] Listing '/home/teehee/ros2_ws/src/lab_interfaces/install/lab_interfaces/local/lib/python3.10/dist-packages/lab_interfaces'...
[0.806s] Listing '/home/teehee/ros2_ws/src/lab_interfaces/install/lab_interfaces/local/lib/python3.10/dist-packages/lab_interfaces/msg'...
[0.806s] Listing '/home/teehee/ros2_ws/src/lab_interfaces/install/lab_interfaces/local/lib/python3.10/dist-packages/lab_interfaces/srv'...
[0.810s] -- Up-to-date: /home/teehee/ros2_ws/src/lab_interfaces/install/lab_interfaces/local/lib/python3.10/dist-packages/lab_interfaces/lab_interfaces_s__rosidl_typesupport_fastrtps_c.cpython-310-x86_64-linux-gnu.so
[0.811s] -- Up-to-date: /home/teehee/ros2_ws/src/lab_interfaces/install/lab_interfaces/local/lib/python3.10/dist-packages/lab_interfaces/lab_interfaces_s__rosidl_typesupport_introspection_c.cpython-310-x86_64-linux-gnu.so
[0.811s] -- Up-to-date: /home/teehee/ros2_ws/src/lab_interfaces/install/lab_interfaces/local/lib/python3.10/dist-packages/lab_interfaces/lab_interfaces_s__rosidl_typesupport_c.cpython-310-x86_64-linux-gnu.so
[0.811s] -- Up-to-date: /home/teehee/ros2_ws/src/lab_interfaces/install/lab_interfaces/lib/liblab_interfaces__rosidl_generator_py.so
[0.812s] -- Up-to-date: /home/teehee/ros2_ws/src/lab_interfaces/install/lab_interfaces/share/lab_interfaces/msg/Turtle.idl
[0.812s] -- Up-to-date: /home/teehee/ros2_ws/src/lab_interfaces/install/lab_interfaces/share/lab_interfaces/msg/TurtleArray.idl
[0.813s] -- Up-to-date: /home/teehee/ros2_ws/src/lab_interfaces/install/lab_interfaces/share/lab_interfaces/srv/CaptureTurtle.idl
[0.813s] -- Up-to-date: /home/teehee/ros2_ws/src/lab_interfaces/install/lab_interfaces/share/lab_interfaces/msg/Turtle.msg
[0.814s] -- Up-to-date: /home/teehee/ros2_ws/src/lab_interfaces/install/lab_interfaces/share/lab_interfaces/msg/TurtleArray.msg
[0.814s] -- Up-to-date: /home/teehee/ros2_ws/src/lab_interfaces/install/lab_interfaces/share/lab_interfaces/srv/CaptureTurtle.srv
[0.814s] -- Up-to-date: /home/teehee/ros2_ws/src/lab_interfaces/install/lab_interfaces/share/lab_interfaces/srv/CaptureTurtle_Request.msg
[0.814s] -- Up-to-date: /home/teehee/ros2_ws/src/lab_interfaces/install/lab_interfaces/share/lab_interfaces/srv/CaptureTurtle_Response.msg
[0.814s] -- Up-to-date: /home/teehee/ros2_ws/src/lab_interfaces/install/lab_interfaces/share/ament_index/resource_index/package_run_dependencies/lab_interfaces
[0.814s] -- Up-to-date: /home/teehee/ros2_ws/src/lab_interfaces/install/lab_interfaces/share/ament_index/resource_index/parent_prefix_path/lab_interfaces
[0.814s] -- Up-to-date: /home/teehee/ros2_ws/src/lab_interfaces/install/lab_interfaces/share/lab_interfaces/environment/ament_prefix_path.sh
[0.814s] -- Up-to-date: /home/teehee/ros2_ws/src/lab_interfaces/install/lab_interfaces/share/lab_interfaces/environment/ament_prefix_path.dsv
[0.815s] -- Up-to-date: /home/teehee/ros2_ws/src/lab_interfaces/install/lab_interfaces/share/lab_interfaces/environment/path.sh
[0.815s] -- Up-to-date: /home/teehee/ros2_ws/src/lab_interfaces/install/lab_interfaces/share/lab_interfaces/environment/path.dsv
[0.815s] -- Up-to-date: /home/teehee/ros2_ws/src/lab_interfaces/install/lab_interfaces/share/lab_interfaces/local_setup.bash
[0.815s] -- Up-to-date: /home/teehee/ros2_ws/src/lab_interfaces/install/lab_interfaces/share/lab_interfaces/local_setup.sh
[0.815s] -- Up-to-date: /home/teehee/ros2_ws/src/lab_interfaces/install/lab_interfaces/share/lab_interfaces/local_setup.zsh
[0.815s] -- Up-to-date: /home/teehee/ros2_ws/src/lab_interfaces/install/lab_interfaces/share/lab_interfaces/local_setup.dsv
[0.815s] -- Installing: /home/teehee/ros2_ws/src/lab_interfaces/install/lab_interfaces/share/lab_interfaces/package.dsv
[0.815s] -- Up-to-date: /home/teehee/ros2_ws/src/lab_interfaces/install/lab_interfaces/share/ament_index/resource_index/packages/lab_interfaces
[0.815s] -- Up-to-date: /home/teehee/ros2_ws/src/lab_interfaces/install/lab_interfaces/share/lab_interfaces/cmake/export_lab_interfaces__rosidl_generator_cExport.cmake
[0.815s] -- Up-to-date: /home/teehee/ros2_ws/src/lab_interfaces/install/lab_interfaces/share/lab_interfaces/cmake/export_lab_interfaces__rosidl_generator_cExport-noconfig.cmake
[0.816s] -- Up-to-date: /home/teehee/ros2_ws/src/lab_interfaces/install/lab_interfaces/share/lab_interfaces/cmake/export_lab_interfaces__rosidl_typesupport_fastrtps_cExport.cmake
[0.816s] -- Up-to-date: /home/teehee/ros2_ws/src/lab_interfaces/install/lab_interfaces/share/lab_interfaces/cmake/export_lab_interfaces__rosidl_typesupport_fastrtps_cExport-noconfig.cmake
[0.816s] -- Up-to-date: /home/teehee/ros2_ws/src/lab_interfaces/install/lab_interfaces/share/lab_interfaces/cmake/lab_interfaces__rosidl_typesupport_introspection_cExport.cmake
[0.816s] -- Up-to-date: /home/teehee/ros2_ws/src/lab_interfaces/install/lab_interfaces/share/lab_interfaces/cmake/lab_interfaces__rosidl_typesupport_introspection_cExport-noconfig.cmake
[0.816s] -- Up-to-date: /home/teehee/ros2_ws/src/lab_interfaces/install/lab_interfaces/share/lab_interfaces/cmake/lab_interfaces__rosidl_typesupport_cExport.cmake
[0.816s] -- Up-to-date: /home/teehee/ros2_ws/src/lab_interfaces/install/lab_interfaces/share/lab_interfaces/cmake/lab_interfaces__rosidl_typesupport_cExport-noconfig.cmake
[0.816s] -- Up-to-date: /home/teehee/ros2_ws/src/lab_interfaces/install/lab_interfaces/share/lab_interfaces/cmake/export_lab_interfaces__rosidl_generator_cppExport.cmake
[0.816s] -- Up-to-date: /home/teehee/ros2_ws/src/lab_interfaces/install/lab_interfaces/share/lab_interfaces/cmake/export_lab_interfaces__rosidl_typesupport_fastrtps_cppExport.cmake
[0.816s] -- Up-to-date: /home/teehee/ros2_ws/src/lab_interfaces/install/lab_interfaces/share/lab_interfaces/cmake/export_lab_interfaces__rosidl_typesupport_fastrtps_cppExport-noconfig.cmake
[0.817s] -- Up-to-date: /home/teehee/ros2_ws/src/lab_interfaces/install/lab_interfaces/share/lab_interfaces/cmake/lab_interfaces__rosidl_typesupport_introspection_cppExport.cmake
[0.817s] -- Up-to-date: /home/teehee/ros2_ws/src/lab_interfaces/install/lab_interfaces/share/lab_interfaces/cmake/lab_interfaces__rosidl_typesupport_introspection_cppExport-noconfig.cmake
[0.817s] -- Up-to-date: /home/teehee/ros2_ws/src/lab_interfaces/install/lab_interfaces/share/lab_interfaces/cmake/lab_interfaces__rosidl_typesupport_cppExport.cmake
[0.817s] -- Up-to-date: /home/teehee/ros2_ws/src/lab_interfaces/install/lab_interfaces/share/lab_interfaces/cmake/lab_interfaces__rosidl_typesupport_cppExport-noconfig.cmake
[0.817s] -- Up-to-date: /home/teehee/ros2_ws/src/lab_interfaces/install/lab_interfaces/share/lab_interfaces/cmake/export_lab_interfaces__rosidl_generator_pyExport.cmake
[0.817s] -- Up-to-date: /home/teehee/ros2_ws/src/lab_interfaces/install/lab_interfaces/share/lab_interfaces/cmake/export_lab_interfaces__rosidl_generator_pyExport-noconfig.cmake
[0.817s] -- Up-to-date: /home/teehee/ros2_ws/src/lab_interfaces/install/lab_interfaces/share/lab_interfaces/cmake/rosidl_cmake-extras.cmake
[0.817s] -- Up-to-date: /home/teehee/ros2_ws/src/lab_interfaces/install/lab_interfaces/share/lab_interfaces/cmake/ament_cmake_export_include_directories-extras.cmake
[0.817s] -- Up-to-date: /home/teehee/ros2_ws/src/lab_interfaces/install/lab_interfaces/share/lab_interfaces/cmake/ament_cmake_export_libraries-extras.cmake
[0.817s] -- Up-to-date: /home/teehee/ros2_ws/src/lab_interfaces/install/lab_interfaces/share/lab_interfaces/cmake/ament_cmake_export_targets-extras.cmake
[0.817s] -- Up-to-date: /home/teehee/ros2_ws/src/lab_interfaces/install/lab_interfaces/share/lab_interfaces/cmake/rosidl_cmake_export_typesupport_targets-extras.cmake
[0.817s] -- Up-to-date: /home/teehee/ros2_ws/src/lab_interfaces/install/lab_interfaces/share/lab_interfaces/cmake/ament_cmake_export_dependencies-extras.cmake
[0.817s] -- Up-to-date: /home/teehee/ros2_ws/src/lab_interfaces/install/lab_interfaces/share/lab_interfaces/cmake/rosidl_cmake_export_typesupport_libraries-extras.cmake
[0.817s] -- Up-to-date: /home/teehee/ros2_ws/src/lab_interfaces/install/lab_interfaces/share/lab_interfaces/cmake/lab_interfacesConfig.cmake
[0.817s] -- Up-to-date: /home/teehee/ros2_ws/src/lab_interfaces/install/lab_interfaces/share/lab_interfaces/cmake/lab_interfacesConfig-version.cmake
[0.817s] -- Up-to-date: /home/teehee/ros2_ws/src/lab_interfaces/install/lab_interfaces/share/lab_interfaces/package.xml
[0.820s] Invoked command in '/home/teehee/ros2_ws/src/lab_interfaces/build/lab_interfaces' returned '0': CMAKE_PREFIX_PATH=${CMAKE_PREFIX_PATH}:/home/teehee/ros2_ws/install/tf2_pkg:/home/teehee/ros2_ws/install/labs_pkg:/home/teehee/ros2_ws/install/lab_exam2_pkg:/home/teehee/ros2_ws/install/example_pkg:/opt/ros/humble /usr/bin/cmake --install /home/teehee/ros2_ws/src/lab_interfaces/build/lab_interfaces
