[0.041s] Invoking command in '/home/teehee/ros2_ws/build/exersice_2_2': CMAKE_PREFIX_PATH=${CMAKE_PREFIX_PATH}:/home/teehee/ros2_ws/install/tf2_pkg:/home/teehee/ros2_ws/install/labs_pkg:/home/teehee/ros2_ws/install/labex6:/home/teehee/ros2_ws/install/lab_exam2_pkg:/home/teehee/ros2_ws/install/example_pkg:/opt/ros/humble /usr/bin/cmake /home/teehee/ros2_ws/src/exersice_2_2 -DAMENT_CMAKE_SYMLINK_INSTALL=1 -DCMAKE_INSTALL_PREFIX=/home/teehee/ros2_ws/install/exersice_2_2
[0.049s] -- Found ament_cmake: 1.3.6 (/opt/ros/humble/share/ament_cmake/cmake)
[0.139s] -- Override CMake install command with custom implementation using symlinks instead of copying resources
[0.144s] -- Found ament_lint_auto: 0.12.9 (/opt/ros/humble/share/ament_lint_auto/cmake)
[0.184s] -- Added test 'flake8' to check Python code syntax and style conventions
[0.185s] -- Added test 'lint_cmake' to check CMake code style
[0.185s] -- Added test 'pep257' to check Python code against some of the docstring style conventions in PEP 257
[0.185s] -- Added test 'xmllint' to check XML markup files
[0.186s] -- Configuring done
[0.189s] -- Generating done
[0.191s] -- Build files have been written to: /home/teehee/ros2_ws/build/exersice_2_2
[0.195s] Invoked command in '/home/teehee/ros2_ws/build/exersice_2_2' returned '0': CMAKE_PREFIX_PATH=${CMAKE_PREFIX_PATH}:/home/teehee/ros2_ws/install/tf2_pkg:/home/teehee/ros2_ws/install/labs_pkg:/home/teehee/ros2_ws/install/labex6:/home/teehee/ros2_ws/install/lab_exam2_pkg:/home/teehee/ros2_ws/install/example_pkg:/opt/ros/humble /usr/bin/cmake /home/teehee/ros2_ws/src/exersice_2_2 -DAMENT_CMAKE_SYMLINK_INSTALL=1 -DCMAKE_INSTALL_PREFIX=/home/teehee/ros2_ws/install/exersice_2_2
[0.196s] Invoking command in '/home/teehee/ros2_ws/build/exersice_2_2': CMAKE_PREFIX_PATH=${CMAKE_PREFIX_PATH}:/home/teehee/ros2_ws/install/tf2_pkg:/home/teehee/ros2_ws/install/labs_pkg:/home/teehee/ros2_ws/install/labex6:/home/teehee/ros2_ws/install/lab_exam2_pkg:/home/teehee/ros2_ws/install/example_pkg:/opt/ros/humble /usr/bin/cmake --build /home/teehee/ros2_ws/build/exersice_2_2 -- -j4 -l4
[0.220s] Invoked command in '/home/teehee/ros2_ws/build/exersice_2_2' returned '0': CMAKE_PREFIX_PATH=${CMAKE_PREFIX_PATH}:/home/teehee/ros2_ws/install/tf2_pkg:/home/teehee/ros2_ws/install/labs_pkg:/home/teehee/ros2_ws/install/labex6:/home/teehee/ros2_ws/install/lab_exam2_pkg:/home/teehee/ros2_ws/install/example_pkg:/opt/ros/humble /usr/bin/cmake --build /home/teehee/ros2_ws/build/exersice_2_2 -- -j4 -l4
[0.256s] Invoking command in '/home/teehee/ros2_ws/build/exersice_2_2': CMAKE_PREFIX_PATH=${CMAKE_PREFIX_PATH}:/home/teehee/ros2_ws/install/tf2_pkg:/home/teehee/ros2_ws/install/labs_pkg:/home/teehee/ros2_ws/install/labex6:/home/teehee/ros2_ws/install/lab_exam2_pkg:/home/teehee/ros2_ws/install/example_pkg:/opt/ros/humble /usr/bin/cmake --install /home/teehee/ros2_ws/build/exersice_2_2
[0.261s] -- Install configuration: ""
[0.261s] -- Execute custom install script
[0.262s] -- Up-to-date symlink: /home/teehee/ros2_ws/install/exersice_2_2/share/ament_index/resource_index/package_run_dependencies/exersice_2_2
[0.262s] -- Up-to-date symlink: /home/teehee/ros2_ws/install/exersice_2_2/share/ament_index/resource_index/parent_prefix_path/exersice_2_2
[0.262s] -- Up-to-date symlink: /home/teehee/ros2_ws/install/exersice_2_2/share/exersice_2_2/environment/ament_prefix_path.sh
[0.262s] -- Up-to-date symlink: /home/teehee/ros2_ws/install/exersice_2_2/share/exersice_2_2/environment/ament_prefix_path.dsv
[0.263s] -- Up-to-date symlink: /home/teehee/ros2_ws/install/exersice_2_2/share/exersice_2_2/environment/path.sh
[0.263s] -- Up-to-date symlink: /home/teehee/ros2_ws/install/exersice_2_2/share/exersice_2_2/environment/path.dsv
[0.263s] -- Up-to-date symlink: /home/teehee/ros2_ws/install/exersice_2_2/share/exersice_2_2/local_setup.bash
[0.263s] -- Up-to-date symlink: /home/teehee/ros2_ws/install/exersice_2_2/share/exersice_2_2/local_setup.sh
[0.263s] -- Up-to-date symlink: /home/teehee/ros2_ws/install/exersice_2_2/share/exersice_2_2/local_setup.zsh
[0.263s] -- Up-to-date symlink: /home/teehee/ros2_ws/install/exersice_2_2/share/exersice_2_2/local_setup.dsv
[0.264s] -- Symlinking: /home/teehee/ros2_ws/install/exersice_2_2/share/exersice_2_2/package.dsv
[0.268s] -- Up-to-date symlink: /home/teehee/ros2_ws/install/exersice_2_2/share/ament_index/resource_index/packages/exersice_2_2
[0.268s] -- Up-to-date symlink: /home/teehee/ros2_ws/install/exersice_2_2/share/exersice_2_2/cmake/exersice_2_2Config.cmake
[0.269s] -- Up-to-date symlink: /home/teehee/ros2_ws/install/exersice_2_2/share/exersice_2_2/cmake/exersice_2_2Config-version.cmake
[0.270s] -- Up-to-date symlink: /home/teehee/ros2_ws/install/exersice_2_2/share/exersice_2_2/package.xml
[0.271s] -- Up-to-date symlink: /home/teehee/ros2_ws/install/exersice_2_2/share/exersice_2_2/description/colors.xacro
[0.273s] -- Up-to-date symlink: /home/teehee/ros2_ws/install/exersice_2_2/share/exersice_2_2/description/exercise_2_2.urdf.xacro
[0.276s] -- Up-to-date symlink: /home/teehee/ros2_ws/install/exersice_2_2/share/exersice_2_2/description/inertial.xacro
[0.277s] -- Up-to-date symlink: /home/teehee/ros2_ws/install/exersice_2_2/share/exersice_2_2/launch/rsp.launch.py
[0.277s] Invoked command in '/home/teehee/ros2_ws/build/exersice_2_2' returned '0': CMAKE_PREFIX_PATH=${CMAKE_PREFIX_PATH}:/home/teehee/ros2_ws/install/tf2_pkg:/home/teehee/ros2_ws/install/labs_pkg:/home/teehee/ros2_ws/install/labex6:/home/teehee/ros2_ws/install/lab_exam2_pkg:/home/teehee/ros2_ws/install/example_pkg:/opt/ros/humble /usr/bin/cmake --install /home/teehee/ros2_ws/build/exersice_2_2
