[0.032s] Invoking command in '/home/teehee/ros2_ws/build/exersice_2_2': CMAKE_PREFIX_PATH=${CMAKE_PREFIX_PATH}:/home/teehee/ros2_ws/install/tf2_pkg:/home/teehee/ros2_ws/install/labs_pkg:/home/teehee/ros2_ws/install/labex6:/home/teehee/ros2_ws/install/lab_exam2_pkg:/home/teehee/ros2_ws/install/example_pkg:/opt/ros/humble /usr/bin/cmake /home/teehee/ros2_ws/src/exersice_2_2 -DAMENT_CMAKE_SYMLINK_INSTALL=1 -DCMAKE_INSTALL_PREFIX=/home/teehee/ros2_ws/install/exersice_2_2
[0.070s] -- The C compiler identification is GNU 11.4.0
[0.104s] -- The CXX compiler identification is GNU 11.4.0
[0.109s] -- Detecting C compiler ABI info
[0.175s] -- Detecting C compiler ABI info - done
[0.178s] -- Check for working C compiler: /usr/bin/cc - skipped
[0.179s] -- Detecting C compile features
[0.179s] -- Detecting C compile features - done
[0.180s] -- Detecting CXX compiler ABI info
[0.242s] -- Detecting CXX compiler ABI info - done
[0.245s] -- Check for working CXX compiler: /usr/bin/c++ - skipped
[0.245s] -- Detecting CXX compile features
[0.245s] -- Detecting CXX compile features - done
[0.246s] -- Found ament_cmake: 1.3.6 (/opt/ros/humble/share/ament_cmake/cmake)
[0.352s] -- Found Python3: /usr/bin/python3.10 (found version "3.10.12") found components: Interpreter 
[0.387s] -- Override CMake install command with custom implementation using symlinks instead of copying resources
[0.403s] -- Found ament_lint_auto: 0.12.9 (/opt/ros/humble/share/ament_lint_auto/cmake)
[0.454s] -- Added test 'flake8' to check Python code syntax and style conventions
[0.454s] -- Added test 'lint_cmake' to check CMake code style
[0.455s] -- Added test 'pep257' to check Python code against some of the docstring style conventions in PEP 257
[0.456s] -- Added test 'xmllint' to check XML markup files
[0.457s] -- Configuring done
[0.460s] -- Generating done
[0.460s] -- Build files have been written to: /home/teehee/ros2_ws/build/exersice_2_2
[0.463s] Invoked command in '/home/teehee/ros2_ws/build/exersice_2_2' returned '0': CMAKE_PREFIX_PATH=${CMAKE_PREFIX_PATH}:/home/teehee/ros2_ws/install/tf2_pkg:/home/teehee/ros2_ws/install/labs_pkg:/home/teehee/ros2_ws/install/labex6:/home/teehee/ros2_ws/install/lab_exam2_pkg:/home/teehee/ros2_ws/install/example_pkg:/opt/ros/humble /usr/bin/cmake /home/teehee/ros2_ws/src/exersice_2_2 -DAMENT_CMAKE_SYMLINK_INSTALL=1 -DCMAKE_INSTALL_PREFIX=/home/teehee/ros2_ws/install/exersice_2_2
[0.463s] Invoking command in '/home/teehee/ros2_ws/build/exersice_2_2': CMAKE_PREFIX_PATH=${CMAKE_PREFIX_PATH}:/home/teehee/ros2_ws/install/tf2_pkg:/home/teehee/ros2_ws/install/labs_pkg:/home/teehee/ros2_ws/install/labex6:/home/teehee/ros2_ws/install/lab_exam2_pkg:/home/teehee/ros2_ws/install/example_pkg:/opt/ros/humble /usr/bin/cmake --build /home/teehee/ros2_ws/build/exersice_2_2 -- -j4 -l4
[0.489s] Invoked command in '/home/teehee/ros2_ws/build/exersice_2_2' returned '0': CMAKE_PREFIX_PATH=${CMAKE_PREFIX_PATH}:/home/teehee/ros2_ws/install/tf2_pkg:/home/teehee/ros2_ws/install/labs_pkg:/home/teehee/ros2_ws/install/labex6:/home/teehee/ros2_ws/install/lab_exam2_pkg:/home/teehee/ros2_ws/install/example_pkg:/opt/ros/humble /usr/bin/cmake --build /home/teehee/ros2_ws/build/exersice_2_2 -- -j4 -l4
[0.518s] Invoking command in '/home/teehee/ros2_ws/build/exersice_2_2': CMAKE_PREFIX_PATH=${CMAKE_PREFIX_PATH}:/home/teehee/ros2_ws/install/tf2_pkg:/home/teehee/ros2_ws/install/labs_pkg:/home/teehee/ros2_ws/install/labex6:/home/teehee/ros2_ws/install/lab_exam2_pkg:/home/teehee/ros2_ws/install/example_pkg:/opt/ros/humble /usr/bin/cmake --install /home/teehee/ros2_ws/build/exersice_2_2
[0.523s] -- Install configuration: ""
[0.523s] -- Execute custom install script
[0.524s] -- Symlinking: /home/teehee/ros2_ws/install/exersice_2_2/share/ament_index/resource_index/package_run_dependencies/exersice_2_2
[0.536s] -- Symlinking: /home/teehee/ros2_ws/install/exersice_2_2/share/ament_index/resource_index/parent_prefix_path/exersice_2_2
[0.542s] -- Symlinking: /home/teehee/ros2_ws/install/exersice_2_2/share/exersice_2_2/environment/ament_prefix_path.sh
[0.548s] -- Symlinking: /home/teehee/ros2_ws/install/exersice_2_2/share/exersice_2_2/environment/ament_prefix_path.dsv
[0.553s] -- Symlinking: /home/teehee/ros2_ws/install/exersice_2_2/share/exersice_2_2/environment/path.sh
[0.559s] -- Symlinking: /home/teehee/ros2_ws/install/exersice_2_2/share/exersice_2_2/environment/path.dsv
[0.564s] -- Symlinking: /home/teehee/ros2_ws/install/exersice_2_2/share/exersice_2_2/local_setup.bash
[0.570s] -- Symlinking: /home/teehee/ros2_ws/install/exersice_2_2/share/exersice_2_2/local_setup.sh
[0.576s] -- Symlinking: /home/teehee/ros2_ws/install/exersice_2_2/share/exersice_2_2/local_setup.zsh
[0.582s] -- Symlinking: /home/teehee/ros2_ws/install/exersice_2_2/share/exersice_2_2/local_setup.dsv
[0.587s] -- Symlinking: /home/teehee/ros2_ws/install/exersice_2_2/share/exersice_2_2/package.dsv
[0.593s] -- Symlinking: /home/teehee/ros2_ws/install/exersice_2_2/share/ament_index/resource_index/packages/exersice_2_2
[0.599s] -- Symlinking: /home/teehee/ros2_ws/install/exersice_2_2/share/exersice_2_2/cmake/exersice_2_2Config.cmake
[0.614s] -- Symlinking: /home/teehee/ros2_ws/install/exersice_2_2/share/exersice_2_2/cmake/exersice_2_2Config-version.cmake
[0.620s] -- Symlinking: /home/teehee/ros2_ws/install/exersice_2_2/share/exersice_2_2/package.xml
[0.626s] -- Symlinking: /home/teehee/ros2_ws/install/exersice_2_2/share/exersice_2_2/description/colors.xacro
[0.637s] -- Symlinking: /home/teehee/ros2_ws/install/exersice_2_2/share/exersice_2_2/description/exercise_2_1.urdf.xacro
[0.643s] -- Symlinking: /home/teehee/ros2_ws/install/exersice_2_2/share/exersice_2_2/description/inertial.xacro
[0.649s] -- Symlinking: /home/teehee/ros2_ws/install/exersice_2_2/share/exersice_2_2/launch/rsp.launch.py
[0.658s] Invoked command in '/home/teehee/ros2_ws/build/exersice_2_2' returned '0': CMAKE_PREFIX_PATH=${CMAKE_PREFIX_PATH}:/home/teehee/ros2_ws/install/tf2_pkg:/home/teehee/ros2_ws/install/labs_pkg:/home/teehee/ros2_ws/install/labex6:/home/teehee/ros2_ws/install/lab_exam2_pkg:/home/teehee/ros2_ws/install/example_pkg:/opt/ros/humble /usr/bin/cmake --install /home/teehee/ros2_ws/build/exersice_2_2
