[0.035s] Invoking command in '/home/teehee/ros2_ws/build/urdf_example': CMAKE_PREFIX_PATH=${CMAKE_PREFIX_PATH}:/home/teehee/ros2_ws/install/tf2_pkg:/home/teehee/ros2_ws/install/labs_pkg:/home/teehee/ros2_ws/install/labex6:/home/teehee/ros2_ws/install/lab_exam2_pkg:/home/teehee/ros2_ws/install/example_pkg:/opt/ros/humble /usr/bin/cmake --build /home/teehee/ros2_ws/build/urdf_example -- -j4 -l4
[0.062s] Invoked command in '/home/teehee/ros2_ws/build/urdf_example' returned '0': CMAKE_PREFIX_PATH=${CMAKE_PREFIX_PATH}:/home/teehee/ros2_ws/install/tf2_pkg:/home/teehee/ros2_ws/install/labs_pkg:/home/teehee/ros2_ws/install/labex6:/home/teehee/ros2_ws/install/lab_exam2_pkg:/home/teehee/ros2_ws/install/example_pkg:/opt/ros/humble /usr/bin/cmake --build /home/teehee/ros2_ws/build/urdf_example -- -j4 -l4
[0.092s] Invoking command in '/home/teehee/ros2_ws/build/urdf_example': CMAKE_PREFIX_PATH=${CMAKE_PREFIX_PATH}:/home/teehee/ros2_ws/install/tf2_pkg:/home/teehee/ros2_ws/install/labs_pkg:/home/teehee/ros2_ws/install/labex6:/home/teehee/ros2_ws/install/lab_exam2_pkg:/home/teehee/ros2_ws/install/example_pkg:/opt/ros/humble /usr/bin/cmake --install /home/teehee/ros2_ws/build/urdf_example
[0.097s] -- Install configuration: ""
[0.097s] -- Execute custom install script
[0.097s] -- Up-to-date symlink: /home/teehee/ros2_ws/install/urdf_example/share/ament_index/resource_index/package_run_dependencies/urdf_example
[0.097s] -- Up-to-date symlink: /home/teehee/ros2_ws/install/urdf_example/share/ament_index/resource_index/parent_prefix_path/urdf_example
[0.097s] -- Up-to-date symlink: /home/teehee/ros2_ws/install/urdf_example/share/urdf_example/environment/ament_prefix_path.sh
[0.098s] -- Up-to-date symlink: /home/teehee/ros2_ws/install/urdf_example/share/urdf_example/environment/ament_prefix_path.dsv
[0.098s] -- Up-to-date symlink: /home/teehee/ros2_ws/install/urdf_example/share/urdf_example/environment/path.sh
[0.098s] -- Up-to-date symlink: /home/teehee/ros2_ws/install/urdf_example/share/urdf_example/environment/path.dsv
[0.098s] -- Up-to-date symlink: /home/teehee/ros2_ws/install/urdf_example/share/urdf_example/local_setup.bash
[0.098s] -- Up-to-date symlink: /home/teehee/ros2_ws/install/urdf_example/share/urdf_example/local_setup.sh
[0.098s] -- Up-to-date symlink: /home/teehee/ros2_ws/install/urdf_example/share/urdf_example/local_setup.zsh
[0.098s] -- Up-to-date symlink: /home/teehee/ros2_ws/install/urdf_example/share/urdf_example/local_setup.dsv
[0.098s] -- Symlinking: /home/teehee/ros2_ws/install/urdf_example/share/urdf_example/package.dsv
[0.104s] -- Up-to-date symlink: /home/teehee/ros2_ws/install/urdf_example/share/ament_index/resource_index/packages/urdf_example
[0.104s] -- Up-to-date symlink: /home/teehee/ros2_ws/install/urdf_example/share/urdf_example/cmake/urdf_exampleConfig.cmake
[0.104s] -- Up-to-date symlink: /home/teehee/ros2_ws/install/urdf_example/share/urdf_example/cmake/urdf_exampleConfig-version.cmake
[0.105s] -- Up-to-date symlink: /home/teehee/ros2_ws/install/urdf_example/share/urdf_example/package.xml
[0.106s] -- Up-to-date symlink: /home/teehee/ros2_ws/install/urdf_example/share/urdf_example/description/example_include.xacro
[0.113s] -- Up-to-date symlink: /home/teehee/ros2_ws/install/urdf_example/share/urdf_example/description/example_robot.urdf.xacro
[0.113s] -- Up-to-date symlink: /home/teehee/ros2_ws/install/urdf_example/share/urdf_example/launch/rsp.launch.py
[0.114s] Invoked command in '/home/teehee/ros2_ws/build/urdf_example' returned '0': CMAKE_PREFIX_PATH=${CMAKE_PREFIX_PATH}:/home/teehee/ros2_ws/install/tf2_pkg:/home/teehee/ros2_ws/install/labs_pkg:/home/teehee/ros2_ws/install/labex6:/home/teehee/ros2_ws/install/lab_exam2_pkg:/home/teehee/ros2_ws/install/example_pkg:/opt/ros/humble /usr/bin/cmake --install /home/teehee/ros2_ws/build/urdf_example
