[0.688s] Invoking command in '/home/teehee/ros2_ws/build/lab_exam2_pkg': PYTHONPATH=/home/teehee/ros2_ws/build/lab_exam2_pkg/prefix_override:/home/teehee/ros2_ws/install/lab_exam2_pkg/lib/python3.10/site-packages:${PYTHONPATH} /usr/bin/python3 setup.py develop --editable --build-directory /home/teehee/ros2_ws/build/lab_exam2_pkg/build --no-deps install_data
[0.902s] running develop
[0.902s] /usr/lib/python3/dist-packages/setuptools/command/easy_install.py:158: EasyInstallDeprecationWarning: easy_install command is deprecated. Use build and pip and other standards-based tools.
[0.902s]   warnings.warn(
[0.903s] /usr/lib/python3/dist-packages/setuptools/command/install.py:34: SetuptoolsDeprecationWarning: setup.py install is deprecated. Use build and pip and other standards-based tools.
[0.903s]   warnings.warn(
[1.038s] running egg_info
[1.038s] writing lab_exam2_pkg.egg-info/PKG-INFO
[1.038s] writing dependency_links to lab_exam2_pkg.egg-info/dependency_links.txt
[1.038s] writing entry points to lab_exam2_pkg.egg-info/entry_points.txt
[1.039s] writing requirements to lab_exam2_pkg.egg-info/requires.txt
[1.039s] writing top-level names to lab_exam2_pkg.egg-info/top_level.txt
[1.041s] reading manifest file 'lab_exam2_pkg.egg-info/SOURCES.txt'
[1.042s] writing manifest file 'lab_exam2_pkg.egg-info/SOURCES.txt'
[1.044s] running build_ext
[1.052s] Creating /home/teehee/ros2_ws/install/lab_exam2_pkg/lib/python3.10/site-packages/lab-exam2-pkg.egg-link (link to .)
[1.052s] Installing movefile script to /home/teehee/ros2_ws/install/lab_exam2_pkg/lib/lab_exam2_pkg
[1.053s] Installing turtlesim_scan script to /home/teehee/ros2_ws/install/lab_exam2_pkg/lib/lab_exam2_pkg
[1.053s] 
[1.053s] Installed /home/teehee/ros2_ws/build/lab_exam2_pkg
[1.054s] running install_data
[1.054s] copying package.xml -> /home/teehee/ros2_ws/install/lab_exam2_pkg/share/lab_exam2_pkg
[1.099s] Invoked command in '/home/teehee/ros2_ws/build/lab_exam2_pkg' returned '0': PYTHONPATH=/home/teehee/ros2_ws/build/lab_exam2_pkg/prefix_override:/home/teehee/ros2_ws/install/lab_exam2_pkg/lib/python3.10/site-packages:${PYTHONPATH} /usr/bin/python3 setup.py develop --editable --build-directory /home/teehee/ros2_ws/build/lab_exam2_pkg/build --no-deps install_data
